<?xml version="1.0" standalone="no"?>
<!-- State output file for the DCT growth modeling-->
<SimState>
   <Matrix name="radiiHistory" type="complete" rows="3" columns="10000" multiplier="1.0">
   2 2 2 2 2 2 2 2 2 2 2 2 2 2 2 2 2 2 2 2 2 2 2 2 2 2 2 2 2 2 2 2 2 2 2 2 2 2 2 2 2 2 2 2 2 2 2 2 2 2 2 2 2 2 2 2 2 2 2 2 2 2 2 2 2 2 2 2 2 2 2 2 2 2 2 2 2 2 2 2 2 2 2 2 2 2 2 2 2 2 2 2 2 2 2 2 2 2 2 2 2 2 2 2 2 2 2 2 2 2 2 2 2 2 2 2 2 2 2 2 2 2 2 2 2 2 2 2 2 2 2 2 2 2 2 2 2 2 2 2 2 2 2 2 2 2 2 2 2 2 2 2 2 2 2 2 2 2 2 2 2 2 2 2 2 2 2 2 2 2 2 2 2 2 2 2 2 2 2 2 2 2 2 2 2 2 2 2 2 2 2 2 2 2 2 2 2 2 2 2 2 2 2 2 2 2 2 2 2 2 2 2 2 2 2 2 2 2 2 2 2 2 2 2 2 2 2 2 2 2 2 2 2 2 2 2 2 2 2 2 2 2 2 2 2 2 2 2 2 2 2 2 2 2 2 2 2 2 2 2 2 2 2 2 2 2 2 2 2 2 2 2 2 2 2 2 2 2 2 2 2 2 2 2 2 2 2 2 2 2 2 2 2 2 2 2 2 2 2 2 2 2 2 2 2 2 2 2 2 2 2 2 2 2 2 2 2 2 2 2 2 2 2 2 2 2 2 2 2 2 2 2 2 2 2 2 2 2 2 2 2 2 2 2 2 2 2 2 2 2 2 2 2 2 2 2 2 2 2 2 2 2 2 2 2 2 2 2 2 2 2 2 2 2 2 2 2 2 2 2 2 2 2 2 2 2 2 2 2 2 2 2 2 2 2 2 2 2 2 2 2 2 2 2 2 2 2 2 2 2 2 2 2 2 2 2 2 2 2 2 2 2 2 2 2 2 2 2 2 2 2 2 2 2 2 2 2 2 2 2 2 2 2 2 2 2 2 2 2 2 2 2 2 2 2 2 2 2 2 2 2 2 2 2 2 2 2 2 2 2 2 2 2 2 2 2 2 2 2 2 2 2 2 2 2 2 2 2 2 2 2 2 2 2 2 2 2 2 2 2 2 2 2 2 2 2 2 2 2 2 2 2 2 2 2 2 2 2 2 2 2 2 2 2 2 2 2 2 2 2 2 2 2 2 2 2 2 2 2 2 2 2 2 2 2 2 2 2 2 2 2 2 2 2 2 2 2 2 2 2 2 2 2 2 2 2 2 2 2 2 2 2 2 2 2 2 2 2 2 2 2 2 2 2 2 2 2 2 2 2 2 2 2 2 2 2 2 2 2 2 2 2 2 2 2 2 2 2 2 2 2 2 2 2 2 2 2 2 2 2 2 2 2 2 2 2 2 2 2 2 2 2 2 2 2 2 2 2 2 2 2 2 2 2 2 2 2 2 2 2 2 2 2 2 2 2 2 2 2 2 2 2 2 2 2 2 2 2 2 2 2 2 2 2 2 2 2 2 2 2 2 2 2 2 2 2 2 2 2 2 2 2 2 2 2 2 2 2 2 2 2 2 2 2 2 2 2 2 2 2 2 2 2 2 2 2 2 2 2 2 2 2 2 2 2 2 2 2 2 2 2 2 2 2 2 2 2 2 2 2 2 2 2 2 2 2 2 2 2 2 2 2 2 2 2 2 2 2 2 2 2 2 2 2 2 2 2 2 2 2 2 2 2 2 2 2 2 2 2 2 2 2 2 2 2 2 2 2 2 2 2 2 2 2 2 2 2 2 2 2 2 2 2 2 2 2 2 2 2 2 2 2 2 2 2 2 2 2 2 2 2 2 2 2 2 2 2 2 2 2 2 2 2 2 2 2 2 2 2 2 2 2 2 2 2 2 2 2 2 2 2 2 2 2 2 2 2 2 2 2 2 2 2 2 2 2 2 2 2 2 2 2 2 2 2 2 2 2 2 2 2 2 2 2 2 2 2 2 2 2 2 2 2 2 2 2 2 2 2 2 2 2 2 2 2 2 2 2 2 2 2 2 2 2 2 2 2 2 2 2 2 2 2 2 2 2 2 2 2 2 2 2 2 2 2 2 2 2 2 2 2 2 2 2 2 2 2 2 2 2 2 2 2 2 2 2 2 2 2 2 2 2 2 2 2 2 2 2 2 2 2 2 2 2 2 2 2 2 2 2 2 2 2 2 2 2 2 2 2 2 2 2 2 2 2 2 2 2 2 2 2 2 2 2 2 2 2 2 2 2 2 2 2 2 2 2 2 2 2 2 2 2 2 2 2 2 2 2 2 2 2 2 2 2 2 2 2 2 2 2 2 2 2 2 2 2 2 2 2 2 2 2 2 2 2 2 2 2 2 2 2 2 2 2 2 2 2 2 2 2 2 2 2 2 2 2 2 2 2 2 2 2 2 2 2 2 2 2 2 2 2 2 2 2 2 2 2 2 2 2 2 2 2 2 2 2 2 2 2 2 2 2 2 2 2 2 2 2 2 2 2 2 2 2 2 2 2 2 2 2 2 2 2 2 2 2 2 2 2 2 2 2 2 2 2 2 2 2 2 2 2 2 2 2 2 2 2 2 2 2 2 2 2 2 2 2 2 2 2 2 2 2 2 2 2 2 2 2 2 2 2 2 2 2 2 2 2 2 2 2 2 2 2 2 2 2 2 2 2 2 2 2 2 2 2 2 2 2 2 2 2 2 2 2 2 2 2 2 2 2 2 2 2 2 2 2 2 2 2 2 2 2 2 2 2 2 2 2 2 2 2 2 2 2 2 2 2 2 2 2 2 2 2 2 2 2 2 2 2 2 2 2 2 2 2 2 2 2 2 2 2 2 2 2 2 2 2 2 2 2 2 2 2 2 2 2 2 2 2 2 2 2 2 2 2 2 2 2 2 2 2 2 2 2 2 2 2 2 2 2 2 2 2 2 2 2 2 2 2 2 2 2 2 2 2 2 2 2 2 2 2 2 2 2 2 2 2 2 2 2 2 2 2 2 2 2 2 2 2 2 2 2 2 2 2 2 2 2 2 2 2 2 2 2 2 2 2 2 2 2 2 2 2 2 2 2 2 2 2 2 2 2 2 2 2 2 2 2 2 2 2 2 2 2 2 2 2 2 2 2 2 2 2 2 2 2 2 2 2 2 2 2 2 2 2 2 2 2 2 2 2 2 2 2 2 2 2 2 2 2 2 2 2 2 2 2 2 2 2 2 2 2 2 2 2 2 2 2 2 2 2 2 2 2 2 2 2 2 2 2 2 2 2 2 2 2 2 2 2 2 2 2 2 2 2 2 2 2 2 2 2 2 2 2 2 2 2 2 2 2 2 2 2 2 2 2 2 2 2 2 2 2 2 2 2 2 2 2 2 2 2 2 2 2 2 2 2 2 2 2 2 2 2 2 2 2 2 2 2 2 2 2 2 2 2 2 2 2 2 2 2 2 2 2 2 2 2 2 2 2 2 2 2 2 2 2 2 2 2 2 2 2 2 2 2 2 2 2 2 2 2 2 2 2 2 2 2 2 2 2 2 2 2 2 2 2 2 2 2 2 2 2 2 2 2 2 2 2 2 2 2 2 2 2 2 2 2 2 2 2 2 2 2 2 2 2 2 2 2 2 2 2 2 2 2 2 2 2 2 2 2 2 2 2 2 2 2 2 2 2 2 2 2 2 2 2 2 2 2 2 2 2 2 2 2 2 2 2 2 2 2 2 2 2 2 2 2 2 2 2 2 2 2 2 2 2 2 2 2 2 2 2 2 2 2 2 2 2 2 2 2 2 2 2 2 2 2 2 2 2 2 2 2 2 2 2 2 2 2 2 2 2 2 2 2 2 2 2 2 2 2 2 2 2 2 2 2 2 2 2 2 2 2 2 2 2 2 2 2 2 2 2 2 2 2 2 2 2 2 2 2 2 2 2 2 2 2 2 2 2 2 2 2 2 2 2 2 2 2 2 2 2 2 2 2 2 2 2 2 2 2 2 2 2 2 2 2 2 2 2 2 2 2 2 2 2 2 2 2 2 2 2 2 2 2 2 2 2 2 2 2 2 2 2 2 2 2 2 2 2 2 2 2 2 2 2 2 2 2 2 2 2 2 2 2 2 2 2 2 2 2 2 2 2 2 2 2 2 2 2 2 2 2 2 2 2 2 2 2 2 2 2 2 2 2 2 2 2 2 2 2 2 2 2 2 2 2 2 2 2 2 2 2 2 2 2 2 2 2 2 2 2 2 2 2 2 2 2 2 2 2 2 2 2 2 2 2 2 2 2 2 2 2 2 2 2 2 2 2 2 2 2 2 2 2 2 2 2 2 2 2 2 2 2 2 2 2 2 2 2 2 2 2 2 2 2 2 2 2 2 2 2 2 2 2 2 2 2 2 2 2 2 2 2 2 2 2 2 2 2 2 2 2 2 2 2 2 2 2 2 2 2 2 2 2 2 2 2 2 2 2 2 2 2 2 2 2 2 2 2 2 2 2 2 2 2 2 2 2 2 2 2 2 2 2 2 2 2 2 2 2 2 2 2 2 2 2 2 2 2 2 2 2 2 2 2 2 2 2 2 2 2 2 2 2 2 2 2 2 2 2 2 2 2 2 2 2 2 2 2 2 2 2 2 2 2 2 2 2 2 2 2 2 2 2 2 2 2 2 2 2 2 2 2 2 2 2 2 2 2 2 2 2 2 2 2 2 2 2 2 2 2 2 2 2 2 2 2 2 2 2 2 2 2 2 2 2 2 2 2 2 2 2 2 2 2 2 2 2 2 2 2 2 2 2 2 2 2 2 2 2 2 2 2 2 2 2 2 2 2 2 2 2 2 2 2 2 2 2 2 2 2 2 2 2 2 2 2 2 2 2 2 2 2 2 2 2 2 2 2 2 2 2 2 2 2 2 2 2 2 2 2 2 2 2 2 2 2 2 2 2 2 2 2 2 2 2 2 2 2 2 2 2 2 2 2 2 2 2 2 2 2 2 2 2 2 2 2 2 2 2 2 2 2 2 2 2 2 2 2 2 2 2 2 2 2 2 2 2 2 2 2 2 2 2 2 2 2 2 2 2 2 2 2 2 2 2 2 2 2 2 2 2 2 2 2 2 2 2 2 2 2 2 2 2 2 2 2 2 2 2 2 2 2 2 2 2 2 2 2 2 2 2 2 2 2 2 2 2 2 2 2 2 2 2 2 2 2 2 2 2 2 2 2 2 2 2 2 2 2 2 2 2 2 2 2 2 2 2 2 2 2 2 2 2 2 2 2 2 2 2 2 2 2 2 2 2 2 2 2 2 2 2 2 2 2 2 2 2 2 2 2 2 2 2 2 2 2 2 2 2 2 2 2 2 2 2 2 2 2 2 2 2 2 2 2 2 2 2 2 2 2 2 2 2 2 2 2 2 2 2 2 2 2 2 2 2 2 2 2 2 2 2 2 2 2 2 2 2 2 2 2 2 2 2 2 2 2 2 2 2 2 2 2 2 2 2 2 2 2 2 2 2 2 2 2 2 2 2 2 2 2 2 2 2 2 2 2 2 2 2 2 2 2 2 2 2 2 2 2 2 2 2 2 2 2 2 2 2 2 2 2 2 2 2 2 2 2 2 2 2 2 2 2 2 2 2 2 2 2 2 2 2 2 2 2 2 2 2 2 2 2 2 2 2 2 2 2 2 2 2 2 2 2 2 2 2 2 2 2 2 2 2 2 2 2 2 2 2 2 2 2 2 2 2 2 2 2 2 2 2 2 2 2 2 2 2 2 2 2 2 2 2 2 2 2 2 2 2 2 2 2 2 2 2 2 2 2 2 2 2 2 2 2 2 2 2 2 2 2 2 2 2 2 2 2 2 2 2 2 2 2 2 2 2 2 2 2 2 2 2 2 2 2 2 2 2 2 2 2 2 2 2 2 2 2 2 2 2 2 2 2 2 2 2 2 2 2 2 2 2 2 2 2 2 2 2 2 2 2 2 2 2 2 2 2 2 2 2 2 2 2 2 2 2 2 2 2 2 2 2 2 2 2 2 2 2 2 2 2 2 2 2 2 2 2 2 2 2 2 2 2 2 2 2 2 2 2 2 2 2 2 2 2 2 2 2 2 2 2 2 2 2 2 2 2 2 2 2 2 2 2 2 2 2 2 2 2 2 2 2 2 2 2 2 2 2 2 2 2 2 2 2 2 2 2 2 2 2 2 2 2 2 2 2 2 2 2 2 2 2 2 2 2 2 2 2 2 2 2 2 2 2 2 2 2 2 2 2 2 2 2 2 2 2 2 2 2 2 2 2 2 2 2 2 2 2 2 2 2 2 2 2 2 2 2 2 2 2 2 2 2 2 2 2 2 2 2 2 2 2 2 2 2 2 2 2 2 2 2 2 2 2 2 2 2 2 2 2 2 2 2 2 2 2 2 2 2 2 2 2 2 2 2 2 2 2 2 2 2 2 2 2 2 2 2 2 2 2 2 2 2 2 2 2 2 2 2 2 2 2 2 2 2 2 2 2 2 2 2 2 2 2 2 2 2 2 2 2 2 2 2 2 2 2 2 2 2 2 2 2 2 2 2 2 2 2 2 2 2 2 2 2 2 2 2 2 2 2 2 2 2 2 2 2 2 2 2 2 2 2 2 2 2 2 2 2 2 2 2 2 2 2 2 2 2 2 2 2 2 2 2 2 2 2 2 2 2 2 2 2 2 2 2 2 2 2 2 2 2 2 2 2 2 2 2 2 2 2 2 2 2 2 2 2 2 2 2 2 2 2 2 2 2 2 2 2 2 2 2 2 2 2 2 2 2 2 2 2 2 2 2 2 2 2 2 2 2 2 2 2 2 2 2 2 2 2 2 2 2 2 2 2 2 2 2 2 2 2 2 2 2 2 2 2 2 2 2 2 2 2 2 2 2 2 2 2 2 2 2 2 2 2 2 2 2 2 2 2 2 2 2 2 2 2 2 2 2 2 2 2 2 2 2 2 2 2 2 2 2 2 2 2 2 2 2 2 2 2 2 2 2 2 2 2 2 2 2 2 2 2 2 2 2 2 2 2 2 2 2 2 2 2 2 2 2 2 2 2 2 2 2 2 2 2 2 2 2 2 2 2 2 2 2 2 2 2 2 2 2 2 2 2 2 2 2 2 2 2 2 2 2 2 2 2 2 2 2 2 2 2 2 2 2 2 2 2 2 2 2 2 2 2 2 2 2 2 2 2 2 2 2 2 2 2 2 2 2 2 2 2 2 2 2 2 2 2 2 2 2 2 2 2 2 2 2 2 2 2 2 2 2 2 2 2 2 2 2 2 2 2 2 2 2 2 2 2 2 2 2 2 2 2 2 2 2 2 2 2 2 2 2 2 2 2 2 2 2 2 2 2 2 2 2 2 2 2 2 2 2 2 2 2 2 2 2 2 2 2 2 2 2 2 2 2 2 2 2 2 2 2 2 2 2 2 2 2 2 2 2 2 2 2 2 2 2 2 2 2 2 2 2 2 2 2 2 2 2 2 2 2 2 2 2 2 2 2 2 2 2 2 2 2 2 2 2 2 2 2 2 2 2 2 2 2 2 2 2 2 2 2 2 2 2 2 2 2 2 2 2 2 2 2 2 2 2 2 2 2 2 2 2 2 2 2 2 2 2 2 2 2 2 2 2 2 2 2 2 2 2 2 2 2 2 2 2 2 2 2 2 2 2 2 2 2 2 2 2 2 2 2 2 2 2 2 2 2 2 2 2 2 2 2 2 2 2 2 2 2 2 2 2 2 2 2 2 2 2 2 2 2 2 2 2 2 2 2 2 2 2 2 2 2 2 2 2 2 2 2 2 2 2 2 2 2 2 2 2 2 2 2 2 2 2 2 2 2 2 2 2 2 2 2 2 2 2 2 2 2 2 2 2 2 2 2 2 2 2 2 2 2 2 2 2 2 2 2 2 2 2 2 2 2 2 2 2 2 2 2 2 2 2 2 2 2 2 2 2 2 2 2 2 2 2 2 2 2 2 2 2 2 2 2 2 2 2 2 2 2 2 2 2 2 2 2 2 2 2 2 2 2 2 2 2 2 2 2 2 2 2 2 2 2 2 2 2 2 2 2 2 2 2 2 2 2 2 2 2 2 2 2 2 2 2 2 2 2 2 2 2 2 2 2 2 2 2 2 2 2 2 2 2 2 2 2 2 2 2 2 2 2 2 2 2 2 2 2 2 2 2 2 2 2 2 2 2 2 2 2 2 2 2 2 2 2 2 2 2 2 2 2 2 2 2 2 2 2 2 2 2 2 2 2 2 2 2 2 2 2 2 2 2 2 2 2 2 2 2 2 2 2 2 2 2 2 2 2 2 2 2 2 2 2 2 2 2 2 2 2 2 2 2 2 2 2 2 2 2 2 2 2 2 2 2 2 2 2 2 2 2 2 2 2 2 2 2 2 2 2 2 2 2 2 2 2 2 2 2 2 2 2 2 2 2 2 2 2 2 2 2 2 2 2 2 2 2 2 2 2 2 2 2 2 2 2 2 2 2 2 2 2 2 2 2 2 2 2 2 2 2 2 2 2 2 2 2 2 2 2 2 2 2 2 2 2 2 2 2 2 2 2 2 2 2 2 2 2 2 2 2 2 2 2 2 2 2 2 2 2 2 2 2 2 2 2 2 2 2 2 2 2 2 2 2 2 2 2 2 2 2 2 2 2 2 2 2 2 2 2 2 2 2 2 2 2 2 2 2 2 2 2 2 2 2 2 2 2 2 2 2 2 2 2 2 2 2 2 2 2 2 2 2 2 2 2 2 2 2 2 2 2 2 2 2 2 2 2 2 2 2 2 2 2 2 2 2 2 2 2 2 2 2 2 2 2 2 2 2 2 2 2 2 2 2 2 2 2 2 2 2 2 2 2 2 2 2 2 2 2 2 2 2 2 2 2 2 2 2 2 2 2 2 2 2 2 2 2 2 2 2 2 2 2 2 2 2 2 2 2 2 2 2 2 2 2 2 2 2 2 2 2 2 2 2 2 2 2 2 2 2 2 2 2 2 2 2 2 2 2 2 2 2 2 2 2 2 2 2 2 2 2 2 2 2 2 2 2 2 2 2 2 2 2 2 2 2 2 2 2 2 2 2 2 2 2 2 2 2 2 2 2 2 2 2 2 2 2 2 2 2 2 2 2 2 2 2 2 2 2 2 2 2 2 2 2 2 2 2 2 2 2 2 2 2 2 2 2 2 2 2 2 2 2 2 2 2 2 2 2 2 2 2 2 2 2 2 2 2 2 2 2 2 2 2 2 2 2 2 2 2 2 2 2 2 2 2 2 2 2 2 2 2 2 2 2 2 2 2 2 2 2 2 2 2 2 2 2 2 2 2 2 2 2 2 2 2 2 2 2 2 2 2 2 2 2 2 2 2 2 2 2 2 2 2 2 2 2 2 2 2 2 2 2 2 2 2 2 2 2 2 2 2 2 2 2 2 2 2 2 2 2 2 2 2 2 2 2 2 2 2 2 2 2 2 2 2 2 2 2 2 2 2 2 2 2 2 2 2 2 2 2 2 2 2 2 2 2 2 2 2 2 2 2 2 2 2 2 2 2 2 2 2 2 2 2 2 2 2 2 2 2 2 2 2 2 2 2 2 2 2 2 2 2 2 2 2 2 2 2 2 2 2 2 2 2 2 2 2 2 2 2 2 2 2 2 2 2 2 2 2 2 2 2 2 2 2 2 2 2 2 2 2 2 2 2 2 2 2 2 2 2 2 2 2 2 2 2 2 2 2 2 2 2 2 2 2 2 2 2 2 2 2 2 2 2 2 2 2 2 2 2 2 2 2 2 2 2 2 2 2 2 2 2 2 2 2 2 2 2 2 2 2 2 2 2 2 2 2 2 2 2 2 2 2 2 2 2 2 2 2 2 2 2 2 2 2 2 2 2 2 2 2 2 2 2 2 2 2 2 2 2 2 2 2 2 2 2 2 2 2 2 2 2 2 2 2 2 2 2 2 2 2 2 2 2 2 2 2 2 2 2 2 2 2 2 2 2 2 2 2 2 2 2 2 2 2 2 2 2 2 2 2 2 2 2 2 2 2 2 2 2 2 2 2 2 2 2 2 2 2 2 2 2 2 2 2 2 2 2 2 2 2 2 2 2 2 2 2 2 2 2 2 2 2 2 2 2 2 2 2 2 2 2 2 2 2 2 2 2 2 2 2 2 2 2 2 2 2 2 2 2 2 2 2 2 2 2 2 2 2 2 2 2 2 2 2 2 2 2 2 2 2 2 2 2 2 2 2 2 2 2 2 2 2 2 2 2 2 2 2 2 2 2 2 2 2 2 2 2 2 2 2 2 2 2 2 2 2 2 2 2 2 2 2 2 2 2 2 2 2 2 2 2 2 2 2 2 2 2 2 2 2 2 2 2 2 2 2 2 2 2 2 2 2 2 2 2 2 2 2 2 2 2 2 2 2 2 2 2 2 2 2 2 2 2 2 2 2 2 2 2 2 2 2 2 2 2 2 2 2 2 2 2 2 2 2 2 2 2 2 2 2 2 2 2 2 2 2 2 2 2 2 2 2 2 2 2 2 2 2 2 2 2 2 2 2 2 2 2 2 2 2 2 2 2 2 2 2 2 2 2 2 2 2 2 2 2 2 2 2 2 2 2 2 2 2 2 2 2 2 2 2 2 2 2 2 2 2 2 2 2 2 2 2 2 2 2 2 2 2 2 2 2 2 2 2 2 2 2 2 2 2 2 2 2 2 2 2 2 2 2 2 2 2 2 2 2 2 2 2 2 2 2 2 2 2 2 2 2 2 2 2 2 2 2 2 2 2 2 2 2 2 2 2 2 2 2 2 2 2 2 2 2 2 2 2 2 2 2 2 2 2 2 2 2 2 2 2 2 2 2 2 2 2 2 2 2 2 2 2 2 2 2 2 2 2 2 2 2 2 2 2 2 2 2 2 2 2 2 2 2 2 2 2 2 2 2 2 2 2 2 2 2 2 2 2 2 2 2 2 2 2 2 2 2 2 2 2 2 2 2 2 2 2 2 2 2 2 2 2 2 2 2 2 2 2 2 2 2 2 2 2 2 2 2 2 2 2 2 2 2 2 2 2 2 2 2 2 2 2 2 2 2 2 2 2 2 2 2 2 2 2 2 2 2 2 2 2 2 2 2 2 2 2 2 2 2 2 2 2 2 2 2 2 2 2 2 2 2 2 2 2 2 2 2 2 2 2 2 2 2 2 2 2 2 2 2 2 2 2 2 2 2 2 2 2 2 2 2 2 2 2 2 2 2 2 2 2 2 2 2 2 2 2 2 2 2 2 2 2 2 2 2 2 2 2 2 2 2 2 2 2 2 2 2 2 2 2 2 2 2 2 2 2 2 2 2 2 2 2 2 2 2 2 2 2 2 2 2 2 2 2 2 2 2 2 2 2 2 2 2 2 2 2 2 2 2 2 2 2 2 2 2 2 2 2 2 2 2 2 2 2 2 2 2 2 2 2 2 2 2 2 2 2 2 2 2 2 2 2 2 2 2 2 2 2 2 2 2 2 2 2 2 2 2 2 2 2 2 2 2 2 2 2 2 2 2 2 2 2 2 2 2 2 2 2 2 2 2 2 2 2 2 2 2 2 2 2 2 2 2 2 2 2 2 2 2 2 2 2 2 2 2 2 2 2 2 2 2 2 2 2 2 2 2 2 2 2 2 2 2 2 2 2 2 2 2 2 2 2 2 2 2 2 2 2 2 2 2 2 2 2 2 2 2 2 2 2 2 2 2 2 2 2 2 2 2 2 2 2 2 2 2 2 2 2 2 2 2 2 2 2 2 2 2 2 2 2 2 2 2 2 2 2 2 2 2 2 2 2 2 2 2 2 2 2 2 2 2 2 2 2 2 2 2 2 2 2 2 2 2 2 2 2 2 2 2 2 2 2 2 2 2 2 2 2 2 2 2 2 2 2 2 2 2 2 2 2 2 2 2 2 2 2 2 2 2 2 2 2 2 2 2 2 2 2 2 2 2 2 2 2 2 2 2 2 2 2 2 2 2 2 2 2 2 2 2 2 2 2 2 2 2 2 2 2 2 2 2 2 2 2 2 2 2 2 2 2 2 2 2 2 2 2 2 2 2 2 2 2 2 2 2 2 2 2 2 2 2 2 2 2 2 2 2 2 2 2 2 2 2 2 2 2 2 2 2 2 2 2 2 2 2 2 2 2 2 2 2 2 2 2 2 2 2 2 2 2 2 2 2 2 2 2 2 2 2 2 2 2 2 2 2 2 2 2 2 2 2 2 2 2 2 2 2 2 2 2 2 2 2 2 2 2 2 2 2 2 2 2 2 2 2 2 2 2 2 2 2 2 2 2 2 2 2 2 2 2 2 2 2 2 2 2 2 2 2 2 2 2 2 2 2 2 2 2 2 2 2 2 2 2 2 2 2 2 2 2 2 2 2 2 2 2 2 2 2 2 2 2 2 2 2 2 2 2 2 2 2 2 2 2 2 2 2 2 2 2 2 2 2 2 2 2 2 2 2 2 2 2 2 2 2 2 2 2 2 2 2 2 2 2 2 2 2 2 2 2 2 2 2 2 2 2 2 2 2 2 2 2 2 2 2 2 2 2 2 2 2 2 2 2 2 2 2 2 2 2 2 2 2 2 2 2 2 2 2 2 2 2 2 2 2 2 2 2 2 2 2 2 2 2 2 2 2 2 2 2 2 2 2 2 2 2 2 2 2 2 2 2 2 2 2 2 2 2 2 2 2 2 2 2 2 2 2 2 2 2 2 2 2 2 2 2 2 2 2 2 2 2 2 2 2 2 2 2 2 2 2 2 2 2 2 2 2 2 2 2 2 2 2 2 2 2 2 2 2 2 2 2 2 2 2 2 2 2 2 2 2 2 2 2 2 2 2 2 2 2 2 2 2 2 2 2 2 2 2 2 2 2 2 2 2 2 2 2 2 2 2 2 2 2 2 2 2 2 2 2 2 2 2 2 2 2 2 2 2 2 2 2 2 2 2 2 2 2 2 2 2 2 2 2 2 2 2 2 2 2 2 2 2 2 2 2 2 2 2 2 2 2 2 2 2 2 2 2 2 2 2 2 2 2 2 2 2 2 2 2 2 2 2 2 2 2 2 2 2 2 2 2 2 2 2 2 2 2 2 2 2 2 2 2 2 2 2 2 2 2 2 2 2 2 2 2 2 2 2 2 2 2 2 2 2 2 2 2 2 2 2 2 2 2 2 2 2 2 2 2 2 2 2 2 2 2 2 2 2 2 2 2 2 2 2 2 2 2 2 2 2 2 2 2 2 2 2 2 2 2 2 2 2 2 2 2 2 2 2 2 2 2 2 2 2 2 2 2 2 2 2 2 2 2 2 2 2 2 2 2 2 2 2 2 2 2 2 2 2 2 2 2 2 2 2 2 2 2 2 2 2 2 2 2 2 2 2 2 2 2 2 2 2 2 2 2 2 2 2 2 2 2 2 2 2 2 2 2 2 2 2 2 2 2 2 2 2 2 2 2 2 2 2 2 2 2 2 2 2 2 2 2 2 2 2 2 2 2 2 2 2 2 2 2 2 2 2 2 2 2 2 2 2 2 2 2 2 2 2 2 2 2 2 2 2 2 2 2 2 2 2 2 2 2 2 2 2 2 2 2 2 2 2 2 2 2 2 2 2 2 2 2 2 2 2 2 2 2 2 2 2 2 2 2 2 2 2 2 2 2 2 2 2 2 2 2 2 2 2 2 2 2 2 2 2 2 2 2 2 2 2 2 2 2 2 2 2 2 2 2 2 2 2 2 2 2 2 2 2 2 2 2 2 2 2 2 2 2 2 2 2 2 2 2 2 2 2 2 2 2 2 2 2 2 2 2 2 2 2 2 2 2 2 2 2 2 2 2 2 2 2 2 2 2 2 2 2 2 2 2 2 2 2 2 2 2 2 2 2 2 2 2 2 2 2 2 2 2 2 2 2 2 2 2 2 2 2 2 2 2 2 2 2 2 2 2 2 2 2 2 2 2 2 2 2 2 2 2 2 2 2 2 2 2 2 2 2 2 2 2 2 2 2 2 2 2 2 2 2 2 2 2 2 2 2 2 2 2 2 2 2 2 2 2 2 2 2 2 2 2 2 2 2 2 2 2 2 2 2 2 2 2 2 2 2 2 2 2 2 2 2 2 2 2 2 2 2 2 2 2 2 2 2 2 2 2 2 2 2 2 2 2 2 2 2 2 2 2 2 2 2 2 2 2 2 2 2 2 2 2 2 2 2 2 2 2 2 2 2 2 2 2 2 2 2 2 2 2 2 2 2 2 2 2 2 2 2 2 2 2 2 2 2 2 2 2 2 2 2 2 2 2 2 2 2 2 2 2 2 2 2 2 2 2 2 2 2 2 2 2 2 2 2 2 2 2 2 2 2 2 2 2 2 2 2 2 2 2 2 2 2 2 2 2 2 2 2 2 2 2 2 2 2 2 2 2 2 2 2 2 2 2 2 2 2 2 2 2 2 2 2 2 2 2 2 2 2 2 2 2 2 2 2 2 2 2 2 2 2 2 2 2 2 2 2 2 2 2 2 2 2 2 2 2 2 2 2 2 2 2 2 2 2 2 2 2 2 2 2 2 2 2 2 2 2 2 2 2 2 2 2 2 2 2 2 2 2 2 2 2 2 2 2 2 2 2 2 2 2 2 2 2 2 2 2 2 2 2 2 2 2 2 2 2 2 2 2 2 2 2 2 2 2 2 2 2 2 2 2 2 2 2 2 2 2 2 2 2 2 2 2 2 2 2 2 2 2 2 2 2 2 2 2 2 2 2 2 2 2 2 2 2 2 2 2 2 2 2 2 2 2 2 2 2 2 2 2 2 2 2 2 2 2 2 2 2 2 2 2 2 2 2 2 2 2 2 2 2 2 2 2 2 2 2 2 2 2 2 2 2 2 2 2 2 2 2 2 2 2 2 2 2 2 2 2 2 2 2 2 2 2 2 2 2 2 2 2 2 2 2 2 2 2 2 2 2 2 2 2 2 2 2 2 2 2 2 2 2 2 2 2 2 2 2 2 2 2 2 2 2 2 2 2 2 2 2 2 2 2 2 2 2 2 2 2 2 2 2 2 2 2 2 2 2 2 2 2 2 2 2 2 2 2 2 2 2 2 2 2 2 2 2 2 2 2 2 2 2 2 2 2 2 2 2 2 2 2 2 2 2 2 2 2 2 2 2 2 2 2 2 2 2 2 2 2 2 2 2 2 2 2 2 2 2 2 2 2 2 2 2 2 2 2 2 2 2 2 2 2 2 2 2 2 2 2 2 2 2 2 2 2 2 2 2 2 2 2 2 2 2 2 2 2 2 2 2 2 2 2 2 2 2 2 2 2 2 2 2 2 2 2 2 2 2 2 2 2 2 2 2 2 2 2 2 2 2 2 2 2 2 2 2 2 2 2 2 2 2 2 2 2 2 2 2 2 2 2 2 2 2 2 2 2 2 2 2 2 2 2 2 2 2 2 2 2 2 2 2 2 2 2 2 2 2 2 2 2 2 2 2 2 2 2 2 2 2 2 2 2 2 2 2 2 2 2 2 2 2 2 2 2 2 2 2 2 2 2 2 2 2 2 2 2 2 2 2 2 2 2 2 2 2 2 2 2 2 2 2 2 2 2 2 2 2 2 2 2 2 2 2 2 2 2 2 2 2 2 2 2 2 2 2 2 2 2 2 2 2 2 2 2 2 2 2 2 2 2 2 2 2 2 2 2 2 2 2 2 2 2 2 2 2 2 2 2 2 2 2 2 2 2 2 2 2 2 2 2 2 2 2 2 2 2 2 2 2 2 2 2 2 2 2 2 2 2 2 2 2 2 2 2 2 2 2 2 2 2 2 2 2 2 2 2 2 2 2 2 2 2 2 2 2 2 2 2 2 2 2 2 2 2 2 2 2 2 2 2 2 2 2 2 2 2 2 2 2 2 2 2 2 2 2 2 2 2 2 2 2 2 2 2 2 2 2 2 2 2 2 2 2 2 2 2 2 2 2 2 2 2 2 2 2 2 2 2 2 2 2 2 2 2 2 2 2 2 2 2 2 2 2 2 2 2 2 2 2 2 2 2 2 2 2 2 2 2 2 2 2 2 2 2 2 2 2 2 2 2 2 2 2 2 2 2 2 2 2 2 2 2 2 2 2 2 2 2 2 2 2 2 2 2 2 2 2 2 2 2 2 2 2 2 2 2 2 2 2 2 2 2 2 2 2 2 2 2 2 2 2 2 2 2 2 2 2 2 2 2 2 2 2 2 2 2 2 2 2 2 2 2 2 2 2 2 2 2 2 2 2 2 2 2 2 2 2 2 2 2 2 2 2 2 2 2 2 2 2 2 2 2 2 2 2 2 2 2 2 2 2 2 2 2 2 2 2 2 2 2 2 2 2 2 2 2 2 2 2 2 2 2 2 2 2 2 2 2 2 2 2 2 2 2 2 2 2 2 2 2 2 2 2 2 2 2 2 2 2 2 2 2 2 2 2 2 2 2 2 2 2 2 2 2 2 2 2 2 2 2 2 2 2 2 2 2 2 2 2 2 2 2 2 2 2 2 2 2 2 2 2 2 2 2 2 2 2 2 2 2 2 2 2 2 2 2 2 2 2 2 2 2 2 2 2 2 2 2 2 2 2 2 2 2 2 2 2 2 2 2 2 2 2 2 2 2 2 2 2 2 2 2 2 2 2 2 2 2 2 2 2 2 2 2 2 2 2 2 2 2 2 2 2 2 2 2 2 2 2 2 2 2 2 2 2 2 2 2 2 2 2 2 2 2 2 2 2 2 2 2 2 2 2 2 2 2 2 2 2 2 2 2 2 2 2 2 2 2 2 2 2 2 2 2 2 2 2 2 2 2 2 2 2 2 2 2 2 2 2 2 2 2 2 2 2 2 2 2 2 2 2 2 2 2 2 2 2 2 2 2 2 2 2 2 2 2 2 2 2 2 2 2 2 2 2 2 2 2 2 2 2 2 2 2 2 2 2 2 2 2 2 2 2 2 2 2 2 2 2 2 2 2 2 2 2 2 2 2 2 2 2 2 2 2 2 2 2 2 2 2 2 2 2 2 2 2 2 2 2 2 2 2 2 2 2 2 2 2 2 2 2 2 2 2 2 2 2 2 2 2 2 2 2 2 2 2 2 2 2 2 2 2 2 2 2 2 2 2 2 2 2 2 2 2 2 2 2 2 2 2 2 2 2 2 2 2 2 2 2 2 2 2 2 2 2 2 2 2 2 2 2 2 2 2 2 2 2 2 2 2 2 2 2 2 2 2 2 2 2 2 2 2 2 2 2 2 2 2 2 2 2 2 2 2 2 2 2 2 2 2 2 2 2 2 2 2 2 2 2 2 2 2 2 2 2 2 2 2 2 2 2 2 2 2 2 2 2 2 2 2 2 2 2 2 2 2 2 2 2 2 2 2 2 2 2 2 2 2 2 2 2 2 2 2 2 2 2 2 2 2 2 2 2 2 2 2 2 2 2 2 2 2 2 2 2 2 2 2 2 2 2 2 2 2 2 2 2 2 2 2 2 2 2 2 2 2 2 2 2 2 2 2 2 2 2 2 2 2 2 2 2 2 2 2 2 2 2 2 2 2 2 2 2 2 2 2 2 2 2 2 2 2 2 2 2 2 2 2 2 2 2 2 2 2 2 2 2 2 2 2 2 2 2 2 2 2 2 2 2 2 2 2 2 2 2 2 2 2 2 2 2 2 2 2 2 2 2 2 2 2 2 2 2 2 2 2 2 2 2 2 2 2 2 2 2 2 2 2 2 2 2 2 2 2 2 2 2 2 2 2 2 2 2 2 2 2 2 2 2 2 2 2 2 2 2 2 2 2 2 2 2 2 2 2 2 2 2 2 2 2 2 2 2 2 2 2 2 2 2 2 2 2 2 2 2 2 2 2 2 2 2 2 2 2 2 2 2 2 2 2 2 2 2 2 2 2 2 2 2 2 2 2 2 2 2 2 2 2 2 2 2 2 2 2 2 2 2 2 2 2 2 2 2 2 2 2 2 2 2 2 2 2 2 2 2 2 2 2 2 2 2 2 2 2 2 2 2 2 2 2 2 2 2 2 2 2 2 2 2 2 2 2 2 2 2 2 2 2 2 2 2 2 2 2 2 2 2 2 2 2 2 2 2 2 2 2 2 2 2 2 2 2 2 2 2 2 2 2 2 2 2 2 2 2 2 2 2 2 2 2 2 2 2 2 2 2 2 2 2 2 2 2 2 2 2 2 2 2 2 2 2 2 2 2 2 2 2 2 2 2 2 2 2 2 2 2 2 2 2 2 2 2 2 2 2 2 2 2 2 2 2 2 2 2 2 2 2 2 2 2 2 2 2 2 2 2 2 2 2 2 2 2 2 2 2 2 2 2 2 2 2 2 2 2 2 2 2 2 2 2 2 2 2 2 2 2 2 2 2 2 2 2 2 2 2 2 2 2 2 2 2 2 2 2 2 2 2 2 2 2 2 2 2 2 2 2 2 2 2 2 2 2 2 2 2 2 2 2 2 2 2 2 2 2 2 2 2 2 2 2 2 2 2 2 2 2 2 2 2 2 2 2 2 2 2 2 2 2 2 2 2 2 2 2 2 2 2 2 2 2 2 2 2 2 2 2 2 2 2 2 2 2 2 2 2 2 2 2 2 2 2 2 2 2 2 2 2 2 2 2 2 2 2 2 2 2 2 2 2 2 2 2 2 2 2 2 2 2 2 2 2 2 2 2 2 2 2 2 2 2 2 2 2 2 2 2 2 2 2 2 2 2 2 2 2 2 2 2 2 2 2 2 2 2 2 2 2 2 2 2 2 2 2 2 2 2 2 2 2 2 2 2 2 2 2 2 2 2 2 2 2 2 2 2 2 2 2 2 2 2 2 2 2 2 2 2 2 2 2 2 2 2 2 2 2 2 2 2 2 2 2 2 2 2 2 2 2 2 2 2 2 2 2 2 2 2 2 2 2 2 2 2 2 2 2 2 2 2 2 2 2 2 2 2 2 2 2 2 2 2 2 2 2 2 2 2 2 2 2 2 2 2 2 2 2 2 2 2 2 2 2 2 2 2 2 2 2 2 2 2 2 2 2 2 2 2 2 2 2 2 2 2 2 2 2 2 2 2 2 2 2 2 2 2 2 2 2 2 2 2 2 2 2 2 2 2 2 2 2 2 2 2 2 2 2 2 2 2 2 2 2 2 2 2 2 2 2 2 2 2 2 2 2 2 2 2 2 2 2 2 2 2 2 2 2 2 2 2 2 2 2 2 2 2 2 2 2 2 2 2 2 2 2 2 2 2 2 2 2 2 2 2 2 2 2 2 2 2 2 2 2 2 2 2 2 2 2 2 2 2 2 2 2 2 2 2 2 2 2 2 2 2 2 2 2 2 2 2 2 2 2 2 2 2 2 2 2 2 2 2 2 2 2 2 2 2 2 2 2 2 2 2 2 2 2 2 2 2 2 2 2 2 2 2 2 2 2 2 2 2 2 2 2 2 2 2 2 2 2 2 2 2 2 2 2 2 2 2 2 2 2 2 2 2 2 2 2 2 2 2 2 2 2 2 2 2 2 2 2 2 2 2 2 2 2 2 2 2 2 2 2 2 2 2 2 2 2 2 2 2 2 2 2 2 2 2 2 2 2 2 2 2 2 2 2 2 2 2 2 2 2 2 2 2 2 2 2 2 2 2 2 2 2 2 2 2 2 2 2 2 2 2 2 2 2 2 2 2 2 2 2 2 2 2 2 2 2 2 2 2 2 2 2 2 2 2 2 2 2 2 2 2 2 2 2 2 2 2 2 2 2 2 2 2 2 2 2 2 2 2 2 2 2 2 2 2 2 2 2 2 2 2 2 2 2 2 2 2 2 2 2 2 2 2 2 2 2 2 2 2 2 2 2 2 2 2 2 2 2 2 2 2 2 2 2 2 2 2 2 2 2 2 2 2 2 2 2 2 2 2 2 2 2 2 2 2 2 2 2 2 2 2 2 2 2 2 2 2 2 2 2 2 2 2 2 2 2 2 2 2 2 2 2 2 2 2 2 2 2 2 2 2 2 2 2 2 2 2 2 2 2 2 2 2 2 2 2 2 2 2 2 2 2 2 2 2 2 2 2 2 2 2 2 2 2 2 2 2 2 2 2 2 2 2 2 2 2 2 2 2 2 2 2 2 2 2 2 2 2 2 2 2 2 2 2 2 2 2 2 2 2 2 2 2 2 2 2 2 2 2 2 2 2 2 2 2 2 2 2 2 2 2 2 2 2 2 2 2 2 2 2 2 2 2 2 2 2 2 2 2 2 2 2 2 2 2 2 2 2 2 2 2 2 2 2 2 2 2 2 2 2 2 2 2 2 2 2 2 2 2 2 2 2 2 2 2 2 2 2 2 2 2 2 2 2 2 2 2 2 2 2 2 2 2 2 2 2 2 2 2 2 2 2 2 2 2 2 2 2 2 2 2 2 2 2 2 2 2 2 2 2 2 2 2 2 2 2 2 2 2 2 2 2 2 2 2 2 2 2 2 2 2 2 2 2 2 2 2 2 2 2 2 2 2 2 2 2 2 2 2 2 2 2 2 2 2 2 2 2 2 2 2 2 2 2 2 2 2 2 2 2 2 2 2 2 2 2 2 2 2 2 2 2 2 2 2 2 2 2 2 2 2 2 2 2 2 2 2 2 2 2 2 2 2 2 2 2 2 2 2 2 2 2 2 2 2 2 2 2 2 2 2 2 2 2 2 2 2 2 2 2 2 2 2 2 2 2 2 2 2 2 2 2 2 2 2 2 2 2 2 2 2 2 2 2 2 2 2 2 2 2 2 2 2 2 2 2 2 2 2 2 2 2 2 2 2 2 2 2 2 2 2 2 2 2 2 2 2 2 2 2 2 2 2 2 2 2 2 2 2 2 2 2 2 2 2 2 2 2 2 2 2 2 2 2 2 2 2 2 2 2 2 2 2 2 2 2 2 2 2 2 2 2 2 2 2 2 2 2 2 2 2 2 2 2 2 2 2 2 2 2 2 2 2 2 2 2 2 2 2 2 2 2 2 2 2 2 2 2 2 2 2 2 2 2 2 2 2 2 2 2 2 2 2 2 2 2 2 2 2 2 2 2 2 2 2 2 2 2 2 2 2 2 2 2 2 2 2 2 2 2 2 2 2 2 2 2 2 2 2 2 2 2 2 2 2 2 2 2 2 2 2 2 2 2 2 2 2 2 2 2 2 2 2 2 2 2 2 2 2 2 2 2 2 2 2 2 2 2 2 2 2 2 2 2 2 2 2 2 2 2 2 2 2 2 2 2 2 2 2 2 2 2 2 2 2 2 2 2 2 2 2 2 2 2 2 2 2 2 2 2 2 2 2 2 2 2 2 2 2 2 2 2 2 2 2 2 2 2 2 2 2 2 2 2 2 2 2 2 2 2 2 2 2 2 2 2 2 2 2 2 2 2 2 2 2 2 2 2 2 2 2 2 2 2 2 2 2 2 2 2 2 2 2 2 2 2 2 2 2 2 2 2 2 2 2 2 2 2 2 2 2 2 2 2 2 2 2 2 2 2 2 2 2 2 2 2 2 2 2 2 2 2 2 2 2 2 2 2 2 2 2 2 2 2 2 2 2 2 2 2 2 2 2 2 2 2 2 2 2 2 2 2 2 2 2 2 2 2 2 2 2 2 2 2 2 2 2 2 2 2 2 2 2 2 2 2 2 2 2 2 2 2 2 2 2 2 2 2 2 2 2 2 2 2 2 2 2 2 2 2 2 2 2 2 2 2 2 2 2 2 2 2 2 2 2 2 2 2 2 2 2 2 2 2 2 2 2 2 2 2 2 2 2 2 2 2 2 2 2 2 2 2 2 2 2 2 2 2 2 2 2 2 2 2 2 2 2 2 2 2 2 2 2 2 2 2 2 2 2 2 2 2 2 2 2 2 2 2 2 2 2 2 2 2 2 2 2 2 2 2 2 2 2 2 2 2 2 2 2 2 2 2 2 2 2 2 2 2 2 2 2 2 2 2 2 2 2 2 2 2 2 2 2 2 2 2 2 2 2 2 2 2 2 2 2 2 2 2 2 2 2 2 2 2 2 2 2 2 2 2 2 2 2 2 2 2 2 2 2 2 2 2 2 2 2 2 2 2 2 2 2 2 2 2 2 2 2 2 2 2 2 2 2 2 2 2 2 2 2 2 2 2 2 2 2 2 2 2 2 2 2 2 2 2 2 2 2 2 2 2 2 2 2 2 2 2 2 2 2 2 2 2 2 2 2 2 2 2 2 2 2 2 2 2 2 2 2 2 2 2 2 2 2 2 2 2 2 2 2 2 2 2 2 2 2 2 2 2 2 2 2 2 2 2 2 2 2 2 2 2 2 2 2 2 2 2 2 2 2 2 2 2 2 2 2 2 2 2 2 2 2 2 2 2 2 2 2 2 2 2 2 2 2 2 2 2 2 2 2 2 2 2 2 2 
2.001 2.001 2.001 2.001 2.001 2.001 2.001 1.999 2.001 2.001 2.001 2.001 2.001 2.001 2.001 2.001 2.001 1.999 2.001 2.001 2.001 2.001 2.001 2.001 2.001 2.001 2.001 1.999 2.001 2.001 2.001 2.001 2.001 2.001 2.001 2.001 2.001 2.001 2.001 2.001 2.001 2.001 2.001 2.001 2.001 2.001 2.001 1.999 2.001 2.001 2.001 2.001 2.001 2.001 2.001 2.001 2.001 1.999 2.001 2.001 2.001 2.001 2.001 2.001 2.001 2.001 2.001 1.999 2.001 2.001 2.001 2.001 2.001 2.001 2.001 2.001 2.001 1.999 2.001 2.001 2.001 2.001 2.001 2.001 2.001 2.001 2.001 1.999 2.001 2.001 2.001 2.001 2.001 2.001 2.001 2.001 2.001 1.999 2.001 2.001 2.001 1.999 2.001 2.001 1.999 2.001 2.001 2.001 2.001 2.001 2.001 1.999 2.001 2.001 1.999 2.001 2.001 2.001 2.001 2.001 2.001 1.999 2.001 2.001 1.999 2.001 2.001 2.001 2.001 2.001 2.001 1.999 2.001 2.001 1.999 2.001 2.001 2.001 2.001 2.001 2.001 1.999 2.001 2.001 1.999 2.001 2.001 2.001 2.001 2.001 2.001 1.999 2.001 2.001 1.999 2.001 2.001 2.001 2.001 2.001 2.001 1.999 2.001 2.001 1.999 2.001 2.001 2.001 2.001 2.001 2.001 1.999 2.001 2.001 1.999 2.001 2.001 2.001 2.001 2.001 2.001 1.999 2.001 2.001 1.999 2.001 2.001 2.001 2.001 2.001 2.001 1.999 2.001 2.001 1.999 2.001 2.001 2.001 2.001 2.001 2.001 2.001 2.001 2.001 2.001 2.001 2.001 2.001 2.001 2.001 2.001 2.001 2.001 2.001 2.001 2.001 2.001 2.001 2.001 2.001 2.001 2.001 2.001 2.001 2.001 2.001 2.001 2.001 2.001 2.001 2.001 2.001 2.001 2.001 2.001 2.001 2.001 2.001 2.001 2.001 2.001 2.001 2.001 2.001 2.001 2.001 2.001 2.001 2.001 2.001 2.001 2.001 2.001 2.001 2.001 2.001 2.001 2.001 2.001 2.001 2.001 2.001 2.001 2.001 2.001 2.001 2.001 2.001 2.001 2.001 2.001 2.001 2.001 2.001 2.001 2.001 2.001 2.001 2.001 2.001 2.001 2.001 2.001 2.001 2.001 2.001 2.001 2.001 2.001 2.001 2.001 2.001 2.001 2.001 2.001 2.001 2.001 2.001 2.001 2.001 2.001 2.001 2.001 2.001 2.001 2.001 2.001 1.999 2.001 2.001 2.001 2.001 2.001 2.001 2.001 2.001 2.001 1.999 2.001 2.001 2.001 2.001 2.001 2.001 2.001 2.001 2.001 1.999 2.001 2.001 2.001 2.001 2.001 2.001 2.001 2.001 2.001 1.999 2.001 2.001 2.001 2.001 2.001 2.001 2.001 2.001 2.001 1.999 2.001 2.001 2.001 2.001 2.001 2.001 2.001 2.001 2.001 1.999 2.001 2.001 2.001 2.001 2.001 2.001 2.001 2.001 2.001 1.999 2.001 2.001 2.001 2.001 2.001 2.001 2.001 2.001 2.001 1.999 2.001 2.001 2.001 2.001 2.001 2.001 2.001 2.001 2.001 2.001 2.001 2.001 2.001 2.001 2.001 2.001 2.001 2.001 2.001 1.999 2.001 2.001 2.001 1.999 2.001 2.001 1.999 2.001 2.001 2.001 2.001 2.001 2.001 1.999 2.001 2.001 1.999 2.001 2.001 2.001 2.001 2.001 2.001 1.999 2.001 2.001 1.999 2.001 2.001 2.001 2.001 2.001 2.001 1.999 2.001 2.001 1.999 2.001 2.001 2.001 2.001 2.001 2.001 1.999 2.001 2.001 1.999 2.001 2.001 2.001 2.001 2.001 2.001 1.999 2.001 2.001 1.999 2.001 2.001 2.001 2.001 2.001 2.001 1.999 2.001 2.001 1.999 2.001 2.001 2.001 2.001 2.001 2.001 1.999 2.001 2.001 1.999 2.001 2.001 2.001 2.001 2.001 2.001 1.999 2.001 2.001 1.999 2.001 2.001 2.001 2.001 2.001 2.001 1.999 2.001 2.001 1.999 2.001 2.001 2.001 2.001 2.001 2.001 2.001 2.001 2.001 2.001 2.001 2.001 2.001 2.001 2.001 2.001 2.001 2.001 2.001 2.001 2.001 2.001 2.001 2.001 2.001 2.001 2.001 2.001 2.001 2.001 2.001 2.001 2.001 2.001 2.001 2.001 2.001 2.001 2.001 2.001 2.001 2.001 2.001 2.001 2.001 2.001 2.001 2.001 2.001 2.001 2.001 2.001 2.001 2.001 2.001 2.001 2.001 2.001 2.001 2.001 2.001 2.001 2.001 2.001 2.001 2.001 2.001 2.001 2.001 2.001 2.001 2.001 2.001 2.001 2.001 2.001 2.001 2.001 2.001 2.001 2.001 2.001 2.001 2.001 2.001 2.001 2.001 2.001 2.001 2.001 2.001 2.001 2.001 2.001 2.001 2.001 2.001 2.001 2.001 2.001 2.001 2.001 2.001 2.001 2.001 2.001 2.001 2.001 2.001 2.001 2.001 2.001 1.999 2.001 2.001 2.001 2.001 2.001 2.001 2.001 2.001 2.001 1.999 2.001 2.001 2.001 2.001 2.001 2.001 2.001 2.001 2.001 1.999 2.001 2.001 2.001 2.001 2.001 2.001 2.001 2.001 2.001 1.999 2.001 2.001 2.001 2.001 2.001 2.001 2.001 2.001 2.001 1.999 2.001 2.001 2.001 2.001 2.001 2.001 2.001 2.001 2.001 1.999 2.001 2.001 2.001 2.001 2.001 2.001 2.001 2.001 2.001 1.999 2.001 2.001 2.001 2.001 2.001 2.001 2.001 2.001 2.001 1.999 2.001 2.001 2.001 2.001 2.001 2.001 2.001 2.001 2.001 1.999 2.001 2.001 2.001 2.001 2.001 2.001 2.001 2.001 2.001 1.999 2.001 2.001 2.001 1.999 2.001 2.001 1.999 2.001 2.001 2.001 2.001 2.001 2.001 1.999 2.001 2.001 1.999 2.001 2.001 2.001 2.001 2.001 2.001 1.999 2.001 2.001 1.999 2.001 2.001 2.001 2.001 2.001 2.001 1.999 2.001 2.001 1.999 2.001 2.001 2.001 2.001 2.001 2.001 1.999 2.001 2.001 1.999 2.001 2.001 2.001 2.001 2.001 2.001 1.999 2.001 2.001 1.999 2.001 2.001 2.001 2.001 2.001 2.001 1.999 2.001 2.001 1.999 2.001 2.001 2.001 2.001 2.001 2.001 1.999 2.001 2.001 1.999 2.001 2.001 2.001 2.001 2.001 2.001 1.999 2.001 2.001 1.999 2.001 2.001 2.001 2.001 2.001 2.001 1.999 2.001 2.001 1.999 2.001 2.001 2.001 2.001 2.001 2.001 2.001 2.001 2.001 2.001 2.001 2.001 2.001 2.001 2.001 2.001 2.001 2.001 2.001 2.001 2.001 2.001 2.001 2.001 2.001 2.001 2.001 2.001 2.001 2.001 2.001 2.001 2.001 2.001 2.001 2.001 2.001 2.001 2.001 2.001 2.001 2.001 2.001 2.001 2.001 2.001 2.001 2.001 2.001 2.001 2.001 2.001 2.001 2.001 2.001 2.001 2.001 2.001 2.001 2.001 2.001 2.001 2.001 2.001 2.001 2.001 2.001 2.001 2.001 2.001 2.001 2.001 2.001 2.001 2.001 2.001 2.001 2.001 2.001 2.001 2.001 2.001 2.001 2.001 2.001 2.001 2.001 2.001 2.001 2.001 2.001 2.001 2.001 2.001 2.001 2.001 2.001 2.001 2.001 2.001 2.001 2.001 2.001 2.001 2.001 2.001 2.001 2.001 2.001 2.001 2.001 2.001 1.999 2.001 2.001 2.001 2.001 2.001 2.001 2.001 2.001 2.001 1.999 2.001 2.001 2.001 2.001 2.001 2.001 2.001 2.001 2.001 1.999 2.001 2.001 2.001 2.001 2.001 2.001 2.001 2.001 2.001 1.999 2.001 2.001 2.001 2.001 2.001 2.001 2.001 2.001 2.001 1.999 2.001 2.001 2.001 2.001 2.001 2.001 2.001 2.001 2.001 1.999 2.001 2.001 2.001 2.001 2.001 2.001 2.001 2.001 2.001 1.999 2.001 2.001 2.001 2.001 2.001 2.001 2.001 2.001 2.001 1.999 2.001 2.001 2.001 2.001 2.001 2.001 2.001 2.001 2.001 1.999 2.001 2.001 2.001 2.001 2.001 2.001 2.001 2.001 2.001 1.999 2.001 2.001 2.001 2.001 2.001 2.001 2.001 2.001 2.001 1.999 2.001 2.001 2.001 2.001 2.001 2.001 2.001 2.001 2.001 1.999 2.001 2.001 2.001 2.001 2.001 2.001 2.001 2.001 2.001 1.999 2.001 2.001 2.001 2.001 2.001 2.001 2.001 2.001 2.001 1.999 2.001 2.001 2.001 2.001 2.001 2.001 2.001 2.001 2.001 1.999 2.001 2.001 2.001 2.001 2.001 2.001 2.001 2.001 2.001 1.999 2.001 2.001 2.001 2.001 2.001 2.001 2.001 2.001 2.001 1.999 2.001 2.001 2.001 2.001 2.001 2.001 2.001 2.001 2.001 1.999 2.001 2.001 2.001 2.001 2.001 2.001 2.001 2.001 2.001 1.999 2.001 2.001 2.001 2.001 2.001 2.001 2.001 2.001 2.001 1.999 2.001 2.001 2.001 1.999 2.001 2.001 1.999 2.001 2.001 2.001 2.001 2.001 2.001 1.999 2.001 2.001 1.999 2.001 2.001 2.001 2.001 2.001 2.001 1.999 2.001 2.001 1.999 2.001 2.001 2.001 2.001 2.001 2.001 1.999 2.001 2.001 1.999 2.001 2.001 2.001 2.001 2.001 2.001 1.999 2.001 2.001 1.999 2.001 2.001 2.001 2.001 2.001 2.001 1.999 2.001 2.001 1.999 2.001 2.001 2.001 2.001 2.001 2.001 1.999 2.001 2.001 1.999 2.001 2.001 2.001 2.001 2.001 2.001 1.999 2.001 2.001 1.999 2.001 2.001 2.001 2.001 2.001 2.001 1.999 2.001 2.001 1.999 2.001 2.001 2.001 2.001 2.001 2.001 1.999 2.001 2.001 1.999 2.001 2.001 2.001 2.001 2.001 2.001 2.001 2.001 2.001 2.001 2.001 2.001 2.001 2.001 2.001 2.001 2.001 2.001 2.001 2.001 2.001 2.001 2.001 2.001 2.001 2.001 2.001 2.001 2.001 2.001 2.001 2.001 2.001 2.001 2.001 2.001 2.001 2.001 2.001 2.001 2.001 2.001 2.001 2.001 2.001 2.001 2.001 2.001 2.001 2.001 2.001 2.001 2.001 2.001 2.001 2.001 2.001 2.001 2.001 2.001 2.001 2.001 2.001 2.001 2.001 2.001 2.001 2.001 2.001 2.001 2.001 2.001 2.001 2.001 2.001 2.001 2.001 2.001 2.001 2.001 2.001 2.001 2.001 2.001 2.001 2.001 2.001 2.001 2.001 2.001 2.001 2.001 2.001 2.001 2.001 2.001 2.001 2.001 2.001 2.001 2.001 2.001 2.001 2.001 2.001 2.001 2.001 2.001 2.001 2.001 2.001 2.001 1.999 2.001 2.001 2.001 2.001 2.001 2.001 2.001 2.001 2.001 1.999 2.001 2.001 2.001 2.001 2.001 2.001 2.001 2.001 2.001 1.999 2.001 2.001 2.001 2.001 2.001 2.001 2.001 2.001 2.001 1.999 2.001 2.001 2.001 2.001 2.001 2.001 2.001 2.001 2.001 1.999 2.001 2.001 2.001 2.001 2.001 2.001 2.001 2.001 2.001 1.999 2.001 2.001 2.001 2.001 2.001 2.001 2.001 2.001 2.001 1.999 2.001 2.001 2.001 2.001 2.001 2.001 2.001 2.001 2.001 1.999 2.001 2.001 2.001 2.001 2.001 2.001 2.001 2.001 2.001 1.999 2.001 2.001 2.001 2.001 2.001 2.001 2.001 2.001 2.001 1.999 2.001 2.001 2.001 1.999 2.001 2.001 1.999 2.001 2.001 2.001 2.001 2.001 2.001 1.999 2.001 2.001 1.999 2.001 2.001 2.001 2.001 2.001 2.001 1.999 2.001 2.001 1.999 2.001 2.001 2.001 2.001 2.001 2.001 1.999 2.001 2.001 1.999 2.001 2.001 2.001 2.001 2.001 2.001 1.999 2.001 2.001 1.999 2.001 2.001 2.001 2.001 2.001 2.001 1.999 2.001 2.001 1.999 2.001 2.001 2.001 2.001 2.001 2.001 1.999 2.001 2.001 1.999 2.001 2.001 2.001 2.001 2.001 2.001 1.999 2.001 2.001 1.999 2.001 2.001 2.001 2.001 2.001 2.001 1.999 2.001 2.001 1.999 2.001 2.001 2.001 2.001 2.001 2.001 1.999 2.001 2.001 1.999 2.001 2.001 2.001 2.001 2.001 2.001 2.001 2.001 2.001 2.001 2.001 2.001 2.001 2.001 2.001 2.001 2.001 2.001 2.001 2.001 2.001 2.001 2.001 2.001 2.001 2.001 2.001 2.001 2.001 2.001 2.001 2.001 2.001 2.001 2.001 2.001 2.001 2.001 2.001 2.001 2.001 2.001 2.001 2.001 2.001 2.001 2.001 2.001 2.001 2.001 2.001 2.001 2.001 2.001 2.001 2.001 2.001 2.001 2.001 2.001 2.001 2.001 2.001 2.001 2.001 2.001 2.001 2.001 2.001 2.001 2.001 2.001 2.001 2.001 2.001 2.001 2.001 2.001 2.001 2.001 2.001 2.001 2.001 2.001 2.001 2.001 2.001 2.001 2.001 2.001 2.001 2.001 2.001 2.001 2.001 2.001 2.001 2.001 2.001 2.001 2.001 2.001 2.001 2.001 2.001 2.001 2.001 2.001 2.001 2.001 2.001 2.001 1.999 2.001 2.001 2.001 2.001 2.001 2.001 2.001 2.001 2.001 1.999 2.001 2.001 2.001 2.001 2.001 2.001 2.001 2.001 2.001 1.999 2.001 2.001 2.001 2.001 2.001 2.001 2.001 2.001 2.001 1.999 2.001 2.001 2.001 2.001 2.001 2.001 2.001 2.001 2.001 1.999 2.001 2.001 2.001 2.001 2.001 2.001 2.001 2.001 2.001 1.999 2.001 2.001 2.001 2.001 2.001 2.001 2.001 2.001 2.001 1.999 2.001 2.001 2.001 2.001 2.001 2.001 2.001 2.001 2.001 1.999 2.001 2.001 2.001 2.001 2.001 2.001 2.001 2.001 2.001 1.999 2.001 2.001 2.001 2.001 2.001 2.001 2.001 2.001 2.001 1.999 2.001 2.001 2.001 1.999 2.001 2.001 1.999 2.001 2.001 2.001 2.001 2.001 2.001 1.999 2.001 2.001 1.999 2.001 2.001 2.001 2.001 2.001 2.001 1.999 2.001 2.001 1.999 2.001 2.001 2.001 2.001 2.001 2.001 1.999 2.001 2.001 1.999 2.001 2.001 2.001 2.001 2.001 2.001 1.999 2.001 2.001 1.999 2.001 2.001 2.001 2.001 2.001 2.001 1.999 2.001 2.001 1.999 2.001 2.001 2.001 2.001 2.001 2.001 1.999 2.001 2.001 1.999 2.001 2.001 2.001 2.001 2.001 2.001 1.999 2.001 2.001 1.999 2.001 2.001 2.001 2.001 2.001 2.001 1.999 2.001 2.001 1.999 2.001 2.001 2.001 2.001 2.001 2.001 1.999 2.001 2.001 1.999 2.001 2.001 2.001 2.001 2.001 2.001 2.001 2.001 2.001 2.001 2.001 2.001 2.001 2.001 2.001 2.001 2.001 2.001 2.001 2.001 2.001 2.001 2.001 2.001 2.001 2.001 2.001 2.001 2.001 2.001 2.001 2.001 2.001 2.001 2.001 2.001 2.001 2.001 2.001 2.001 2.001 2.001 2.001 2.001 2.001 2.001 2.001 2.001 2.001 2.001 2.001 2.001 2.001 2.001 2.001 2.001 2.001 2.001 2.001 2.001 2.001 2.001 2.001 2.001 2.001 2.001 2.001 2.001 2.001 2.001 2.001 2.001 2.001 2.001 2.001 2.001 2.001 2.001 2.001 2.001 2.001 2.001 2.001 2.001 2.001 2.001 2.001 2.001 2.001 2.001 2.001 2.001 2.001 2.001 2.001 2.001 2.001 2.001 2.001 2.001 2.001 2.001 2.001 2.001 2.001 2.001 2.001 2.001 2.001 2.001 2.001 2.001 1.999 2.001 2.001 2.001 2.001 2.001 2.001 2.001 2.001 2.001 1.999 2.001 2.001 2.001 2.001 2.001 2.001 2.001 2.001 2.001 1.999 2.001 2.001 2.001 2.001 2.001 2.001 2.001 2.001 2.001 1.999 2.001 2.001 2.001 2.001 2.001 2.001 2.001 2.001 2.001 1.999 2.001 2.001 2.001 2.001 2.001 2.001 2.001 2.001 2.001 1.999 2.001 2.001 2.001 2.001 2.001 2.001 2.001 2.001 2.001 1.999 2.001 2.001 2.001 2.001 2.001 2.001 2.001 2.001 2.001 1.999 2.001 2.001 2.001 2.001 2.001 2.001 2.001 2.001 2.001 1.999 2.001 2.001 2.001 2.001 2.001 2.001 2.001 2.001 2.001 1.999 2.001 2.001 2.001 2.001 2.001 2.001 2.001 2.001 2.001 1.999 2.001 2.001 2.001 2.001 2.001 2.001 2.001 2.001 2.001 1.999 2.001 2.001 2.001 2.001 2.001 2.001 2.001 2.001 2.001 1.999 2.001 2.001 2.001 2.001 2.001 2.001 2.001 2.001 2.001 1.999 2.001 2.001 2.001 2.001 2.001 2.001 2.001 2.001 2.001 1.999 2.001 2.001 2.001 2.001 2.001 2.001 2.001 2.001 2.001 2.001 2.001 2.001 2.001 2.001 2.001 2.001 2.001 2.001 2.001 1.999 2.001 2.001 2.001 2.001 2.001 2.001 2.001 2.001 2.001 1.999 2.001 2.001 2.001 2.001 2.001 2.001 2.001 2.001 2.001 1.999 2.001 2.001 2.001 2.001 2.001 2.001 2.001 2.001 2.001 1.999 2.001 2.001 2.001 1.999 2.001 2.001 1.999 2.001 2.001 2.001 2.001 2.001 2.001 1.999 2.001 2.001 1.999 2.001 2.001 2.001 2.001 2.001 2.001 1.999 2.001 2.001 1.999 2.001 2.001 2.001 2.001 2.001 2.001 1.999 2.001 2.001 1.999 2.001 2.001 2.001 2.001 2.001 2.001 1.999 2.001 2.001 1.999 2.001 2.001 2.001 2.001 2.001 2.001 1.999 2.001 2.001 1.999 2.001 2.001 2.001 2.001 2.001 2.001 1.999 2.001 2.001 1.999 2.001 2.001 2.001 2.001 2.001 2.001 1.999 2.001 2.001 1.999 2.001 2.001 2.001 2.001 2.001 2.001 1.999 2.001 2.001 1.999 2.001 2.001 2.001 2.001 2.001 2.001 1.999 2.001 2.001 1.999 2.001 2.001 2.001 2.001 2.001 2.001 2.001 2.001 2.001 2.001 2.001 2.001 2.001 2.001 2.001 2.001 2.001 2.001 2.001 2.001 2.001 2.001 2.001 2.001 2.001 2.001 2.001 2.001 2.001 2.001 2.001 2.001 2.001 2.001 2.001 2.001 2.001 2.001 2.001 2.001 2.001 2.001 2.001 2.001 2.001 2.001 2.001 2.001 2.001 2.001 2.001 2.001 2.001 2.001 2.001 2.001 2.001 2.001 2.001 2.001 2.001 2.001 2.001 2.001 2.001 2.001 2.001 2.001 2.001 2.001 2.001 2.001 2.001 2.001 2.001 2.001 2.001 2.001 2.001 2.001 2.001 2.001 2.001 2.001 2.001 2.001 2.001 2.001 2.001 2.001 2.001 2.001 2.001 2.001 2.001 2.001 2.001 2.001 2.001 2.001 2.001 2.001 2.001 2.001 2.001 2.001 2.001 2.001 2.001 2.001 2.001 2.001 1.999 2.001 2.001 2.001 2.001 2.001 2.001 2.001 2.001 2.001 1.999 2.001 2.001 2.001 2.001 2.001 2.001 2.001 2.001 2.001 1.999 2.001 2.001 2.001 2.001 2.001 2.001 2.001 2.001 2.001 1.999 2.001 2.001 2.001 2.001 2.001 2.001 2.001 2.001 2.001 1.999 2.001 2.001 2.001 2.001 2.001 2.001 2.001 2.001 2.001 1.999 2.001 2.001 2.001 2.001 2.001 2.001 2.001 2.001 2.001 1.999 2.001 2.001 2.001 2.001 2.001 2.001 2.001 2.001 2.001 1.999 2.001 2.001 2.001 2.001 2.001 2.001 2.001 2.001 2.001 1.999 2.001 2.001 2.001 2.001 2.001 2.001 2.001 2.001 2.001 1.999 2.001 2.001 2.001 1.999 2.001 2.001 2.001 2.001 2.001 2.001 2.001 2.001 2.001 1.999 2.001 2.001 1.999 2.001 2.001 2.001 2.001 2.001 2.001 1.999 2.001 2.001 1.999 2.001 2.001 2.001 2.001 2.001 2.001 1.999 2.001 2.001 1.999 2.001 2.001 2.001 2.001 2.001 2.001 1.999 2.001 2.001 1.999 2.001 2.001 2.001 2.001 2.001 2.001 1.999 2.001 2.001 1.999 2.001 2.001 2.001 2.001 2.001 2.001 1.999 2.001 2.001 1.999 2.001 2.001 2.001 2.001 2.001 2.001 1.999 2.001 2.001 1.999 2.001 2.001 2.001 2.001 2.001 2.001 1.999 2.001 2.001 1.999 2.001 2.001 2.001 2.001 2.001 2.001 1.999 2.001 2.001 1.999 2.001 2.001 2.001 2.001 2.001 2.001 2.001 2.001 2.001 2.001 2.001 2.001 2.001 2.001 2.001 2.001 2.001 2.001 2.001 2.001 2.001 2.001 2.001 2.001 2.001 2.001 2.001 2.001 2.001 2.001 2.001 2.001 2.001 2.001 2.001 2.001 2.001 2.001 2.001 2.001 2.001 2.001 2.001 2.001 2.001 2.001 2.001 2.001 2.001 2.001 2.001 2.001 2.001 2.001 2.001 2.001 2.001 2.001 2.001 2.001 2.001 2.001 2.001 2.001 2.001 2.001 2.001 2.001 2.001 2.001 2.001 2.001 2.001 2.001 2.001 2.001 2.001 2.001 2.001 2.001 2.001 2.001 2.001 2.001 2.001 2.001 2.001 2.001 2.001 2.001 2.001 2.001 2.001 2.001 2.001 2.001 2.001 2.001 2.001 2.001 2.001 2.001 2.001 2.001 2.001 2.001 2.001 2.001 2.001 2.001 2.001 2.001 1.999 2.001 2.001 2.001 2.001 2.001 2.001 2.001 2.001 2.001 1.999 2.001 2.001 2.001 2.001 2.001 2.001 2.001 2.001 2.001 1.999 2.001 2.001 2.001 2.001 2.001 2.001 2.001 2.001 2.001 1.999 2.001 2.001 2.001 2.001 2.001 2.001 2.001 2.001 2.001 1.999 2.001 2.001 2.001 2.001 2.001 2.001 2.001 2.001 2.001 1.999 2.001 2.001 2.001 2.001 2.001 2.001 2.001 2.001 2.001 1.999 2.001 2.001 2.001 2.001 2.001 2.001 2.001 2.001 2.001 1.999 2.001 2.001 2.001 2.001 2.001 2.001 2.001 2.001 2.001 1.999 2.001 2.001 2.001 2.001 2.001 2.001 2.001 2.001 2.001 1.999 2.001 2.001 2.001 1.999 2.001 2.001 1.999 2.001 2.001 2.001 2.001 2.001 2.001 1.999 2.001 2.001 2.001 2.001 2.001 2.001 2.001 2.001 2.001 1.999 2.001 2.001 1.999 2.001 2.001 2.001 2.001 2.001 2.001 2.001 2.001 2.001 1.999 2.001 2.001 2.001 2.001 2.001 2.001 1.999 2.001 2.001 1.999 2.001 2.001 2.001 2.001 2.001 2.001 1.999 2.001 2.001 1.999 2.001 2.001 2.001 2.001 2.001 2.001 1.999 2.001 2.001 1.999 2.001 2.001 2.001 2.001 2.001 2.001 1.999 2.001 2.001 1.999 2.001 2.001 2.001 2.001 2.001 2.001 1.999 2.001 2.001 1.999 2.001 2.001 2.001 2.001 2.001 2.001 1.999 2.001 2.001 1.999 2.001 2.001 2.001 2.001 2.001 2.001 2.001 2.001 2.001 2.001 2.001 2.001 2.001 2.001 2.001 2.001 2.001 2.001 2.001 2.001 2.001 2.001 2.001 2.001 2.001 2.001 2.001 2.001 2.001 2.001 2.001 2.001 2.001 2.001 2.001 2.001 2.001 2.001 2.001 2.001 2.001 2.001 2.001 2.001 2.001 2.001 2.001 2.001 2.001 2.001 2.001 2.001 2.001 2.001 2.001 2.001 2.001 2.001 2.001 2.001 2.001 2.001 2.001 2.001 2.001 2.001 2.001 2.001 2.001 2.001 2.001 2.001 2.001 2.001 2.001 2.001 2.001 2.001 2.001 2.001 2.001 2.001 2.001 2.001 2.001 2.001 2.001 2.001 2.001 2.001 2.001 2.001 2.001 2.001 2.001 2.001 2.001 2.001 2.001 2.001 2.001 2.001 2.001 2.001 2.001 2.001 2.001 2.001 2.001 2.001 2.001 2.001 1.999 2.001 2.001 2.001 2.001 2.001 2.001 2.001 2.001 2.001 1.999 2.001 2.001 2.001 2.001 2.001 2.001 2.001 2.001 2.001 1.999 2.001 2.001 2.001 2.001 2.001 2.001 2.001 2.001 2.001 1.999 2.001 2.001 2.001 2.001 2.001 2.001 2.001 2.001 2.001 1.999 2.001 2.001 2.001 2.001 2.001 2.001 2.001 2.001 2.001 1.999 2.001 2.001 2.001 2.001 2.001 2.001 2.001 2.001 2.001 1.999 2.001 2.001 2.001 2.001 2.001 2.001 2.001 2.001 2.001 1.999 2.001 2.001 2.001 2.001 2.001 2.001 2.001 2.001 2.001 1.999 2.001 2.001 2.001 2.001 2.001 2.001 2.001 2.001 2.001 1.999 2.001 2.001 2.001 2.001 2.001 2.001 2.001 2.001 2.001 1.999 2.001 2.001 2.001 2.001 2.001 2.001 2.001 2.001 2.001 1.999 2.001 2.001 2.001 2.001 2.001 2.001 2.001 2.001 2.001 1.999 2.001 2.001 2.001 2.001 2.001 2.001 2.001 2.001 2.001 1.999 2.001 2.001 2.001 2.001 2.001 2.001 2.001 2.001 2.001 1.999 2.001 2.001 2.001 2.001 2.001 2.001 2.001 2.001 2.001 1.999 2.001 2.001 2.001 2.001 2.001 2.001 2.001 2.001 2.001 1.999 2.001 2.001 2.001 2.001 2.001 2.001 2.001 2.001 2.001 1.999 2.001 2.001 2.001 2.001 2.001 2.001 2.001 2.001 2.001 1.999 2.001 2.001 2.001 2.001 2.001 2.001 2.001 2.001 2.001 1.999 2.001 2.001 2.001 1.999 2.001 2.001 1.999 2.001 2.001 2.001 2.001 2.001 2.001 1.999 2.001 2.001 1.999 2.001 2.001 2.001 2.001 2.001 2.001 1.999 2.001 2.001 1.999 2.001 2.001 2.001 2.001 2.001 2.001 1.999 2.001 2.001 1.999 2.001 2.001 2.001 2.001 2.001 2.001 1.999 2.001 2.001 1.999 2.001 2.001 2.001 2.001 2.001 2.001 2.001 2.001 2.001 1.999 2.001 2.001 2.001 2.001 2.001 2.001 1.999 2.001 2.001 1.999 2.001 2.001 2.001 2.001 2.001 2.001 1.999 2.001 2.001 1.999 2.001 2.001 2.001 2.001 2.001 2.001 1.999 2.001 2.001 1.999 2.001 2.001 2.001 2.001 2.001 2.001 1.999 2.001 2.001 1.999 2.001 2.001 2.001 2.001 2.001 2.001 2.001 2.001 2.001 2.001 2.001 2.001 2.001 2.001 2.001 2.001 2.001 2.001 2.001 2.001 2.001 2.001 2.001 2.001 2.001 2.001 2.001 2.001 2.001 2.001 2.001 2.001 2.001 2.001 2.001 2.001 2.001 2.001 2.001 2.001 2.001 2.001 2.001 2.001 2.001 2.001 2.001 2.001 2.001 2.001 2.001 2.001 2.001 2.001 2.001 2.001 2.001 2.001 2.001 2.001 2.001 2.001 2.001 2.001 2.001 2.001 2.001 2.001 2.001 2.001 2.001 2.001 2.001 2.001 2.001 2.001 2.001 2.001 2.001 2.001 2.001 2.001 2.001 2.001 2.001 2.001 2.001 2.001 2.001 2.001 2.001 2.001 2.001 2.001 2.001 2.001 2.001 2.001 2.001 2.001 2.001 2.001 2.001 2.001 2.001 2.001 2.001 2.001 2.001 2.001 2.001 2.001 1.999 2.001 2.001 2.001 2.001 2.001 2.001 2.001 2.001 2.001 1.999 2.001 2.001 2.001 2.001 2.001 2.001 2.001 2.001 2.001 1.999 2.001 2.001 2.001 2.001 2.001 2.001 2.001 2.001 2.001 1.999 2.001 2.001 2.001 2.001 2.001 2.001 2.001 2.001 2.001 1.999 2.001 2.001 2.001 2.001 2.001 2.001 2.001 2.001 2.001 1.999 2.001 2.001 2.001 2.001 2.001 2.001 2.001 2.001 2.001 1.999 2.001 2.001 2.001 2.001 2.001 2.001 2.001 2.001 2.001 1.999 2.001 2.001 2.001 2.001 2.001 2.001 2.001 2.001 2.001 1.999 2.001 2.001 2.001 2.001 2.001 2.001 2.001 2.001 2.001 1.999 2.001 2.001 2.001 1.999 2.001 2.001 1.999 2.001 2.001 2.001 2.001 2.001 2.001 1.999 2.001 2.001 1.999 2.001 2.001 2.001 2.001 2.001 2.001 1.999 2.001 2.001 1.999 2.001 2.001 2.001 2.001 2.001 2.001 1.999 2.001 2.001 1.999 2.001 2.001 2.001 2.001 2.001 2.001 1.999 2.001 2.001 1.999 2.001 2.001 2.001 2.001 2.001 2.001 1.999 2.001 2.001 1.999 2.001 2.001 2.001 2.001 2.001 2.001 1.999 2.001 2.001 1.999 2.001 2.001 2.001 2.001 2.001 2.001 1.999 2.001 2.001 1.999 2.001 2.001 2.001 2.001 2.001 2.001 1.999 2.001 2.001 1.999 2.001 2.001 2.001 2.001 2.001 2.001 1.999 2.001 2.001 1.999 2.001 2.001 2.001 2.001 2.001 2.001 2.001 2.001 2.001 2.001 2.001 2.001 2.001 2.001 2.001 2.001 2.001 2.001 2.001 2.001 2.001 2.001 2.001 2.001 2.001 2.001 2.001 2.001 2.001 2.001 2.001 2.001 2.001 2.001 2.001 2.001 2.001 2.001 2.001 2.001 2.001 2.001 2.001 2.001 2.001 2.001 2.001 2.001 2.001 2.001 2.001 2.001 2.001 2.001 2.001 2.001 2.001 2.001 2.001 2.001 2.001 2.001 2.001 2.001 2.001 2.001 2.001 2.001 2.001 2.001 2.001 2.001 2.001 2.001 2.001 2.001 2.001 2.001 2.001 2.001 2.001 2.001 2.001 2.001 2.001 2.001 2.001 2.001 2.001 2.001 2.001 2.001 2.001 2.001 2.001 2.001 2.001 2.001 2.001 2.001 2.001 2.001 2.001 2.001 2.001 2.001 2.001 2.001 2.001 2.001 2.001 2.001 1.999 2.001 2.001 2.001 2.001 2.001 2.001 2.001 2.001 2.001 1.999 2.001 2.001 2.001 2.001 2.001 2.001 2.001 2.001 2.001 1.999 2.001 2.001 2.001 2.001 2.001 2.001 2.001 2.001 2.001 1.999 2.001 2.001 2.001 2.001 2.001 2.001 2.001 2.001 2.001 1.999 2.001 2.001 2.001 2.001 2.001 2.001 2.001 2.001 2.001 2.001 2.001 2.001 2.001 2.001 2.001 2.001 2.001 2.001 2.001 1.999 2.001 2.001 2.001 2.001 2.001 2.001 2.001 2.001 2.001 1.999 2.001 2.001 2.001 2.001 2.001 2.001 2.001 2.001 2.001 1.999 2.001 2.001 2.001 2.001 2.001 2.001 2.001 2.001 2.001 1.999 2.001 2.001 2.001 1.999 2.001 2.001 1.999 2.001 2.001 2.001 2.001 2.001 2.001 1.999 2.001 2.001 1.999 2.001 2.001 2.001 2.001 2.001 2.001 1.999 2.001 2.001 1.999 2.001 2.001 2.001 2.001 2.001 2.001 1.999 2.001 2.001 2.001 2.001 2.001 2.001 2.001 2.001 2.001 1.999 2.001 2.001 1.999 2.001 2.001 2.001 2.001 2.001 2.001 1.999 2.001 2.001 1.999 2.001 2.001 2.001 2.001 2.001 2.001 1.999 2.001 2.001 1.999 2.001 2.001 2.001 2.001 2.001 2.001 1.999 2.001 2.001 1.999 2.001 2.001 2.001 2.001 2.001 2.001 1.999 2.001 2.001 1.999 2.001 2.001 2.001 2.001 2.001 2.001 1.999 2.001 2.001 1.999 2.001 2.001 2.001 2.001 2.001 2.001 2.001 2.001 2.001 2.001 2.001 2.001 2.001 2.001 2.001 2.001 2.001 2.001 2.001 2.001 2.001 2.001 2.001 2.001 2.001 2.001 2.001 2.001 2.001 2.001 2.001 2.001 2.001 2.001 2.001 2.001 2.001 2.001 2.001 2.001 2.001 2.001 2.001 2.001 2.001 2.001 2.001 2.001 2.001 2.001 2.001 2.001 2.001 2.001 2.001 2.001 2.001 2.001 2.001 2.001 2.001 2.001 2.001 2.001 2.001 2.001 2.001 2.001 2.001 2.001 2.001 2.001 2.001 2.001 2.001 2.001 2.001 2.001 2.001 2.001 2.001 2.001 2.001 2.001 2.001 2.001 2.001 2.001 2.001 2.001 2.001 2.001 2.001 2.001 2.001 2.001 2.001 2.001 2.001 2.001 2.001 2.001 2.001 2.001 2.001 2.001 2.001 2.001 2.001 2.001 2.001 2.001 1.999 2.001 2.001 2.001 2.001 2.001 2.001 2.001 2.001 2.001 1.999 2.001 2.001 2.001 2.001 2.001 2.001 2.001 2.001 2.001 1.999 2.001 2.001 2.001 2.001 2.001 2.001 2.001 2.001 2.001 1.999 2.001 2.001 2.001 2.001 2.001 2.001 2.001 2.001 2.001 1.999 2.001 2.001 2.001 2.001 2.001 2.001 2.001 2.001 2.001 1.999 2.001 2.001 2.001 2.001 2.001 2.001 2.001 2.001 2.001 1.999 2.001 2.001 2.001 2.001 2.001 2.001 2.001 2.001 2.001 1.999 2.001 2.001 2.001 2.001 2.001 2.001 2.001 2.001 2.001 1.999 2.001 2.001 2.001 2.001 2.001 2.001 2.001 2.001 2.001 1.999 2.001 2.001 2.001 2.001 2.001 2.001 2.001 2.001 2.001 1.999 2.001 2.001 2.001 2.001 2.001 2.001 2.001 2.001 2.001 1.999 2.001 2.001 2.001 2.001 2.001 2.001 2.001 2.001 2.001 1.999 2.001 2.001 2.001 2.001 2.001 2.001 2.001 2.001 2.001 1.999 2.001 2.001 2.001 2.001 2.001 2.001 2.001 2.001 2.001 1.999 2.001 2.001 2.001 2.001 2.001 2.001 2.001 2.001 2.001 1.999 2.001 2.001 2.001 2.001 2.001 2.001 2.001 2.001 2.001 1.999 2.001 2.001 2.001 2.001 2.001 2.001 2.001 2.001 2.001 1.999 2.001 2.001 2.001 2.001 2.001 2.001 2.001 2.001 2.001 1.999 2.001 2.001 2.001 2.001 2.001 2.001 2.001 2.001 2.001 1.999 2.001 2.001 2.001 1.999 2.001 2.001 1.999 2.001 2.001 2.001 2.001 2.001 2.001 1.999 2.001 2.001 1.999 2.001 2.001 2.001 2.001 2.001 2.001 1.999 2.001 2.001 1.999 2.001 2.001 2.001 2.001 2.001 2.001 1.999 2.001 2.001 1.999 2.001 2.001 2.001 2.001 2.001 2.001 1.999 2.001 2.001 1.999 2.001 2.001 2.001 2.001 2.001 2.001 1.999 2.001 2.001 1.999 2.001 2.001 2.001 2.001 2.001 2.001 1.999 2.001 2.001 1.999 2.001 2.001 2.001 2.001 2.001 2.001 1.999 2.001 2.001 1.999 2.001 2.001 2.001 2.001 2.001 2.001 1.999 2.001 2.001 1.999 2.001 2.001 2.001 2.001 2.001 2.001 1.999 2.001 2.001 1.999 2.001 2.001 2.001 2.001 2.001 2.001 2.001 2.001 2.001 2.001 2.001 2.001 2.001 2.001 2.001 2.001 2.001 2.001 2.001 2.001 2.001 2.001 2.001 2.001 2.001 2.001 2.001 2.001 2.001 2.001 2.001 2.001 2.001 2.001 2.001 2.001 2.001 2.001 2.001 2.001 2.001 2.001 2.001 2.001 2.001 2.001 2.001 2.001 2.001 2.001 2.001 2.001 2.001 2.001 2.001 2.001 2.001 2.001 2.001 2.001 2.001 2.001 2.001 2.001 2.001 2.001 2.001 2.001 2.001 2.001 2.001 2.001 2.001 2.001 2.001 2.001 2.001 2.001 2.001 2.001 2.001 2.001 2.001 2.001 2.001 2.001 2.001 2.001 2.001 2.001 2.001 2.001 2.001 2.001 2.001 2.001 2.001 2.001 2.001 2.001 2.001 2.001 2.001 2.001 2.001 2.001 2.001 2.001 2.001 2.001 2.001 2.001 1.999 2.001 2.001 2.001 2.001 2.001 2.001 2.001 2.001 2.001 1.999 2.001 2.001 2.001 2.001 2.001 2.001 2.001 2.001 2.001 1.999 2.001 2.001 2.001 2.001 2.001 2.001 2.001 2.001 2.001 1.999 2.001 2.001 2.001 2.001 2.001 2.001 2.001 2.001 2.001 1.999 2.001 2.001 2.001 2.001 2.001 2.001 2.001 2.001 2.001 1.999 2.001 2.001 2.001 2.001 2.001 2.001 2.001 2.001 2.001 1.999 2.001 2.001 2.001 2.001 2.001 2.001 2.001 2.001 2.001 1.999 2.001 2.001 2.001 2.001 2.001 2.001 2.001 2.001 2.001 1.999 2.001 2.001 2.001 2.001 2.001 2.001 2.001 2.001 2.001 1.999 2.001 2.001 2.001 1.999 2.001 2.001 1.999 2.001 2.001 2.001 2.001 2.001 2.001 1.999 2.001 2.001 1.999 2.001 2.001 2.001 2.001 2.001 2.001 1.999 2.001 2.001 1.999 2.001 2.001 2.001 2.001 2.001 2.001 1.999 2.001 2.001 1.999 2.001 2.001 2.001 2.001 2.001 2.001 1.999 2.001 2.001 1.999 2.001 2.001 2.001 2.001 2.001 2.001 1.999 2.001 2.001 1.999 2.001 2.001 2.001 2.001 2.001 2.001 1.999 2.001 2.001 1.999 2.001 2.001 2.001 2.001 2.001 2.001 1.999 2.001 2.001 1.999 2.001 2.001 2.001 2.001 2.001 2.001 1.999 2.001 2.001 1.999 2.001 2.001 2.001 2.001 2.001 2.001 1.999 2.001 2.001 1.999 2.001 2.001 2.001 2.001 2.001 2.001 2.001 2.001 2.001 2.001 2.001 2.001 2.001 2.001 2.001 2.001 2.001 2.001 2.001 2.001 2.001 2.001 2.001 2.001 2.001 2.001 2.001 2.001 2.001 2.001 2.001 2.001 2.001 2.001 2.001 2.001 2.001 2.001 2.001 2.001 2.001 2.001 2.001 2.001 2.001 2.001 2.001 2.001 2.001 2.001 2.001 2.001 2.001 2.001 2.001 2.001 2.001 2.001 2.001 2.001 2.001 2.001 2.001 2.001 2.001 2.001 2.001 2.001 2.001 2.001 2.001 2.001 2.001 2.001 2.001 2.001 2.001 2.001 2.001 2.001 2.001 2.001 2.001 2.001 2.001 2.001 2.001 2.001 2.001 2.001 2.001 2.001 2.001 2.001 2.001 2.001 2.001 2.001 2.001 2.001 2.001 2.001 2.001 2.001 2.001 2.001 2.001 2.001 2.001 2.001 2.001 2.001 1.999 2.001 2.001 2.001 2.001 2.001 2.001 2.001 2.001 2.001 1.999 2.001 2.001 2.001 2.001 2.001 2.001 2.001 2.001 2.001 1.999 2.001 2.001 2.001 2.001 2.001 2.001 2.001 2.001 2.001 1.999 2.001 2.001 2.001 2.001 2.001 2.001 2.001 2.001 2.001 1.999 2.001 2.001 2.001 2.001 2.001 2.001 2.001 2.001 2.001 1.999 2.001 2.001 2.001 2.001 2.001 2.001 2.001 2.001 2.001 1.999 2.001 2.001 2.001 2.001 2.001 2.001 2.001 2.001 2.001 1.999 2.001 2.001 2.001 2.001 2.001 2.001 2.001 2.001 2.001 1.999 2.001 2.001 2.001 2.001 2.001 2.001 2.001 2.001 2.001 1.999 2.001 2.001 2.001 1.999 2.001 2.001 1.999 2.001 2.001 2.001 2.001 2.001 2.001 1.999 2.001 2.001 1.999 2.001 2.001 2.001 2.001 2.001 2.001 1.999 2.001 2.001 1.999 2.001 2.001 2.001 2.001 2.001 2.001 1.999 2.001 2.001 1.999 2.001 2.001 2.001 2.001 2.001 2.001 1.999 2.001 2.001 1.999 2.001 2.001 2.001 2.001 2.001 2.001 1.999 2.001 2.001 1.999 2.001 2.001 2.001 2.001 2.001 2.001 1.999 2.001 2.001 1.999 2.001 2.001 2.001 2.001 2.001 2.001 1.999 2.001 2.001 1.999 2.001 2.001 2.001 2.001 2.001 2.001 1.999 2.001 2.001 1.999 2.001 2.001 2.001 2.001 2.001 2.001 1.999 2.001 2.001 1.999 2.001 2.001 2.001 2.001 2.001 2.001 2.001 2.001 2.001 2.001 2.001 2.001 2.001 2.001 2.001 2.001 2.001 2.001 2.001 2.001 2.001 2.001 2.001 2.001 2.001 2.001 2.001 2.001 2.001 2.001 2.001 2.001 2.001 2.001 2.001 2.001 2.001 2.001 2.001 2.001 2.001 2.001 2.001 2.001 2.001 2.001 2.001 2.001 2.001 2.001 2.001 2.001 2.001 2.001 2.001 2.001 2.001 2.001 2.001 2.001 2.001 2.001 2.001 2.001 2.001 2.001 2.001 2.001 2.001 2.001 2.001 2.001 2.001 2.001 2.001 2.001 2.001 2.001 2.001 2.001 2.001 2.001 2.001 2.001 2.001 2.001 2.001 2.001 2.001 2.001 2.001 2.001 2.001 2.001 2.001 2.001 2.001 2.001 2.001 2.001 2.001 2.001 2.001 2.001 2.001 2.001 2.001 2.001 2.001 2.001 2.001 2.001 1.999 2.001 2.001 2.001 2.001 2.001 2.001 2.001 2.001 2.001 1.999 2.001 2.001 2.001 2.001 2.001 2.001 2.001 2.001 2.001 1.999 2.001 2.001 2.001 2.001 2.001 2.001 2.001 2.001 2.001 1.999 2.001 2.001 2.001 2.001 2.001 2.001 2.001 2.001 2.001 1.999 2.001 2.001 2.001 2.001 2.001 2.001 2.001 2.001 2.001 1.999 2.001 2.001 2.001 2.001 2.001 2.001 2.001 2.001 2.001 1.999 2.001 2.001 2.001 2.001 2.001 2.001 2.001 2.001 2.001 1.999 2.001 2.001 2.001 2.001 2.001 2.001 2.001 2.001 2.001 1.999 2.001 2.001 2.001 2.001 2.001 2.001 2.001 2.001 2.001 1.999 2.001 2.001 2.001 2.001 2.001 2.001 2.001 2.001 2.001 1.999 2.001 2.001 2.001 2.001 2.001 2.001 2.001 2.001 2.001 1.999 2.001 2.001 2.001 2.001 2.001 2.001 2.001 2.001 2.001 1.999 2.001 2.001 2.001 2.001 2.001 2.001 2.001 2.001 2.001 1.999 2.001 2.001 2.001 2.001 2.001 2.001 2.001 2.001 2.001 1.999 2.001 2.001 2.001 2.001 2.001 2.001 2.001 2.001 2.001 1.999 2.001 2.001 2.001 2.001 2.001 2.001 2.001 2.001 2.001 1.999 2.001 2.001 2.001 2.001 2.001 2.001 2.001 2.001 2.001 1.999 2.001 2.001 2.001 2.001 2.001 2.001 2.001 2.001 2.001 1.999 2.001 2.001 2.001 2.001 2.001 2.001 2.001 2.001 2.001 1.999 2.001 2.001 2.001 1.999 2.001 2.001 1.999 2.001 2.001 2.001 2.001 2.001 2.001 1.999 2.001 2.001 1.999 2.001 2.001 2.001 2.001 2.001 2.001 1.999 2.001 2.001 1.999 2.001 2.001 2.001 2.001 2.001 2.001 1.999 2.001 2.001 1.999 2.001 2.001 2.001 2.001 2.001 2.001 1.999 2.001 2.001 2.001 2.001 2.001 2.001 2.001 2.001 2.001 1.999 2.001 2.001 1.999 2.001 2.001 2.001 2.001 2.001 2.001 1.999 2.001 2.001 2.001 2.001 2.001 2.001 2.001 2.001 2.001 1.999 2.001 2.001 1.999 2.001 2.001 2.001 2.001 2.001 2.001 1.999 2.001 2.001 1.999 2.001 2.001 2.001 2.001 2.001 2.001 1.999 2.001 2.001 1.999 2.001 2.001 2.001 2.001 2.001 2.001 2.001 2.001 2.001 2.001 2.001 2.001 2.001 2.001 2.001 2.001 2.001 2.001 2.001 2.001 2.001 2.001 2.001 2.001 2.001 2.001 2.001 2.001 2.001 2.001 2.001 2.001 2.001 2.001 2.001 2.001 2.001 2.001 2.001 2.001 2.001 2.001 2.001 2.001 2.001 2.001 2.001 2.001 2.001 2.001 2.001 2.001 2.001 2.001 2.001 2.001 2.001 2.001 2.001 2.001 2.001 2.001 2.001 2.001 2.001 2.001 2.001 2.001 2.001 2.001 2.001 2.001 2.001 2.001 2.001 2.001 2.001 2.001 2.001 2.001 2.001 2.001 2.001 2.001 2.001 2.001 2.001 2.001 2.001 2.001 2.001 2.001 2.001 2.001 2.001 2.001 2.001 2.001 2.001 2.001 2.001 2.001 2.001 2.001 2.001 2.001 2.001 2.001 2.001 2.001 2.001 2.001 1.999 2.001 2.001 2.001 2.001 2.001 2.001 2.001 2.001 2.001 1.999 2.001 2.001 2.001 2.001 2.001 2.001 2.001 2.001 2.001 1.999 2.001 2.001 2.001 2.001 2.001 2.001 2.001 2.001 2.001 1.999 2.001 2.001 2.001 2.001 2.001 2.001 2.001 2.001 2.001 1.999 2.001 2.001 2.001 2.001 2.001 2.001 2.001 2.001 2.001 1.999 2.001 2.001 2.001 2.001 2.001 2.001 2.001 2.001 2.001 1.999 2.001 2.001 2.001 2.001 2.001 2.001 2.001 2.001 2.001 1.999 2.001 2.001 2.001 2.001 2.001 2.001 2.001 2.001 2.001 1.999 2.001 2.001 2.001 2.001 2.001 2.001 2.001 2.001 2.001 1.999 2.001 2.001 2.001 1.999 2.001 2.001 1.999 2.001 2.001 2.001 2.001 2.001 2.001 1.999 2.001 2.001 1.999 2.001 2.001 2.001 2.001 2.001 2.001 1.999 2.001 2.001 1.999 2.001 2.001 2.001 2.001 2.001 2.001 1.999 2.001 2.001 1.999 2.001 2.001 2.001 2.001 2.001 2.001 1.999 2.001 2.001 1.999 2.001 2.001 2.001 2.001 2.001 2.001 1.999 2.001 2.001 1.999 2.001 2.001 2.001 2.001 2.001 2.001 1.999 2.001 2.001 1.999 2.001 2.001 2.001 2.001 2.001 2.001 1.999 2.001 2.001 1.999 2.001 2.001 2.001 2.001 2.001 2.001 1.999 2.001 2.001 1.999 2.001 2.001 2.001 2.001 2.001 2.001 1.999 2.001 2.001 1.999 2.001 2.001 2.001 2.001 2.001 2.001 2.001 2.001 2.001 2.001 2.001 2.001 2.001 2.001 2.001 2.001 2.001 2.001 2.001 2.001 2.001 2.001 2.001 2.001 2.001 2.001 2.001 2.001 2.001 2.001 2.001 2.001 2.001 2.001 2.001 2.001 2.001 2.001 2.001 2.001 2.001 2.001 2.001 2.001 2.001 2.001 2.001 2.001 2.001 2.001 2.001 2.001 2.001 2.001 2.001 2.001 2.001 2.001 2.001 2.001 2.001 2.001 2.001 2.001 2.001 2.001 2.001 2.001 2.001 2.001 2.001 2.001 2.001 2.001 2.001 2.001 2.001 2.001 2.001 2.001 2.001 2.001 2.001 2.001 2.001 2.001 2.001 2.001 2.001 2.001 2.001 2.001 2.001 2.001 2.001 2.001 2.001 2.001 2.001 2.001 2.001 2.001 2.001 2.001 2.001 2.001 2.001 2.001 2.001 2.001 2.001 2.001 1.999 2.001 2.001 2.001 2.001 2.001 2.001 2.001 2.001 2.001 1.999 2.001 2.001 2.001 2.001 2.001 2.001 2.001 2.001 2.001 1.999 2.001 2.001 2.001 2.001 2.001 2.001 2.001 2.001 2.001 1.999 2.001 2.001 2.001 2.001 2.001 2.001 2.001 2.001 2.001 1.999 2.001 2.001 2.001 2.001 2.001 2.001 2.001 2.001 2.001 1.999 2.001 2.001 2.001 2.001 2.001 2.001 2.001 2.001 2.001 1.999 2.001 2.001 2.001 2.001 2.001 2.001 2.001 2.001 2.001 1.999 2.001 2.001 2.001 2.001 2.001 2.001 2.001 2.001 2.001 1.999 2.001 2.001 2.001 2.001 2.001 2.001 2.001 2.001 2.001 1.999 2.001 2.001 2.001 1.999 2.001 2.001 1.999 2.001 2.001 2.001 2.001 2.001 2.001 1.999 2.001 2.001 1.999 2.001 2.001 2.001 2.001 2.001 2.001 1.999 2.001 2.001 1.999 2.001 2.001 2.001 2.001 2.001 2.001 1.999 2.001 2.001 1.999 2.001 2.001 2.001 2.001 2.001 2.001 1.999 2.001 2.001 1.999 2.001 2.001 2.001 2.001 2.001 2.001 1.999 2.001 2.001 1.999 2.001 2.001 2.001 2.001 2.001 2.001 1.999 2.001 2.001 1.999 2.001 2.001 2.001 2.001 2.001 2.001 1.999 2.001 2.001 1.999 2.001 2.001 2.001 2.001 2.001 2.001 1.999 2.001 2.001 1.999 2.001 2.001 2.001 2.001 2.001 2.001 1.999 2.001 2.001 1.999 2.001 2.001 2.001 2.001 2.001 2.001 2.001 2.001 2.001 2.001 2.001 2.001 2.001 2.001 2.001 2.001 2.001 2.001 2.001 2.001 2.001 2.001 2.001 2.001 2.001 2.001 2.001 2.001 2.001 2.001 2.001 2.001 2.001 2.001 2.001 2.001 2.001 2.001 2.001 2.001 2.001 2.001 2.001 2.001 2.001 2.001 2.001 2.001 2.001 2.001 2.001 2.001 2.001 2.001 2.001 2.001 2.001 2.001 2.001 2.001 2.001 2.001 2.001 2.001 2.001 2.001 2.001 2.001 2.001 2.001 2.001 2.001 2.001 2.001 2.001 2.001 2.001 2.001 2.001 2.001 2.001 2.001 2.001 2.001 2.001 2.001 2.001 2.001 2.001 2.001 2.001 2.001 2.001 2.001 2.001 2.001 2.001 2.001 2.001 2.001 2.001 2.001 2.001 2.001 2.001 2.001 2.001 2.001 2.001 2.001 2.001 2.001 1.999 2.001 2.001 2.001 2.001 2.001 2.001 2.001 2.001 2.001 1.999 2.001 2.001 2.001 2.001 2.001 2.001 2.001 2.001 2.001 1.999 2.001 2.001 2.001 2.001 2.001 2.001 2.001 2.001 2.001 1.999 2.001 2.001 2.001 2.001 2.001 2.001 2.001 2.001 2.001 1.999 2.001 2.001 2.001 2.001 2.001 2.001 2.001 2.001 2.001 1.999 2.001 2.001 2.001 2.001 2.001 2.001 2.001 2.001 2.001 1.999 2.001 2.001 2.001 2.001 2.001 2.001 2.001 2.001 2.001 1.999 2.001 2.001 2.001 2.001 2.001 2.001 2.001 2.001 2.001 1.999 2.001 2.001 2.001 2.001 2.001 2.001 2.001 2.001 2.001 1.999 2.001 2.001 2.001 2.001 2.001 2.001 2.001 2.001 2.001 1.999 2.001 2.001 2.001 2.001 2.001 2.001 2.001 2.001 2.001 1.999 2.001 2.001 2.001 2.001 2.001 2.001 2.001 2.001 2.001 1.999 2.001 2.001 2.001 2.001 2.001 2.001 2.001 2.001 2.001 1.999 2.001 2.001 2.001 2.001 2.001 2.001 2.001 2.001 2.001 1.999 2.001 2.001 2.001 2.001 2.001 2.001 2.001 2.001 2.001 1.999 2.001 2.001 2.001 2.001 2.001 2.001 2.001 2.001 2.001 1.999 2.001 2.001 2.001 2.001 2.001 2.001 2.001 2.001 2.001 1.999 2.001 2.001 2.001 2.001 2.001 2.001 2.001 2.001 2.001 1.999 2.001 2.001 2.001 2.001 2.001 2.001 2.001 2.001 2.001 1.999 2.001 2.001 2.001 1.999 2.001 2.001 1.999 2.001 2.001 2.001 2.001 2.001 2.001 1.999 2.001 2.001 1.999 2.001 2.001 2.001 2.001 2.001 2.001 1.999 2.001 2.001 1.999 2.001 2.001 2.001 2.001 2.001 2.001 1.999 2.001 2.001 1.999 2.001 2.001 2.001 2.001 2.001 2.001 1.999 2.001 2.001 1.999 2.001 2.001 2.001 2.001 2.001 2.001 1.999 2.001 2.001 1.999 2.001 2.001 2.001 2.001 2.001 2.001 1.999 2.001 2.001 1.999 2.001 2.001 2.001 2.001 2.001 2.001 1.999 2.001 2.001 1.999 2.001 2.001 2.001 2.001 2.001 2.001 1.999 2.001 2.001 1.999 2.001 2.001 2.001 2.001 2.001 2.001 1.999 2.001 2.001 1.999 2.001 2.001 2.001 2.001 2.001 2.001 2.001 2.001 2.001 2.001 2.001 2.001 2.001 2.001 2.001 2.001 2.001 2.001 2.001 2.001 2.001 2.001 2.001 2.001 2.001 2.001 2.001 2.001 2.001 2.001 2.001 2.001 2.001 2.001 2.001 2.001 2.001 2.001 2.001 2.001 2.001 2.001 2.001 2.001 2.001 2.001 2.001 2.001 2.001 2.001 2.001 2.001 2.001 2.001 2.001 2.001 2.001 2.001 2.001 2.001 2.001 2.001 2.001 2.001 2.001 2.001 2.001 2.001 2.001 2.001 2.001 2.001 2.001 2.001 2.001 2.001 2.001 2.001 2.001 2.001 2.001 2.001 2.001 2.001 2.001 2.001 2.001 2.001 2.001 2.001 2.001 2.001 2.001 2.001 2.001 2.001 2.001 2.001 2.001 2.001 2.001 2.001 2.001 2.001 2.001 2.001 2.001 2.001 2.001 2.001 2.001 2.001 1.999 2.001 2.001 2.001 2.001 2.001 2.001 2.001 2.001 2.001 1.999 2.001 2.001 2.001 2.001 2.001 2.001 2.001 2.001 2.001 1.999 2.001 2.001 2.001 2.001 2.001 2.001 2.001 2.001 2.001 1.999 2.001 2.001 2.001 2.001 2.001 2.001 2.001 2.001 2.001 1.999 2.001 2.001 2.001 2.001 2.001 2.001 2.001 2.001 2.001 1.999 2.001 2.001 2.001 2.001 2.001 2.001 2.001 2.001 2.001 1.999 2.001 2.001 2.001 2.001 2.001 2.001 2.001 2.001 2.001 1.999 2.001 2.001 2.001 2.001 2.001 2.001 2.001 2.001 2.001 1.999 2.001 2.001 2.001 2.001 2.001 2.001 2.001 2.001 2.001 1.999 2.001 2.001 2.001 1.999 2.001 2.001 1.999 2.001 2.001 2.001 2.001 2.001 2.001 1.999 2.001 2.001 1.999 2.001 2.001 2.001 2.001 2.001 2.001 1.999 2.001 2.001 1.999 2.001 2.001 2.001 2.001 2.001 2.001 1.999 2.001 2.001 1.999 2.001 2.001 2.001 2.001 2.001 2.001 1.999 2.001 2.001 1.999 2.001 2.001 2.001 2.001 2.001 2.001 1.999 2.001 2.001 1.999 2.001 2.001 2.001 2.001 2.001 2.001 1.999 2.001 2.001 1.999 2.001 2.001 2.001 2.001 2.001 2.001 1.999 2.001 2.001 1.999 2.001 2.001 2.001 2.001 2.001 2.001 1.999 2.001 2.001 1.999 2.001 2.001 2.001 2.001 2.001 2.001 1.999 2.001 2.001 1.999 2.001 2.001 2.001 2.001 2.001 2.001 2.001 2.001 2.001 2.001 2.001 2.001 2.001 2.001 2.001 2.001 2.001 2.001 2.001 2.001 2.001 2.001 2.001 2.001 2.001 2.001 2.001 2.001 2.001 2.001 2.001 2.001 2.001 2.001 2.001 2.001 2.001 2.001 2.001 2.001 2.001 2.001 2.001 2.001 2.001 2.001 2.001 2.001 2.001 2.001 2.001 2.001 2.001 2.001 2.001 2.001 2.001 2.001 2.001 2.001 2.001 2.001 2.001 2.001 2.001 2.001 2.001 2.001 2.001 2.001 2.001 2.001 2.001 2.001 2.001 2.001 2.001 2.001 2.001 2.001 2.001 2.001 2.001 2.001 2.001 2.001 2.001 2.001 2.001 2.001 2.001 2.001 2.001 2.001 2.001 2.001 2.001 2.001 2.001 2.001 2.001 2.001 2.001 2.001 2.001 2.001 2.001 2.001 2.001 2.001 2.001 2.001 1.999 2.001 2.001 2.001 2.001 2.001 2.001 2.001 2.001 2.001 1.999 2.001 2.001 2.001 2.001 2.001 2.001 2.001 2.001 2.001 1.999 2.001 2.001 2.001 2.001 2.001 2.001 2.001 2.001 2.001 1.999 2.001 2.001 2.001 2.001 2.001 2.001 2.001 2.001 2.001 1.999 2.001 2.001 2.001 2.001 2.001 2.001 2.001 2.001 2.001 1.999 2.001 2.001 2.001 2.001 2.001 2.001 2.001 2.001 2.001 1.999 2.001 2.001 2.001 2.001 2.001 2.001 2.001 2.001 2.001 1.999 2.001 2.001 2.001 2.001 2.001 2.001 2.001 2.001 2.001 2.001 2.001 2.001 2.001 2.001 2.001 2.001 2.001 2.001 2.001 1.999 2.001 2.001 2.001 1.999 2.001 2.001 1.999 2.001 2.001 2.001 2.001 2.001 2.001 1.999 2.001 2.001 1.999 2.001 2.001 2.001 2.001 2.001 2.001 1.999 2.001 2.001 1.999 2.001 2.001 2.001 2.001 2.001 2.001 1.999 2.001 2.001 1.999 2.001 2.001 2.001 2.001 2.001 2.001 1.999 2.001 2.001 1.999 2.001 2.001 2.001 2.001 2.001 2.001 1.999 2.001 2.001 1.999 2.001 2.001 2.001 2.001 2.001 2.001 1.999 2.001 2.001 1.999 2.001 2.001 2.001 2.001 2.001 2.001 1.999 2.001 2.001 1.999 2.001 2.001 2.001 2.001 2.001 2.001 1.999 2.001 2.001 1.999 2.001 2.001 2.001 2.001 2.001 2.001 1.999 2.001 2.001 1.999 2.001 2.001 2.001 2.001 2.001 2.001 2.001 2.001 2.001 2.001 2.001 2.001 2.001 2.001 2.001 2.001 2.001 2.001 2.001 2.001 2.001 2.001 2.001 2.001 2.001 2.001 2.001 2.001 2.001 2.001 2.001 2.001 2.001 2.001 2.001 2.001 2.001 2.001 2.001 2.001 2.001 2.001 2.001 2.001 2.001 2.001 2.001 2.001 2.001 2.001 2.001 2.001 2.001 2.001 2.001 2.001 2.001 2.001 2.001 2.001 2.001 2.001 2.001 2.001 2.001 2.001 2.001 2.001 2.001 2.001 2.001 2.001 2.001 2.001 2.001 2.001 2.001 2.001 2.001 2.001 2.001 2.001 2.001 2.001 2.001 2.001 2.001 2.001 2.001 2.001 2.001 2.001 2.001 2.001 2.001 2.001 2.001 2.001 2.001 2.001 2.001 2.001 2.001 2.001 2.001 2.001 2.001 2.001 2.001 2.001 2.001 2.001 1.999 2.001 2.001 2.001 2.001 2.001 2.001 2.001 2.001 2.001 1.999 2.001 2.001 2.001 2.001 2.001 2.001 2.001 2.001 2.001 1.999 2.001 2.001 2.001 2.001 2.001 2.001 2.001 2.001 2.001 1.999 2.001 2.001 2.001 2.001 2.001 2.001 2.001 2.001 2.001 1.999 2.001 2.001 2.001 2.001 2.001 2.001 2.001 2.001 2.001 1.999 2.001 2.001 2.001 2.001 2.001 2.001 2.001 2.001 2.001 1.999 2.001 2.001 2.001 2.001 2.001 2.001 2.001 2.001 2.001 1.999 2.001 2.001 2.001 2.001 2.001 2.001 2.001 2.001 2.001 1.999 2.001 2.001 2.001 2.001 2.001 2.001 2.001 2.001 2.001 1.999 2.001 2.001 2.001 2.001 2.001 2.001 2.001 2.001 2.001 1.999 2.001 2.001 2.001 2.001 2.001 2.001 2.001 2.001 2.001 1.999 2.001 2.001 2.001 2.001 2.001 2.001 2.001 2.001 2.001 1.999 2.001 2.001 2.001 2.001 2.001 2.001 2.001 2.001 2.001 1.999 2.001 2.001 2.001 2.001 2.001 2.001 2.001 2.001 2.001 1.999 2.001 2.001 2.001 2.001 2.001 2.001 2.001 2.001 2.001 1.999 2.001 2.001 2.001 2.001 2.001 2.001 2.001 2.001 2.001 1.999 2.001 2.001 2.001 2.001 2.001 2.001 2.001 2.001 2.001 1.999 2.001 2.001 2.001 2.001 2.001 2.001 2.001 2.001 2.001 1.999 2.001 2.001 2.001 2.001 2.001 2.001 2.001 2.001 2.001 1.999 2.001 2.001 2.001 1.999 2.001 2.001 1.999 2.001 2.001 2.001 2.001 2.001 2.001 1.999 2.001 2.001 1.999 2.001 2.001 2.001 2.001 2.001 2.001 1.999 2.001 2.001 1.999 2.001 2.001 2.001 2.001 2.001 2.001 1.999 2.001 2.001 1.999 2.001 2.001 2.001 2.001 2.001 2.001 1.999 2.001 2.001 1.999 2.001 2.001 2.001 2.001 2.001 2.001 1.999 2.001 2.001 1.999 2.001 2.001 2.001 2.001 2.001 2.001 1.999 2.001 2.001 1.999 2.001 2.001 2.001 2.001 2.001 2.001 1.999 2.001 2.001 1.999 2.001 2.001 2.001 2.001 2.001 2.001 1.999 2.001 2.001 1.999 2.001 2.001 2.001 2.001 2.001 2.001 1.999 2.001 2.001 1.999 2.001 2.001 2.001 2.001 2.001 2.001 2.001 2.001 2.001 2.001 2.001 2.001 2.001 2.001 2.001 2.001 2.001 2.001 2.001 2.001 2.001 2.001 2.001 2.001 2.001 2.001 2.001 2.001 2.001 2.001 2.001 2.001 2.001 2.001 2.001 2.001 2.001 2.001 2.001 2.001 2.001 2.001 2.001 2.001 2.001 2.001 2.001 2.001 2.001 2.001 2.001 2.001 2.001 2.001 2.001 2.001 2.001 2.001 2.001 2.001 2.001 2.001 2.001 2.001 2.001 2.001 2.001 2.001 2.001 2.001 2.001 2.001 2.001 2.001 2.001 2.001 2.001 2.001 2.001 2.001 2.001 2.001 2.001 2.001 2.001 2.001 2.001 2.001 2.001 2.001 2.001 2.001 2.001 2.001 2.001 2.001 2.001 2.001 2.001 2.001 2.001 2.001 2.001 2.001 2.001 2.001 2.001 2.001 2.001 2.001 2.001 2.001 1.999 2.001 2.001 2.001 2.001 2.001 2.001 2.001 2.001 2.001 1.999 2.001 2.001 2.001 2.001 2.001 2.001 2.001 2.001 2.001 1.999 2.001 2.001 2.001 2.001 2.001 2.001 2.001 2.001 2.001 1.999 2.001 2.001 2.001 2.001 2.001 2.001 2.001 2.001 2.001 1.999 2.001 2.001 2.001 2.001 2.001 2.001 2.001 2.001 2.001 1.999 2.001 2.001 2.001 2.001 2.001 2.001 2.001 2.001 2.001 1.999 2.001 2.001 2.001 2.001 2.001 2.001 2.001 2.001 2.001 1.999 2.001 2.001 2.001 2.001 2.001 2.001 2.001 2.001 2.001 1.999 2.001 2.001 2.001 2.001 2.001 2.001 2.001 2.001 2.001 1.999 2.001 2.001 2.001 1.999 2.001 2.001 1.999 2.001 2.001 2.001 2.001 2.001 2.001 1.999 2.001 2.001 1.999 2.001 2.001 2.001 2.001 2.001 2.001 1.999 2.001 2.001 1.999 2.001 2.001 2.001 2.001 2.001 2.001 1.999 2.001 2.001 1.999 2.001 2.001 2.001 2.001 2.001 2.001 1.999 2.001 2.001 1.999 2.001 2.001 2.001 2.001 2.001 2.001 1.999 2.001 2.001 1.999 2.001 2.001 2.001 2.001 2.001 2.001 2.001 2.001 2.001 1.999 2.001 2.001 2.001 2.001 2.001 2.001 1.999 2.001 2.001 1.999 2.001 2.001 2.001 2.001 2.001 2.001 1.999 2.001 2.001 1.999 2.001 2.001 2.001 2.001 2.001 2.001 1.999 2.001 2.001 1.999 2.001 2.001 2.001 2.001 2.001 2.001 2.001 2.001 2.001 2.001 2.001 2.001 2.001 2.001 2.001 2.001 2.001 2.001 2.001 2.001 2.001 2.001 2.001 2.001 2.001 2.001 2.001 2.001 2.001 2.001 2.001 2.001 2.001 2.001 2.001 2.001 2.001 2.001 2.001 2.001 2.001 2.001 2.001 2.001 2.001 2.001 2.001 2.001 2.001 2.001 2.001 2.001 2.001 2.001 2.001 2.001 2.001 2.001 2.001 2.001 2.001 2.001 2.001 2.001 2.001 2.001 2.001 2.001 2.001 2.001 2.001 2.001 2.001 2.001 2.001 2.001 2.001 2.001 2.001 2.001 2.001 2.001 2.001 2.001 2.001 2.001 2.001 2.001 2.001 2.001 2.001 2.001 2.001 2.001 2.001 2.001 2.001 2.001 2.001 2.001 2.001 2.001 2.001 2.001 2.001 2.001 2.001 2.001 2.001 2.001 2.001 2.001 1.999 2.001 2.001 2.001 2.001 2.001 2.001 2.001 2.001 2.001 1.999 2.001 2.001 2.001 2.001 2.001 2.001 2.001 2.001 2.001 1.999 2.001 2.001 2.001 2.001 2.001 2.001 2.001 2.001 2.001 1.999 2.001 2.001 2.001 2.001 2.001 2.001 2.001 2.001 2.001 2.001 2.001 2.001 2.001 2.001 2.001 2.001 2.001 2.001 2.001 1.999 2.001 2.001 2.001 2.001 2.001 2.001 2.001 2.001 2.001 1.999 2.001 2.001 2.001 2.001 2.001 2.001 2.001 2.001 2.001 1.999 2.001 2.001 2.001 2.001 2.001 2.001 2.001 2.001 2.001 1.999 2.001 2.001 2.001 2.001 2.001 2.001 2.001 2.001 2.001 1.999 2.001 2.001 2.001 1.999 2.001 2.001 1.999 2.001 2.001 2.001 2.001 2.001 2.001 1.999 2.001 2.001 1.999 2.001 2.001 2.001 2.001 2.001 2.001 1.999 2.001 2.001 1.999 2.001 2.001 2.001 2.001 2.001 2.001 1.999 2.001 2.001 1.999 2.001 2.001 2.001 2.001 2.001 2.001 1.999 2.001 2.001 1.999 2.001 2.001 2.001 2.001 2.001 2.001 1.999 2.001 2.001 1.999 2.001 2.001 2.001 2.001 2.001 2.001 1.999 2.001 2.001 1.999 2.001 2.001 2.001 2.001 2.001 2.001 1.999 2.001 2.001 1.999 2.001 2.001 2.001 2.001 2.001 2.001 1.999 2.001 2.001 1.999 2.001 2.001 2.001 2.001 2.001 2.001 1.999 2.001 2.001 1.999 2.001 2.001 2.001 2.001 2.001 2.001 2.001 2.001 2.001 2.001 2.001 2.001 2.001 2.001 2.001 2.001 2.001 2.001 2.001 2.001 2.001 2.001 2.001 2.001 2.001 2.001 2.001 2.001 2.001 2.001 2.001 2.001 2.001 2.001 2.001 2.001 2.001 2.001 2.001 2.001 2.001 2.001 2.001 2.001 2.001 2.001 2.001 2.001 2.001 2.001 2.001 2.001 2.001 2.001 2.001 2.001 2.001 2.001 2.001 2.001 2.001 2.001 2.001 2.001 2.001 2.001 2.001 2.001 2.001 2.001 2.001 2.001 2.001 2.001 2.001 2.001 2.001 2.001 2.001 2.001 2.001 2.001 2.001 2.001 2.001 2.001 2.001 2.001 2.001 2.001 2.001 2.001 2.001 2.001 2.001 2.001 2.001 2.001 2.001 2.001 2.001 2.001 2.001 2.001 2.001 2.001 2.001 2.001 2.001 2.001 2.001 2.001 1.999 2.001 2.001 2.001 2.001 2.001 2.001 2.001 2.001 2.001 1.999 2.001 2.001 2.001 2.001 2.001 2.001 2.001 2.001 2.001 1.999 2.001 2.001 2.001 2.001 2.001 2.001 2.001 2.001 2.001 1.999 2.001 2.001 2.001 2.001 2.001 2.001 2.001 2.001 2.001 1.999 2.001 2.001 2.001 2.001 2.001 2.001 2.001 2.001 2.001 1.999 2.001 2.001 2.001 2.001 2.001 2.001 2.001 2.001 2.001 1.999 2.001 2.001 2.001 2.001 2.001 2.001 2.001 2.001 2.001 1.999 2.001 2.001 2.001 2.001 2.001 2.001 2.001 2.001 2.001 1.999 2.001 2.001 2.001 2.001 2.001 2.001 2.001 2.001 2.001 1.999 2.001 2.001 2.001 2.001 2.001 2.001 2.001 2.001 2.001 1.999 2.001 2.001 2.001 2.001 2.001 2.001 2.001 2.001 2.001 1.999 2.001 2.001 2.001 2.001 2.001 2.001 2.001 2.001 2.001 1.999 2.001 2.001 2.001 2.001 2.001 2.001 2.001 2.001 2.001 1.999 2.001 2.001 2.001 2.001 2.001 2.001 2.001 2.001 2.001 1.999 2.001 2.001 2.001 2.001 2.001 2.001 2.001 2.001 2.001 1.999 2.001 2.001 2.001 2.001 2.001 2.001 2.001 2.001 2.001 1.999 2.001 2.001 2.001 2.001 2.001 2.001 2.001 2.001 2.001 1.999 2.001 2.001 2.001 2.001 2.001 2.001 2.001 2.001 2.001 1.999 2.001 2.001 2.001 2.001 2.001 2.001 2.001 2.001 2.001 1.999 2.001 2.001 2.001 1.999 2.001 2.001 1.999 2.001 2.001 2.001 2.001 2.001 2.001 1.999 2.001 2.001 1.999 2.001 2.001 2.001 2.001 2.001 2.001 1.999 2.001 2.001 1.999 2.001 2.001 2.001 2.001 2.001 2.001 1.999 2.001 2.001 1.999 2.001 2.001 2.001 2.001 2.001 2.001 1.999 2.001 2.001 2.001 2.001 2.001 2.001 2.001 2.001 2.001 1.999 2.001 2.001 1.999 2.001 2.001 2.001 2.001 2.001 2.001 1.999 2.001 2.001 1.999 2.001 2.001 2.001 2.001 2.001 2.001 1.999 2.001 2.001 1.999 2.001 2.001 2.001 2.001 2.001 2.001 1.999 2.001 2.001 1.999 2.001 2.001 2.001 2.001 2.001 2.001 1.999 2.001 2.001 1.999 2.001 2.001 2.001 2.001 2.001 2.001 2.001 2.001 2.001 2.001 2.001 2.001 2.001 2.001 2.001 2.001 2.001 2.001 2.001 2.001 2.001 2.001 2.001 2.001 2.001 2.001 2.001 2.001 2.001 2.001 2.001 2.001 2.001 2.001 2.001 2.001 2.001 2.001 2.001 2.001 2.001 2.001 2.001 2.001 2.001 2.001 2.001 2.001 2.001 2.001 2.001 2.001 2.001 2.001 2.001 2.001 2.001 2.001 2.001 2.001 2.001 2.001 2.001 2.001 2.001 2.001 2.001 2.001 2.001 2.001 2.001 2.001 2.001 2.001 2.001 2.001 2.001 2.001 2.001 2.001 2.001 2.001 2.001 2.001 2.001 2.001 2.001 2.001 2.001 2.001 2.001 2.001 2.001 2.001 2.001 2.001 2.001 2.001 2.001 2.001 2.001 2.001 2.001 2.001 2.001 2.001 2.001 2.001 2.001 2.001 2.001 2.001 1.999 2.001 2.001 2.001 2.001 2.001 2.001 2.001 2.001 2.001 1.999 2.001 2.001 2.001 2.001 2.001 2.001 2.001 2.001 2.001 1.999 2.001 2.001 2.001 2.001 2.001 2.001 2.001 2.001 2.001 1.999 2.001 2.001 2.001 2.001 2.001 2.001 2.001 2.001 2.001 1.999 2.001 2.001 2.001 2.001 2.001 2.001 2.001 2.001 2.001 1.999 2.001 2.001 2.001 2.001 2.001 2.001 2.001 2.001 2.001 1.999 2.001 2.001 2.001 2.001 2.001 2.001 2.001 2.001 2.001 1.999 2.001 2.001 2.001 2.001 2.001 2.001 2.001 2.001 2.001 1.999 2.001 2.001 2.001 2.001 2.001 2.001 2.001 2.001 2.001 1.999 2.001 2.001 2.001 1.999 2.001 2.001 1.999 2.001 2.001 2.001 2.001 2.001 2.001 1.999 2.001 2.001 1.999 2.001 2.001 2.001 2.001 2.001 2.001 1.999 2.001 2.001 1.999 2.001 2.001 2.001 2.001 2.001 2.001 1.999 2.001 2.001 1.999 2.001 2.001 2.001 2.001 2.001 2.001 1.999 2.001 2.001 1.999 2.001 2.001 2.001 2.001 2.001 2.001 1.999 2.001 2.001 1.999 2.001 2.001 2.001 2.001 2.001 2.001 1.999 2.001 2.001 1.999 2.001 2.001 2.001 2.001 2.001 2.001 1.999 2.001 2.001 1.999 2.001 2.001 2.001 2.001 2.001 2.001 1.999 2.001 2.001 1.999 2.001 2.001 2.001 2.001 2.001 2.001 1.999 2.001 2.001 1.999 2.001 2.001 2.001 2.001 2.001 2.001 2.001 2.001 2.001 2.001 2.001 2.001 2.001 2.001 2.001 2.001 2.001 2.001 2.001 2.001 2.001 2.001 2.001 2.001 2.001 2.001 2.001 2.001 2.001 2.001 2.001 2.001 2.001 2.001 2.001 2.001 2.001 2.001 2.001 2.001 2.001 2.001 2.001 2.001 2.001 2.001 2.001 2.001 2.001 2.001 2.001 2.001 2.001 2.001 2.001 2.001 2.001 2.001 2.001 2.001 2.001 2.001 2.001 2.001 2.001 2.001 2.001 2.001 2.001 2.001 2.001 2.001 2.001 2.001 2.001 2.001 2.001 2.001 2.001 2.001 2.001 2.001 2.001 2.001 2.001 2.001 2.001 2.001 2.001 2.001 2.001 2.001 2.001 2.001 2.001 2.001 2.001 2.001 2.001 2.001 2.001 2.001 2.001 2.001 2.001 2.001 2.001 2.001 2.001 2.001 2.001 2.001 1.999 2.001 2.001 2.001 2.001 2.001 2.001 2.001 2.001 2.001 1.999 2.001 2.001 2.001 2.001 2.001 2.001 2.001 2.001 2.001 1.999 2.001 2.001 2.001 2.001 2.001 2.001 2.001 2.001 2.001 1.999 2.001 2.001 2.001 2.001 2.001 2.001 2.001 2.001 2.001 1.999 2.001 2.001 2.001 2.001 2.001 2.001 2.001 2.001 2.001 1.999 2.001 2.001 2.001 2.001 2.001 2.001 2.001 2.001 2.001 1.999 2.001 2.001 2.001 2.001 2.001 2.001 2.001 2.001 2.001 1.999 2.001 2.001 2.001 2.001 2.001 2.001 2.001 2.001 2.001 1.999 2.001 2.001 2.001 2.001 2.001 2.001 2.001 2.001 2.001 1.999 2.001 2.001 2.001 2.001 2.001 2.001 1.999 2.001 2.001 2.001 2.001 2.001 2.001 1.999 2.001 2.001 1.999 2.001 2.001 2.001 2.001 2.001 2.001 1.999 2.001 2.001 1.999 2.001 2.001 2.001 2.001 2.001 2.001 1.999 2.001 2.001 1.999 2.001 2.001 2.001 2.001 2.001 2.001 1.999 2.001 2.001 1.999 2.001 2.001 2.001 2.001 2.001 2.001 1.999 2.001 2.001 1.999 2.001 2.001 2.001 2.001 2.001 2.001 1.999 2.001 2.001 1.999 2.001 2.001 2.001 2.001 2.001 2.001 1.999 2.001 2.001 1.999 2.001 2.001 2.001 2.001 2.001 2.001 1.999 2.001 2.001 1.999 2.001 2.001 2.001 2.001 2.001 2.001 1.999 2.001 2.001 1.999 2.001 2.001 2.001 2.001 2.001 2.001 2.001 2.001 2.001 2.001 2.001 2.001 2.001 2.001 2.001 2.001 2.001 2.001 2.001 2.001 2.001 2.001 2.001 2.001 2.001 2.001 2.001 2.001 2.001 2.001 2.001 2.001 2.001 2.001 2.001 2.001 2.001 2.001 2.001 2.001 2.001 2.001 2.001 2.001 2.001 2.001 2.001 2.001 2.001 2.001 2.001 2.001 2.001 2.001 2.001 2.001 2.001 2.001 2.001 2.001 2.001 2.001 2.001 2.001 2.001 2.001 2.001 2.001 2.001 2.001 2.001 2.001 2.001 2.001 2.001 2.001 2.001 2.001 2.001 2.001 2.001 2.001 2.001 2.001 2.001 2.001 2.001 2.001 2.001 2.001 2.001 2.001 2.001 2.001 2.001 2.001 2.001 2.001 2.001 2.001 2.001 2.001 2.001 2.001 2.001 2.001 2.001 2.001 2.001 2.001 2.001 2.001 1.999 2.001 2.001 2.001 2.001 2.001 2.001 2.001 2.001 2.001 1.999 2.001 2.001 2.001 2.001 2.001 2.001 2.001 2.001 2.001 1.999 2.001 2.001 2.001 2.001 2.001 2.001 2.001 2.001 2.001 1.999 2.001 2.001 2.001 2.001 2.001 2.001 2.001 2.001 2.001 1.999 2.001 2.001 2.001 2.001 2.001 2.001 2.001 2.001 2.001 1.999 2.001 2.001 2.001 2.001 2.001 2.001 2.001 2.001 2.001 1.999 2.001 2.001 2.001 2.001 2.001 2.001 2.001 2.001 2.001 1.999 2.001 2.001 2.001 2.001 2.001 2.001 2.001 2.001 2.001 1.999 2.001 2.001 2.001 2.001 2.001 2.001 2.001 2.001 2.001 1.999 2.001 2.001 2.001 2.001 2.001 2.001 2.001 2.001 2.001 1.999 2.001 2.001 2.001 2.001 2.001 2.001 2.001 2.001 2.001 1.999 2.001 2.001 2.001 2.001 2.001 2.001 2.001 2.001 2.001 1.999 2.001 2.001 2.001 2.001 2.001 2.001 2.001 2.001 2.001 1.999 2.001 2.001 2.001 2.001 2.001 2.001 2.001 2.001 2.001 1.999 2.001 2.001 2.001 2.001 2.001 2.001 2.001 2.001 2.001 1.999 2.001 2.001 2.001 2.001 2.001 2.001 2.001 2.001 2.001 1.999 2.001 2.001 2.001 2.001 2.001 2.001 2.001 2.001 2.001 1.999 2.001 2.001 2.001 2.001 2.001 2.001 2.001 2.001 2.001 1.999 2.001 2.001 2.001 2.001 2.001 2.001 2.001 2.001 2.001 1.999 2.001 2.001 2.001 1.999 2.001 2.001 1.999 2.001 2.001 2.001 2.001 2.001 2.001 1.999 2.001 2.001 1.999 2.001 2.001 2.001 2.001 2.001 2.001 1.999 2.001 2.001 1.999 2.001 2.001 2.001 2.001 2.001 2.001 1.999 2.001 2.001 1.999 2.001 2.001 2.001 2.001 2.001 2.001 1.999 2.001 2.001 1.999 2.001 2.001 2.001 2.001 2.001 2.001 1.999 2.001 2.001 1.999 2.001 2.001 2.001 2.001 2.001 2.001 1.999 2.001 2.001 1.999 2.001 2.001 2.001 2.001 2.001 2.001 1.999 2.001 2.001 1.999 2.001 2.001 2.001 2.001 2.001 2.001 1.999 2.001 2.001 1.999 2.001 2.001 2.001 2.001 2.001 2.001 1.999 2.001 2.001 1.999 2.001 2.001 2.001 2.001 2.001 2.001 2.001 2.001 2.001 2.001 2.001 2.001 2.001 2.001 2.001 2.001 2.001 2.001 2.001 2.001 2.001 2.001 2.001 2.001 2.001 2.001 2.001 2.001 2.001 2.001 2.001 2.001 2.001 2.001 2.001 2.001 2.001 2.001 2.001 2.001 2.001 2.001 2.001 2.001 2.001 2.001 2.001 2.001 2.001 2.001 2.001 2.001 2.001 2.001 2.001 2.001 2.001 2.001 2.001 2.001 2.001 2.001 2.001 2.001 2.001 2.001 2.001 2.001 2.001 2.001 2.001 2.001 2.001 2.001 2.001 2.001 2.001 2.001 2.001 2.001 2.001 2.001 2.001 2.001 2.001 2.001 2.001 2.001 2.001 2.001 2.001 2.001 2.001 2.001 2.001 2.001 2.001 2.001 2.001 2.001 2.001 2.001 2.001 2.001 2.001 2.001 2.001 2.001 2.001 2.001 2.001 2.001 1.999 2.001 2.001 2.001 2.001 2.001 2.001 2.001 2.001 2.001 1.999 2.001 2.001 2.001 2.001 2.001 2.001 2.001 2.001 2.001 1.999 2.001 2.001 2.001 2.001 2.001 2.001 2.001 2.001 2.001 1.999 2.001 2.001 2.001 2.001 2.001 2.001 2.001 2.001 2.001 1.999 2.001 2.001 2.001 2.001 2.001 2.001 2.001 2.001 2.001 1.999 2.001 2.001 2.001 2.001 2.001 2.001 2.001 2.001 2.001 1.999 2.001 2.001 2.001 2.001 2.001 2.001 2.001 2.001 2.001 1.999 2.001 2.001 2.001 2.001 2.001 2.001 2.001 2.001 2.001 1.999 2.001 2.001 2.001 2.001 2.001 2.001 2.001 2.001 2.001 1.999 2.001 2.001 2.001 1.999 2.001 2.001 1.999 2.001 2.001 2.001 2.001 2.001 2.001 1.999 2.001 2.001 1.999 2.001 2.001 2.001 2.001 2.001 2.001 1.999 2.001 2.001 1.999 2.001 2.001 2.001 2.001 2.001 2.001 1.999 2.001 2.001 1.999 2.001 2.001 2.001 2.001 2.001 2.001 1.999 2.001 2.001 1.999 2.001 2.001 2.001 2.001 2.001 2.001 1.999 2.001 2.001 1.999 2.001 2.001 2.001 2.001 2.001 2.001 1.999 2.001 2.001 1.999 2.001 2.001 2.001 2.001 2.001 2.001 1.999 2.001 2.001 1.999 2.001 2.001 2.001 2.001 2.001 2.001 1.999 2.001 2.001 1.999 2.001 2.001 2.001 2.001 2.001 2.001 1.999 2.001 2.001 1.999 2.001 2.001 2.001 2.001 2.001 2.001 2.001 2.001 2.001 2.001 2.001 2.001 2.001 2.001 2.001 2.001 2.001 2.001 2.001 2.001 2.001 2.001 2.001 2.001 2.001 2.001 2.001 2.001 2.001 2.001 2.001 2.001 2.001 2.001 2.001 2.001 2.001 2.001 2.001 2.001 2.001 2.001 2.001 2.001 2.001 2.001 2.001 2.001 2.001 2.001 2.001 2.001 2.001 2.001 2.001 2.001 2.001 2.001 2.001 2.001 2.001 2.001 2.001 2.001 2.001 2.001 2.001 2.001 2.001 2.001 2.001 2.001 2.001 2.001 2.001 2.001 2.001 2.001 2.001 2.001 2.001 2.001 2.001 2.001 2.001 2.001 2.001 2.001 2.001 2.001 2.001 2.001 2.001 2.001 2.001 2.001 2.001 2.001 2.001 2.001 2.001 2.001 2.001 2.001 2.001 2.001 2.001 2.001 2.001 2.001 2.001 2.001 1.999 2.001 2.001 2.001 2.001 2.001 2.001 2.001 2.001 2.001 1.999 2.001 2.001 2.001 2.001 2.001 2.001 2.001 2.001 2.001 1.999 2.001 2.001 2.001 2.001 2.001 2.001 2.001 2.001 2.001 1.999 2.001 2.001 2.001 2.001 2.001 2.001 2.001 2.001 2.001 1.999 2.001 2.001 2.001 2.001 2.001 2.001 2.001 2.001 2.001 1.999 2.001 2.001 2.001 2.001 2.001 2.001 2.001 2.001 2.001 1.999 2.001 2.001 2.001 2.001 2.001 2.001 2.001 2.001 2.001 1.999 2.001 2.001 2.001 2.001 2.001 2.001 2.001 2.001 2.001 1.999 2.001 2.001 2.001 2.001 2.001 2.001 2.001 2.001 2.001 1.999 2.001 2.001 2.001 1.999 2.001 2.001 1.999 2.001 2.001 2.001 2.001 2.001 2.001 1.999 2.001 2.001 2.001 2.001 2.001 2.001 2.001 2.001 2.001 1.999 2.001 2.001 1.999 2.001 2.001 2.001 2.001 2.001 2.001 1.999 2.001 2.001 1.999 2.001 2.001 2.001 2.001 2.001 2.001 1.999 2.001 2.001 1.999 2.001 2.001 2.001 2.001 2.001 2.001 1.999 2.001 2.001 1.999 2.001 2.001 2.001 2.001 2.001 2.001 1.999 2.001 2.001 1.999 2.001 2.001 2.001 2.001 2.001 2.001 1.999 2.001 2.001 2.001 2.001 2.001 2.001 2.001 2.001 2.001 1.999 2.001 2.001 1.999 2.001 2.001 2.001 2.001 2.001 2.001 1.999 2.001 2.001 1.999 2.001 2.001 2.001 2.001 2.001 2.001 2.001 2.001 2.001 2.001 2.001 2.001 2.001 2.001 2.001 2.001 2.001 2.001 2.001 2.001 2.001 2.001 2.001 2.001 2.001 2.001 2.001 2.001 2.001 2.001 2.001 2.001 2.001 2.001 2.001 2.001 2.001 2.001 2.001 2.001 2.001 2.001 2.001 2.001 2.001 2.001 2.001 2.001 2.001 2.001 2.001 2.001 2.001 2.001 2.001 2.001 2.001 2.001 2.001 2.001 2.001 2.001 2.001 2.001 2.001 2.001 2.001 2.001 2.001 2.001 2.001 2.001 2.001 2.001 2.001 2.001 2.001 2.001 2.001 2.001 2.001 2.001 2.001 2.001 2.001 2.001 2.001 2.001 2.001 2.001 2.001 2.001 2.001 2.001 2.001 2.001 2.001 2.001 2.001 2.001 2.001 2.001 2.001 2.001 2.001 2.001 2.001 2.001 2.001 2.001 2.001 2.001 1.999 2.001 2.001 2.001 2.001 2.001 2.001 2.001 2.001 2.001 1.999 2.001 2.001 2.001 2.001 2.001 2.001 2.001 2.001 2.001 1.999 2.001 2.001 2.001 2.001 2.001 2.001 2.001 2.001 2.001 1.999 2.001 2.001 2.001 2.001 2.001 2.001 2.001 2.001 2.001 1.999 2.001 2.001 2.001 2.001 2.001 2.001 2.001 2.001 2.001 1.999 2.001 2.001 2.001 2.001 2.001 2.001 2.001 2.001 2.001 1.999 2.001 2.001 2.001 2.001 2.001 2.001 2.001 2.001 2.001 1.999 2.001 2.001 2.001 2.001 2.001 2.001 2.001 2.001 2.001 1.999 2.001 2.001 2.001 2.001 2.001 2.001 2.001 2.001 2.001 1.999 2.001 2.001 
2 2 2 2 2 2 2 1.998 2 2 2 2 2 2 2 2 2 1.998 2 2 2 2 2 2 2 2 2 1.998 2 2 2 2 2 2 2 2 2 2 2 2 2 2 2 2 2 2 2 1.998 2 2 2 2 2 2 2 2 2 1.998 2 2 2 2 2 2 2 2 2 1.998 2 2 2 2 2 2 2 2 2 1.998 2 2 2 2 2 2 2 2 2 1.998 2 2 2 2 2 2 2 2 2 1.998 2 2 2 1.998 2 2 1.998 2 2 2 2 2 2 1.998 2 2 1.998 2 2 2 2 2 2 1.998 2 2 1.998 2 2 2 2 2 2 1.998 2 2 1.998 2 2 2 2 2 2 1.998 2 2 1.998 2 2 2 2 2 2 1.998 2 2 1.998 2 2 2 2 2 2 1.998 2 2 1.998 2 2 2 2 2 2 1.998 2 2 1.998 2 2 2 2 2 2 1.998 2 2 1.998 2 2 2 2 2 2 1.998 2 2 1.998 2 2 2 2 2 2 2 2 2 2 2 2 2 2 2 2 2 2 2 2 2 2 2 2 2 2 2 2 2 2 2 2 2 2 2 2 2 2 2 2 2 2 2 2 2 2 2 2 2 2 2 2 2 2 2 2 2 2 2 2 2 2 2 2 2 2 2 2 2 2 2 2 2 2 2 2 2 2 2 2 2 2 2 2 2 2 2 2 2 2 2 2 2 2 2 2 2 2 2 2 2 2 2 2 2 2 2 2 2 2 2 2 1.998 2 2 2 2 2 2 2 2 2 1.998 2 2 2 2 2 2 2 2 2 1.998 2 2 2 2 2 2 2 2 2 1.998 2 2 2 2 2 2 2 2 2 1.998 2 2 2 2 2 2 2 2 2 1.998 2 2 2 2 2 2 2 2 2 1.998 2 2 2 2 2 2 2 2 2 1.998 2 2 2 2 2 2 2 2 2 2 2 2 2 2 2 2 2 2 2 1.998 2 2 2 1.998 2 2 1.998 2 2 2 2 2 2 1.998 2 2 1.998 2 2 2 2 2 2 1.998 2 2 1.998 2 2 2 2 2 2 1.998 2 2 1.998 2 2 2 2 2 2 1.998 2 2 1.998 2 2 2 2 2 2 1.998 2 2 1.998 2 2 2 2 2 2 1.998 2 2 1.998 2 2 2 2 2 2 1.998 2 2 1.998 2 2 2 2 2 2 1.998 2 2 1.998 2 2 2 2 2 2 1.998 2 2 1.998 2 2 2 2 2 2 2 2 2 2 2 2 2 2 2 2 2 2 2 2 2 2 2 2 2 2 2 2 2 2 2 2 2 2 2 2 2 2 2 2 2 2 2 2 2 2 2 2 2 2 2 2 2 2 2 2 2 2 2 2 2 2 2 2 2 2 2 2 2 2 2 2 2 2 2 2 2 2 2 2 2 2 2 2 2 2 2 2 2 2 2 2 2 2 2 2 2 2 2 2 2 2 2 2 2 2 2 2 2 2 2 2 1.998 2 2 2 2 2 2 2 2 2 1.998 2 2 2 2 2 2 2 2 2 1.998 2 2 2 2 2 2 2 2 2 1.998 2 2 2 2 2 2 2 2 2 1.998 2 2 2 2 2 2 2 2 2 1.998 2 2 2 2 2 2 2 2 2 1.998 2 2 2 2 2 2 2 2 2 1.998 2 2 2 2 2 2 2 2 2 1.998 2 2 2 2 2 2 2 2 2 1.998 2 2 2 1.998 2 2 1.998 2 2 2 2 2 2 1.998 2 2 1.998 2 2 2 2 2 2 1.998 2 2 1.998 2 2 2 2 2 2 1.998 2 2 1.998 2 2 2 2 2 2 1.998 2 2 1.998 2 2 2 2 2 2 1.998 2 2 1.998 2 2 2 2 2 2 1.998 2 2 1.998 2 2 2 2 2 2 1.998 2 2 1.998 2 2 2 2 2 2 1.998 2 2 1.998 2 2 2 2 2 2 1.998 2 2 1.998 2 2 2 2 2 2 2 2 2 2 2 2 2 2 2 2 2 2 2 2 2 2 2 2 2 2 2 2 2 2 2 2 2 2 2 2 2 2 2 2 2 2 2 2 2 2 2 2 2 2 2 2 2 2 2 2 2 2 2 2 2 2 2 2 2 2 2 2 2 2 2 2 2 2 2 2 2 2 2 2 2 2 2 2 2 2 2 2 2 2 2 2 2 2 2 2 2 2 2 2 2 2 2 2 2 2 2 2 2 2 2 2 1.998 2 2 2 2 2 2 2 2 2 1.998 2 2 2 2 2 2 2 2 2 1.998 2 2 2 2 2 2 2 2 2 1.998 2 2 2 2 2 2 2 2 2 1.998 2 2 2 2 2 2 2 2 2 1.998 2 2 2 2 2 2 2 2 2 1.998 2 2 2 2 2 2 2 2 2 1.998 2 2 2 2 2 2 2 2 2 1.998 2 2 2 2 2 2 2 2 2 1.998 2 2 2 2 2 2 2 2 2 1.998 2 2 2 2 2 2 2 2 2 1.998 2 2 2 2 2 2 2 2 2 1.998 2 2 2 2 2 2 2 2 2 1.998 2 2 2 2 2 2 2 2 2 1.998 2 2 2 2 2 2 2 2 2 1.998 2 2 2 2 2 2 2 2 2 1.998 2 2 2 2 2 2 2 2 2 1.998 2 2 2 2 2 2 2 2 2 1.998 2 2 2 2 2 2 2 2 2 1.998 2 2 2 1.998 2 2 1.998 2 2 2 2 2 2 1.998 2 2 1.998 2 2 2 2 2 2 1.998 2 2 1.998 2 2 2 2 2 2 1.998 2 2 1.998 2 2 2 2 2 2 1.998 2 2 1.998 2 2 2 2 2 2 1.998 2 2 1.998 2 2 2 2 2 2 1.998 2 2 1.998 2 2 2 2 2 2 1.998 2 2 1.998 2 2 2 2 2 2 1.998 2 2 1.998 2 2 2 2 2 2 1.998 2 2 1.998 2 2 2 2 2 2 2 2 2 2 2 2 2 2 2 2 2 2 2 2 2 2 2 2 2 2 2 2 2 2 2 2 2 2 2 2 2 2 2 2 2 2 2 2 2 2 2 2 2 2 2 2 2 2 2 2 2 2 2 2 2 2 2 2 2 2 2 2 2 2 2 2 2 2 2 2 2 2 2 2 2 2 2 2 2 2 2 2 2 2 2 2 2 2 2 2 2 2 2 2 2 2 2 2 2 2 2 2 2 2 2 2 1.998 2 2 2 2 2 2 2 2 2 1.998 2 2 2 2 2 2 2 2 2 1.998 2 2 2 2 2 2 2 2 2 1.998 2 2 2 2 2 2 2 2 2 1.998 2 2 2 2 2 2 2 2 2 1.998 2 2 2 2 2 2 2 2 2 1.998 2 2 2 2 2 2 2 2 2 1.998 2 2 2 2 2 2 2 2 2 1.998 2 2 2 2 2 2 2 2 2 1.998 2 2 2 1.998 2 2 1.998 2 2 2 2 2 2 1.998 2 2 1.998 2 2 2 2 2 2 1.998 2 2 1.998 2 2 2 2 2 2 1.998 2 2 1.998 2 2 2 2 2 2 1.998 2 2 1.998 2 2 2 2 2 2 1.998 2 2 1.998 2 2 2 2 2 2 1.998 2 2 1.998 2 2 2 2 2 2 1.998 2 2 1.998 2 2 2 2 2 2 1.998 2 2 1.998 2 2 2 2 2 2 1.998 2 2 1.998 2 2 2 2 2 2 2 2 2 2 2 2 2 2 2 2 2 2 2 2 2 2 2 2 2 2 2 2 2 2 2 2 2 2 2 2 2 2 2 2 2 2 2 2 2 2 2 2 2 2 2 2 2 2 2 2 2 2 2 2 2 2 2 2 2 2 2 2 2 2 2 2 2 2 2 2 2 2 2 2 2 2 2 2 2 2 2 2 2 2 2 2 2 2 2 2 2 2 2 2 2 2 2 2 2 2 2 2 2 2 2 2 1.998 2 2 2 2 2 2 2 2 2 1.998 2 2 2 2 2 2 2 2 2 1.998 2 2 2 2 2 2 2 2 2 1.998 2 2 2 2 2 2 2 2 2 1.998 2 2 2 2 2 2 2 2 2 1.998 2 2 2 2 2 2 2 2 2 1.998 2 2 2 2 2 2 2 2 2 1.998 2 2 2 2 2 2 2 2 2 1.998 2 2 2 2 2 2 2 2 2 1.998 2 2 2 1.998 2 2 1.998 2 2 2 2 2 2 1.998 2 2 1.998 2 2 2 2 2 2 1.998 2 2 1.998 2 2 2 2 2 2 1.998 2 2 1.998 2 2 2 2 2 2 1.998 2 2 1.998 2 2 2 2 2 2 1.998 2 2 1.998 2 2 2 2 2 2 1.998 2 2 1.998 2 2 2 2 2 2 1.998 2 2 1.998 2 2 2 2 2 2 1.998 2 2 1.998 2 2 2 2 2 2 1.998 2 2 1.998 2 2 2 2 2 2 2 2 2 2 2 2 2 2 2 2 2 2 2 2 2 2 2 2 2 2 2 2 2 2 2 2 2 2 2 2 2 2 2 2 2 2 2 2 2 2 2 2 2 2 2 2 2 2 2 2 2 2 2 2 2 2 2 2 2 2 2 2 2 2 2 2 2 2 2 2 2 2 2 2 2 2 2 2 2 2 2 2 2 2 2 2 2 2 2 2 2 2 2 2 2 2 2 2 2 2 2 2 2 2 2 2 1.998 2 2 2 2 2 2 2 2 2 1.998 2 2 2 2 2 2 2 2 2 1.998 2 2 2 2 2 2 2 2 2 1.998 2 2 2 2 2 2 2 2 2 1.998 2 2 2 2 2 2 2 2 2 1.998 2 2 2 2 2 2 2 2 2 1.998 2 2 2 2 2 2 2 2 2 1.998 2 2 2 2 2 2 2 2 2 1.998 2 2 2 2 2 2 2 2 2 1.998 2 2 2 2 2 2 2 2 2 1.998 2 2 2 2 2 2 2 2 2 1.998 2 2 2 2 2 2 2 2 2 1.998 2 2 2 2 2 2 2 2 2 1.998 2 2 2 2 2 2 2 2 2 1.998 2 2 2 2 2 2 2 2 2 2 2 2 2 2 2 2 2 2 2 1.998 2 2 2 2 2 2 2 2 2 1.998 2 2 2 2 2 2 2 2 2 1.998 2 2 2 2 2 2 2 2 2 1.998 2 2 2 1.998 2 2 1.998 2 2 2 2 2 2 1.998 2 2 1.998 2 2 2 2 2 2 1.998 2 2 1.998 2 2 2 2 2 2 1.998 2 2 1.998 2 2 2 2 2 2 1.998 2 2 1.998 2 2 2 2 2 2 1.998 2 2 1.998 2 2 2 2 2 2 1.998 2 2 1.998 2 2 2 2 2 2 1.998 2 2 1.998 2 2 2 2 2 2 1.998 2 2 1.998 2 2 2 2 2 2 1.998 2 2 1.998 2 2 2 2 2 2 2 2 2 2 2 2 2 2 2 2 2 2 2 2 2 2 2 2 2 2 2 2 2 2 2 2 2 2 2 2 2 2 2 2 2 2 2 2 2 2 2 2 2 2 2 2 2 2 2 2 2 2 2 2 2 2 2 2 2 2 2 2 2 2 2 2 2 2 2 2 2 2 2 2 2 2 2 2 2 2 2 2 2 2 2 2 2 2 2 2 2 2 2 2 2 2 2 2 2 2 2 2 2 2 2 2 1.998 2 2 2 2 2 2 2 2 2 1.998 2 2 2 2 2 2 2 2 2 1.998 2 2 2 2 2 2 2 2 2 1.998 2 2 2 2 2 2 2 2 2 1.998 2 2 2 2 2 2 2 2 2 1.998 2 2 2 2 2 2 2 2 2 1.998 2 2 2 2 2 2 2 2 2 1.998 2 2 2 2 2 2 2 2 2 1.998 2 2 2 2 2 2 2 2 2 1.998 2 2 2 1.998 2 2 2 2 2 2 2 2 2 1.998 2 2 1.998 2 2 2 2 2 2 1.998 2 2 1.998 2 2 2 2 2 2 1.998 2 2 1.998 2 2 2 2 2 2 1.998 2 2 1.998 2 2 2 2 2 2 1.998 2 2 1.998 2 2 2 2 2 2 1.998 2 2 1.998 2 2 2 2 2 2 1.998 2 2 1.998 2 2 2 2 2 2 1.998 2 2 1.998 2 2 2 2 2 2 1.998 2 2 1.998 2 2 2 2 2 2 2 2 2 2 2 2 2 2 2 2 2 2 2 2 2 2 2 2 2 2 2 2 2 2 2 2 2 2 2 2 2 2 2 2 2 2 2 2 2 2 2 2 2 2 2 2 2 2 2 2 2 2 2 2 2 2 2 2 2 2 2 2 2 2 2 2 2 2 2 2 2 2 2 2 2 2 2 2 2 2 2 2 2 2 2 2 2 2 2 2 2 2 2 2 2 2 2 2 2 2 2 2 2 2 2 2 1.998 2 2 2 2 2 2 2 2 2 1.998 2 2 2 2 2 2 2 2 2 1.998 2 2 2 2 2 2 2 2 2 1.998 2 2 2 2 2 2 2 2 2 1.998 2 2 2 2 2 2 2 2 2 1.998 2 2 2 2 2 2 2 2 2 1.998 2 2 2 2 2 2 2 2 2 1.998 2 2 2 2 2 2 2 2 2 1.998 2 2 2 2 2 2 2 2 2 1.998 2 2 2 1.998 2 2 1.998 2 2 2 2 2 2 1.998 2 2 2 2 2 2 2 2 2 1.998 2 2 1.998 2 2 2 2 2 2 2 2 2 1.998 2 2 2 2 2 2 1.998 2 2 1.998 2 2 2 2 2 2 1.998 2 2 1.998 2 2 2 2 2 2 1.998 2 2 1.998 2 2 2 2 2 2 1.998 2 2 1.998 2 2 2 2 2 2 1.998 2 2 1.998 2 2 2 2 2 2 1.998 2 2 1.998 2 2 2 2 2 2 2 2 2 2 2 2 2 2 2 2 2 2 2 2 2 2 2 2 2 2 2 2 2 2 2 2 2 2 2 2 2 2 2 2 2 2 2 2 2 2 2 2 2 2 2 2 2 2 2 2 2 2 2 2 2 2 2 2 2 2 2 2 2 2 2 2 2 2 2 2 2 2 2 2 2 2 2 2 2 2 2 2 2 2 2 2 2 2 2 2 2 2 2 2 2 2 2 2 2 2 2 2 2 2 2 2 1.998 2 2 2 2 2 2 2 2 2 1.998 2 2 2 2 2 2 2 2 2 1.998 2 2 2 2 2 2 2 2 2 1.998 2 2 2 2 2 2 2 2 2 1.998 2 2 2 2 2 2 2 2 2 1.998 2 2 2 2 2 2 2 2 2 1.998 2 2 2 2 2 2 2 2 2 1.998 2 2 2 2 2 2 2 2 2 1.998 2 2 2 2 2 2 2 2 2 1.998 2 2 2 2 2 2 2 2 2 1.998 2 2 2 2 2 2 2 2 2 1.998 2 2 2 2 2 2 2 2 2 1.998 2 2 2 2 2 2 2 2 2 1.998 2 2 2 2 2 2 2 2 2 1.998 2 2 2 2 2 2 2 2 2 1.998 2 2 2 2 2 2 2 2 2 1.998 2 2 2 2 2 2 2 2 2 1.998 2 2 2 2 2 2 2 2 2 1.998 2 2 2 2 2 2 2 2 2 1.998 2 2 2 1.998 2 2 1.998 2 2 2 2 2 2 1.998 2 2 1.998 2 2 2 2 2 2 1.998 2 2 1.998 2 2 2 2 2 2 1.998 2 2 1.998 2 2 2 2 2 2 1.998 2 2 1.998 2 2 2 2 2 2 2 2 2 1.998 2 2 2 2 2 2 1.998 2 2 1.998 2 2 2 2 2 2 1.998 2 2 1.998 2 2 2 2 2 2 1.998 2 2 1.998 2 2 2 2 2 2 1.998 2 2 1.998 2 2 2 2 2 2 2 2 2 2 2 2 2 2 2 2 2 2 2 2 2 2 2 2 2 2 2 2 2 2 2 2 2 2 2 2 2 2 2 2 2 2 2 2 2 2 2 2 2 2 2 2 2 2 2 2 2 2 2 2 2 2 2 2 2 2 2 2 2 2 2 2 2 2 2 2 2 2 2 2 2 2 2 2 2 2 2 2 2 2 2 2 2 2 2 2 2 2 2 2 2 2 2 2 2 2 2 2 2 2 2 2 1.998 2 2 2 2 2 2 2 2 2 1.998 2 2 2 2 2 2 2 2 2 1.998 2 2 2 2 2 2 2 2 2 1.998 2 2 2 2 2 2 2 2 2 1.998 2 2 2 2 2 2 2 2 2 1.998 2 2 2 2 2 2 2 2 2 1.998 2 2 2 2 2 2 2 2 2 1.998 2 2 2 2 2 2 2 2 2 1.998 2 2 2 2 2 2 2 2 2 1.998 2 2 2 1.998 2 2 1.998 2 2 2 2 2 2 1.998 2 2 1.998 2 2 2 2 2 2 1.998 2 2 1.998 2 2 2 2 2 2 1.998 2 2 1.998 2 2 2 2 2 2 1.998 2 2 1.998 2 2 2 2 2 2 1.998 2 2 1.998 2 2 2 2 2 2 1.998 2 2 1.998 2 2 2 2 2 2 1.998 2 2 1.998 2 2 2 2 2 2 1.998 2 2 1.998 2 2 2 2 2 2 1.998 2 2 1.998 2 2 2 2 2 2 2 2 2 2 2 2 2 2 2 2 2 2 2 2 2 2 2 2 2 2 2 2 2 2 2 2 2 2 2 2 2 2 2 2 2 2 2 2 2 2 2 2 2 2 2 2 2 2 2 2 2 2 2 2 2 2 2 2 2 2 2 2 2 2 2 2 2 2 2 2 2 2 2 2 2 2 2 2 2 2 2 2 2 2 2 2 2 2 2 2 2 2 2 2 2 2 2 2 2 2 2 2 2 2 2 2 1.998 2 2 2 2 2 2 2 2 2 1.998 2 2 2 2 2 2 2 2 2 1.998 2 2 2 2 2 2 2 2 2 1.998 2 2 2 2 2 2 2 2 2 1.998 2 2 2 2 2 2 2 2 2 2 2 2 2 2 2 2 2 2 2 1.998 2 2 2 2 2 2 2 2 2 1.998 2 2 2 2 2 2 2 2 2 1.998 2 2 2 2 2 2 2 2 2 1.998 2 2 2 1.998 2 2 1.998 2 2 2 2 2 2 1.998 2 2 1.998 2 2 2 2 2 2 1.998 2 2 1.998 2 2 2 2 2 2 1.998 2 2 2 2 2 2 2 2 2 1.998 2 2 1.998 2 2 2 2 2 2 1.998 2 2 1.998 2 2 2 2 2 2 1.998 2 2 1.998 2 2 2 2 2 2 1.998 2 2 1.998 2 2 2 2 2 2 1.998 2 2 1.998 2 2 2 2 2 2 1.998 2 2 1.998 2 2 2 2 2 2 2 2 2 2 2 2 2 2 2 2 2 2 2 2 2 2 2 2 2 2 2 2 2 2 2 2 2 2 2 2 2 2 2 2 2 2 2 2 2 2 2 2 2 2 2 2 2 2 2 2 2 2 2 2 2 2 2 2 2 2 2 2 2 2 2 2 2 2 2 2 2 2 2 2 2 2 2 2 2 2 2 2 2 2 2 2 2 2 2 2 2 2 2 2 2 2 2 2 2 2 2 2 2 2 2 2 1.998 2 2 2 2 2 2 2 2 2 1.998 2 2 2 2 2 2 2 2 2 1.998 2 2 2 2 2 2 2 2 2 1.998 2 2 2 2 2 2 2 2 2 1.998 2 2 2 2 2 2 2 2 2 1.998 2 2 2 2 2 2 2 2 2 1.998 2 2 2 2 2 2 2 2 2 1.998 2 2 2 2 2 2 2 2 2 1.998 2 2 2 2 2 2 2 2 2 1.998 2 2 2 2 2 2 2 2 2 1.998 2 2 2 2 2 2 2 2 2 1.998 2 2 2 2 2 2 2 2 2 1.998 2 2 2 2 2 2 2 2 2 1.998 2 2 2 2 2 2 2 2 2 1.998 2 2 2 2 2 2 2 2 2 1.998 2 2 2 2 2 2 2 2 2 1.998 2 2 2 2 2 2 2 2 2 1.998 2 2 2 2 2 2 2 2 2 1.998 2 2 2 2 2 2 2 2 2 1.998 2 2 2 1.998 2 2 1.998 2 2 2 2 2 2 1.998 2 2 1.998 2 2 2 2 2 2 1.998 2 2 1.998 2 2 2 2 2 2 1.998 2 2 1.998 2 2 2 2 2 2 1.998 2 2 1.998 2 2 2 2 2 2 1.998 2 2 1.998 2 2 2 2 2 2 1.998 2 2 1.998 2 2 2 2 2 2 1.998 2 2 1.998 2 2 2 2 2 2 1.998 2 2 1.998 2 2 2 2 2 2 1.998 2 2 1.998 2 2 2 2 2 2 2 2 2 2 2 2 2 2 2 2 2 2 2 2 2 2 2 2 2 2 2 2 2 2 2 2 2 2 2 2 2 2 2 2 2 2 2 2 2 2 2 2 2 2 2 2 2 2 2 2 2 2 2 2 2 2 2 2 2 2 2 2 2 2 2 2 2 2 2 2 2 2 2 2 2 2 2 2 2 2 2 2 2 2 2 2 2 2 2 2 2 2 2 2 2 2 2 2 2 2 2 2 2 2 2 2 1.998 2 2 2 2 2 2 2 2 2 1.998 2 2 2 2 2 2 2 2 2 1.998 2 2 2 2 2 2 2 2 2 1.998 2 2 2 2 2 2 2 2 2 1.998 2 2 2 2 2 2 2 2 2 1.998 2 2 2 2 2 2 2 2 2 1.998 2 2 2 2 2 2 2 2 2 1.998 2 2 2 2 2 2 2 2 2 1.998 2 2 2 2 2 2 2 2 2 1.998 2 2 2 1.998 2 2 1.998 2 2 2 2 2 2 1.998 2 2 1.998 2 2 2 2 2 2 1.998 2 2 1.998 2 2 2 2 2 2 1.998 2 2 1.998 2 2 2 2 2 2 1.998 2 2 1.998 2 2 2 2 2 2 1.998 2 2 1.998 2 2 2 2 2 2 1.998 2 2 1.998 2 2 2 2 2 2 1.998 2 2 1.998 2 2 2 2 2 2 1.998 2 2 1.998 2 2 2 2 2 2 1.998 2 2 1.998 2 2 2 2 2 2 2 2 2 2 2 2 2 2 2 2 2 2 2 2 2 2 2 2 2 2 2 2 2 2 2 2 2 2 2 2 2 2 2 2 2 2 2 2 2 2 2 2 2 2 2 2 2 2 2 2 2 2 2 2 2 2 2 2 2 2 2 2 2 2 2 2 2 2 2 2 2 2 2 2 2 2 2 2 2 2 2 2 2 2 2 2 2 2 2 2 2 2 2 2 2 2 2 2 2 2 2 2 2 2 2 2 1.998 2 2 2 2 2 2 2 2 2 1.998 2 2 2 2 2 2 2 2 2 1.998 2 2 2 2 2 2 2 2 2 1.998 2 2 2 2 2 2 2 2 2 1.998 2 2 2 2 2 2 2 2 2 1.998 2 2 2 2 2 2 2 2 2 1.998 2 2 2 2 2 2 2 2 2 1.998 2 2 2 2 2 2 2 2 2 1.998 2 2 2 2 2 2 2 2 2 1.998 2 2 2 1.998 2 2 1.998 2 2 2 2 2 2 1.998 2 2 1.998 2 2 2 2 2 2 1.998 2 2 1.998 2 2 2 2 2 2 1.998 2 2 1.998 2 2 2 2 2 2 1.998 2 2 1.998 2 2 2 2 2 2 1.998 2 2 1.998 2 2 2 2 2 2 1.998 2 2 1.998 2 2 2 2 2 2 1.998 2 2 1.998 2 2 2 2 2 2 1.998 2 2 1.998 2 2 2 2 2 2 1.998 2 2 1.998 2 2 2 2 2 2 2 2 2 2 2 2 2 2 2 2 2 2 2 2 2 2 2 2 2 2 2 2 2 2 2 2 2 2 2 2 2 2 2 2 2 2 2 2 2 2 2 2 2 2 2 2 2 2 2 2 2 2 2 2 2 2 2 2 2 2 2 2 2 2 2 2 2 2 2 2 2 2 2 2 2 2 2 2 2 2 2 2 2 2 2 2 2 2 2 2 2 2 2 2 2 2 2 2 2 2 2 2 2 2 2 2 1.998 2 2 2 2 2 2 2 2 2 1.998 2 2 2 2 2 2 2 2 2 1.998 2 2 2 2 2 2 2 2 2 1.998 2 2 2 2 2 2 2 2 2 1.998 2 2 2 2 2 2 2 2 2 1.998 2 2 2 2 2 2 2 2 2 1.998 2 2 2 2 2 2 2 2 2 1.998 2 2 2 2 2 2 2 2 2 1.998 2 2 2 2 2 2 2 2 2 1.998 2 2 2 2 2 2 2 2 2 1.998 2 2 2 2 2 2 2 2 2 1.998 2 2 2 2 2 2 2 2 2 1.998 2 2 2 2 2 2 2 2 2 1.998 2 2 2 2 2 2 2 2 2 1.998 2 2 2 2 2 2 2 2 2 1.998 2 2 2 2 2 2 2 2 2 1.998 2 2 2 2 2 2 2 2 2 1.998 2 2 2 2 2 2 2 2 2 1.998 2 2 2 2 2 2 2 2 2 1.998 2 2 2 1.998 2 2 1.998 2 2 2 2 2 2 1.998 2 2 1.998 2 2 2 2 2 2 1.998 2 2 1.998 2 2 2 2 2 2 1.998 2 2 1.998 2 2 2 2 2 2 1.998 2 2 2 2 2 2 2 2 2 1.998 2 2 1.998 2 2 2 2 2 2 1.998 2 2 2 2 2 2 2 2 2 1.998 2 2 1.998 2 2 2 2 2 2 1.998 2 2 1.998 2 2 2 2 2 2 1.998 2 2 1.998 2 2 2 2 2 2 2 2 2 2 2 2 2 2 2 2 2 2 2 2 2 2 2 2 2 2 2 2 2 2 2 2 2 2 2 2 2 2 2 2 2 2 2 2 2 2 2 2 2 2 2 2 2 2 2 2 2 2 2 2 2 2 2 2 2 2 2 2 2 2 2 2 2 2 2 2 2 2 2 2 2 2 2 2 2 2 2 2 2 2 2 2 2 2 2 2 2 2 2 2 2 2 2 2 2 2 2 2 2 2 2 2 1.998 2 2 2 2 2 2 2 2 2 1.998 2 2 2 2 2 2 2 2 2 1.998 2 2 2 2 2 2 2 2 2 1.998 2 2 2 2 2 2 2 2 2 1.998 2 2 2 2 2 2 2 2 2 1.998 2 2 2 2 2 2 2 2 2 1.998 2 2 2 2 2 2 2 2 2 1.998 2 2 2 2 2 2 2 2 2 1.998 2 2 2 2 2 2 2 2 2 1.998 2 2 2 1.998 2 2 1.998 2 2 2 2 2 2 1.998 2 2 1.998 2 2 2 2 2 2 1.998 2 2 1.998 2 2 2 2 2 2 1.998 2 2 1.998 2 2 2 2 2 2 1.998 2 2 1.998 2 2 2 2 2 2 1.998 2 2 1.998 2 2 2 2 2 2 1.998 2 2 1.998 2 2 2 2 2 2 1.998 2 2 1.998 2 2 2 2 2 2 1.998 2 2 1.998 2 2 2 2 2 2 1.998 2 2 1.998 2 2 2 2 2 2 2 2 2 2 2 2 2 2 2 2 2 2 2 2 2 2 2 2 2 2 2 2 2 2 2 2 2 2 2 2 2 2 2 2 2 2 2 2 2 2 2 2 2 2 2 2 2 2 2 2 2 2 2 2 2 2 2 2 2 2 2 2 2 2 2 2 2 2 2 2 2 2 2 2 2 2 2 2 2 2 2 2 2 2 2 2 2 2 2 2 2 2 2 2 2 2 2 2 2 2 2 2 2 2 2 2 1.998 2 2 2 2 2 2 2 2 2 1.998 2 2 2 2 2 2 2 2 2 1.998 2 2 2 2 2 2 2 2 2 1.998 2 2 2 2 2 2 2 2 2 1.998 2 2 2 2 2 2 2 2 2 1.998 2 2 2 2 2 2 2 2 2 1.998 2 2 2 2 2 2 2 2 2 1.998 2 2 2 2 2 2 2 2 2 1.998 2 2 2 2 2 2 2 2 2 1.998 2 2 2 1.998 2 2 1.998 2 2 2 2 2 2 1.998 2 2 1.998 2 2 2 2 2 2 1.998 2 2 1.998 2 2 2 2 2 2 1.998 2 2 1.998 2 2 2 2 2 2 1.998 2 2 1.998 2 2 2 2 2 2 1.998 2 2 1.998 2 2 2 2 2 2 1.998 2 2 1.998 2 2 2 2 2 2 1.998 2 2 1.998 2 2 2 2 2 2 1.998 2 2 1.998 2 2 2 2 2 2 1.998 2 2 1.998 2 2 2 2 2 2 2 2 2 2 2 2 2 2 2 2 2 2 2 2 2 2 2 2 2 2 2 2 2 2 2 2 2 2 2 2 2 2 2 2 2 2 2 2 2 2 2 2 2 2 2 2 2 2 2 2 2 2 2 2 2 2 2 2 2 2 2 2 2 2 2 2 2 2 2 2 2 2 2 2 2 2 2 2 2 2 2 2 2 2 2 2 2 2 2 2 2 2 2 2 2 2 2 2 2 2 2 2 2 2 2 2 1.998 2 2 2 2 2 2 2 2 2 1.998 2 2 2 2 2 2 2 2 2 1.998 2 2 2 2 2 2 2 2 2 1.998 2 2 2 2 2 2 2 2 2 1.998 2 2 2 2 2 2 2 2 2 1.998 2 2 2 2 2 2 2 2 2 1.998 2 2 2 2 2 2 2 2 2 1.998 2 2 2 2 2 2 2 2 2 1.998 2 2 2 2 2 2 2 2 2 1.998 2 2 2 2 2 2 2 2 2 1.998 2 2 2 2 2 2 2 2 2 1.998 2 2 2 2 2 2 2 2 2 1.998 2 2 2 2 2 2 2 2 2 1.998 2 2 2 2 2 2 2 2 2 1.998 2 2 2 2 2 2 2 2 2 1.998 2 2 2 2 2 2 2 2 2 1.998 2 2 2 2 2 2 2 2 2 1.998 2 2 2 2 2 2 2 2 2 1.998 2 2 2 2 2 2 2 2 2 1.998 2 2 2 1.998 2 2 1.998 2 2 2 2 2 2 1.998 2 2 1.998 2 2 2 2 2 2 1.998 2 2 1.998 2 2 2 2 2 2 1.998 2 2 1.998 2 2 2 2 2 2 1.998 2 2 1.998 2 2 2 2 2 2 1.998 2 2 1.998 2 2 2 2 2 2 1.998 2 2 1.998 2 2 2 2 2 2 1.998 2 2 1.998 2 2 2 2 2 2 1.998 2 2 1.998 2 2 2 2 2 2 1.998 2 2 1.998 2 2 2 2 2 2 2 2 2 2 2 2 2 2 2 2 2 2 2 2 2 2 2 2 2 2 2 2 2 2 2 2 2 2 2 2 2 2 2 2 2 2 2 2 2 2 2 2 2 2 2 2 2 2 2 2 2 2 2 2 2 2 2 2 2 2 2 2 2 2 2 2 2 2 2 2 2 2 2 2 2 2 2 2 2 2 2 2 2 2 2 2 2 2 2 2 2 2 2 2 2 2 2 2 2 2 2 2 2 2 2 2 1.998 2 2 2 2 2 2 2 2 2 1.998 2 2 2 2 2 2 2 2 2 1.998 2 2 2 2 2 2 2 2 2 1.998 2 2 2 2 2 2 2 2 2 1.998 2 2 2 2 2 2 2 2 2 1.998 2 2 2 2 2 2 2 2 2 1.998 2 2 2 2 2 2 2 2 2 1.998 2 2 2 2 2 2 2 2 2 1.998 2 2 2 2 2 2 2 2 2 1.998 2 2 2 1.998 2 2 1.998 2 2 2 2 2 2 1.998 2 2 1.998 2 2 2 2 2 2 1.998 2 2 1.998 2 2 2 2 2 2 1.998 2 2 1.998 2 2 2 2 2 2 1.998 2 2 1.998 2 2 2 2 2 2 1.998 2 2 1.998 2 2 2 2 2 2 1.998 2 2 1.998 2 2 2 2 2 2 1.998 2 2 1.998 2 2 2 2 2 2 1.998 2 2 1.998 2 2 2 2 2 2 1.998 2 2 1.998 2 2 2 2 2 2 2 2 2 2 2 2 2 2 2 2 2 2 2 2 2 2 2 2 2 2 2 2 2 2 2 2 2 2 2 2 2 2 2 2 2 2 2 2 2 2 2 2 2 2 2 2 2 2 2 2 2 2 2 2 2 2 2 2 2 2 2 2 2 2 2 2 2 2 2 2 2 2 2 2 2 2 2 2 2 2 2 2 2 2 2 2 2 2 2 2 2 2 2 2 2 2 2 2 2 2 2 2 2 2 2 2 1.998 2 2 2 2 2 2 2 2 2 1.998 2 2 2 2 2 2 2 2 2 1.998 2 2 2 2 2 2 2 2 2 1.998 2 2 2 2 2 2 2 2 2 1.998 2 2 2 2 2 2 2 2 2 1.998 2 2 2 2 2 2 2 2 2 1.998 2 2 2 2 2 2 2 2 2 1.998 2 2 2 2 2 2 2 2 2 2 2 2 2 2 2 2 2 2 2 1.998 2 2 2 1.998 2 2 1.998 2 2 2 2 2 2 1.998 2 2 1.998 2 2 2 2 2 2 1.998 2 2 1.998 2 2 2 2 2 2 1.998 2 2 1.998 2 2 2 2 2 2 1.998 2 2 1.998 2 2 2 2 2 2 1.998 2 2 1.998 2 2 2 2 2 2 1.998 2 2 1.998 2 2 2 2 2 2 1.998 2 2 1.998 2 2 2 2 2 2 1.998 2 2 1.998 2 2 2 2 2 2 1.998 2 2 1.998 2 2 2 2 2 2 2 2 2 2 2 2 2 2 2 2 2 2 2 2 2 2 2 2 2 2 2 2 2 2 2 2 2 2 2 2 2 2 2 2 2 2 2 2 2 2 2 2 2 2 2 2 2 2 2 2 2 2 2 2 2 2 2 2 2 2 2 2 2 2 2 2 2 2 2 2 2 2 2 2 2 2 2 2 2 2 2 2 2 2 2 2 2 2 2 2 2 2 2 2 2 2 2 2 2 2 2 2 2 2 2 2 1.998 2 2 2 2 2 2 2 2 2 1.998 2 2 2 2 2 2 2 2 2 1.998 2 2 2 2 2 2 2 2 2 1.998 2 2 2 2 2 2 2 2 2 1.998 2 2 2 2 2 2 2 2 2 1.998 2 2 2 2 2 2 2 2 2 1.998 2 2 2 2 2 2 2 2 2 1.998 2 2 2 2 2 2 2 2 2 1.998 2 2 2 2 2 2 2 2 2 1.998 2 2 2 2 2 2 2 2 2 1.998 2 2 2 2 2 2 2 2 2 1.998 2 2 2 2 2 2 2 2 2 1.998 2 2 2 2 2 2 2 2 2 1.998 2 2 2 2 2 2 2 2 2 1.998 2 2 2 2 2 2 2 2 2 1.998 2 2 2 2 2 2 2 2 2 1.998 2 2 2 2 2 2 2 2 2 1.998 2 2 2 2 2 2 2 2 2 1.998 2 2 2 2 2 2 2 2 2 1.998 2 2 2 1.998 2 2 1.998 2 2 2 2 2 2 1.998 2 2 1.998 2 2 2 2 2 2 1.998 2 2 1.998 2 2 2 2 2 2 1.998 2 2 1.998 2 2 2 2 2 2 1.998 2 2 1.998 2 2 2 2 2 2 1.998 2 2 1.998 2 2 2 2 2 2 1.998 2 2 1.998 2 2 2 2 2 2 1.998 2 2 1.998 2 2 2 2 2 2 1.998 2 2 1.998 2 2 2 2 2 2 1.998 2 2 1.998 2 2 2 2 2 2 2 2 2 2 2 2 2 2 2 2 2 2 2 2 2 2 2 2 2 2 2 2 2 2 2 2 2 2 2 2 2 2 2 2 2 2 2 2 2 2 2 2 2 2 2 2 2 2 2 2 2 2 2 2 2 2 2 2 2 2 2 2 2 2 2 2 2 2 2 2 2 2 2 2 2 2 2 2 2 2 2 2 2 2 2 2 2 2 2 2 2 2 2 2 2 2 2 2 2 2 2 2 2 2 2 2 1.998 2 2 2 2 2 2 2 2 2 1.998 2 2 2 2 2 2 2 2 2 1.998 2 2 2 2 2 2 2 2 2 1.998 2 2 2 2 2 2 2 2 2 1.998 2 2 2 2 2 2 2 2 2 1.998 2 2 2 2 2 2 2 2 2 1.998 2 2 2 2 2 2 2 2 2 1.998 2 2 2 2 2 2 2 2 2 1.998 2 2 2 2 2 2 2 2 2 1.998 2 2 2 1.998 2 2 1.998 2 2 2 2 2 2 1.998 2 2 1.998 2 2 2 2 2 2 1.998 2 2 1.998 2 2 2 2 2 2 1.998 2 2 1.998 2 2 2 2 2 2 1.998 2 2 1.998 2 2 2 2 2 2 1.998 2 2 1.998 2 2 2 2 2 2 2 2 2 1.998 2 2 2 2 2 2 1.998 2 2 1.998 2 2 2 2 2 2 1.998 2 2 1.998 2 2 2 2 2 2 1.998 2 2 1.998 2 2 2 2 2 2 2 2 2 2 2 2 2 2 2 2 2 2 2 2 2 2 2 2 2 2 2 2 2 2 2 2 2 2 2 2 2 2 2 2 2 2 2 2 2 2 2 2 2 2 2 2 2 2 2 2 2 2 2 2 2 2 2 2 2 2 2 2 2 2 2 2 2 2 2 2 2 2 2 2 2 2 2 2 2 2 2 2 2 2 2 2 2 2 2 2 2 2 2 2 2 2 2 2 2 2 2 2 2 2 2 2 1.998 2 2 2 2 2 2 2 2 2 1.998 2 2 2 2 2 2 2 2 2 1.998 2 2 2 2 2 2 2 2 2 1.998 2 2 2 2 2 2 2 2 2 2 2 2 2 2 2 2 2 2 2 1.998 2 2 2 2 2 2 2 2 2 1.998 2 2 2 2 2 2 2 2 2 1.998 2 2 2 2 2 2 2 2 2 1.998 2 2 2 2 2 2 2 2 2 1.998 2 2 2 1.998 2 2 1.998 2 2 2 2 2 2 1.998 2 2 1.998 2 2 2 2 2 2 1.998 2 2 1.998 2 2 2 2 2 2 1.998 2 2 1.998 2 2 2 2 2 2 1.998 2 2 1.998 2 2 2 2 2 2 1.998 2 2 1.998 2 2 2 2 2 2 1.998 2 2 1.998 2 2 2 2 2 2 1.998 2 2 1.998 2 2 2 2 2 2 1.998 2 2 1.998 2 2 2 2 2 2 1.998 2 2 1.998 2 2 2 2 2 2 2 2 2 2 2 2 2 2 2 2 2 2 2 2 2 2 2 2 2 2 2 2 2 2 2 2 2 2 2 2 2 2 2 2 2 2 2 2 2 2 2 2 2 2 2 2 2 2 2 2 2 2 2 2 2 2 2 2 2 2 2 2 2 2 2 2 2 2 2 2 2 2 2 2 2 2 2 2 2 2 2 2 2 2 2 2 2 2 2 2 2 2 2 2 2 2 2 2 2 2 2 2 2 2 2 2 1.998 2 2 2 2 2 2 2 2 2 1.998 2 2 2 2 2 2 2 2 2 1.998 2 2 2 2 2 2 2 2 2 1.998 2 2 2 2 2 2 2 2 2 1.998 2 2 2 2 2 2 2 2 2 1.998 2 2 2 2 2 2 2 2 2 1.998 2 2 2 2 2 2 2 2 2 1.998 2 2 2 2 2 2 2 2 2 1.998 2 2 2 2 2 2 2 2 2 1.998 2 2 2 2 2 2 2 2 2 1.998 2 2 2 2 2 2 2 2 2 1.998 2 2 2 2 2 2 2 2 2 1.998 2 2 2 2 2 2 2 2 2 1.998 2 2 2 2 2 2 2 2 2 1.998 2 2 2 2 2 2 2 2 2 1.998 2 2 2 2 2 2 2 2 2 1.998 2 2 2 2 2 2 2 2 2 1.998 2 2 2 2 2 2 2 2 2 1.998 2 2 2 2 2 2 2 2 2 1.998 2 2 2 1.998 2 2 1.998 2 2 2 2 2 2 1.998 2 2 1.998 2 2 2 2 2 2 1.998 2 2 1.998 2 2 2 2 2 2 1.998 2 2 1.998 2 2 2 2 2 2 1.998 2 2 2 2 2 2 2 2 2 1.998 2 2 1.998 2 2 2 2 2 2 1.998 2 2 1.998 2 2 2 2 2 2 1.998 2 2 1.998 2 2 2 2 2 2 1.998 2 2 1.998 2 2 2 2 2 2 1.998 2 2 1.998 2 2 2 2 2 2 2 2 2 2 2 2 2 2 2 2 2 2 2 2 2 2 2 2 2 2 2 2 2 2 2 2 2 2 2 2 2 2 2 2 2 2 2 2 2 2 2 2 2 2 2 2 2 2 2 2 2 2 2 2 2 2 2 2 2 2 2 2 2 2 2 2 2 2 2 2 2 2 2 2 2 2 2 2 2 2 2 2 2 2 2 2 2 2 2 2 2 2 2 2 2 2 2 2 2 2 2 2 2 2 2 2 1.998 2 2 2 2 2 2 2 2 2 1.998 2 2 2 2 2 2 2 2 2 1.998 2 2 2 2 2 2 2 2 2 1.998 2 2 2 2 2 2 2 2 2 1.998 2 2 2 2 2 2 2 2 2 1.998 2 2 2 2 2 2 2 2 2 1.998 2 2 2 2 2 2 2 2 2 1.998 2 2 2 2 2 2 2 2 2 1.998 2 2 2 2 2 2 2 2 2 1.998 2 2 2 1.998 2 2 1.998 2 2 2 2 2 2 1.998 2 2 1.998 2 2 2 2 2 2 1.998 2 2 1.998 2 2 2 2 2 2 1.998 2 2 1.998 2 2 2 2 2 2 1.998 2 2 1.998 2 2 2 2 2 2 1.998 2 2 1.998 2 2 2 2 2 2 1.998 2 2 1.998 2 2 2 2 2 2 1.998 2 2 1.998 2 2 2 2 2 2 1.998 2 2 1.998 2 2 2 2 2 2 1.998 2 2 1.998 2 2 2 2 2 2 2 2 2 2 2 2 2 2 2 2 2 2 2 2 2 2 2 2 2 2 2 2 2 2 2 2 2 2 2 2 2 2 2 2 2 2 2 2 2 2 2 2 2 2 2 2 2 2 2 2 2 2 2 2 2 2 2 2 2 2 2 2 2 2 2 2 2 2 2 2 2 2 2 2 2 2 2 2 2 2 2 2 2 2 2 2 2 2 2 2 2 2 2 2 2 2 2 2 2 2 2 2 2 2 2 2 1.998 2 2 2 2 2 2 2 2 2 1.998 2 2 2 2 2 2 2 2 2 1.998 2 2 2 2 2 2 2 2 2 1.998 2 2 2 2 2 2 2 2 2 1.998 2 2 2 2 2 2 2 2 2 1.998 2 2 2 2 2 2 2 2 2 1.998 2 2 2 2 2 2 2 2 2 1.998 2 2 2 2 2 2 2 2 2 1.998 2 2 2 2 2 2 2 2 2 1.998 2 2 2 2 2 2 1.998 2 2 2 2 2 2 1.998 2 2 1.998 2 2 2 2 2 2 1.998 2 2 1.998 2 2 2 2 2 2 1.998 2 2 1.998 2 2 2 2 2 2 1.998 2 2 1.998 2 2 2 2 2 2 1.998 2 2 1.998 2 2 2 2 2 2 1.998 2 2 1.998 2 2 2 2 2 2 1.998 2 2 1.998 2 2 2 2 2 2 1.998 2 2 1.998 2 2 2 2 2 2 1.998 2 2 1.998 2 2 2 2 2 2 2 2 2 2 2 2 2 2 2 2 2 2 2 2 2 2 2 2 2 2 2 2 2 2 2 2 2 2 2 2 2 2 2 2 2 2 2 2 2 2 2 2 2 2 2 2 2 2 2 2 2 2 2 2 2 2 2 2 2 2 2 2 2 2 2 2 2 2 2 2 2 2 2 2 2 2 2 2 2 2 2 2 2 2 2 2 2 2 2 2 2 2 2 2 2 2 2 2 2 2 2 2 2 2 2 2 1.998 2 2 2 2 2 2 2 2 2 1.998 2 2 2 2 2 2 2 2 2 1.998 2 2 2 2 2 2 2 2 2 1.998 2 2 2 2 2 2 2 2 2 1.998 2 2 2 2 2 2 2 2 2 1.998 2 2 2 2 2 2 2 2 2 1.998 2 2 2 2 2 2 2 2 2 1.998 2 2 2 2 2 2 2 2 2 1.998 2 2 2 2 2 2 2 2 2 1.998 2 2 2 2 2 2 2 2 2 1.998 2 2 2 2 2 2 2 2 2 1.998 2 2 2 2 2 2 2 2 2 1.998 2 2 2 2 2 2 2 2 2 1.998 2 2 2 2 2 2 2 2 2 1.998 2 2 2 2 2 2 2 2 2 1.998 2 2 2 2 2 2 2 2 2 1.998 2 2 2 2 2 2 2 2 2 1.998 2 2 2 2 2 2 2 2 2 1.998 2 2 2 2 2 2 2 2 2 1.998 2 2 2 1.998 2 2 1.998 2 2 2 2 2 2 1.998 2 2 1.998 2 2 2 2 2 2 1.998 2 2 1.998 2 2 2 2 2 2 1.998 2 2 1.998 2 2 2 2 2 2 1.998 2 2 1.998 2 2 2 2 2 2 1.998 2 2 1.998 2 2 2 2 2 2 1.998 2 2 1.998 2 2 2 2 2 2 1.998 2 2 1.998 2 2 2 2 2 2 1.998 2 2 1.998 2 2 2 2 2 2 1.998 2 2 1.998 2 2 2 2 2 2 2 2 2 2 2 2 2 2 2 2 2 2 2 2 2 2 2 2 2 2 2 2 2 2 2 2 2 2 2 2 2 2 2 2 2 2 2 2 2 2 2 2 2 2 2 2 2 2 2 2 2 2 2 2 2 2 2 2 2 2 2 2 2 2 2 2 2 2 2 2 2 2 2 2 2 2 2 2 2 2 2 2 2 2 2 2 2 2 2 2 2 2 2 2 2 2 2 2 2 2 2 2 2 2 2 2 1.998 2 2 2 2 2 2 2 2 2 1.998 2 2 2 2 2 2 2 2 2 1.998 2 2 2 2 2 2 2 2 2 1.998 2 2 2 2 2 2 2 2 2 1.998 2 2 2 2 2 2 2 2 2 1.998 2 2 2 2 2 2 2 2 2 1.998 2 2 2 2 2 2 2 2 2 1.998 2 2 2 2 2 2 2 2 2 1.998 2 2 2 2 2 2 2 2 2 1.998 2 2 2 1.998 2 2 1.998 2 2 2 2 2 2 1.998 2 2 1.998 2 2 2 2 2 2 1.998 2 2 1.998 2 2 2 2 2 2 1.998 2 2 1.998 2 2 2 2 2 2 1.998 2 2 1.998 2 2 2 2 2 2 1.998 2 2 1.998 2 2 2 2 2 2 1.998 2 2 1.998 2 2 2 2 2 2 1.998 2 2 1.998 2 2 2 2 2 2 1.998 2 2 1.998 2 2 2 2 2 2 1.998 2 2 1.998 2 2 2 2 2 2 2 2 2 2 2 2 2 2 2 2 2 2 2 2 2 2 2 2 2 2 2 2 2 2 2 2 2 2 2 2 2 2 2 2 2 2 2 2 2 2 2 2 2 2 2 2 2 2 2 2 2 2 2 2 2 2 2 2 2 2 2 2 2 2 2 2 2 2 2 2 2 2 2 2 2 2 2 2 2 2 2 2 2 2 2 2 2 2 2 2 2 2 2 2 2 2 2 2 2 2 2 2 2 2 2 2 1.998 2 2 2 2 2 2 2 2 2 1.998 2 2 2 2 2 2 2 2 2 1.998 2 2 2 2 2 2 2 2 2 1.998 2 2 2 2 2 2 2 2 2 1.998 2 2 2 2 2 2 2 2 2 1.998 2 2 2 2 2 2 2 2 2 1.998 2 2 2 2 2 2 2 2 2 1.998 2 2 2 2 2 2 2 2 2 1.998 2 2 2 2 2 2 2 2 2 1.998 2 2 2 1.998 2 2 1.998 2 2 2 2 2 2 1.998 2 2 2 2 2 2 2 2 2 1.998 2 2 1.998 2 2 2 2 2 2 1.998 2 2 1.998 2 2 2 2 2 2 1.998 2 2 1.998 2 2 2 2 2 2 1.998 2 2 1.998 2 2 2 2 2 2 1.998 2 2 1.998 2 2 2 2 2 2 1.998 2 2 2 2 2 2 2 2 2 1.998 2 2 1.998 2 2 2 2 2 2 1.998 2 2 1.998 2 2 2 2 2 2 2 2 2 2 2 2 2 2 2 2 2 2 2 2 2 2 2 2 2 2 2 2 2 2 2 2 2 2 2 2 2 2 2 2 2 2 2 2 2 2 2 2 2 2 2 2 2 2 2 2 2 2 2 2 2 2 2 2 2 2 2 2 2 2 2 2 2 2 2 2 2 2 2 2 2 2 2 2 2 2 2 2 2 2 2 2 2 2 2 2 2 2 2 2 2 2 2 2 2 2 2 2 2 2 2 2 1.998 2 2 2 2 2 2 2 2 2 1.998 2 2 2 2 2 2 2 2 2 1.998 2 2 2 2 2 2 2 2 2 1.998 2 2 2 2 2 2 2 2 2 1.998 2 2 2 2 2 2 2 2 2 1.998 2 2 2 2 2 2 2 2 2 1.998 2 2 2 2 2 2 2 2 2 1.998 2 2 2 2 2 2 2 2 2 1.998 2 2 2 2 2 2 2 2 2 1.998 2 2 

</Matrix>
   <Matrix name="ratesHistory" type="complete" rows="3" columns="10000" multiplier="1.0">
   0 0 0 0 0 0 0 0 0 0 0 0 0 0 0 0 0 0 0 0 0 0 0 0 0 0 0 0 0 0 0 0 0 0 0 0 0 0 0 0 0 0 0 0 0 0 0 0 0 0 0 0 0 0 0 0 0 0 0 0 0 0 0 0 0 0 0 0 0 0 0 0 0 0 0 0 0 0 0 0 0 0 0 0 0 0 0 0 0 0 0 0 0 0 0 0 0 0 0 0 0 0 0 0 0 0 0 0 0 0 0 0 0 0 0 0 0 0 0 0 0 0 0 0 0 0 0 0 0 0 0 0 0 0 0 0 0 0 0 0 0 0 0 0 0 0 0 0 0 0 0 0 0 0 0 0 0 0 0 0 0 0 0 0 0 0 0 0 0 0 0 0 0 0 0 0 0 0 0 0 0 0 0 0 0 0 0 0 0 0 0 0 0 0 0 0 0 0 0 0 0 0 0 0 0 0 0 0 0 0 0 0 0 0 0 0 0 0 0 0 0 0 0 0 0 0 0 0 0 0 0 0 0 0 0 0 0 0 0 0 0 0 0 0 0 0 0 0 0 0 0 0 0 0 0 0 0 0 0 0 0 0 0 0 0 0 0 0 0 0 0 0 0 0 0 0 0 0 0 0 0 0 0 0 0 0 0 0 0 0 0 0 0 0 0 0 0 0 0 0 0 0 0 0 0 0 0 0 0 0 0 0 0 0 0 0 0 0 0 0 0 0 0 0 0 0 0 0 0 0 0 0 0 0 0 0 0 0 0 0 0 0 0 0 0 0 0 0 0 0 0 0 0 0 0 0 0 0 0 0 0 0 0 0 0 0 0 0 0 0 0 0 0 0 0 0 0 0 0 0 0 0 0 0 0 0 0 0 0 0 0 0 0 0 0 0 0 0 0 0 0 0 0 0 0 0 0 0 0 0 0 0 0 0 0 0 0 0 0 0 0 0 0 0 0 0 0 0 0 0 0 0 0 0 0 0 0 0 0 0 0 0 0 0 0 0 0 0 0 0 0 0 0 0 0 0 0 0 0 0 0 0 0 0 0 0 0 0 0 0 0 0 0 0 0 0 0 0 0 0 0 0 0 0 0 0 0 0 0 0 0 0 0 0 0 0 0 0 0 0 0 0 0 0 0 0 0 0 0 0 0 0 0 0 0 0 0 0 0 0 0 0 0 0 0 0 0 0 0 0 0 0 0 0 0 0 0 0 0 0 0 0 0 0 0 0 0 0 0 0 0 0 0 0 0 0 0 0 0 0 0 0 0 0 0 0 0 0 0 0 0 0 0 0 0 0 0 0 0 0 0 0 0 0 0 0 0 0 0 0 0 0 0 0 0 0 0 0 0 0 0 0 0 0 0 0 0 0 0 0 0 0 0 0 0 0 0 0 0 0 0 0 0 0 0 0 0 0 0 0 0 0 0 0 0 0 0 0 0 0 0 0 0 0 0 0 0 0 0 0 0 0 0 0 0 0 0 0 0 0 0 0 0 0 0 0 0 0 0 0 0 0 0 0 0 0 0 0 0 0 0 0 0 0 0 0 0 0 0 0 0 0 0 0 0 0 0 0 0 0 0 0 0 0 0 0 0 0 0 0 0 0 0 0 0 0 0 0 0 0 0 0 0 0 0 0 0 0 0 0 0 0 0 0 0 0 0 0 0 0 0 0 0 0 0 0 0 0 0 0 0 0 0 0 0 0 0 0 0 0 0 0 0 0 0 0 0 0 0 0 0 0 0 0 0 0 0 0 0 0 0 0 0 0 0 0 0 0 0 0 0 0 0 0 0 0 0 0 0 0 0 0 0 0 0 0 0 0 0 0 0 0 0 0 0 0 0 0 0 0 0 0 0 0 0 0 0 0 0 0 0 0 0 0 0 0 0 0 0 0 0 0 0 0 0 0 0 0 0 0 0 0 0 0 0 0 0 0 0 0 0 0 0 0 0 0 0 0 0 0 0 0 0 0 0 0 0 0 0 0 0 0 0 0 0 0 0 0 0 0 0 0 0 0 0 0 0 0 0 0 0 0 0 0 0 0 0 0 0 0 0 0 0 0 0 0 0 0 0 0 0 0 0 0 0 0 0 0 0 0 0 0 0 0 0 0 0 0 0 0 0 0 0 0 0 0 0 0 0 0 0 0 0 0 0 0 0 0 0 0 0 0 0 0 0 0 0 0 0 0 0 0 0 0 0 0 0 0 0 0 0 0 0 0 0 0 0 0 0 0 0 0 0 0 0 0 0 0 0 0 0 0 0 0 0 0 0 0 0 0 0 0 0 0 0 0 0 0 0 0 0 0 0 0 0 0 0 0 0 0 0 0 0 0 0 0 0 0 0 0 0 0 0 0 0 0 0 0 0 0 0 0 0 0 0 0 0 0 0 0 0 0 0 0 0 0 0 0 0 0 0 0 0 0 0 0 0 0 0 0 0 0 0 0 0 0 0 0 0 0 0 0 0 0 0 0 0 0 0 0 0 0 0 0 0 0 0 0 0 0 0 0 0 0 0 0 0 0 0 0 0 0 0 0 0 0 0 0 0 0 0 0 0 0 0 0 0 0 0 0 0 0 0 0 0 0 0 0 0 0 0 0 0 0 0 0 0 0 0 0 0 0 0 0 0 0 0 0 0 0 0 0 0 0 0 0 0 0 0 0 0 0 0 0 0 0 0 0 0 0 0 0 0 0 0 0 0 0 0 0 0 0 0 0 0 0 0 0 0 0 0 0 0 0 0 0 0 0 0 0 0 0 0 0 0 0 0 0 0 0 0 0 0 0 0 0 0 0 0 0 0 0 0 0 0 0 0 0 0 0 0 0 0 0 0 0 0 0 0 0 0 0 0 0 0 0 0 0 0 0 0 0 0 0 0 0 0 0 0 0 0 0 0 0 0 0 0 0 0 0 0 0 0 0 0 0 0 0 0 0 0 0 0 0 0 0 0 0 0 0 0 0 0 0 0 0 0 0 0 0 0 0 0 0 0 0 0 0 0 0 0 0 0 0 0 0 0 0 0 0 0 0 0 0 0 0 0 0 0 0 0 0 0 0 0 0 0 0 0 0 0 0 0 0 0 0 0 0 0 0 0 0 0 0 0 0 0 0 0 0 0 0 0 0 0 0 0 0 0 0 0 0 0 0 0 0 0 0 0 0 0 0 0 0 0 0 0 0 0 0 0 0 0 0 0 0 0 0 0 0 0 0 0 0 0 0 0 0 0 0 0 0 0 0 0 0 0 0 0 0 0 0 0 0 0 0 0 0 0 0 0 0 0 0 0 0 0 0 0 0 0 0 0 0 0 0 0 0 0 0 0 0 0 0 0 0 0 0 0 0 0 0 0 0 0 0 0 0 0 0 0 0 0 0 0 0 0 0 0 0 0 0 0 0 0 0 0 0 0 0 0 0 0 0 0 0 0 0 0 0 0 0 0 0 0 0 0 0 0 0 0 0 0 0 0 0 0 0 0 0 0 0 0 0 0 0 0 0 0 0 0 0 0 0 0 0 0 0 0 0 0 0 0 0 0 0 0 0 0 0 0 0 0 0 0 0 0 0 0 0 0 0 0 0 0 0 0 0 0 0 0 0 0 0 0 0 0 0 0 0 0 0 0 0 0 0 0 0 0 0 0 0 0 0 0 0 0 0 0 0 0 0 0 0 0 0 0 0 0 0 0 0 0 0 0 0 0 0 0 0 0 0 0 0 0 0 0 0 0 0 0 0 0 0 0 0 0 0 0 0 0 0 0 0 0 0 0 0 0 0 0 0 0 0 0 0 0 0 0 0 0 0 0 0 0 0 0 0 0 0 0 0 0 0 0 0 0 0 0 0 0 0 0 0 0 0 0 0 0 0 0 0 0 0 0 0 0 0 0 0 0 0 0 0 0 0 0 0 0 0 0 0 0 0 0 0 0 0 0 0 0 0 0 0 0 0 0 0 0 0 0 0 0 0 0 0 0 0 0 0 0 0 0 0 0 0 0 0 0 0 0 0 0 0 0 0 0 0 0 0 0 0 0 0 0 0 0 0 0 0 0 0 0 0 0 0 0 0 0 0 0 0 0 0 0 0 0 0 0 0 0 0 0 0 0 0 0 0 0 0 0 0 0 0 0 0 0 0 0 0 0 0 0 0 0 0 0 0 0 0 0 0 0 0 0 0 0 0 0 0 0 0 0 0 0 0 0 0 0 0 0 0 0 0 0 0 0 0 0 0 0 0 0 0 0 0 0 0 0 0 0 0 0 0 0 0 0 0 0 0 0 0 0 0 0 0 0 0 0 0 0 0 0 0 0 0 0 0 0 0 0 0 0 0 0 0 0 0 0 0 0 0 0 0 0 0 0 0 0 0 0 0 0 0 0 0 0 0 0 0 0 0 0 0 0 0 0 0 0 0 0 0 0 0 0 0 0 0 0 0 0 0 0 0 0 0 0 0 0 0 0 0 0 0 0 0 0 0 0 0 0 0 0 0 0 0 0 0 0 0 0 0 0 0 0 0 0 0 0 0 0 0 0 0 0 0 0 0 0 0 0 0 0 0 0 0 0 0 0 0 0 0 0 0 0 0 0 0 0 0 0 0 0 0 0 0 0 0 0 0 0 0 0 0 0 0 0 0 0 0 0 0 0 0 0 0 0 0 0 0 0 0 0 0 0 0 0 0 0 0 0 0 0 0 0 0 0 0 0 0 0 0 0 0 0 0 0 0 0 0 0 0 0 0 0 0 0 0 0 0 0 0 0 0 0 0 0 0 0 0 0 0 0 0 0 0 0 0 0 0 0 0 0 0 0 0 0 0 0 0 0 0 0 0 0 0 0 0 0 0 0 0 0 0 0 0 0 0 0 0 0 0 0 0 0 0 0 0 0 0 0 0 0 0 0 0 0 0 0 0 0 0 0 0 0 0 0 0 0 0 0 0 0 0 0 0 0 0 0 0 0 0 0 0 0 0 0 0 0 0 0 0 0 0 0 0 0 0 0 0 0 0 0 0 0 0 0 0 0 0 0 0 0 0 0 0 0 0 0 0 0 0 0 0 0 0 0 0 0 0 0 0 0 0 0 0 0 0 0 0 0 0 0 0 0 0 0 0 0 0 0 0 0 0 0 0 0 0 0 0 0 0 0 0 0 0 0 0 0 0 0 0 0 0 0 0 0 0 0 0 0 0 0 0 0 0 0 0 0 0 0 0 0 0 0 0 0 0 0 0 0 0 0 0 0 0 0 0 0 0 0 0 0 0 0 0 0 0 0 0 0 0 0 0 0 0 0 0 0 0 0 0 0 0 0 0 0 0 0 0 0 0 0 0 0 0 0 0 0 0 0 0 0 0 0 0 0 0 0 0 0 0 0 0 0 0 0 0 0 0 0 0 0 0 0 0 0 0 0 0 0 0 0 0 0 0 0 0 0 0 0 0 0 0 0 0 0 0 0 0 0 0 0 0 0 0 0 0 0 0 0 0 0 0 0 0 0 0 0 0 0 0 0 0 0 0 0 0 0 0 0 0 0 0 0 0 0 0 0 0 0 0 0 0 0 0 0 0 0 0 0 0 0 0 0 0 0 0 0 0 0 0 0 0 0 0 0 0 0 0 0 0 0 0 0 0 0 0 0 0 0 0 0 0 0 0 0 0 0 0 0 0 0 0 0 0 0 0 0 0 0 0 0 0 0 0 0 0 0 0 0 0 0 0 0 0 0 0 0 0 0 0 0 0 0 0 0 0 0 0 0 0 0 0 0 0 0 0 0 0 0 0 0 0 0 0 0 0 0 0 0 0 0 0 0 0 0 0 0 0 0 0 0 0 0 0 0 0 0 0 0 0 0 0 0 0 0 0 0 0 0 0 0 0 0 0 0 0 0 0 0 0 0 0 0 0 0 0 0 0 0 0 0 0 0 0 0 0 0 0 0 0 0 0 0 0 0 0 0 0 0 0 0 0 0 0 0 0 0 0 0 0 0 0 0 0 0 0 0 0 0 0 0 0 0 0 0 0 0 0 0 0 0 0 0 0 0 0 0 0 0 0 0 0 0 0 0 0 0 0 0 0 0 0 0 0 0 0 0 0 0 0 0 0 0 0 0 0 0 0 0 0 0 0 0 0 0 0 0 0 0 0 0 0 0 0 0 0 0 0 0 0 0 0 0 0 0 0 0 0 0 0 0 0 0 0 0 0 0 0 0 0 0 0 0 0 0 0 0 0 0 0 0 0 0 0 0 0 0 0 0 0 0 0 0 0 0 0 0 0 0 0 0 0 0 0 0 0 0 0 0 0 0 0 0 0 0 0 0 0 0 0 0 0 0 0 0 0 0 0 0 0 0 0 0 0 0 0 0 0 0 0 0 0 0 0 0 0 0 0 0 0 0 0 0 0 0 0 0 0 0 0 0 0 0 0 0 0 0 0 0 0 0 0 0 0 0 0 0 0 0 0 0 0 0 0 0 0 0 0 0 0 0 0 0 0 0 0 0 0 0 0 0 0 0 0 0 0 0 0 0 0 0 0 0 0 0 0 0 0 0 0 0 0 0 0 0 0 0 0 0 0 0 0 0 0 0 0 0 0 0 0 0 0 0 0 0 0 0 0 0 0 0 0 0 0 0 0 0 0 0 0 0 0 0 0 0 0 0 0 0 0 0 0 0 0 0 0 0 0 0 0 0 0 0 0 0 0 0 0 0 0 0 0 0 0 0 0 0 0 0 0 0 0 0 0 0 0 0 0 0 0 0 0 0 0 0 0 0 0 0 0 0 0 0 0 0 0 0 0 0 0 0 0 0 0 0 0 0 0 0 0 0 0 0 0 0 0 0 0 0 0 0 0 0 0 0 0 0 0 0 0 0 0 0 0 0 0 0 0 0 0 0 0 0 0 0 0 0 0 0 0 0 0 0 0 0 0 0 0 0 0 0 0 0 0 0 0 0 0 0 0 0 0 0 0 0 0 0 0 0 0 0 0 0 0 0 0 0 0 0 0 0 0 0 0 0 0 0 0 0 0 0 0 0 0 0 0 0 0 0 0 0 0 0 0 0 0 0 0 0 0 0 0 0 0 0 0 0 0 0 0 0 0 0 0 0 0 0 0 0 0 0 0 0 0 0 0 0 0 0 0 0 0 0 0 0 0 0 0 0 0 0 0 0 0 0 0 0 0 0 0 0 0 0 0 0 0 0 0 0 0 0 0 0 0 0 0 0 0 0 0 0 0 0 0 0 0 0 0 0 0 0 0 0 0 0 0 0 0 0 0 0 0 0 0 0 0 0 0 0 0 0 0 0 0 0 0 0 0 0 0 0 0 0 0 0 0 0 0 0 0 0 0 0 0 0 0 0 0 0 0 0 0 0 0 0 0 0 0 0 0 0 0 0 0 0 0 0 0 0 0 0 0 0 0 0 0 0 0 0 0 0 0 0 0 0 0 0 0 0 0 0 0 0 0 0 0 0 0 0 0 0 0 0 0 0 0 0 0 0 0 0 0 0 0 0 0 0 0 0 0 0 0 0 0 0 0 0 0 0 0 0 0 0 0 0 0 0 0 0 0 0 0 0 0 0 0 0 0 0 0 0 0 0 0 0 0 0 0 0 0 0 0 0 0 0 0 0 0 0 0 0 0 0 0 0 0 0 0 0 0 0 0 0 0 0 0 0 0 0 0 0 0 0 0 0 0 0 0 0 0 0 0 0 0 0 0 0 0 0 0 0 0 0 0 0 0 0 0 0 0 0 0 0 0 0 0 0 0 0 0 0 0 0 0 0 0 0 0 0 0 0 0 0 0 0 0 0 0 0 0 0 0 0 0 0 0 0 0 0 0 0 0 0 0 0 0 0 0 0 0 0 0 0 0 0 0 0 0 0 0 0 0 0 0 0 0 0 0 0 0 0 0 0 0 0 0 0 0 0 0 0 0 0 0 0 0 0 0 0 0 0 0 0 0 0 0 0 0 0 0 0 0 0 0 0 0 0 0 0 0 0 0 0 0 0 0 0 0 0 0 0 0 0 0 0 0 0 0 0 0 0 0 0 0 0 0 0 0 0 0 0 0 0 0 0 0 0 0 0 0 0 0 0 0 0 0 0 0 0 0 0 0 0 0 0 0 0 0 0 0 0 0 0 0 0 0 0 0 0 0 0 0 0 0 0 0 0 0 0 0 0 0 0 0 0 0 0 0 0 0 0 0 0 0 0 0 0 0 0 0 0 0 0 0 0 0 0 0 0 0 0 0 0 0 0 0 0 0 0 0 0 0 0 0 0 0 0 0 0 0 0 0 0 0 0 0 0 0 0 0 0 0 0 0 0 0 0 0 0 0 0 0 0 0 0 0 0 0 0 0 0 0 0 0 0 0 0 0 0 0 0 0 0 0 0 0 0 0 0 0 0 0 0 0 0 0 0 0 0 0 0 0 0 0 0 0 0 0 0 0 0 0 0 0 0 0 0 0 0 0 0 0 0 0 0 0 0 0 0 0 0 0 0 0 0 0 0 0 0 0 0 0 0 0 0 0 0 0 0 0 0 0 0 0 0 0 0 0 0 0 0 0 0 0 0 0 0 0 0 0 0 0 0 0 0 0 0 0 0 0 0 0 0 0 0 0 0 0 0 0 0 0 0 0 0 0 0 0 0 0 0 0 0 0 0 0 0 0 0 0 0 0 0 0 0 0 0 0 0 0 0 0 0 0 0 0 0 0 0 0 0 0 0 0 0 0 0 0 0 0 0 0 0 0 0 0 0 0 0 0 0 0 0 0 0 0 0 0 0 0 0 0 0 0 0 0 0 0 0 0 0 0 0 0 0 0 0 0 0 0 0 0 0 0 0 0 0 0 0 0 0 0 0 0 0 0 0 0 0 0 0 0 0 0 0 0 0 0 0 0 0 0 0 0 0 0 0 0 0 0 0 0 0 0 0 0 0 0 0 0 0 0 0 0 0 0 0 0 0 0 0 0 0 0 0 0 0 0 0 0 0 0 0 0 0 0 0 0 0 0 0 0 0 0 0 0 0 0 0 0 0 0 0 0 0 0 0 0 0 0 0 0 0 0 0 0 0 0 0 0 0 0 0 0 0 0 0 0 0 0 0 0 0 0 0 0 0 0 0 0 0 0 0 0 0 0 0 0 0 0 0 0 0 0 0 0 0 0 0 0 0 0 0 0 0 0 0 0 0 0 0 0 0 0 0 0 0 0 0 0 0 0 0 0 0 0 0 0 0 0 0 0 0 0 0 0 0 0 0 0 0 0 0 0 0 0 0 0 0 0 0 0 0 0 0 0 0 0 0 0 0 0 0 0 0 0 0 0 0 0 0 0 0 0 0 0 0 0 0 0 0 0 0 0 0 0 0 0 0 0 0 0 0 0 0 0 0 0 0 0 0 0 0 0 0 0 0 0 0 0 0 0 0 0 0 0 0 0 0 0 0 0 0 0 0 0 0 0 0 0 0 0 0 0 0 0 0 0 0 0 0 0 0 0 0 0 0 0 0 0 0 0 0 0 0 0 0 0 0 0 0 0 0 0 0 0 0 0 0 0 0 0 0 0 0 0 0 0 0 0 0 0 0 0 0 0 0 0 0 0 0 0 0 0 0 0 0 0 0 0 0 0 0 0 0 0 0 0 0 0 0 0 0 0 0 0 0 0 0 0 0 0 0 0 0 0 0 0 0 0 0 0 0 0 0 0 0 0 0 0 0 0 0 0 0 0 0 0 0 0 0 0 0 0 0 0 0 0 0 0 0 0 0 0 0 0 0 0 0 0 0 0 0 0 0 0 0 0 0 0 0 0 0 0 0 0 0 0 0 0 0 0 0 0 0 0 0 0 0 0 0 0 0 0 0 0 0 0 0 0 0 0 0 0 0 0 0 0 0 0 0 0 0 0 0 0 0 0 0 0 0 0 0 0 0 0 0 0 0 0 0 0 0 0 0 0 0 0 0 0 0 0 0 0 0 0 0 0 0 0 0 0 0 0 0 0 0 0 0 0 0 0 0 0 0 0 0 0 0 0 0 0 0 0 0 0 0 0 0 0 0 0 0 0 0 0 0 0 0 0 0 0 0 0 0 0 0 0 0 0 0 0 0 0 0 0 0 0 0 0 0 0 0 0 0 0 0 0 0 0 0 0 0 0 0 0 0 0 0 0 0 0 0 0 0 0 0 0 0 0 0 0 0 0 0 0 0 0 0 0 0 0 0 0 0 0 0 0 0 0 0 0 0 0 0 0 0 0 0 0 0 0 0 0 0 0 0 0 0 0 0 0 0 0 0 0 0 0 0 0 0 0 0 0 0 0 0 0 0 0 0 0 0 0 0 0 0 0 0 0 0 0 0 0 0 0 0 0 0 0 0 0 0 0 0 0 0 0 0 0 0 0 0 0 0 0 0 0 0 0 0 0 0 0 0 0 0 0 0 0 0 0 0 0 0 0 0 0 0 0 0 0 0 0 0 0 0 0 0 0 0 0 0 0 0 0 0 0 0 0 0 0 0 0 0 0 0 0 0 0 0 0 0 0 0 0 0 0 0 0 0 0 0 0 0 0 0 0 0 0 0 0 0 0 0 0 0 0 0 0 0 0 0 0 0 0 0 0 0 0 0 0 0 0 0 0 0 0 0 0 0 0 0 0 0 0 0 0 0 0 0 0 0 0 0 0 0 0 0 0 0 0 0 0 0 0 0 0 0 0 0 0 0 0 0 0 0 0 0 0 0 0 0 0 0 0 0 0 0 0 0 0 0 0 0 0 0 0 0 0 0 0 0 0 0 0 0 0 0 0 0 0 0 0 0 0 0 0 0 0 0 0 0 0 0 0 0 0 0 0 0 0 0 0 0 0 0 0 0 0 0 0 0 0 0 0 0 0 0 0 0 0 0 0 0 0 0 0 0 0 0 0 0 0 0 0 0 0 0 0 0 0 0 0 0 0 0 0 0 0 0 0 0 0 0 0 0 0 0 0 0 0 0 0 0 0 0 0 0 0 0 0 0 0 0 0 0 0 0 0 0 0 0 0 0 0 0 0 0 0 0 0 0 0 0 0 0 0 0 0 0 0 0 0 0 0 0 0 0 0 0 0 0 0 0 0 0 0 0 0 0 0 0 0 0 0 0 0 0 0 0 0 0 0 0 0 0 0 0 0 0 0 0 0 0 0 0 0 0 0 0 0 0 0 0 0 0 0 0 0 0 0 0 0 0 0 0 0 0 0 0 0 0 0 0 0 0 0 0 0 0 0 0 0 0 0 0 0 0 0 0 0 0 0 0 0 0 0 0 0 0 0 0 0 0 0 0 0 0 0 0 0 0 0 0 0 0 0 0 0 0 0 0 0 0 0 0 0 0 0 0 0 0 0 0 0 0 0 0 0 0 0 0 0 0 0 0 0 0 0 0 0 0 0 0 0 0 0 0 0 0 0 0 0 0 0 0 0 0 0 0 0 0 0 0 0 0 0 0 0 0 0 0 0 0 0 0 0 0 0 0 0 0 0 0 0 0 0 0 0 0 0 0 0 0 0 0 0 0 0 0 0 0 0 0 0 0 0 0 0 0 0 0 0 0 0 0 0 0 0 0 0 0 0 0 0 0 0 0 0 0 0 0 0 0 0 0 0 0 0 0 0 0 0 0 0 0 0 0 0 0 0 0 0 0 0 0 0 0 0 0 0 0 0 0 0 0 0 0 0 0 0 0 0 0 0 0 0 0 0 0 0 0 0 0 0 0 0 0 0 0 0 0 0 0 0 0 0 0 0 0 0 0 0 0 0 0 0 0 0 0 0 0 0 0 0 0 0 0 0 0 0 0 0 0 0 0 0 0 0 0 0 0 0 0 0 0 0 0 0 0 0 0 0 0 0 0 0 0 0 0 0 0 0 0 0 0 0 0 0 0 0 0 0 0 0 0 0 0 0 0 0 0 0 0 0 0 0 0 0 0 0 0 0 0 0 0 0 0 0 0 0 0 0 0 0 0 0 0 0 0 0 0 0 0 0 0 0 0 0 0 0 0 0 0 0 0 0 0 0 0 0 0 0 0 0 0 0 0 0 0 0 0 0 0 0 0 0 0 0 0 0 0 0 0 0 0 0 0 0 0 0 0 0 0 0 0 0 0 0 0 0 0 0 0 0 0 0 0 0 0 0 0 0 0 0 0 0 0 0 0 0 0 0 0 0 0 0 0 0 0 0 0 0 0 0 0 0 0 0 0 0 0 0 0 0 0 0 0 0 0 0 0 0 0 0 0 0 0 0 0 0 0 0 0 0 0 0 0 0 0 0 0 0 0 0 0 0 0 0 0 0 0 0 0 0 0 0 0 0 0 0 0 0 0 0 0 0 0 0 0 0 0 0 0 0 0 0 0 0 0 0 0 0 0 0 0 0 0 0 0 0 0 0 0 0 0 0 0 0 0 0 0 0 0 0 0 0 0 0 0 0 0 0 0 0 0 0 0 0 0 0 0 0 0 0 0 0 0 0 0 0 0 0 0 0 0 0 0 0 0 0 0 0 0 0 0 0 0 0 0 0 0 0 0 0 0 0 0 0 0 0 0 0 0 0 0 0 0 0 0 0 0 0 0 0 0 0 0 0 0 0 0 0 0 0 0 0 0 0 0 0 0 0 0 0 0 0 0 0 0 0 0 0 0 0 0 0 0 0 0 0 0 0 0 0 0 0 0 0 0 0 0 0 0 0 0 0 0 0 0 0 0 0 0 0 0 0 0 0 0 0 0 0 0 0 0 0 0 0 0 0 0 0 0 0 0 0 0 0 0 0 0 0 0 0 0 0 0 0 0 0 0 0 0 0 0 0 0 0 0 0 0 0 0 0 0 0 0 0 0 0 0 0 0 0 0 0 0 0 0 0 0 0 0 0 0 0 0 0 0 0 0 0 0 0 0 0 0 0 0 0 0 0 0 0 0 0 0 0 0 0 0 0 0 0 0 0 0 0 0 0 0 0 0 0 0 0 0 0 0 0 0 0 0 0 0 0 0 0 0 0 0 0 0 0 0 0 0 0 0 0 0 0 0 0 0 0 0 0 0 0 0 0 0 0 0 0 0 0 0 0 0 0 0 0 0 0 0 0 0 0 0 0 0 0 0 0 0 0 0 0 0 0 0 0 0 0 0 0 0 0 0 0 0 0 0 0 0 0 0 0 0 0 0 0 0 0 0 0 0 0 0 0 0 0 0 0 0 0 0 0 0 0 0 0 0 0 0 0 0 0 0 0 0 0 0 0 0 0 0 0 0 0 0 0 0 0 0 0 0 0 0 0 0 0 0 0 0 0 0 0 0 0 0 0 0 0 0 0 0 0 0 0 0 0 0 0 0 0 0 0 0 0 0 0 0 0 0 0 0 0 0 0 0 0 0 0 0 0 0 0 0 0 0 0 0 0 0 0 0 0 0 0 0 0 0 0 0 0 0 0 0 0 0 0 0 0 0 0 0 0 0 0 0 0 0 0 0 0 0 0 0 0 0 0 0 0 0 0 0 0 0 0 0 0 0 0 0 0 0 0 0 0 0 0 0 0 0 0 0 0 0 0 0 0 0 0 0 0 0 0 0 0 0 0 0 0 0 0 0 0 0 0 0 0 0 0 0 0 0 0 0 0 0 0 0 0 0 0 0 0 0 0 0 0 0 0 0 0 0 0 0 0 0 0 0 0 0 0 0 0 0 0 0 0 0 0 0 0 0 0 0 0 0 0 0 0 0 0 0 0 0 0 0 0 0 0 0 0 0 0 0 0 0 0 0 0 0 0 0 0 0 0 0 0 0 0 0 0 0 0 0 0 0 0 0 0 0 0 0 0 0 0 0 0 0 0 0 0 0 0 0 0 0 0 0 0 0 0 0 0 0 0 0 0 0 0 0 0 0 0 0 0 0 0 0 0 0 0 0 0 0 0 0 0 0 0 0 0 0 0 0 0 0 0 0 0 0 0 0 0 0 0 0 0 0 0 0 0 0 0 0 0 0 0 0 0 0 0 0 0 0 0 0 0 0 0 0 0 0 0 0 0 0 0 0 0 0 0 0 0 0 0 0 0 0 0 0 0 0 0 0 0 0 0 0 0 0 0 0 0 0 0 0 0 0 0 0 0 0 0 0 0 0 0 0 0 0 0 0 0 0 0 0 0 0 0 0 0 0 0 0 0 0 0 0 0 0 0 0 0 0 0 0 0 0 0 0 0 0 0 0 0 0 0 0 0 0 0 0 0 0 0 0 0 0 0 0 0 0 0 0 0 0 0 0 0 0 0 0 0 0 0 0 0 0 0 0 0 0 0 0 0 0 0 0 0 0 0 0 0 0 0 0 0 0 0 0 0 0 0 0 0 0 0 0 0 0 0 0 0 0 0 0 0 0 0 0 0 0 0 0 0 0 0 0 0 0 0 0 0 0 0 0 0 0 0 0 0 0 0 0 0 0 0 0 0 0 0 0 0 0 0 0 0 0 0 0 0 0 0 0 0 0 0 0 0 0 0 0 0 0 0 0 0 0 0 0 0 0 0 0 0 0 0 0 0 0 0 0 0 0 0 0 0 0 0 0 0 0 0 0 0 0 0 0 0 0 0 0 0 0 0 0 0 0 0 0 0 0 0 0 0 0 0 0 0 0 0 0 0 0 0 0 0 0 0 0 0 0 0 0 0 0 0 0 0 0 0 0 0 0 0 0 0 0 0 0 0 0 0 0 0 0 0 0 0 0 0 0 0 0 0 0 0 0 0 0 0 0 0 0 0 0 0 0 0 0 0 0 0 0 0 0 0 0 0 0 0 0 0 0 0 0 0 0 0 0 0 0 0 0 0 0 0 0 0 0 0 0 0 0 0 0 0 0 0 0 0 0 0 0 0 0 0 0 0 0 0 0 0 0 0 0 0 0 0 0 0 0 0 0 0 0 0 0 0 0 0 0 0 0 0 0 0 0 0 0 0 0 0 0 0 0 0 0 0 0 0 0 0 0 0 0 0 0 0 0 0 0 0 0 0 0 0 0 0 0 0 0 0 0 0 0 0 0 0 0 0 0 0 0 0 0 0 0 0 0 0 0 0 0 0 0 0 0 0 0 0 0 0 0 0 0 0 0 0 0 0 0 0 0 0 0 0 0 0 0 0 0 0 0 0 0 0 0 0 0 0 0 0 0 0 0 0 0 0 0 0 0 0 0 0 0 0 0 0 0 0 0 0 0 0 0 0 0 0 0 0 0 0 0 0 0 0 0 0 0 0 0 0 0 0 0 0 0 0 0 0 0 0 0 0 0 0 0 0 0 0 0 0 0 0 0 0 0 0 0 0 0 0 0 0 0 0 0 0 0 0 0 0 0 0 0 0 0 0 0 0 0 0 0 0 0 0 0 0 0 0 0 0 0 0 0 0 0 0 0 0 0 0 0 0 0 0 0 0 0 0 0 0 0 0 0 0 0 0 0 0 0 0 0 0 0 0 0 0 0 0 0 0 0 0 0 0 0 0 0 0 0 0 0 0 0 0 0 0 0 0 0 0 0 0 0 0 0 0 0 0 0 0 0 0 0 0 0 0 0 0 0 0 0 0 0 0 0 0 0 0 0 0 0 0 0 0 0 0 0 0 0 0 0 0 0 0 0 0 0 0 0 0 0 0 0 0 0 0 0 0 0 0 0 0 0 0 0 0 0 0 0 0 0 0 0 0 0 0 0 0 0 0 0 0 0 0 0 0 0 0 0 0 0 0 0 0 0 0 0 0 0 0 0 0 0 0 0 0 0 0 0 0 0 0 0 0 0 0 0 0 0 0 0 0 0 0 0 0 0 0 0 0 0 0 0 0 0 0 0 0 0 0 0 0 0 0 0 0 0 0 0 0 0 0 0 0 0 0 0 0 0 0 0 0 0 0 0 0 0 0 0 0 0 0 0 0 0 0 0 0 0 0 0 0 0 0 0 0 0 0 0 0 0 0 0 0 0 0 0 0 0 0 0 0 0 0 0 0 0 0 0 0 0 0 0 0 0 0 0 0 0 0 0 0 0 0 0 0 0 0 0 0 0 0 0 0 0 0 0 0 0 0 0 0 0 0 0 0 0 0 0 0 0 0 0 0 0 0 0 0 0 0 0 0 0 0 0 0 0 0 0 0 0 0 0 0 0 0 0 0 0 0 0 0 0 0 0 0 0 0 0 0 0 0 0 0 0 0 0 0 0 0 0 0 0 0 0 0 0 0 0 0 0 0 0 0 0 0 0 0 0 0 0 0 0 0 0 0 0 0 0 0 0 0 0 0 0 0 0 0 0 0 0 0 0 0 0 0 0 0 0 0 0 0 0 0 0 0 0 0 0 0 0 0 0 0 0 0 0 0 0 0 0 0 0 0 0 0 0 0 0 0 0 0 0 0 0 0 0 0 0 0 0 0 0 0 0 0 0 0 0 0 0 0 0 0 0 0 0 0 0 0 0 0 0 0 0 0 0 0 0 0 0 0 0 0 0 0 0 0 0 0 0 0 0 0 0 0 0 0 0 0 0 0 0 0 0 0 0 0 0 0 0 0 0 0 0 0 0 0 0 0 0 0 0 0 0 0 0 0 0 0 0 0 0 0 0 0 0 0 0 0 0 0 0 0 0 0 0 0 0 0 0 0 0 0 0 0 0 0 0 0 0 0 0 0 0 0 0 0 0 0 0 0 0 0 0 0 0 0 0 0 0 0 0 0 0 0 0 0 0 0 0 0 0 0 0 0 0 0 0 0 0 0 0 0 0 0 0 0 0 0 0 0 0 0 0 0 0 0 0 0 0 0 0 0 0 0 0 0 0 0 0 0 0 0 0 0 0 0 0 0 0 0 0 0 0 0 0 0 0 0 0 0 0 0 0 0 0 0 0 0 0 0 0 0 0 0 0 0 0 0 0 0 0 0 0 0 0 0 0 0 0 0 0 0 0 0 0 0 0 0 0 0 0 0 0 0 0 0 0 0 0 0 0 0 0 0 0 0 0 0 0 0 0 0 0 0 0 0 0 0 0 0 0 0 0 0 0 0 0 0 0 0 0 0 0 0 0 0 0 0 0 0 0 0 0 0 0 0 0 0 0 0 0 0 0 0 0 0 0 0 0 0 0 0 0 0 0 0 0 0 0 0 0 0 0 0 0 0 0 0 0 0 0 0 0 0 0 0 0 0 0 0 0 0 0 0 0 0 0 0 0 0 0 0 0 0 0 0 0 0 0 0 0 0 0 0 0 0 0 0 0 0 0 0 0 0 0 0 0 0 0 0 0 0 0 0 0 0 0 0 0 0 0 0 0 0 0 0 0 0 0 0 0 0 0 0 0 0 0 0 0 0 0 0 0 0 0 0 0 0 0 0 0 0 0 0 0 0 0 0 0 0 0 0 0 0 0 0 0 0 0 0 0 0 0 0 0 0 0 0 0 0 0 0 0 0 0 0 0 0 0 0 0 0 0 0 0 0 0 0 0 0 0 0 0 0 0 0 0 0 0 0 0 0 0 0 0 0 0 0 0 0 0 0 0 0 0 0 0 0 0 0 0 0 0 0 0 0 0 0 0 0 0 0 0 0 0 0 0 0 0 0 0 0 0 0 0 0 0 0 0 0 0 0 0 0 0 0 0 0 0 0 0 0 0 0 0 0 0 0 0 0 0 0 0 0 0 0 0 0 0 0 0 0 0 0 0 0 0 0 0 0 0 0 0 0 0 0 0 0 0 0 0 0 0 0 0 0 0 0 0 0 0 0 0 0 0 0 0 0 0 0 0 0 0 0 0 0 0 0 0 0 0 0 0 0 0 0 0 0 0 0 0 0 0 0 0 0 0 0 0 0 0 0 0 0 0 0 0 0 0 0 0 0 0 0 0 0 0 0 0 0 0 0 0 0 0 0 0 0 0 0 0 0 0 0 0 0 0 0 0 0 0 0 0 0 0 0 0 0 0 0 0 0 0 0 0 0 0 0 0 0 0 0 0 0 0 0 0 0 0 0 0 0 0 0 0 0 0 0 0 0 0 0 0 0 0 0 0 0 0 0 0 0 0 0 0 0 0 0 0 0 0 0 0 0 0 0 0 0 0 0 0 0 0 0 0 0 0 0 0 0 0 0 0 0 0 0 0 0 0 0 0 0 0 0 0 0 0 0 0 0 0 0 0 0 0 0 0 0 0 0 0 0 0 0 0 0 0 0 0 0 0 0 0 0 0 0 0 0 0 0 0 0 0 0 0 0 0 0 0 0 0 0 0 0 0 0 0 0 0 0 0 0 0 0 0 0 0 0 0 0 0 0 0 0 0 0 0 0 0 0 0 0 0 0 0 0 0 0 0 0 0 0 0 0 0 0 0 0 0 0 0 0 0 0 0 0 0 0 0 0 0 0 0 0 0 0 0 0 0 0 0 0 0 0 0 0 0 0 0 0 0 0 0 0 0 0 0 0 0 0 0 0 0 0 0 0 0 0 0 0 0 0 0 0 0 0 0 0 0 0 0 0 0 0 0 0 0 0 0 0 0 0 0 0 0 0 0 0 0 0 0 0 0 0 0 0 0 0 0 0 0 0 0 0 0 0 0 0 0 0 0 0 0 0 0 0 0 0 0 0 0 0 0 0 0 0 0 0 0 0 0 0 0 0 0 0 0 0 0 0 0 0 0 0 0 0 0 0 0 0 0 0 0 0 0 0 0 0 0 0 0 0 0 0 0 0 0 0 0 0 0 0 0 0 0 0 0 0 0 0 0 0 0 0 0 0 0 0 0 0 0 0 0 0 0 0 0 0 0 0 0 0 0 0 0 0 0 0 0 0 0 0 0 0 0 0 0 0 0 0 0 0 0 0 0 0 0 0 0 0 0 0 0 0 0 0 0 0 0 0 0 0 0 0 0 0 0 0 0 0 0 0 0 0 0 0 0 0 0 0 0 0 0 0 0 0 0 0 0 0 0 0 0 0 0 0 0 0 0 0 0 0 0 0 0 0 0 0 0 0 0 0 0 0 0 0 0 0 0 0 0 0 0 0 0 0 0 0 0 0 0 0 0 0 0 0 0 0 0 0 0 0 0 0 0 0 0 0 0 0 0 0 0 0 0 0 0 0 0 0 0 0 0 0 0 0 0 0 0 0 0 0 0 0 0 0 0 0 0 0 0 0 0 0 0 0 0 0 0 0 0 0 0 0 0 0 0 0 0 0 0 0 0 0 0 0 0 0 0 0 0 0 0 0 0 0 0 0 0 0 0 0 0 0 0 0 0 0 0 0 0 0 0 0 0 0 0 0 0 0 0 0 0 0 0 0 0 0 0 0 0 0 0 0 0 0 0 0 0 0 0 0 0 0 0 0 0 0 0 0 0 0 0 0 0 0 0 0 0 0 0 0 0 0 0 0 0 0 0 0 0 0 0 0 0 0 0 0 0 0 0 0 0 0 0 0 0 0 0 0 0 0 0 0 0 0 0 0 0 0 0 0 0 0 0 0 0 0 0 0 0 0 0 0 0 0 0 0 0 0 0 0 0 0 0 0 0 0 0 0 0 0 0 0 0 0 0 0 0 0 0 0 0 0 0 0 0 0 0 0 0 0 0 0 0 0 0 0 0 0 0 0 0 0 0 0 0 0 0 0 0 0 0 0 0 0 0 0 0 0 0 0 0 0 0 0 0 0 0 0 0 0 0 0 0 0 0 0 0 0 0 0 0 0 0 0 0 0 0 0 0 0 0 0 0 0 0 0 0 0 0 0 0 0 0 0 0 0 0 0 0 0 0 0 0 0 0 0 0 0 0 0 0 0 0 0 0 0 0 0 0 0 0 0 0 0 0 0 0 0 0 0 0 0 0 0 0 0 0 0 0 0 0 0 0 0 0 0 0 0 0 0 0 0 0 0 0 0 0 0 0 0 0 0 0 0 0 0 0 0 0 0 0 0 0 0 0 0 0 0 0 0 0 0 0 0 0 0 0 0 0 0 0 0 0 0 0 0 0 0 0 0 0 0 0 0 0 0 0 0 0 0 0 0 0 0 0 0 0 0 0 0 0 0 0 0 0 0 0 0 0 0 0 0 0 0 0 0 0 0 0 0 0 0 0 0 0 0 0 0 0 0 0 0 0 0 0 0 0 0 0 0 0 0 0 0 0 0 0 0 0 0 0 0 0 0 0 0 0 0 0 0 0 0 0 0 0 0 0 0 0 0 0 0 0 0 0 0 0 0 0 0 0 0 0 0 0 0 0 0 0 0 0 0 0 0 0 0 0 0 0 0 0 0 0 0 0 0 0 0 0 0 0 0 0 0 0 0 0 0 0 0 0 0 0 0 0 0 0 0 0 0 0 0 0 0 0 0 0 0 0 0 0 0 0 0 0 0 0 0 0 0 0 0 0 0 0 0 0 0 0 0 0 0 0 0 0 0 0 0 0 0 0 0 0 0 0 0 0 0 0 0 0 0 0 0 0 0 0 0 0 0 0 0 0 0 0 0 0 0 0 0 0 0 0 0 0 0 0 0 0 0 0 0 0 0 0 0 0 0 0 0 0 0 0 0 0 0 0 0 0 0 0 0 0 0 0 0 0 0 0 0 0 0 0 0 0 0 0 0 0 0 0 0 0 0 0 0 0 0 0 0 0 0 0 0 0 0 0 0 0 0 0 0 0 0 0 0 0 0 0 0 0 0 0 0 0 0 0 0 0 0 0 0 0 0 0 0 0 0 0 0 0 0 0 0 0 0 0 0 0 0 0 0 0 0 0 0 0 0 0 0 0 0 0 0 0 0 0 0 0 0 0 0 0 0 0 0 0 0 0 0 0 0 0 0 0 0 0 0 0 0 0 0 0 0 0 0 0 0 0 0 0 0 0 0 0 0 0 0 0 0 0 0 0 0 0 0 0 0 0 0 0 0 0 0 0 0 0 0 0 0 0 0 0 0 0 0 0 0 0 0 0 0 0 0 0 0 0 0 0 0 0 0 0 0 0 0 0 0 0 0 0 0 0 0 0 0 0 0 0 0 0 0 0 0 0 0 0 0 0 0 0 0 0 0 0 0 0 0 0 0 0 0 0 0 0 0 0 0 0 0 0 0 0 0 0 0 0 0 0 0 0 0 0 0 0 0 0 0 0 0 0 0 0 0 0 0 0 0 0 0 0 0 0 0 0 0 0 0 0 0 0 0 0 0 0 0 0 0 0 0 0 0 0 0 0 0 0 0 0 0 0 0 0 0 0 0 0 0 0 0 0 0 0 0 0 0 0 0 0 0 0 0 0 0 0 0 0 0 0 0 0 0 0 0 0 0 0 0 0 0 0 0 0 0 0 0 0 0 0 0 0 0 0 0 0 0 0 0 0 0 0 0 0 0 0 0 0 0 0 0 0 0 0 0 0 0 0 0 0 0 0 0 0 0 0 0 0 0 0 0 0 0 0 0 0 0 0 0 0 0 0 0 0 0 0 0 0 0 0 0 0 0 0 0 0 0 0 0 0 0 0 0 0 0 0 0 0 0 0 0 0 0 0 0 0 0 0 0 0 0 0 0 0 0 0 0 0 0 0 0 0 0 0 0 0 0 0 0 0 0 0 0 0 0 0 0 0 0 0 0 0 0 0 0 0 0 0 0 0 0 0 0 0 0 0 0 0 0 0 0 0 0 0 0 0 0 0 0 0 0 0 0 0 0 0 0 0 0 0 0 0 0 0 0 0 0 0 0 0 0 0 0 0 0 0 0 0 0 0 0 0 0 0 0 0 0 0 0 0 0 0 0 0 0 0 0 0 0 0 0 0 0 0 0 0 0 0 0 0 0 0 0 0 0 0 0 0 0 0 0 0 0 0 0 0 0 0 0 0 0 0 0 0 0 0 0 0 0 0 0 0 0 0 0 0 0 0 0 0 0 0 0 0 0 0 0 0 0 0 0 0 0 0 0 0 0 0 0 0 0 0 0 0 0 0 0 0 0 0 0 0 0 0 0 0 0 0 0 0 0 0 0 0 0 0 0 0 0 0 0 0 0 0 0 0 0 0 0 0 0 0 0 0 0 0 0 0 0 0 0 0 0 0 0 0 0 0 0 0 0 0 0 0 0 0 0 0 0 0 0 0 0 0 0 0 0 0 0 0 0 0 0 0 0 0 0 0 0 0 0 0 0 0 0 0 0 0 0 0 0 0 0 0 0 0 0 0 0 0 0 0 0 0 0 0 0 0 0 0 0 0 0 0 0 0 0 0 0 0 0 0 0 0 0 0 0 0 0 0 0 0 0 0 0 0 0 0 0 0 0 0 0 0 0 0 0 0 0 0 0 0 0 0 0 0 0 0 0 0 0 0 0 0 0 0 0 0 0 0 0 0 0 0 0 0 0 0 0 0 0 0 0 0 0 0 0 0 0 0 0 0 0 0 0 0 0 0 0 0 0 0 0 0 0 0 0 0 0 0 0 0 0 0 0 0 0 0 0 0 0 0 0 0 0 0 0 0 0 0 0 0 0 0 0 0 0 0 0 0 0 0 0 0 0 0 0 0 0 0 0 0 0 0 0 0 0 0 0 0 0 0 0 0 0 0 0 0 0 0 0 0 0 0 0 0 0 0 0 0 0 0 0 0 0 0 0 0 0 0 0 0 0 
0 0 0 0 0 0 0 0.9 0 0 0 0 0 0 0 0 0 5.8 0 0 0 0 0 0 0 0 0 2.7 0 0 0 0 0 0 0 0 0 0 0 0 0 0 0 0 0 0 0 3.1 0 0 0 0 0 0 0 0 0 2.5 0 0 0 0 0 0 0 0 0 1.7 0 0 0 0 0 0 0 0 0 0.2 0 0 0 0 0 0 0 0 0 0.4 0 0 0 0 0 0 0 0 0 2.2 0 0 0 1 0 0 5.3 0 0 0 0 0 0 0.9 0 0 1.5 0 0 0 0 0 0 2.4 0 0 3.5 0 0 0 0 0 0 0.4 0 0 4.3 0 0 0 0 0 0 0.4 0 0 1.3 0 0 0 0 0 0 0.4 0 0 2.4 0 0 0 0 0 0 2.3 0 0 2 0 0 0 0 0 0 1.4 0 0 4 0 0 0 0 0 0 0.3 0 0 0.4 0 0 0 0 0 0 4.5 0 0 2.9 0 0 0 0 0 0 0 0 0 0 0 0 0 0 0 0 0 0 0 0 0 0 0 0 0 0 0 0 0 0 0 0 0 0 0 0 0 0 0 0 0 0 0 0 0 0 0 0 0 0 0 0 0 0 0 0 0 0 0 0 0 0 0 0 0 0 0 0 0 0 0 0 0 0 0 0 0 0 0 0 0 0 0 0 0 0 0 0 0 0 0 0 0 0 0 0 0 0 0 0 0 0 0 0 0 0 0 0 0 0 0 0 4.1 0 0 0 0 0 0 0 0 0 0.9 0 0 0 0 0 0 0 0 0 3.3 0 0 0 0 0 0 0 0 0 3.9 0 0 0 0 0 0 0 0 0 0.2 0 0 0 0 0 0 0 0 0 1.5 0 0 0 0 0 0 0 0 0 4.1 0 0 0 0 0 0 0 0 0 1 0 0 0 0 0 0 0 0 0 0 0 0 0 0 0 0 0 0 0 0.1 0 0 0 1.3 0 0 0.8 0 0 0 0 0 0 3.7 0 0 2.9 0 0 0 0 0 0 1.4 0 0 1.1 0 0 0 0 0 0 1.8 0 0 1.1 0 0 0 0 0 0 3.5 0 0 0.9 0 0 0 0 0 0 0.4 0 0 0.5 0 0 0 0 0 0 4.8 0 0 1.9 0 0 0 0 0 0 5 0 0 3.1 0 0 0 0 0 0 0.5 0 0 0.8 0 0 0 0 0 0 3.5 0 0 2.3 0 0 0 0 0 0 0 0 0 0 0 0 0 0 0 0 0 0 0 0 0 0 0 0 0 0 0 0 0 0 0 0 0 0 0 0 0 0 0 0 0 0 0 0 0 0 0 0 0 0 0 0 0 0 0 0 0 0 0 0 0 0 0 0 0 0 0 0 0 0 0 0 0 0 0 0 0 0 0 0 0 0 0 0 0 0 0 0 0 0 0 0 0 0 0 0 0 0 0 0 0 0 0 0 0 0 0 0 0 0 0 0 2.6 0 0 0 0 0 0 0 0 0 4.5 0 0 0 0 0 0 0 0 0 4.5 0 0 0 0 0 0 0 0 0 1.9 0 0 0 0 0 0 0 0 0 1.1 0 0 0 0 0 0 0 0 0 0.3 0 0 0 0 0 0 0 0 0 2.1 0 0 0 0 0 0 0 0 0 1.1 0 0 0 0 0 0 0 0 0 5.6 0 0 0 0 0 0 0 0 0 1.4 0 0 0 4.8 0 0 2.1 0 0 0 0 0 0 1.4 0 0 2.8 0 0 0 0 0 0 0.5 0 0 0.8 0 0 0 0 0 0 0.8 0 0 0.1 0 0 0 0 0 0 0.8 0 0 3 0 0 0 0 0 0 4.3 0 0 1.7 0 0 0 0 0 0 2.6 0 0 3.7 0 0 0 0 0 0 0.1 0 0 2.3 0 0 0 0 0 0 4.2 0 0 4 0 0 0 0 0 0 4.5 0 0 0.6 0 0 0 0 0 0 0 0 0 0 0 0 0 0 0 0 0 0 0 0 0 0 0 0 0 0 0 0 0 0 0 0 0 0 0 0 0 0 0 0 0 0 0 0 0 0 0 0 0 0 0 0 0 0 0 0 0 0 0 0 0 0 0 0 0 0 0 0 0 0 0 0 0 0 0 0 0 0 0 0 0 0 0 0 0 0 0 0 0 0 0 0 0 0 0 0 0 0 0 0 0 0 0 0 0 0 0 0 0 0 0 0 0.8 0 0 0 0 0 0 0 0 0 0.5 0 0 0 0 0 0 0 0 0 2.8 0 0 0 0 0 0 0 0 0 1.5 0 0 0 0 0 0 0 0 0 0.7 0 0 0 0 0 0 0 0 0 0.3 0 0 0 0 0 0 0 0 0 1.2 0 0 0 0 0 0 0 0 0 0.3 0 0 0 0 0 0 0 0 0 3.7 0 0 0 0 0 0 0 0 0 0.7 0 0 0 0 0 0 0 0 0 1.9 0 0 0 0 0 0 0 0 0 5.7 0 0 0 0 0 0 0 0 0 3.5 0 0 0 0 0 0 0 0 0 4.1 0 0 0 0 0 0 0 0 0 4.4 0 0 0 0 0 0 0 0 0 1.3 0 0 0 0 0 0 0 0 0 0.8 0 0 0 0 0 0 0 0 0 3.4 0 0 0 0 0 0 0 0 0 3.4 0 0 0 0 0 0 0 0 0 2.3 0 0 0 4.1 0 0 1.6 0 0 0 0 0 0 1.5 0 0 1.7 0 0 0 0 0 0 3.1 0 0 3 0 0 0 0 0 0 3.8 0 0 5.3 0 0 0 0 0 0 1.5 0 0 1.9 0 0 0 0 0 0 5 0 0 4.9 0 0 0 0 0 0 3.4 0 0 4.9 0 0 0 0 0 0 4.1 0 0 4.6 0 0 0 0 0 0 0.2 0 0 1.7 0 0 0 0 0 0 2.2 0 0 1.5 0 0 0 0 0 0 0 0 0 0 0 0 0 0 0 0 0 0 0 0 0 0 0 0 0 0 0 0 0 0 0 0 0 0 0 0 0 0 0 0 0 0 0 0 0 0 0 0 0 0 0 0 0 0 0 0 0 0 0 0 0 0 0 0 0 0 0 0 0 0 0 0 0 0 0 0 0 0 0 0 0 0 0 0 0 0 0 0 0 0 0 0 0 0 0 0 0 0 0 0 0 0 0 0 0 0 0 0 0 0 0 0 3.5 0 0 0 0 0 0 0 0 0 0.8 0 0 0 0 0 0 0 0 0 6 0 0 0 0 0 0 0 0 0 0.7 0 0 0 0 0 0 0 0 0 2.3 0 0 0 0 0 0 0 0 0 5.5 0 0 0 0 0 0 0 0 0 1.3 0 0 0 0 0 0 0 0 0 0.8 0 0 0 0 0 0 0 0 0 1 0 0 0 0 0 0 0 0 0 1.6 0 0 0 3.5 0 0 0.6 0 0 0 0 0 0 1.7 0 0 0.1 0 0 0 0 0 0 2 0 0 4 0 0 0 0 0 0 4.8 0 0 3.3 0 0 0 0 0 0 4.1 0 0 2.4 0 0 0 0 0 0 4 0 0 4.3 0 0 0 0 0 0 4.2 0 0 0.9 0 0 0 0 0 0 3.8 0 0 1.1 0 0 0 0 0 0 0.2 0 0 4.5 0 0 0 0 0 0 0.3 0 0 4.5 0 0 0 0 0 0 0 0 0 0 0 0 0 0 0 0 0 0 0 0 0 0 0 0 0 0 0 0 0 0 0 0 0 0 0 0 0 0 0 0 0 0 0 0 0 0 0 0 0 0 0 0 0 0 0 0 0 0 0 0 0 0 0 0 0 0 0 0 0 0 0 0 0 0 0 0 0 0 0 0 0 0 0 0 0 0 0 0 0 0 0 0 0 0 0 0 0 0 0 0 0 0 0 0 0 0 0 0 0 0 0 0 3.3 0 0 0 0 0 0 0 0 0 0.2 0 0 0 0 0 0 0 0 0 2.3 0 0 0 0 0 0 0 0 0 4.7 0 0 0 0 0 0 0 0 0 0.2 0 0 0 0 0 0 0 0 0 4.6 0 0 0 0 0 0 0 0 0 3 0 0 0 0 0 0 0 0 0 0.5 0 0 0 0 0 0 0 0 0 4.4 0 0 0 0 0 0 0 0 0 1.9 0 0 0 3.4 0 0 0.9 0 0 0 0 0 0 1.9 0 0 2.9 0 0 0 0 0 0 2.6 0 0 2.3 0 0 0 0 0 0 0.7 0 0 3.9 0 0 0 0 0 0 0.4 0 0 1.6 0 0 0 0 0 0 1.2 0 0 3.9 0 0 0 0 0 0 0.2 0 0 0.8 0 0 0 0 0 0 2.6 0 0 1.1 0 0 0 0 0 0 1 0 0 0.5 0 0 0 0 0 0 3.2 0 0 0.1 0 0 0 0 0 0 0 0 0 0 0 0 0 0 0 0 0 0 0 0 0 0 0 0 0 0 0 0 0 0 0 0 0 0 0 0 0 0 0 0 0 0 0 0 0 0 0 0 0 0 0 0 0 0 0 0 0 0 0 0 0 0 0 0 0 0 0 0 0 0 0 0 0 0 0 0 0 0 0 0 0 0 0 0 0 0 0 0 0 0 0 0 0 0 0 0 0 0 0 0 0 0 0 0 0 0 0 0 0 0 0 0 0.2 0 0 0 0 0 0 0 0 0 0.8 0 0 0 0 0 0 0 0 0 1.8 0 0 0 0 0 0 0 0 0 3.9 0 0 0 0 0 0 0 0 0 2.6 0 0 0 0 0 0 0 0 0 4.7 0 0 0 0 0 0 0 0 0 0.6 0 0 0 0 0 0 0 0 0 0.3 0 0 0 0 0 0 0 0 0 4.9 0 0 0 0 0 0 0 0 0 1.5 0 0 0 0 0 0 0 0 0 3.5 0 0 0 0 0 0 0 0 0 0.8 0 0 0 0 0 0 0 0 0 0.6 0 0 0 0 0 0 0 0 0 2.3 0 0 0 0 0 0 0 0 0 1.7 0 0 0 0 0 0 0 0 0 0 0 0 0 0 0 0 0 0 0 4.5 0 0 0 0 0 0 0 0 0 3.3 0 0 0 0 0 0 0 0 0 2.9 0 0 0 0 0 0 0 0 0 1.4 0 0 0 2.1 0 0 0.5 0 0 0 0 0 0 0.3 0 0 3.3 0 0 0 0 0 0 1.9 0 0 1.2 0 0 0 0 0 0 1.6 0 0 4.7 0 0 0 0 0 0 1 0 0 2.6 0 0 0 0 0 0 2.6 0 0 3.5 0 0 0 0 0 0 3.4 0 0 0.8 0 0 0 0 0 0 2.8 0 0 0.8 0 0 0 0 0 0 4.6 0 0 0.9 0 0 0 0 0 0 3.3 0 0 2.3 0 0 0 0 0 0 0 0 0 0 0 0 0 0 0 0 0 0 0 0 0 0 0 0 0 0 0 0 0 0 0 0 0 0 0 0 0 0 0 0 0 0 0 0 0 0 0 0 0 0 0 0 0 0 0 0 0 0 0 0 0 0 0 0 0 0 0 0 0 0 0 0 0 0 0 0 0 0 0 0 0 0 0 0 0 0 0 0 0 0 0 0 0 0 0 0 0 0 0 0 0 0 0 0 0 0 0 0 0 0 0 0 2.1 0 0 0 0 0 0 0 0 0 1 0 0 0 0 0 0 0 0 0 1.3 0 0 0 0 0 0 0 0 0 2 0 0 0 0 0 0 0 0 0 1.5 0 0 0 0 0 0 0 0 0 0.3 0 0 0 0 0 0 0 0 0 3.8 0 0 0 0 0 0 0 0 0 0.2 0 0 0 0 0 0 0 0 0 2.8 0 0 0 0 0 0 0 0 0 5.3 0 0 0 4.9 0 0 0 0 0 0 0 0 0 1.4 0 0 1.8 0 0 0 0 0 0 2 0 0 4.4 0 0 0 0 0 0 3.9 0 0 1 0 0 0 0 0 0 0.7 0 0 0.2 0 0 0 0 0 0 0.5 0 0 5.4 0 0 0 0 0 0 3.1 0 0 3.1 0 0 0 0 0 0 4.9 0 0 1.7 0 0 0 0 0 0 5.6 0 0 5.3 0 0 0 0 0 0 1.2 0 0 2 0 0 0 0 0 0 0 0 0 0 0 0 0 0 0 0 0 0 0 0 0 0 0 0 0 0 0 0 0 0 0 0 0 0 0 0 0 0 0 0 0 0 0 0 0 0 0 0 0 0 0 0 0 0 0 0 0 0 0 0 0 0 0 0 0 0 0 0 0 0 0 0 0 0 0 0 0 0 0 0 0 0 0 0 0 0 0 0 0 0 0 0 0 0 0 0 0 0 0 0 0 0 0 0 0 0 0 0 0 0 0 0 3.1 0 0 0 0 0 0 0 0 0 0.6 0 0 0 0 0 0 0 0 0 0.2 0 0 0 0 0 0 0 0 0 1.5 0 0 0 0 0 0 0 0 0 4 0 0 0 0 0 0 0 0 0 3.3 0 0 0 0 0 0 0 0 0 0.1 0 0 0 0 0 0 0 0 0 4.9 0 0 0 0 0 0 0 0 0 3.3 0 0 0 0 0 0 0 0 0 4.3 0 0 0 0.8 0 0 0.3 0 0 0 0 0 0 0.3 0 0 0 0 0 0 0 0 0 2 0 0 3.5 0 0 0 0 0 0 0 0 0 1 0 0 0 0 0 0 2.9 0 0 0.2 0 0 0 0 0 0 4.2 0 0 4.6 0 0 0 0 0 0 0.4 0 0 0.4 0 0 0 0 0 0 2 0 0 5.8 0 0 0 0 0 0 1.6 0 0 4.3 0 0 0 0 0 0 1.7 0 0 5.7 0 0 0 0 0 0 0 0 0 0 0 0 0 0 0 0 0 0 0 0 0 0 0 0 0 0 0 0 0 0 0 0 0 0 0 0 0 0 0 0 0 0 0 0 0 0 0 0 0 0 0 0 0 0 0 0 0 0 0 0 0 0 0 0 0 0 0 0 0 0 0 0 0 0 0 0 0 0 0 0 0 0 0 0 0 0 0 0 0 0 0 0 0 0 0 0 0 0 0 0 0 0 0 0 0 0 0 0 0 0 0 0 0.8 0 0 0 0 0 0 0 0 0 0.3 0 0 0 0 0 0 0 0 0 3 0 0 0 0 0 0 0 0 0 2.5 0 0 0 0 0 0 0 0 0 2.8 0 0 0 0 0 0 0 0 0 2.1 0 0 0 0 0 0 0 0 0 0.9 0 0 0 0 0 0 0 0 0 2.9 0 0 0 0 0 0 0 0 0 4.8 0 0 0 0 0 0 0 0 0 1.3 0 0 0 0 0 0 0 0 0 5.1 0 0 0 0 0 0 0 0 0 1.5 0 0 0 0 0 0 0 0 0 3.8 0 0 0 0 0 0 0 0 0 4.3 0 0 0 0 0 0 0 0 0 3.2 0 0 0 0 0 0 0 0 0 0.4 0 0 0 0 0 0 0 0 0 3.5 0 0 0 0 0 0 0 0 0 5.6 0 0 0 0 0 0 0 0 0 3.2 0 0 0 0 0 0 0 0 0 1.4 0 0 0 1 0 0 2.1 0 0 0 0 0 0 2 0 0 0.7 0 0 0 0 0 0 2.9 0 0 0.3 0 0 0 0 0 0 0.8 0 0 1.3 0 0 0 0 0 0 2.9 0 0 0.5 0 0 0 0 0 0 0 0 0 0.3 0 0 0 0 0 0 2.3 0 0 1.5 0 0 0 0 0 0 4.6 0 0 2.4 0 0 0 0 0 0 0.3 0 0 0.4 0 0 0 0 0 0 0.7 0 0 1.4 0 0 0 0 0 0 0 0 0 0 0 0 0 0 0 0 0 0 0 0 0 0 0 0 0 0 0 0 0 0 0 0 0 0 0 0 0 0 0 0 0 0 0 0 0 0 0 0 0 0 0 0 0 0 0 0 0 0 0 0 0 0 0 0 0 0 0 0 0 0 0 0 0 0 0 0 0 0 0 0 0 0 0 0 0 0 0 0 0 0 0 0 0 0 0 0 0 0 0 0 0 0 0 0 0 0 0 0 0 0 0 0 1.4 0 0 0 0 0 0 0 0 0 1.3 0 0 0 0 0 0 0 0 0 3.9 0 0 0 0 0 0 0 0 0 3 0 0 0 0 0 0 0 0 0 2.5 0 0 0 0 0 0 0 0 0 3.4 0 0 0 0 0 0 0 0 0 0.2 0 0 0 0 0 0 0 0 0 0.9 0 0 0 0 0 0 0 0 0 3 0 0 0 0 0 0 0 0 0 0.2 0 0 0 1.9 0 0 1.8 0 0 0 0 0 0 1.1 0 0 0.2 0 0 0 0 0 0 2.4 0 0 3 0 0 0 0 0 0 1 0 0 0.1 0 0 0 0 0 0 4.6 0 0 2.5 0 0 0 0 0 0 3.8 0 0 3.8 0 0 0 0 0 0 3.3 0 0 3.4 0 0 0 0 0 0 1.6 0 0 3.1 0 0 0 0 0 0 3.7 0 0 0.2 0 0 0 0 0 0 3.6 0 0 0.9 0 0 0 0 0 0 0 0 0 0 0 0 0 0 0 0 0 0 0 0 0 0 0 0 0 0 0 0 0 0 0 0 0 0 0 0 0 0 0 0 0 0 0 0 0 0 0 0 0 0 0 0 0 0 0 0 0 0 0 0 0 0 0 0 0 0 0 0 0 0 0 0 0 0 0 0 0 0 0 0 0 0 0 0 0 0 0 0 0 0 0 0 0 0 0 0 0 0 0 0 0 0 0 0 0 0 0 0 0 0 0 0 5.3 0 0 0 0 0 0 0 0 0 0.5 0 0 0 0 0 0 0 0 0 0.7 0 0 0 0 0 0 0 0 0 0.4 0 0 0 0 0 0 0 0 0 1.8 0 0 0 0 0 0 0 0 0 0 0 0 0 0 0 0 0 0 0 0.6 0 0 0 0 0 0 0 0 0 2.4 0 0 0 0 0 0 0 0 0 0.1 0 0 0 0 0 0 0 0 0 4.8 0 0 0 4.8 0 0 3.1 0 0 0 0 0 0 3 0 0 5.8 0 0 0 0 0 0 1 0 0 0.7 0 0 0 0 0 0 0.3 0 0 0 0 0 0 0 0 0 3.3 0 0 0.3 0 0 0 0 0 0 2.4 0 0 1 0 0 0 0 0 0 3.4 0 0 3.1 0 0 0 0 0 0 4.8 0 0 0.4 0 0 0 0 0 0 4.1 0 0 5.5 0 0 0 0 0 0 1.1 0 0 1.6 0 0 0 0 0 0 0 0 0 0 0 0 0 0 0 0 0 0 0 0 0 0 0 0 0 0 0 0 0 0 0 0 0 0 0 0 0 0 0 0 0 0 0 0 0 0 0 0 0 0 0 0 0 0 0 0 0 0 0 0 0 0 0 0 0 0 0 0 0 0 0 0 0 0 0 0 0 0 0 0 0 0 0 0 0 0 0 0 0 0 0 0 0 0 0 0 0 0 0 0 0 0 0 0 0 0 0 0 0 0 0 0 1.6 0 0 0 0 0 0 0 0 0 0.9 0 0 0 0 0 0 0 0 0 3.1 0 0 0 0 0 0 0 0 0 0.6 0 0 0 0 0 0 0 0 0 3.5 0 0 0 0 0 0 0 0 0 2 0 0 0 0 0 0 0 0 0 1.1 0 0 0 0 0 0 0 0 0 0.6 0 0 0 0 0 0 0 0 0 0.8 0 0 0 0 0 0 0 0 0 2 0 0 0 0 0 0 0 0 0 1.3 0 0 0 0 0 0 0 0 0 0.2 0 0 0 0 0 0 0 0 0 0.8 0 0 0 0 0 0 0 0 0 1.7 0 0 0 0 0 0 0 0 0 1.2 0 0 0 0 0 0 0 0 0 3.5 0 0 0 0 0 0 0 0 0 1.3 0 0 0 0 0 0 0 0 0 6.5 0 0 0 0 0 0 0 0 0 3.5 0 0 0 0 0 0 0 0 0 2 0 0 0 1 0 0 2.5 0 0 0 0 0 0 4.3 0 0 2.2 0 0 0 0 0 0 1.2 0 0 0.7 0 0 0 0 0 0 3.1 0 0 1.4 0 0 0 0 0 0 0.6 0 0 4.4 0 0 0 0 0 0 3 0 0 1 0 0 0 0 0 0 0.5 0 0 0.5 0 0 0 0 0 0 0.4 0 0 3.4 0 0 0 0 0 0 0.2 0 0 2.1 0 0 0 0 0 0 5 0 0 1.3 0 0 0 0 0 0 0 0 0 0 0 0 0 0 0 0 0 0 0 0 0 0 0 0 0 0 0 0 0 0 0 0 0 0 0 0 0 0 0 0 0 0 0 0 0 0 0 0 0 0 0 0 0 0 0 0 0 0 0 0 0 0 0 0 0 0 0 0 0 0 0 0 0 0 0 0 0 0 0 0 0 0 0 0 0 0 0 0 0 0 0 0 0 0 0 0 0 0 0 0 0 0 0 0 0 0 0 0 0 0 0 0 1.4 0 0 0 0 0 0 0 0 0 3.3 0 0 0 0 0 0 0 0 0 1.7 0 0 0 0 0 0 0 0 0 3.4 0 0 0 0 0 0 0 0 0 0.2 0 0 0 0 0 0 0 0 0 1.2 0 0 0 0 0 0 0 0 0 0.4 0 0 0 0 0 0 0 0 0 0.3 0 0 0 0 0 0 0 0 0 3.3 0 0 0 0 0 0 0 0 0 0.1 0 0 0 2.9 0 0 4.2 0 0 0 0 0 0 5.3 0 0 0.5 0 0 0 0 0 0 3.1 0 0 4.2 0 0 0 0 0 0 0.6 0 0 3.8 0 0 0 0 0 0 2 0 0 1.7 0 0 0 0 0 0 3.4 0 0 0.1 0 0 0 0 0 0 1.2 0 0 1.9 0 0 0 0 0 0 0.6 0 0 1.2 0 0 0 0 0 0 0.2 0 0 2.1 0 0 0 0 0 0 2.6 0 0 0.9 0 0 0 0 0 0 0 0 0 0 0 0 0 0 0 0 0 0 0 0 0 0 0 0 0 0 0 0 0 0 0 0 0 0 0 0 0 0 0 0 0 0 0 0 0 0 0 0 0 0 0 0 0 0 0 0 0 0 0 0 0 0 0 0 0 0 0 0 0 0 0 0 0 0 0 0 0 0 0 0 0 0 0 0 0 0 0 0 0 0 0 0 0 0 0 0 0 0 0 0 0 0 0 0 0 0 0 0 0 0 0 0 3 0 0 0 0 0 0 0 0 0 1.3 0 0 0 0 0 0 0 0 0 2.1 0 0 0 0 0 0 0 0 0 3.1 0 0 0 0 0 0 0 0 0 4.3 0 0 0 0 0 0 0 0 0 2.3 0 0 0 0 0 0 0 0 0 3.5 0 0 0 0 0 0 0 0 0 2.5 0 0 0 0 0 0 0 0 0 1.9 0 0 0 0 0 0 0 0 0 4.5 0 0 0 2.1 0 0 0.6 0 0 0 0 0 0 4.6 0 0 1.9 0 0 0 0 0 0 4.5 0 0 0.1 0 0 0 0 0 0 1.3 0 0 0.3 0 0 0 0 0 0 1.5 0 0 5.5 0 0 0 0 0 0 1.7 0 0 0.2 0 0 0 0 0 0 1.8 0 0 0.6 0 0 0 0 0 0 1.1 0 0 4 0 0 0 0 0 0 0.6 0 0 1.3 0 0 0 0 0 0 4.2 0 0 2.9 0 0 0 0 0 0 0 0 0 0 0 0 0 0 0 0 0 0 0 0 0 0 0 0 0 0 0 0 0 0 0 0 0 0 0 0 0 0 0 0 0 0 0 0 0 0 0 0 0 0 0 0 0 0 0 0 0 0 0 0 0 0 0 0 0 0 0 0 0 0 0 0 0 0 0 0 0 0 0 0 0 0 0 0 0 0 0 0 0 0 0 0 0 0 0 0 0 0 0 0 0 0 0 0 0 0 0 0 0 0 0 0 4.5 0 0 0 0 0 0 0 0 0 1.4 0 0 0 0 0 0 0 0 0 1 0 0 0 0 0 0 0 0 0 0.4 0 0 0 0 0 0 0 0 0 0.8 0 0 0 0 0 0 0 0 0 2.2 0 0 0 0 0 0 0 0 0 3.8 0 0 0 0 0 0 0 0 0 5.4 0 0 0 0 0 0 0 0 0 0.8 0 0 0 0 0 0 0 0 0 0.9 0 0 0 0 0 0 0 0 0 2.2 0 0 0 0 0 0 0 0 0 0.6 0 0 0 0 0 0 0 0 0 2.6 0 0 0 0 0 0 0 0 0 2.9 0 0 0 0 0 0 0 0 0 5.8 0 0 0 0 0 0 0 0 0 2.1 0 0 0 0 0 0 0 0 0 4 0 0 0 0 0 0 0 0 0 0.9 0 0 0 0 0 0 0 0 0 4.4 0 0 0 0 0 0 0 0 0 1.5 0 0 0 0.1 0 0 3.3 0 0 0 0 0 0 1.6 0 0 3.1 0 0 0 0 0 0 3.7 0 0 3.8 0 0 0 0 0 0 0.4 0 0 0.1 0 0 0 0 0 0 1.7 0 0 0 0 0 0 0 0 0 0.6 0 0 5.4 0 0 0 0 0 0 1.1 0 0 0 0 0 0 0 0 0 3.6 0 0 0.8 0 0 0 0 0 0 0.8 0 0 2.6 0 0 0 0 0 0 1.6 0 0 0.9 0 0 0 0 0 0 0 0 0 0 0 0 0 0 0 0 0 0 0 0 0 0 0 0 0 0 0 0 0 0 0 0 0 0 0 0 0 0 0 0 0 0 0 0 0 0 0 0 0 0 0 0 0 0 0 0 0 0 0 0 0 0 0 0 0 0 0 0 0 0 0 0 0 0 0 0 0 0 0 0 0 0 0 0 0 0 0 0 0 0 0 0 0 0 0 0 0 0 0 0 0 0 0 0 0 0 0 0 0 0 0 0 1.2 0 0 0 0 0 0 0 0 0 3.2 0 0 0 0 0 0 0 0 0 4 0 0 0 0 0 0 0 0 0 0.4 0 0 0 0 0 0 0 0 0 4 0 0 0 0 0 0 0 0 0 4 0 0 0 0 0 0 0 0 0 0.4 0 0 0 0 0 0 0 0 0 2.9 0 0 0 0 0 0 0 0 0 1.3 0 0 0 0 0 0 0 0 0 5.6 0 0 0 2 0 0 0.4 0 0 0 0 0 0 1.4 0 0 4.3 0 0 0 0 0 0 3.3 0 0 1 0 0 0 0 0 0 4.1 0 0 0.3 0 0 0 0 0 0 4 0 0 0.4 0 0 0 0 0 0 1.2 0 0 0.6 0 0 0 0 0 0 5.1 0 0 5.4 0 0 0 0 0 0 4.3 0 0 2.8 0 0 0 0 0 0 5.3 0 0 1.2 0 0 0 0 0 0 4.5 0 0 1.9 0 0 0 0 0 0 0 0 0 0 0 0 0 0 0 0 0 0 0 0 0 0 0 0 0 0 0 0 0 0 0 0 0 0 0 0 0 0 0 0 0 0 0 0 0 0 0 0 0 0 0 0 0 0 0 0 0 0 0 0 0 0 0 0 0 0 0 0 0 0 0 0 0 0 0 0 0 0 0 0 0 0 0 0 0 0 0 0 0 0 0 0 0 0 0 0 0 0 0 0 0 0 0 0 0 0 0 0 0 0 0 0 4.4 0 0 0 0 0 0 0 0 0 3 0 0 0 0 0 0 0 0 0 4 0 0 0 0 0 0 0 0 0 3.3 0 0 0 0 0 0 0 0 0 1.5 0 0 0 0 0 0 0 0 0 1.2 0 0 0 0 0 0 0 0 0 0.2 0 0 0 0 0 0 0 0 0 1.9 0 0 0 0 0 0 0 0 0 4.4 0 0 0 0 0 0 0 0 0 5.2 0 0 0 1.1 0 0 0.5 0 0 0 0 0 0 1 0 0 0.1 0 0 0 0 0 0 0.2 0 0 0.4 0 0 0 0 0 0 2 0 0 4.5 0 0 0 0 0 0 3.2 0 0 1.9 0 0 0 0 0 0 2 0 0 1.7 0 0 0 0 0 0 1.9 0 0 0.3 0 0 0 0 0 0 2.8 0 0 2.5 0 0 0 0 0 0 0.7 0 0 0.8 0 0 0 0 0 0 0.3 0 0 1.9 0 0 0 0 0 0 0 0 0 0 0 0 0 0 0 0 0 0 0 0 0 0 0 0 0 0 0 0 0 0 0 0 0 0 0 0 0 0 0 0 0 0 0 0 0 0 0 0 0 0 0 0 0 0 0 0 0 0 0 0 0 0 0 0 0 0 0 0 0 0 0 0 0 0 0 0 0 0 0 0 0 0 0 0 0 0 0 0 0 0 0 0 0 0 0 0 0 0 0 0 0 0 0 0 0 0 0 0 0 0 0 0 3 0 0 0 0 0 0 0 0 0 0.9 0 0 0 0 0 0 0 0 0 1.5 0 0 0 0 0 0 0 0 0 0.9 0 0 0 0 0 0 0 0 0 2.2 0 0 0 0 0 0 0 0 0 2.5 0 0 0 0 0 0 0 0 0 3.1 0 0 0 0 0 0 0 0 0 1.9 0 0 0 0 0 0 0 0 0 1.4 0 0 0 0 0 0 0 0 0 2.9 0 0 0 0 0 0 0 0 0 2.9 0 0 0 0 0 0 0 0 0 3.1 0 0 0 0 0 0 0 0 0 1.6 0 0 0 0 0 0 0 0 0 4 0 0 0 0 0 0 0 0 0 0.3 0 0 0 0 0 0 0 0 0 2.1 0 0 0 0 0 0 0 0 0 2.1 0 0 0 0 0 0 0 0 0 4.5 0 0 0 0 0 0 0 0 0 2 0 0 0 0 0 0 0 0 0 3.2 0 0 0 0.8 0 0 0.5 0 0 0 0 0 0 1.3 0 0 2.3 0 0 0 0 0 0 0.2 0 0 1.9 0 0 0 0 0 0 2.3 0 0 2.4 0 0 0 0 0 0 3 0 0 1.4 0 0 0 0 0 0 3.9 0 0 2.2 0 0 0 0 0 0 2.1 0 0 3.8 0 0 0 0 0 0 2.4 0 0 3.6 0 0 0 0 0 0 2.9 0 0 0.7 0 0 0 0 0 0 0.2 0 0 1.2 0 0 0 0 0 0 0 0 0 0 0 0 0 0 0 0 0 0 0 0 0 0 0 0 0 0 0 0 0 0 0 0 0 0 0 0 0 0 0 0 0 0 0 0 0 0 0 0 0 0 0 0 0 0 0 0 0 0 0 0 0 0 0 0 0 0 0 0 0 0 0 0 0 0 0 0 0 0 0 0 0 0 0 0 0 0 0 0 0 0 0 0 0 0 0 0 0 0 0 0 0 0 0 0 0 0 0 0 0 0 0 0 0.4 0 0 0 0 0 0 0 0 0 0.3 0 0 0 0 0 0 0 0 0 1.8 0 0 0 0 0 0 0 0 0 0.5 0 0 0 0 0 0 0 0 0 1.5 0 0 0 0 0 0 0 0 0 5.9 0 0 0 0 0 0 0 0 0 1.3 0 0 0 0 0 0 0 0 0 2.3 0 0 0 0 0 0 0 0 0 0.7 0 0 0 0 0 0 0 0 0 6.2 0 0 0 0.4 0 0 0.8 0 0 0 0 0 0 3.1 0 0 0.8 0 0 0 0 0 0 1.5 0 0 1.2 0 0 0 0 0 0 0.4 0 0 0.2 0 0 0 0 0 0 3.6 0 0 1.5 0 0 0 0 0 0 0.7 0 0 2.7 0 0 0 0 0 0 1.6 0 0 3.5 0 0 0 0 0 0 2.7 0 0 0.2 0 0 0 0 0 0 3.7 0 0 1.6 0 0 0 0 0 0 1 0 0 4.6 0 0 0 0 0 0 0 0 0 0 0 0 0 0 0 0 0 0 0 0 0 0 0 0 0 0 0 0 0 0 0 0 0 0 0 0 0 0 0 0 0 0 0 0 0 0 0 0 0 0 0 0 0 0 0 0 0 0 0 0 0 0 0 0 0 0 0 0 0 0 0 0 0 0 0 0 0 0 0 0 0 0 0 0 0 0 0 0 0 0 0 0 0 0 0 0 0 0 0 0 0 0 0 0 0 0 0 0 0 0 0 0 5 0 0 0 0 0 0 0 0 0 4.8 0 0 0 0 0 0 0 0 0 2.8 0 0 0 0 0 0 0 0 0 3.3 0 0 0 0 0 0 0 0 0 3.5 0 0 0 0 0 0 0 0 0 2.3 0 0 0 0 0 0 0 0 0 3.1 0 0 0 0 0 0 0 0 0 1.2 0 0 0 0 0 0 0 0 0 0 0 0 0 0 0 0 0 0 0 1 0 0 0 0.7 0 0 1.8 0 0 0 0 0 0 0.9 0 0 1.8 0 0 0 0 0 0 0.9 0 0 1.7 0 0 0 0 0 0 3.6 0 0 0.6 0 0 0 0 0 0 2.6 0 0 3 0 0 0 0 0 0 0.6 0 0 3.1 0 0 0 0 0 0 5.2 0 0 1.7 0 0 0 0 0 0 1.1 0 0 0.5 0 0 0 0 0 0 0.8 0 0 3 0 0 0 0 0 0 1.2 0 0 0.3 0 0 0 0 0 0 0 0 0 0 0 0 0 0 0 0 0 0 0 0 0 0 0 0 0 0 0 0 0 0 0 0 0 0 0 0 0 0 0 0 0 0 0 0 0 0 0 0 0 0 0 0 0 0 0 0 0 0 0 0 0 0 0 0 0 0 0 0 0 0 0 0 0 0 0 0 0 0 0 0 0 0 0 0 0 0 0 0 0 0 0 0 0 0 0 0 0 0 0 0 0 0 0 0 0 0 0 0 0 0 0 0 1.9 0 0 0 0 0 0 0 0 0 0.1 0 0 0 0 0 0 0 0 0 1.5 0 0 0 0 0 0 0 0 0 1.8 0 0 0 0 0 0 0 0 0 2.1 0 0 0 0 0 0 0 0 0 3.7 0 0 0 0 0 0 0 0 0 1.1 0 0 0 0 0 0 0 0 0 2.6 0 0 0 0 0 0 0 0 0 3.9 0 0 0 0 0 0 0 0 0 4.8 0 0 0 0 0 0 0 0 0 1.2 0 0 0 0 0 0 0 0 0 1.8 0 0 0 0 0 0 0 0 0 1.4 0 0 0 0 0 0 0 0 0 2.6 0 0 0 0 0 0 0 0 0 0.8 0 0 0 0 0 0 0 0 0 0.3 0 0 0 0 0 0 0 0 0 3.3 0 0 0 0 0 0 0 0 0 1.7 0 0 0 0 0 0 0 0 0 0.1 0 0 0 0 0 0 0 0 0 0.7 0 0 0 0.7 0 0 2.8 0 0 0 0 0 0 4 0 0 2.3 0 0 0 0 0 0 3.4 0 0 0.7 0 0 0 0 0 0 3.7 0 0 0.4 0 0 0 0 0 0 0.8 0 0 0.8 0 0 0 0 0 0 3.5 0 0 0.3 0 0 0 0 0 0 3 0 0 1.1 0 0 0 0 0 0 2.6 0 0 2.3 0 0 0 0 0 0 0.8 0 0 3.9 0 0 0 0 0 0 2.1 0 0 0.6 0 0 0 0 0 0 0 0 0 0 0 0 0 0 0 0 0 0 0 0 0 0 0 0 0 0 0 0 0 0 0 0 0 0 0 0 0 0 0 0 0 0 0 0 0 0 0 0 0 0 0 0 0 0 0 0 0 0 0 0 0 0 0 0 0 0 0 0 0 0 0 0 0 0 0 0 0 0 0 0 0 0 0 0 0 0 0 0 0 0 0 0 0 0 0 0 0 0 0 0 0 0 0 0 0 0 0 0 0 0 0 0 1.3 0 0 0 0 0 0 0 0 0 0.7 0 0 0 0 0 0 0 0 0 4.2 0 0 0 0 0 0 0 0 0 0.5 0 0 0 0 0 0 0 0 0 2.1 0 0 0 0 0 0 0 0 0 1.7 0 0 0 0 0 0 0 0 0 1.4 0 0 0 0 0 0 0 0 0 4.2 0 0 0 0 0 0 0 0 0 2.5 0 0 0 0 0 0 0 0 0 1 0 0 0 0.9 0 0 1.1 0 0 0 0 0 0 2.5 0 0 0.9 0 0 0 0 0 0 1.6 0 0 2.4 0 0 0 0 0 0 0.1 0 0 0.4 0 0 0 0 0 0 2.4 0 0 0.2 0 0 0 0 0 0 4.8 0 0 1.2 0 0 0 0 0 0 0 0 0 0.4 0 0 0 0 0 0 2.1 0 0 1.1 0 0 0 0 0 0 0.3 0 0 3.4 0 0 0 0 0 0 0.5 0 0 1.6 0 0 0 0 0 0 0 0 0 0 0 0 0 0 0 0 0 0 0 0 0 0 0 0 0 0 0 0 0 0 0 0 0 0 0 0 0 0 0 0 0 0 0 0 0 0 0 0 0 0 0 0 0 0 0 0 0 0 0 0 0 0 0 0 0 0 0 0 0 0 0 0 0 0 0 0 0 0 0 0 0 0 0 0 0 0 0 0 0 0 0 0 0 0 0 0 0 0 0 0 0 0 0 0 0 0 0 0 0 0 0 0 1 0 0 0 0 0 0 0 0 0 0.7 0 0 0 0 0 0 0 0 0 1 0 0 0 0 0 0 0 0 0 1.3 0 0 0 0 0 0 0 0 0 0 0 0 0 0 0 0 0 0 0 1 0 0 0 0 0 0 0 0 0 2.2 0 0 0 0 0 0 0 0 0 3.4 0 0 0 0 0 0 0 0 0 0.5 0 0 0 0 0 0 0 0 0 0.6 0 0 0 1.9 0 0 1.7 0 0 0 0 0 0 0.9 0 0 3.4 0 0 0 0 0 0 2.6 0 0 2.2 0 0 0 0 0 0 0.4 0 0 0.3 0 0 0 0 0 0 3.5 0 0 0.3 0 0 0 0 0 0 0.9 0 0 3.5 0 0 0 0 0 0 1.7 0 0 2.1 0 0 0 0 0 0 2.8 0 0 0.5 0 0 0 0 0 0 0.3 0 0 3.6 0 0 0 0 0 0 2.7 0 0 0.7 0 0 0 0 0 0 0 0 0 0 0 0 0 0 0 0 0 0 0 0 0 0 0 0 0 0 0 0 0 0 0 0 0 0 0 0 0 0 0 0 0 0 0 0 0 0 0 0 0 0 0 0 0 0 0 0 0 0 0 0 0 0 0 0 0 0 0 0 0 0 0 0 0 0 0 0 0 0 0 0 0 0 0 0 0 0 0 0 0 0 0 0 0 0 0 0 0 0 0 0 0 0 0 0 0 0 0 0 0 0 0 0 3.1 0 0 0 0 0 0 0 0 0 3.8 0 0 0 0 0 0 0 0 0 1.3 0 0 0 0 0 0 0 0 0 4.9 0 0 0 0 0 0 0 0 0 0.9 0 0 0 0 0 0 0 0 0 0.1 0 0 0 0 0 0 0 0 0 1.4 0 0 0 0 0 0 0 0 0 2.5 0 0 0 0 0 0 0 0 0 4.5 0 0 0 0 0 0 0 0 0 0.2 0 0 0 0 0 0 0 0 0 0.7 0 0 0 0 0 0 0 0 0 0.6 0 0 0 0 0 0 0 0 0 1.8 0 0 0 0 0 0 0 0 0 0.7 0 0 0 0 0 0 0 0 0 5.5 0 0 0 0 0 0 0 0 0 5.6 0 0 0 0 0 0 0 0 0 2.2 0 0 0 0 0 0 0 0 0 0.6 0 0 0 0 0 0 0 0 0 2 0 0 0 0 0 0 0 0 0 2.8 0 0 0 0.8 0 0 0.8 0 0 0 0 0 0 0.1 0 0 3.2 0 0 0 0 0 0 2.9 0 0 4 0 0 0 0 0 0 3.9 0 0 2.2 0 0 0 0 0 0 3.6 0 0 0 0 0 0 0 0 0 0.7 0 0 0.1 0 0 0 0 0 0 0.6 0 0 1.8 0 0 0 0 0 0 0.3 0 0 4 0 0 0 0 0 0 2.2 0 0 0.6 0 0 0 0 0 0 0.2 0 0 0.8 0 0 0 0 0 0 0 0 0 0 0 0 0 0 0 0 0 0 0 0 0 0 0 0 0 0 0 0 0 0 0 0 0 0 0 0 0 0 0 0 0 0 0 0 0 0 0 0 0 0 0 0 0 0 0 0 0 0 0 0 0 0 0 0 0 0 0 0 0 0 0 0 0 0 0 0 0 0 0 0 0 0 0 0 0 0 0 0 0 0 0 0 0 0 0 0 0 0 0 0 0 0 0 0 0 0 0 0 0 0 0 0 4.7 0 0 0 0 0 0 0 0 0 0.5 0 0 0 0 0 0 0 0 0 3.8 0 0 0 0 0 0 0 0 0 0.5 0 0 0 0 0 0 0 0 0 0.2 0 0 0 0 0 0 0 0 0 0.9 0 0 0 0 0 0 0 0 0 0.2 0 0 0 0 0 0 0 0 0 1.5 0 0 0 0 0 0 0 0 0 1.1 0 0 0 0 0 0 0 0 0 3.8 0 0 0 4.1 0 0 0.8 0 0 0 0 0 0 2.6 0 0 2.9 0 0 0 0 0 0 4.3 0 0 0.2 0 0 0 0 0 0 2.2 0 0 4.8 0 0 0 0 0 0 3.5 0 0 1.1 0 0 0 0 0 0 4.1 0 0 0.9 0 0 0 0 0 0 4.6 0 0 5.9 0 0 0 0 0 0 0.5 0 0 3.8 0 0 0 0 0 0 1.2 0 0 3.1 0 0 0 0 0 0 1.4 0 0 0.5 0 0 0 0 0 0 0 0 0 0 0 0 0 0 0 0 0 0 0 0 0 0 0 0 0 0 0 0 0 0 0 0 0 0 0 0 0 0 0 0 0 0 0 0 0 0 0 0 0 0 0 0 0 0 0 0 0 0 0 0 0 0 0 0 0 0 0 0 0 0 0 0 0 0 0 0 0 0 0 0 0 0 0 0 0 0 0 0 0 0 0 0 0 0 0 0 0 0 0 0 0 0 0 0 0 0 0 0 0 0 0 0 1.1 0 0 0 0 0 0 0 0 0 3.9 0 0 0 0 0 0 0 0 0 3.4 0 0 0 0 0 0 0 0 0 1.6 0 0 0 0 0 0 0 0 0 1.6 0 0 0 0 0 0 0 0 0 0.8 0 0 0 0 0 0 0 0 0 2 0 0 0 0 0 0 0 0 0 3.6 0 0 0 0 0 0 0 0 0 1.7 0 0 0 0 0 0 0 0 0 1.1 0 0 0 0 0 0 0.7 0 0 0 0 0 0 3.6 0 0 4.9 0 0 0 0 0 0 0.8 0 0 4.4 0 0 0 0 0 0 3.7 0 0 1.7 0 0 0 0 0 0 3.7 0 0 1.8 0 0 0 0 0 0 1.3 0 0 1 0 0 0 0 0 0 2.9 0 0 0.3 0 0 0 0 0 0 4.7 0 0 0.2 0 0 0 0 0 0 1.4 0 0 2.6 0 0 0 0 0 0 3.4 0 0 3.3 0 0 0 0 0 0 0 0 0 0 0 0 0 0 0 0 0 0 0 0 0 0 0 0 0 0 0 0 0 0 0 0 0 0 0 0 0 0 0 0 0 0 0 0 0 0 0 0 0 0 0 0 0 0 0 0 0 0 0 0 0 0 0 0 0 0 0 0 0 0 0 0 0 0 0 0 0 0 0 0 0 0 0 0 0 0 0 0 0 0 0 0 0 0 0 0 0 0 0 0 0 0 0 0 0 0 0 0 0 0 0 0 0.5 0 0 0 0 0 0 0 0 0 1.7 0 0 0 0 0 0 0 0 0 2 0 0 0 0 0 0 0 0 0 4.5 0 0 0 0 0 0 0 0 0 0.6 0 0 0 0 0 0 0 0 0 0.8 0 0 0 0 0 0 0 0 0 1.4 0 0 0 0 0 0 0 0 0 0.2 0 0 0 0 0 0 0 0 0 1.3 0 0 0 0 0 0 0 0 0 4.1 0 0 0 0 0 0 0 0 0 1.4 0 0 0 0 0 0 0 0 0 3.9 0 0 0 0 0 0 0 0 0 0.2 0 0 0 0 0 0 0 0 0 3.5 0 0 0 0 0 0 0 0 0 1 0 0 0 0 0 0 0 0 0 1.8 0 0 0 0 0 0 0 0 0 0.8 0 0 0 0 0 0 0 0 0 5.2 0 0 0 0 0 0 0 0 0 0.5 0 0 0 0 0 0 0 0 0 0.8 0 0 0 1.5 0 0 3.4 0 0 0 0 0 0 0.6 0 0 4 0 0 0 0 0 0 0.8 0 0 3.7 0 0 0 0 0 0 2 0 0 2.1 0 0 0 0 0 0 0.1 0 0 6.2 0 0 0 0 0 0 0.6 0 0 2.1 0 0 0 0 0 0 3 0 0 5.7 0 0 0 0 0 0 1.6 0 0 1.1 0 0 0 0 0 0 2.5 0 0 1.8 0 0 0 0 0 0 2.7 0 0 0.3 0 0 0 0 0 0 0 0 0 0 0 0 0 0 0 0 0 0 0 0 0 0 0 0 0 0 0 0 0 0 0 0 0 0 0 0 0 0 0 0 0 0 0 0 0 0 0 0 0 0 0 0 0 0 0 0 0 0 0 0 0 0 0 0 0 0 0 0 0 0 0 0 0 0 0 0 0 0 0 0 0 0 0 0 0 0 0 0 0 0 0 0 0 0 0 0 0 0 0 0 0 0 0 0 0 0 0 0 0 0 0 0 0.9 0 0 0 0 0 0 0 0 0 0.6 0 0 0 0 0 0 0 0 0 3 0 0 0 0 0 0 0 0 0 0.2 0 0 0 0 0 0 0 0 0 1.3 0 0 0 0 0 0 0 0 0 2.3 0 0 0 0 0 0 0 0 0 0.5 0 0 0 0 0 0 0 0 0 3.3 0 0 0 0 0 0 0 0 0 0.2 0 0 0 0 0 0 0 0 0 0.1 0 0 0 2 0 0 0.9 0 0 0 0 0 0 3.9 0 0 1.4 0 0 0 0 0 0 1.9 0 0 4.2 0 0 0 0 0 0 4.5 0 0 1.1 0 0 0 0 0 0 0.3 0 0 3.5 0 0 0 0 0 0 0.4 0 0 1.5 0 0 0 0 0 0 0.6 0 0 1 0 0 0 0 0 0 0.3 0 0 0.6 0 0 0 0 0 0 4.7 0 0 0.7 0 0 0 0 0 0 1.8 0 0 3.4 0 0 0 0 0 0 0 0 0 0 0 0 0 0 0 0 0 0 0 0 0 0 0 0 0 0 0 0 0 0 0 0 0 0 0 0 0 0 0 0 0 0 0 0 0 0 0 0 0 0 0 0 0 0 0 0 0 0 0 0 0 0 0 0 0 0 0 0 0 0 0 0 0 0 0 0 0 0 0 0 0 0 0 0 0 0 0 0 0 0 0 0 0 0 0 0 0 0 0 0 0 0 0 0 0 0 0 0 0 0 0 0 0.1 0 0 0 0 0 0 0 0 0 0.8 0 0 0 0 0 0 0 0 0 2.4 0 0 0 0 0 0 0 0 0 1.2 0 0 0 0 0 0 0 0 0 3.2 0 0 0 0 0 0 0 0 0 1.5 0 0 0 0 0 0 0 0 0 1.3 0 0 0 0 0 0 0 0 0 1 0 0 0 0 0 0 0 0 0 2.4 0 0 0 0 0 0 0 0 0 3.7 0 0 0 3.4 0 0 0.3 0 0 0 0 0 0 2.1 0 0 0 0 0 0 0 0 0 4.7 0 0 0.8 0 0 0 0 0 0 5.7 0 0 0.6 0 0 0 0 0 0 0.7 0 0 2.5 0 0 0 0 0 0 0.9 0 0 4.9 0 0 0 0 0 0 2.3 0 0 3 0 0 0 0 0 0 1.8 0 0 0 0 0 0 0 0 0 2 0 0 3.8 0 0 0 0 0 0 2.3 0 0 3.1 0 0 0 0 0 0 0 0 0 0 0 0 0 0 0 0 0 0 0 0 0 0 0 0 0 0 0 0 0 0 0 0 0 0 0 0 0 0 0 0 0 0 0 0 0 0 0 0 0 0 0 0 0 0 0 0 0 0 0 0 0 0 0 0 0 0 0 0 0 0 0 0 0 0 0 0 0 0 0 0 0 0 0 0 0 0 0 0 0 0 0 0 0 0 0 0 0 0 0 0 0 0 0 0 0 0 0 0 0 0 0 0 1 0 0 0 0 0 0 0 0 0 1.3 0 0 0 0 0 0 0 0 0 0.2 0 0 0 0 0 0 0 0 0 0.5 0 0 0 0 0 0 0 0 0 5.2 0 0 0 0 0 0 0 0 0 3.2 0 0 0 0 0 0 0 0 0 2.6 0 0 0 0 0 0 0 0 0 4.1 0 0 0 0 0 0 0 0 0 2.2 0 0 0 0 0 0 0 0 0 0.2 0 0 
5.5 5.5 18.3 6 7 7.3 7.3 11.6 7.3 7.3 7.3 6.4 17.9 5.9 6.7 7.3 7.5 15 7.4 7.3 7.3 6.5 18.6 5.8 7 7.3 7.3 13.5 7.4 7.3 7.3 6.8 18.6 6 7 7.4 7.5 10.8 7.3 7.3 7.3 6.6 16.8 5.8 6.7 7.4 7.4 12.1 7.4 7.4 7.3 6.2 18.1 5.8 6.8 7.3 7.3 13.5 7.3 7.3 7.3 6.1 17.7 5.9 6.6 7.3 7.3 13.5 7.4 7.3 7.2 6.1 17.6 5.8 7 7.3 7.3 10.2 7.3 7.3 7.1 5.9 16.5 5.8 6.9 7.3 7.3 11.1 7.3 7.3 7.3 6 19.5 6.2 7.3 7.3 7.3 12.8 7.2 5.5 6.8 13 7.3 7.3 15 7.7 7.8 7.8 8.7 8.7 7.9 12.5 7.3 7.3 13 7.5 7.7 7.7 8.2 8.6 7.8 13.3 7.3 7.3 13.7 7.5 7.5 7.5 8.5 8.9 8 12.9 7.4 7.4 14.4 7.6 7.7 7.9 8.4 8.4 7.8 11.4 7.5 7.4 11.8 7.4 7.5 7.6 7.7 8.3 7.8 12.5 7.4 7.4 14.1 7.4 7.5 7.4 8.3 8.5 7.5 12.4 7.4 7.4 13.6 7.5 7.5 7.5 8.1 8.4 7.5 12.5 7.3 7.4 14.4 7.4 7.5 7.4 7.8 8 7.3 11.5 7.4 7.4 11.5 7.4 7.3 7.3 8.1 8.1 7.4 14.3 7.4 7.4 14.3 7.6 7.4 7.3 7.3 6 7.3 7.4 7.4 7.5 7.6 23.2 8.1 8.4 22.3 8.9 8.9 8.4 8 7.6 7.8 22.1 8 8.1 22.3 9 9 8.8 7.8 7.5 7.6 21.8 7.8 8.3 22.4 9 8.9 8.8 8.1 7.5 7.6 21.8 7.8 8 21.4 9.1 8.9 8.5 7.8 7.5 7.4 19.4 7.7 7.8 20.1 9 8.8 8.4 7.7 7.4 7.4 21.2 7.8 7.8 20.6 8.9 8.7 8.5 7.7 7.7 7.6 21.8 7.9 8 22.2 9 9 8.5 7.9 7.5 7.5 22.1 7.9 7.8 20.2 8.9 8.8 8 7.4 7.4 7.4 18.3 7.5 7.4 19.5 9.1 8.9 8.3 8.1 7.7 7.8 21 7.6 7.4 17.8 6.3 7.3 7.7 21.7 7.4 8.1 7.8 7.6 14.2 8.3 9 9 9 23.5 7.6 8.2 8.1 8 13.3 8.4 9 9.1 9.1 22.4 7.5 7.9 7.8 7.7 14 8.7 9 9 8.9 23 7.6 7.9 7.8 7.7 13.4 8.4 9.1 9.1 9 22.7 7.4 7.7 7.5 7.5 11.8 8 9 9 9.1 20.6 7.6 7.7 7.6 7.5 12.3 8.4 8.9 9.1 9.1 23.1 7.6 8 7.9 7.5 14.3 8.4 9 9.1 9.1 22.8 7.8 8.2 7.9 7.4 12.5 8.1 9 9.1 9.1 19.7 7.4 7.4 7.4 7.4 10.9 8.6 9 9 9 23 7.6 8.1 7.8 7.3 11.3 7.3 6.1 7.3 14.5 7.7 7.9 13.5 7.7 7.5 7.6 8.6 9 9 15.2 8.4 7.9 14.4 7.9 8 8 8.8 9.1 9.1 14.4 8.3 7.6 13.5 7.7 7.7 7.7 8.7 9 8.9 14.1 8.5 7.6 13.6 7.7 7.6 7.6 8.8 9.1 9 15.1 8.1 7.8 12.7 7.6 7.5 7.7 8.3 8.9 8.8 13.1 8.4 7.6 12 7.6 7.5 7.6 8.7 9 9 14.6 8.7 7.6 13.9 7.9 7.6 7.4 8.4 9.1 9.1 14.7 8.5 7.9 14 7.9 7.5 7.5 8.2 9 8.7 12.7 8.2 7.4 11.7 7.5 7.5 7.5 8.8 9.1 8.9 15.2 8.8 7.6 13 7.7 7.5 7.3 7.3 6.1 7.3 7.8 8 8 7.6 20.2 7.6 7.6 21 8.7 8.8 9 8.5 7.9 7.7 21.6 7.9 8.2 22.3 9 9.1 9 8.6 7.7 7.6 21 7.7 8.1 22.5 9 9 9 9 7.7 7.7 20.8 7.6 8.2 21.7 8.9 9.1 9 8.6 7.8 7.5 19.8 7.7 7.6 20.4 8.7 9 8.9 8.4 7.8 7.5 18.7 7.6 7.7 20.7 9 9.1 9.1 8.8 8 7.8 21.9 7.9 7.7 21.8 8.9 9.1 9.1 8.8 8.1 7.7 20.6 7.8 7.8 20 9 9 9.1 8.7 7.7 7.5 19.3 7.7 8 23.4 9.1 9 9 9 7.8 7.4 19.2 7.5 7.3 17.1 6 7.3 7.8 23.3 7.7 7.9 7.7 7.6 13.1 8.2 9.1 9 9 23.7 7.7 7.9 7.9 7.9 14 8.8 9.1 9.1 9 22.5 7.7 8.1 7.8 7.9 14.2 8.8 8.9 9 9 21.5 7.7 7.8 7.7 7.7 13.5 8.6 9.1 9.1 9 23.1 7.7 7.9 7.8 7.6 12.3 8.2 8.9 8.9 9 23.1 7.7 7.9 7.7 7.6 12.2 8.5 9.1 9.1 9.1 23.5 7.8 8.4 8.1 7.7 13.6 8.4 9 9.1 9.1 21.8 7.9 7.9 7.8 7.7 11.4 8.1 9.1 9 9.1 23.8 7.5 7.9 7.8 7.6 14.7 9 9.1 9.1 9 23.8 7.7 7.7 7.5 7.4 11.6 7.3 6.4 7.3 15.8 7.9 7.9 12.6 7.6 7.6 7.5 8 8.8 8.8 14.9 8.1 7.8 12.9 7.9 7.9 7.5 8.3 9 9 14.2 8.5 7.8 12.7 7.9 7.7 7.3 8.4 8.9 8.9 12.7 8.5 7.8 12.2 7.7 7.6 7.5 8 8.9 9 13.9 8.3 7.9 13.7 8 7.7 7.5 8 8.6 8.9 14.8 8.4 7.7 12.4 7.7 7.4 7.4 8.3 8.6 8.8 14 8.6 8 13.9 8.3 7.7 7.3 8.1 8.9 9 13 8.5 7.5 13 8.2 7.7 7.5 7.9 8.6 9.1 15.4 9 7.8 13.9 8.1 7.9 7.6 8.8 9 9.1 15.6 8.8 7.4 12.3 7.7 7.6 7.3 7.3 5.6 7.3 7.6 8.7 8.5 8.6 22 7.7 7.6 20.7 8.3 8.6 8.9 8.8 8.3 8.3 23 8.3 8 22.8 8.4 8.8 9 8.8 8 8.2 23.4 8.1 7.7 23.4 8.4 9.1 8.9 8.8 8.1 8.3 22.5 8 7.6 22.4 8.4 8.9 9 8.8 7.9 7.9 22.8 8 7.8 21 8.3 8.7 9 8.8 8 8 21.2 7.8 7.7 20.9 8.4 8.8 9 8.8 8.4 8.5 23.6 8.3 7.6 21.3 8.9 8.9 9.1 8.7 8.2 8.1 22.8 8.6 8 22.9 8.9 8.8 9.1 9.1 8.1 8.3 24.2 8.5 7.9 23.7 9.1 8.9 9.1 8.9 8.2 7.7 20.3 7.9 7.5 18.6 5.7 7.3 8 21.4 8.7 9 8.8 8.6 13.2 7.7 8.2 8.6 9 21 8.1 9 8.7 8.6 14.6 8.3 8.7 8.8 9 20.7 8.2 8.9 8.6 8.5 15.3 8 8.5 8.7 9 20.5 8.4 9 8.7 8.3 14.6 8.2 8.5 8.7 9 20.3 8.1 9 8.6 8.2 13.1 8 8.5 8.6 8.9 21.2 8.4 9 8.6 8.4 12.9 8.3 8.5 8.7 8.9 21.1 8.4 8.9 8.6 8.4 12.9 8.2 8.8 8.9 9 21.3 8.6 9 8.8 8.4 14.2 8.9 9 9 9 20.3 8.8 9.1 8.5 8 15 9 9.1 9.1 9 21.1 8.4 8.8 8.2 7.6 12.7 7.3 5.7 7.3 8.2 8.8 8.7 8.9 9 8.6 12.7 20.8 7.5 8.7 9 9 8.2 8.6 8.7 8.6 14.7 22.9 8.1 8.9 9.1 8.9 8.4 8.8 8.7 8.5 15.2 23.2 7.9 9 9.1 8.8 8.7 9 8.8 8.1 14.5 22.5 8.1 8.3 9.1 9 8 8.7 8.8 8.3 13.5 21.4 8.1 8.6 9 8.9 8.6 9 8.8 8.2 12.3 21.4 8.3 8.8 9.1 9 8.3 9 8.8 7.8 12.7 20.9 8.1 8.9 9 9 8.8 9 8.9 8 13.8 22.9 8.6 9 9 8.8 8.8 8.9 8.9 7.8 14.9 23.6 8.9 8.8 9 8.9 8.4 8.7 8.7 7.7 12 17.9 5.6 7.3 16.4 8.5 8.5 14.4 8.7 8.4 7.5 7.5 8.1 9 15 8.8 8.3 14.1 8.7 8.2 7.6 7.8 8.7 9.1 15.8 8.8 8.4 14.6 8.8 8.6 7.7 7.8 8.7 9.1 15.9 8.9 8.7 15.1 8.9 8.3 7.7 7.8 8.7 8.9 14.9 8.8 7.8 14.4 8.9 8 7.7 7.8 8.7 8.9 16.4 8.9 8.7 15.1 9 8.3 7.9 8.3 8.7 9.1 15.7 9 8.5 14.5 8.8 8.1 7.3 7.6 8.4 9 16.2 9 8.8 15.1 9.2 8 7.8 7.9 8.6 9.1 13.6 8.9 8.5 14.2 9 7.9 7.6 8.1 8.9 8.9 14.7 9 8.6 13.8 8.7 8 7.4 7.3 5.7 7.3 7.7 24.7 8 8.4 22.4 8 8.1 8.2 8.8 9 8.7 23.1 7.6 8.1 22.2 7.8 8.1 8.5 9 9.1 9.1 25 8.2 8.5 23.9 8.1 8.2 8.8 9 9.1 9.1 25.4 8.3 8.7 23 7.9 7.9 8.6 9.1 9.1 9 24.2 7.8 8.2 22.2 7.8 7.8 8.3 9.1 9 9 25.8 8.3 8.5 23.9 8.4 8.4 8.9 9.1 9.1 9.1 24.5 8.2 8.4 22.4 7.8 7.9 8.5 9 9 9 24.9 8.4 8.6 22.9 7.8 7.9 8.7 9 9.1 9 23.5 8.6 8.3 22.6 7.6 7.9 8.8 9 9.1 8.9 23.6 8.2 8.2 22.1 7.6 7.4 7.3 6.3 7.3 7.7 7.9 7.8 7.8 7.8 7.9 12.5 20.5 8.8 8.9 9 8.3 7.6 7.6 7.4 7.6 11.4 20 9 9.1 9.1 8.7 7.9 8 8 8 13.4 21.8 9 9.1 9.1 8.8 7.8 7.9 7.9 8 11.4 19.9 9.1 9 9 8.6 7.5 7.7 7.6 7.7 12.8 21 9.1 9.1 9 9 7.7 7.7 7.9 8.2 14.5 23.1 9.1 9.1 9.1 8.8 7.8 7.6 7.6 7.6 11.3 20.1 9 9 9 8.7 7.7 7.5 7.7 7.7 11.2 20 9 9.1 9.1 8.9 8 8.1 7.8 7.7 11.5 20.5 9 9.1 9.1 8.8 7.8 7.7 7.8 7.6 12.2 18.3 6.5 7.3 15.2 8.1 7.7 12.6 7.7 7.5 7.5 8.3 8.8 8.9 12.4 8.1 7.6 11.6 7.5 7.4 7.4 8.3 8.9 9.1 15.5 8.9 7.9 14.1 7.9 7.9 7.7 8.3 9 9 15.7 8.8 8 13.5 7.9 7.8 7.6 8.7 9 9 15.2 8.7 7.7 13.4 7.7 7.4 7.6 8 9 9 16.6 9 7.9 14.8 7.7 7.7 7.6 8.7 9.1 9 15.2 8.7 7.7 11.9 7.6 7.5 7.4 8.4 9 9 14.2 8.7 7.7 11.7 7.7 7.6 7.6 8.2 9 9 14 8.8 7.8 15.2 7.9 7.6 7.6 8.6 9 9 13.4 9 7.6 13.8 7.8 7.6 7.4 7.3 6.6 7.3 7.7 22.6 7.8 7.8 19.6 7.4 7.7 8.5 8.9 8.9 8.7 20.7 7.5 7.5 17.8 7.3 7.6 8.2 9 9 9.1 23.7 8.1 7.9 21.4 7.7 8 8.5 9 9 9.1 24.6 8 8 21.5 7.9 8.1 8.6 9.1 9 9 23.1 7.8 7.7 19.2 7.4 7.6 8 9 8.9 9 24.4 7.9 7.9 21.9 7.5 8 8.7 9.1 9.1 9.1 22.6 7.6 7.7 18.5 7.5 7.9 8.3 9 9 8.9 22.1 7.9 7.9 18.6 7.7 7.8 8.5 9 9 8.9 22.4 8.2 7.8 22 7.6 7.8 8.8 9.1 9.1 9 21.9 7.9 7.7 20.1 7.6 7.5 7.3 6.2 7.3 7.9 7.8 7.7 7.6 7.5 7.8 13.8 22 8.8 8.8 9 8.1 7.4 7.4 7.5 7.6 10.8 19.3 8.8 9.1 9.1 8.6 7.7 7.7 7.6 7.9 12.6 20.9 8.8 9.1 9.1 8.9 7.8 8 8.3 8.2 14.2 22.6 8.9 9.1 9 8.7 7.6 7.5 7.5 7.6 10.4 19.3 8.8 9 9 8.5 7.6 7.5 7.7 8 13.2 21.7 9 9.1 9.1 8.6 7.4 7.5 7.5 7.7 12.6 20.9 8.9 9 9 8.5 7.7 7.8 7.8 7.8 11.4 20.1 8.9 9.1 9.1 8.8 7.9 7.9 7.9 7.6 13.8 22.6 9.1 9.1 9.1 8.9 7.5 7.6 7.7 7.7 12.2 18.3 6.3 7.3 14.4 7.4 7.4 13.1 7.7 7.5 7.5 8.4 8.8 8.6 12.9 7.7 7.3 12.5 7.7 7.6 7.5 8.2 8.9 8.8 14 7.9 7.5 13.1 7.6 7.6 7.8 8.5 8.9 8.8 13.3 8.4 7.6 13.5 8.2 8.3 8.1 8.7 9.1 8.7 11.7 7.9 7.5 11.6 7.6 7.7 7.6 8 8.8 8.9 12.7 7.8 7.3 12.8 7.8 7.8 7.7 8.5 8.9 8.7 11.9 7.8 7.4 10.8 7.5 7.8 7.7 8.5 9 8.7 13.2 8.1 7.6 11 7.8 7.9 7.8 8.5 9 8.7 12.1 8.3 7.6 12.4 7.9 7.7 7.7 9 9.1 9 13 8.1 7.5 11.5 7.6 7.7 7.7 7.3 6.6 7.3 7.3 20.7 7.4 7.7 22.1 8.1 8.3 8.4 8.6 8.4 7.9 19.7 7.3 7.7 20.6 7.8 7.9 8.2 8.5 8.5 8.3 21 7.5 7.5 21.5 7.9 8.3 8.6 8.8 8.6 8.3 20.3 7.5 8.1 24.2 8.5 8.6 8.8 9.1 8.5 8.2 18.4 7.6 7.7 21 7.8 8 8.4 8.7 8.1 7.8 19.6 7.3 7.4 22.1 8 8.1 8.5 9 8.5 8.1 18.5 7.4 7.8 21.6 8.2 8.2 8.5 9 8.5 8.2 20 7.7 7.9 21.8 8.2 8.5 9 9 8.6 8 19.8 7.6 7.7 22.7 8.2 8.8 9.1 9.1 8.5 7.7 20.5 7.3 7.5 21 7.9 7.8 7.4 6.3 7.3 7.3 7.4 7.5 7.8 8.5 9.1 13.8 22.5 8.2 8.4 8.1 7.8 7.5 7.7 8.2 9.2 12.3 21 8.1 8.6 8.5 8 7.5 7.8 8.4 9 12.6 21.9 8.5 8.5 8.5 8.1 8 8.2 8.4 9 14.8 24.2 9 8.6 8.5 7.9 7.6 7.6 8.2 9 13.7 22.5 8.4 8.5 8.1 7.6 7.4 7.7 8.3 8.6 14.4 24.4 8.6 8.6 8.2 7.5 7.5 7.7 8.8 8.9 14 23.3 8.7 8.8 8.6 8.1 7.9 8 8.7 8.9 14.1 24.1 8.9 8.8 8.5 8.1 8.2 7.8 8.6 9.1 15.3 25.2 9.1 8.6 8.4 7.8 7.8 7.6 8 8.7 13.1 19.8 6.2 7.3 7.4 18.5 7.4 7.5 8.7 8.7 13.9 8.8 8.9 8.5 8.1 20 7.4 7.8 8.1 8.4 12.1 8.6 8.8 8.4 8.5 21.2 7.6 7.9 8.7 8.4 12.5 8.9 8.7 8.3 8.3 21.5 7.6 8.5 8.7 8.7 14.8 8.9 9 8.8 8.3 20.6 7.5 7.8 8.3 8.5 13.6 8.8 8.8 8.4 8.2 21.2 7.5 7.9 8.5 8.2 14.1 8.5 8.9 8.6 7.9 20.8 7.5 7.8 8.7 8.6 14.1 9.1 8.9 8.8 8.7 21.2 7.9 8.4 8.7 8.7 14 9.4 9.1 8.7 8.6 22.2 7.9 8.8 9.2 8.4 15.3 9.2 9.1 8.6 8.1 20.3 7.8 8 8.6 8.1 13.3 7.6 6.3 7.3 12.8 7.4 7.5 12 8.5 8.6 7.9 8.6 9 8.8 12.4 7.7 7.7 14.2 8.8 8.5 8.1 8.4 8.9 8.8 13.6 8.2 8 14.3 8.8 8.7 8.3 8.7 9 9 13.7 8.4 8.2 14.1 8.7 8.8 8.4 8.9 9 8.8 13.1 8.2 7.7 14.1 8.4 8.6 8.2 8.6 8.9 8.9 14 8 7.8 14.9 9 8.3 8.3 8.7 9 8.8 13.4 7.9 7.6 12.9 8.8 8.5 8.4 8.8 9 9 13.6 8.2 8 13.2 9 8.9 8.7 9 9.1 9 14.7 8.4 8.4 13.1 9.1 8.7 8.4 9.2 9.2 8.7 12.9 8.5 8 12.8 8.9 8.3 7.9 7.5 6.5 7.3 7.5 7.5 7.5 7.5 20 7.9 7.8 22.9 9 9 9.1 8.4 8 8.1 22.7 8 8.1 21 8.9 9.1 9.1 8.8 8.2 7.9 22.3 8.2 7.9 21.3 9 9 9 9.1 8.3 8.2 24 8.5 8.4 23.2 9.1 9 8.9 8.5 7.8 7.8 22.4 8.3 7.9 21 8.8 9 9.1 8.8 8.3 8.2 24 8.3 8.3 21.1 9 9.1 9.1 8.6 7.9 7.8 21.6 8.6 8.2 22.9 9 9 9 8.9 8.3 8 21.7 8.5 8.3 22 9.1 9 9.1 8.9 8.8 8.3 23 8.2 8.2 23.3 9 8.9 8.9 8.5 8.4 7.9 22 8.4 7.6 20.5 6.4 7.3 7.6 22 7.3 7.5 7.4 7.4 14.3 8.3 9 9 9 22.1 7.5 8.1 7.9 7.9 12.3 8.6 9.1 9.1 9.1 23.3 7.6 8.1 7.7 7.7 12.1 8.5 9 8.9 9 23.5 7.7 8 8.1 8.1 14.3 8.8 8.9 8.9 8.9 21 7.5 7.8 7.7 7.8 12.5 8.3 9 9 9 22.4 7.4 8 8 7.9 12.4 8.6 9 9.1 9 23.6 7.5 7.7 7.7 7.8 13.9 8.7 9 9 9 23.7 7.9 8.2 7.9 7.8 12.1 8.6 9.1 9 9.1 24.9 8.2 8.4 8 7.6 13.9 9 9 8.8 8.7 21.2 7.9 8.1 7.8 7.8 15 7.4 6.5 7.3 15.3 7.7 7.5 11.7 7.6 7.4 7.5 8.5 8.9 9 13.3 8.1 7.7 12.9 7.8 7.8 7.9 8.5 9.1 9 13.6 8.7 7.8 14.3 7.8 7.9 7.8 8.8 9 8.9 15.5 8.7 7.6 12.1 7.8 7.7 8 8.8 8.9 8.8 12.9 8.5 7.7 12.3 7.6 7.6 7.6 8.7 9 8.9 13.4 8.6 7.7 14.2 8 7.7 7.8 8.8 9.1 9.1 15.3 8.6 7.5 13 7.6 7.6 7.6 8.7 9.1 9 15.6 8.9 7.8 12.8 7.9 7.8 7.8 8.9 9 9 15.8 9 8.2 14.7 8.1 7.8 7.8 8.9 8.9 8.7 13.1 8.7 7.7 13.3 8.1 7.7 7.5 7.5 6.5 7.3 7.6 7.9 7.8 7.7 19.2 7.6 7.9 21.6 8.8 9 9 8.2 7.6 7.4 19.6 7.9 8 20.3 9 9.2 9.1 8.8 8.2 7.8 21.3 7.8 7.9 20 8.9 8.9 8.8 8.6 7.7 7.6 19.8 7.7 8.1 22.7 9 9 8.9 8.5 7.9 7.4 19.3 7.6 7.9 22.9 9 9.1 9.1 8.9 7.8 7.7 22 8.1 8.1 22.4 9.1 9.1 9.1 8.7 7.7 7.5 19.9 7.6 7.7 20.8 9 9 9.1 9 8.1 7.9 20.3 8.2 8.2 23.1 8.9 9.1 9.1 8.8 8.5 7.9 22.8 8.3 7.9 22 8.9 9 9 8.5 8.1 7.4 21.5 8.3 7.8 20.6 6.5 7.4 8 21.5 7.7 7.9 7.6 7.7 14.1 8.2 8.9 9 9 21.3 7.3 7.7 7.5 7.7 11.4 8.2 9 9 9 23.2 7.5 8.2 7.8 7.7 11.7 8.7 9 8.9 8.9 22.1 7.5 8 7.7 7.8 14 8.9 9.1 9.1 9 22 7.4 7.8 7.8 7.9 14.6 8.6 9.1 9 9 24.6 7.7 8.1 8.2 7.9 13.6 8.7 9.1 9.1 9 22.9 7.7 8 7.6 7.6 12.4 8.6 8.9 9 9 24.7 8 8 8.2 7.9 14.5 8.7 8.9 9 8.9 24.5 8.5 8.7 8.2 7.9 13.3 8.9 8.9 9.1 9.1 24 7.8 8.1 8.2 7.9 14.8 7.4 6.8 7.3 14.1 7.9 7.9 11.4 7.6 7.7 7.4 7.9 8.8 8.8 13.7 8.3 7.6 11 7.5 7.5 7.6 7.9 8.6 8.7 14.4 8.6 7.6 13.4 7.7 7.6 7.6 8.2 8.6 8.9 13.2 8.5 7.8 12.3 8.1 7.8 7.8 8.9 9 9.1 14.2 8.5 7.7 12.2 7.7 7.7 7.5 8.3 8.9 8.9 15.4 8.6 7.8 14.9 8.5 7.9 7.5 8.4 9 8.9 14.2 8.8 7.7 12.1 7.9 7.5 7.4 8 8.8 8.9 15.8 8.9 7.9 13.9 8.1 7.6 7.5 8.5 8.7 8.9 14.2 8.9 8 14.6 8.6 8.1 7.6 8.6 9.1 9 15 8.9 7.8 14.6 8.2 7.6 7.6 7.3 5.9 7.4 8 8.3 8.1 8.2 22.7 7.8 7.7 22.7 8.1 8.8 9 8.6 7.7 7.6 20.3 7.9 7.7 20.6 8 8.3 8.9 8.5 8 7.9 22.6 7.7 7.5 21.6 8.1 8.2 9 8.4 7.8 8 22.9 8 8 23.7 8.8 9 9 8.8 8 8 22.9 7.7 7.7 22.6 8.4 8.6 8.9 8.7 8.3 8.6 24.1 8.1 8.1 21.2 8.5 8.8 9 8.9 8 8.4 21 8 7.7 21.9 8.6 8.8 8.9 8.9 8.6 8.3 24.5 8.1 7.7 23.3 8.7 8.8 8.9 8.9 8.5 8.5 24.3 8.1 8 23.7 9 8.7 9 8.9 8.4 8.1 23.6 7.9 7.5 18.6 5.6 7.4 8 19.7 8.4 8.9 8.8 8.5 14.9 8 8.3 8.8 9.1 20.8 8 8.8 8.3 8.3 12.9 7.9 8.1 8.5 8.6 19.7 8.2 8.7 8.4 8.2 13.7 7.8 8.1 8.4 8.3 19 8 8.8 8.3 8.4 15.7 8.5 8.8 9 9 20.1 8.2 9 8.6 8.7 14.8 8.2 8.6 8.5 8.9 20.4 8.4 9 8.9 8.6 13.2 8 8.6 9 8.9 20.6 8.5 8.9 8.7 8.3 13.6 8.1 8.9 9.1 9.1 21.2 8.7 8.9 8.5 7.9 15 8.6 9 8.9 8.9 20.4 8.7 8.8 8.6 7.8 15 8.7 9.1 9.1 9 20.4 8.7 9.1 8.2 8 13.3 7.3 5.6 7.4 8.2 8.4 8.3 8.4 8.6 8.4 14.9 23.2 8.2 8.5 9 9.1 8.1 8.4 8.7 8.1 12.6 21 7.8 8.5 8.8 8.7 8.3 8.6 8.7 8.3 13.6 21.8 7.8 8.3 8.7 8.4 8 8.2 8.6 8.5 15.5 24.2 8.4 8.9 9.1 9.1 8.1 8.4 8.8 8.3 14.6 23 8.1 8.8 9.1 8.9 8.2 8.7 8.9 8.4 12.6 21.3 8 8.9 9.1 9.1 8.5 8.7 8.5 7.9 13.5 21.8 8.5 9.1 9.1 9.1 8.6 8.9 8.9 8 15.1 23.7 8.9 8.9 9 8.9 8.4 8.7 8.9 7.7 14.4 23.3 8.9 8.9 9 8.9 8.4 8.4 8.8 7.8 11.9 18.1 5.5 7.4 14.9 8.3 8.7 14.5 8.7 8.5 8 8.1 8.5 9 14.8 8.9 8.5 13.6 8.8 8.4 7.8 8 8.4 8.7 15.7 8.7 8.3 13.3 8.9 8.5 7.8 7.9 8.3 8.8 13 8 7.9 12.9 8.4 8.2 8 8.4 8.7 8.9 14.6 8.6 8.3 12 8.8 8.4 7.9 8 8.8 9 13.2 8.8 8.3 12.2 8.8 8.2 7.6 7.5 8.6 9 14.1 9 8.8 14.2 8.8 8.1 7.7 7.9 8.9 9.1 16.6 9 9 14.4 9.1 8.5 8 8.2 8.9 9 13 8.7 8.6 12.6 8.9 8 7.8 8.3 8.9 8.9 13.2 9 8.5 12.9 8.5 7.9 7.5 7.3 5.6 7.3 7.7 23.9 8.1 8.4 23 8.1 8.2 8.4 9.1 9 9 23.4 7.9 8.4 21.7 8.2 8.1 8.4 8.8 8.9 8.9 24.5 8 8.1 22.4 8.2 8.1 8.4 9.1 9.1 8.9 21.6 7.8 8.1 21.8 8 8.1 8.5 9 9.1 9 23.3 7.5 8.1 21.3 8 7.8 8.8 9.1 9.1 9 22.9 7.9 8.5 21.7 7.9 8.2 8.6 9 9.1 9.1 24 7.9 8.4 22.2 7.9 8 8.6 9.1 9.1 9 26.4 8.8 8.9 23.5 8.3 8.2 9 9.1 9.1 9.1 22 8.6 8.3 21.1 7.8 7.9 8.8 9 9 9 22.6 8.2 8.4 20.6 7.7 7.4 7.3 6.2 7.3 7.9 8.2 8 8.1 8 7.9 11.3 19.4 8.9 9 9.1 8.9 7.5 7.8 7.9 7.9 12.1 20.3 8.7 8.9 9.1 8.7 7.7 7.7 8 7.8 13.6 21.7 9.1 9.1 9 8.3 7.7 7.7 7.8 7.9 13.2 21.3 8.8 8.9 9 8.5 7.4 7.5 7.6 7.7 13.4 21.6 8.9 9.1 9.1 8.6 7.7 7.8 7.7 8 13.3 21.8 9 9.1 9.1 8.8 7.8 7.6 7.7 7.6 11.3 19.9 9 9.1 9.1 8.9 8.3 8 8.1 7.8 12.5 21.3 9.1 9.1 9 8.9 7.4 7.5 7.6 7.5 13.4 22.2 8.9 8.9 9 8.9 7.6 7.6 7.7 7.6 10.4 16.6 6 7.3 14.8 8.2 8.2 13.5 8 7.7 7.6 8.1 8.8 8.9 13.6 8.7 7.5 12.4 7.8 7.7 7.7 8.1 8.7 8.8 14.4 8.7 7.7 13.4 7.9 7.5 7.7 8.3 9.1 9 12.9 8.2 7.7 12.3 7.9 7.7 7.5 8.4 8.8 8.9 15.2 8.2 7.5 13.8 7.6 7.5 7.6 8.6 8.9 8.8 15.4 8.6 7.9 14.6 7.8 7.6 7.5 8.6 9.1 9 15.4 9 7.9 13.9 7.6 7.4 7.5 8.6 8.9 9.1 15 8.8 7.8 13.8 7.9 7.4 7.4 8.7 9.1 9.1 14.6 8.9 7.5 12.6 7.4 7.4 7.6 8.8 8.9 9 13.9 8.9 7.7 12.5 7.7 7.5 7.4 7.3 6.1 7.3 7.9 23.2 8 7.7 21 7.6 8.2 8.5 8.7 8.9 9 22.6 7.8 7.7 19.2 7.5 7.7 8 8.7 9.1 9 22.7 7.7 7.7 19.9 7.5 7.9 8.5 9 9.1 9 21.1 7.9 7.8 19 7.4 7.6 8.3 9 9 8.9 23.4 7.6 7.7 20.2 7.4 7.7 8.3 8.9 8.9 8.9 23.5 7.8 7.8 21.1 7.5 7.7 8.7 9 9.1 9 24.4 7.9 7.8 20.5 7.5 7.7 8.5 9 9.1 9 23.5 8.1 7.7 20.3 7.5 7.6 8.7 9.1 9.1 9 23 7.9 7.5 18.9 7.3 7.3 8.5 9 9 9 22.8 8.1 7.8 20.2 7.5 7.6 7.3 6.3 7.3 8.1 8.4 8.1 7.8 7.7 8 13.9 22.2 8.7 8.9 8.9 8.9 7.7 7.7 7.7 7.7 11 19.3 8.5 9 8.9 8.3 7.5 7.5 7.8 7.7 11.4 20.2 9 9.1 9 8 7.5 7.4 7.5 7.5 12 19.8 8.8 9 8.9 8.3 7.6 7.7 7.7 7.7 11.8 20.4 9 9 8.9 8.5 7.6 7.6 7.6 7.8 10.9 18.9 8.8 9 9 8.9 8.1 7.9 7.9 7.9 11.7 20.2 8.9 9.1 9.1 8.7 7.7 7.6 7.8 7.7 12.2 20.8 9.1 9.1 9 8.9 7.6 7.4 7.5 7.3 10.7 20 9.1 8.9 9 9 7.9 7.7 8 8 14 20.1 6.5 7.4 15.4 7.7 7.8 14.2 8.1 7.9 7.9 8.6 8.7 8.8 14.5 8.3 7.4 13.8 7.8 7.8 7.6 8.1 8.6 8.5 12.5 7.6 7.3 11.2 7.6 7.5 7.5 8.7 9 8.7 11.5 7.8 7.3 10.5 7.4 7.3 7.3 8.6 8.9 8.7 12.6 7.5 7.3 10.6 7.6 7.6 7.6 8.7 9 8.9 12.6 7.7 7.3 10.7 7.4 7.6 7.5 8.4 9 8.7 14.2 8.1 7.5 12.6 8.1 8 7.9 8.7 9 8.9 14.4 8.2 7.4 11.7 7.5 7.5 7.6 8.7 9.1 8.9 13.6 8.1 7.3 13 7.4 7.3 7.4 8.7 9 8.6 12.4 8.1 7.6 13.1 8 7.7 7.6 7.3 6.6 7.3 7.4 21.9 7.7 8 23.3 8.5 8.5 8.7 8.9 8.6 8.5 21.9 7.4 7.9 21.9 8 8 8.1 8.4 8 8.2 19.2 7.3 7.5 21.1 8.1 8 8.6 8.8 8.3 7.7 17.9 7.3 7.4 19.5 7.5 7.6 8.4 8.8 8.3 8 19.2 7.3 7.5 21 8.2 8.2 8.7 8.9 8.7 8.3 19.1 7.3 7.5 19.6 7.9 7.8 8.4 8.7 8.6 8.5 21.1 7.6 8.2 22.3 8.4 8.5 8.6 9 8.9 8.4 21.3 7.6 7.7 22.1 7.8 8.2 8.6 9.1 8.6 8 20.5 7.5 7.7 22.1 7.5 8.1 8.7 9.1 8.2 8 19.9 7.9 8.2 22.7 8.1 7.8 7.3 6.5 7.3 7.5 7.7 7.7 8.2 8.9 9.3 13.3 23 8.9 8.9 8.7 8.1 7.6 7.9 8.2 8.9 12.2 20.9 8 8 8.3 7.6 7.5 7.5 8.5 9 14 23.9 8.6 8.5 8 7.4 7.3 7.4 7.7 8.8 12.6 21.6 8.8 8.4 8.6 7.6 7.4 7.7 8.5 8.8 14.2 24.6 8.7 8.6 8.5 7.6 7.4 7.4 8 8.6 13.8 22.7 8.7 8.7 8.5 8.1 7.9 8.1 8.9 9.2 13.4 23.5 8.9 8.9 8.6 8.2 8 8 8.7 8.7 15.3 25 9 8.8 8.5 7.7 7.6 7.9 8.4 8.4 13.6 23 9 8.5 8.5 8.1 8 8.2 8.6 8.8 13.4 20.4 6.4 7.3 7.4 18.3 7.5 8 9 9.2 13.1 9.2 9 8.8 8.7 21.3 7.5 7.6 8.5 8.2 12.3 8.3 8.5 8.2 7.9 20.2 7.6 7.7 8.5 8.5 14.1 8.6 8.9 8.5 7.8 19.8 7.3 7.4 8.4 8.8 12.6 8.8 8.9 8.5 8.4 20.5 7.4 7.8 8.7 8.6 14.1 8.8 8.8 8.8 8.4 21.2 7.4 7.5 8.3 8.3 13.8 8.8 8.8 8.6 8.3 20.8 7.9 8.4 8.9 9.1 13.7 9 8.8 8.9 8.5 20.5 7.8 8.1 9 8.2 15.3 9.2 9 8.8 7.9 19.5 7.6 8 8.6 8.1 13.7 9 9.1 8.7 8.5 22.2 7.9 8 8.8 7.9 13.6 7.5 6.3 7.3 11.4 7.6 7.9 13.3 9 8.8 8.6 9.1 9.1 9 14 8.1 7.6 13 8.5 8.4 7.9 8.5 8.7 8.7 12.7 7.7 7.7 13.6 8.5 8.2 8.2 8.6 8.9 8.8 13.2 7.9 7.7 14 8.9 8.6 8.3 8.9 9 8.7 12.7 8.3 8 15.2 9 8.3 8.1 8.7 8.7 8.8 13.7 8.1 7.8 12.9 8.5 8.1 8.1 8.6 8.9 8.8 12.6 8.1 8.2 13 9 8.8 8.5 8.9 9.1 8.9 12.8 8.2 7.9 14.7 9.1 8.6 8.3 9 9.1 8.8 11.9 8.2 7.8 13.4 8.8 8.3 8.4 8.9 9.1 9 14.5 8.7 8.2 13.2 8.8 8.1 7.9 7.3 6.3 7.3 7.6 7.9 8.2 8.2 23.3 8.8 8.7 22.3 9.1 9.1 9.1 8.8 8.1 8 20.8 7.9 7.9 21.3 8.7 8.9 9 8.7 8 7.9 22.1 8.1 7.7 21.1 8.7 9 8.8 8.2 7.9 7.9 23.4 8.3 8.2 22.7 9 8.9 9 8.7 8 8.2 23.3 8.2 7.9 20.3 8.7 9 9 8.4 7.9 7.9 21 7.9 8 21.6 8.9 8.9 8.9 8.7 8.2 8.3 22.3 8.7 8.4 21.6 8.8 8.9 8.9 8.6 8.1 8.1 23.1 8.1 7.8 22.1 9 9 9.1 8.5 8.1 8.1 22.3 8.2 8.1 22.7 9.1 9 9.1 8.9 8.3 8 21.4 8 7.6 18.1 6.2 7.4 7.5 22.3 7.8 8.3 8.4 8.3 13.2 8.7 9.1 9.1 9.1 24 7.5 7.8 7.7 7.6 12.8 8.3 9.1 8.9 8.9 22.8 7.5 7.5 7.5 7.5 13 8.3 9 9 8.9 22.8 7.5 7.6 7.7 7.8 13.6 8.5 8.9 9 8.9 22.5 7.6 8 7.8 7.7 11.6 8.3 8.7 8.9 8.9 22.8 7.6 7.7 7.7 7.6 13.2 8.4 9 9 8.9 21.5 7.7 8 7.8 7.8 12.6 8.4 8.9 8.9 8.7 20.3 8 7.6 7.7 7.6 12.9 8.8 9 9.1 8.8 20.9 7.7 7.9 7.7 7.7 13.5 8.8 9 8.9 8.9 22.4 7.6 7.6 7.8 7.5 11.4 7.3 6.4 7.3 14.5 8.1 8.2 14.7 8.4 8.3 8.1 8.9 9.1 9.1 16 8.7 7.7 11.9 7.6 7.7 7.7 8.4 9.1 8.9 15.1 8.4 7.5 13.5 7.5 7.4 7.4 8.5 9 9 14 8.5 7.6 14.3 7.6 7.8 7.8 8.6 8.8 8.9 14.1 8.6 8 13.1 7.6 7.6 7.4 8.6 8.7 8.7 15.1 8.1 7.7 11.3 7.6 7.5 7.6 8.3 9.1 9 13.5 8.5 7.7 12.8 7.7 7.7 7.7 8.5 9 9 12.1 8.4 7.6 11.3 7.5 7.5 7.6 8.6 9 9 12.7 8.6 7.6 12.9 7.6 7.5 7.6 8.8 8.9 8.9 13.9 8.9 7.6 12.8 7.7 7.5 7.6 7.3 6.6 7.3 7.9 8.1 8.3 8.1 22.1 8.3 8.2 21.4 9.1 9.1 9.1 9 8.1 7.6 19.1 7.8 7.9 21 8.9 8.9 8.9 8.4 7.9 7.5 20.2 7.5 7.5 20.6 9 9.1 8.9 8.3 7.7 7.5 21.5 7.7 8 21 8.7 8.9 8.9 8.8 7.8 7.8 20.5 7.6 7.9 21.3 8.8 9 8.8 8.3 7.6 7.5 18 7.6 7.7 21.3 9.1 9.1 9 8.6 7.9 7.7 20 7.7 8.1 21.8 8.9 9 9 8.4 7.7 7.5 18.8 7.6 7.9 21.4 9 9.1 9.1 8.6 8.1 7.4 20.3 7.6 7.5 21.3 9 9 9 8.9 8.2 7.5 20.4 7.8 7.6 20.2 6.7 7.3 7.7 22.8 7.8 8.1 8.4 8.4 13.3 8.8 9.1 9.1 9.1 25.1 7.7 7.9 7.9 7.7 12.8 8.5 9.1 8.9 8.9 23.5 7.6 7.9 7.6 7.3 13 8.4 9.1 8.9 8.8 21.9 7.5 7.6 7.6 7.4 13 8.5 8.9 8.9 8.9 24.1 7.5 7.9 7.8 7.7 13.8 8.4 9 9 9 21.6 7.4 7.6 7.6 7.5 12.8 8.3 9.1 9.1 9.1 22 7.6 7.9 7.7 7.7 14.1 8.7 9 9 8.9 21.6 7.6 7.6 7.7 7.6 13 8.6 9.1 9.1 9 22.1 7.8 8 7.7 7.6 12.7 8.6 9 9.1 9 25.6 8.1 8.1 7.8 7.9 14.6 7.3 6.9 7.3 15 8.1 8 12.5 8.1 7.9 7.7 8.2 8.8 9.1 16.7 8.9 7.9 12.8 7.9 7.6 7.4 7.7 8.6 8.6 15.2 8.6 7.7 11.7 7.3 7.3 7.3 7.4 8.6 8.8 13.7 8.1 7.3 11.9 7.5 7.4 7.4 7.9 8.8 9.1 14.3 8.8 7.8 14.4 8 7.7 7.4 7.9 8.7 8.9 14.1 8 7.4 11.2 7.5 7.5 7.4 7.8 8.7 8.8 13.8 8.5 7.4 11.5 7.7 7.8 7.6 8.1 8.9 8.9 13.5 8.8 7.8 12.6 8 7.7 7.4 8.2 9 9.1 13.4 8.5 7.9 12.7 7.8 7.3 7.3 8.3 8.8 9 17 9 7.9 13.7 8.3 7.7 7.4 7.3 5.8 7.3 7.5 8.2 8.3 8.4 23.2 8.2 7.7 22.3 8.5 8.8 9.1 9.1 8.2 8.3 21.9 7.7 7.6 20.5 8 8.6 8.9 8.4 7.9 8 20.8 7.3 7.3 20.6 8 8.2 8.8 8.3 7.6 8 21 7.9 7.7 21.9 8.5 8.6 9.1 8.7 8.4 8.4 24.3 8 7.7 22.4 8.4 8.6 8.9 8.5 8 8 21.7 7.7 7.4 21.7 8.4 8.6 8.8 8.2 7.9 8.1 22.4 7.9 7.7 23.3 8.7 8.9 8.9 8.9 8.5 8.4 23 8.2 7.6 23.1 8.8 8.9 9 8.8 8.5 8.4 22.6 7.9 7.6 23 9 9 9.1 9 8.8 8.6 22.9 7.9 7.5 18.9 5.7 7.3 7.7 19.4 8.1 9 8.7 8.6 14.3 8.2 8.5 8.7 9.1 21.1 8.3 8.9 8.5 8.2 12.9 8 8.2 8.7 8.8 20.2 8.2 8.7 8.5 8 13.6 7.4 8.3 8.4 8.7 19.2 7.6 8.6 8.5 8.2 14.1 8 8.6 8.6 9.1 20.2 8.3 9 8.8 8.6 14.7 8 8.7 8.8 8.8 20.3 8.2 8.9 8.8 8.3 14.2 8 8.5 9 8.8 19.4 8 8.7 8.4 8.2 15.5 8.1 8.9 8.9 8.9 20.5 8.8 8.9 8.6 8 14.9 8.6 9 9 8.9 20.7 8.7 9.1 8.8 8.1 14.6 8.7 9 9 9.1 20.9 8.9 8.9 8.6 7.9 13 7.3 5.8 7.3 7.8 8.5 8.4 8.5 8.8 8.7 14 22.4 8.2 8.8 9.1 8.9 8.3 8.6 8.7 8.5 12.8 21 8 8.3 8.9 8.7 8 8.3 8.4 7.9 13.3 21 7.6 8.6 9 8.4 7.6 8.1 8.5 7.9 13.8 21.8 8.1 8.9 9.1 9 8.5 8.5 8.8 8.1 14.6 22.9 8.4 8.9 9 8.8 8.3 8.6 8.8 8.5 13.9 22.3 8.3 8.9 9 8.8 7.7 8.3 8.5 7.9 14.8 23 8.5 9 9 8.9 8.7 8.7 8.7 8.1 14.3 23 8.6 8.8 9 8.9 8.6 8.6 9 8.1 14.5 23.3 9 8.9 9.1 9.1 8.8 8.9 8.8 7.8 12.7 18.9 5.7 7.3 13.6 8.1 8.5 13.7 8.8 8.7 7.9 8.2 8.7 9 14.2 9 8.6 15 8.6 8.3 7.8 8 8.2 8.9 16 8.5 8.3 14.4 8.6 8.2 7.3 7.5 7.9 8.9 12.4 8.3 7.9 13.1 8.5 8 7.8 7.9 8.6 9.1 14.5 9 8.5 12.3 8.6 8.3 7.8 7.9 8.7 9.1 13.7 8.8 8.3 15.7 8.8 8.4 7.7 7.7 8.6 8.9 12.7 8.6 8.1 13.2 8.4 8 7.7 7.7 8.6 8.9 15.6 8.9 8.7 13.9 8.8 8.2 8 8.4 8.7 8.9 13.7 8.9 8.8 14.7 9 8.5 8 8.5 8.8 9 13.9 8.9 8.3 12.2 8.8 8.2 7.7 7.3 5.8 7.3 7.6 22.1 7.9 8.5 22.5 8 8.1 8.7 9 9 9 23.8 8 8.4 23.8 8.3 8.1 8.5 9.1 9 8.9 24.7 7.8 8.1 22.2 7.8 7.6 8.3 9 9 8.9 21.5 7.7 7.9 21.1 8 8.2 8.4 9.1 9.1 9.1 23.5 7.9 8.2 20.7 8 7.9 8.7 8.9 9.1 9.1 23.2 8 8.5 23.4 8.2 8.1 8.5 8.8 9.1 9.1 23 8.1 8.3 20.8 7.6 7.6 8.3 8.8 8.9 8.9 25 8.5 8.5 22.4 8.2 8.1 8.6 9.1 9.1 9.1 23.8 8.6 9 23.6 8.5 8.2 8.5 9 9.1 9.1 22.7 8.3 8.1 21.6 8.2 7.7 7.4 6.8 7.3 7.5 8.2 7.8 7.8 8.1 8.2 12.2 20.6 9 9 9.1 9 7.8 7.9 7.9 8 13.3 21.3 8.9 8.9 8.8 8.5 7.5 7.6 7.8 7.6 13.2 20.8 8.9 9 8.9 8.5 7.6 7.7 7.8 7.9 11.6 19.8 9.1 9.1 9.1 9 7.5 7.7 7.8 7.6 12.8 21.5 8.8 9 8.9 8.8 7.4 7.7 7.9 7.8 12.7 20.7 8.8 9 9 8.7 7.5 7.5 7.6 7.5 10.7 19.1 8.6 8.8 9 8.9 7.8 7.7 7.8 7.8 13.5 21.8 8.9 9.1 9.1 9 8.2 7.9 7.9 8 12.1 21.1 9 9 9 8.7 7.7 7.7 7.9 7.9 14.2 20.5 6.7 7.3 13.5 7.7 7.6 12.7 7.9 7.9 7.7 8.9 8.9 9 13.7 8.3 7.8 14.2 7.8 7.5 7.6 8.6 9 9 14.3 8.4 7.6 12.6 7.5 7.5 7.4 8.1 8.9 8.9 14.1 8.3 7.5 12.7 7.8 7.7 7.8 8.5 9 9.1 15.5 8.5 7.7 12.3 7.8 7.6 7.6 8.5 8.9 9 13.6 8.4 7.4 12.1 7.5 7.3 7.3 8.2 9 9 15.7 8.6 7.6 13.9 7.5 7.4 7.4 7.8 8.8 8.9 15.5 8.9 7.4 13.4 7.5 7.4 7.6 8.4 9 9 15.1 8.9 8.1 13.3 8.3 7.5 7.6 8.7 9 9 14.8 8.7 7.8 13.1 8 7.7 7.6 7.4 6.6 7.3 7.4 20.4 7.6 7.8 20 7.7 7.9 8.7 9.1 9.1 9 22.2 7.9 7.8 21.4 7.5 7.9 8.6 8.8 9 8.8 21.9 7.6 7.6 19.3 7.4 7.5 8.3 8.9 8.9 8.9 22.3 7.6 7.8 19.9 7.5 7.8 8.6 9.1 9.1 9.1 23.5 7.8 7.7 19.4 7.7 7.8 8.6 9 9.1 9 22 7.5 7.5 18.4 7.3 7.4 8.2 9 9 9 23.4 7.6 7.6 19.4 7.4 7.4 7.8 8.9 9 9 23.7 7.7 7.7 19.7 7.4 7.5 8.1 8.9 8.9 9 23.6 8.2 8.1 20.5 7.7 7.9 8.7 8.9 9 9 22.9 8 7.6 20.6 7.7 7.7 7.4 6.7 7.3 7.3 7.8 7.5 7.6 7.8 8.1 14 22.4 8.9 9 9 8.6 7.6 7.5 7.8 7.9 13.2 21.3 8.9 9 8.8 8.3 7.4 7.4 7.4 7.4 13.5 21.1 8.7 8.9 9 8 7.7 7.7 7.8 7.9 12.8 21.5 9.1 9.1 9.1 8.7 7.7 7.7 7.8 7.8 12.2 20.6 9 9 8.9 8 7.5 7.5 7.5 7.3 11.4 19.8 8.9 9 9 8.5 7.6 7.4 7.6 7.4 10.4 19.1 8.8 8.9 8.8 8.6 7.6 7.5 7.6 7.4 11 19.6 8.6 8.9 8.8 8.7 7.9 7.8 7.9 7.9 13.8 22.7 9 8.9 8.9 8.8 7.8 7.8 8 7.9 14.1 20.1 6.7 7.3 11.6 7.3 7.3 11.7 7.9 7.9 8 8.8 8.9 9 12.5 7.8 7.6 11.8 7.7 7.7 7.6 8.4 9 8.9 11.8 7.5 7.4 11.7 7.4 7.5 7.6 8.2 8.8 8.5 13.5 7.7 7.6 13.5 7.6 7.7 7.9 8.8 9.1 9.1 13.4 7.8 7.5 12.5 7.8 7.8 7.5 8.3 9 8.9 12.3 7.5 7.3 11.9 7.4 7.4 7.4 8.5 9 8.7 12.4 7.7 7.4 10.5 7.5 7.4 7.4 8.1 8.9 8.8 12.9 8 7.6 12.2 7.5 7.4 7.4 8 8.8 8.6 11.4 7.8 7.6 11.3 8 7.6 7.8 8.8 8.9 8.7 12.5 8 7.6 12.4 7.8 7.6 7.5 7.3 6.8 7.3 7.3 17.8 7.3 7.8 22.5 8.6 8.4 8.8 9 9 8.7 19.6 7.5 7.7 21.6 8.1 8.1 8.3 8.7 8.6 8.3 18.7 7.4 7.4 20.6 7.8 8 8.5 8.6 8.5 8 19.8 7.4 7.7 23 8.3 8.4 8.6 9 9 8.6 20.2 7.5 7.7 21.3 8.1 8.2 8.5 8.9 8.2 8.1 19.2 7.3 7.6 21.8 7.8 8 8.6 8.9 8.7 8.1 18.6 7.4 7.5 20.1 7.5 7.6 8.3 8.6 8.6 8.2 19.6 7.5 7.6 22.3 7.8 7.6 8.2 8.6 8 7.8 18.5 7.8 8.2 21.7 8.5 8.1 8.8 9 8.1 7.8 19.8 7.5 7.9 22.6 7.9 7.7 7.4 6.6 7.3 7.3 7.4 7.4 7.7 8.7 8.9 14.5 24.3 8.7 9 8.7 7.8 7.4 7.6 8.5 9.1 13.9 23 8.4 8.6 8.3 7.5 7.4 7.4 8.3 9 12.6 21.7 8.5 8.5 8.2 7.8 7.5 7.8 8.8 9.1 13.8 23.1 8.8 8.9 8.6 7.9 7.7 8 8.5 8.9 13.1 22.2 8.7 8.6 8.5 7.8 7.7 7.9 8.7 8.9 14 23 8.8 8.6 8.2 7.7 7.4 7.5 8.1 8.7 13.8 23.3 8.6 8.6 8.5 7.8 7.7 7.9 8.2 8.5 14.2 23.3 8.7 8.5 8 7.8 7.7 8.1 8.6 8.9 13.7 23.5 9 8.6 8.5 7.9 7.7 7.8 8.4 8.8 14 20.8 6.7 7.3 7.3 20 7.4 7.7 8.9 9 14.3 8.9 8.9 8.7 8.5 20.1 7.3 7.5 8.7 8.7 13.8 8.6 8.9 8.8 8.1 19.8 7.4 7.7 8.5 8.8 12.8 8.7 8.7 8.3 8 20.4 7.4 7.6 8.8 8.9 14 8.9 8.7 8.5 8.3 21 7.7 7.9 8.7 8.7 13 8.8 9 8.9 8.1 22.2 7.6 8.2 9 9.1 13.9 8.9 8.8 8.6 8.3 21.5 7.6 8 8.6 8.3 13.6 8.9 8.9 8.8 8.6 21.5 7.5 8.1 8.5 8.4 14.2 8.8 8.9 8.5 7.9 20.7 7.5 7.6 8.4 8.2 13.6 9.1 9 8.6 8.1 20 7.6 8 8.7 8.3 14 7.5 6.5 7.3 13.5 7.5 7.8 12.4 8.7 8.9 8.7 8.8 8.9 8.9 12.5 8.1 7.6 13.8 8.7 8.6 8.2 8.3 9.1 9 12.2 7.8 7.7 13 8.8 8.5 8.3 8.5 8.9 8.9 13.5 7.6 7.4 13.4 8.6 8.4 8.5 8.8 9 8.8 13.3 8.2 8.1 12.9 8.8 8.7 8.3 8.8 9 9 14.3 8.1 8 13.7 9 8.9 8.6 8.7 8.9 8.9 14.1 8.1 7.9 15.5 8.9 8.4 8.1 8.8 9 8.9 14.2 8.4 8.2 14.4 8.6 8.3 8.1 8.5 8.9 8.5 12.9 7.9 7.5 12.9 8.4 7.9 8.3 9.1 9.1 8.8 12.5 8.3 8.1 13.3 8.8 8.5 8.1 7.4 6.3 7.3 7.7 7.9 7.9 8.1 20.9 8.3 8.1 21.1 9 9 9 8.6 8.1 8.2 22.2 8.4 7.9 20.5 8.9 9 8.9 8.6 7.8 8.2 22.1 8.2 8 21.8 9 9 8.8 8.5 7.8 7.9 21.4 8 8 20.4 8.6 8.9 9 8.7 8.1 8.1 21.5 8.5 8.1 21.5 9 9 9 8.8 8.5 8.8 23.5 8.6 8.3 23.7 8.8 9 9 8.6 8.2 8.1 24.4 8.4 8 21 9.1 9.1 9.1 8.8 8.5 8.2 22.6 8.2 7.9 21.7 9 8.9 8.9 8.6 7.9 7.7 21.2 8.1 7.8 21.8 9.1 9.1 9.1 8.8 8.3 8.1 23.2 8.4 7.6 21.1 6.4 7.3 7.5 21.1 7.4 7.8 7.8 7.7 12.3 8.7 9 9 9 22.9 7.7 8.1 7.8 7.8 12.2 8.6 9 9 8.9 21.9 7.6 7.7 7.9 7.8 13.4 8.6 9 9 8.8 21 7.5 7.5 7.6 7.7 11.9 8.6 9 9 9 23.5 7.7 8 8 7.6 12.5 8.8 9 9.1 9 22.9 7.8 8.2 8.4 8 14.9 8.5 8.8 8.9 8.9 22.8 7.7 8.1 8.2 7.8 12.1 8.6 9.1 9.1 9 22.7 7.7 7.7 7.5 7.5 13.1 8.6 9.1 9.1 9 22.4 7.5 7.7 7.7 7.6 12 8.9 9.1 9.1 9.1 23.2 7.8 7.8 8.1 7.7 15.4 7.4 6.6 7.3 13.6 7.5 7.4 12.7 7.6 7.6 7.8 8.7 9.1 9.1 14.9 8.7 7.7 13.2 7.8 7.9 7.8 8.8 9 9 14.2 8.4 7.7 13 7.7 7.8 7.9 8.5 9 8.9 13.2 8.2 7.5 11.8 7.5 7.7 7.8 8.8 9.1 9 15.7 8.9 7.9 12.5 7.9 7.7 7.8 8.5 8.9 9.1 14.4 8.6 7.8 13.2 8 8.1 8.1 8.5 8.8 9 14.3 8.7 7.8 14.1 8.2 7.8 7.8 8.8 9 9 13.7 8.6 7.8 11.9 7.6 7.5 7.6 8.6 9.1 8.9 14.6 8.8 7.7 13.1 7.8 7.6 7.7 8.5 9 9 14.8 8.9 7.7 14.7 7.9 7.7 7.5 7.4 6.5 7.3 7.5 7.5 7.8 7.4 19.7 7.6 8 22 9.1 9.1 9.1 8.9 8 7.8 21 7.9 8 22.6 8.9 9 9 8.5 7.8 7.7 20.3 7.9 8.2 22.1 8.9 9 9.1 8.3 7.7 7.5 18.8 7.8 7.9 22.1 9 9.1 9 8.8 8 7.8 19.9 7.8 8 21.6 9 9 9.1 8.7 8.1 7.8 21.7 8.1 8.1 21.7 8.8 9.1 9.1 9 8.3 8 21.6 8 8 21.8 9 9.1 9.1 8.5 7.7 7.4 18.7 7.6 7.8 21.4 9 9.1 9.1 8.8 7.9 7.7 20.1 7.8 7.7 20.4 9 9 9 8.7 8 7.5 21.9 8.1 7.6 18.9 6.6 7.3 7.4 20.2 7.3 7.6 7.9 7.6 13.9 8.9 9.1 9.1 9.1 23.7 7.7 7.9 7.9 7.9 14.5 8.8 9.1 9 8.9 21.9 7.7 7.8 7.8 7.7 13.8 8.6 9 9 9 23.3 7.4 7.7 7.7 7.6 13.6 8.9 9.1 9.1 8.9 23.7 7.7 7.8 8 8.1 13.3 8.8 9.1 9.1 9.1 23.7 7.9 8 8.3 8 13.5 8.7 9.1 9.1 9.1 25 7.9 8.1 7.9 8 13.6 9 9.1 9.1 9 22.2 7.4 7.6 7.5 7.5 12.7 8.9 9 9 9 23.1 7.9 7.9 7.7 7.6 11.5 8.9 9.1 8.9 8.9 21.9 7.7 8 8.2 7.8 12.6 7.4 6.9 7.3 13.3 7.3 7.3 12 7.7 7.6 7.6 7.9 8.8 9 14.7 8.8 7.9 13.8 7.7 7.6 7.4 7.8 8.6 8.9 13.8 8.6 7.8 12.6 7.9 7.8 7.7 8 8.8 8.9 15.2 8.7 7.7 12 7.7 7.5 7.5 8.1 8.7 8.8 15.1 8.6 7.9 12.8 7.9 7.6 7.4 7.8 8.9 9 14.6 8.4 7.8 13.3 8.1 7.9 7.6 8.3 8.7 9.1 16.1 9 8 13.4 8.3 7.9 7.7 8.4 9.1 9.1 13.7 8.6 7.9 12.2 7.9 7.6 7.6 8.4 8.9 8.9 14.2 8.6 7.9 13.1 7.8 7.6 7.5 8 8.7 8.6 13.2 8.9 7.6 11.9 8.1 7.6 7.4 7.3 5.9 7.3 7.3 7.6 7.5 8.1 22.4 7.7 7.7 22.2 8.4 8.8 9.1 8.8 8.1 8.4 23.3 7.7 7.7 21.1 7.8 8.5 8.8 8.5 7.9 8 22.4 7.9 7.9 21.7 8 8.6 9.1 8.6 7.9 8.3 22.2 8 7.8 22.9 8.2 8.7 8.8 8.7 8.1 8.1 22.4 7.7 7.5 22 8.1 8.5 8.9 8.6 8.4 8.4 23.3 8.1 7.8 22.7 8.6 8.9 9.1 9.1 8.6 8.6 23.3 8.2 8 22.8 8.5 8.7 9 8.9 8.5 8.4 22.2 7.7 7.8 22.5 8.7 8.8 8.9 8.9 8.3 8.4 22.1 7.6 7.5 22 8.6 8.7 9 8.8 8.4 8.2 21.7 7.7 7.5 20.4 5.7 7.3 7.3 18.7 7.7 8.9 8.6 8.4 14.6 7.9 8.4 8.6 8.9 20.4 8 9 9 8.4 13.7 7.7 8.3 8.6 8.7 20.2 8 8.7 8.7 8.5 14 8.1 8.2 8.4 8.8 20 7.8 8.8 8.6 8.3 14.7 8.2 8.6 8.7 9 20.3 8.1 8.7 8.5 7.9 14.3 7.8 8.5 8.5 8.9 20.5 8.4 8.8 8.8 8.5 14.6 8.3 8.8 8.8 9.1 21.4 8.8 9 8.9 8.4 14.5 8.3 8.9 8.8 8.9 20.7 8.8 9 8.8 8.1 14.1 8.7 9.1 9 9 20.5 8.8 8.9 8.4 7.8 13.9 8.3 8.9 9 8.9 20.7 8.8 8.9 8.4 7.8 15.3 7.3 5.9 7.3 7.4 8.1 7.8 8.2 8.6 8.3 14.4 22.7 8.2 8.7 9.1 8.8 8 8.3 8.8 8.1 13.3 21.5 7.9 8.5 8.9 8.7 8.2 8.3 9 8.6 13.9 22.1 8 8.4 8.9 8.7 8.1 8.1 8.5 8.1 14.4 22.7 8.2 8.6 9.1 9 8 8.1 8.4 8.1 13.9 21.9 8.2 8.6 9 9 8.2 8.5 8.8 8.4 14.3 22.8 8.5 8.9 9.1 9.1 8.5 8.6 8.9 8.3 14.4 22.6 8.4 8.7 9 9 8.6 8.7 8.9 8.1 14.1 23.3 9 8.8 9 9 8.7 8.6 8.8 7.9 13.1 22.4 8.7 8.5 9.1 9.1 8.4 8.6 8.7 7.7 14.5 20.7 5.7 7.3 13.8 7.7 8.1 13.9 8.4 8.2 7.7 8 8.5 8.9 15.3 8.6 8.4 13.2 8.5 8.1 7.8 8 8.4 8.9 15.8 8.6 8.4 13.8 8.7 8.7 8.1 8 8.5 9 14.4 8.4 8.3 12.7 8.3 7.9 7.5 8.1 8.6 9 13.5 8.4 8.2 12.6 8.4 8 7.4 7.9 8.5 8.9 15.8 9 8.4 12.7 8.6 8.2 7.9 8.2 8.8 9.1 14.4 9 8.5 12.9 9 8.4 7.7 7.9 8.8 9.1 14.5 8.8 8.7 13.9 8.8 8.5 8.4 8.9 9 9.1 14 9 8.7 15.5 8.7 8.2 8 8.4 8.6 8.9 13.8 8.8 8.4 13.9 8.8 8.4 7.4 7.3 5.6 7.3 7.8 22 8 8.5 22 8 7.7 8.4 8.8 9 9.1 23.8 8 8.4 21.2 7.9 7.9 8.4 9 9 9 24.8 8 8.8 22.3 8.3 8.1 8.7 8.9 9.1 8.9 22.6 7.9 8.1 20.1 7.6 7.7 8.2 9.1 9.1 9.1 21.6 7.7 8 20.1 7.5 7.4 8.2 8.9 9 9 24.7 8.1 8.4 21.4 7.8 7.8 8.5 9.1 9.1 9.1 23.2 8.2 8.4 21.4 8 8 8.3 9.1 9.1 9.1 23.7 8.5 8.8 22.9 8.4 8.5 8.9 9.1 9.1 9.1 23.6 8.6 8.6 23.8 8 8.1 8.7 9 9 9 23.2 8.5 8.3 22.3 8 7.6 7.3 6.4 7.3 7.6 7.9 7.6 7.6 7.8 7.8 11.8 19.9 8.7 8.9 9 8.4 7.5 7.4 7.6 7.6 11.3 19.5 8.8 9 9 8.6 7.7 7.7 7.6 7.9 13.9 22 8.8 8.9 9 8.4 7.3 7.4 7.5 7.5 11.7 20 8.8 9 9.1 8.4 7.4 7.3 7.3 7.3 11.5 19.8 8.9 9 9.1 8.9 7.9 8 8 7.9 12 20.7 9.1 9.1 9.1 8.8 7.8 7.6 7.8 7.7 12.1 20.7 9 9.1 9.1 9.1 7.5 7.7 8 7.8 13.6 22.3 9.1 9.1 9.1 9 7.7 7.6 8 7.8 11.7 20.7 8.9 9 9 8.7 7.7 7.7 7.8 7.6 10.9 17 5.9 7.3 13 7.7 7.7 12.7 7.7 7.6 7.6 8.1 8.7 8.8 13.6 8.1 7.6 12.1 7.4 7.5 7.5 8 9 9 14.2 8.2 7.6 13.3 7.5 7.7 7.8 8.4 8.9 8.9 12.2 8.1 7.3 11.7 7.3 7.4 7.5 8.4 9 9 14.2 8.1 7.3 10.9 7.3 7.3 7.3 8.3 8.9 8.8 14.7 8.6 7.8 12.5 7.9 7.6 7.8 8.5 9 9 12.8 8.5 7.7 11.9 7.8 7.4 7.5 8.4 9 8.8 13.2 8.6 7.5 13.6 7.9 7.7 7.7 9 9.1 9 12.9 9.1 7.8 13.6 7.7 7.4 7.4 8.6 9 8.7 13.1 8.6 7.7 13 7.8 7.5 7.5 7.4 5.8 7.3 7.7 20.5 7.8 7.8 19.6 7.5 7.5 8.2 8.9 9 9 21.5 7.5 7.6 18.5 7.4 7.6 8.1 9 9 9 22.6 7.6 7.8 20.6 7.5 7.9 8.4 8.8 9.1 8.9 20.1 7.5 7.5 18.3 7.3 7.7 8.5 9.1 9.1 9.1 22.1 7.5 7.4 17 7.3 7.3 8.1 8.8 8.8 8.8 22.8 7.8 8.1 19.6 7.5 7.8 8.6 9 9.1 9.1 21.3 8 7.8 19.4 7.6 7.9 8.5 9 9 9 21.3 7.8 7.8 20.7 7.7 7.6 8.9 9.1 9.1 8.9 21.1 8 7.5 20 7.4 7.4 8.4 9 8.9 9 22 8.2 7.7 19.8 7.5 7.5 7.3 6.3 7.3 7.5 7.7 7.7 7.6 7.7 7.8 11.6 19.7 8.7 9 8.9 8.3 7.5 7.5 7.7 7.8 11.8 19.7 8.8 9 9.1 8.5 7.5 7.5 7.7 7.8 11.7 19.8 8.7 9.1 9 8 7.4 7.4 7.6 7.6 12.3 20.7 9.1 9 9.1 8.8 7.4 7.3 7.4 7.4 10.4 19.3 8.7 9 8.9 8.8 7.5 7.7 7.8 8.1 11.9 20.4 9.1 9.1 9.1 8.7 7.7 7.7 7.8 8 12.6 21.2 9 9.1 9 8.5 7.6 7.5 8 7.8 13.8 22.6 9.1 9.1 9.1 8.7 7.5 7.4 7.4 7.4 11.1 20 8.9 9.1 8.9 8.8 8.1 7.8 7.9 7.6 10.8 17 6 7.4 13 7.6 7.6 12.1 7.7 7.6 7.6 8.3 9.1 8.9 12.7 7.5 7.4 12.1 7.6 7.6 7.6 8.2 8.9 8.9 13.4 7.7 7.5 12.9 7.6 7.8 7.8 8.1 8.9 8.5 11.5 7.5 7.4 10.9 7.5 7.6 7.7 8.7 9.1 8.9 13.3 7.5 7.4 10.9 7.5 7.5 7.4 8.4 8.9 8.7 12.7 7.9 7.3 12.7 7.6 7.6 7.7 8.5 9.1 8.8 13.6 8 7.6 12.7 7.9 7.7 7.8 8.7 9 8.9 13 8 7.4 12.2 7.9 7.7 7.6 8.9 9.1 8.7 12 7.7 7.3 13 7.7 7.4 7.4 8.8 8.9 8.8 13.4 8.3 7.9 12.1 8 7.6 7.3 7.3 5.9 7.3 7.5 19.6 7.6 7.8 22.1 8.2 8.2 8.6 8.9 8.6 8.2 19.6 7.3 7.4 21.9 7.9 7.8 8.3 8.8 8.7 8.7 20.7 7.4 7.9 21.9 8.2 8 8 8.3 8.6 8 18.5 7.3 7.5 21.4 8.3 8.3 8.6 9.1 9 8.5 20.4 7.4 7.6 20.8 7.9 7.9 8.6 8.8 8.6 8.3 19.9 7.6 7.8 23 8 8.1 8.3 8.9 8.5 8.3 20.9 7.7 8.2 22.5 7.9 7.8 8.4 8.9 8.4 8 20 7.5 7.6 22.1 8 7.9 8.5 9 8.2 7.8 19.2 7.4 7.6 22.4 7.6 7.7 8.6 9.1 8.4 8.1 21.3 7.9 8.1 21.5 7.9 7.6 7.3 6.1 7.3 7.4 7.6 7.6 8 8.9 9.3 13.9 24 8.6 8.8 8.4 7.5 7.5 7.6 8.4 9 14.1 24.1 8.4 8.8 8.9 8 7.8 8 8.9 9.4 12.3 21.4 8 8.5 8.5 7.6 7.5 7.7 8.8 8.9 14.4 24.7 8.8 9 8.7 7.8 7.6 7.9 8.4 8.9 14.1 24.1 8.7 8.8 8.7 7.9 7.7 8 8.6 9 14.2 23.5 8.8 8.6 8.5 7.9 8 8 8.8 8.8 13.5 23.4 8.7 8.5 8.2 7.9 7.6 7.8 8.5 8.5 13.2 22.9 9 8.7 8.2 7.8 7.8 7.6 8.1 8.6 14.6 24.4 9 8.8 8.5 8.1 8.1 8.2 8.3 8.5 12.8 19.2 6.3 7.4 7.4 18.9 7.5 8 9 9.1 13.9 9 8.8 8.7 8.1 19.6 7.4 7.6 8.7 8.9 14 8.8 8.7 8.8 8.6 22.5 7.9 8.1 9.2 9.1 12.4 9 8.5 8.3 8.3 23.1 7.6 8.2 8.9 8.9 14.3 9.1 9.1 9 8.5 21.5 7.5 8.1 8.5 9 14.2 8.8 8.7 8.8 8.4 20.6 7.8 8 8.7 8.7 14.4 8.9 9.1 8.6 8.2 19.5 7.7 8 9 8.4 13.8 9.2 9.1 8.5 8 20.3 7.6 8 8.7 8.1 13 9.1 9.1 8.6 8 20.9 7.6 7.8 8.6 7.9 14.5 9.2 9.1 8.9 8.2 20.2 7.9 7.9 8.7 7.9 13.4 7.5 6.4 7.4 12.6 7.6 8 12.2 9 9.2 9 8.7 9.1 8.8 12.1 7.8 7.8 14.3 8.6 8.9 8.5 8.8 8.9 8.9 14.2 8.5 8.3 15.2 8.9 9.1 8.8 8.6 9.1 8.9 15.3 8.4 8.3 14.5 8.9 8.7 8.6 8.9 9.1 9 14.1 8.2 7.9 12.9 8.5 8.5 8.3 8.7 9 9.1 13.2 8.3 8.1 12.3 8.7 8.7 8.5 8.7 9.1 8.9 11.9 8 7.9 13 8.8 8.6 8.3 9.2 9.1 8.8 12.4 8.1 8 15.1 9 8.5 8.5 9.1 9.1 8.9 12.9 8.3 7.9 13.2 8.7 8.1 8.2 8.9 9.1 8.8 12.2 8.4 8.1 13.5 8.7 8.3 7.8 7.4 6.4 7.4 7.9 8.1 8.4 8.7 22.1 8.5 8.3 23.7 8.9 9.1 8.9 8.1 7.9 8.2 23 8.3 8 20.9 8.8 9 9 8.7 8.2 8.4 23.9 8.6 8.2 22.9 8.9 9.1 9.1 8.7 8.7 8.5 24.4 8.4 8.2 22.1 9.1 9.1 9.1 8.6 8.2 8.2 22 8.4 8.3 20.9 8.9 9.1 9 8.8 8.3 8.3 21.6 8.4 8.3 22.1 9.1 9 9 8.7 8.2 8.2 22.4 8.4 7.9 21.5 9.1 9 9.1 8.8 8.4 8.4 23.8 8.3 8.1 21.7 9.1 9.1 9.1 9 8.4 8.1 23.2 8.3 7.8 23 9.1 9.1 8.9 8.9 8.5 7.9 22.6 8.2 7.5 19.5 6.2 7.5 7.8 23.1 7.9 7.9 8.1 7.8 15 8.7 9 9 8.9 22.1 7.5 7.8 7.9 7.7 12.5 8.8 9.1 9.1 9 23.9 7.6 8.3 8.3 8 13.8 8.8 9.1 9.1 8.9 24.3 8.1 8.1 8.3 7.9 13.2 8.7 9.1 9.1 9.1 23.3 7.9 8 8.3 7.9 12.2 8.6 9 9.1 9 23.9 8 8 8 7.7 12.9 8.6 9.1 9 9 24 7.9 8.1 8 7.8 12.1 8.5 9.1 9.1 8.9 21.9 7.8 8 8.1 7.8 12.7 8.8 9.1 9.1 9.1 23 7.9 7.8 7.8 7.5 14 8.9 9 9 8.9 21.2 8.1 7.9 7.9 7.7 14 7.3 6.3 7.4 15.4 8.1 7.8 13 7.8 7.7 7.8 8.3 8.9 9 14 8.6 7.6 13.6 7.6 7.5 7.7 8.7 9.1 9.1 15.7 8.6 7.8 13 7.9 8 7.9 8.6 9.1 9.1 15.4 8.6 7.9 14.2 8.1 8.1 8 8.6 9 9 14.7 8.8 7.8 12.6 8 7.9 8 8.3 9 9 15.2 8.9 8.1 12.1 7.9 7.7 7.6 8.5 9.1 9 15.9 9 8 14.9 8 7.8 7.8 8.5 9.1 9 13.1 9 7.8 13.7 8 7.8 7.9 8.7 9.1 9.1 13.8 8.9 7.6 14.6 7.8 7.5 7.5 8.9 9 9.1 12.7 8.7 7.9 12.9 7.9 7.4 7.3 7.3 6.3 7.4 7.9 7.9 7.8 7.7 20.6 7.7 8.1 21.7 9 9 9 8.8 8 7.8 21.2 7.8 7.9 21.6 9 9.1 9.1 8.5 8 8 21.2 8 8.1 23 9 9.1 9.1 8.5 8.3 8 21.4 8.1 8.1 21.5 9 9.1 9.1 8.8 8.2 7.9 20.2 8.1 8 21.2 8.9 9.1 9.1 8.8 8.1 7.9 20.1 7.8 8 20.6 9.1 9.1 9 9 8.4 8.1 22.5 8 7.8 21.3 9.1 9.1 9.1 9 7.9 7.8 20.5 7.9 7.9 21.7 9 9.1 9 8.8 7.9 7.6 21.5 7.5 7.5 21.6 9 9.1 9.1 8.8 8.1 7.7 20.5 7.6 7.3 18.1 6.3 7.4 7.7 21.5 7.4 7.6 7.8 7.8 13.7 8.6 9 9.1 9.1 24.5 7.7 8.3 8 7.8 13.4 8.9 9.1 9.1 9 23.8 7.9 8 8.2 8.1 14.5 8.8 9.1 9.1 8.9 23.7 7.8 8.2 8.2 7.8 13 8.9 9.1 9.1 9.1 24.7 7.9 7.8 8 8 13.4 8.5 9 9 8.9 22.5 7.8 8 8.1 7.9 12.5 8.7 9.1 9.1 9 24.4 7.9 8 8 7.8 13.1 8.6 9.1 9.1 9 23.7 7.8 7.9 8.1 7.8 13 8.8 9.1 9 9 22.3 7.6 7.8 7.8 7.4 13.2 8.9 9.1 9.1 9 23.2 7.9 7.9 8 7.4 12.5 7.3 6.5 7.3 13.5 7.6 7.4 12.7 7.5 7.5 7.5 7.6 8.5 9 16.6 8.8 7.7 14.1 7.9 7.7 7.5 7.7 8.7 9.1 15.1 8.5 8 14.6 8.2 8 7.4 7.7 8.7 9 15.6 8.6 7.8 12.4 7.9 7.8 7.6 8 8.9 9.1 16.3 9 7.9 13.2 8 7.6 7.4 7.6 8.5 8.9 13.9 8.8 7.8 11.7 8 7.5 7.4 7.8 8.9 9.1 15.7 9 8.2 12.2 7.7 7.7 7.5 7.8 8.7 9 15.2 9 7.8 11.9 7.9 7.5 7.5 8.1 8.8 9.1 12.8 8.8 7.5 13 7.9 7.3 7.3 8 8.8 9.1 14.5 9 7.8 14.2 8 7.4 7.3 7.3 5.8 7.3 7.8 7.7 7.6 7.9 21.7 7.7 7.5 20.4 7.6 8.4 9.1 8.9 7.8 8.4 23.9 7.8 7.7 21.4 7.7 8.7 9.1 8.7 8.2 8.2 24.2 8 7.4 20.8 7.7 8.5 9.1 8.5 8.4 8.5 23 7.9 7.7 23.2 8.5 9.1 9.1 9 8.4 8.5 22.3 7.5 7.5 20.6 8 8.5 9 8.6 8.1 8.7 22.4 7.7 7.6 21.9 8.5 8.9 9 9 8.7 8.8 21.6 7.9 7.5 20.8 8.4 8.8 9.1 9 8.6 8.8 21.9 7.8 7.5 23 8.7 9 9 8.8 8.4 8.4 22.4 7.4 7.4 21.6 8.6 8.9 9.1 8.8 8.6 8.5 23.3 7.4 7.4 18.6 5.6 7.4 7.6 18.7 7.6 8.7 8.3 8.1 13.1 7.7 8 8.3 8.7 20.9 7.7 9 8.7 8.3 13.7 7.8 8.1 8.6 8.9 20.6 7.9 9.1 9 8.5 13.2 7.8 8.2 8.7 8.7 20.1 8.1 8.8 8.7 8.4 15.2 8.1 8.7 8.9 8.9 21.8 8.6 9.1 8.6 7.7 12.8 7.7 8.6 8.5 8.6 20.1 8.2 9 9 8.4 14 8.2 8.9 8.9 9 22.2 8.6 9.1 9 8.3 13 8.1 8.6 8.9 8.9 21.1 8.7 9 8.7 8 14.5 8.5 8.9 8.8 9 20.4 8.8 8.8 8.8 7.7 13.4 8.2 8.8 8.7 8.9 21 8.8 9 8.7 7.5 13.5 7.3 5.7 7.3 7.6 8 7.8 7.8 8.3 8 12.7 20.9 7.8 8.2 9 9 8.1 8.4 9 8.4 13.6 21.5 8.1 8.5 9 9.1 8 8.2 9 8.6 12.8 21.1 8.3 8.5 8.9 8.9 8.3 8.2 8.6 8.3 14.7 23.3 8.6 8.9 9.1 9 8.5 8.4 8.8 8.2 12.2 20.7 8.2 8.5 9 8.7 8.4 8.4 8.9 8.5 14 22.8 8.8 8.9 9 9 8.5 8.7 8.9 8.5 12.7 21.6 8.6 8.7 9.1 9 8.4 8.5 8.7 8.2 14.6 23.6 8.7 8.7 9 8.9 8.7 8.6 8.8 7.9 13.1 22 8.6 8.5 9.1 9.1 8.7 8.9 8.9 7.9 13 19.2 5.7 7.4 14.3 7.7 8 13.7 8.2 8.1 7.7 7.8 8.3 8.8 13.7 8.7 8.7 14.2 8.7 8.4 7.6 7.7 8.3 9 14.3 8.6 8.5 14.6 8.8 8.2 7.8 8 8.5 9 15.6 8.8 8.6 13.4 8.5 8.5 8 8.2 8.5 8.9 13.3 8.6 8.5 16 8.8 8.4 7.7 8 8.6 8.9 14 8.6 8.6 14.4 8.7 8.5 8.1 8.4 8.8 9 15.7 8.9 8.6 15.4 8.9 9 8.5 8.3 8.2 9 14.2 8.8 8.4 14.3 9 8.7 8.5 8.6 8.7 8.8 14.7 8.8 8.6 13.8 8.8 8.2 8 8.4 8.8 8.8 14.9 8.9 8.7 13.8 9 8.2 7.5 7.3 5.5 7.4 7.8 21.4 7.8 7.8 20.8 7.7 7.7 8.3 8.8 8.9 9 23.2 7.8 8.5 21.7 7.6 7.5 8.2 9 9.1 9.1 24 7.8 8.6 22.7 7.9 7.9 8.1 9 9 9 24.8 8.3 8.7 21.8 8 8 8.3 9 9.1 9.1 22.7 8.3 8.5 24.4 8.1 8.1 8.4 9 9.1 9 23.2 8.6 8.7 23.3 8.3 8.1 8.5 9 9.1 9 24.7 8.4 8.9 24 8.5 8.5 8.4 8.8 9.1 9.1 22.9 8.3 8.6 23.3 8.4 8.4 8.6 9 9 9.1 24.4 8.4 8.5 21.9 8.1 8 8.6 9 9.1 9 24.4 8.5 8.7 21.2 8.3 7.6 7.3 6.5 7.4 7.5 7.8 7.6 7.6 7.8 7.7 11.4 19.7 8.6 8.8 8.9 8.7 7.6 7.5 7.9 7.6 11.7 19.3 8.6 9.1 9.1 9 7.7 7.6 7.8 7.9 12.7 20.7 8.9 9 9.1 8.9 7.7 7.7 8 7.8 11.1 19.5 8.8 9.1 9.1 8.8 8 7.8 7.9 8 11.5 20.3 8.9 9.1 9.1 8.9 8.1 7.9 8.4 7.8 12.3 20.9 9.1 9.1 9.1 8.7 7.8 7.7 7.9 7.8 11.8 20.2 8.8 9 9.1 8.7 7.5 7.6 8 7.5 13.3 21.7 9 9 9 8.8 8 7.9 8 7.6 11 19.9 9.1 9.1 9.1 8.9 7.9 7.6 8 7.3 10.6 16.6 6.3 7.4 13.4 7.6 7.7 11.8 7.6 7.6 7.6 8 8.7 8.9 14.8 8.3 7.7 12.2 7.3 7.3 7.3 7.8 8.8 9 15 8.3 7.7 14.5 7.6 7.6 7.6 8.4 8.9 9 15.4 8.4 7.7 12.4 7.5 7.4 7.5 8.3 9 9.1 12.9 8.5 7.8 14.3 7.8 7.9 7.9 8.7 9 9.1 13.1 8.6 7.8 14 7.9 7.6 7.9 8.7 9 9.1 12.9 8.4 7.8 13.5 7.7 7.5 7.5 8.6 9 8.9 12.9 8.2 7.5 12.8 7.6 7.5 7.7 8.7 9 9.1 15.6 8.8 7.9 13.6 7.5 7.5 7.5 8.6 9 9.1 14.2 8.9 7.7 14.4 7.9 7.3 7.3 7.3 6.1 7.4 7.6 20.3 7.6 7.7 18.2 7.4 7.5 8.1 8.8 8.9 9 22.7 7.5 7.5 18.4 7.3 7.3 7.8 8.9 9.1 9.1 23.5 7.6 7.7 21.2 7.5 7.7 8.3 9 9 9.1 23.9 8 7.7 19.1 7.3 7.3 8.3 8.9 9.1 9.1 22.9 8 7.9 21.2 7.7 8.1 8.4 9.1 9.1 9.1 22.9 8.1 7.9 21.5 7.7 7.8 8.5 9 9.1 9.1 22.3 8.1 7.8 20.5 7.4 7.5 8.1 9.1 9.1 9.1 21 7.7 7.6 19.5 7.5 7.5 8.6 9 9.1 9.1 24.3 8.2 8 20.9 7.7 7.5 8.4 9.1 9.1 9.1 23.5 8.2 8 21.7 7.5 7.3 7.3 6.5 7.4 7.8 7.8 7.6 7.6 7.7 7.7 11.2 19.3 8.6 9.1 9.1 8.7 7.3 7.3 7.4 7.3 11.5 19.4 8.8 9.1 9.1 8.5 7.5 7.6 7.7 7.8 11.7 19.6 8.9 9.1 9.1 9 7.7 7.4 7.6 7.5 12.1 19.7 8.9 9.1 9.1 8.7 7.6 7.6 8 8 13.1 21 9.1 9.1 9.1 8.8 7.8 7.7 7.9 7.8 12.4 20.1 9 9.1 9.1 8.9 7.9 7.5 7.6 7.6 11.5 19.5 9 9.1 9.1 8.8 7.4 7.5 7.5 7.5 11.7 20.2 9 9.1 9.1 8.8 7.8 7.6 8 7.8 13 20.9 9.1 9.1 9.1 8.9 8.2 7.6 7.9 7.6 13.7 18.7 6.6 7.4 14.2 7.7 7.6 11.5 7.4 7.3 7.3 7.4 7.9 8.1 13.2 7.6 7.3 10.7 7.3 7.3 7.3 7.3 8 8.4 14.3 7.6 7.4 11.7 7.5 7.5 7.4 7.6 7.9 8.3 15.6 8.1 7.4 11.5 7.3 7.3 7.3 7.4 8.1 8.7 13.8 7.9 7.6 13.9 7.5 7.4 7.3 8.1 8.9 8.9 14.2 7.8 7.3 14.4 7.3 7.3 7.3 7.6 8.4 8.4 14.4 8.1 7.5 14.2 7.4 7.4 7.4 7.5 8 8.4 12.8 7.7 7.4 11.1 7.4 7.3 7.3 8.2 8.5 8.6 13.9 8.1 7.5 13.9 7.5 7.4 7.4 7.8 8.6 8.4 13.7 8.4 7.5 14.9 7.5 7.3 7.3 7.3 5.6 7.3 7.4 20.1 7.4 7.4 17.3 7.3 7.2 7.3 7.3 7.3 7.6 18.3 7.3 7.3 16.3 7.3 7 7.3 7.3 7.3 7.5 19.7 7.4 7.4 17.2 7.4 7.1 7.3 7.3 7.4 7.7 21.2 7.3 7.3 17.2 7.3 7.2 7.2 7.3 7.4 7.5 20.1 7.3 7.3 19.6 7.3 7.3 7.4 7.4 7.4 7.6 20.5 7.3 7.3 20 7.3 7.3 7.3 7.4 7.3 7.6 20.6 7.3 7.3 19.7 7.4 7.3 7.3 7.3 7.3 7.4 18.8 7.3 7.3 17.1 7.3 7.2 7.3 7.3 7.5 7.6 20.3 7.3 7.3 19.4 7.3 7.1 7.3 7.3 7.3 7.3 20.2 7.3 7.3 19.4 7.3 6.6 5.5 5.5 5.5 6.6 6.9 6.5 6.9 6.1 5.7 8.6 15.1 5.5 6.2 7 7 6.1 6.3 6 5.7 9.6 16 5.6 6.1 7 6.8 6 6.2 6 6 8.1 15.1 5.6 6.3 7.3 7.2 6.4 6.2 6.1 5.5 8.8 15.3 5.7 6.4 7.1 7 6.4 6.4 6.3 6 11.4 18 5.8 6.9 7.3 7.1 6.1 6.3 6.1 5.8 9.3 16.2 5.7 6.4 7.2 7.1 6.3 6.3 5.9 5.6 9.7 16.3 5.6 6.5 7.3 7.2 6.4 5.9 5.7 5.6 11 18 6.2 6.9 7.2 7.1 6.7 6.5 6.1 5.7 9.5 16.4 6.1 7.2 7.2 7.2 6.9 6.8 6.1 5.5 7.6 12 3.7 

</Matrix>
   <Matrix name="burstinessHist" type="complete" rows="1" columns="20" multiplier="1.0">
   2038 2097 2048 2155 2110 2170 2078 2108 2129 2149 117826 110963 110964 61520 106823 109864 110316 66520 102379 109026 
</Matrix>
   <Matrix name="spikesHistory" type="complete" rows="1" columns="2000" multiplier="1.0">
   0 0 0 0 0 0 8 16 17 14 19 22 16 29 30 20 17 20 31 20 24 22 26 21 24 27 19 29 24 25 26 19 23 21 24 17 27 17 25 25 16 21 15 19 29 20 25 19 19 24 25 16 15 21 24 24 26 22 26 15 15 25 20 21 19 20 28 22 19 26 13 19 20 29 19 25 27 25 19 16 25 24 14 25 20 27 16 18 27 20 24 27 24 23 29 26 16 13 24 24 19 23 27 20 15 17 19 24 25 13 20 22 27 21 21 16 28 22 20 22 27 22 26 20 29 17 16 25 28 11 24 14 20 23 19 26 24 18 21 14 12 14 20 17 32 25 17 22 28 22 20 29 25 17 22 23 24 23 19 20 18 23 19 24 25 15 23 21 24 15 17 17 19 17 32 27 27 22 22 19 15 24 12 22 20 24 19 25 16 32 22 18 18 20 20 19 15 20 19 15 16 19 18 32 13 17 34 28 23 16 16 23 17 22 24 23 23 12 21 26 25 16 27 12 14 13 17 30 26 24 22 25 22 20 20 20 17 23 14 15 22 28 22 22 20 19 32 27 16 11 12 19 15 25 32 22 16 21 29 14 19 24 17 22 24 12 22 20 24 21 17 23 25 24 21 14 20 24 17 22 19 20 17 9 24 20 25 21 20 26 22 15 26 16 17 20 15 23 17 15 19 21 23 24 21 20 31 27 21 27 21 23 20 26 25 27 16 22 21 17 26 12 16 22 27 36 18 23 25 28 20 19 16 18 22 26 28 24 21 24 14 8 17 23 21 17 24 23 23 28 18 19 26 31 26 19 16 18 17 24 25 23 28 18 23 20 21 16 17 26 19 29 14 21 22 19 24 26 22 28 27 22 24 19 20 17 11 26 11 21 24 23 20 18 17 25 18 18 20 18 26 22 17 20 13 22 18 22 19 23 25 22 22 18 27 15 19 23 30 19 21 31 19 24 17 16 23 19 13 27 24 14 17 19 23 23 20 22 19 31 24 20 20 18 23 18 27 14 22 23 19 24 20 16 20 24 14 20 23 15 11 20 28 29 19 23 21 16 17 22 22 20 26 27 23 14 28 17 18 25 26 22 17 16 25 19 18 24 23 20 27 25 17 22 27 19 30 22 23 14 25 25 26 14 23 15 24 26 25 16 24 20 18 14 24 28 20 19 20 23 26 21 17 26 20 19 24 21 21 20 26 16 27 12 17 27 28 20 23 21 18 21 20 15 22 30 19 21 29 24 19 34 25 22 23 18 21 16 33 15 23 26 17 21 16 20 22 16 22 32 25 19 17 24 22 20 24 25 18 22 28 32 21 21 19 26 20 20 22 27 17 28 21 20 24 13 18 17 24 15 25 19 29 21 23 12 24 23 21 23 19 23 21 22 10 27 25 21 17 19 15 19 22 18 24 23 20 12 19 18 22 21 18 18 24 20 24 22 18 18 26 25 19 26 11 32 20 25 20 23 27 25 33 16 21 17 22 17 16 26 16 26 18 17 17 24 27 14 25 22 22 24 24 22 9 17 21 18 18 20 21 25 33 12 32 18 17 14 17 23 20 27 20 18 20 20 19 24 19 12 20 17 15 15 22 17 28 19 24 23 20 20 17 21 24 18 21 25 21 21 20 27 22 18 24 21 26 16 23 24 18 29 26 19 15 24 27 15 23 29 17 17 23 30 22 24 21 28 22 22 22 17 14 18 17 20 14 15 21 22 17 25 24 20 19 23 25 21 23 14 24 16 25 17 31 21 20 22 18 29 27 22 15 24 26 21 20 26 25 19 23 16 21 17 22 19 23 18 14 16 24 31 21 32 28 26 12 21 24 17 16 18 20 24 22 17 20 30 19 27 16 22 24 14 20 28 24 28 16 18 26 22 24 24 20 21 18 22 26 20 28 22 20 15 22 32 19 12 19 22 20 25 18 20 21 17 21 23 26 17 26 15 19 17 23 29 15 16 21 23 16 24 25 27 18 24 29 21 15 18 34 23 19 21 25 18 20 20 18 18 25 15 21 18 16 21 20 19 16 20 20 19 17 23 16 23 10 27 28 17 26 17 19 28 21 22 19 21 21 19 22 22 20 21 24 28 24 18 18 27 15 25 23 18 20 23 19 14 12 16 27 23 30 23 23 20 23 23 14 26 27 13 26 26 18 23 22 20 30 28 24 25 19 23 27 26 18 21 18 23 21 9 30 16 12 17 23 19 24 29 21 18 15 22 18 18 24 31 23 32 19 17 23 22 13 22 24 32 22 22 1021 10679 24168 18758 4856 228 0 0 0 0 0 1 3 9 34 34 44 56 69 106 68 54 44 63 80 77 80 55 61 81 64 76 57 71 89 66 52 68 40 56 71 81 85 103 89 69 77 28 41 125 227 812 1704 2599 3653 4782 5996 6849 6992 6023 5095 4214 2731 1334 527 84 19 20 18 34 38 44 53 58 60 57 73 111 66 80 53 72 60 37 52 63 63 72 73 58 54 48 86 84 125 77 69 57 44 89 91 43 70 64 52 73 120 57 97 75 108 62 266 1104 2942 5218 7287 9162 9290 7029 4706 3145 1971 977 340 64 10 11 17 34 39 53 38 53 68 88 84 66 49 37 65 73 63 97 73 60 72 58 46 69 55 80 80 63 51 45 42 92 72 54 58 92 137 88 116 139 422 1497 3045 4019 4246 4625 5083 5241 4655 3909 3714 3665 3482 2744 1554 804 356 54 22 37 20 35 44 56 90 62 75 59 62 66 59 57 55 49 42 63 80 70 62 86 121 79 55 64 79 79 99 66 63 42 60 76 60 108 306 838 1664 2688 3383 3881 4691 5396 5628 5286 5235 4808 3888 3148 1661 399 37 14 19 19 37 31 64 46 51 50 63 84 43 43 72 63 66 81 55 67 67 63 66 50 79 70 49 75 59 77 114 68 58 68 53 35 56 60 76 73 71 80 148 94 114 63 142 343 953 1920 2995 3729 4032 3990 4173 4963 5925 6531 5711 4106 2341 1178 535 152 33 18 54 50 29 29 61 67 41 92 90 49 55 82 49 35 41 61 70 59 63 74 61 44 69 64 84 120 71 77 61 91 72 108 72 39 35 73 58 105 236 744 1730 3172 4875 5941 6411 7027 6991 5412 3503 2428 1793 1415 1027 432 53 15 20 45 26 44 48 73 61 80 62 52 51 71 77 67 72 34 55 55 82 79 88 61 69 61 64 33 65 98 54 89 58 72 49 73 66 52 85 140 172 253 951 2002 3378 4755 5354 6096 6526 6380 6538 5650 3343 1165 229 40 6 5 18 25 32 27 37 49 78 64 63 54 99 109 36 84 72 51 59 45 59 27 59 86 97 78 70 59 71 51 81 105 77 68 51 31 29 77 64 62 107 109 106 80 76 63 235 936 2014 3308 4180 5195 6773 8026 7680 5783 3447 2053 1526 1118 614 124 12 18 18 49 38 37 52 53 39 60 64 55 102 66 55 45 78 77 74 93 63 59 54 94 82 64 66 75 68 100 83 75 102 74 54 57 71 81 78 94 198 587 1387 2448 3758 5214 6209 6483 6578 5842 4895 3387 2209 1560 1074 723 392 92 20 26 33 57 69 65 57 39 52 72 48 40 56 51 89 60 71 107 90 70 72 92 41 74 60 53 53 64 85 44 62 66 79 88 91 52 81 196 652 1780 3484 5387 6706 7762 8016 7186 5205 3235 1653 833 434 114 14 15 21 20 30 40 51 51 113 63 46 57 60 51 60 86 83 38 50 61 71 82 60 74 75 67 58 64 64 49 40 45 122 83 71 76 67 76 103 62 64 92 68 87 77 99 114 581 1797 3615 5744 7349 7940 7660 7090 5520 3206 1507 771 289 48 8 4 27 40 47 65 67 45 69 76 71 69 54 27 53 58 56 67 53 68 73 80 73 57 75 53 41 38 65 95 52 76 78 43 89 83 121 342 905 2085 3894 5782 6809 7112 6920 5693 4195 2813 2045 1654 1173 832 384 90 13 19 22 50 49 45 85 68 73 58 46 80 62 47 80 94 87 62 29 52 77 89 70 32 28 63 111 78 60 61 96 53 68 93 69 68 73 62 102 46 91 159 539 1413 2774 4672 6390 7994 8664 7366 4699 2739 1974 1472 1166 849 331 60 21 34 20 35 83 70 73 58 51 68 60 85 78 67 57 61 45 47 62 72 65 51 72 84 41 84 102 60 78 97 96 77 64 52 52 59 101 142 188 558 1501 2433 3457 5569 8054 9340 8265 5699 3554 2272 1200 403 59 16 17 18 15 29 41 56 45 50 96 79 105 71 66 61 40 56 24 84 65 78 76 80 30 69 84 78 60 69 117 120 68 57 41 31 65 85 97 111 81 57 211 621 1575 3079 4534 5492 6408 6475 5612 4732 3861 3544 2879 2033 1496 761 188 17 25 17 21 43 52 53 78 55 67 68 49 55 64 76 97 79 99 83 39 29 33 59 71 68 102 76 40 55 53 81 71 95 77 91 80 142 478 1281 2296 3384 4503 5818 7067 7573 6783 6135 4298 1828 496 83 7 10 15 17 21 40 61 83 76 81 50 52 44 38 53 59 87 75 41 41 81 126 87 59 60 33 29 36 96 95 53 81 77 92 104 68 74 100 117 60 72 171 546 1930 3892 5556 6666 6704 6599 6576 5663 3946 2483 1337 450 68 10 32 28 39 41 39 49 50 55 107 98 70 46 33 38 54 89 95 62 42 83 51 63 41 65 
</Matrix>
   <Matrix name="xloc" type="complete" rows="1" columns="10000" multiplier="1.0">
   0 1 2 3 4 5 6 7 8 9 10 11 12 13 14 15 16 17 18 19 20 21 22 23 24 25 26 27 28 29 30 31 32 33 34 35 36 37 38 39 40 41 42 43 44 45 46 47 48 49 50 51 52 53 54 55 56 57 58 59 60 61 62 63 64 65 66 67 68 69 70 71 72 73 74 75 76 77 78 79 80 81 82 83 84 85 86 87 88 89 90 91 92 93 94 95 96 97 98 99 0 1 2 3 4 5 6 7 8 9 10 11 12 13 14 15 16 17 18 19 20 21 22 23 24 25 26 27 28 29 30 31 32 33 34 35 36 37 38 39 40 41 42 43 44 45 46 47 48 49 50 51 52 53 54 55 56 57 58 59 60 61 62 63 64 65 66 67 68 69 70 71 72 73 74 75 76 77 78 79 80 81 82 83 84 85 86 87 88 89 90 91 92 93 94 95 96 97 98 99 0 1 2 3 4 5 6 7 8 9 10 11 12 13 14 15 16 17 18 19 20 21 22 23 24 25 26 27 28 29 30 31 32 33 34 35 36 37 38 39 40 41 42 43 44 45 46 47 48 49 50 51 52 53 54 55 56 57 58 59 60 61 62 63 64 65 66 67 68 69 70 71 72 73 74 75 76 77 78 79 80 81 82 83 84 85 86 87 88 89 90 91 92 93 94 95 96 97 98 99 0 1 2 3 4 5 6 7 8 9 10 11 12 13 14 15 16 17 18 19 20 21 22 23 24 25 26 27 28 29 30 31 32 33 34 35 36 37 38 39 40 41 42 43 44 45 46 47 48 49 50 51 52 53 54 55 56 57 58 59 60 61 62 63 64 65 66 67 68 69 70 71 72 73 74 75 76 77 78 79 80 81 82 83 84 85 86 87 88 89 90 91 92 93 94 95 96 97 98 99 0 1 2 3 4 5 6 7 8 9 10 11 12 13 14 15 16 17 18 19 20 21 22 23 24 25 26 27 28 29 30 31 32 33 34 35 36 37 38 39 40 41 42 43 44 45 46 47 48 49 50 51 52 53 54 55 56 57 58 59 60 61 62 63 64 65 66 67 68 69 70 71 72 73 74 75 76 77 78 79 80 81 82 83 84 85 86 87 88 89 90 91 92 93 94 95 96 97 98 99 0 1 2 3 4 5 6 7 8 9 10 11 12 13 14 15 16 17 18 19 20 21 22 23 24 25 26 27 28 29 30 31 32 33 34 35 36 37 38 39 40 41 42 43 44 45 46 47 48 49 50 51 52 53 54 55 56 57 58 59 60 61 62 63 64 65 66 67 68 69 70 71 72 73 74 75 76 77 78 79 80 81 82 83 84 85 86 87 88 89 90 91 92 93 94 95 96 97 98 99 0 1 2 3 4 5 6 7 8 9 10 11 12 13 14 15 16 17 18 19 20 21 22 23 24 25 26 27 28 29 30 31 32 33 34 35 36 37 38 39 40 41 42 43 44 45 46 47 48 49 50 51 52 53 54 55 56 57 58 59 60 61 62 63 64 65 66 67 68 69 70 71 72 73 74 75 76 77 78 79 80 81 82 83 84 85 86 87 88 89 90 91 92 93 94 95 96 97 98 99 0 1 2 3 4 5 6 7 8 9 10 11 12 13 14 15 16 17 18 19 20 21 22 23 24 25 26 27 28 29 30 31 32 33 34 35 36 37 38 39 40 41 42 43 44 45 46 47 48 49 50 51 52 53 54 55 56 57 58 59 60 61 62 63 64 65 66 67 68 69 70 71 72 73 74 75 76 77 78 79 80 81 82 83 84 85 86 87 88 89 90 91 92 93 94 95 96 97 98 99 0 1 2 3 4 5 6 7 8 9 10 11 12 13 14 15 16 17 18 19 20 21 22 23 24 25 26 27 28 29 30 31 32 33 34 35 36 37 38 39 40 41 42 43 44 45 46 47 48 49 50 51 52 53 54 55 56 57 58 59 60 61 62 63 64 65 66 67 68 69 70 71 72 73 74 75 76 77 78 79 80 81 82 83 84 85 86 87 88 89 90 91 92 93 94 95 96 97 98 99 0 1 2 3 4 5 6 7 8 9 10 11 12 13 14 15 16 17 18 19 20 21 22 23 24 25 26 27 28 29 30 31 32 33 34 35 36 37 38 39 40 41 42 43 44 45 46 47 48 49 50 51 52 53 54 55 56 57 58 59 60 61 62 63 64 65 66 67 68 69 70 71 72 73 74 75 76 77 78 79 80 81 82 83 84 85 86 87 88 89 90 91 92 93 94 95 96 97 98 99 0 1 2 3 4 5 6 7 8 9 10 11 12 13 14 15 16 17 18 19 20 21 22 23 24 25 26 27 28 29 30 31 32 33 34 35 36 37 38 39 40 41 42 43 44 45 46 47 48 49 50 51 52 53 54 55 56 57 58 59 60 61 62 63 64 65 66 67 68 69 70 71 72 73 74 75 76 77 78 79 80 81 82 83 84 85 86 87 88 89 90 91 92 93 94 95 96 97 98 99 0 1 2 3 4 5 6 7 8 9 10 11 12 13 14 15 16 17 18 19 20 21 22 23 24 25 26 27 28 29 30 31 32 33 34 35 36 37 38 39 40 41 42 43 44 45 46 47 48 49 50 51 52 53 54 55 56 57 58 59 60 61 62 63 64 65 66 67 68 69 70 71 72 73 74 75 76 77 78 79 80 81 82 83 84 85 86 87 88 89 90 91 92 93 94 95 96 97 98 99 0 1 2 3 4 5 6 7 8 9 10 11 12 13 14 15 16 17 18 19 20 21 22 23 24 25 26 27 28 29 30 31 32 33 34 35 36 37 38 39 40 41 42 43 44 45 46 47 48 49 50 51 52 53 54 55 56 57 58 59 60 61 62 63 64 65 66 67 68 69 70 71 72 73 74 75 76 77 78 79 80 81 82 83 84 85 86 87 88 89 90 91 92 93 94 95 96 97 98 99 0 1 2 3 4 5 6 7 8 9 10 11 12 13 14 15 16 17 18 19 20 21 22 23 24 25 26 27 28 29 30 31 32 33 34 35 36 37 38 39 40 41 42 43 44 45 46 47 48 49 50 51 52 53 54 55 56 57 58 59 60 61 62 63 64 65 66 67 68 69 70 71 72 73 74 75 76 77 78 79 80 81 82 83 84 85 86 87 88 89 90 91 92 93 94 95 96 97 98 99 0 1 2 3 4 5 6 7 8 9 10 11 12 13 14 15 16 17 18 19 20 21 22 23 24 25 26 27 28 29 30 31 32 33 34 35 36 37 38 39 40 41 42 43 44 45 46 47 48 49 50 51 52 53 54 55 56 57 58 59 60 61 62 63 64 65 66 67 68 69 70 71 72 73 74 75 76 77 78 79 80 81 82 83 84 85 86 87 88 89 90 91 92 93 94 95 96 97 98 99 0 1 2 3 4 5 6 7 8 9 10 11 12 13 14 15 16 17 18 19 20 21 22 23 24 25 26 27 28 29 30 31 32 33 34 35 36 37 38 39 40 41 42 43 44 45 46 47 48 49 50 51 52 53 54 55 56 57 58 59 60 61 62 63 64 65 66 67 68 69 70 71 72 73 74 75 76 77 78 79 80 81 82 83 84 85 86 87 88 89 90 91 92 93 94 95 96 97 98 99 0 1 2 3 4 5 6 7 8 9 10 11 12 13 14 15 16 17 18 19 20 21 22 23 24 25 26 27 28 29 30 31 32 33 34 35 36 37 38 39 40 41 42 43 44 45 46 47 48 49 50 51 52 53 54 55 56 57 58 59 60 61 62 63 64 65 66 67 68 69 70 71 72 73 74 75 76 77 78 79 80 81 82 83 84 85 86 87 88 89 90 91 92 93 94 95 96 97 98 99 0 1 2 3 4 5 6 7 8 9 10 11 12 13 14 15 16 17 18 19 20 21 22 23 24 25 26 27 28 29 30 31 32 33 34 35 36 37 38 39 40 41 42 43 44 45 46 47 48 49 50 51 52 53 54 55 56 57 58 59 60 61 62 63 64 65 66 67 68 69 70 71 72 73 74 75 76 77 78 79 80 81 82 83 84 85 86 87 88 89 90 91 92 93 94 95 96 97 98 99 0 1 2 3 4 5 6 7 8 9 10 11 12 13 14 15 16 17 18 19 20 21 22 23 24 25 26 27 28 29 30 31 32 33 34 35 36 37 38 39 40 41 42 43 44 45 46 47 48 49 50 51 52 53 54 55 56 57 58 59 60 61 62 63 64 65 66 67 68 69 70 71 72 73 74 75 76 77 78 79 80 81 82 83 84 85 86 87 88 89 90 91 92 93 94 95 96 97 98 99 0 1 2 3 4 5 6 7 8 9 10 11 12 13 14 15 16 17 18 19 20 21 22 23 24 25 26 27 28 29 30 31 32 33 34 35 36 37 38 39 40 41 42 43 44 45 46 47 48 49 50 51 52 53 54 55 56 57 58 59 60 61 62 63 64 65 66 67 68 69 70 71 72 73 74 75 76 77 78 79 80 81 82 83 84 85 86 87 88 89 90 91 92 93 94 95 96 97 98 99 0 1 2 3 4 5 6 7 8 9 10 11 12 13 14 15 16 17 18 19 20 21 22 23 24 25 26 27 28 29 30 31 32 33 34 35 36 37 38 39 40 41 42 43 44 45 46 47 48 49 50 51 52 53 54 55 56 57 58 59 60 61 62 63 64 65 66 67 68 69 70 71 72 73 74 75 76 77 78 79 80 81 82 83 84 85 86 87 88 89 90 91 92 93 94 95 96 97 98 99 0 1 2 3 4 5 6 7 8 9 10 11 12 13 14 15 16 17 18 19 20 21 22 23 24 25 26 27 28 29 30 31 32 33 34 35 36 37 38 39 40 41 42 43 44 45 46 47 48 49 50 51 52 53 54 55 56 57 58 59 60 61 62 63 64 65 66 67 68 69 70 71 72 73 74 75 76 77 78 79 80 81 82 83 84 85 86 87 88 89 90 91 92 93 94 95 96 97 98 99 0 1 2 3 4 5 6 7 8 9 10 11 12 13 14 15 16 17 18 19 20 21 22 23 24 25 26 27 28 29 30 31 32 33 34 35 36 37 38 39 40 41 42 43 44 45 46 47 48 49 50 51 52 53 54 55 56 57 58 59 60 61 62 63 64 65 66 67 68 69 70 71 72 73 74 75 76 77 78 79 80 81 82 83 84 85 86 87 88 89 90 91 92 93 94 95 96 97 98 99 0 1 2 3 4 5 6 7 8 9 10 11 12 13 14 15 16 17 18 19 20 21 22 23 24 25 26 27 28 29 30 31 32 33 34 35 36 37 38 39 40 41 42 43 44 45 46 47 48 49 50 51 52 53 54 55 56 57 58 59 60 61 62 63 64 65 66 67 68 69 70 71 72 73 74 75 76 77 78 79 80 81 82 83 84 85 86 87 88 89 90 91 92 93 94 95 96 97 98 99 0 1 2 3 4 5 6 7 8 9 10 11 12 13 14 15 16 17 18 19 20 21 22 23 24 25 26 27 28 29 30 31 32 33 34 35 36 37 38 39 40 41 42 43 44 45 46 47 48 49 50 51 52 53 54 55 56 57 58 59 60 61 62 63 64 65 66 67 68 69 70 71 72 73 74 75 76 77 78 79 80 81 82 83 84 85 86 87 88 89 90 91 92 93 94 95 96 97 98 99 0 1 2 3 4 5 6 7 8 9 10 11 12 13 14 15 16 17 18 19 20 21 22 23 24 25 26 27 28 29 30 31 32 33 34 35 36 37 38 39 40 41 42 43 44 45 46 47 48 49 50 51 52 53 54 55 56 57 58 59 60 61 62 63 64 65 66 67 68 69 70 71 72 73 74 75 76 77 78 79 80 81 82 83 84 85 86 87 88 89 90 91 92 93 94 95 96 97 98 99 0 1 2 3 4 5 6 7 8 9 10 11 12 13 14 15 16 17 18 19 20 21 22 23 24 25 26 27 28 29 30 31 32 33 34 35 36 37 38 39 40 41 42 43 44 45 46 47 48 49 50 51 52 53 54 55 56 57 58 59 60 61 62 63 64 65 66 67 68 69 70 71 72 73 74 75 76 77 78 79 80 81 82 83 84 85 86 87 88 89 90 91 92 93 94 95 96 97 98 99 0 1 2 3 4 5 6 7 8 9 10 11 12 13 14 15 16 17 18 19 20 21 22 23 24 25 26 27 28 29 30 31 32 33 34 35 36 37 38 39 40 41 42 43 44 45 46 47 48 49 50 51 52 53 54 55 56 57 58 59 60 61 62 63 64 65 66 67 68 69 70 71 72 73 74 75 76 77 78 79 80 81 82 83 84 85 86 87 88 89 90 91 92 93 94 95 96 97 98 99 0 1 2 3 4 5 6 7 8 9 10 11 12 13 14 15 16 17 18 19 20 21 22 23 24 25 26 27 28 29 30 31 32 33 34 35 36 37 38 39 40 41 42 43 44 45 46 47 48 49 50 51 52 53 54 55 56 57 58 59 60 61 62 63 64 65 66 67 68 69 70 71 72 73 74 75 76 77 78 79 80 81 82 83 84 85 86 87 88 89 90 91 92 93 94 95 96 97 98 99 0 1 2 3 4 5 6 7 8 9 10 11 12 13 14 15 16 17 18 19 20 21 22 23 24 25 26 27 28 29 30 31 32 33 34 35 36 37 38 39 40 41 42 43 44 45 46 47 48 49 50 51 52 53 54 55 56 57 58 59 60 61 62 63 64 65 66 67 68 69 70 71 72 73 74 75 76 77 78 79 80 81 82 83 84 85 86 87 88 89 90 91 92 93 94 95 96 97 98 99 0 1 2 3 4 5 6 7 8 9 10 11 12 13 14 15 16 17 18 19 20 21 22 23 24 25 26 27 28 29 30 31 32 33 34 35 36 37 38 39 40 41 42 43 44 45 46 47 48 49 50 51 52 53 54 55 56 57 58 59 60 61 62 63 64 65 66 67 68 69 70 71 72 73 74 75 76 77 78 79 80 81 82 83 84 85 86 87 88 89 90 91 92 93 94 95 96 97 98 99 0 1 2 3 4 5 6 7 8 9 10 11 12 13 14 15 16 17 18 19 20 21 22 23 24 25 26 27 28 29 30 31 32 33 34 35 36 37 38 39 40 41 42 43 44 45 46 47 48 49 50 51 52 53 54 55 56 57 58 59 60 61 62 63 64 65 66 67 68 69 70 71 72 73 74 75 76 77 78 79 80 81 82 83 84 85 86 87 88 89 90 91 92 93 94 95 96 97 98 99 0 1 2 3 4 5 6 7 8 9 10 11 12 13 14 15 16 17 18 19 20 21 22 23 24 25 26 27 28 29 30 31 32 33 34 35 36 37 38 39 40 41 42 43 44 45 46 47 48 49 50 51 52 53 54 55 56 57 58 59 60 61 62 63 64 65 66 67 68 69 70 71 72 73 74 75 76 77 78 79 80 81 82 83 84 85 86 87 88 89 90 91 92 93 94 95 96 97 98 99 0 1 2 3 4 5 6 7 8 9 10 11 12 13 14 15 16 17 18 19 20 21 22 23 24 25 26 27 28 29 30 31 32 33 34 35 36 37 38 39 40 41 42 43 44 45 46 47 48 49 50 51 52 53 54 55 56 57 58 59 60 61 62 63 64 65 66 67 68 69 70 71 72 73 74 75 76 77 78 79 80 81 82 83 84 85 86 87 88 89 90 91 92 93 94 95 96 97 98 99 0 1 2 3 4 5 6 7 8 9 10 11 12 13 14 15 16 17 18 19 20 21 22 23 24 25 26 27 28 29 30 31 32 33 34 35 36 37 38 39 40 41 42 43 44 45 46 47 48 49 50 51 52 53 54 55 56 57 58 59 60 61 62 63 64 65 66 67 68 69 70 71 72 73 74 75 76 77 78 79 80 81 82 83 84 85 86 87 88 89 90 91 92 93 94 95 96 97 98 99 0 1 2 3 4 5 6 7 8 9 10 11 12 13 14 15 16 17 18 19 20 21 22 23 24 25 26 27 28 29 30 31 32 33 34 35 36 37 38 39 40 41 42 43 44 45 46 47 48 49 50 51 52 53 54 55 56 57 58 59 60 61 62 63 64 65 66 67 68 69 70 71 72 73 74 75 76 77 78 79 80 81 82 83 84 85 86 87 88 89 90 91 92 93 94 95 96 97 98 99 0 1 2 3 4 5 6 7 8 9 10 11 12 13 14 15 16 17 18 19 20 21 22 23 24 25 26 27 28 29 30 31 32 33 34 35 36 37 38 39 40 41 42 43 44 45 46 47 48 49 50 51 52 53 54 55 56 57 58 59 60 61 62 63 64 65 66 67 68 69 70 71 72 73 74 75 76 77 78 79 80 81 82 83 84 85 86 87 88 89 90 91 92 93 94 95 96 97 98 99 0 1 2 3 4 5 6 7 8 9 10 11 12 13 14 15 16 17 18 19 20 21 22 23 24 25 26 27 28 29 30 31 32 33 34 35 36 37 38 39 40 41 42 43 44 45 46 47 48 49 50 51 52 53 54 55 56 57 58 59 60 61 62 63 64 65 66 67 68 69 70 71 72 73 74 75 76 77 78 79 80 81 82 83 84 85 86 87 88 89 90 91 92 93 94 95 96 97 98 99 0 1 2 3 4 5 6 7 8 9 10 11 12 13 14 15 16 17 18 19 20 21 22 23 24 25 26 27 28 29 30 31 32 33 34 35 36 37 38 39 40 41 42 43 44 45 46 47 48 49 50 51 52 53 54 55 56 57 58 59 60 61 62 63 64 65 66 67 68 69 70 71 72 73 74 75 76 77 78 79 80 81 82 83 84 85 86 87 88 89 90 91 92 93 94 95 96 97 98 99 0 1 2 3 4 5 6 7 8 9 10 11 12 13 14 15 16 17 18 19 20 21 22 23 24 25 26 27 28 29 30 31 32 33 34 35 36 37 38 39 40 41 42 43 44 45 46 47 48 49 50 51 52 53 54 55 56 57 58 59 60 61 62 63 64 65 66 67 68 69 70 71 72 73 74 75 76 77 78 79 80 81 82 83 84 85 86 87 88 89 90 91 92 93 94 95 96 97 98 99 0 1 2 3 4 5 6 7 8 9 10 11 12 13 14 15 16 17 18 19 20 21 22 23 24 25 26 27 28 29 30 31 32 33 34 35 36 37 38 39 40 41 42 43 44 45 46 47 48 49 50 51 52 53 54 55 56 57 58 59 60 61 62 63 64 65 66 67 68 69 70 71 72 73 74 75 76 77 78 79 80 81 82 83 84 85 86 87 88 89 90 91 92 93 94 95 96 97 98 99 0 1 2 3 4 5 6 7 8 9 10 11 12 13 14 15 16 17 18 19 20 21 22 23 24 25 26 27 28 29 30 31 32 33 34 35 36 37 38 39 40 41 42 43 44 45 46 47 48 49 50 51 52 53 54 55 56 57 58 59 60 61 62 63 64 65 66 67 68 69 70 71 72 73 74 75 76 77 78 79 80 81 82 83 84 85 86 87 88 89 90 91 92 93 94 95 96 97 98 99 0 1 2 3 4 5 6 7 8 9 10 11 12 13 14 15 16 17 18 19 20 21 22 23 24 25 26 27 28 29 30 31 32 33 34 35 36 37 38 39 40 41 42 43 44 45 46 47 48 49 50 51 52 53 54 55 56 57 58 59 60 61 62 63 64 65 66 67 68 69 70 71 72 73 74 75 76 77 78 79 80 81 82 83 84 85 86 87 88 89 90 91 92 93 94 95 96 97 98 99 0 1 2 3 4 5 6 7 8 9 10 11 12 13 14 15 16 17 18 19 20 21 22 23 24 25 26 27 28 29 30 31 32 33 34 35 36 37 38 39 40 41 42 43 44 45 46 47 48 49 50 51 52 53 54 55 56 57 58 59 60 61 62 63 64 65 66 67 68 69 70 71 72 73 74 75 76 77 78 79 80 81 82 83 84 85 86 87 88 89 90 91 92 93 94 95 96 97 98 99 0 1 2 3 4 5 6 7 8 9 10 11 12 13 14 15 16 17 18 19 20 21 22 23 24 25 26 27 28 29 30 31 32 33 34 35 36 37 38 39 40 41 42 43 44 45 46 47 48 49 50 51 52 53 54 55 56 57 58 59 60 61 62 63 64 65 66 67 68 69 70 71 72 73 74 75 76 77 78 79 80 81 82 83 84 85 86 87 88 89 90 91 92 93 94 95 96 97 98 99 0 1 2 3 4 5 6 7 8 9 10 11 12 13 14 15 16 17 18 19 20 21 22 23 24 25 26 27 28 29 30 31 32 33 34 35 36 37 38 39 40 41 42 43 44 45 46 47 48 49 50 51 52 53 54 55 56 57 58 59 60 61 62 63 64 65 66 67 68 69 70 71 72 73 74 75 76 77 78 79 80 81 82 83 84 85 86 87 88 89 90 91 92 93 94 95 96 97 98 99 0 1 2 3 4 5 6 7 8 9 10 11 12 13 14 15 16 17 18 19 20 21 22 23 24 25 26 27 28 29 30 31 32 33 34 35 36 37 38 39 40 41 42 43 44 45 46 47 48 49 50 51 52 53 54 55 56 57 58 59 60 61 62 63 64 65 66 67 68 69 70 71 72 73 74 75 76 77 78 79 80 81 82 83 84 85 86 87 88 89 90 91 92 93 94 95 96 97 98 99 0 1 2 3 4 5 6 7 8 9 10 11 12 13 14 15 16 17 18 19 20 21 22 23 24 25 26 27 28 29 30 31 32 33 34 35 36 37 38 39 40 41 42 43 44 45 46 47 48 49 50 51 52 53 54 55 56 57 58 59 60 61 62 63 64 65 66 67 68 69 70 71 72 73 74 75 76 77 78 79 80 81 82 83 84 85 86 87 88 89 90 91 92 93 94 95 96 97 98 99 0 1 2 3 4 5 6 7 8 9 10 11 12 13 14 15 16 17 18 19 20 21 22 23 24 25 26 27 28 29 30 31 32 33 34 35 36 37 38 39 40 41 42 43 44 45 46 47 48 49 50 51 52 53 54 55 56 57 58 59 60 61 62 63 64 65 66 67 68 69 70 71 72 73 74 75 76 77 78 79 80 81 82 83 84 85 86 87 88 89 90 91 92 93 94 95 96 97 98 99 0 1 2 3 4 5 6 7 8 9 10 11 12 13 14 15 16 17 18 19 20 21 22 23 24 25 26 27 28 29 30 31 32 33 34 35 36 37 38 39 40 41 42 43 44 45 46 47 48 49 50 51 52 53 54 55 56 57 58 59 60 61 62 63 64 65 66 67 68 69 70 71 72 73 74 75 76 77 78 79 80 81 82 83 84 85 86 87 88 89 90 91 92 93 94 95 96 97 98 99 0 1 2 3 4 5 6 7 8 9 10 11 12 13 14 15 16 17 18 19 20 21 22 23 24 25 26 27 28 29 30 31 32 33 34 35 36 37 38 39 40 41 42 43 44 45 46 47 48 49 50 51 52 53 54 55 56 57 58 59 60 61 62 63 64 65 66 67 68 69 70 71 72 73 74 75 76 77 78 79 80 81 82 83 84 85 86 87 88 89 90 91 92 93 94 95 96 97 98 99 0 1 2 3 4 5 6 7 8 9 10 11 12 13 14 15 16 17 18 19 20 21 22 23 24 25 26 27 28 29 30 31 32 33 34 35 36 37 38 39 40 41 42 43 44 45 46 47 48 49 50 51 52 53 54 55 56 57 58 59 60 61 62 63 64 65 66 67 68 69 70 71 72 73 74 75 76 77 78 79 80 81 82 83 84 85 86 87 88 89 90 91 92 93 94 95 96 97 98 99 0 1 2 3 4 5 6 7 8 9 10 11 12 13 14 15 16 17 18 19 20 21 22 23 24 25 26 27 28 29 30 31 32 33 34 35 36 37 38 39 40 41 42 43 44 45 46 47 48 49 50 51 52 53 54 55 56 57 58 59 60 61 62 63 64 65 66 67 68 69 70 71 72 73 74 75 76 77 78 79 80 81 82 83 84 85 86 87 88 89 90 91 92 93 94 95 96 97 98 99 0 1 2 3 4 5 6 7 8 9 10 11 12 13 14 15 16 17 18 19 20 21 22 23 24 25 26 27 28 29 30 31 32 33 34 35 36 37 38 39 40 41 42 43 44 45 46 47 48 49 50 51 52 53 54 55 56 57 58 59 60 61 62 63 64 65 66 67 68 69 70 71 72 73 74 75 76 77 78 79 80 81 82 83 84 85 86 87 88 89 90 91 92 93 94 95 96 97 98 99 0 1 2 3 4 5 6 7 8 9 10 11 12 13 14 15 16 17 18 19 20 21 22 23 24 25 26 27 28 29 30 31 32 33 34 35 36 37 38 39 40 41 42 43 44 45 46 47 48 49 50 51 52 53 54 55 56 57 58 59 60 61 62 63 64 65 66 67 68 69 70 71 72 73 74 75 76 77 78 79 80 81 82 83 84 85 86 87 88 89 90 91 92 93 94 95 96 97 98 99 0 1 2 3 4 5 6 7 8 9 10 11 12 13 14 15 16 17 18 19 20 21 22 23 24 25 26 27 28 29 30 31 32 33 34 35 36 37 38 39 40 41 42 43 44 45 46 47 48 49 50 51 52 53 54 55 56 57 58 59 60 61 62 63 64 65 66 67 68 69 70 71 72 73 74 75 76 77 78 79 80 81 82 83 84 85 86 87 88 89 90 91 92 93 94 95 96 97 98 99 0 1 2 3 4 5 6 7 8 9 10 11 12 13 14 15 16 17 18 19 20 21 22 23 24 25 26 27 28 29 30 31 32 33 34 35 36 37 38 39 40 41 42 43 44 45 46 47 48 49 50 51 52 53 54 55 56 57 58 59 60 61 62 63 64 65 66 67 68 69 70 71 72 73 74 75 76 77 78 79 80 81 82 83 84 85 86 87 88 89 90 91 92 93 94 95 96 97 98 99 0 1 2 3 4 5 6 7 8 9 10 11 12 13 14 15 16 17 18 19 20 21 22 23 24 25 26 27 28 29 30 31 32 33 34 35 36 37 38 39 40 41 42 43 44 45 46 47 48 49 50 51 52 53 54 55 56 57 58 59 60 61 62 63 64 65 66 67 68 69 70 71 72 73 74 75 76 77 78 79 80 81 82 83 84 85 86 87 88 89 90 91 92 93 94 95 96 97 98 99 0 1 2 3 4 5 6 7 8 9 10 11 12 13 14 15 16 17 18 19 20 21 22 23 24 25 26 27 28 29 30 31 32 33 34 35 36 37 38 39 40 41 42 43 44 45 46 47 48 49 50 51 52 53 54 55 56 57 58 59 60 61 62 63 64 65 66 67 68 69 70 71 72 73 74 75 76 77 78 79 80 81 82 83 84 85 86 87 88 89 90 91 92 93 94 95 96 97 98 99 0 1 2 3 4 5 6 7 8 9 10 11 12 13 14 15 16 17 18 19 20 21 22 23 24 25 26 27 28 29 30 31 32 33 34 35 36 37 38 39 40 41 42 43 44 45 46 47 48 49 50 51 52 53 54 55 56 57 58 59 60 61 62 63 64 65 66 67 68 69 70 71 72 73 74 75 76 77 78 79 80 81 82 83 84 85 86 87 88 89 90 91 92 93 94 95 96 97 98 99 0 1 2 3 4 5 6 7 8 9 10 11 12 13 14 15 16 17 18 19 20 21 22 23 24 25 26 27 28 29 30 31 32 33 34 35 36 37 38 39 40 41 42 43 44 45 46 47 48 49 50 51 52 53 54 55 56 57 58 59 60 61 62 63 64 65 66 67 68 69 70 71 72 73 74 75 76 77 78 79 80 81 82 83 84 85 86 87 88 89 90 91 92 93 94 95 96 97 98 99 0 1 2 3 4 5 6 7 8 9 10 11 12 13 14 15 16 17 18 19 20 21 22 23 24 25 26 27 28 29 30 31 32 33 34 35 36 37 38 39 40 41 42 43 44 45 46 47 48 49 50 51 52 53 54 55 56 57 58 59 60 61 62 63 64 65 66 67 68 69 70 71 72 73 74 75 76 77 78 79 80 81 82 83 84 85 86 87 88 89 90 91 92 93 94 95 96 97 98 99 0 1 2 3 4 5 6 7 8 9 10 11 12 13 14 15 16 17 18 19 20 21 22 23 24 25 26 27 28 29 30 31 32 33 34 35 36 37 38 39 40 41 42 43 44 45 46 47 48 49 50 51 52 53 54 55 56 57 58 59 60 61 62 63 64 65 66 67 68 69 70 71 72 73 74 75 76 77 78 79 80 81 82 83 84 85 86 87 88 89 90 91 92 93 94 95 96 97 98 99 0 1 2 3 4 5 6 7 8 9 10 11 12 13 14 15 16 17 18 19 20 21 22 23 24 25 26 27 28 29 30 31 32 33 34 35 36 37 38 39 40 41 42 43 44 45 46 47 48 49 50 51 52 53 54 55 56 57 58 59 60 61 62 63 64 65 66 67 68 69 70 71 72 73 74 75 76 77 78 79 80 81 82 83 84 85 86 87 88 89 90 91 92 93 94 95 96 97 98 99 0 1 2 3 4 5 6 7 8 9 10 11 12 13 14 15 16 17 18 19 20 21 22 23 24 25 26 27 28 29 30 31 32 33 34 35 36 37 38 39 40 41 42 43 44 45 46 47 48 49 50 51 52 53 54 55 56 57 58 59 60 61 62 63 64 65 66 67 68 69 70 71 72 73 74 75 76 77 78 79 80 81 82 83 84 85 86 87 88 89 90 91 92 93 94 95 96 97 98 99 0 1 2 3 4 5 6 7 8 9 10 11 12 13 14 15 16 17 18 19 20 21 22 23 24 25 26 27 28 29 30 31 32 33 34 35 36 37 38 39 40 41 42 43 44 45 46 47 48 49 50 51 52 53 54 55 56 57 58 59 60 61 62 63 64 65 66 67 68 69 70 71 72 73 74 75 76 77 78 79 80 81 82 83 84 85 86 87 88 89 90 91 92 93 94 95 96 97 98 99 0 1 2 3 4 5 6 7 8 9 10 11 12 13 14 15 16 17 18 19 20 21 22 23 24 25 26 27 28 29 30 31 32 33 34 35 36 37 38 39 40 41 42 43 44 45 46 47 48 49 50 51 52 53 54 55 56 57 58 59 60 61 62 63 64 65 66 67 68 69 70 71 72 73 74 75 76 77 78 79 80 81 82 83 84 85 86 87 88 89 90 91 92 93 94 95 96 97 98 99 0 1 2 3 4 5 6 7 8 9 10 11 12 13 14 15 16 17 18 19 20 21 22 23 24 25 26 27 28 29 30 31 32 33 34 35 36 37 38 39 40 41 42 43 44 45 46 47 48 49 50 51 52 53 54 55 56 57 58 59 60 61 62 63 64 65 66 67 68 69 70 71 72 73 74 75 76 77 78 79 80 81 82 83 84 85 86 87 88 89 90 91 92 93 94 95 96 97 98 99 0 1 2 3 4 5 6 7 8 9 10 11 12 13 14 15 16 17 18 19 20 21 22 23 24 25 26 27 28 29 30 31 32 33 34 35 36 37 38 39 40 41 42 43 44 45 46 47 48 49 50 51 52 53 54 55 56 57 58 59 60 61 62 63 64 65 66 67 68 69 70 71 72 73 74 75 76 77 78 79 80 81 82 83 84 85 86 87 88 89 90 91 92 93 94 95 96 97 98 99 0 1 2 3 4 5 6 7 8 9 10 11 12 13 14 15 16 17 18 19 20 21 22 23 24 25 26 27 28 29 30 31 32 33 34 35 36 37 38 39 40 41 42 43 44 45 46 47 48 49 50 51 52 53 54 55 56 57 58 59 60 61 62 63 64 65 66 67 68 69 70 71 72 73 74 75 76 77 78 79 80 81 82 83 84 85 86 87 88 89 90 91 92 93 94 95 96 97 98 99 0 1 2 3 4 5 6 7 8 9 10 11 12 13 14 15 16 17 18 19 20 21 22 23 24 25 26 27 28 29 30 31 32 33 34 35 36 37 38 39 40 41 42 43 44 45 46 47 48 49 50 51 52 53 54 55 56 57 58 59 60 61 62 63 64 65 66 67 68 69 70 71 72 73 74 75 76 77 78 79 80 81 82 83 84 85 86 87 88 89 90 91 92 93 94 95 96 97 98 99 0 1 2 3 4 5 6 7 8 9 10 11 12 13 14 15 16 17 18 19 20 21 22 23 24 25 26 27 28 29 30 31 32 33 34 35 36 37 38 39 40 41 42 43 44 45 46 47 48 49 50 51 52 53 54 55 56 57 58 59 60 61 62 63 64 65 66 67 68 69 70 71 72 73 74 75 76 77 78 79 80 81 82 83 84 85 86 87 88 89 90 91 92 93 94 95 96 97 98 99 0 1 2 3 4 5 6 7 8 9 10 11 12 13 14 15 16 17 18 19 20 21 22 23 24 25 26 27 28 29 30 31 32 33 34 35 36 37 38 39 40 41 42 43 44 45 46 47 48 49 50 51 52 53 54 55 56 57 58 59 60 61 62 63 64 65 66 67 68 69 70 71 72 73 74 75 76 77 78 79 80 81 82 83 84 85 86 87 88 89 90 91 92 93 94 95 96 97 98 99 0 1 2 3 4 5 6 7 8 9 10 11 12 13 14 15 16 17 18 19 20 21 22 23 24 25 26 27 28 29 30 31 32 33 34 35 36 37 38 39 40 41 42 43 44 45 46 47 48 49 50 51 52 53 54 55 56 57 58 59 60 61 62 63 64 65 66 67 68 69 70 71 72 73 74 75 76 77 78 79 80 81 82 83 84 85 86 87 88 89 90 91 92 93 94 95 96 97 98 99 0 1 2 3 4 5 6 7 8 9 10 11 12 13 14 15 16 17 18 19 20 21 22 23 24 25 26 27 28 29 30 31 32 33 34 35 36 37 38 39 40 41 42 43 44 45 46 47 48 49 50 51 52 53 54 55 56 57 58 59 60 61 62 63 64 65 66 67 68 69 70 71 72 73 74 75 76 77 78 79 80 81 82 83 84 85 86 87 88 89 90 91 92 93 94 95 96 97 98 99 0 1 2 3 4 5 6 7 8 9 10 11 12 13 14 15 16 17 18 19 20 21 22 23 24 25 26 27 28 29 30 31 32 33 34 35 36 37 38 39 40 41 42 43 44 45 46 47 48 49 50 51 52 53 54 55 56 57 58 59 60 61 62 63 64 65 66 67 68 69 70 71 72 73 74 75 76 77 78 79 80 81 82 83 84 85 86 87 88 89 90 91 92 93 94 95 96 97 98 99 0 1 2 3 4 5 6 7 8 9 10 11 12 13 14 15 16 17 18 19 20 21 22 23 24 25 26 27 28 29 30 31 32 33 34 35 36 37 38 39 40 41 42 43 44 45 46 47 48 49 50 51 52 53 54 55 56 57 58 59 60 61 62 63 64 65 66 67 68 69 70 71 72 73 74 75 76 77 78 79 80 81 82 83 84 85 86 87 88 89 90 91 92 93 94 95 96 97 98 99 0 1 2 3 4 5 6 7 8 9 10 11 12 13 14 15 16 17 18 19 20 21 22 23 24 25 26 27 28 29 30 31 32 33 34 35 36 37 38 39 40 41 42 43 44 45 46 47 48 49 50 51 52 53 54 55 56 57 58 59 60 61 62 63 64 65 66 67 68 69 70 71 72 73 74 75 76 77 78 79 80 81 82 83 84 85 86 87 88 89 90 91 92 93 94 95 96 97 98 99 0 1 2 3 4 5 6 7 8 9 10 11 12 13 14 15 16 17 18 19 20 21 22 23 24 25 26 27 28 29 30 31 32 33 34 35 36 37 38 39 40 41 42 43 44 45 46 47 48 49 50 51 52 53 54 55 56 57 58 59 60 61 62 63 64 65 66 67 68 69 70 71 72 73 74 75 76 77 78 79 80 81 82 83 84 85 86 87 88 89 90 91 92 93 94 95 96 97 98 99 0 1 2 3 4 5 6 7 8 9 10 11 12 13 14 15 16 17 18 19 20 21 22 23 24 25 26 27 28 29 30 31 32 33 34 35 36 37 38 39 40 41 42 43 44 45 46 47 48 49 50 51 52 53 54 55 56 57 58 59 60 61 62 63 64 65 66 67 68 69 70 71 72 73 74 75 76 77 78 79 80 81 82 83 84 85 86 87 88 89 90 91 92 93 94 95 96 97 98 99 0 1 2 3 4 5 6 7 8 9 10 11 12 13 14 15 16 17 18 19 20 21 22 23 24 25 26 27 28 29 30 31 32 33 34 35 36 37 38 39 40 41 42 43 44 45 46 47 48 49 50 51 52 53 54 55 56 57 58 59 60 61 62 63 64 65 66 67 68 69 70 71 72 73 74 75 76 77 78 79 80 81 82 83 84 85 86 87 88 89 90 91 92 93 94 95 96 97 98 99 0 1 2 3 4 5 6 7 8 9 10 11 12 13 14 15 16 17 18 19 20 21 22 23 24 25 26 27 28 29 30 31 32 33 34 35 36 37 38 39 40 41 42 43 44 45 46 47 48 49 50 51 52 53 54 55 56 57 58 59 60 61 62 63 64 65 66 67 68 69 70 71 72 73 74 75 76 77 78 79 80 81 82 83 84 85 86 87 88 89 90 91 92 93 94 95 96 97 98 99 0 1 2 3 4 5 6 7 8 9 10 11 12 13 14 15 16 17 18 19 20 21 22 23 24 25 26 27 28 29 30 31 32 33 34 35 36 37 38 39 40 41 42 43 44 45 46 47 48 49 50 51 52 53 54 55 56 57 58 59 60 61 62 63 64 65 66 67 68 69 70 71 72 73 74 75 76 77 78 79 80 81 82 83 84 85 86 87 88 89 90 91 92 93 94 95 96 97 98 99 0 1 2 3 4 5 6 7 8 9 10 11 12 13 14 15 16 17 18 19 20 21 22 23 24 25 26 27 28 29 30 31 32 33 34 35 36 37 38 39 40 41 42 43 44 45 46 47 48 49 50 51 52 53 54 55 56 57 58 59 60 61 62 63 64 65 66 67 68 69 70 71 72 73 74 75 76 77 78 79 80 81 82 83 84 85 86 87 88 89 90 91 92 93 94 95 96 97 98 99 0 1 2 3 4 5 6 7 8 9 10 11 12 13 14 15 16 17 18 19 20 21 22 23 24 25 26 27 28 29 30 31 32 33 34 35 36 37 38 39 40 41 42 43 44 45 46 47 48 49 50 51 52 53 54 55 56 57 58 59 60 61 62 63 64 65 66 67 68 69 70 71 72 73 74 75 76 77 78 79 80 81 82 83 84 85 86 87 88 89 90 91 92 93 94 95 96 97 98 99 0 1 2 3 4 5 6 7 8 9 10 11 12 13 14 15 16 17 18 19 20 21 22 23 24 25 26 27 28 29 30 31 32 33 34 35 36 37 38 39 40 41 42 43 44 45 46 47 48 49 50 51 52 53 54 55 56 57 58 59 60 61 62 63 64 65 66 67 68 69 70 71 72 73 74 75 76 77 78 79 80 81 82 83 84 85 86 87 88 89 90 91 92 93 94 95 96 97 98 99 0 1 2 3 4 5 6 7 8 9 10 11 12 13 14 15 16 17 18 19 20 21 22 23 24 25 26 27 28 29 30 31 32 33 34 35 36 37 38 39 40 41 42 43 44 45 46 47 48 49 50 51 52 53 54 55 56 57 58 59 60 61 62 63 64 65 66 67 68 69 70 71 72 73 74 75 76 77 78 79 80 81 82 83 84 85 86 87 88 89 90 91 92 93 94 95 96 97 98 99 0 1 2 3 4 5 6 7 8 9 10 11 12 13 14 15 16 17 18 19 20 21 22 23 24 25 26 27 28 29 30 31 32 33 34 35 36 37 38 39 40 41 42 43 44 45 46 47 48 49 50 51 52 53 54 55 56 57 58 59 60 61 62 63 64 65 66 67 68 69 70 71 72 73 74 75 76 77 78 79 80 81 82 83 84 85 86 87 88 89 90 91 92 93 94 95 96 97 98 99 0 1 2 3 4 5 6 7 8 9 10 11 12 13 14 15 16 17 18 19 20 21 22 23 24 25 26 27 28 29 30 31 32 33 34 35 36 37 38 39 40 41 42 43 44 45 46 47 48 49 50 51 52 53 54 55 56 57 58 59 60 61 62 63 64 65 66 67 68 69 70 71 72 73 74 75 76 77 78 79 80 81 82 83 84 85 86 87 88 89 90 91 92 93 94 95 96 97 98 99 0 1 2 3 4 5 6 7 8 9 10 11 12 13 14 15 16 17 18 19 20 21 22 23 24 25 26 27 28 29 30 31 32 33 34 35 36 37 38 39 40 41 42 43 44 45 46 47 48 49 50 51 52 53 54 55 56 57 58 59 60 61 62 63 64 65 66 67 68 69 70 71 72 73 74 75 76 77 78 79 80 81 82 83 84 85 86 87 88 89 90 91 92 93 94 95 96 97 98 99 0 1 2 3 4 5 6 7 8 9 10 11 12 13 14 15 16 17 18 19 20 21 22 23 24 25 26 27 28 29 30 31 32 33 34 35 36 37 38 39 40 41 42 43 44 45 46 47 48 49 50 51 52 53 54 55 56 57 58 59 60 61 62 63 64 65 66 67 68 69 70 71 72 73 74 75 76 77 78 79 80 81 82 83 84 85 86 87 88 89 90 91 92 93 94 95 96 97 98 99 0 1 2 3 4 5 6 7 8 9 10 11 12 13 14 15 16 17 18 19 20 21 22 23 24 25 26 27 28 29 30 31 32 33 34 35 36 37 38 39 40 41 42 43 44 45 46 47 48 49 50 51 52 53 54 55 56 57 58 59 60 61 62 63 64 65 66 67 68 69 70 71 72 73 74 75 76 77 78 79 80 81 82 83 84 85 86 87 88 89 90 91 92 93 94 95 96 97 98 99 0 1 2 3 4 5 6 7 8 9 10 11 12 13 14 15 16 17 18 19 20 21 22 23 24 25 26 27 28 29 30 31 32 33 34 35 36 37 38 39 40 41 42 43 44 45 46 47 48 49 50 51 52 53 54 55 56 57 58 59 60 61 62 63 64 65 66 67 68 69 70 71 72 73 74 75 76 77 78 79 80 81 82 83 84 85 86 87 88 89 90 91 92 93 94 95 96 97 98 99 0 1 2 3 4 5 6 7 8 9 10 11 12 13 14 15 16 17 18 19 20 21 22 23 24 25 26 27 28 29 30 31 32 33 34 35 36 37 38 39 40 41 42 43 44 45 46 47 48 49 50 51 52 53 54 55 56 57 58 59 60 61 62 63 64 65 66 67 68 69 70 71 72 73 74 75 76 77 78 79 80 81 82 83 84 85 86 87 88 89 90 91 92 93 94 95 96 97 98 99 0 1 2 3 4 5 6 7 8 9 10 11 12 13 14 15 16 17 18 19 20 21 22 23 24 25 26 27 28 29 30 31 32 33 34 35 36 37 38 39 40 41 42 43 44 45 46 47 48 49 50 51 52 53 54 55 56 57 58 59 60 61 62 63 64 65 66 67 68 69 70 71 72 73 74 75 76 77 78 79 80 81 82 83 84 85 86 87 88 89 90 91 92 93 94 95 96 97 98 99 0 1 2 3 4 5 6 7 8 9 10 11 12 13 14 15 16 17 18 19 20 21 22 23 24 25 26 27 28 29 30 31 32 33 34 35 36 37 38 39 40 41 42 43 44 45 46 47 48 49 50 51 52 53 54 55 56 57 58 59 60 61 62 63 64 65 66 67 68 69 70 71 72 73 74 75 76 77 78 79 80 81 82 83 84 85 86 87 88 89 90 91 92 93 94 95 96 97 98 99 0 1 2 3 4 5 6 7 8 9 10 11 12 13 14 15 16 17 18 19 20 21 22 23 24 25 26 27 28 29 30 31 32 33 34 35 36 37 38 39 40 41 42 43 44 45 46 47 48 49 50 51 52 53 54 55 56 57 58 59 60 61 62 63 64 65 66 67 68 69 70 71 72 73 74 75 76 77 78 79 80 81 82 83 84 85 86 87 88 89 90 91 92 93 94 95 96 97 98 99 0 1 2 3 4 5 6 7 8 9 10 11 12 13 14 15 16 17 18 19 20 21 22 23 24 25 26 27 28 29 30 31 32 33 34 35 36 37 38 39 40 41 42 43 44 45 46 47 48 49 50 51 52 53 54 55 56 57 58 59 60 61 62 63 64 65 66 67 68 69 70 71 72 73 74 75 76 77 78 79 80 81 82 83 84 85 86 87 88 89 90 91 92 93 94 95 96 97 98 99 0 1 2 3 4 5 6 7 8 9 10 11 12 13 14 15 16 17 18 19 20 21 22 23 24 25 26 27 28 29 30 31 32 33 34 35 36 37 38 39 40 41 42 43 44 45 46 47 48 49 50 51 52 53 54 55 56 57 58 59 60 61 62 63 64 65 66 67 68 69 70 71 72 73 74 75 76 77 78 79 80 81 82 83 84 85 86 87 88 89 90 91 92 93 94 95 96 97 98 99 0 1 2 3 4 5 6 7 8 9 10 11 12 13 14 15 16 17 18 19 20 21 22 23 24 25 26 27 28 29 30 31 32 33 34 35 36 37 38 39 40 41 42 43 44 45 46 47 48 49 50 51 52 53 54 55 56 57 58 59 60 61 62 63 64 65 66 67 68 69 70 71 72 73 74 75 76 77 78 79 80 81 82 83 84 85 86 87 88 89 90 91 92 93 94 95 96 97 98 99 
</Matrix>
   <Matrix name="yloc" type="complete" rows="1" columns="10000" multiplier="1.0">
   0 0 0 0 0 0 0 0 0 0 0 0 0 0 0 0 0 0 0 0 0 0 0 0 0 0 0 0 0 0 0 0 0 0 0 0 0 0 0 0 0 0 0 0 0 0 0 0 0 0 0 0 0 0 0 0 0 0 0 0 0 0 0 0 0 0 0 0 0 0 0 0 0 0 0 0 0 0 0 0 0 0 0 0 0 0 0 0 0 0 0 0 0 0 0 0 0 0 0 0 1 1 1 1 1 1 1 1 1 1 1 1 1 1 1 1 1 1 1 1 1 1 1 1 1 1 1 1 1 1 1 1 1 1 1 1 1 1 1 1 1 1 1 1 1 1 1 1 1 1 1 1 1 1 1 1 1 1 1 1 1 1 1 1 1 1 1 1 1 1 1 1 1 1 1 1 1 1 1 1 1 1 1 1 1 1 1 1 1 1 1 1 1 1 1 1 1 1 1 1 2 2 2 2 2 2 2 2 2 2 2 2 2 2 2 2 2 2 2 2 2 2 2 2 2 2 2 2 2 2 2 2 2 2 2 2 2 2 2 2 2 2 2 2 2 2 2 2 2 2 2 2 2 2 2 2 2 2 2 2 2 2 2 2 2 2 2 2 2 2 2 2 2 2 2 2 2 2 2 2 2 2 2 2 2 2 2 2 2 2 2 2 2 2 2 2 2 2 2 2 3 3 3 3 3 3 3 3 3 3 3 3 3 3 3 3 3 3 3 3 3 3 3 3 3 3 3 3 3 3 3 3 3 3 3 3 3 3 3 3 3 3 3 3 3 3 3 3 3 3 3 3 3 3 3 3 3 3 3 3 3 3 3 3 3 3 3 3 3 3 3 3 3 3 3 3 3 3 3 3 3 3 3 3 3 3 3 3 3 3 3 3 3 3 3 3 3 3 3 3 4 4 4 4 4 4 4 4 4 4 4 4 4 4 4 4 4 4 4 4 4 4 4 4 4 4 4 4 4 4 4 4 4 4 4 4 4 4 4 4 4 4 4 4 4 4 4 4 4 4 4 4 4 4 4 4 4 4 4 4 4 4 4 4 4 4 4 4 4 4 4 4 4 4 4 4 4 4 4 4 4 4 4 4 4 4 4 4 4 4 4 4 4 4 4 4 4 4 4 4 5 5 5 5 5 5 5 5 5 5 5 5 5 5 5 5 5 5 5 5 5 5 5 5 5 5 5 5 5 5 5 5 5 5 5 5 5 5 5 5 5 5 5 5 5 5 5 5 5 5 5 5 5 5 5 5 5 5 5 5 5 5 5 5 5 5 5 5 5 5 5 5 5 5 5 5 5 5 5 5 5 5 5 5 5 5 5 5 5 5 5 5 5 5 5 5 5 5 5 5 6 6 6 6 6 6 6 6 6 6 6 6 6 6 6 6 6 6 6 6 6 6 6 6 6 6 6 6 6 6 6 6 6 6 6 6 6 6 6 6 6 6 6 6 6 6 6 6 6 6 6 6 6 6 6 6 6 6 6 6 6 6 6 6 6 6 6 6 6 6 6 6 6 6 6 6 6 6 6 6 6 6 6 6 6 6 6 6 6 6 6 6 6 6 6 6 6 6 6 6 7 7 7 7 7 7 7 7 7 7 7 7 7 7 7 7 7 7 7 7 7 7 7 7 7 7 7 7 7 7 7 7 7 7 7 7 7 7 7 7 7 7 7 7 7 7 7 7 7 7 7 7 7 7 7 7 7 7 7 7 7 7 7 7 7 7 7 7 7 7 7 7 7 7 7 7 7 7 7 7 7 7 7 7 7 7 7 7 7 7 7 7 7 7 7 7 7 7 7 7 8 8 8 8 8 8 8 8 8 8 8 8 8 8 8 8 8 8 8 8 8 8 8 8 8 8 8 8 8 8 8 8 8 8 8 8 8 8 8 8 8 8 8 8 8 8 8 8 8 8 8 8 8 8 8 8 8 8 8 8 8 8 8 8 8 8 8 8 8 8 8 8 8 8 8 8 8 8 8 8 8 8 8 8 8 8 8 8 8 8 8 8 8 8 8 8 8 8 8 8 9 9 9 9 9 9 9 9 9 9 9 9 9 9 9 9 9 9 9 9 9 9 9 9 9 9 9 9 9 9 9 9 9 9 9 9 9 9 9 9 9 9 9 9 9 9 9 9 9 9 9 9 9 9 9 9 9 9 9 9 9 9 9 9 9 9 9 9 9 9 9 9 9 9 9 9 9 9 9 9 9 9 9 9 9 9 9 9 9 9 9 9 9 9 9 9 9 9 9 9 10 10 10 10 10 10 10 10 10 10 10 10 10 10 10 10 10 10 10 10 10 10 10 10 10 10 10 10 10 10 10 10 10 10 10 10 10 10 10 10 10 10 10 10 10 10 10 10 10 10 10 10 10 10 10 10 10 10 10 10 10 10 10 10 10 10 10 10 10 10 10 10 10 10 10 10 10 10 10 10 10 10 10 10 10 10 10 10 10 10 10 10 10 10 10 10 10 10 10 10 11 11 11 11 11 11 11 11 11 11 11 11 11 11 11 11 11 11 11 11 11 11 11 11 11 11 11 11 11 11 11 11 11 11 11 11 11 11 11 11 11 11 11 11 11 11 11 11 11 11 11 11 11 11 11 11 11 11 11 11 11 11 11 11 11 11 11 11 11 11 11 11 11 11 11 11 11 11 11 11 11 11 11 11 11 11 11 11 11 11 11 11 11 11 11 11 11 11 11 11 12 12 12 12 12 12 12 12 12 12 12 12 12 12 12 12 12 12 12 12 12 12 12 12 12 12 12 12 12 12 12 12 12 12 12 12 12 12 12 12 12 12 12 12 12 12 12 12 12 12 12 12 12 12 12 12 12 12 12 12 12 12 12 12 12 12 12 12 12 12 12 12 12 12 12 12 12 12 12 12 12 12 12 12 12 12 12 12 12 12 12 12 12 12 12 12 12 12 12 12 13 13 13 13 13 13 13 13 13 13 13 13 13 13 13 13 13 13 13 13 13 13 13 13 13 13 13 13 13 13 13 13 13 13 13 13 13 13 13 13 13 13 13 13 13 13 13 13 13 13 13 13 13 13 13 13 13 13 13 13 13 13 13 13 13 13 13 13 13 13 13 13 13 13 13 13 13 13 13 13 13 13 13 13 13 13 13 13 13 13 13 13 13 13 13 13 13 13 13 13 14 14 14 14 14 14 14 14 14 14 14 14 14 14 14 14 14 14 14 14 14 14 14 14 14 14 14 14 14 14 14 14 14 14 14 14 14 14 14 14 14 14 14 14 14 14 14 14 14 14 14 14 14 14 14 14 14 14 14 14 14 14 14 14 14 14 14 14 14 14 14 14 14 14 14 14 14 14 14 14 14 14 14 14 14 14 14 14 14 14 14 14 14 14 14 14 14 14 14 14 15 15 15 15 15 15 15 15 15 15 15 15 15 15 15 15 15 15 15 15 15 15 15 15 15 15 15 15 15 15 15 15 15 15 15 15 15 15 15 15 15 15 15 15 15 15 15 15 15 15 15 15 15 15 15 15 15 15 15 15 15 15 15 15 15 15 15 15 15 15 15 15 15 15 15 15 15 15 15 15 15 15 15 15 15 15 15 15 15 15 15 15 15 15 15 15 15 15 15 15 16 16 16 16 16 16 16 16 16 16 16 16 16 16 16 16 16 16 16 16 16 16 16 16 16 16 16 16 16 16 16 16 16 16 16 16 16 16 16 16 16 16 16 16 16 16 16 16 16 16 16 16 16 16 16 16 16 16 16 16 16 16 16 16 16 16 16 16 16 16 16 16 16 16 16 16 16 16 16 16 16 16 16 16 16 16 16 16 16 16 16 16 16 16 16 16 16 16 16 16 17 17 17 17 17 17 17 17 17 17 17 17 17 17 17 17 17 17 17 17 17 17 17 17 17 17 17 17 17 17 17 17 17 17 17 17 17 17 17 17 17 17 17 17 17 17 17 17 17 17 17 17 17 17 17 17 17 17 17 17 17 17 17 17 17 17 17 17 17 17 17 17 17 17 17 17 17 17 17 17 17 17 17 17 17 17 17 17 17 17 17 17 17 17 17 17 17 17 17 17 18 18 18 18 18 18 18 18 18 18 18 18 18 18 18 18 18 18 18 18 18 18 18 18 18 18 18 18 18 18 18 18 18 18 18 18 18 18 18 18 18 18 18 18 18 18 18 18 18 18 18 18 18 18 18 18 18 18 18 18 18 18 18 18 18 18 18 18 18 18 18 18 18 18 18 18 18 18 18 18 18 18 18 18 18 18 18 18 18 18 18 18 18 18 18 18 18 18 18 18 19 19 19 19 19 19 19 19 19 19 19 19 19 19 19 19 19 19 19 19 19 19 19 19 19 19 19 19 19 19 19 19 19 19 19 19 19 19 19 19 19 19 19 19 19 19 19 19 19 19 19 19 19 19 19 19 19 19 19 19 19 19 19 19 19 19 19 19 19 19 19 19 19 19 19 19 19 19 19 19 19 19 19 19 19 19 19 19 19 19 19 19 19 19 19 19 19 19 19 19 20 20 20 20 20 20 20 20 20 20 20 20 20 20 20 20 20 20 20 20 20 20 20 20 20 20 20 20 20 20 20 20 20 20 20 20 20 20 20 20 20 20 20 20 20 20 20 20 20 20 20 20 20 20 20 20 20 20 20 20 20 20 20 20 20 20 20 20 20 20 20 20 20 20 20 20 20 20 20 20 20 20 20 20 20 20 20 20 20 20 20 20 20 20 20 20 20 20 20 20 21 21 21 21 21 21 21 21 21 21 21 21 21 21 21 21 21 21 21 21 21 21 21 21 21 21 21 21 21 21 21 21 21 21 21 21 21 21 21 21 21 21 21 21 21 21 21 21 21 21 21 21 21 21 21 21 21 21 21 21 21 21 21 21 21 21 21 21 21 21 21 21 21 21 21 21 21 21 21 21 21 21 21 21 21 21 21 21 21 21 21 21 21 21 21 21 21 21 21 21 22 22 22 22 22 22 22 22 22 22 22 22 22 22 22 22 22 22 22 22 22 22 22 22 22 22 22 22 22 22 22 22 22 22 22 22 22 22 22 22 22 22 22 22 22 22 22 22 22 22 22 22 22 22 22 22 22 22 22 22 22 22 22 22 22 22 22 22 22 22 22 22 22 22 22 22 22 22 22 22 22 22 22 22 22 22 22 22 22 22 22 22 22 22 22 22 22 22 22 22 23 23 23 23 23 23 23 23 23 23 23 23 23 23 23 23 23 23 23 23 23 23 23 23 23 23 23 23 23 23 23 23 23 23 23 23 23 23 23 23 23 23 23 23 23 23 23 23 23 23 23 23 23 23 23 23 23 23 23 23 23 23 23 23 23 23 23 23 23 23 23 23 23 23 23 23 23 23 23 23 23 23 23 23 23 23 23 23 23 23 23 23 23 23 23 23 23 23 23 23 24 24 24 24 24 24 24 24 24 24 24 24 24 24 24 24 24 24 24 24 24 24 24 24 24 24 24 24 24 24 24 24 24 24 24 24 24 24 24 24 24 24 24 24 24 24 24 24 24 24 24 24 24 24 24 24 24 24 24 24 24 24 24 24 24 24 24 24 24 24 24 24 24 24 24 24 24 24 24 24 24 24 24 24 24 24 24 24 24 24 24 24 24 24 24 24 24 24 24 24 25 25 25 25 25 25 25 25 25 25 25 25 25 25 25 25 25 25 25 25 25 25 25 25 25 25 25 25 25 25 25 25 25 25 25 25 25 25 25 25 25 25 25 25 25 25 25 25 25 25 25 25 25 25 25 25 25 25 25 25 25 25 25 25 25 25 25 25 25 25 25 25 25 25 25 25 25 25 25 25 25 25 25 25 25 25 25 25 25 25 25 25 25 25 25 25 25 25 25 25 26 26 26 26 26 26 26 26 26 26 26 26 26 26 26 26 26 26 26 26 26 26 26 26 26 26 26 26 26 26 26 26 26 26 26 26 26 26 26 26 26 26 26 26 26 26 26 26 26 26 26 26 26 26 26 26 26 26 26 26 26 26 26 26 26 26 26 26 26 26 26 26 26 26 26 26 26 26 26 26 26 26 26 26 26 26 26 26 26 26 26 26 26 26 26 26 26 26 26 26 27 27 27 27 27 27 27 27 27 27 27 27 27 27 27 27 27 27 27 27 27 27 27 27 27 27 27 27 27 27 27 27 27 27 27 27 27 27 27 27 27 27 27 27 27 27 27 27 27 27 27 27 27 27 27 27 27 27 27 27 27 27 27 27 27 27 27 27 27 27 27 27 27 27 27 27 27 27 27 27 27 27 27 27 27 27 27 27 27 27 27 27 27 27 27 27 27 27 27 27 28 28 28 28 28 28 28 28 28 28 28 28 28 28 28 28 28 28 28 28 28 28 28 28 28 28 28 28 28 28 28 28 28 28 28 28 28 28 28 28 28 28 28 28 28 28 28 28 28 28 28 28 28 28 28 28 28 28 28 28 28 28 28 28 28 28 28 28 28 28 28 28 28 28 28 28 28 28 28 28 28 28 28 28 28 28 28 28 28 28 28 28 28 28 28 28 28 28 28 28 29 29 29 29 29 29 29 29 29 29 29 29 29 29 29 29 29 29 29 29 29 29 29 29 29 29 29 29 29 29 29 29 29 29 29 29 29 29 29 29 29 29 29 29 29 29 29 29 29 29 29 29 29 29 29 29 29 29 29 29 29 29 29 29 29 29 29 29 29 29 29 29 29 29 29 29 29 29 29 29 29 29 29 29 29 29 29 29 29 29 29 29 29 29 29 29 29 29 29 29 30 30 30 30 30 30 30 30 30 30 30 30 30 30 30 30 30 30 30 30 30 30 30 30 30 30 30 30 30 30 30 30 30 30 30 30 30 30 30 30 30 30 30 30 30 30 30 30 30 30 30 30 30 30 30 30 30 30 30 30 30 30 30 30 30 30 30 30 30 30 30 30 30 30 30 30 30 30 30 30 30 30 30 30 30 30 30 30 30 30 30 30 30 30 30 30 30 30 30 30 31 31 31 31 31 31 31 31 31 31 31 31 31 31 31 31 31 31 31 31 31 31 31 31 31 31 31 31 31 31 31 31 31 31 31 31 31 31 31 31 31 31 31 31 31 31 31 31 31 31 31 31 31 31 31 31 31 31 31 31 31 31 31 31 31 31 31 31 31 31 31 31 31 31 31 31 31 31 31 31 31 31 31 31 31 31 31 31 31 31 31 31 31 31 31 31 31 31 31 31 32 32 32 32 32 32 32 32 32 32 32 32 32 32 32 32 32 32 32 32 32 32 32 32 32 32 32 32 32 32 32 32 32 32 32 32 32 32 32 32 32 32 32 32 32 32 32 32 32 32 32 32 32 32 32 32 32 32 32 32 32 32 32 32 32 32 32 32 32 32 32 32 32 32 32 32 32 32 32 32 32 32 32 32 32 32 32 32 32 32 32 32 32 32 32 32 32 32 32 32 33 33 33 33 33 33 33 33 33 33 33 33 33 33 33 33 33 33 33 33 33 33 33 33 33 33 33 33 33 33 33 33 33 33 33 33 33 33 33 33 33 33 33 33 33 33 33 33 33 33 33 33 33 33 33 33 33 33 33 33 33 33 33 33 33 33 33 33 33 33 33 33 33 33 33 33 33 33 33 33 33 33 33 33 33 33 33 33 33 33 33 33 33 33 33 33 33 33 33 33 34 34 34 34 34 34 34 34 34 34 34 34 34 34 34 34 34 34 34 34 34 34 34 34 34 34 34 34 34 34 34 34 34 34 34 34 34 34 34 34 34 34 34 34 34 34 34 34 34 34 34 34 34 34 34 34 34 34 34 34 34 34 34 34 34 34 34 34 34 34 34 34 34 34 34 34 34 34 34 34 34 34 34 34 34 34 34 34 34 34 34 34 34 34 34 34 34 34 34 34 35 35 35 35 35 35 35 35 35 35 35 35 35 35 35 35 35 35 35 35 35 35 35 35 35 35 35 35 35 35 35 35 35 35 35 35 35 35 35 35 35 35 35 35 35 35 35 35 35 35 35 35 35 35 35 35 35 35 35 35 35 35 35 35 35 35 35 35 35 35 35 35 35 35 35 35 35 35 35 35 35 35 35 35 35 35 35 35 35 35 35 35 35 35 35 35 35 35 35 35 36 36 36 36 36 36 36 36 36 36 36 36 36 36 36 36 36 36 36 36 36 36 36 36 36 36 36 36 36 36 36 36 36 36 36 36 36 36 36 36 36 36 36 36 36 36 36 36 36 36 36 36 36 36 36 36 36 36 36 36 36 36 36 36 36 36 36 36 36 36 36 36 36 36 36 36 36 36 36 36 36 36 36 36 36 36 36 36 36 36 36 36 36 36 36 36 36 36 36 36 37 37 37 37 37 37 37 37 37 37 37 37 37 37 37 37 37 37 37 37 37 37 37 37 37 37 37 37 37 37 37 37 37 37 37 37 37 37 37 37 37 37 37 37 37 37 37 37 37 37 37 37 37 37 37 37 37 37 37 37 37 37 37 37 37 37 37 37 37 37 37 37 37 37 37 37 37 37 37 37 37 37 37 37 37 37 37 37 37 37 37 37 37 37 37 37 37 37 37 37 38 38 38 38 38 38 38 38 38 38 38 38 38 38 38 38 38 38 38 38 38 38 38 38 38 38 38 38 38 38 38 38 38 38 38 38 38 38 38 38 38 38 38 38 38 38 38 38 38 38 38 38 38 38 38 38 38 38 38 38 38 38 38 38 38 38 38 38 38 38 38 38 38 38 38 38 38 38 38 38 38 38 38 38 38 38 38 38 38 38 38 38 38 38 38 38 38 38 38 38 39 39 39 39 39 39 39 39 39 39 39 39 39 39 39 39 39 39 39 39 39 39 39 39 39 39 39 39 39 39 39 39 39 39 39 39 39 39 39 39 39 39 39 39 39 39 39 39 39 39 39 39 39 39 39 39 39 39 39 39 39 39 39 39 39 39 39 39 39 39 39 39 39 39 39 39 39 39 39 39 39 39 39 39 39 39 39 39 39 39 39 39 39 39 39 39 39 39 39 39 40 40 40 40 40 40 40 40 40 40 40 40 40 40 40 40 40 40 40 40 40 40 40 40 40 40 40 40 40 40 40 40 40 40 40 40 40 40 40 40 40 40 40 40 40 40 40 40 40 40 40 40 40 40 40 40 40 40 40 40 40 40 40 40 40 40 40 40 40 40 40 40 40 40 40 40 40 40 40 40 40 40 40 40 40 40 40 40 40 40 40 40 40 40 40 40 40 40 40 40 41 41 41 41 41 41 41 41 41 41 41 41 41 41 41 41 41 41 41 41 41 41 41 41 41 41 41 41 41 41 41 41 41 41 41 41 41 41 41 41 41 41 41 41 41 41 41 41 41 41 41 41 41 41 41 41 41 41 41 41 41 41 41 41 41 41 41 41 41 41 41 41 41 41 41 41 41 41 41 41 41 41 41 41 41 41 41 41 41 41 41 41 41 41 41 41 41 41 41 41 42 42 42 42 42 42 42 42 42 42 42 42 42 42 42 42 42 42 42 42 42 42 42 42 42 42 42 42 42 42 42 42 42 42 42 42 42 42 42 42 42 42 42 42 42 42 42 42 42 42 42 42 42 42 42 42 42 42 42 42 42 42 42 42 42 42 42 42 42 42 42 42 42 42 42 42 42 42 42 42 42 42 42 42 42 42 42 42 42 42 42 42 42 42 42 42 42 42 42 42 43 43 43 43 43 43 43 43 43 43 43 43 43 43 43 43 43 43 43 43 43 43 43 43 43 43 43 43 43 43 43 43 43 43 43 43 43 43 43 43 43 43 43 43 43 43 43 43 43 43 43 43 43 43 43 43 43 43 43 43 43 43 43 43 43 43 43 43 43 43 43 43 43 43 43 43 43 43 43 43 43 43 43 43 43 43 43 43 43 43 43 43 43 43 43 43 43 43 43 43 44 44 44 44 44 44 44 44 44 44 44 44 44 44 44 44 44 44 44 44 44 44 44 44 44 44 44 44 44 44 44 44 44 44 44 44 44 44 44 44 44 44 44 44 44 44 44 44 44 44 44 44 44 44 44 44 44 44 44 44 44 44 44 44 44 44 44 44 44 44 44 44 44 44 44 44 44 44 44 44 44 44 44 44 44 44 44 44 44 44 44 44 44 44 44 44 44 44 44 44 45 45 45 45 45 45 45 45 45 45 45 45 45 45 45 45 45 45 45 45 45 45 45 45 45 45 45 45 45 45 45 45 45 45 45 45 45 45 45 45 45 45 45 45 45 45 45 45 45 45 45 45 45 45 45 45 45 45 45 45 45 45 45 45 45 45 45 45 45 45 45 45 45 45 45 45 45 45 45 45 45 45 45 45 45 45 45 45 45 45 45 45 45 45 45 45 45 45 45 45 46 46 46 46 46 46 46 46 46 46 46 46 46 46 46 46 46 46 46 46 46 46 46 46 46 46 46 46 46 46 46 46 46 46 46 46 46 46 46 46 46 46 46 46 46 46 46 46 46 46 46 46 46 46 46 46 46 46 46 46 46 46 46 46 46 46 46 46 46 46 46 46 46 46 46 46 46 46 46 46 46 46 46 46 46 46 46 46 46 46 46 46 46 46 46 46 46 46 46 46 47 47 47 47 47 47 47 47 47 47 47 47 47 47 47 47 47 47 47 47 47 47 47 47 47 47 47 47 47 47 47 47 47 47 47 47 47 47 47 47 47 47 47 47 47 47 47 47 47 47 47 47 47 47 47 47 47 47 47 47 47 47 47 47 47 47 47 47 47 47 47 47 47 47 47 47 47 47 47 47 47 47 47 47 47 47 47 47 47 47 47 47 47 47 47 47 47 47 47 47 48 48 48 48 48 48 48 48 48 48 48 48 48 48 48 48 48 48 48 48 48 48 48 48 48 48 48 48 48 48 48 48 48 48 48 48 48 48 48 48 48 48 48 48 48 48 48 48 48 48 48 48 48 48 48 48 48 48 48 48 48 48 48 48 48 48 48 48 48 48 48 48 48 48 48 48 48 48 48 48 48 48 48 48 48 48 48 48 48 48 48 48 48 48 48 48 48 48 48 48 49 49 49 49 49 49 49 49 49 49 49 49 49 49 49 49 49 49 49 49 49 49 49 49 49 49 49 49 49 49 49 49 49 49 49 49 49 49 49 49 49 49 49 49 49 49 49 49 49 49 49 49 49 49 49 49 49 49 49 49 49 49 49 49 49 49 49 49 49 49 49 49 49 49 49 49 49 49 49 49 49 49 49 49 49 49 49 49 49 49 49 49 49 49 49 49 49 49 49 49 50 50 50 50 50 50 50 50 50 50 50 50 50 50 50 50 50 50 50 50 50 50 50 50 50 50 50 50 50 50 50 50 50 50 50 50 50 50 50 50 50 50 50 50 50 50 50 50 50 50 50 50 50 50 50 50 50 50 50 50 50 50 50 50 50 50 50 50 50 50 50 50 50 50 50 50 50 50 50 50 50 50 50 50 50 50 50 50 50 50 50 50 50 50 50 50 50 50 50 50 51 51 51 51 51 51 51 51 51 51 51 51 51 51 51 51 51 51 51 51 51 51 51 51 51 51 51 51 51 51 51 51 51 51 51 51 51 51 51 51 51 51 51 51 51 51 51 51 51 51 51 51 51 51 51 51 51 51 51 51 51 51 51 51 51 51 51 51 51 51 51 51 51 51 51 51 51 51 51 51 51 51 51 51 51 51 51 51 51 51 51 51 51 51 51 51 51 51 51 51 52 52 52 52 52 52 52 52 52 52 52 52 52 52 52 52 52 52 52 52 52 52 52 52 52 52 52 52 52 52 52 52 52 52 52 52 52 52 52 52 52 52 52 52 52 52 52 52 52 52 52 52 52 52 52 52 52 52 52 52 52 52 52 52 52 52 52 52 52 52 52 52 52 52 52 52 52 52 52 52 52 52 52 52 52 52 52 52 52 52 52 52 52 52 52 52 52 52 52 52 53 53 53 53 53 53 53 53 53 53 53 53 53 53 53 53 53 53 53 53 53 53 53 53 53 53 53 53 53 53 53 53 53 53 53 53 53 53 53 53 53 53 53 53 53 53 53 53 53 53 53 53 53 53 53 53 53 53 53 53 53 53 53 53 53 53 53 53 53 53 53 53 53 53 53 53 53 53 53 53 53 53 53 53 53 53 53 53 53 53 53 53 53 53 53 53 53 53 53 53 54 54 54 54 54 54 54 54 54 54 54 54 54 54 54 54 54 54 54 54 54 54 54 54 54 54 54 54 54 54 54 54 54 54 54 54 54 54 54 54 54 54 54 54 54 54 54 54 54 54 54 54 54 54 54 54 54 54 54 54 54 54 54 54 54 54 54 54 54 54 54 54 54 54 54 54 54 54 54 54 54 54 54 54 54 54 54 54 54 54 54 54 54 54 54 54 54 54 54 54 55 55 55 55 55 55 55 55 55 55 55 55 55 55 55 55 55 55 55 55 55 55 55 55 55 55 55 55 55 55 55 55 55 55 55 55 55 55 55 55 55 55 55 55 55 55 55 55 55 55 55 55 55 55 55 55 55 55 55 55 55 55 55 55 55 55 55 55 55 55 55 55 55 55 55 55 55 55 55 55 55 55 55 55 55 55 55 55 55 55 55 55 55 55 55 55 55 55 55 55 56 56 56 56 56 56 56 56 56 56 56 56 56 56 56 56 56 56 56 56 56 56 56 56 56 56 56 56 56 56 56 56 56 56 56 56 56 56 56 56 56 56 56 56 56 56 56 56 56 56 56 56 56 56 56 56 56 56 56 56 56 56 56 56 56 56 56 56 56 56 56 56 56 56 56 56 56 56 56 56 56 56 56 56 56 56 56 56 56 56 56 56 56 56 56 56 56 56 56 56 57 57 57 57 57 57 57 57 57 57 57 57 57 57 57 57 57 57 57 57 57 57 57 57 57 57 57 57 57 57 57 57 57 57 57 57 57 57 57 57 57 57 57 57 57 57 57 57 57 57 57 57 57 57 57 57 57 57 57 57 57 57 57 57 57 57 57 57 57 57 57 57 57 57 57 57 57 57 57 57 57 57 57 57 57 57 57 57 57 57 57 57 57 57 57 57 57 57 57 57 58 58 58 58 58 58 58 58 58 58 58 58 58 58 58 58 58 58 58 58 58 58 58 58 58 58 58 58 58 58 58 58 58 58 58 58 58 58 58 58 58 58 58 58 58 58 58 58 58 58 58 58 58 58 58 58 58 58 58 58 58 58 58 58 58 58 58 58 58 58 58 58 58 58 58 58 58 58 58 58 58 58 58 58 58 58 58 58 58 58 58 58 58 58 58 58 58 58 58 58 59 59 59 59 59 59 59 59 59 59 59 59 59 59 59 59 59 59 59 59 59 59 59 59 59 59 59 59 59 59 59 59 59 59 59 59 59 59 59 59 59 59 59 59 59 59 59 59 59 59 59 59 59 59 59 59 59 59 59 59 59 59 59 59 59 59 59 59 59 59 59 59 59 59 59 59 59 59 59 59 59 59 59 59 59 59 59 59 59 59 59 59 59 59 59 59 59 59 59 59 60 60 60 60 60 60 60 60 60 60 60 60 60 60 60 60 60 60 60 60 60 60 60 60 60 60 60 60 60 60 60 60 60 60 60 60 60 60 60 60 60 60 60 60 60 60 60 60 60 60 60 60 60 60 60 60 60 60 60 60 60 60 60 60 60 60 60 60 60 60 60 60 60 60 60 60 60 60 60 60 60 60 60 60 60 60 60 60 60 60 60 60 60 60 60 60 60 60 60 60 61 61 61 61 61 61 61 61 61 61 61 61 61 61 61 61 61 61 61 61 61 61 61 61 61 61 61 61 61 61 61 61 61 61 61 61 61 61 61 61 61 61 61 61 61 61 61 61 61 61 61 61 61 61 61 61 61 61 61 61 61 61 61 61 61 61 61 61 61 61 61 61 61 61 61 61 61 61 61 61 61 61 61 61 61 61 61 61 61 61 61 61 61 61 61 61 61 61 61 61 62 62 62 62 62 62 62 62 62 62 62 62 62 62 62 62 62 62 62 62 62 62 62 62 62 62 62 62 62 62 62 62 62 62 62 62 62 62 62 62 62 62 62 62 62 62 62 62 62 62 62 62 62 62 62 62 62 62 62 62 62 62 62 62 62 62 62 62 62 62 62 62 62 62 62 62 62 62 62 62 62 62 62 62 62 62 62 62 62 62 62 62 62 62 62 62 62 62 62 62 63 63 63 63 63 63 63 63 63 63 63 63 63 63 63 63 63 63 63 63 63 63 63 63 63 63 63 63 63 63 63 63 63 63 63 63 63 63 63 63 63 63 63 63 63 63 63 63 63 63 63 63 63 63 63 63 63 63 63 63 63 63 63 63 63 63 63 63 63 63 63 63 63 63 63 63 63 63 63 63 63 63 63 63 63 63 63 63 63 63 63 63 63 63 63 63 63 63 63 63 64 64 64 64 64 64 64 64 64 64 64 64 64 64 64 64 64 64 64 64 64 64 64 64 64 64 64 64 64 64 64 64 64 64 64 64 64 64 64 64 64 64 64 64 64 64 64 64 64 64 64 64 64 64 64 64 64 64 64 64 64 64 64 64 64 64 64 64 64 64 64 64 64 64 64 64 64 64 64 64 64 64 64 64 64 64 64 64 64 64 64 64 64 64 64 64 64 64 64 64 65 65 65 65 65 65 65 65 65 65 65 65 65 65 65 65 65 65 65 65 65 65 65 65 65 65 65 65 65 65 65 65 65 65 65 65 65 65 65 65 65 65 65 65 65 65 65 65 65 65 65 65 65 65 65 65 65 65 65 65 65 65 65 65 65 65 65 65 65 65 65 65 65 65 65 65 65 65 65 65 65 65 65 65 65 65 65 65 65 65 65 65 65 65 65 65 65 65 65 65 66 66 66 66 66 66 66 66 66 66 66 66 66 66 66 66 66 66 66 66 66 66 66 66 66 66 66 66 66 66 66 66 66 66 66 66 66 66 66 66 66 66 66 66 66 66 66 66 66 66 66 66 66 66 66 66 66 66 66 66 66 66 66 66 66 66 66 66 66 66 66 66 66 66 66 66 66 66 66 66 66 66 66 66 66 66 66 66 66 66 66 66 66 66 66 66 66 66 66 66 67 67 67 67 67 67 67 67 67 67 67 67 67 67 67 67 67 67 67 67 67 67 67 67 67 67 67 67 67 67 67 67 67 67 67 67 67 67 67 67 67 67 67 67 67 67 67 67 67 67 67 67 67 67 67 67 67 67 67 67 67 67 67 67 67 67 67 67 67 67 67 67 67 67 67 67 67 67 67 67 67 67 67 67 67 67 67 67 67 67 67 67 67 67 67 67 67 67 67 67 68 68 68 68 68 68 68 68 68 68 68 68 68 68 68 68 68 68 68 68 68 68 68 68 68 68 68 68 68 68 68 68 68 68 68 68 68 68 68 68 68 68 68 68 68 68 68 68 68 68 68 68 68 68 68 68 68 68 68 68 68 68 68 68 68 68 68 68 68 68 68 68 68 68 68 68 68 68 68 68 68 68 68 68 68 68 68 68 68 68 68 68 68 68 68 68 68 68 68 68 69 69 69 69 69 69 69 69 69 69 69 69 69 69 69 69 69 69 69 69 69 69 69 69 69 69 69 69 69 69 69 69 69 69 69 69 69 69 69 69 69 69 69 69 69 69 69 69 69 69 69 69 69 69 69 69 69 69 69 69 69 69 69 69 69 69 69 69 69 69 69 69 69 69 69 69 69 69 69 69 69 69 69 69 69 69 69 69 69 69 69 69 69 69 69 69 69 69 69 69 70 70 70 70 70 70 70 70 70 70 70 70 70 70 70 70 70 70 70 70 70 70 70 70 70 70 70 70 70 70 70 70 70 70 70 70 70 70 70 70 70 70 70 70 70 70 70 70 70 70 70 70 70 70 70 70 70 70 70 70 70 70 70 70 70 70 70 70 70 70 70 70 70 70 70 70 70 70 70 70 70 70 70 70 70 70 70 70 70 70 70 70 70 70 70 70 70 70 70 70 71 71 71 71 71 71 71 71 71 71 71 71 71 71 71 71 71 71 71 71 71 71 71 71 71 71 71 71 71 71 71 71 71 71 71 71 71 71 71 71 71 71 71 71 71 71 71 71 71 71 71 71 71 71 71 71 71 71 71 71 71 71 71 71 71 71 71 71 71 71 71 71 71 71 71 71 71 71 71 71 71 71 71 71 71 71 71 71 71 71 71 71 71 71 71 71 71 71 71 71 72 72 72 72 72 72 72 72 72 72 72 72 72 72 72 72 72 72 72 72 72 72 72 72 72 72 72 72 72 72 72 72 72 72 72 72 72 72 72 72 72 72 72 72 72 72 72 72 72 72 72 72 72 72 72 72 72 72 72 72 72 72 72 72 72 72 72 72 72 72 72 72 72 72 72 72 72 72 72 72 72 72 72 72 72 72 72 72 72 72 72 72 72 72 72 72 72 72 72 72 73 73 73 73 73 73 73 73 73 73 73 73 73 73 73 73 73 73 73 73 73 73 73 73 73 73 73 73 73 73 73 73 73 73 73 73 73 73 73 73 73 73 73 73 73 73 73 73 73 73 73 73 73 73 73 73 73 73 73 73 73 73 73 73 73 73 73 73 73 73 73 73 73 73 73 73 73 73 73 73 73 73 73 73 73 73 73 73 73 73 73 73 73 73 73 73 73 73 73 73 74 74 74 74 74 74 74 74 74 74 74 74 74 74 74 74 74 74 74 74 74 74 74 74 74 74 74 74 74 74 74 74 74 74 74 74 74 74 74 74 74 74 74 74 74 74 74 74 74 74 74 74 74 74 74 74 74 74 74 74 74 74 74 74 74 74 74 74 74 74 74 74 74 74 74 74 74 74 74 74 74 74 74 74 74 74 74 74 74 74 74 74 74 74 74 74 74 74 74 74 75 75 75 75 75 75 75 75 75 75 75 75 75 75 75 75 75 75 75 75 75 75 75 75 75 75 75 75 75 75 75 75 75 75 75 75 75 75 75 75 75 75 75 75 75 75 75 75 75 75 75 75 75 75 75 75 75 75 75 75 75 75 75 75 75 75 75 75 75 75 75 75 75 75 75 75 75 75 75 75 75 75 75 75 75 75 75 75 75 75 75 75 75 75 75 75 75 75 75 75 76 76 76 76 76 76 76 76 76 76 76 76 76 76 76 76 76 76 76 76 76 76 76 76 76 76 76 76 76 76 76 76 76 76 76 76 76 76 76 76 76 76 76 76 76 76 76 76 76 76 76 76 76 76 76 76 76 76 76 76 76 76 76 76 76 76 76 76 76 76 76 76 76 76 76 76 76 76 76 76 76 76 76 76 76 76 76 76 76 76 76 76 76 76 76 76 76 76 76 76 77 77 77 77 77 77 77 77 77 77 77 77 77 77 77 77 77 77 77 77 77 77 77 77 77 77 77 77 77 77 77 77 77 77 77 77 77 77 77 77 77 77 77 77 77 77 77 77 77 77 77 77 77 77 77 77 77 77 77 77 77 77 77 77 77 77 77 77 77 77 77 77 77 77 77 77 77 77 77 77 77 77 77 77 77 77 77 77 77 77 77 77 77 77 77 77 77 77 77 77 78 78 78 78 78 78 78 78 78 78 78 78 78 78 78 78 78 78 78 78 78 78 78 78 78 78 78 78 78 78 78 78 78 78 78 78 78 78 78 78 78 78 78 78 78 78 78 78 78 78 78 78 78 78 78 78 78 78 78 78 78 78 78 78 78 78 78 78 78 78 78 78 78 78 78 78 78 78 78 78 78 78 78 78 78 78 78 78 78 78 78 78 78 78 78 78 78 78 78 78 79 79 79 79 79 79 79 79 79 79 79 79 79 79 79 79 79 79 79 79 79 79 79 79 79 79 79 79 79 79 79 79 79 79 79 79 79 79 79 79 79 79 79 79 79 79 79 79 79 79 79 79 79 79 79 79 79 79 79 79 79 79 79 79 79 79 79 79 79 79 79 79 79 79 79 79 79 79 79 79 79 79 79 79 79 79 79 79 79 79 79 79 79 79 79 79 79 79 79 79 80 80 80 80 80 80 80 80 80 80 80 80 80 80 80 80 80 80 80 80 80 80 80 80 80 80 80 80 80 80 80 80 80 80 80 80 80 80 80 80 80 80 80 80 80 80 80 80 80 80 80 80 80 80 80 80 80 80 80 80 80 80 80 80 80 80 80 80 80 80 80 80 80 80 80 80 80 80 80 80 80 80 80 80 80 80 80 80 80 80 80 80 80 80 80 80 80 80 80 80 81 81 81 81 81 81 81 81 81 81 81 81 81 81 81 81 81 81 81 81 81 81 81 81 81 81 81 81 81 81 81 81 81 81 81 81 81 81 81 81 81 81 81 81 81 81 81 81 81 81 81 81 81 81 81 81 81 81 81 81 81 81 81 81 81 81 81 81 81 81 81 81 81 81 81 81 81 81 81 81 81 81 81 81 81 81 81 81 81 81 81 81 81 81 81 81 81 81 81 81 82 82 82 82 82 82 82 82 82 82 82 82 82 82 82 82 82 82 82 82 82 82 82 82 82 82 82 82 82 82 82 82 82 82 82 82 82 82 82 82 82 82 82 82 82 82 82 82 82 82 82 82 82 82 82 82 82 82 82 82 82 82 82 82 82 82 82 82 82 82 82 82 82 82 82 82 82 82 82 82 82 82 82 82 82 82 82 82 82 82 82 82 82 82 82 82 82 82 82 82 83 83 83 83 83 83 83 83 83 83 83 83 83 83 83 83 83 83 83 83 83 83 83 83 83 83 83 83 83 83 83 83 83 83 83 83 83 83 83 83 83 83 83 83 83 83 83 83 83 83 83 83 83 83 83 83 83 83 83 83 83 83 83 83 83 83 83 83 83 83 83 83 83 83 83 83 83 83 83 83 83 83 83 83 83 83 83 83 83 83 83 83 83 83 83 83 83 83 83 83 84 84 84 84 84 84 84 84 84 84 84 84 84 84 84 84 84 84 84 84 84 84 84 84 84 84 84 84 84 84 84 84 84 84 84 84 84 84 84 84 84 84 84 84 84 84 84 84 84 84 84 84 84 84 84 84 84 84 84 84 84 84 84 84 84 84 84 84 84 84 84 84 84 84 84 84 84 84 84 84 84 84 84 84 84 84 84 84 84 84 84 84 84 84 84 84 84 84 84 84 85 85 85 85 85 85 85 85 85 85 85 85 85 85 85 85 85 85 85 85 85 85 85 85 85 85 85 85 85 85 85 85 85 85 85 85 85 85 85 85 85 85 85 85 85 85 85 85 85 85 85 85 85 85 85 85 85 85 85 85 85 85 85 85 85 85 85 85 85 85 85 85 85 85 85 85 85 85 85 85 85 85 85 85 85 85 85 85 85 85 85 85 85 85 85 85 85 85 85 85 86 86 86 86 86 86 86 86 86 86 86 86 86 86 86 86 86 86 86 86 86 86 86 86 86 86 86 86 86 86 86 86 86 86 86 86 86 86 86 86 86 86 86 86 86 86 86 86 86 86 86 86 86 86 86 86 86 86 86 86 86 86 86 86 86 86 86 86 86 86 86 86 86 86 86 86 86 86 86 86 86 86 86 86 86 86 86 86 86 86 86 86 86 86 86 86 86 86 86 86 87 87 87 87 87 87 87 87 87 87 87 87 87 87 87 87 87 87 87 87 87 87 87 87 87 87 87 87 87 87 87 87 87 87 87 87 87 87 87 87 87 87 87 87 87 87 87 87 87 87 87 87 87 87 87 87 87 87 87 87 87 87 87 87 87 87 87 87 87 87 87 87 87 87 87 87 87 87 87 87 87 87 87 87 87 87 87 87 87 87 87 87 87 87 87 87 87 87 87 87 88 88 88 88 88 88 88 88 88 88 88 88 88 88 88 88 88 88 88 88 88 88 88 88 88 88 88 88 88 88 88 88 88 88 88 88 88 88 88 88 88 88 88 88 88 88 88 88 88 88 88 88 88 88 88 88 88 88 88 88 88 88 88 88 88 88 88 88 88 88 88 88 88 88 88 88 88 88 88 88 88 88 88 88 88 88 88 88 88 88 88 88 88 88 88 88 88 88 88 88 89 89 89 89 89 89 89 89 89 89 89 89 89 89 89 89 89 89 89 89 89 89 89 89 89 89 89 89 89 89 89 89 89 89 89 89 89 89 89 89 89 89 89 89 89 89 89 89 89 89 89 89 89 89 89 89 89 89 89 89 89 89 89 89 89 89 89 89 89 89 89 89 89 89 89 89 89 89 89 89 89 89 89 89 89 89 89 89 89 89 89 89 89 89 89 89 89 89 89 89 90 90 90 90 90 90 90 90 90 90 90 90 90 90 90 90 90 90 90 90 90 90 90 90 90 90 90 90 90 90 90 90 90 90 90 90 90 90 90 90 90 90 90 90 90 90 90 90 90 90 90 90 90 90 90 90 90 90 90 90 90 90 90 90 90 90 90 90 90 90 90 90 90 90 90 90 90 90 90 90 90 90 90 90 90 90 90 90 90 90 90 90 90 90 90 90 90 90 90 90 91 91 91 91 91 91 91 91 91 91 91 91 91 91 91 91 91 91 91 91 91 91 91 91 91 91 91 91 91 91 91 91 91 91 91 91 91 91 91 91 91 91 91 91 91 91 91 91 91 91 91 91 91 91 91 91 91 91 91 91 91 91 91 91 91 91 91 91 91 91 91 91 91 91 91 91 91 91 91 91 91 91 91 91 91 91 91 91 91 91 91 91 91 91 91 91 91 91 91 91 92 92 92 92 92 92 92 92 92 92 92 92 92 92 92 92 92 92 92 92 92 92 92 92 92 92 92 92 92 92 92 92 92 92 92 92 92 92 92 92 92 92 92 92 92 92 92 92 92 92 92 92 92 92 92 92 92 92 92 92 92 92 92 92 92 92 92 92 92 92 92 92 92 92 92 92 92 92 92 92 92 92 92 92 92 92 92 92 92 92 92 92 92 92 92 92 92 92 92 92 93 93 93 93 93 93 93 93 93 93 93 93 93 93 93 93 93 93 93 93 93 93 93 93 93 93 93 93 93 93 93 93 93 93 93 93 93 93 93 93 93 93 93 93 93 93 93 93 93 93 93 93 93 93 93 93 93 93 93 93 93 93 93 93 93 93 93 93 93 93 93 93 93 93 93 93 93 93 93 93 93 93 93 93 93 93 93 93 93 93 93 93 93 93 93 93 93 93 93 93 94 94 94 94 94 94 94 94 94 94 94 94 94 94 94 94 94 94 94 94 94 94 94 94 94 94 94 94 94 94 94 94 94 94 94 94 94 94 94 94 94 94 94 94 94 94 94 94 94 94 94 94 94 94 94 94 94 94 94 94 94 94 94 94 94 94 94 94 94 94 94 94 94 94 94 94 94 94 94 94 94 94 94 94 94 94 94 94 94 94 94 94 94 94 94 94 94 94 94 94 95 95 95 95 95 95 95 95 95 95 95 95 95 95 95 95 95 95 95 95 95 95 95 95 95 95 95 95 95 95 95 95 95 95 95 95 95 95 95 95 95 95 95 95 95 95 95 95 95 95 95 95 95 95 95 95 95 95 95 95 95 95 95 95 95 95 95 95 95 95 95 95 95 95 95 95 95 95 95 95 95 95 95 95 95 95 95 95 95 95 95 95 95 95 95 95 95 95 95 95 96 96 96 96 96 96 96 96 96 96 96 96 96 96 96 96 96 96 96 96 96 96 96 96 96 96 96 96 96 96 96 96 96 96 96 96 96 96 96 96 96 96 96 96 96 96 96 96 96 96 96 96 96 96 96 96 96 96 96 96 96 96 96 96 96 96 96 96 96 96 96 96 96 96 96 96 96 96 96 96 96 96 96 96 96 96 96 96 96 96 96 96 96 96 96 96 96 96 96 96 97 97 97 97 97 97 97 97 97 97 97 97 97 97 97 97 97 97 97 97 97 97 97 97 97 97 97 97 97 97 97 97 97 97 97 97 97 97 97 97 97 97 97 97 97 97 97 97 97 97 97 97 97 97 97 97 97 97 97 97 97 97 97 97 97 97 97 97 97 97 97 97 97 97 97 97 97 97 97 97 97 97 97 97 97 97 97 97 97 97 97 97 97 97 97 97 97 97 97 97 98 98 98 98 98 98 98 98 98 98 98 98 98 98 98 98 98 98 98 98 98 98 98 98 98 98 98 98 98 98 98 98 98 98 98 98 98 98 98 98 98 98 98 98 98 98 98 98 98 98 98 98 98 98 98 98 98 98 98 98 98 98 98 98 98 98 98 98 98 98 98 98 98 98 98 98 98 98 98 98 98 98 98 98 98 98 98 98 98 98 98 98 98 98 98 98 98 98 98 98 99 99 99 99 99 99 99 99 99 99 99 99 99 99 99 99 99 99 99 99 99 99 99 99 99 99 99 99 99 99 99 99 99 99 99 99 99 99 99 99 99 99 99 99 99 99 99 99 99 99 99 99 99 99 99 99 99 99 99 99 99 99 99 99 99 99 99 99 99 99 99 99 99 99 99 99 99 99 99 99 99 99 99 99 99 99 99 99 99 99 99 99 99 99 99 99 99 99 99 99 
</Matrix>
   <Matrix name="neuronTypes" type="complete" rows="1" columns="10000" multiplier="1.0">
   2 2 1 2 2 2 2 2 2 2 2 2 1 2 2 2 2 2 2 2 2 2 1 2 2 2 2 2 2 2 2 2 1 2 2 2 2 2 2 2 2 2 1 2 2 2 2 2 2 2 2 2 1 2 2 2 2 2 2 2 2 2 1 2 2 2 2 2 2 2 2 2 1 2 2 2 2 2 2 2 2 2 1 2 2 2 2 2 2 2 2 2 1 2 2 2 2 2 2 2 2 2 2 2 2 2 2 2 2 2 2 2 2 2 2 2 2 2 2 2 2 2 2 2 2 2 2 2 2 2 2 2 2 2 2 2 2 2 2 2 2 2 2 2 2 2 2 2 2 2 2 2 2 2 2 2 2 2 2 2 2 2 2 2 2 2 2 2 2 2 2 2 2 2 2 2 2 2 2 2 2 2 2 2 2 2 2 2 2 2 2 2 2 2 2 2 2 2 2 2 2 2 2 2 2 1 2 2 1 2 2 2 2 2 2 1 2 2 1 2 2 2 2 2 2 1 2 2 1 2 2 2 2 2 2 1 2 2 1 2 2 2 2 2 2 1 2 2 1 2 2 2 2 2 2 1 2 2 1 2 2 2 2 2 2 1 2 2 1 2 2 2 2 2 2 1 2 2 1 2 2 2 2 2 2 1 2 2 1 2 2 2 2 2 2 1 2 2 1 2 2 2 1 2 2 2 2 2 2 2 2 2 1 2 2 2 2 2 2 2 2 2 1 2 2 2 2 2 2 2 2 2 1 2 2 2 2 2 2 2 2 2 1 2 2 2 2 2 2 2 2 2 1 2 2 2 2 2 2 2 2 2 1 2 2 2 2 2 2 2 2 2 1 2 2 2 2 2 2 2 2 2 1 2 2 2 2 2 2 2 2 2 1 2 2 2 2 2 2 2 2 2 2 2 2 2 2 2 2 2 2 2 2 2 2 2 2 2 2 2 2 2 2 2 2 2 2 2 2 2 2 2 2 2 2 2 2 2 2 2 2 2 2 2 2 2 2 2 2 2 2 2 2 2 2 2 2 2 2 2 2 2 2 2 2 2 2 2 2 2 2 2 2 2 2 2 2 2 2 2 2 2 2 2 2 2 2 2 2 2 2 2 2 2 2 2 2 2 2 2 2 2 2 2 2 1 2 2 1 2 2 2 2 2 2 1 2 2 1 2 2 2 2 2 2 1 2 2 1 2 2 2 2 2 2 1 2 2 1 2 2 2 2 2 2 1 2 2 1 2 2 2 2 2 2 1 2 2 1 2 2 2 2 2 2 1 2 2 1 2 2 2 2 2 2 1 2 2 1 2 2 2 2 2 2 1 2 2 1 2 2 2 2 2 2 1 2 2 1 2 2 2 1 2 2 2 2 2 2 2 2 2 1 2 2 2 2 2 2 2 2 2 1 2 2 2 2 2 2 2 2 2 1 2 2 2 2 2 2 2 2 2 1 2 2 2 2 2 2 2 2 2 1 2 2 2 2 2 2 2 2 2 1 2 2 2 2 2 2 2 2 2 1 2 2 2 2 2 2 2 2 2 1 2 2 2 2 2 2 2 2 2 1 2 2 2 2 2 2 2 2 2 2 2 2 2 2 2 2 2 2 2 2 2 2 2 2 2 2 2 2 2 2 2 2 2 2 2 2 2 2 2 2 2 2 2 2 2 2 2 2 2 2 2 2 2 2 2 2 2 2 2 2 2 2 2 2 2 2 2 2 2 2 2 2 2 2 2 2 2 2 2 2 2 2 2 2 2 2 2 2 2 2 2 2 2 2 2 2 2 2 2 2 2 2 2 2 2 2 2 2 2 2 2 2 1 2 2 1 2 2 2 2 2 2 1 2 2 1 2 2 2 2 2 2 1 2 2 1 2 2 2 2 2 2 1 2 2 1 2 2 2 2 2 2 1 2 2 1 2 2 2 2 2 2 1 2 2 1 2 2 2 2 2 2 1 2 2 1 2 2 2 2 2 2 1 2 2 1 2 2 2 2 2 2 1 2 2 1 2 2 2 2 2 2 1 2 2 1 2 2 2 1 2 2 2 2 2 2 2 2 2 1 2 2 2 2 2 2 2 2 2 1 2 2 2 2 2 2 2 2 2 1 2 2 2 2 2 2 2 2 2 1 2 2 2 2 2 2 2 2 2 1 2 2 2 2 2 2 2 2 2 1 2 2 2 2 2 2 2 2 2 1 2 2 2 2 2 2 2 2 2 1 2 2 2 2 2 2 2 2 2 1 2 2 2 2 2 2 2 2 2 2 2 2 2 2 2 1 2 2 2 2 2 2 2 2 2 1 2 2 2 2 2 2 2 2 2 1 2 2 2 2 2 2 2 2 2 1 2 2 2 2 2 2 2 2 2 1 2 2 2 2 2 2 2 2 2 1 2 2 2 2 2 2 2 2 2 1 2 2 2 2 2 2 2 2 2 1 2 2 2 2 2 2 2 2 2 1 2 2 2 2 2 2 2 2 2 1 2 2 2 2 2 2 2 2 2 2 2 2 2 2 2 2 2 2 2 2 2 2 2 2 2 2 2 2 2 2 2 2 2 2 2 2 2 2 2 2 2 2 2 2 2 2 2 2 2 2 2 2 2 2 2 2 2 2 2 2 2 2 2 2 2 2 2 2 2 2 2 2 2 2 2 2 2 2 2 2 2 2 2 2 2 2 2 2 2 2 2 2 2 2 2 2 2 2 2 2 2 2 2 1 2 2 1 2 2 2 2 2 2 1 2 2 1 2 2 2 2 2 2 1 2 2 1 2 2 2 2 2 2 1 2 2 1 2 2 2 2 2 2 1 2 2 1 2 2 2 2 2 2 1 2 2 1 2 2 2 2 2 2 1 2 2 1 2 2 2 2 2 2 1 2 2 1 2 2 2 2 2 2 1 2 2 1 2 2 2 2 2 2 1 2 2 1 2 2 2 2 2 2 2 2 2 2 2 2 1 2 2 2 2 2 2 2 2 2 1 2 2 2 2 2 2 2 2 2 1 2 2 2 2 2 2 2 2 2 1 2 2 2 2 2 2 2 2 2 1 2 2 2 2 2 2 2 2 2 1 2 2 2 2 2 2 2 2 2 1 2 2 2 2 2 2 2 2 2 1 2 2 2 2 2 2 2 2 2 1 2 2 2 2 2 2 2 2 2 1 2 2 2 2 2 2 2 2 2 2 2 2 2 2 2 2 2 2 2 2 2 2 2 2 2 2 2 2 2 2 2 2 2 2 2 2 2 2 2 2 2 2 2 2 2 2 2 2 2 2 2 2 2 2 2 2 2 2 2 2 2 2 2 2 2 2 2 2 2 2 2 2 2 2 2 2 2 2 2 2 2 2 2 2 2 2 2 2 2 2 2 2 2 2 2 2 2 2 2 2 2 2 2 1 2 2 1 2 2 2 2 2 2 1 2 2 1 2 2 2 2 2 2 1 2 2 1 2 2 2 2 2 2 1 2 2 1 2 2 2 2 2 2 1 2 2 1 2 2 2 2 2 2 1 2 2 1 2 2 2 2 2 2 1 2 2 1 2 2 2 2 2 2 1 2 2 1 2 2 2 2 2 2 1 2 2 1 2 2 2 2 2 2 1 2 2 1 2 2 2 2 2 2 2 2 2 2 2 2 1 2 2 2 2 2 2 2 2 2 1 2 2 2 2 2 2 2 2 2 1 2 2 2 2 2 2 2 2 2 1 2 2 2 2 2 2 2 2 2 1 2 2 2 2 2 2 2 2 2 1 2 2 2 2 2 2 2 2 2 1 2 2 2 2 2 2 2 2 2 1 2 2 2 2 2 2 2 2 2 1 2 2 2 2 2 2 2 2 2 1 2 2 2 2 2 2 2 2 2 2 2 2 2 2 2 2 2 2 2 2 2 2 2 2 2 2 2 2 2 2 2 2 2 2 2 2 2 2 2 2 2 2 2 2 2 2 2 2 2 2 2 2 2 2 2 2 2 2 2 2 2 2 2 2 2 2 2 2 2 2 2 2 2 2 2 2 2 2 2 2 2 2 2 2 2 2 2 2 2 2 2 2 2 2 2 2 2 2 2 2 2 2 2 1 2 2 1 2 2 2 2 2 2 1 2 2 1 2 2 2 2 2 2 1 2 2 1 2 2 2 2 2 2 1 2 2 1 2 2 2 2 2 2 1 2 2 1 2 2 2 2 2 2 1 2 2 1 2 2 2 2 2 2 1 2 2 1 2 2 2 2 2 2 1 2 2 1 2 2 2 2 2 2 1 2 2 1 2 2 2 2 2 2 1 2 2 1 2 2 2 2 2 2 2 2 2 2 2 2 1 2 2 2 2 2 2 2 2 2 1 2 2 2 2 2 2 2 2 2 1 2 2 2 2 2 2 2 2 2 1 2 2 2 2 2 2 2 2 2 1 2 2 2 2 2 2 2 2 2 1 2 2 2 2 2 2 2 2 2 1 2 2 2 2 2 2 2 2 2 1 2 2 2 2 2 2 2 2 2 1 2 2 2 2 2 2 2 2 2 1 2 2 2 1 2 2 2 2 2 2 2 2 2 1 2 2 2 2 2 2 2 2 2 1 2 2 2 2 2 2 2 2 2 1 2 2 2 2 2 2 2 2 2 1 2 2 2 2 2 2 2 2 2 1 2 2 2 2 2 2 2 2 2 1 2 2 2 2 2 2 2 2 2 1 2 2 2 2 2 2 2 2 2 1 2 2 2 2 2 2 2 2 2 1 2 2 2 2 2 2 2 2 2 2 2 2 2 2 2 2 2 2 2 2 2 2 2 2 2 2 2 2 2 2 2 2 2 2 2 2 2 2 2 2 2 2 2 2 2 2 2 2 2 2 2 2 2 2 2 2 2 2 2 2 2 2 2 2 2 2 2 2 2 2 2 2 2 2 2 2 2 2 2 2 2 2 2 2 2 2 2 2 2 2 2 2 2 2 2 2 2 2 2 2 2 2 2 2 2 2 2 2 2 2 2 2 1 2 2 1 2 2 2 2 2 2 1 2 2 1 2 2 2 2 2 2 1 2 2 1 2 2 2 2 2 2 1 2 2 1 2 2 2 2 2 2 1 2 2 1 2 2 2 2 2 2 1 2 2 1 2 2 2 2 2 2 1 2 2 1 2 2 2 2 2 2 1 2 2 1 2 2 2 2 2 2 1 2 2 1 2 2 2 2 2 2 1 2 2 1 2 2 2 1 2 2 2 2 2 2 2 2 2 1 2 2 2 2 2 2 2 2 2 1 2 2 2 2 2 2 2 2 2 1 2 2 2 2 2 2 2 2 2 1 2 2 2 2 2 2 2 2 2 1 2 2 2 2 2 2 2 2 2 1 2 2 2 2 2 2 2 2 2 1 2 2 2 2 2 2 2 2 2 1 2 2 2 2 2 2 2 2 2 1 2 2 2 2 2 2 2 2 2 2 2 2 2 2 2 2 2 2 2 2 2 2 2 2 2 2 2 2 2 2 2 2 2 2 2 2 2 2 2 2 2 2 2 2 2 2 2 2 2 2 2 2 2 2 2 2 2 2 2 2 2 2 2 2 2 2 2 2 2 2 2 2 2 2 2 2 2 2 2 2 2 2 2 2 2 2 2 2 2 2 2 2 2 2 2 2 2 2 2 2 2 2 2 2 2 2 2 2 2 2 2 2 1 2 2 1 2 2 2 2 2 2 1 2 2 1 2 2 2 2 2 2 1 2 2 1 2 2 2 2 2 2 1 2 2 1 2 2 2 2 2 2 1 2 2 1 2 2 2 2 2 2 1 2 2 1 2 2 2 2 2 2 1 2 2 1 2 2 2 2 2 2 1 2 2 1 2 2 2 2 2 2 1 2 2 1 2 2 2 2 2 2 1 2 2 1 2 2 2 1 2 2 2 2 2 2 2 2 2 1 2 2 2 2 2 2 2 2 2 1 2 2 2 2 2 2 2 2 2 1 2 2 2 2 2 2 2 2 2 1 2 2 2 2 2 2 2 2 2 1 2 2 2 2 2 2 2 2 2 1 2 2 2 2 2 2 2 2 2 1 2 2 2 2 2 2 2 2 2 1 2 2 2 2 2 2 2 2 2 1 2 2 2 2 2 2 2 2 2 2 2 2 2 2 2 2 2 2 2 2 2 2 2 2 2 2 2 2 2 2 2 2 2 2 2 2 2 2 2 2 2 2 2 2 2 2 2 2 2 2 2 2 2 2 2 2 2 2 2 2 2 2 2 2 2 2 2 2 2 2 2 2 2 2 2 2 2 2 2 2 2 2 2 2 2 2 2 2 2 2 2 2 2 2 2 2 2 2 2 2 2 2 2 2 2 2 2 2 2 2 2 2 1 2 2 1 2 2 2 2 2 2 1 2 2 1 2 2 2 2 2 2 1 2 2 1 2 2 2 2 2 2 1 2 2 1 2 2 2 2 2 2 1 2 2 1 2 2 2 2 2 2 1 2 2 1 2 2 2 2 2 2 1 2 2 1 2 2 2 2 2 2 1 2 2 1 2 2 2 2 2 2 1 2 2 1 2 2 2 2 2 2 1 2 2 1 2 2 2 1 2 2 2 2 2 2 2 2 2 1 2 2 2 2 2 2 2 2 2 1 2 2 2 2 2 2 2 2 2 1 2 2 2 2 2 2 2 2 2 1 2 2 2 2 2 2 2 2 2 1 2 2 2 2 2 2 2 2 2 1 2 2 2 2 2 2 2 2 2 1 2 2 2 2 2 2 2 2 2 1 2 2 2 2 2 2 2 2 2 1 2 2 2 2 2 2 2 2 2 2 2 2 2 2 2 1 2 2 2 2 2 2 2 2 2 1 2 2 2 2 2 2 2 2 2 1 2 2 2 2 2 2 2 2 2 1 2 2 2 2 2 2 2 2 2 1 2 2 2 2 2 2 2 2 2 1 2 2 2 2 2 2 2 2 2 1 2 2 2 2 2 2 2 2 2 1 2 2 2 2 2 2 2 2 2 1 2 2 2 2 2 2 2 2 2 1 2 2 2 2 2 2 2 2 2 2 2 2 2 2 2 2 2 2 2 2 2 2 2 2 2 2 2 2 2 2 2 2 2 2 2 2 2 2 2 2 2 2 2 2 2 2 2 2 2 2 2 2 2 2 2 2 2 2 2 2 2 2 2 2 2 2 2 2 2 2 2 2 2 2 2 2 2 2 2 2 2 2 2 2 2 2 2 2 2 2 2 2 2 2 2 2 2 2 2 2 2 2 2 1 2 2 1 2 2 2 2 2 2 1 2 2 1 2 2 2 2 2 2 1 2 2 1 2 2 2 2 2 2 1 2 2 1 2 2 2 2 2 2 1 2 2 1 2 2 2 2 2 2 1 2 2 1 2 2 2 2 2 2 1 2 2 1 2 2 2 2 2 2 1 2 2 1 2 2 2 2 2 2 1 2 2 1 2 2 2 2 2 2 1 2 2 1 2 2 2 2 2 2 2 2 2 2 2 2 1 2 2 2 2 2 2 2 2 2 1 2 2 2 2 2 2 2 2 2 1 2 2 2 2 2 2 2 2 2 1 2 2 2 2 2 2 2 2 2 1 2 2 2 2 2 2 2 2 2 1 2 2 2 2 2 2 2 2 2 1 2 2 2 2 2 2 2 2 2 1 2 2 2 2 2 2 2 2 2 1 2 2 2 2 2 2 2 2 2 1 2 2 2 2 2 2 2 2 2 2 2 2 2 2 2 2 2 2 2 2 2 2 2 2 2 2 2 2 2 2 2 2 2 2 2 2 2 2 2 2 2 2 2 2 2 2 2 2 2 2 2 2 2 2 2 2 2 2 2 2 2 2 2 2 2 2 2 2 2 2 2 2 2 2 2 2 2 2 2 2 2 2 2 2 2 2 2 2 2 2 2 2 2 2 2 2 2 2 2 2 2 2 2 1 2 2 1 2 2 2 2 2 2 1 2 2 1 2 2 2 2 2 2 1 2 2 1 2 2 2 2 2 2 1 2 2 1 2 2 2 2 2 2 1 2 2 1 2 2 2 2 2 2 1 2 2 1 2 2 2 2 2 2 1 2 2 1 2 2 2 2 2 2 1 2 2 1 2 2 2 2 2 2 1 2 2 1 2 2 2 2 2 2 1 2 2 1 2 2 2 2 2 2 2 2 2 2 2 2 1 2 2 2 2 2 2 2 2 2 1 2 2 2 2 2 2 2 2 2 1 2 2 2 2 2 2 2 2 2 1 2 2 2 2 2 2 2 2 2 1 2 2 2 2 2 2 2 2 2 1 2 2 2 2 2 2 2 2 2 1 2 2 2 2 2 2 2 2 2 1 2 2 2 2 2 2 2 2 2 1 2 2 2 2 2 2 2 2 2 1 2 2 2 2 2 2 2 2 2 2 2 2 2 2 2 2 2 2 2 2 2 2 2 2 2 2 2 2 2 2 2 2 2 2 2 2 2 2 2 2 2 2 2 2 2 2 2 2 2 2 2 2 2 2 2 2 2 2 2 2 2 2 2 2 2 2 2 2 2 2 2 2 2 2 2 2 2 2 2 2 2 2 2 2 2 2 2 2 2 2 2 2 2 2 2 2 2 2 2 2 2 2 2 1 2 2 1 2 2 2 2 2 2 1 2 2 1 2 2 2 2 2 2 1 2 2 1 2 2 2 2 2 2 1 2 2 1 2 2 2 2 2 2 1 2 2 1 2 2 2 2 2 2 1 2 2 1 2 2 2 2 2 2 1 2 2 1 2 2 2 2 2 2 1 2 2 1 2 2 2 2 2 2 1 2 2 1 2 2 2 2 2 2 1 2 2 1 2 2 2 2 2 2 2 2 2 2 2 2 1 2 2 2 2 2 2 2 2 2 1 2 2 2 2 2 2 2 2 2 1 2 2 2 2 2 2 2 2 2 1 2 2 2 2 2 2 2 2 2 1 2 2 2 2 2 2 2 2 2 1 2 2 2 2 2 2 2 2 2 1 2 2 2 2 2 2 2 2 2 1 2 2 2 2 2 2 2 2 2 1 2 2 2 2 2 2 2 2 2 1 2 2 2 1 2 2 2 2 2 2 2 2 2 1 2 2 2 2 2 2 2 2 2 1 2 2 2 2 2 2 2 2 2 1 2 2 2 2 2 2 2 2 2 1 2 2 2 2 2 2 2 2 2 1 2 2 2 2 2 2 2 2 2 1 2 2 2 2 2 2 2 2 2 1 2 2 2 2 2 2 2 2 2 1 2 2 2 2 2 2 2 2 2 1 2 2 2 2 2 2 2 2 2 2 2 2 2 2 2 2 2 2 2 2 2 2 2 2 2 2 2 2 2 2 2 2 2 2 2 2 2 2 2 2 2 2 2 2 2 2 2 2 2 2 2 2 2 2 2 2 2 2 2 2 2 2 2 2 2 2 2 2 2 2 2 2 2 2 2 2 2 2 2 2 2 2 2 2 2 2 2 2 2 2 2 2 2 2 2 2 2 2 2 2 2 2 2 2 2 2 2 2 2 2 2 2 1 2 2 1 2 2 2 2 2 2 1 2 2 1 2 2 2 2 2 2 1 2 2 1 2 2 2 2 2 2 1 2 2 1 2 2 2 2 2 2 1 2 2 1 2 2 2 2 2 2 1 2 2 1 2 2 2 2 2 2 1 2 2 1 2 2 2 2 2 2 1 2 2 1 2 2 2 2 2 2 1 2 2 1 2 2 2 2 2 2 1 2 2 1 2 2 2 1 2 2 2 2 2 2 2 2 2 1 2 2 2 2 2 2 2 2 2 1 2 2 2 2 2 2 2 2 2 1 2 2 2 2 2 2 2 2 2 1 2 2 2 2 2 2 2 2 2 1 2 2 2 2 2 2 2 2 2 1 2 2 2 2 2 2 2 2 2 1 2 2 2 2 2 2 2 2 2 1 2 2 2 2 2 2 2 2 2 1 2 2 2 2 2 2 2 2 2 2 2 2 2 2 2 2 2 2 2 2 2 2 2 2 2 2 2 2 2 2 2 2 2 2 2 2 2 2 2 2 2 2 2 2 2 2 2 2 2 2 2 2 2 2 2 2 2 2 2 2 2 2 2 2 2 2 2 2 2 2 2 2 2 2 2 2 2 2 2 2 2 2 2 2 2 2 2 2 2 2 2 2 2 2 2 2 2 2 2 2 2 2 2 2 2 2 2 2 2 2 2 2 1 2 2 1 2 2 2 2 2 2 1 2 2 1 2 2 2 2 2 2 1 2 2 1 2 2 2 2 2 2 1 2 2 1 2 2 2 2 2 2 1 2 2 1 2 2 2 2 2 2 1 2 2 1 2 2 2 2 2 2 1 2 2 1 2 2 2 2 2 2 1 2 2 1 2 2 2 2 2 2 1 2 2 1 2 2 2 2 2 2 1 2 2 1 2 2 2 1 2 2 2 2 2 2 2 2 2 1 2 2 2 2 2 2 2 2 2 1 2 2 2 2 2 2 2 2 2 1 2 2 2 2 2 2 2 2 2 1 2 2 2 2 2 2 2 2 2 1 2 2 2 2 2 2 2 2 2 1 2 2 2 2 2 2 2 2 2 1 2 2 2 2 2 2 2 2 2 1 2 2 2 2 2 2 2 2 2 1 2 2 2 2 2 2 2 2 2 2 2 2 2 2 2 2 2 2 2 2 2 2 2 2 2 2 2 2 2 2 2 2 2 2 2 2 2 2 2 2 2 2 2 2 2 2 2 2 2 2 2 2 2 2 2 2 2 2 2 2 2 2 2 2 2 2 2 2 2 2 2 2 2 2 2 2 2 2 2 2 2 2 2 2 2 2 2 2 2 2 2 2 2 2 2 2 2 2 2 2 2 2 2 2 2 2 2 2 2 2 2 2 1 2 2 1 2 2 2 2 2 2 1 2 2 1 2 2 2 2 2 2 1 2 2 1 2 2 2 2 2 2 1 2 2 1 2 2 2 2 2 2 1 2 2 1 2 2 2 2 2 2 1 2 2 1 2 2 2 2 2 2 1 2 2 1 2 2 2 2 2 2 1 2 2 1 2 2 2 2 2 2 1 2 2 1 2 2 2 2 2 2 1 2 2 1 2 2 2 1 2 2 2 2 2 2 2 2 2 1 2 2 2 2 2 2 2 2 2 1 2 2 2 2 2 2 2 2 2 1 2 2 2 2 2 2 2 2 2 1 2 2 2 2 2 2 2 2 2 1 2 2 2 2 2 2 2 2 2 1 2 2 2 2 2 2 2 2 2 1 2 2 2 2 2 2 2 2 2 1 2 2 2 2 2 2 2 2 2 1 2 2 2 2 2 2 2 2 2 2 2 2 2 2 2 1 2 2 2 2 2 2 2 2 2 1 2 2 2 2 2 2 2 2 2 1 2 2 2 2 2 2 2 2 2 1 2 2 2 2 2 2 2 2 2 1 2 2 2 2 2 2 2 2 2 1 2 2 2 2 2 2 2 2 2 1 2 2 2 2 2 2 2 2 2 1 2 2 2 2 2 2 2 2 2 1 2 2 2 2 2 2 2 2 2 1 2 2 2 2 2 2 2 2 2 2 2 2 2 2 2 2 2 2 2 2 2 2 2 2 2 2 2 2 2 2 2 2 2 2 2 2 2 2 2 2 2 2 2 2 2 2 2 2 2 2 2 2 2 2 2 2 2 2 2 2 2 2 2 2 2 2 2 2 2 2 2 2 2 2 2 2 2 2 2 2 2 2 2 2 2 2 2 2 2 2 2 2 2 2 2 2 2 2 2 2 2 2 2 1 2 2 1 2 2 2 2 2 2 1 2 2 1 2 2 2 2 2 2 1 2 2 1 2 2 2 2 2 2 1 2 2 1 2 2 2 2 2 2 1 2 2 1 2 2 2 2 2 2 1 2 2 1 2 2 2 2 2 2 1 2 2 1 2 2 2 2 2 2 1 2 2 1 2 2 2 2 2 2 1 2 2 1 2 2 2 2 2 2 1 2 2 1 2 2 2 2 2 2 2 2 2 2 2 2 1 2 2 2 2 2 2 2 2 2 1 2 2 2 2 2 2 2 2 2 1 2 2 2 2 2 2 2 2 2 1 2 2 2 2 2 2 2 2 2 1 2 2 2 2 2 2 2 2 2 1 2 2 2 2 2 2 2 2 2 1 2 2 2 2 2 2 2 2 2 1 2 2 2 2 2 2 2 2 2 1 2 2 2 2 2 2 2 2 2 1 2 2 2 2 2 2 2 2 2 2 2 2 2 2 2 2 2 2 2 2 2 2 2 2 2 2 2 2 2 2 2 2 2 2 2 2 2 2 2 2 2 2 2 2 2 2 2 2 2 2 2 2 2 2 2 2 2 2 2 2 2 2 2 2 2 2 2 2 2 2 2 2 2 2 2 2 2 2 2 2 2 2 2 2 2 2 2 2 2 2 2 2 2 2 2 2 2 2 2 2 2 2 2 1 2 2 1 2 2 2 2 2 2 1 2 2 1 2 2 2 2 2 2 1 2 2 1 2 2 2 2 2 2 1 2 2 1 2 2 2 2 2 2 1 2 2 1 2 2 2 2 2 2 1 2 2 1 2 2 2 2 2 2 1 2 2 1 2 2 2 2 2 2 1 2 2 1 2 2 2 2 2 2 1 2 2 1 2 2 2 2 2 2 1 2 2 1 2 2 2 2 2 2 2 2 2 2 2 2 1 2 2 2 2 2 2 2 2 2 1 2 2 2 2 2 2 2 2 2 1 2 2 2 2 2 2 2 2 2 1 2 2 2 2 2 2 2 2 2 1 2 2 2 2 2 2 2 2 2 1 2 2 2 2 2 2 2 2 2 1 2 2 2 2 2 2 2 2 2 1 2 2 2 2 2 2 2 2 2 1 2 2 2 2 2 2 2 2 2 1 2 2 2 2 2 2 2 2 2 2 2 2 2 2 2 2 2 2 2 2 2 2 2 2 2 2 2 2 2 2 2 2 2 2 2 2 2 2 2 2 2 2 2 2 2 2 2 2 2 2 2 2 2 2 2 2 2 2 2 2 2 2 2 2 2 2 2 2 2 2 2 2 2 2 2 2 2 2 2 2 2 2 2 2 2 2 2 2 2 2 2 2 2 2 2 2 2 2 2 2 2 2 2 1 2 2 1 2 2 2 2 2 2 1 2 2 1 2 2 2 2 2 2 1 2 2 1 2 2 2 2 2 2 1 2 2 1 2 2 2 2 2 2 1 2 2 1 2 2 2 2 2 2 1 2 2 1 2 2 2 2 2 2 1 2 2 1 2 2 2 2 2 2 1 2 2 1 2 2 2 2 2 2 1 2 2 1 2 2 2 2 2 2 1 2 2 1 2 2 2 2 2 2 2 2 2 2 2 2 1 2 2 2 2 2 2 2 2 2 1 2 2 2 2 2 2 2 2 2 1 2 2 2 2 2 2 2 2 2 1 2 2 2 2 2 2 2 2 2 1 2 2 2 2 2 2 2 2 2 1 2 2 2 2 2 2 2 2 2 1 2 2 2 2 2 2 2 2 2 1 2 2 2 2 2 2 2 2 2 1 2 2 2 2 2 2 2 2 2 1 2 2 2 1 2 2 2 2 2 2 2 2 2 1 2 2 2 2 2 2 2 2 2 1 2 2 2 2 2 2 2 2 2 1 2 2 2 2 2 2 2 2 2 1 2 2 2 2 2 2 2 2 2 1 2 2 2 2 2 2 2 2 2 1 2 2 2 2 2 2 2 2 2 1 2 2 2 2 2 2 2 2 2 1 2 2 2 2 2 2 2 2 2 1 2 2 2 2 2 2 2 2 2 2 2 2 2 2 2 2 2 2 2 2 2 2 2 2 2 2 2 2 2 2 2 2 2 2 2 2 2 2 2 2 2 2 2 2 2 2 2 2 2 2 2 2 2 2 2 2 2 2 2 2 2 2 2 2 2 2 2 2 2 2 2 2 2 2 2 2 2 2 2 2 2 2 2 2 2 2 2 2 2 2 2 2 2 2 2 2 2 2 2 2 2 2 2 2 2 2 2 2 2 2 2 2 1 2 2 1 2 2 2 2 2 2 1 2 2 1 2 2 2 2 2 2 1 2 2 1 2 2 2 2 2 2 1 2 2 1 2 2 2 2 2 2 1 2 2 1 2 2 2 2 2 2 1 2 2 1 2 2 2 2 2 2 1 2 2 1 2 2 2 2 2 2 1 2 2 1 2 2 2 2 2 2 1 2 2 1 2 2 2 2 2 2 1 2 2 1 2 2 2 1 2 2 2 2 2 2 2 2 2 1 2 2 2 2 2 2 2 2 2 1 2 2 2 2 2 2 2 2 2 1 2 2 2 2 2 2 2 2 2 1 2 2 2 2 2 2 2 2 2 1 2 2 2 2 2 2 2 2 2 1 2 2 2 2 2 2 2 2 2 1 2 2 2 2 2 2 2 2 2 1 2 2 2 2 2 2 2 2 2 1 2 2 2 2 2 2 2 2 2 2 2 2 2 2 2 2 2 2 2 2 2 2 2 2 2 2 2 2 2 2 2 2 2 2 2 2 2 2 2 2 2 2 2 2 2 2 2 2 2 2 2 2 2 2 2 2 2 2 2 2 2 2 2 2 2 2 2 2 2 2 2 2 2 2 2 2 2 2 2 2 2 2 2 2 2 2 2 2 2 2 2 2 2 2 2 2 2 2 2 2 2 2 2 2 2 2 2 2 2 2 2 2 1 2 2 1 2 2 2 2 2 2 1 2 2 1 2 2 2 2 2 2 1 2 2 1 2 2 2 2 2 2 1 2 2 1 2 2 2 2 2 2 1 2 2 1 2 2 2 2 2 2 1 2 2 1 2 2 2 2 2 2 1 2 2 1 2 2 2 2 2 2 1 2 2 1 2 2 2 2 2 2 1 2 2 1 2 2 2 2 2 2 1 2 2 1 2 2 2 1 2 2 2 2 2 2 2 2 2 1 2 2 2 2 2 2 2 2 2 1 2 2 2 2 2 2 2 2 2 1 2 2 2 2 2 2 2 2 2 1 2 2 2 2 2 2 2 2 2 1 2 2 2 2 2 2 2 2 2 1 2 2 2 2 2 2 2 2 2 1 2 2 2 2 2 2 2 2 2 1 2 2 2 2 2 2 2 2 2 1 2 2 2 2 2 2 2 2 2 2 2 2 2 2 2 2 2 2 2 2 2 2 2 2 2 2 2 2 2 2 2 2 2 2 2 2 2 2 2 2 2 2 2 2 2 2 2 2 2 2 2 2 2 2 2 2 2 2 2 2 2 2 2 2 2 2 2 2 2 2 2 2 2 2 2 2 2 2 2 2 2 2 2 2 2 2 2 2 2 2 2 2 2 2 2 2 2 2 2 2 2 2 2 2 2 2 2 2 2 2 2 2 1 2 2 1 2 2 2 2 2 2 1 2 2 1 2 2 2 2 2 2 1 2 2 1 2 2 2 2 2 2 1 2 2 1 2 2 2 2 2 2 1 2 2 1 2 2 2 2 2 2 1 2 2 1 2 2 2 2 2 2 1 2 2 1 2 2 2 2 2 2 1 2 2 1 2 2 2 2 2 2 1 2 2 1 2 2 2 2 2 2 1 2 2 1 2 2 2 1 2 2 2 2 2 2 2 2 2 1 2 2 2 2 2 2 2 2 2 1 2 2 2 2 2 2 2 2 2 1 2 2 2 2 2 2 2 2 2 1 2 2 2 2 2 2 2 2 2 1 2 2 2 2 2 2 2 2 2 1 2 2 2 2 2 2 2 2 2 1 2 2 2 2 2 2 2 2 2 1 2 2 2 2 2 2 2 2 2 1 2 2 2 2 2 2 2 2 2 2 2 2 2 2 2 1 2 2 2 2 2 2 2 2 2 1 2 2 2 2 2 2 2 2 2 1 2 2 2 2 2 2 2 2 2 1 2 2 2 2 2 2 2 2 2 1 2 2 2 2 2 2 2 2 2 1 2 2 2 2 2 2 2 2 2 1 2 2 2 2 2 2 2 2 2 1 2 2 2 2 2 2 2 2 2 1 2 2 2 2 2 2 2 2 2 1 2 2 2 2 2 2 2 2 2 2 2 2 2 2 2 2 2 2 2 2 2 2 2 2 2 2 2 2 2 2 2 2 2 2 2 2 2 2 2 2 2 2 2 2 2 2 2 2 2 2 2 2 2 2 2 2 2 2 2 2 2 2 2 2 2 2 2 2 2 2 2 2 2 2 2 2 2 2 2 2 2 2 2 2 2 2 2 2 2 2 2 2 2 2 2 2 2 2 2 2 2 2 2 1 2 2 1 2 2 2 2 2 2 1 2 2 1 2 2 2 2 2 2 1 2 2 1 2 2 2 2 2 2 1 2 2 1 2 2 2 2 2 2 1 2 2 1 2 2 2 2 2 2 1 2 2 1 2 2 2 2 2 2 1 2 2 1 2 2 2 2 2 2 1 2 2 1 2 2 2 2 2 2 1 2 2 1 2 2 2 2 2 2 1 2 2 1 2 2 2 2 2 2 2 2 2 2 2 2 1 2 2 2 2 2 2 2 2 2 1 2 2 2 2 2 2 2 2 2 1 2 2 2 2 2 2 2 2 2 1 2 2 2 2 2 2 2 2 2 1 2 2 2 2 2 2 2 2 2 1 2 2 2 2 2 2 2 2 2 1 2 2 2 2 2 2 2 2 2 1 2 2 2 2 2 2 2 2 2 1 2 2 2 2 2 2 2 2 2 1 2 2 2 2 2 2 2 2 2 2 2 2 2 2 2 2 2 2 2 2 2 2 2 2 2 2 2 2 2 2 2 2 2 2 2 2 2 2 2 2 2 2 2 2 2 2 2 2 2 2 2 2 2 2 2 2 2 2 2 2 2 2 2 2 2 2 2 2 2 2 2 2 2 2 2 2 2 2 2 2 2 2 2 2 2 2 2 2 2 2 2 2 2 2 2 2 2 2 2 2 2 2 2 1 2 2 1 2 2 2 2 2 2 1 2 2 1 2 2 2 2 2 2 1 2 2 1 2 2 2 2 2 2 1 2 2 1 2 2 2 2 2 2 1 2 2 1 2 2 2 2 2 2 1 2 2 1 2 2 2 2 2 2 1 2 2 1 2 2 2 2 2 2 1 2 2 1 2 2 2 2 2 2 1 2 2 1 2 2 2 2 2 2 1 2 2 1 2 2 2 2 2 2 2 2 2 2 2 2 1 2 2 2 2 2 2 2 2 2 1 2 2 2 2 2 2 2 2 2 1 2 2 2 2 2 2 2 2 2 1 2 2 2 2 2 2 2 2 2 1 2 2 2 2 2 2 2 2 2 1 2 2 2 2 2 2 2 2 2 1 2 2 2 2 2 2 2 2 2 1 2 2 2 2 2 2 2 2 2 1 2 2 2 2 2 2 2 2 2 1 2 2 2 2 2 2 2 2 2 2 2 2 2 2 2 2 2 2 2 2 2 2 2 2 2 2 2 2 2 2 2 2 2 2 2 2 2 2 2 2 2 2 2 2 2 2 2 2 2 2 2 2 2 2 2 2 2 2 2 2 2 2 2 2 2 2 2 2 2 2 2 2 2 2 2 2 2 2 2 2 2 2 2 2 2 2 2 2 2 2 2 2 2 2 2 2 2 2 2 2 2 2 2 1 2 2 1 2 2 2 2 2 2 1 2 2 1 2 2 2 2 2 2 1 2 2 1 2 2 2 2 2 2 1 2 2 1 2 2 2 2 2 2 1 2 2 1 2 2 2 2 2 2 1 2 2 1 2 2 2 2 2 2 1 2 2 1 2 2 2 2 2 2 1 2 2 1 2 2 2 2 2 2 1 2 2 1 2 2 2 2 2 2 1 2 2 1 2 2 2 2 2 2 2 2 2 2 2 2 1 2 2 2 2 2 2 2 2 2 1 2 2 2 2 2 2 2 2 2 1 2 2 2 2 2 2 2 2 2 1 2 2 2 2 2 2 2 2 2 1 2 2 2 2 2 2 2 2 2 1 2 2 2 2 2 2 2 2 2 1 2 2 2 2 2 2 2 2 2 1 2 2 2 2 2 2 2 2 2 1 2 2 2 2 2 2 2 2 2 1 2 2 2 1 2 2 2 2 2 2 2 2 2 1 2 2 2 2 2 2 2 2 2 1 2 2 2 2 2 2 2 2 2 1 2 2 2 2 2 2 2 2 2 1 2 2 2 2 2 2 2 2 2 1 2 2 2 2 2 2 2 2 2 1 2 2 2 2 2 2 2 2 2 1 2 2 2 2 2 2 2 2 2 1 2 2 2 2 2 2 2 2 2 1 2 2 2 2 2 2 2 2 2 2 2 2 2 2 2 2 2 2 2 2 2 2 2 2 2 2 2 2 2 2 2 2 2 2 2 2 2 2 2 2 2 2 2 2 2 2 2 2 2 2 2 2 2 2 2 2 2 2 2 2 2 2 2 2 2 2 2 2 2 2 2 2 2 2 2 2 2 2 2 2 2 2 2 2 2 2 2 2 2 2 2 2 2 2 2 2 2 2 2 2 2 2 2 2 2 2 2 2 2 2 2 2 1 2 2 1 2 2 2 2 2 2 1 2 2 1 2 2 2 2 2 2 1 2 2 1 2 2 2 2 2 2 1 2 2 1 2 2 2 2 2 2 1 2 2 1 2 2 2 2 2 2 1 2 2 1 2 2 2 2 2 2 1 2 2 1 2 2 2 2 2 2 1 2 2 1 2 2 2 2 2 2 1 2 2 1 2 2 2 2 2 2 1 2 2 1 2 2 2 1 2 2 2 2 2 2 2 2 2 1 2 2 2 2 2 2 2 2 2 1 2 2 2 2 2 2 2 2 2 1 2 2 2 2 2 2 2 2 2 1 2 2 2 2 2 2 2 2 2 1 2 2 2 2 2 2 2 2 2 1 2 2 2 2 2 2 2 2 2 1 2 2 2 2 2 2 2 2 2 1 2 2 2 2 2 2 2 2 2 1 2 2 2 2 2 2 2 2 2 2 2 2 2 2 2 2 2 2 2 2 2 2 2 2 2 2 2 2 2 2 2 2 2 2 2 2 2 2 2 2 2 2 2 2 2 2 2 2 2 2 2 2 2 2 2 2 2 2 2 2 2 2 2 2 2 2 2 2 2 2 2 2 2 2 2 2 2 2 2 2 2 2 2 2 2 2 2 2 2 2 2 2 2 2 2 2 2 2 2 2 2 2 2 2 2 2 2 2 2 2 2 2 1 2 2 1 2 2 2 2 2 2 1 2 2 1 2 2 2 2 2 2 1 2 2 1 2 2 2 2 2 2 1 2 2 1 2 2 2 2 2 2 1 2 2 1 2 2 2 2 2 2 1 2 2 1 2 2 2 2 2 2 1 2 2 1 2 2 2 2 2 2 1 2 2 1 2 2 2 2 2 2 1 2 2 1 2 2 2 2 2 2 1 2 2 1 2 2 2 1 2 2 2 2 2 2 2 2 2 1 2 2 2 2 2 2 2 2 2 1 2 2 2 2 2 2 2 2 2 1 2 2 2 2 2 2 2 2 2 1 2 2 2 2 2 2 2 2 2 1 2 2 2 2 2 2 2 2 2 1 2 2 2 2 2 2 2 2 2 1 2 2 2 2 2 2 2 2 2 1 2 2 2 2 2 2 2 2 2 1 2 2 2 2 2 2 2 2 2 2 2 2 2 2 2 2 2 2 2 2 2 2 2 2 2 2 2 2 2 2 2 2 2 2 2 2 2 2 2 2 2 2 2 2 2 2 2 2 2 2 2 2 2 2 2 2 2 2 2 2 2 2 2 2 2 2 2 2 2 2 2 2 2 2 2 2 2 2 2 2 2 2 2 2 2 2 2 2 2 2 2 2 2 2 2 2 2 2 2 2 2 2 2 2 2 2 2 2 2 2 2 2 1 2 2 1 2 2 2 2 2 2 1 2 2 1 2 2 2 2 2 2 1 2 2 1 2 2 2 2 2 2 1 2 2 1 2 2 2 2 2 2 1 2 2 1 2 2 2 2 2 2 1 2 2 1 2 2 2 2 2 2 1 2 2 1 2 2 2 2 2 2 1 2 2 1 2 2 2 2 2 2 1 2 2 1 2 2 2 2 2 2 1 2 2 1 2 2 2 1 2 2 2 2 2 2 2 2 2 1 2 2 2 2 2 2 2 2 2 1 2 2 2 2 2 2 2 2 2 1 2 2 2 2 2 2 2 2 2 1 2 2 2 2 2 2 2 2 2 1 2 2 2 2 2 2 2 2 2 1 2 2 2 2 2 2 2 2 2 1 2 2 2 2 2 2 2 2 2 1 2 2 2 2 2 2 2 2 2 1 2 2 2 2 2 2 2 2 2 2 2 2 2 2 2 1 2 2 2 2 2 2 2 2 2 1 2 2 2 2 2 2 2 2 2 1 2 2 2 2 2 2 2 2 2 1 2 2 2 2 2 2 2 2 2 1 2 2 2 2 2 2 2 2 2 1 2 2 2 2 2 2 2 2 2 1 2 2 2 2 2 2 2 2 2 1 2 2 2 2 2 2 2 2 2 1 2 2 2 2 2 2 2 2 2 1 2 2 2 2 2 2 2 2 2 2 2 2 2 2 2 2 2 2 2 2 2 2 2 2 2 2 2 2 2 2 2 2 2 2 2 2 2 2 2 2 2 2 2 2 2 2 2 2 2 2 2 2 2 2 2 2 2 2 2 2 2 2 2 2 2 2 2 2 2 2 2 2 2 2 2 2 2 2 2 2 2 2 2 2 2 2 2 2 2 2 2 2 2 2 2 2 2 2 2 2 2 2 2 1 2 2 1 2 2 2 2 2 2 1 2 2 1 2 2 2 2 2 2 1 2 2 1 2 2 2 2 2 2 1 2 2 1 2 2 2 2 2 2 1 2 2 1 2 2 2 2 2 2 1 2 2 1 2 2 2 2 2 2 1 2 2 1 2 2 2 2 2 2 1 2 2 1 2 2 2 2 2 2 1 2 2 1 2 2 2 2 2 2 1 2 2 1 2 2 2 2 2 2 2 2 2 2 2 2 1 2 2 2 2 2 2 2 2 2 1 2 2 2 2 2 2 2 2 2 1 2 2 2 2 2 2 2 2 2 1 2 2 2 2 2 2 2 2 2 1 2 2 2 2 2 2 2 2 2 1 2 2 2 2 2 2 2 2 2 1 2 2 2 2 2 2 2 2 2 1 2 2 2 2 2 2 2 2 2 1 2 2 2 2 2 2 2 2 2 1 2 2 2 2 2 2 2 2 2 2 2 2 2 2 2 2 2 2 2 2 2 2 2 2 2 2 2 2 2 2 2 2 2 2 2 2 2 2 2 2 2 2 2 2 2 2 2 2 2 2 2 2 2 2 2 2 2 2 2 2 2 2 2 2 2 2 2 2 2 2 2 2 2 2 2 2 2 2 2 2 2 2 2 2 2 2 2 2 2 2 2 2 2 2 2 2 2 2 2 2 2 2 2 1 2 2 1 2 2 2 2 2 2 1 2 2 1 2 2 2 2 2 2 1 2 2 1 2 2 2 2 2 2 1 2 2 1 2 2 2 2 2 2 1 2 2 1 2 2 2 2 2 2 1 2 2 1 2 2 2 2 2 2 1 2 2 1 2 2 2 2 2 2 1 2 2 1 2 2 2 2 2 2 1 2 2 1 2 2 2 2 2 2 1 2 2 1 2 2 2 2 2 2 2 2 2 2 2 2 1 2 2 2 2 2 2 2 2 2 1 2 2 2 2 2 2 2 2 2 1 2 2 2 2 2 2 2 2 2 1 2 2 2 2 2 2 2 2 2 1 2 2 2 2 2 2 2 2 2 1 2 2 2 2 2 2 2 2 2 1 2 2 2 2 2 2 2 2 2 1 2 2 2 2 2 2 2 2 2 1 2 2 2 2 2 2 2 2 2 1 2 2 2 2 2 2 2 2 2 2 2 2 2 2 2 2 2 2 2 2 2 2 2 2 2 2 2 2 2 2 2 2 2 2 2 2 2 2 2 2 2 2 2 2 2 2 2 2 2 2 2 2 2 2 2 2 2 2 2 2 2 2 2 2 2 2 2 2 2 2 2 2 2 2 2 2 2 2 2 2 2 2 2 2 2 2 2 2 2 2 2 2 2 2 2 2 2 2 2 2 2 2 2 1 2 2 1 2 2 2 2 2 2 1 2 2 1 2 2 2 2 2 2 1 2 2 1 2 2 2 2 2 2 1 2 2 1 2 2 2 2 2 2 1 2 2 1 2 2 2 2 2 2 1 2 2 1 2 2 2 2 2 2 1 2 2 1 2 2 2 2 2 2 1 2 2 1 2 2 2 2 2 2 1 2 2 1 2 2 2 2 2 2 1 2 2 1 2 2 2 2 2 2 2 2 2 2 2 2 1 2 2 2 2 2 2 2 2 2 1 2 2 2 2 2 2 2 2 2 1 2 2 2 2 2 2 2 2 2 1 2 2 2 2 2 2 2 2 2 1 2 2 2 2 2 2 2 2 2 1 2 2 2 2 2 2 2 2 2 1 2 2 2 2 2 2 2 2 2 1 2 2 2 2 2 2 2 2 2 1 2 2 2 2 2 2 2 2 2 1 2 
</Matrix>
   <Matrix name="starterNeurons" type="complete" rows="1" columns="1000" multiplier="1.0">
   7 17 27 37 47 57 67 77 87 97 101 104 111 114 121 124 131 134 141 144 151 154 161 164 171 174 181 184 191 194 307 317 327 337 347 357 367 377 387 397 401 404 411 414 421 424 431 434 441 444 451 454 461 464 471 474 481 484 491 494 607 617 627 637 647 657 667 677 687 697 701 704 711 714 721 724 731 734 741 744 751 754 761 764 771 774 781 784 791 794 907 917 927 937 947 957 967 977 987 997 1007 1017 1027 1037 1047 1057 1067 1077 1087 1097 1101 1104 1111 1114 1121 1124 1131 1134 1141 1144 1151 1154 1161 1164 1171 1174 1181 1184 1191 1194 1307 1317 1327 1337 1347 1357 1367 1377 1387 1397 1401 1404 1411 1414 1421 1424 1431 1434 1441 1444 1451 1454 1461 1464 1471 1474 1481 1484 1491 1494 1607 1617 1627 1637 1647 1657 1667 1677 1687 1697 1701 1704 1711 1714 1721 1724 1731 1734 1741 1744 1751 1754 1761 1764 1771 1774 1781 1784 1791 1794 1907 1917 1927 1937 1947 1957 1967 1977 1987 1997 2007 2017 2027 2037 2047 2057 2067 2077 2087 2097 2101 2104 2111 2114 2121 2124 2131 2134 2141 2144 2151 2154 2161 2164 2171 2174 2181 2184 2191 2194 2307 2317 2327 2337 2347 2357 2367 2377 2387 2397 2401 2404 2411 2414 2421 2424 2431 2434 2441 2444 2451 2454 2461 2464 2471 2474 2481 2484 2491 2494 2607 2617 2627 2637 2647 2657 2667 2677 2687 2697 2701 2704 2711 2714 2721 2724 2731 2734 2741 2744 2751 2754 2761 2764 2771 2774 2781 2784 2791 2794 2907 2917 2927 2937 2947 2957 2967 2977 2987 2997 3007 3017 3027 3037 3047 3057 3067 3077 3087 3097 3101 3104 3111 3114 3121 3124 3131 3134 3141 3144 3151 3154 3161 3164 3171 3174 3181 3184 3191 3194 3307 3317 3327 3337 3347 3357 3367 3377 3387 3397 3401 3404 3411 3414 3421 3424 3431 3434 3441 3444 3451 3454 3461 3464 3471 3474 3481 3484 3491 3494 3607 3617 3627 3637 3647 3657 3667 3677 3687 3697 3701 3704 3711 3714 3721 3724 3731 3734 3741 3744 3751 3754 3761 3764 3771 3774 3781 3784 3791 3794 3907 3917 3927 3937 3947 3957 3967 3977 3987 3997 4007 4017 4027 4037 4047 4057 4067 4077 4087 4097 4101 4104 4111 4114 4121 4124 4131 4134 4141 4144 4151 4154 4161 4164 4171 4174 4181 4184 4191 4194 4307 4317 4327 4337 4347 4357 4367 4377 4387 4397 4401 4404 4411 4414 4421 4424 4431 4434 4441 4444 4451 4454 4461 4464 4471 4474 4481 4484 4491 4494 4607 4617 4627 4637 4647 4657 4667 4677 4687 4697 4701 4704 4711 4714 4721 4724 4731 4734 4741 4744 4751 4754 4761 4764 4771 4774 4781 4784 4791 4794 4907 4917 4927 4937 4947 4957 4967 4977 4987 4997 5007 5017 5027 5037 5047 5057 5067 5077 5087 5097 5101 5104 5111 5114 5121 5124 5131 5134 5141 5144 5151 5154 5161 5164 5171 5174 5181 5184 5191 5194 5307 5317 5327 5337 5347 5357 5367 5377 5387 5397 5401 5404 5411 5414 5421 5424 5431 5434 5441 5444 5451 5454 5461 5464 5471 5474 5481 5484 5491 5494 5607 5617 5627 5637 5647 5657 5667 5677 5687 5697 5701 5704 5711 5714 5721 5724 5731 5734 5741 5744 5751 5754 5761 5764 5771 5774 5781 5784 5791 5794 5907 5917 5927 5937 5947 5957 5967 5977 5987 5997 6007 6017 6027 6037 6047 6057 6067 6077 6087 6097 6101 6104 6111 6114 6121 6124 6131 6134 6141 6144 6151 6154 6161 6164 6171 6174 6181 6184 6191 6194 6307 6317 6327 6337 6347 6357 6367 6377 6387 6397 6401 6404 6411 6414 6421 6424 6431 6434 6441 6444 6451 6454 6461 6464 6471 6474 6481 6484 6491 6494 6607 6617 6627 6637 6647 6657 6667 6677 6687 6697 6701 6704 6711 6714 6721 6724 6731 6734 6741 6744 6751 6754 6761 6764 6771 6774 6781 6784 6791 6794 6907 6917 6927 6937 6947 6957 6967 6977 6987 6997 7007 7017 7027 7037 7047 7057 7067 7077 7087 7097 7101 7104 7111 7114 7121 7124 7131 7134 7141 7144 7151 7154 7161 7164 7171 7174 7181 7184 7191 7194 7307 7317 7327 7337 7347 7357 7367 7377 7387 7397 7401 7404 7411 7414 7421 7424 7431 7434 7441 7444 7451 7454 7461 7464 7471 7474 7481 7484 7491 7494 7607 7617 7627 7637 7647 7657 7667 7677 7687 7697 7701 7704 7711 7714 7721 7724 7731 7734 7741 7744 7751 7754 7761 7764 7771 7774 7781 7784 7791 7794 7907 7917 7927 7937 7947 7957 7967 7977 7987 7997 8007 8017 8027 8037 8047 8057 8067 8077 8087 8097 8101 8104 8111 8114 8121 8124 8131 8134 8141 8144 8151 8154 8161 8164 8171 8174 8181 8184 8191 8194 8307 8317 8327 8337 8347 8357 8367 8377 8387 8397 8401 8404 8411 8414 8421 8424 8431 8434 8441 8444 8451 8454 8461 8464 8471 8474 8481 8484 8491 8494 8607 8617 8627 8637 8647 8657 8667 8677 8687 8697 8701 8704 8711 8714 8721 8724 8731 8734 8741 8744 8751 8754 8761 8764 8771 8774 8781 8784 8791 8794 8907 8917 8927 8937 8947 8957 8967 8977 8987 8997 9007 9017 9027 9037 9047 9057 9067 9077 9087 9097 9101 9104 9111 9114 9121 9124 9131 9134 9141 9144 9151 9154 9161 9164 9171 9174 9181 9184 9191 9194 9307 9317 9327 9337 9347 9357 9367 9377 9387 9397 9401 9404 9411 9414 9421 9424 9431 9434 9441 9444 9451 9454 9461 9464 9471 9474 9481 9484 9491 9494 9607 9617 9627 9637 9647 9657 9667 9677 9687 9697 9701 9704 9711 9714 9721 9724 9731 9734 9741 9744 9751 9754 9761 9764 9771 9774 9781 9784 9791 9794 9907 9917 9927 9937 9947 9957 9967 9977 9987 9997 
</Matrix>
   <Matrix name="neuronThresh" type="complete" rows="1" columns="10000" multiplier="1.0">
   0.015 0.015 0.015 0.015 0.015 0.015 0.015 0.0136439 0.015 0.015 0.015 0.015 0.015 0.015 0.015 0.015 0.015 0.0135698 0.015 0.015 0.015 0.015 0.015 0.015 0.015 0.015 0.015 0.0136035 0.015 0.015 0.015 0.015 0.015 0.015 0.015 0.015 0.015 0.0136481 0.015 0.015 0.015 0.015 0.015 0.015 0.015 0.015 0.015 0.0136154 0.015 0.015 0.015 0.015 0.015 0.015 0.015 0.015 0.015 0.0135983 0.015 0.015 0.015 0.015 0.015 0.015 0.015 0.015 0.015 0.0136005 0.015 0.015 0.015 0.015 0.015 0.015 0.015 0.015 0.015 0.0136454 0.015 0.015 0.015 0.015 0.015 0.015 0.015 0.015 0.015 0.013621 0.015 0.015 0.015 0.015 0.015 0.015 0.015 0.015 0.015 0.0136163 0.015 0.015 0.015 0.0136306 0.015 0.015 0.0135787 0.015 0.015 0.015 0.015 0.015 0.015 0.013637 0.015 0.015 0.0136354 0.015 0.015 0.015 0.015 0.015 0.015 0.0136048 0.015 0.015 0.0135841 0.015 0.015 0.015 0.015 0.015 0.015 0.0136373 0.015 0.015 0.0135667 0.015 0.015 0.015 0.015 0.015 0.015 0.0136506 0.015 0.015 0.013629 0.015 0.015 0.015 0.015 0.015 0.015 0.0136295 0.015 0.015 0.0135911 0.015 0.015 0.015 0.015 0.015 0.015 0.0136282 0.015 0.015 0.0136164 0.015 0.015 0.015 0.015 0.015 0.015 0.0136093 0.015 0.015 0.0135955 0.015 0.015 0.015 0.015 0.015 0.015 0.0136397 0.015 0.015 0.0136323 0.015 0.015 0.015 0.015 0.015 0.015 0.0135837 0.015 0.015 0.0135764 0.015 0.015 0.015 0.015 0.015 0.015 0.015 0.015 0.015 0.015 0.015 0.015 0.015 0.015 0.015 0.015 0.015 0.015 0.015 0.015 0.015 0.015 0.015 0.015 0.015 0.015 0.015 0.015 0.015 0.015 0.015 0.015 0.015 0.015 0.015 0.015 0.015 0.015 0.015 0.015 0.015 0.015 0.015 0.015 0.015 0.015 0.015 0.015 0.015 0.015 0.015 0.015 0.015 0.015 0.015 0.015 0.015 0.015 0.015 0.015 0.015 0.015 0.015 0.015 0.015 0.015 0.015 0.015 0.015 0.015 0.015 0.015 0.015 0.015 0.015 0.015 0.015 0.015 0.015 0.015 0.015 0.015 0.015 0.015 0.015 0.015 0.015 0.015 0.015 0.015 0.015 0.015 0.015 0.015 0.015 0.015 0.015 0.015 0.015 0.015 0.015 0.015 0.015 0.015 0.015 0.015 0.015 0.015 0.015 0.015 0.015 0.015 0.0135665 0.015 0.015 0.015 0.015 0.015 0.015 0.015 0.015 0.015 0.0136164 0.015 0.015 0.015 0.015 0.015 0.015 0.015 0.015 0.015 0.0135824 0.015 0.015 0.015 0.015 0.015 0.015 0.015 0.015 0.015 0.013596 0.015 0.015 0.015 0.015 0.015 0.015 0.015 0.015 0.015 0.0136212 0.015 0.015 0.015 0.015 0.015 0.015 0.015 0.015 0.015 0.0136442 0.015 0.015 0.015 0.015 0.015 0.015 0.015 0.015 0.015 0.0135722 0.015 0.015 0.015 0.015 0.015 0.015 0.015 0.015 0.015 0.0136065 0.015 0.015 0.015 0.015 0.015 0.015 0.015 0.015 0.015 0.0136511 0.015 0.015 0.015 0.015 0.015 0.015 0.015 0.015 0.015 0.0136527 0.015 0.015 0.015 0.0136073 0.015 0.015 0.0135995 0.015 0.015 0.015 0.015 0.015 0.015 0.0135721 0.015 0.015 0.0135816 0.015 0.015 0.015 0.015 0.015 0.015 0.0136014 0.015 0.015 0.013628 0.015 0.015 0.015 0.015 0.015 0.015 0.0136155 0.015 0.015 0.0136116 0.015 0.015 0.015 0.015 0.015 0.015 0.0135663 0.015 0.015 0.0136303 0.015 0.015 0.015 0.015 0.015 0.015 0.0136347 0.015 0.015 0.0136512 0.015 0.015 0.015 0.015 0.015 0.015 0.0135853 0.015 0.015 0.0135961 0.015 0.015 0.015 0.015 0.015 0.015 0.01359 0.015 0.015 0.0135908 0.015 0.015 0.015 0.015 0.015 0.015 0.0136246 0.015 0.015 0.0136541 0.015 0.015 0.015 0.015 0.015 0.015 0.0135781 0.015 0.015 0.0136152 0.015 0.015 0.015 0.015 0.015 0.015 0.015 0.015 0.015 0.015 0.015 0.015 0.015 0.015 0.015 0.015 0.015 0.015 0.015 0.015 0.015 0.015 0.015 0.015 0.015 0.015 0.015 0.015 0.015 0.015 0.015 0.015 0.015 0.015 0.015 0.015 0.015 0.015 0.015 0.015 0.015 0.015 0.015 0.015 0.015 0.015 0.015 0.015 0.015 0.015 0.015 0.015 0.015 0.015 0.015 0.015 0.015 0.015 0.015 0.015 0.015 0.015 0.015 0.015 0.015 0.015 0.015 0.015 0.015 0.015 0.015 0.015 0.015 0.015 0.015 0.015 0.015 0.015 0.015 0.015 0.015 0.015 0.015 0.015 0.015 0.015 0.015 0.015 0.015 0.015 0.015 0.015 0.015 0.015 0.015 0.015 0.015 0.015 0.015 0.015 0.015 0.015 0.015 0.015 0.015 0.015 0.015 0.015 0.015 0.015 0.015 0.015 0.0136191 0.015 0.015 0.015 0.015 0.015 0.015 0.015 0.015 0.015 0.0135718 0.015 0.015 0.015 0.015 0.015 0.015 0.015 0.015 0.015 0.013576 0.015 0.015 0.015 0.015 0.015 0.015 0.015 0.015 0.015 0.013586 0.015 0.015 0.015 0.015 0.015 0.015 0.015 0.015 0.015 0.0136109 0.015 0.015 0.015 0.015 0.015 0.015 0.015 0.015 0.015 0.0136463 0.015 0.015 0.015 0.015 0.015 0.015 0.015 0.015 0.015 0.0135989 0.015 0.015 0.015 0.015 0.015 0.015 0.015 0.015 0.015 0.0136193 0.015 0.015 0.015 0.015 0.015 0.015 0.015 0.015 0.015 0.0135652 0.015 0.015 0.015 0.015 0.015 0.015 0.015 0.015 0.015 0.0136276 0.015 0.015 0.015 0.0135667 0.015 0.015 0.0136325 0.015 0.015 0.015 0.015 0.015 0.015 0.0136098 0.015 0.015 0.0136002 0.015 0.015 0.015 0.015 0.015 0.015 0.0136319 0.015 0.015 0.0136328 0.015 0.015 0.015 0.015 0.015 0.015 0.0136487 0.015 0.015 0.0136318 0.015 0.015 0.015 0.015 0.015 0.015 0.0136247 0.015 0.015 0.0135822 0.015 0.015 0.015 0.015 0.015 0.015 0.0135936 0.015 0.015 0.0136344 0.015 0.015 0.015 0.015 0.015 0.015 0.0136209 0.015 0.015 0.0135754 0.015 0.015 0.015 0.015 0.015 0.015 0.0136483 0.015 0.015 0.013618 0.015 0.015 0.015 0.015 0.015 0.015 0.0135754 0.015 0.015 0.0135851 0.015 0.015 0.015 0.015 0.015 0.015 0.0135741 0.015 0.015 0.0136358 0.015 0.015 0.015 0.015 0.015 0.015 0.015 0.015 0.015 0.015 0.015 0.015 0.015 0.015 0.015 0.015 0.015 0.015 0.015 0.015 0.015 0.015 0.015 0.015 0.015 0.015 0.015 0.015 0.015 0.015 0.015 0.015 0.015 0.015 0.015 0.015 0.015 0.015 0.015 0.015 0.015 0.015 0.015 0.015 0.015 0.015 0.015 0.015 0.015 0.015 0.015 0.015 0.015 0.015 0.015 0.015 0.015 0.015 0.015 0.015 0.015 0.015 0.015 0.015 0.015 0.015 0.015 0.015 0.015 0.015 0.015 0.015 0.015 0.015 0.015 0.015 0.015 0.015 0.015 0.015 0.015 0.015 0.015 0.015 0.015 0.015 0.015 0.015 0.015 0.015 0.015 0.015 0.015 0.015 0.015 0.015 0.015 0.015 0.015 0.015 0.015 0.015 0.015 0.015 0.015 0.015 0.015 0.015 0.015 0.015 0.015 0.015 0.0136168 0.015 0.015 0.015 0.015 0.015 0.015 0.015 0.015 0.015 0.0136395 0.015 0.015 0.015 0.015 0.015 0.015 0.015 0.015 0.015 0.0135833 0.015 0.015 0.015 0.015 0.015 0.015 0.015 0.015 0.015 0.0135932 0.015 0.015 0.015 0.015 0.015 0.015 0.015 0.015 0.015 0.0136517 0.015 0.015 0.015 0.015 0.015 0.015 0.015 0.015 0.015 0.0136159 0.015 0.015 0.015 0.015 0.015 0.015 0.015 0.015 0.015 0.0136364 0.015 0.015 0.015 0.015 0.015 0.015 0.015 0.015 0.015 0.0136426 0.015 0.015 0.015 0.015 0.015 0.015 0.015 0.015 0.015 0.0135883 0.015 0.015 0.015 0.015 0.015 0.015 0.015 0.015 0.015 0.0136479 0.015 0.015 0.015 0.015 0.015 0.015 0.015 0.015 0.015 0.013627 0.015 0.015 0.015 0.015 0.015 0.015 0.015 0.015 0.015 0.0135715 0.015 0.015 0.015 0.015 0.015 0.015 0.015 0.015 0.015 0.0135862 0.015 0.015 0.015 0.015 0.015 0.015 0.015 0.015 0.015 0.01357 0.015 0.015 0.015 0.015 0.015 0.015 0.015 0.015 0.015 0.0135834 0.015 0.015 0.015 0.015 0.015 0.015 0.015 0.015 0.015 0.0136515 0.015 0.015 0.015 0.015 0.015 0.015 0.015 0.015 0.015 0.0136177 0.015 0.015 0.015 0.015 0.015 0.015 0.015 0.015 0.015 0.0135865 0.015 0.015 0.015 0.015 0.015 0.015 0.015 0.015 0.015 0.0135739 0.015 0.015 0.015 0.015 0.015 0.015 0.015 0.015 0.015 0.01359 0.015 0.015 0.015 0.0135804 0.015 0.015 0.0135991 0.015 0.015 0.015 0.015 0.015 0.015 0.0135935 0.015 0.015 0.0136291 0.015 0.015 0.015 0.015 0.015 0.015 0.0135784 0.015 0.015 0.0136097 0.015 0.015 0.015 0.015 0.015 0.015 0.0135885 0.015 0.015 0.0135748 0.015 0.015 0.015 0.015 0.015 0.015 0.0135889 0.015 0.015 0.0135947 0.015 0.015 0.015 0.015 0.015 0.015 0.0135815 0.015 0.015 0.0135767 0.015 0.015 0.015 0.015 0.015 0.015 0.0135934 0.015 0.015 0.0135799 0.015 0.015 0.015 0.015 0.015 0.015 0.0135986 0.015 0.015 0.0135849 0.015 0.015 0.015 0.015 0.015 0.015 0.0136255 0.015 0.015 0.0136105 0.015 0.015 0.015 0.015 0.015 0.015 0.0135859 0.015 0.015 0.0136134 0.015 0.015 0.015 0.015 0.015 0.015 0.015 0.015 0.015 0.015 0.015 0.015 0.015 0.015 0.015 0.015 0.015 0.015 0.015 0.015 0.015 0.015 0.015 0.015 0.015 0.015 0.015 0.015 0.015 0.015 0.015 0.015 0.015 0.015 0.015 0.015 0.015 0.015 0.015 0.015 0.015 0.015 0.015 0.015 0.015 0.015 0.015 0.015 0.015 0.015 0.015 0.015 0.015 0.015 0.015 0.015 0.015 0.015 0.015 0.015 0.015 0.015 0.015 0.015 0.015 0.015 0.015 0.015 0.015 0.015 0.015 0.015 0.015 0.015 0.015 0.015 0.015 0.015 0.015 0.015 0.015 0.015 0.015 0.015 0.015 0.015 0.015 0.015 0.015 0.015 0.015 0.015 0.015 0.015 0.015 0.015 0.015 0.015 0.015 0.015 0.015 0.015 0.015 0.015 0.015 0.015 0.015 0.015 0.015 0.015 0.015 0.015 0.0136023 0.015 0.015 0.015 0.015 0.015 0.015 0.015 0.015 0.015 0.0136455 0.015 0.015 0.015 0.015 0.015 0.015 0.015 0.015 0.015 0.0135768 0.015 0.015 0.015 0.015 0.015 0.015 0.015 0.015 0.015 0.0136461 0.015 0.015 0.015 0.015 0.015 0.015 0.015 0.015 0.015 0.0135967 0.015 0.015 0.015 0.015 0.015 0.015 0.015 0.015 0.015 0.0135663 0.015 0.015 0.015 0.015 0.015 0.015 0.015 0.015 0.015 0.0136306 0.015 0.015 0.015 0.015 0.015 0.015 0.015 0.015 0.015 0.0136231 0.015 0.015 0.015 0.015 0.015 0.015 0.015 0.015 0.015 0.0136204 0.015 0.015 0.015 0.015 0.015 0.015 0.015 0.015 0.015 0.0135932 0.015 0.015 0.015 0.0135899 0.015 0.015 0.0136315 0.015 0.015 0.015 0.015 0.015 0.015 0.0136336 0.015 0.015 0.0136529 0.015 0.015 0.015 0.015 0.015 0.015 0.0135919 0.015 0.015 0.0135714 0.015 0.015 0.015 0.015 0.015 0.015 0.0135698 0.015 0.015 0.0136031 0.015 0.015 0.015 0.015 0.015 0.015 0.0135743 0.015 0.015 0.0136103 0.015 0.015 0.015 0.015 0.015 0.015 0.0135671 0.015 0.015 0.01357 0.015 0.015 0.015 0.015 0.015 0.015 0.0135735 0.015 0.015 0.0136487 0.015 0.015 0.015 0.015 0.015 0.015 0.0136001 0.015 0.015 0.0136311 0.015 0.015 0.015 0.015 0.015 0.015 0.0136271 0.015 0.015 0.0135719 0.015 0.015 0.015 0.015 0.015 0.015 0.0136449 0.015 0.015 0.0135903 0.015 0.015 0.015 0.015 0.015 0.015 0.015 0.015 0.015 0.015 0.015 0.015 0.015 0.015 0.015 0.015 0.015 0.015 0.015 0.015 0.015 0.015 0.015 0.015 0.015 0.015 0.015 0.015 0.015 0.015 0.015 0.015 0.015 0.015 0.015 0.015 0.015 0.015 0.015 0.015 0.015 0.015 0.015 0.015 0.015 0.015 0.015 0.015 0.015 0.015 0.015 0.015 0.015 0.015 0.015 0.015 0.015 0.015 0.015 0.015 0.015 0.015 0.015 0.015 0.015 0.015 0.015 0.015 0.015 0.015 0.015 0.015 0.015 0.015 0.015 0.015 0.015 0.015 0.015 0.015 0.015 0.015 0.015 0.015 0.015 0.015 0.015 0.015 0.015 0.015 0.015 0.015 0.015 0.015 0.015 0.015 0.015 0.015 0.015 0.015 0.015 0.015 0.015 0.015 0.015 0.015 0.015 0.015 0.015 0.015 0.015 0.015 0.0135781 0.015 0.015 0.015 0.015 0.015 0.015 0.015 0.015 0.015 0.0136525 0.015 0.015 0.015 0.015 0.015 0.015 0.015 0.015 0.015 0.0135883 0.015 0.015 0.015 0.015 0.015 0.015 0.015 0.015 0.015 0.0135735 0.015 0.015 0.015 0.015 0.015 0.015 0.015 0.015 0.015 0.0136496 0.015 0.015 0.015 0.015 0.015 0.015 0.015 0.015 0.015 0.0135822 0.015 0.015 0.015 0.015 0.015 0.015 0.015 0.015 0.015 0.013591 0.015 0.015 0.015 0.015 0.015 0.015 0.015 0.015 0.015 0.0136099 0.015 0.015 0.015 0.015 0.015 0.015 0.015 0.015 0.015 0.0135862 0.015 0.015 0.015 0.015 0.015 0.015 0.015 0.015 0.015 0.0136015 0.015 0.015 0.015 0.0135812 0.015 0.015 0.0136026 0.015 0.015 0.015 0.015 0.015 0.015 0.0135905 0.015 0.015 0.0135932 0.015 0.015 0.015 0.015 0.015 0.015 0.0135881 0.015 0.015 0.0136003 0.015 0.015 0.015 0.015 0.015 0.015 0.0136094 0.015 0.015 0.0135652 0.015 0.015 0.015 0.015 0.015 0.015 0.0136292 0.015 0.015 0.0136164 0.015 0.015 0.015 0.015 0.015 0.015 0.0136356 0.015 0.015 0.0135875 0.015 0.015 0.015 0.015 0.015 0.015 0.0136458 0.015 0.015 0.0136522 0.015 0.015 0.015 0.015 0.015 0.015 0.0136062 0.015 0.015 0.0136246 0.015 0.015 0.015 0.015 0.015 0.015 0.013618 0.015 0.015 0.0136066 0.015 0.015 0.015 0.015 0.015 0.015 0.0135857 0.015 0.015 0.0136504 0.015 0.015 0.015 0.015 0.015 0.015 0.015 0.015 0.015 0.015 0.015 0.015 0.015 0.015 0.015 0.015 0.015 0.015 0.015 0.015 0.015 0.015 0.015 0.015 0.015 0.015 0.015 0.015 0.015 0.015 0.015 0.015 0.015 0.015 0.015 0.015 0.015 0.015 0.015 0.015 0.015 0.015 0.015 0.015 0.015 0.015 0.015 0.015 0.015 0.015 0.015 0.015 0.015 0.015 0.015 0.015 0.015 0.015 0.015 0.015 0.015 0.015 0.015 0.015 0.015 0.015 0.015 0.015 0.015 0.015 0.015 0.015 0.015 0.015 0.015 0.015 0.015 0.015 0.015 0.015 0.015 0.015 0.015 0.015 0.015 0.015 0.015 0.015 0.015 0.015 0.015 0.015 0.015 0.015 0.015 0.015 0.015 0.015 0.015 0.015 0.015 0.015 0.015 0.015 0.015 0.015 0.015 0.015 0.015 0.015 0.015 0.015 0.0136305 0.015 0.015 0.015 0.015 0.015 0.015 0.015 0.015 0.015 0.0136223 0.015 0.015 0.015 0.015 0.015 0.015 0.015 0.015 0.015 0.0136281 0.015 0.015 0.015 0.015 0.015 0.015 0.015 0.015 0.015 0.0135701 0.015 0.015 0.015 0.015 0.015 0.015 0.015 0.015 0.015 0.0136152 0.015 0.015 0.015 0.015 0.015 0.015 0.015 0.015 0.015 0.0135663 0.015 0.015 0.015 0.015 0.015 0.015 0.015 0.015 0.015 0.0136424 0.015 0.015 0.015 0.015 0.015 0.015 0.015 0.015 0.015 0.0136266 0.015 0.015 0.015 0.015 0.015 0.015 0.015 0.015 0.015 0.0135793 0.015 0.015 0.015 0.015 0.015 0.015 0.015 0.015 0.015 0.0136263 0.015 0.015 0.015 0.015 0.015 0.015 0.015 0.015 0.015 0.0135857 0.015 0.015 0.015 0.015 0.015 0.015 0.015 0.015 0.015 0.0136177 0.015 0.015 0.015 0.015 0.015 0.015 0.015 0.015 0.015 0.0136474 0.015 0.015 0.015 0.015 0.015 0.015 0.015 0.015 0.015 0.0136012 0.015 0.015 0.015 0.015 0.015 0.015 0.015 0.015 0.015 0.0136052 0.015 0.015 0.015 0.015 0.015 0.015 0.015 0.015 0.015 0.0136536 0.015 0.015 0.015 0.015 0.015 0.015 0.015 0.015 0.015 0.0135678 0.015 0.015 0.015 0.015 0.015 0.015 0.015 0.015 0.015 0.0136157 0.015 0.015 0.015 0.015 0.015 0.015 0.015 0.015 0.015 0.0135737 0.015 0.015 0.015 0.015 0.015 0.015 0.015 0.015 0.015 0.0136244 0.015 0.015 0.015 0.0136031 0.015 0.015 0.0136475 0.015 0.015 0.015 0.015 0.015 0.015 0.013635 0.015 0.015 0.0135685 0.015 0.015 0.015 0.015 0.015 0.015 0.0136091 0.015 0.015 0.013602 0.015 0.015 0.015 0.015 0.015 0.015 0.0136109 0.015 0.015 0.0135876 0.015 0.015 0.015 0.015 0.015 0.015 0.013634 0.015 0.015 0.0135847 0.015 0.015 0.015 0.015 0.015 0.015 0.0136079 0.015 0.015 0.0135732 0.015 0.015 0.015 0.015 0.015 0.015 0.0135959 0.015 0.015 0.0136265 0.015 0.015 0.015 0.015 0.015 0.015 0.0135942 0.015 0.015 0.0136175 0.015 0.015 0.015 0.015 0.015 0.015 0.0135663 0.015 0.015 0.0136432 0.015 0.015 0.015 0.015 0.015 0.015 0.0136181 0.015 0.015 0.0136339 0.015 0.015 0.015 0.015 0.015 0.015 0.015 0.015 0.015 0.015 0.015 0.015 0.015 0.015 0.015 0.015 0.015 0.015 0.015 0.015 0.015 0.015 0.015 0.015 0.015 0.015 0.015 0.015 0.015 0.015 0.015 0.015 0.015 0.015 0.015 0.015 0.015 0.015 0.015 0.015 0.015 0.015 0.015 0.015 0.015 0.015 0.015 0.015 0.015 0.015 0.015 0.015 0.015 0.015 0.015 0.015 0.015 0.015 0.015 0.015 0.015 0.015 0.015 0.015 0.015 0.015 0.015 0.015 0.015 0.015 0.015 0.015 0.015 0.015 0.015 0.015 0.015 0.015 0.015 0.015 0.015 0.015 0.015 0.015 0.015 0.015 0.015 0.015 0.015 0.015 0.015 0.015 0.015 0.015 0.015 0.015 0.015 0.015 0.015 0.015 0.015 0.015 0.015 0.015 0.015 0.015 0.015 0.015 0.015 0.015 0.015 0.015 0.0135842 0.015 0.015 0.015 0.015 0.015 0.015 0.015 0.015 0.015 0.013611 0.015 0.015 0.015 0.015 0.015 0.015 0.015 0.015 0.015 0.0136368 0.015 0.015 0.015 0.015 0.015 0.015 0.015 0.015 0.015 0.0136017 0.015 0.015 0.015 0.015 0.015 0.015 0.015 0.015 0.015 0.0136376 0.015 0.015 0.015 0.015 0.015 0.015 0.015 0.015 0.015 0.0136318 0.015 0.015 0.015 0.015 0.015 0.015 0.015 0.015 0.015 0.013591 0.015 0.015 0.015 0.015 0.015 0.015 0.015 0.015 0.015 0.0136528 0.015 0.015 0.015 0.015 0.015 0.015 0.015 0.015 0.015 0.0136094 0.015 0.015 0.015 0.015 0.015 0.015 0.015 0.015 0.015 0.013568 0.015 0.015 0.015 0.0135655 0.015 0.015 0.0136531 0.015 0.015 0.015 0.015 0.015 0.015 0.0136342 0.015 0.015 0.0136031 0.015 0.015 0.015 0.015 0.015 0.015 0.0136292 0.015 0.015 0.0135821 0.015 0.015 0.015 0.015 0.015 0.015 0.0135824 0.015 0.015 0.0136304 0.015 0.015 0.015 0.015 0.015 0.015 0.0136332 0.015 0.015 0.0136433 0.015 0.015 0.015 0.015 0.015 0.015 0.0136171 0.015 0.015 0.0135735 0.015 0.015 0.015 0.015 0.015 0.015 0.0135893 0.015 0.015 0.0136051 0.015 0.015 0.015 0.015 0.015 0.015 0.013582 0.015 0.015 0.0136068 0.015 0.015 0.015 0.015 0.015 0.015 0.0135806 0.015 0.015 0.0135881 0.015 0.015 0.015 0.015 0.015 0.015 0.0136176 0.015 0.015 0.0136202 0.015 0.015 0.015 0.015 0.015 0.015 0.015 0.015 0.015 0.015 0.015 0.015 0.015 0.015 0.015 0.015 0.015 0.015 0.015 0.015 0.015 0.015 0.015 0.015 0.015 0.015 0.015 0.015 0.015 0.015 0.015 0.015 0.015 0.015 0.015 0.015 0.015 0.015 0.015 0.015 0.015 0.015 0.015 0.015 0.015 0.015 0.015 0.015 0.015 0.015 0.015 0.015 0.015 0.015 0.015 0.015 0.015 0.015 0.015 0.015 0.015 0.015 0.015 0.015 0.015 0.015 0.015 0.015 0.015 0.015 0.015 0.015 0.015 0.015 0.015 0.015 0.015 0.015 0.015 0.015 0.015 0.015 0.015 0.015 0.015 0.015 0.015 0.015 0.015 0.015 0.015 0.015 0.015 0.015 0.015 0.015 0.015 0.015 0.015 0.015 0.015 0.015 0.015 0.015 0.015 0.015 0.015 0.015 0.015 0.015 0.015 0.015 0.0135745 0.015 0.015 0.015 0.015 0.015 0.015 0.015 0.015 0.015 0.0136485 0.015 0.015 0.015 0.015 0.015 0.015 0.015 0.015 0.015 0.0136352 0.015 0.015 0.015 0.015 0.015 0.015 0.015 0.015 0.015 0.0135995 0.015 0.015 0.015 0.015 0.015 0.015 0.015 0.015 0.015 0.0135862 0.015 0.015 0.015 0.015 0.015 0.015 0.015 0.015 0.015 0.0135945 0.015 0.015 0.015 0.015 0.015 0.015 0.015 0.015 0.015 0.013633 0.015 0.015 0.015 0.015 0.015 0.015 0.015 0.015 0.015 0.0135739 0.015 0.015 0.015 0.015 0.015 0.015 0.015 0.015 0.015 0.0135901 0.015 0.015 0.015 0.015 0.015 0.015 0.015 0.015 0.015 0.0135657 0.015 0.015 0.015 0.013639 0.015 0.015 0.0136477 0.015 0.015 0.015 0.015 0.015 0.015 0.0136231 0.015 0.015 0.0136467 0.015 0.015 0.015 0.015 0.015 0.015 0.013596 0.015 0.015 0.0135796 0.015 0.015 0.015 0.015 0.015 0.015 0.0136545 0.015 0.015 0.0136038 0.015 0.015 0.015 0.015 0.015 0.015 0.0135816 0.015 0.015 0.0136424 0.015 0.015 0.015 0.015 0.015 0.015 0.013573 0.015 0.015 0.0135776 0.015 0.015 0.015 0.015 0.015 0.015 0.0136374 0.015 0.015 0.0136389 0.015 0.015 0.015 0.015 0.015 0.015 0.0135928 0.015 0.015 0.0135724 0.015 0.015 0.015 0.015 0.015 0.015 0.0136396 0.015 0.015 0.0135655 0.015 0.015 0.015 0.015 0.015 0.015 0.0136109 0.015 0.015 0.013566 0.015 0.015 0.015 0.015 0.015 0.015 0.015 0.015 0.015 0.015 0.015 0.015 0.015 0.015 0.015 0.015 0.015 0.015 0.015 0.015 0.015 0.015 0.015 0.015 0.015 0.015 0.015 0.015 0.015 0.015 0.015 0.015 0.015 0.015 0.015 0.015 0.015 0.015 0.015 0.015 0.015 0.015 0.015 0.015 0.015 0.015 0.015 0.015 0.015 0.015 0.015 0.015 0.015 0.015 0.015 0.015 0.015 0.015 0.015 0.015 0.015 0.015 0.015 0.015 0.015 0.015 0.015 0.015 0.015 0.015 0.015 0.015 0.015 0.015 0.015 0.015 0.015 0.015 0.015 0.015 0.015 0.015 0.015 0.015 0.015 0.015 0.015 0.015 0.015 0.015 0.015 0.015 0.015 0.015 0.015 0.015 0.015 0.015 0.015 0.015 0.015 0.015 0.015 0.015 0.015 0.015 0.015 0.015 0.015 0.015 0.015 0.015 0.013613 0.015 0.015 0.015 0.015 0.015 0.015 0.015 0.015 0.015 0.0136146 0.015 0.015 0.015 0.015 0.015 0.015 0.015 0.015 0.015 0.0136069 0.015 0.015 0.015 0.015 0.015 0.015 0.015 0.015 0.015 0.0136048 0.015 0.015 0.015 0.015 0.015 0.015 0.015 0.015 0.015 0.0135872 0.015 0.015 0.015 0.015 0.015 0.015 0.015 0.015 0.015 0.013592 0.015 0.015 0.015 0.015 0.015 0.015 0.015 0.015 0.015 0.0136473 0.015 0.015 0.015 0.015 0.015 0.015 0.015 0.015 0.015 0.0136018 0.015 0.015 0.015 0.015 0.015 0.015 0.015 0.015 0.015 0.0135673 0.015 0.015 0.015 0.015 0.015 0.015 0.015 0.015 0.015 0.013596 0.015 0.015 0.015 0.015 0.015 0.015 0.015 0.015 0.015 0.0135738 0.015 0.015 0.015 0.015 0.015 0.015 0.015 0.015 0.015 0.0136237 0.015 0.015 0.015 0.015 0.015 0.015 0.015 0.015 0.015 0.0135799 0.015 0.015 0.015 0.015 0.015 0.015 0.015 0.015 0.015 0.0135692 0.015 0.015 0.015 0.015 0.015 0.015 0.015 0.015 0.015 0.0136 0.015 0.015 0.015 0.015 0.015 0.015 0.015 0.015 0.015 0.013629 0.015 0.015 0.015 0.015 0.015 0.015 0.015 0.015 0.015 0.0135874 0.015 0.015 0.015 0.015 0.015 0.015 0.015 0.015 0.015 0.0135655 0.015 0.015 0.015 0.015 0.015 0.015 0.015 0.015 0.015 0.0136144 0.015 0.015 0.015 0.015 0.015 0.015 0.015 0.015 0.015 0.0136465 0.015 0.015 0.015 0.0136326 0.015 0.015 0.0135902 0.015 0.015 0.015 0.015 0.015 0.015 0.0136015 0.015 0.015 0.0136438 0.015 0.015 0.015 0.015 0.015 0.015 0.0136047 0.015 0.015 0.0136465 0.015 0.015 0.015 0.015 0.015 0.015 0.0136493 0.015 0.015 0.0136258 0.015 0.015 0.015 0.015 0.015 0.015 0.0135986 0.015 0.015 0.0136469 0.015 0.015 0.015 0.015 0.015 0.015 0.0136411 0.015 0.015 0.0136498 0.015 0.015 0.015 0.015 0.015 0.015 0.0136273 0.015 0.015 0.0136108 0.015 0.015 0.015 0.015 0.015 0.015 0.0135813 0.015 0.015 0.0136007 0.015 0.015 0.015 0.015 0.015 0.015 0.0136381 0.015 0.015 0.0136387 0.015 0.015 0.015 0.015 0.015 0.015 0.0136176 0.015 0.015 0.0136183 0.015 0.015 0.015 0.015 0.015 0.015 0.015 0.015 0.015 0.015 0.015 0.015 0.015 0.015 0.015 0.015 0.015 0.015 0.015 0.015 0.015 0.015 0.015 0.015 0.015 0.015 0.015 0.015 0.015 0.015 0.015 0.015 0.015 0.015 0.015 0.015 0.015 0.015 0.015 0.015 0.015 0.015 0.015 0.015 0.015 0.015 0.015 0.015 0.015 0.015 0.015 0.015 0.015 0.015 0.015 0.015 0.015 0.015 0.015 0.015 0.015 0.015 0.015 0.015 0.015 0.015 0.015 0.015 0.015 0.015 0.015 0.015 0.015 0.015 0.015 0.015 0.015 0.015 0.015 0.015 0.015 0.015 0.015 0.015 0.015 0.015 0.015 0.015 0.015 0.015 0.015 0.015 0.015 0.015 0.015 0.015 0.015 0.015 0.015 0.015 0.015 0.015 0.015 0.015 0.015 0.015 0.015 0.015 0.015 0.015 0.015 0.015 0.0136414 0.015 0.015 0.015 0.015 0.015 0.015 0.015 0.015 0.015 0.0136194 0.015 0.015 0.015 0.015 0.015 0.015 0.015 0.015 0.015 0.0135881 0.015 0.015 0.015 0.015 0.015 0.015 0.015 0.015 0.015 0.013597 0.015 0.015 0.015 0.015 0.015 0.015 0.015 0.015 0.015 0.0135776 0.015 0.015 0.015 0.015 0.015 0.015 0.015 0.015 0.015 0.0135887 0.015 0.015 0.015 0.015 0.015 0.015 0.015 0.015 0.015 0.0136312 0.015 0.015 0.015 0.015 0.015 0.015 0.015 0.015 0.015 0.0136002 0.015 0.015 0.015 0.015 0.015 0.015 0.015 0.015 0.015 0.0135683 0.015 0.015 0.015 0.015 0.015 0.015 0.015 0.015 0.015 0.0136432 0.015 0.015 0.015 0.0136404 0.015 0.015 0.0136121 0.015 0.015 0.015 0.015 0.015 0.015 0.0136209 0.015 0.015 0.0136371 0.015 0.015 0.015 0.015 0.015 0.015 0.0136185 0.015 0.015 0.0136052 0.015 0.015 0.015 0.015 0.015 0.015 0.0136254 0.015 0.015 0.013649 0.015 0.015 0.015 0.015 0.015 0.015 0.0135885 0.015 0.015 0.013575 0.015 0.015 0.015 0.015 0.015 0.015 0.0135907 0.015 0.015 0.0135911 0.015 0.015 0.015 0.015 0.015 0.015 0.0135959 0.015 0.015 0.0135757 0.015 0.015 0.015 0.015 0.015 0.015 0.0136036 0.015 0.015 0.0135691 0.015 0.015 0.015 0.015 0.015 0.015 0.0135669 0.015 0.015 0.0136425 0.015 0.015 0.015 0.015 0.015 0.015 0.013592 0.015 0.015 0.0136541 0.015 0.015 0.015 0.015 0.015 0.015 0.015 0.015 0.015 0.015 0.015 0.015 0.015 0.015 0.015 0.015 0.015 0.015 0.015 0.015 0.015 0.015 0.015 0.015 0.015 0.015 0.015 0.015 0.015 0.015 0.015 0.015 0.015 0.015 0.015 0.015 0.015 0.015 0.015 0.015 0.015 0.015 0.015 0.015 0.015 0.015 0.015 0.015 0.015 0.015 0.015 0.015 0.015 0.015 0.015 0.015 0.015 0.015 0.015 0.015 0.015 0.015 0.015 0.015 0.015 0.015 0.015 0.015 0.015 0.015 0.015 0.015 0.015 0.015 0.015 0.015 0.015 0.015 0.015 0.015 0.015 0.015 0.015 0.015 0.015 0.015 0.015 0.015 0.015 0.015 0.015 0.015 0.015 0.015 0.015 0.015 0.015 0.015 0.015 0.015 0.015 0.015 0.015 0.015 0.015 0.015 0.015 0.015 0.015 0.015 0.015 0.015 0.013567 0.015 0.015 0.015 0.015 0.015 0.015 0.015 0.015 0.015 0.0136484 0.015 0.015 0.015 0.015 0.015 0.015 0.015 0.015 0.015 0.0136455 0.015 0.015 0.015 0.015 0.015 0.015 0.015 0.015 0.015 0.0136122 0.015 0.015 0.015 0.015 0.015 0.015 0.015 0.015 0.015 0.0136299 0.015 0.015 0.015 0.015 0.015 0.015 0.015 0.015 0.015 0.0136453 0.015 0.015 0.015 0.015 0.015 0.015 0.015 0.015 0.015 0.0136263 0.015 0.015 0.015 0.015 0.015 0.015 0.015 0.015 0.015 0.0135928 0.015 0.015 0.015 0.015 0.015 0.015 0.015 0.015 0.015 0.0136501 0.015 0.015 0.015 0.015 0.015 0.015 0.015 0.015 0.015 0.0135707 0.015 0.015 0.015 0.0135721 0.015 0.015 0.0135888 0.015 0.015 0.015 0.015 0.015 0.015 0.013582 0.015 0.015 0.0135752 0.015 0.015 0.015 0.015 0.015 0.015 0.0136293 0.015 0.015 0.0136396 0.015 0.015 0.015 0.015 0.015 0.015 0.0136227 0.015 0.015 0.013652 0.015 0.015 0.015 0.015 0.015 0.015 0.0135982 0.015 0.015 0.0136476 0.015 0.015 0.015 0.015 0.015 0.015 0.013617 0.015 0.015 0.0136331 0.015 0.015 0.015 0.015 0.015 0.015 0.0135878 0.015 0.015 0.0135927 0.015 0.015 0.015 0.015 0.015 0.015 0.0135657 0.015 0.015 0.0136126 0.015 0.015 0.015 0.015 0.015 0.015 0.0135805 0.015 0.015 0.0135713 0.015 0.015 0.015 0.015 0.015 0.015 0.0136094 0.015 0.015 0.0136331 0.015 0.015 0.015 0.015 0.015 0.015 0.015 0.015 0.015 0.015 0.015 0.015 0.015 0.015 0.015 0.015 0.015 0.015 0.015 0.015 0.015 0.015 0.015 0.015 0.015 0.015 0.015 0.015 0.015 0.015 0.015 0.015 0.015 0.015 0.015 0.015 0.015 0.015 0.015 0.015 0.015 0.015 0.015 0.015 0.015 0.015 0.015 0.015 0.015 0.015 0.015 0.015 0.015 0.015 0.015 0.015 0.015 0.015 0.015 0.015 0.015 0.015 0.015 0.015 0.015 0.015 0.015 0.015 0.015 0.015 0.015 0.015 0.015 0.015 0.015 0.015 0.015 0.015 0.015 0.015 0.015 0.015 0.015 0.015 0.015 0.015 0.015 0.015 0.015 0.015 0.015 0.015 0.015 0.015 0.015 0.015 0.015 0.015 0.015 0.015 0.015 0.015 0.015 0.015 0.015 0.015 0.015 0.015 0.015 0.015 0.015 0.015 0.0136124 0.015 0.015 0.015 0.015 0.015 0.015 0.015 0.015 0.015 0.013635 0.015 0.015 0.015 0.015 0.015 0.015 0.015 0.015 0.015 0.0135843 0.015 0.015 0.015 0.015 0.015 0.015 0.015 0.015 0.015 0.0136217 0.015 0.015 0.015 0.015 0.015 0.015 0.015 0.015 0.015 0.0135662 0.015 0.015 0.015 0.015 0.015 0.015 0.015 0.015 0.015 0.013625 0.015 0.015 0.015 0.015 0.015 0.015 0.015 0.015 0.015 0.0136448 0.015 0.015 0.015 0.015 0.015 0.015 0.015 0.015 0.015 0.0136264 0.015 0.015 0.015 0.015 0.015 0.015 0.015 0.015 0.015 0.0136062 0.015 0.015 0.015 0.015 0.015 0.015 0.015 0.015 0.015 0.0136178 0.015 0.015 0.015 0.015 0.015 0.015 0.015 0.015 0.015 0.0136385 0.015 0.015 0.015 0.015 0.015 0.015 0.015 0.015 0.015 0.0136514 0.015 0.015 0.015 0.015 0.015 0.015 0.015 0.015 0.015 0.0135974 0.015 0.015 0.015 0.015 0.015 0.015 0.015 0.015 0.015 0.0136326 0.015 0.015 0.015 0.015 0.015 0.015 0.015 0.015 0.015 0.0136216 0.015 0.015 0.015 0.015 0.015 0.015 0.015 0.015 0.015 0.0136088 0.015 0.015 0.015 0.015 0.015 0.015 0.015 0.015 0.015 0.0136249 0.015 0.015 0.015 0.015 0.015 0.015 0.015 0.015 0.015 0.0135655 0.015 0.015 0.015 0.015 0.015 0.015 0.015 0.015 0.015 0.0135941 0.015 0.015 0.015 0.015 0.015 0.015 0.015 0.015 0.015 0.0135894 0.015 0.015 0.015 0.0136477 0.015 0.015 0.0136014 0.015 0.015 0.015 0.015 0.015 0.015 0.0135948 0.015 0.015 0.0135871 0.015 0.015 0.015 0.015 0.015 0.015 0.0136219 0.015 0.015 0.0136249 0.015 0.015 0.015 0.015 0.015 0.015 0.0135929 0.015 0.015 0.0136207 0.015 0.015 0.015 0.015 0.015 0.015 0.013648 0.015 0.015 0.0135809 0.015 0.015 0.015 0.015 0.015 0.015 0.0136053 0.015 0.015 0.0136364 0.015 0.015 0.015 0.015 0.015 0.015 0.0136111 0.015 0.015 0.0136396 0.015 0.015 0.015 0.015 0.015 0.015 0.0136146 0.015 0.015 0.0135876 0.015 0.015 0.015 0.015 0.015 0.015 0.0136523 0.015 0.015 0.0136077 0.015 0.015 0.015 0.015 0.015 0.015 0.0135661 0.015 0.015 0.0136257 0.015 0.015 0.015 0.015 0.015 0.015 0.015 0.015 0.015 0.015 0.015 0.015 0.015 0.015 0.015 0.015 0.015 0.015 0.015 0.015 0.015 0.015 0.015 0.015 0.015 0.015 0.015 0.015 0.015 0.015 0.015 0.015 0.015 0.015 0.015 0.015 0.015 0.015 0.015 0.015 0.015 0.015 0.015 0.015 0.015 0.015 0.015 0.015 0.015 0.015 0.015 0.015 0.015 0.015 0.015 0.015 0.015 0.015 0.015 0.015 0.015 0.015 0.015 0.015 0.015 0.015 0.015 0.015 0.015 0.015 0.015 0.015 0.015 0.015 0.015 0.015 0.015 0.015 0.015 0.015 0.015 0.015 0.015 0.015 0.015 0.015 0.015 0.015 0.015 0.015 0.015 0.015 0.015 0.015 0.015 0.015 0.015 0.015 0.015 0.015 0.015 0.015 0.015 0.015 0.015 0.015 0.015 0.015 0.015 0.015 0.015 0.015 0.0136236 0.015 0.015 0.015 0.015 0.015 0.015 0.015 0.015 0.015 0.0135985 0.015 0.015 0.015 0.015 0.015 0.015 0.015 0.015 0.015 0.0136323 0.015 0.015 0.015 0.015 0.015 0.015 0.015 0.015 0.015 0.0135897 0.015 0.015 0.015 0.015 0.015 0.015 0.015 0.015 0.015 0.0136507 0.015 0.015 0.015 0.015 0.015 0.015 0.015 0.015 0.015 0.0136119 0.015 0.015 0.015 0.015 0.015 0.015 0.015 0.015 0.015 0.0136382 0.015 0.015 0.015 0.015 0.015 0.015 0.015 0.015 0.015 0.0136466 0.015 0.015 0.015 0.015 0.015 0.015 0.015 0.015 0.015 0.0135798 0.015 0.015 0.015 0.015 0.015 0.015 0.015 0.015 0.015 0.013641 0.015 0.015 0.015 0.0135994 0.015 0.015 0.0135803 0.015 0.015 0.015 0.015 0.015 0.015 0.0135692 0.015 0.015 0.0136486 0.015 0.015 0.015 0.015 0.015 0.015 0.0135867 0.015 0.015 0.013587 0.015 0.015 0.015 0.015 0.015 0.015 0.0136229 0.015 0.015 0.0135685 0.015 0.015 0.015 0.015 0.015 0.015 0.0136036 0.015 0.015 0.0136002 0.015 0.015 0.015 0.015 0.015 0.015 0.013588 0.015 0.015 0.013651 0.015 0.015 0.015 0.015 0.015 0.015 0.0135977 0.015 0.015 0.0136358 0.015 0.015 0.015 0.015 0.015 0.015 0.0136549 0.015 0.015 0.0136462 0.015 0.015 0.015 0.015 0.015 0.015 0.0136374 0.015 0.015 0.0136148 0.015 0.015 0.015 0.015 0.015 0.015 0.0135872 0.015 0.015 0.0136069 0.015 0.015 0.015 0.015 0.015 0.015 0.015 0.015 0.015 0.015 0.015 0.015 0.015 0.015 0.015 0.015 0.015 0.015 0.015 0.015 0.015 0.015 0.015 0.015 0.015 0.015 0.015 0.015 0.015 0.015 0.015 0.015 0.015 0.015 0.015 0.015 0.015 0.015 0.015 0.015 0.015 0.015 0.015 0.015 0.015 0.015 0.015 0.015 0.015 0.015 0.015 0.015 0.015 0.015 0.015 0.015 0.015 0.015 0.015 0.015 0.015 0.015 0.015 0.015 0.015 0.015 0.015 0.015 0.015 0.015 0.015 0.015 0.015 0.015 0.015 0.015 0.015 0.015 0.015 0.015 0.015 0.015 0.015 0.015 0.015 0.015 0.015 0.015 0.015 0.015 0.015 0.015 0.015 0.015 0.015 0.015 0.015 0.015 0.015 0.015 0.015 0.015 0.015 0.015 0.015 0.015 0.015 0.015 0.015 0.015 0.015 0.015 0.0135841 0.015 0.015 0.015 0.015 0.015 0.015 0.015 0.015 0.015 0.0136224 0.015 0.015 0.015 0.015 0.015 0.015 0.015 0.015 0.015 0.0135951 0.015 0.015 0.015 0.015 0.015 0.015 0.015 0.015 0.015 0.0135984 0.015 0.015 0.015 0.015 0.015 0.015 0.015 0.015 0.015 0.0135768 0.015 0.015 0.015 0.015 0.015 0.015 0.015 0.015 0.015 0.0136253 0.015 0.015 0.015 0.015 0.015 0.015 0.015 0.015 0.015 0.0135686 0.015 0.015 0.015 0.015 0.015 0.015 0.015 0.015 0.015 0.0136265 0.015 0.015 0.015 0.015 0.015 0.015 0.015 0.015 0.015 0.0136199 0.015 0.015 0.015 0.015 0.015 0.015 0.015 0.015 0.015 0.0135661 0.015 0.015 0.015 0.0135838 0.015 0.015 0.0136151 0.015 0.015 0.015 0.015 0.015 0.015 0.0135877 0.015 0.015 0.0136204 0.015 0.015 0.015 0.015 0.015 0.015 0.0135884 0.015 0.015 0.013641 0.015 0.015 0.015 0.015 0.015 0.015 0.0136045 0.015 0.015 0.0136437 0.015 0.015 0.015 0.015 0.015 0.015 0.0136312 0.015 0.015 0.0135688 0.015 0.015 0.015 0.015 0.015 0.015 0.0135958 0.015 0.015 0.0136484 0.015 0.015 0.015 0.015 0.015 0.015 0.0136213 0.015 0.015 0.0136323 0.015 0.015 0.015 0.015 0.015 0.015 0.0136057 0.015 0.015 0.0135891 0.015 0.015 0.015 0.015 0.015 0.015 0.0136272 0.015 0.015 0.0136081 0.015 0.015 0.015 0.015 0.015 0.015 0.0135667 0.015 0.015 0.0135856 0.015 0.015 0.015 0.015 0.015 0.015 0.015 0.015 0.015 0.015 0.015 0.015 0.015 0.015 0.015 0.015 0.015 0.015 0.015 0.015 0.015 0.015 0.015 0.015 0.015 0.015 0.015 0.015 0.015 0.015 0.015 0.015 0.015 0.015 0.015 0.015 0.015 0.015 0.015 0.015 0.015 0.015 0.015 0.015 0.015 0.015 0.015 0.015 0.015 0.015 0.015 0.015 0.015 0.015 0.015 0.015 0.015 0.015 0.015 0.015 0.015 0.015 0.015 0.015 0.015 0.015 0.015 0.015 0.015 0.015 0.015 0.015 0.015 0.015 0.015 0.015 0.015 0.015 0.015 0.015 0.015 0.015 0.015 0.015 0.015 0.015 0.015 0.015 0.015 0.015 0.015 0.015 0.015 0.015 0.015 0.015 0.015 0.015 0.015 0.015 0.015 0.015 0.015 0.015 0.015 0.015 0.015 0.015 0.015 0.015 0.015 0.015 0.0135879 0.015 0.015 0.015 0.015 0.015 0.015 0.015 0.015 0.015 0.0136325 0.015 0.015 0.015 0.015 0.015 0.015 0.015 0.015 0.015 0.0136138 0.015 0.015 0.015 0.015 0.015 0.015 0.015 0.015 0.015 0.0136151 0.015 0.015 0.015 0.015 0.015 0.015 0.015 0.015 0.015 0.0136111 0.015 0.015 0.015 0.015 0.015 0.015 0.015 0.015 0.015 0.013609 0.015 0.015 0.015 0.015 0.015 0.015 0.015 0.015 0.015 0.0135658 0.015 0.015 0.015 0.015 0.015 0.015 0.015 0.015 0.015 0.013573 0.015 0.015 0.015 0.015 0.015 0.015 0.015 0.015 0.015 0.0136225 0.015 0.015 0.015 0.015 0.015 0.015 0.015 0.015 0.015 0.0136241 0.015 0.015 0.015 0.015 0.015 0.015 0.015 0.015 0.015 0.0136251 0.015 0.015 0.015 0.015 0.015 0.015 0.015 0.015 0.015 0.0136188 0.015 0.015 0.015 0.015 0.015 0.015 0.015 0.015 0.015 0.0136089 0.015 0.015 0.015 0.015 0.015 0.015 0.015 0.015 0.015 0.0135937 0.015 0.015 0.015 0.015 0.015 0.015 0.015 0.015 0.015 0.0135714 0.015 0.015 0.015 0.015 0.015 0.015 0.015 0.015 0.015 0.0136056 0.015 0.015 0.015 0.015 0.015 0.015 0.015 0.015 0.015 0.0135934 0.015 0.015 0.015 0.015 0.015 0.015 0.015 0.015 0.015 0.0136488 0.015 0.015 0.015 0.015 0.015 0.015 0.015 0.015 0.015 0.0135853 0.015 0.015 0.015 0.015 0.015 0.015 0.015 0.015 0.015 0.0136192 0.015 0.015 0.015 0.0136442 0.015 0.015 0.013597 0.015 0.015 0.015 0.015 0.015 0.015 0.0136154 0.015 0.015 0.0135689 0.015 0.015 0.015 0.015 0.015 0.015 0.0135853 0.015 0.015 0.0135747 0.015 0.015 0.015 0.015 0.015 0.015 0.0136317 0.015 0.015 0.0136333 0.015 0.015 0.015 0.015 0.015 0.015 0.0136205 0.015 0.015 0.0136479 0.015 0.015 0.015 0.015 0.015 0.015 0.0136126 0.015 0.015 0.013571 0.015 0.015 0.015 0.015 0.015 0.015 0.0136539 0.015 0.015 0.0136401 0.015 0.015 0.015 0.015 0.015 0.015 0.013587 0.015 0.015 0.0136131 0.015 0.015 0.015 0.015 0.015 0.015 0.0136398 0.015 0.015 0.0135997 0.015 0.015 0.015 0.015 0.015 0.015 0.013608 0.015 0.015 0.0136521 0.015 0.015 0.015 0.015 0.015 0.015 0.015 0.015 0.015 0.015 0.015 0.015 0.015 0.015 0.015 0.015 0.015 0.015 0.015 0.015 0.015 0.015 0.015 0.015 0.015 0.015 0.015 0.015 0.015 0.015 0.015 0.015 0.015 0.015 0.015 0.015 0.015 0.015 0.015 0.015 0.015 0.015 0.015 0.015 0.015 0.015 0.015 0.015 0.015 0.015 0.015 0.015 0.015 0.015 0.015 0.015 0.015 0.015 0.015 0.015 0.015 0.015 0.015 0.015 0.015 0.015 0.015 0.015 0.015 0.015 0.015 0.015 0.015 0.015 0.015 0.015 0.015 0.015 0.015 0.015 0.015 0.015 0.015 0.015 0.015 0.015 0.015 0.015 0.015 0.015 0.015 0.015 0.015 0.015 0.015 0.015 0.015 0.015 0.015 0.015 0.015 0.015 0.015 0.015 0.015 0.015 0.015 0.015 0.015 0.015 0.015 0.015 0.0136244 0.015 0.015 0.015 0.015 0.015 0.015 0.015 0.015 0.015 0.0135812 0.015 0.015 0.015 0.015 0.015 0.015 0.015 0.015 0.015 0.0135881 0.015 0.015 0.015 0.015 0.015 0.015 0.015 0.015 0.015 0.0136304 0.015 0.015 0.015 0.015 0.015 0.015 0.015 0.015 0.015 0.0135945 0.015 0.015 0.015 0.015 0.015 0.015 0.015 0.015 0.015 0.0135793 0.015 0.015 0.015 0.015 0.015 0.015 0.015 0.015 0.015 0.0136501 0.015 0.015 0.015 0.015 0.015 0.015 0.015 0.015 0.015 0.0135769 0.015 0.015 0.015 0.015 0.015 0.015 0.015 0.015 0.015 0.013633 0.015 0.015 0.015 0.015 0.015 0.015 0.015 0.015 0.015 0.0135652 0.015 0.015 0.015 0.0136156 0.015 0.015 0.0136342 0.015 0.015 0.015 0.015 0.015 0.015 0.0136316 0.015 0.015 0.0135694 0.015 0.015 0.015 0.015 0.015 0.015 0.0136027 0.015 0.015 0.0136151 0.015 0.015 0.015 0.015 0.015 0.015 0.013582 0.015 0.015 0.0136492 0.015 0.015 0.015 0.015 0.015 0.015 0.0135882 0.015 0.015 0.013652 0.015 0.015 0.015 0.015 0.015 0.015 0.0135998 0.015 0.015 0.0136421 0.015 0.015 0.015 0.015 0.015 0.015 0.0135712 0.015 0.015 0.0135772 0.015 0.015 0.015 0.015 0.015 0.015 0.0135785 0.015 0.015 0.0136115 0.015 0.015 0.015 0.015 0.015 0.015 0.0135733 0.015 0.015 0.0136139 0.015 0.015 0.015 0.015 0.015 0.015 0.0135879 0.015 0.015 0.0136246 0.015 0.015 0.015 0.015 0.015 0.015 0.015 0.015 0.015 0.015 0.015 0.015 0.015 0.015 0.015 0.015 0.015 0.015 0.015 0.015 0.015 0.015 0.015 0.015 0.015 0.015 0.015 0.015 0.015 0.015 0.015 0.015 0.015 0.015 0.015 0.015 0.015 0.015 0.015 0.015 0.015 0.015 0.015 0.015 0.015 0.015 0.015 0.015 0.015 0.015 0.015 0.015 0.015 0.015 0.015 0.015 0.015 0.015 0.015 0.015 0.015 0.015 0.015 0.015 0.015 0.015 0.015 0.015 0.015 0.015 0.015 0.015 0.015 0.015 0.015 0.015 0.015 0.015 0.015 0.015 0.015 0.015 0.015 0.015 0.015 0.015 0.015 0.015 0.015 0.015 0.015 0.015 0.015 0.015 0.015 0.015 0.015 0.015 0.015 0.015 0.015 0.015 0.015 0.015 0.015 0.015 0.015 0.015 0.015 0.015 0.015 0.015 0.0135666 0.015 0.015 0.015 0.015 0.015 0.015 0.015 0.015 0.015 0.0135805 0.015 0.015 0.015 0.015 0.015 0.015 0.015 0.015 0.015 0.0135802 0.015 0.015 0.015 0.015 0.015 0.015 0.015 0.015 0.015 0.0135832 0.015 0.015 0.015 0.015 0.015 0.015 0.015 0.015 0.015 0.0136353 0.015 0.015 0.015 0.015 0.015 0.015 0.015 0.015 0.015 0.0136344 0.015 0.015 0.015 0.015 0.015 0.015 0.015 0.015 0.015 0.0136419 0.015 0.015 0.015 0.015 0.015 0.015 0.015 0.015 0.015 0.0136345 0.015 0.015 0.015 0.015 0.015 0.015 0.015 0.015 0.015 0.0135711 0.015 0.015 0.015 0.015 0.015 0.015 0.015 0.015 0.015 0.0135774 0.015 0.015 0.015 0.0136502 0.015 0.015 0.0136437 0.015 0.015 0.015 0.015 0.015 0.015 0.0136401 0.015 0.015 0.0136493 0.015 0.015 0.015 0.015 0.015 0.015 0.0136355 0.015 0.015 0.0136227 0.015 0.015 0.015 0.015 0.015 0.015 0.0136087 0.015 0.015 0.0135828 0.015 0.015 0.015 0.015 0.015 0.015 0.0135958 0.015 0.015 0.0135977 0.015 0.015 0.015 0.015 0.015 0.015 0.0136041 0.015 0.015 0.0136115 0.015 0.015 0.015 0.015 0.015 0.015 0.0136178 0.015 0.015 0.0136357 0.015 0.015 0.015 0.015 0.015 0.015 0.0136001 0.015 0.015 0.0136009 0.015 0.015 0.015 0.015 0.015 0.015 0.0136328 0.015 0.015 0.0136493 0.015 0.015 0.015 0.015 0.015 0.015 0.0136299 0.015 0.015 0.0136088 0.015 0.015 0.015 0.015 0.015 0.015 0.015 0.015 0.015 0.015 0.015 0.015 0.015 0.015 0.015 0.015 0.015 0.015 0.015 0.015 0.015 0.015 0.015 0.015 0.015 0.015 0.015 0.015 0.015 0.015 0.015 0.015 0.015 0.015 0.015 0.015 0.015 0.015 0.015 0.015 0.015 0.015 0.015 0.015 0.015 0.015 0.015 0.015 0.015 0.015 0.015 0.015 0.015 0.015 0.015 0.015 0.015 0.015 0.015 0.015 0.015 0.015 0.015 0.015 0.015 0.015 0.015 0.015 0.015 0.015 0.015 0.015 0.015 0.015 0.015 0.015 0.015 0.015 0.015 0.015 0.015 0.015 0.015 0.015 0.015 0.015 0.015 0.015 0.015 0.015 0.015 0.015 0.015 0.015 0.015 0.015 0.015 0.015 0.015 0.015 0.015 0.015 0.015 0.015 0.015 0.015 0.015 0.015 0.015 0.015 0.015 0.015 0.0135875 0.015 0.015 0.015 0.015 0.015 0.015 0.015 0.015 0.015 0.0136429 0.015 0.015 0.015 0.015 0.015 0.015 0.015 0.015 0.015 0.0136424 0.015 0.015 0.015 0.015 0.015 0.015 0.015 0.015 0.015 0.0136207 0.015 0.015 0.015 0.015 0.015 0.015 0.015 0.015 0.015 0.013615 0.015 0.015 0.015 0.015 0.015 0.015 0.015 0.015 0.015 0.013609 0.015 0.015 0.015 0.015 0.015 0.015 0.015 0.015 0.015 0.0135939 0.015 0.015 0.015 0.015 0.015 0.015 0.015 0.015 0.015 0.0136144 0.015 0.015 0.015 0.015 0.015 0.015 0.015 0.015 0.015 0.0136197 0.015 0.015 0.015 0.015 0.015 0.015 0.015 0.015 0.015 0.0136076 0.015 0.015 0.015 0.015 0.015 0.015 0.015 0.015 0.015 0.0136063 0.015 0.015 0.015 0.015 0.015 0.015 0.015 0.015 0.015 0.0135935 0.015 0.015 0.015 0.015 0.015 0.015 0.015 0.015 0.015 0.0136276 0.015 0.015 0.015 0.015 0.015 0.015 0.015 0.015 0.015 0.0135728 0.015 0.015 0.015 0.015 0.015 0.015 0.015 0.015 0.015 0.0136401 0.015 0.015 0.015 0.015 0.015 0.015 0.015 0.015 0.015 0.0135996 0.015 0.015 0.015 0.015 0.015 0.015 0.015 0.015 0.015 0.0136137 0.015 0.015 0.015 0.015 0.015 0.015 0.015 0.015 0.015 0.0135705 0.015 0.015 0.015 0.015 0.015 0.015 0.015 0.015 0.015 0.0135881 0.015 0.015 0.015 0.015 0.015 0.015 0.015 0.015 0.015 0.0135942 0.015 0.015 0.015 0.0135932 0.015 0.015 0.0136517 0.015 0.015 0.015 0.015 0.015 0.015 0.0136258 0.015 0.015 0.0136155 0.015 0.015 0.015 0.015 0.015 0.015 0.0136465 0.015 0.015 0.0136282 0.015 0.015 0.015 0.015 0.015 0.015 0.0136141 0.015 0.015 0.0136102 0.015 0.015 0.015 0.015 0.015 0.015 0.0136028 0.015 0.015 0.0136355 0.015 0.015 0.015 0.015 0.015 0.015 0.0135673 0.015 0.015 0.0136006 0.015 0.015 0.015 0.015 0.015 0.015 0.0136135 0.015 0.015 0.0135846 0.015 0.015 0.015 0.015 0.015 0.015 0.0135914 0.015 0.015 0.0135816 0.015 0.015 0.015 0.015 0.015 0.015 0.0136046 0.015 0.015 0.0136378 0.015 0.015 0.015 0.015 0.015 0.015 0.0136316 0.015 0.015 0.0136058 0.015 0.015 0.015 0.015 0.015 0.015 0.015 0.015 0.015 0.015 0.015 0.015 0.015 0.015 0.015 0.015 0.015 0.015 0.015 0.015 0.015 0.015 0.015 0.015 0.015 0.015 0.015 0.015 0.015 0.015 0.015 0.015 0.015 0.015 0.015 0.015 0.015 0.015 0.015 0.015 0.015 0.015 0.015 0.015 0.015 0.015 0.015 0.015 0.015 0.015 0.015 0.015 0.015 0.015 0.015 0.015 0.015 0.015 0.015 0.015 0.015 0.015 0.015 0.015 0.015 0.015 0.015 0.015 0.015 0.015 0.015 0.015 0.015 0.015 0.015 0.015 0.015 0.015 0.015 0.015 0.015 0.015 0.015 0.015 0.015 0.015 0.015 0.015 0.015 0.015 0.015 0.015 0.015 0.015 0.015 0.015 0.015 0.015 0.015 0.015 0.015 0.015 0.015 0.015 0.015 0.015 0.015 0.015 0.015 0.015 0.015 0.015 0.0136393 0.015 0.015 0.015 0.015 0.015 0.015 0.015 0.015 0.015 0.013641 0.015 0.015 0.015 0.015 0.015 0.015 0.015 0.015 0.015 0.0136089 0.015 0.015 0.015 0.015 0.015 0.015 0.015 0.015 0.015 0.0136435 0.015 0.015 0.015 0.015 0.015 0.015 0.015 0.015 0.015 0.0136206 0.015 0.015 0.015 0.015 0.015 0.015 0.015 0.015 0.015 0.0135798 0.015 0.015 0.015 0.015 0.015 0.015 0.015 0.015 0.015 0.0136374 0.015 0.015 0.015 0.015 0.015 0.015 0.015 0.015 0.015 0.0135946 0.015 0.015 0.015 0.015 0.015 0.015 0.015 0.015 0.015 0.0136509 0.015 0.015 0.015 0.015 0.015 0.015 0.015 0.015 0.015 0.0135696 0.015 0.015 0.015 0.013646 0.015 0.015 0.0136289 0.015 0.015 0.015 0.015 0.015 0.015 0.013582 0.015 0.015 0.0136141 0.015 0.015 0.015 0.015 0.015 0.015 0.0136091 0.015 0.015 0.0136333 0.015 0.015 0.015 0.015 0.015 0.015 0.0136397 0.015 0.015 0.0136304 0.015 0.015 0.015 0.015 0.015 0.015 0.0135809 0.015 0.015 0.0136357 0.015 0.015 0.015 0.015 0.015 0.015 0.0136094 0.015 0.015 0.0136151 0.015 0.015 0.015 0.015 0.015 0.015 0.0136118 0.015 0.015 0.0135833 0.015 0.015 0.015 0.015 0.015 0.015 0.0136297 0.015 0.015 0.0136281 0.015 0.015 0.015 0.015 0.015 0.015 0.013599 0.015 0.015 0.0136186 0.015 0.015 0.015 0.015 0.015 0.015 0.0136122 0.015 0.015 0.0135732 0.015 0.015 0.015 0.015 0.015 0.015 0.015 0.015 0.015 0.015 0.015 0.015 0.015 0.015 0.015 0.015 0.015 0.015 0.015 0.015 0.015 0.015 0.015 0.015 0.015 0.015 0.015 0.015 0.015 0.015 0.015 0.015 0.015 0.015 0.015 0.015 0.015 0.015 0.015 0.015 0.015 0.015 0.015 0.015 0.015 0.015 0.015 0.015 0.015 0.015 0.015 0.015 0.015 0.015 0.015 0.015 0.015 0.015 0.015 0.015 0.015 0.015 0.015 0.015 0.015 0.015 0.015 0.015 0.015 0.015 0.015 0.015 0.015 0.015 0.015 0.015 0.015 0.015 0.015 0.015 0.015 0.015 0.015 0.015 0.015 0.015 0.015 0.015 0.015 0.015 0.015 0.015 0.015 0.015 0.015 0.015 0.015 0.015 0.015 0.015 0.015 0.015 0.015 0.015 0.015 0.015 0.015 0.015 0.015 0.015 0.015 0.015 0.013582 0.015 0.015 0.015 0.015 0.015 0.015 0.015 0.015 0.015 0.0135715 0.015 0.015 0.015 0.015 0.015 0.015 0.015 0.015 0.015 0.0135815 0.015 0.015 0.015 0.015 0.015 0.015 0.015 0.015 0.015 0.0135774 0.015 0.015 0.015 0.015 0.015 0.015 0.015 0.015 0.015 0.0135897 0.015 0.015 0.015 0.015 0.015 0.015 0.015 0.015 0.015 0.0136093 0.015 0.015 0.015 0.015 0.015 0.015 0.015 0.015 0.015 0.0135832 0.015 0.015 0.015 0.015 0.015 0.015 0.015 0.015 0.015 0.0136475 0.015 0.015 0.015 0.015 0.015 0.015 0.015 0.015 0.015 0.0136405 0.015 0.015 0.015 0.015 0.015 0.015 0.015 0.015 0.015 0.0136138 0.015 0.015 0.015 0.013648 0.015 0.015 0.0136301 0.015 0.015 0.015 0.015 0.015 0.015 0.0136036 0.015 0.015 0.0135942 0.015 0.015 0.015 0.015 0.015 0.015 0.0136349 0.015 0.015 0.0136025 0.015 0.015 0.015 0.015 0.015 0.015 0.0135976 0.015 0.015 0.0136457 0.015 0.015 0.015 0.015 0.015 0.015 0.0136146 0.015 0.015 0.013611 0.015 0.015 0.015 0.015 0.015 0.015 0.0136134 0.015 0.015 0.0136039 0.015 0.015 0.015 0.015 0.015 0.015 0.0135699 0.015 0.015 0.0136289 0.015 0.015 0.015 0.015 0.015 0.015 0.0136165 0.015 0.015 0.0136385 0.015 0.015 0.015 0.015 0.015 0.015 0.0136132 0.015 0.015 0.0135964 0.015 0.015 0.015 0.015 0.015 0.015 0.0136477 0.015 0.015 0.0136425 0.015 0.015 0.015 0.015 0.015 0.015 0.015 0.015 0.015 0.015 0.015 0.015 0.015 0.015 0.015 0.015 0.015 0.015 0.015 0.015 0.015 0.015 0.015 0.015 0.015 0.015 0.015 0.015 0.015 0.015 0.015 0.015 0.015 0.015 0.015 0.015 0.015 0.015 0.015 0.015 0.015 0.015 0.015 0.015 0.015 0.015 0.015 0.015 0.015 0.015 0.015 0.015 0.015 0.015 0.015 0.015 0.015 0.015 0.015 0.015 0.015 0.015 0.015 0.015 0.015 0.015 0.015 0.015 0.015 0.015 0.015 0.015 0.015 0.015 0.015 0.015 0.015 0.015 0.015 0.015 0.015 0.015 0.015 0.015 0.015 0.015 0.015 0.015 0.015 0.015 0.015 0.015 0.015 0.015 0.015 0.015 0.015 0.015 0.015 0.015 0.015 0.015 0.015 0.015 0.015 0.015 0.015 0.015 0.015 0.015 0.015 0.015 0.013596 0.015 0.015 0.015 0.015 0.015 0.015 0.015 0.015 0.015 0.0136506 0.015 0.015 0.015 0.015 0.015 0.015 0.015 0.015 0.015 0.0136176 0.015 0.015 0.015 0.015 0.015 0.015 0.015 0.015 0.015 0.0135957 0.015 0.015 0.015 0.015 0.015 0.015 0.015 0.015 0.015 0.0135805 0.015 0.015 0.015 0.015 0.015 0.015 0.015 0.015 0.015 0.0135966 0.015 0.015 0.015 0.015 0.015 0.015 0.015 0.015 0.015 0.0135941 0.015 0.015 0.015 0.015 0.015 0.015 0.015 0.015 0.015 0.0136076 0.015 0.015 0.015 0.015 0.015 0.015 0.015 0.015 0.015 0.0135682 0.015 0.015 0.015 0.015 0.015 0.015 0.015 0.015 0.015 0.0135697 0.015 0.015 0.015 0.015 0.015 0.015 0.015 0.015 0.015 0.0136077 0.015 0.015 0.015 0.015 0.015 0.015 0.015 0.015 0.015 0.0136146 0.015 0.015 0.015 0.015 0.015 0.015 0.015 0.015 0.015 0.01363 0.015 0.015 0.015 0.015 0.015 0.015 0.015 0.015 0.015 0.0136082 0.015 0.015 0.015 0.015 0.015 0.015 0.015 0.015 0.015 0.0136495 0.015 0.015 0.015 0.015 0.015 0.015 0.015 0.015 0.015 0.013631 0.015 0.015 0.015 0.015 0.015 0.015 0.015 0.015 0.015 0.0135871 0.015 0.015 0.015 0.015 0.015 0.015 0.015 0.015 0.015 0.0136194 0.015 0.015 0.015 0.015 0.015 0.015 0.015 0.015 0.015 0.0136495 0.015 0.015 0.015 0.015 0.015 0.015 0.015 0.015 0.015 0.0136447 0.015 0.015 0.015 0.0136317 0.015 0.015 0.0135868 0.015 0.015 0.015 0.015 0.015 0.015 0.0135737 0.015 0.015 0.0136139 0.015 0.015 0.015 0.015 0.015 0.015 0.0135724 0.015 0.015 0.0136095 0.015 0.015 0.015 0.015 0.015 0.015 0.0135656 0.015 0.015 0.0136322 0.015 0.015 0.015 0.015 0.015 0.015 0.0136349 0.015 0.015 0.013616 0.015 0.015 0.015 0.015 0.015 0.015 0.0135806 0.015 0.015 0.0136375 0.015 0.015 0.015 0.015 0.015 0.015 0.0135943 0.015 0.015 0.0136362 0.015 0.015 0.015 0.015 0.015 0.015 0.0136141 0.015 0.015 0.0136129 0.015 0.015 0.015 0.015 0.015 0.015 0.0136182 0.015 0.015 0.0135679 0.015 0.015 0.015 0.015 0.015 0.015 0.0136205 0.015 0.015 0.0136288 0.015 0.015 0.015 0.015 0.015 0.015 0.015 0.015 0.015 0.015 0.015 0.015 0.015 0.015 0.015 0.015 0.015 0.015 0.015 0.015 0.015 0.015 0.015 0.015 0.015 0.015 0.015 0.015 0.015 0.015 0.015 0.015 0.015 0.015 0.015 0.015 0.015 0.015 0.015 0.015 0.015 0.015 0.015 0.015 0.015 0.015 0.015 0.015 0.015 0.015 0.015 0.015 0.015 0.015 0.015 0.015 0.015 0.015 0.015 0.015 0.015 0.015 0.015 0.015 0.015 0.015 0.015 0.015 0.015 0.015 0.015 0.015 0.015 0.015 0.015 0.015 0.015 0.015 0.015 0.015 0.015 0.015 0.015 0.015 0.015 0.015 0.015 0.015 0.015 0.015 0.015 0.015 0.015 0.015 0.015 0.015 0.015 0.015 0.015 0.015 0.015 0.015 0.015 0.015 0.015 0.015 0.015 0.015 0.015 0.015 0.015 0.015 0.0136149 0.015 0.015 0.015 0.015 0.015 0.015 0.015 0.015 0.015 0.0136098 0.015 0.015 0.015 0.015 0.015 0.015 0.015 0.015 0.015 0.013581 0.015 0.015 0.015 0.015 0.015 0.015 0.015 0.015 0.015 0.0136131 0.015 0.015 0.015 0.015 0.015 0.015 0.015 0.015 0.015 0.0136228 0.015 0.015 0.015 0.015 0.015 0.015 0.015 0.015 0.015 0.0136156 0.015 0.015 0.015 0.015 0.015 0.015 0.015 0.015 0.015 0.0136009 0.015 0.015 0.015 0.015 0.015 0.015 0.015 0.015 0.015 0.0135702 0.015 0.015 0.015 0.015 0.015 0.015 0.015 0.015 0.015 0.0136057 0.015 0.015 0.015 0.015 0.015 0.015 0.015 0.015 0.015 0.0136125 0.015 0.015 0.015 0.013628 0.015 0.015 0.0136332 0.015 0.015 0.015 0.015 0.015 0.015 0.0136117 0.015 0.015 0.0136102 0.015 0.015 0.015 0.015 0.015 0.015 0.013631 0.015 0.015 0.013603 0.015 0.015 0.015 0.015 0.015 0.015 0.0136453 0.015 0.015 0.0136402 0.015 0.015 0.015 0.015 0.015 0.015 0.0135841 0.015 0.015 0.0136498 0.015 0.015 0.015 0.015 0.015 0.015 0.0135841 0.015 0.015 0.0136391 0.015 0.015 0.015 0.015 0.015 0.015 0.0136477 0.015 0.015 0.0136385 0.015 0.015 0.015 0.015 0.015 0.015 0.0136284 0.015 0.015 0.0136087 0.015 0.015 0.015 0.015 0.015 0.015 0.0136277 0.015 0.015 0.0135914 0.015 0.015 0.015 0.015 0.015 0.015 0.0136363 0.015 0.015 0.0135939 0.015 0.015 0.015 0.015 0.015 0.015 0.015 0.015 0.015 0.015 0.015 0.015 0.015 0.015 0.015 0.015 0.015 0.015 0.015 0.015 0.015 0.015 0.015 0.015 0.015 0.015 0.015 0.015 0.015 0.015 0.015 0.015 0.015 0.015 0.015 0.015 0.015 0.015 0.015 0.015 0.015 0.015 0.015 0.015 0.015 0.015 0.015 0.015 0.015 0.015 0.015 0.015 0.015 0.015 0.015 0.015 0.015 0.015 0.015 0.015 0.015 0.015 0.015 0.015 0.015 0.015 0.015 0.015 0.015 0.015 0.015 0.015 0.015 0.015 0.015 0.015 0.015 0.015 0.015 0.015 0.015 0.015 0.015 0.015 0.015 0.015 0.015 0.015 0.015 0.015 0.015 0.015 0.015 0.015 0.015 0.015 0.015 0.015 0.015 0.015 0.015 0.015 0.015 0.015 0.015 0.015 0.015 0.015 0.015 0.015 0.015 0.015 0.0136221 0.015 0.015 0.015 0.015 0.015 0.015 0.015 0.015 0.015 0.0136232 0.015 0.015 0.015 0.015 0.015 0.015 0.015 0.015 0.015 0.0136341 0.015 0.015 0.015 0.015 0.015 0.015 0.015 0.015 0.015 0.0136185 0.015 0.015 0.015 0.015 0.015 0.015 0.015 0.015 0.015 0.0136543 0.015 0.015 0.015 0.015 0.015 0.015 0.015 0.015 0.015 0.0136125 0.015 0.015 0.015 0.015 0.015 0.015 0.015 0.015 0.015 0.0135941 0.015 0.015 0.015 0.015 0.015 0.015 0.015 0.015 0.015 0.0135715 0.015 0.015 0.015 0.015 0.015 0.015 0.015 0.015 0.015 0.0136199 0.015 0.015 0.015 0.015 0.015 0.015 0.015 0.015 0.015 0.0136258 0.015 0.015 0.015 0.0135938 0.015 0.015 0.0136314 0.015 0.015 0.015 0.015 0.015 0.015 0.0136361 0.015 0.015 0.0135983 0.015 0.015 0.015 0.015 0.015 0.015 0.0136148 0.015 0.015 0.0136111 0.015 0.015 0.015 0.015 0.015 0.015 0.0136447 0.015 0.015 0.0136533 0.015 0.015 0.015 0.015 0.015 0.015 0.0135735 0.015 0.015 0.0136338 0.015 0.015 0.015 0.015 0.015 0.015 0.0136362 0.015 0.015 0.0136026 0.015 0.015 0.015 0.015 0.015 0.015 0.0136289 0.015 0.015 0.0136099 0.015 0.015 0.015 0.015 0.015 0.015 0.0136053 0.015 0.015 0.0136232 0.015 0.015 0.015 0.015 0.015 0.015 0.0136388 0.015 0.015 0.013596 0.015 0.015 0.015 0.015 0.015 0.015 0.013596 0.015 0.015 0.0136103 0.015 0.015 0.015 0.015 0.015 0.015 0.015 0.015 0.015 0.015 0.015 0.015 0.015 0.015 0.015 0.015 0.015 0.015 0.015 0.015 0.015 0.015 0.015 0.015 0.015 0.015 0.015 0.015 0.015 0.015 0.015 0.015 0.015 0.015 0.015 0.015 0.015 0.015 0.015 0.015 0.015 0.015 0.015 0.015 0.015 0.015 0.015 0.015 0.015 0.015 0.015 0.015 0.015 0.015 0.015 0.015 0.015 0.015 0.015 0.015 0.015 0.015 0.015 0.015 0.015 0.015 0.015 0.015 0.015 0.015 0.015 0.015 0.015 0.015 0.015 0.015 0.015 0.015 0.015 0.015 0.015 0.015 0.015 0.015 0.015 0.015 0.015 0.015 0.015 0.015 0.015 0.015 0.015 0.015 0.015 0.015 0.015 0.015 0.015 0.015 0.015 0.015 0.015 0.015 0.015 0.015 0.015 0.015 0.015 0.015 0.015 0.015 0.0135776 0.015 0.015 0.015 0.015 0.015 0.015 0.015 0.015 0.015 0.0135801 0.015 0.015 0.015 0.015 0.015 0.015 0.015 0.015 0.015 0.0136461 0.015 0.015 0.015 0.015 0.015 0.015 0.015 0.015 0.015 0.013578 0.015 0.015 0.015 0.015 0.015 0.015 0.015 0.015 0.015 0.0136438 0.015 0.015 0.015 0.015 0.015 0.015 0.015 0.015 0.015 0.0136302 0.015 0.015 0.015 0.015 0.015 0.015 0.015 0.015 0.015 0.0136071 0.015 0.015 0.015 0.015 0.015 0.015 0.015 0.015 0.015 0.0135991 0.015 0.015 0.015 0.015 0.015 0.015 0.015 0.015 0.015 0.013568 0.015 0.015 0.015 0.015 0.015 0.015 0.015 0.015 0.015 0.0136288 0.015 0.015 0.015 0.015 0.015 0.015 0.015 0.015 0.015 0.0136285 0.015 0.015 0.015 0.015 0.015 0.015 0.015 0.015 0.015 0.0136358 0.015 0.015 0.015 0.015 0.015 0.015 0.015 0.015 0.015 0.0136362 0.015 0.015 0.015 0.015 0.015 0.015 0.015 0.015 0.015 0.0136339 0.015 0.015 0.015 0.015 0.015 0.015 0.015 0.015 0.015 0.0135852 0.015 0.015 0.015 0.015 0.015 0.015 0.015 0.015 0.015 0.0135663 0.015 0.015 0.015 0.015 0.015 0.015 0.015 0.015 0.015 0.013587 0.015 0.015 0.015 0.015 0.015 0.015 0.015 0.015 0.015 0.0136351 0.015 0.015 0.015 0.015 0.015 0.015 0.015 0.015 0.015 0.0136122 0.015 0.015 0.015 0.015 0.015 0.015 0.015 0.015 0.015 0.0135801 0.015 0.015 0.015 0.0136098 0.015 0.015 0.0136424 0.015 0.015 0.015 0.015 0.015 0.015 0.013652 0.015 0.015 0.0136019 0.015 0.015 0.015 0.015 0.015 0.015 0.0136176 0.015 0.015 0.0135673 0.015 0.015 0.015 0.015 0.015 0.015 0.0135688 0.015 0.015 0.0135846 0.015 0.015 0.015 0.015 0.015 0.015 0.0135686 0.015 0.015 0.0136384 0.015 0.015 0.015 0.015 0.015 0.015 0.0136074 0.015 0.015 0.0136524 0.015 0.015 0.015 0.015 0.015 0.015 0.0136543 0.015 0.015 0.0136265 0.015 0.015 0.015 0.015 0.015 0.015 0.0136477 0.015 0.015 0.0135707 0.015 0.015 0.015 0.015 0.015 0.015 0.0136129 0.015 0.015 0.013612 0.015 0.015 0.015 0.015 0.015 0.015 0.0136362 0.015 0.015 0.0136096 0.015 0.015 0.015 0.015 0.015 0.015 0.015 0.015 0.015 0.015 0.015 0.015 0.015 0.015 0.015 0.015 0.015 0.015 0.015 0.015 0.015 0.015 0.015 0.015 0.015 0.015 0.015 0.015 0.015 0.015 0.015 0.015 0.015 0.015 0.015 0.015 0.015 0.015 0.015 0.015 0.015 0.015 0.015 0.015 0.015 0.015 0.015 0.015 0.015 0.015 0.015 0.015 0.015 0.015 0.015 0.015 0.015 0.015 0.015 0.015 0.015 0.015 0.015 0.015 0.015 0.015 0.015 0.015 0.015 0.015 0.015 0.015 0.015 0.015 0.015 0.015 0.015 0.015 0.015 0.015 0.015 0.015 0.015 0.015 0.015 0.015 0.015 0.015 0.015 0.015 0.015 0.015 0.015 0.015 0.015 0.015 0.015 0.015 0.015 0.015 0.015 0.015 0.015 0.015 0.015 0.015 0.015 0.015 0.015 0.015 0.015 0.015 0.0135905 0.015 0.015 0.015 0.015 0.015 0.015 0.015 0.015 0.015 0.0136219 0.015 0.015 0.015 0.015 0.015 0.015 0.015 0.015 0.015 0.0135696 0.015 0.015 0.015 0.015 0.015 0.015 0.015 0.015 0.015 0.0136119 0.015 0.015 0.015 0.015 0.015 0.015 0.015 0.015 0.015 0.0136448 0.015 0.015 0.015 0.015 0.015 0.015 0.015 0.015 0.015 0.0136536 0.015 0.015 0.015 0.015 0.015 0.015 0.015 0.015 0.015 0.0136475 0.015 0.015 0.015 0.015 0.015 0.015 0.015 0.015 0.015 0.0136251 0.015 0.015 0.015 0.015 0.015 0.015 0.015 0.015 0.015 0.0135963 0.015 0.015 0.015 0.015 0.015 0.015 0.015 0.015 0.015 0.0135654 0.015 0.015 0.015 0.0135683 0.015 0.015 0.0136093 0.015 0.015 0.015 0.015 0.015 0.015 0.0135937 0.015 0.015 0.0136078 0.015 0.015 0.015 0.015 0.015 0.015 0.0135824 0.015 0.015 0.0136364 0.015 0.015 0.015 0.015 0.015 0.015 0.0136009 0.015 0.015 0.0135859 0.015 0.015 0.015 0.015 0.015 0.015 0.0135921 0.015 0.015 0.0136221 0.015 0.015 0.015 0.015 0.015 0.015 0.0135737 0.015 0.015 0.0136422 0.015 0.015 0.015 0.015 0.015 0.015 0.0135786 0.015 0.015 0.0135672 0.015 0.015 0.015 0.015 0.015 0.015 0.0136523 0.015 0.015 0.0135807 0.015 0.015 0.015 0.015 0.015 0.015 0.013636 0.015 0.015 0.0135789 0.015 0.015 0.015 0.015 0.015 0.015 0.0136473 0.015 0.015 0.0136355 0.015 0.015 0.015 0.015 0.015 0.015 0.015 0.015 0.015 0.015 0.015 0.015 0.015 0.015 0.015 0.015 0.015 0.015 0.015 0.015 0.015 0.015 0.015 0.015 0.015 0.015 0.015 0.015 0.015 0.015 0.015 0.015 0.015 0.015 0.015 0.015 0.015 0.015 0.015 0.015 0.015 0.015 0.015 0.015 0.015 0.015 0.015 0.015 0.015 0.015 0.015 0.015 0.015 0.015 0.015 0.015 0.015 0.015 0.015 0.015 0.015 0.015 0.015 0.015 0.015 0.015 0.015 0.015 0.015 0.015 0.015 0.015 0.015 0.015 0.015 0.015 0.015 0.015 0.015 0.015 0.015 0.015 0.015 0.015 0.015 0.015 0.015 0.015 0.015 0.015 0.015 0.015 0.015 0.015 0.015 0.015 0.015 0.015 0.015 0.015 0.015 0.015 0.015 0.015 0.015 0.015 0.015 0.015 0.015 0.015 0.015 0.015 0.0136053 0.015 0.015 0.015 0.015 0.015 0.015 0.015 0.015 0.015 0.0135666 0.015 0.015 0.015 0.015 0.015 0.015 0.015 0.015 0.015 0.0135823 0.015 0.015 0.015 0.015 0.015 0.015 0.015 0.015 0.015 0.0135971 0.015 0.015 0.015 0.015 0.015 0.015 0.015 0.015 0.015 0.013593 0.015 0.015 0.015 0.015 0.015 0.015 0.015 0.015 0.015 0.0136306 0.015 0.015 0.015 0.015 0.015 0.015 0.015 0.015 0.015 0.013597 0.015 0.015 0.015 0.015 0.015 0.015 0.015 0.015 0.015 0.0136032 0.015 0.015 0.015 0.015 0.015 0.015 0.015 0.015 0.015 0.013619 0.015 0.015 0.015 0.015 0.015 0.015 0.015 0.015 0.015 0.013609 0.015 0.015 0.015 0.0136496 0.015 0.015 0.013614 0.015 0.015 0.015 0.015 0.015 0.015 0.0135777 0.015 0.015 0.0135729 0.015 0.015 0.015 0.015 0.015 0.015 0.0136468 0.015 0.015 0.0135802 0.015 0.015 0.015 0.015 0.015 0.015 0.0135833 0.015 0.015 0.0136108 0.015 0.015 0.015 0.015 0.015 0.015 0.0135699 0.015 0.015 0.0136236 0.015 0.015 0.015 0.015 0.015 0.015 0.0136326 0.015 0.015 0.013645 0.015 0.015 0.015 0.015 0.015 0.015 0.0135779 0.015 0.015 0.0136411 0.015 0.015 0.015 0.015 0.015 0.015 0.0135855 0.015 0.015 0.0136362 0.015 0.015 0.015 0.015 0.015 0.015 0.0136348 0.015 0.015 0.0136131 0.015 0.015 0.015 0.015 0.015 0.015 0.0136004 0.015 0.015 0.0135761 0.015 0.015 0.015 0.015 0.015 0.015 0.015 0.015 0.015 0.015 0.015 0.015 0.015 0.015 0.015 0.015 0.015 0.015 0.015 0.015 0.015 0.015 0.015 0.015 0.015 0.015 0.015 0.015 0.015 0.015 0.015 0.015 0.015 0.015 0.015 0.015 0.015 0.015 0.015 0.015 0.015 0.015 0.015 0.015 0.015 0.015 0.015 0.015 0.015 0.015 0.015 0.015 0.015 0.015 0.015 0.015 0.015 0.015 0.015 0.015 0.015 0.015 0.015 0.015 0.015 0.015 0.015 0.015 0.015 0.015 0.015 0.015 0.015 0.015 0.015 0.015 0.015 0.015 0.015 0.015 0.015 0.015 0.015 0.015 0.015 0.015 0.015 0.015 0.015 0.015 0.015 0.015 0.015 0.015 0.015 0.015 0.015 0.015 0.015 0.015 0.015 0.015 0.015 0.015 0.015 0.015 0.015 0.015 0.015 0.015 0.015 0.015 0.0136513 0.015 0.015 0.015 0.015 0.015 0.015 0.015 0.015 0.015 0.0136345 0.015 0.015 0.015 0.015 0.015 0.015 0.015 0.015 0.015 0.0136092 0.015 0.015 0.015 0.015 0.015 0.015 0.015 0.015 0.015 0.0135852 0.015 0.015 0.015 0.015 0.015 0.015 0.015 0.015 0.015 0.0136328 0.015 0.015 0.015 0.015 0.015 0.015 0.015 0.015 0.015 0.0136158 0.015 0.015 0.015 0.015 0.015 0.015 0.015 0.015 0.015 0.0136315 0.015 0.015 0.015 0.015 0.015 0.015 0.015 0.015 0.015 0.0136545 0.015 0.015 0.015 0.015 0.015 0.015 0.015 0.015 0.015 0.0136256 0.015 0.015 0.015 0.015 0.015 0.015 0.015 0.015 0.015 0.0135744 0.015 0.015 0.015 0.015 0.015 0.015 0.015 0.015 0.015 0.0136342 0.015 0.015 0.015 0.015 0.015 0.015 0.015 0.015 0.015 0.0135942 0.015 0.015 0.015 0.015 0.015 0.015 0.015 0.015 0.015 0.0136418 0.015 0.015 0.015 0.015 0.015 0.015 0.015 0.015 0.015 0.0136067 0.015 0.015 0.015 0.015 0.015 0.015 0.015 0.015 0.015 0.0136512 0.015 0.015 0.015 0.015 0.015 0.015 0.015 0.015 0.015 0.0135982 0.015 0.015 0.015 0.015 0.015 0.015 0.015 0.015 0.015 0.0136493 0.015 0.015 0.015 0.015 0.015 0.015 0.015 0.015 0.015 0.0135692 0.015 0.015 0.015 0.015 0.015 0.015 0.015 0.015 0.015 0.013649 0.015 0.015 0.015 0.015 0.015 0.015 0.015 0.015 0.015 0.0136272 0.015 0.015 0.015 0.0136301 0.015 0.015 0.0136062 0.015 0.015 0.015 0.015 0.015 0.015 0.013649 0.015 0.015 0.0136019 0.015 0.015 0.015 0.015 0.015 0.015 0.0136327 0.015 0.015 0.0135833 0.015 0.015 0.015 0.015 0.015 0.015 0.0136064 0.015 0.015 0.013611 0.015 0.015 0.015 0.015 0.015 0.015 0.0136379 0.015 0.015 0.0135722 0.015 0.015 0.015 0.015 0.015 0.015 0.0136422 0.015 0.015 0.0136189 0.015 0.015 0.015 0.015 0.015 0.015 0.0135815 0.015 0.015 0.0135765 0.015 0.015 0.015 0.015 0.015 0.015 0.0136034 0.015 0.015 0.0136061 0.015 0.015 0.015 0.015 0.015 0.015 0.0136115 0.015 0.015 0.0136232 0.015 0.015 0.015 0.015 0.015 0.015 0.0135863 0.015 0.015 0.0136455 0.015 0.015 0.015 0.015 0.015 0.015 0.015 0.015 0.015 0.015 0.015 0.015 0.015 0.015 0.015 0.015 0.015 0.015 0.015 0.015 0.015 0.015 0.015 0.015 0.015 0.015 0.015 0.015 0.015 0.015 0.015 0.015 0.015 0.015 0.015 0.015 0.015 0.015 0.015 0.015 0.015 0.015 0.015 0.015 0.015 0.015 0.015 0.015 0.015 0.015 0.015 0.015 0.015 0.015 0.015 0.015 0.015 0.015 0.015 0.015 0.015 0.015 0.015 0.015 0.015 0.015 0.015 0.015 0.015 0.015 0.015 0.015 0.015 0.015 0.015 0.015 0.015 0.015 0.015 0.015 0.015 0.015 0.015 0.015 0.015 0.015 0.015 0.015 0.015 0.015 0.015 0.015 0.015 0.015 0.015 0.015 0.015 0.015 0.015 0.015 0.015 0.015 0.015 0.015 0.015 0.015 0.015 0.015 0.015 0.015 0.015 0.015 0.0136445 0.015 0.015 0.015 0.015 0.015 0.015 0.015 0.015 0.015 0.0136199 0.015 0.015 0.015 0.015 0.015 0.015 0.015 0.015 0.015 0.0136045 0.015 0.015 0.015 0.015 0.015 0.015 0.015 0.015 0.015 0.013632 0.015 0.015 0.015 0.015 0.015 0.015 0.015 0.015 0.015 0.0136169 0.015 0.015 0.015 0.015 0.015 0.015 0.015 0.015 0.015 0.013609 0.015 0.015 0.015 0.015 0.015 0.015 0.015 0.015 0.015 0.0136216 0.015 0.015 0.015 0.015 0.015 0.015 0.015 0.015 0.015 0.0135987 0.015 0.015 0.015 0.015 0.015 0.015 0.015 0.015 0.015 0.0136463 0.015 0.015 0.015 0.015 0.015 0.015 0.015 0.015 0.015 0.0136256 0.015 0.015 0.015 0.0136175 0.015 0.015 0.0136355 0.015 0.015 0.015 0.015 0.015 0.015 0.0135712 0.015 0.015 0.0136376 0.015 0.015 0.015 0.015 0.015 0.015 0.0136166 0.015 0.015 0.0135856 0.015 0.015 0.015 0.015 0.015 0.015 0.0135863 0.015 0.015 0.0136418 0.015 0.015 0.015 0.015 0.015 0.015 0.013643 0.015 0.015 0.0135833 0.015 0.015 0.015 0.015 0.015 0.015 0.0136492 0.015 0.015 0.0135993 0.015 0.015 0.015 0.015 0.015 0.015 0.0136493 0.015 0.015 0.0136323 0.015 0.015 0.015 0.015 0.015 0.015 0.0136292 0.015 0.015 0.0136372 0.015 0.015 0.015 0.015 0.015 0.015 0.0135745 0.015 0.015 0.0136117 0.015 0.015 0.015 0.015 0.015 0.015 0.0136033 0.015 0.015 0.0135882 0.015 0.015 0.015 0.015 0.015 0.015 0.015 0.015 0.015 0.015 0.015 0.015 0.015 0.015 0.015 0.015 0.015 0.015 0.015 0.015 0.015 0.015 0.015 0.015 0.015 0.015 0.015 0.015 0.015 0.015 0.015 0.015 0.015 0.015 0.015 0.015 0.015 0.015 0.015 0.015 0.015 0.015 0.015 0.015 0.015 0.015 0.015 0.015 0.015 0.015 0.015 0.015 0.015 0.015 0.015 0.015 0.015 0.015 0.015 0.015 0.015 0.015 0.015 0.015 0.015 0.015 0.015 0.015 0.015 0.015 0.015 0.015 0.015 0.015 0.015 0.015 0.015 0.015 0.015 0.015 0.015 0.015 0.015 0.015 0.015 0.015 0.015 0.015 0.015 0.015 0.015 0.015 0.015 0.015 0.015 0.015 0.015 0.015 0.015 0.015 0.015 0.015 0.015 0.015 0.015 0.015 0.015 0.015 0.015 0.015 0.015 0.015 0.0136293 0.015 0.015 0.015 0.015 0.015 0.015 0.015 0.015 0.015 0.0136515 0.015 0.015 0.015 0.015 0.015 0.015 0.015 0.015 0.015 0.0136258 0.015 0.015 0.015 0.015 0.015 0.015 0.015 0.015 0.015 0.0135963 0.015 0.015 0.015 0.015 0.015 0.015 0.015 0.015 0.015 0.0135969 0.015 0.015 0.015 0.015 0.015 0.015 0.015 0.015 0.015 0.0136248 0.015 0.015 0.015 0.015 0.015 0.015 0.015 0.015 0.015 0.013648 0.015 0.015 0.015 0.015 0.015 0.015 0.015 0.015 0.015 0.0136501 0.015 0.015 0.015 0.015 0.015 0.015 0.015 0.015 0.015 0.0135988 0.015 0.015 0.015 0.015 0.015 0.015 0.015 0.015 0.015 0.0135737 0.015 0.015 0.015 0.0135931 0.015 0.015 0.0136355 0.015 0.015 0.015 0.015 0.015 0.015 0.0135913 0.015 0.015 0.0136458 0.015 0.015 0.015 0.015 0.015 0.015 0.0135789 0.015 0.015 0.0136346 0.015 0.015 0.015 0.015 0.015 0.015 0.013566 0.015 0.015 0.0136298 0.015 0.015 0.015 0.015 0.015 0.015 0.0136034 0.015 0.015 0.0135817 0.015 0.015 0.015 0.015 0.015 0.015 0.0136166 0.015 0.015 0.0135755 0.015 0.015 0.015 0.015 0.015 0.015 0.0136005 0.015 0.015 0.013592 0.015 0.015 0.015 0.015 0.015 0.015 0.0136171 0.015 0.015 0.013643 0.015 0.015 0.015 0.015 0.015 0.015 0.0136038 0.015 0.015 0.0135838 0.015 0.015 0.015 0.015 0.015 0.015 0.0136126 0.015 0.015 0.0135964 0.015 0.015 0.015 0.015 0.015 0.015 0.015 0.015 0.015 0.015 0.015 0.015 0.015 0.015 0.015 0.015 0.015 0.015 0.015 0.015 0.015 0.015 0.015 0.015 0.015 0.015 0.015 0.015 0.015 0.015 0.015 0.015 0.015 0.015 0.015 0.015 0.015 0.015 0.015 0.015 0.015 0.015 0.015 0.015 0.015 0.015 0.015 0.015 0.015 0.015 0.015 0.015 0.015 0.015 0.015 0.015 0.015 0.015 0.015 0.015 0.015 0.015 0.015 0.015 0.015 0.015 0.015 0.015 0.015 0.015 0.015 0.015 0.015 0.015 0.015 0.015 0.015 0.015 0.015 0.015 0.015 0.015 0.015 0.015 0.015 0.015 0.015 0.015 0.015 0.015 0.015 0.015 0.015 0.015 0.015 0.015 0.015 0.015 0.015 0.015 0.015 0.015 0.015 0.015 0.015 0.015 0.015 0.015 0.015 0.015 0.015 0.015 0.0136435 0.015 0.015 0.015 0.015 0.015 0.015 0.015 0.015 0.015 0.0136139 0.015 0.015 0.015 0.015 0.015 0.015 0.015 0.015 0.015 0.0136501 0.015 0.015 0.015 0.015 0.015 0.015 0.015 0.015 0.015 0.0136399 0.015 0.015 0.015 0.015 0.015 0.015 0.015 0.015 0.015 0.0135692 0.015 0.015 0.015 0.015 0.015 0.015 0.015 0.015 0.015 0.0135925 0.015 0.015 0.015 0.015 0.015 0.015 0.015 0.015 0.015 0.0135926 0.015 0.015 0.015 0.015 0.015 0.015 0.015 0.015 0.015 0.0135786 0.015 0.015 0.015 0.015 0.015 0.015 0.015 0.015 0.015 0.0135944 0.015 0.015 0.015 0.015 0.015 0.015 0.015 0.015 0.015 0.0136373 0.015 0.015 
</Matrix>
   <Matrix name="Tsim" type="complete" rows="1" columns="1" multiplier="1.0">
   10
</Matrix>
   <Matrix name="simulationEndTime" type="complete" rows="1" columns="1" multiplier="1.0">
   20
</Matrix>
</SimState>
