<?xml version="1.0" standalone="no"?>
<!-- State output file for the DCT growth modeling-->
<SimState>
   <Matrix name="radiiHistory" type="complete" rows="3" columns="10000" multiplier="1.0">
   2 2 2 2 2 2 2 2 2 2 2 2 2 2 2 2 2 2 2 2 2 2 2 2 2 2 2 2 2 2 2 2 2 2 2 2 2 2 2 2 2 2 2 2 2 2 2 2 2 2 2 2 2 2 2 2 2 2 2 2 2 2 2 2 2 2 2 2 2 2 2 2 2 2 2 2 2 2 2 2 2 2 2 2 2 2 2 2 2 2 2 2 2 2 2 2 2 2 2 2 2 2 2 2 2 2 2 2 2 2 2 2 2 2 2 2 2 2 2 2 2 2 2 2 2 2 2 2 2 2 2 2 2 2 2 2 2 2 2 2 2 2 2 2 2 2 2 2 2 2 2 2 2 2 2 2 2 2 2 2 2 2 2 2 2 2 2 2 2 2 2 2 2 2 2 2 2 2 2 2 2 2 2 2 2 2 2 2 2 2 2 2 2 2 2 2 2 2 2 2 2 2 2 2 2 2 2 2 2 2 2 2 2 2 2 2 2 2 2 2 2 2 2 2 2 2 2 2 2 2 2 2 2 2 2 2 2 2 2 2 2 2 2 2 2 2 2 2 2 2 2 2 2 2 2 2 2 2 2 2 2 2 2 2 2 2 2 2 2 2 2 2 2 2 2 2 2 2 2 2 2 2 2 2 2 2 2 2 2 2 2 2 2 2 2 2 2 2 2 2 2 2 2 2 2 2 2 2 2 2 2 2 2 2 2 2 2 2 2 2 2 2 2 2 2 2 2 2 2 2 2 2 2 2 2 2 2 2 2 2 2 2 2 2 2 2 2 2 2 2 2 2 2 2 2 2 2 2 2 2 2 2 2 2 2 2 2 2 2 2 2 2 2 2 2 2 2 2 2 2 2 2 2 2 2 2 2 2 2 2 2 2 2 2 2 2 2 2 2 2 2 2 2 2 2 2 2 2 2 2 2 2 2 2 2 2 2 2 2 2 2 2 2 2 2 2 2 2 2 2 2 2 2 2 2 2 2 2 2 2 2 2 2 2 2 2 2 2 2 2 2 2 2 2 2 2 2 2 2 2 2 2 2 2 2 2 2 2 2 2 2 2 2 2 2 2 2 2 2 2 2 2 2 2 2 2 2 2 2 2 2 2 2 2 2 2 2 2 2 2 2 2 2 2 2 2 2 2 2 2 2 2 2 2 2 2 2 2 2 2 2 2 2 2 2 2 2 2 2 2 2 2 2 2 2 2 2 2 2 2 2 2 2 2 2 2 2 2 2 2 2 2 2 2 2 2 2 2 2 2 2 2 2 2 2 2 2 2 2 2 2 2 2 2 2 2 2 2 2 2 2 2 2 2 2 2 2 2 2 2 2 2 2 2 2 2 2 2 2 2 2 2 2 2 2 2 2 2 2 2 2 2 2 2 2 2 2 2 2 2 2 2 2 2 2 2 2 2 2 2 2 2 2 2 2 2 2 2 2 2 2 2 2 2 2 2 2 2 2 2 2 2 2 2 2 2 2 2 2 2 2 2 2 2 2 2 2 2 2 2 2 2 2 2 2 2 2 2 2 2 2 2 2 2 2 2 2 2 2 2 2 2 2 2 2 2 2 2 2 2 2 2 2 2 2 2 2 2 2 2 2 2 2 2 2 2 2 2 2 2 2 2 2 2 2 2 2 2 2 2 2 2 2 2 2 2 2 2 2 2 2 2 2 2 2 2 2 2 2 2 2 2 2 2 2 2 2 2 2 2 2 2 2 2 2 2 2 2 2 2 2 2 2 2 2 2 2 2 2 2 2 2 2 2 2 2 2 2 2 2 2 2 2 2 2 2 2 2 2 2 2 2 2 2 2 2 2 2 2 2 2 2 2 2 2 2 2 2 2 2 2 2 2 2 2 2 2 2 2 2 2 2 2 2 2 2 2 2 2 2 2 2 2 2 2 2 2 2 2 2 2 2 2 2 2 2 2 2 2 2 2 2 2 2 2 2 2 2 2 2 2 2 2 2 2 2 2 2 2 2 2 2 2 2 2 2 2 2 2 2 2 2 2 2 2 2 2 2 2 2 2 2 2 2 2 2 2 2 2 2 2 2 2 2 2 2 2 2 2 2 2 2 2 2 2 2 2 2 2 2 2 2 2 2 2 2 2 2 2 2 2 2 2 2 2 2 2 2 2 2 2 2 2 2 2 2 2 2 2 2 2 2 2 2 2 2 2 2 2 2 2 2 2 2 2 2 2 2 2 2 2 2 2 2 2 2 2 2 2 2 2 2 2 2 2 2 2 2 2 2 2 2 2 2 2 2 2 2 2 2 2 2 2 2 2 2 2 2 2 2 2 2 2 2 2 2 2 2 2 2 2 2 2 2 2 2 2 2 2 2 2 2 2 2 2 2 2 2 2 2 2 2 2 2 2 2 2 2 2 2 2 2 2 2 2 2 2 2 2 2 2 2 2 2 2 2 2 2 2 2 2 2 2 2 2 2 2 2 2 2 2 2 2 2 2 2 2 2 2 2 2 2 2 2 2 2 2 2 2 2 2 2 2 2 2 2 2 2 2 2 2 2 2 2 2 2 2 2 2 2 2 2 2 2 2 2 2 2 2 2 2 2 2 2 2 2 2 2 2 2 2 2 2 2 2 2 2 2 2 2 2 2 2 2 2 2 2 2 2 2 2 2 2 2 2 2 2 2 2 2 2 2 2 2 2 2 2 2 2 2 2 2 2 2 2 2 2 2 2 2 2 2 2 2 2 2 2 2 2 2 2 2 2 2 2 2 2 2 2 2 2 2 2 2 2 2 2 2 2 2 2 2 2 2 2 2 2 2 2 2 2 2 2 2 2 2 2 2 2 2 2 2 2 2 2 2 2 2 2 2 2 2 2 2 2 2 2 2 2 2 2 2 2 2 2 2 2 2 2 2 2 2 2 2 2 2 2 2 2 2 2 2 2 2 2 2 2 2 2 2 2 2 2 2 2 2 2 2 2 2 2 2 2 2 2 2 2 2 2 2 2 2 2 2 2 2 2 2 2 2 2 2 2 2 2 2 2 2 2 2 2 2 2 2 2 2 2 2 2 2 2 2 2 2 2 2 2 2 2 2 2 2 2 2 2 2 2 2 2 2 2 2 2 2 2 2 2 2 2 2 2 2 2 2 2 2 2 2 2 2 2 2 2 2 2 2 2 2 2 2 2 2 2 2 2 2 2 2 2 2 2 2 2 2 2 2 2 2 2 2 2 2 2 2 2 2 2 2 2 2 2 2 2 2 2 2 2 2 2 2 2 2 2 2 2 2 2 2 2 2 2 2 2 2 2 2 2 2 2 2 2 2 2 2 2 2 2 2 2 2 2 2 2 2 2 2 2 2 2 2 2 2 2 2 2 2 2 2 2 2 2 2 2 2 2 2 2 2 2 2 2 2 2 2 2 2 2 2 2 2 2 2 2 2 2 2 2 2 2 2 2 2 2 2 2 2 2 2 2 2 2 2 2 2 2 2 2 2 2 2 2 2 2 2 2 2 2 2 2 2 2 2 2 2 2 2 2 2 2 2 2 2 2 2 2 2 2 2 2 2 2 2 2 2 2 2 2 2 2 2 2 2 2 2 2 2 2 2 2 2 2 2 2 2 2 2 2 2 2 2 2 2 2 2 2 2 2 2 2 2 2 2 2 2 2 2 2 2 2 2 2 2 2 2 2 2 2 2 2 2 2 2 2 2 2 2 2 2 2 2 2 2 2 2 2 2 2 2 2 2 2 2 2 2 2 2 2 2 2 2 2 2 2 2 2 2 2 2 2 2 2 2 2 2 2 2 2 2 2 2 2 2 2 2 2 2 2 2 2 2 2 2 2 2 2 2 2 2 2 2 2 2 2 2 2 2 2 2 2 2 2 2 2 2 2 2 2 2 2 2 2 2 2 2 2 2 2 2 2 2 2 2 2 2 2 2 2 2 2 2 2 2 2 2 2 2 2 2 2 2 2 2 2 2 2 2 2 2 2 2 2 2 2 2 2 2 2 2 2 2 2 2 2 2 2 2 2 2 2 2 2 2 2 2 2 2 2 2 2 2 2 2 2 2 2 2 2 2 2 2 2 2 2 2 2 2 2 2 2 2 2 2 2 2 2 2 2 2 2 2 2 2 2 2 2 2 2 2 2 2 2 2 2 2 2 2 2 2 2 2 2 2 2 2 2 2 2 2 2 2 2 2 2 2 2 2 2 2 2 2 2 2 2 2 2 2 2 2 2 2 2 2 2 2 2 2 2 2 2 2 2 2 2 2 2 2 2 2 2 2 2 2 2 2 2 2 2 2 2 2 2 2 2 2 2 2 2 2 2 2 2 2 2 2 2 2 2 2 2 2 2 2 2 2 2 2 2 2 2 2 2 2 2 2 2 2 2 2 2 2 2 2 2 2 2 2 2 2 2 2 2 2 2 2 2 2 2 2 2 2 2 2 2 2 2 2 2 2 2 2 2 2 2 2 2 2 2 2 2 2 2 2 2 2 2 2 2 2 2 2 2 2 2 2 2 2 2 2 2 2 2 2 2 2 2 2 2 2 2 2 2 2 2 2 2 2 2 2 2 2 2 2 2 2 2 2 2 2 2 2 2 2 2 2 2 2 2 2 2 2 2 2 2 2 2 2 2 2 2 2 2 2 2 2 2 2 2 2 2 2 2 2 2 2 2 2 2 2 2 2 2 2 2 2 2 2 2 2 2 2 2 2 2 2 2 2 2 2 2 2 2 2 2 2 2 2 2 2 2 2 2 2 2 2 2 2 2 2 2 2 2 2 2 2 2 2 2 2 2 2 2 2 2 2 2 2 2 2 2 2 2 2 2 2 2 2 2 2 2 2 2 2 2 2 2 2 2 2 2 2 2 2 2 2 2 2 2 2 2 2 2 2 2 2 2 2 2 2 2 2 2 2 2 2 2 2 2 2 2 2 2 2 2 2 2 2 2 2 2 2 2 2 2 2 2 2 2 2 2 2 2 2 2 2 2 2 2 2 2 2 2 2 2 2 2 2 2 2 2 2 2 2 2 2 2 2 2 2 2 2 2 2 2 2 2 2 2 2 2 2 2 2 2 2 2 2 2 2 2 2 2 2 2 2 2 2 2 2 2 2 2 2 2 2 2 2 2 2 2 2 2 2 2 2 2 2 2 2 2 2 2 2 2 2 2 2 2 2 2 2 2 2 2 2 2 2 2 2 2 2 2 2 2 2 2 2 2 2 2 2 2 2 2 2 2 2 2 2 2 2 2 2 2 2 2 2 2 2 2 2 2 2 2 2 2 2 2 2 2 2 2 2 2 2 2 2 2 2 2 2 2 2 2 2 2 2 2 2 2 2 2 2 2 2 2 2 2 2 2 2 2 2 2 2 2 2 2 2 2 2 2 2 2 2 2 2 2 2 2 2 2 2 2 2 2 2 2 2 2 2 2 2 2 2 2 2 2 2 2 2 2 2 2 2 2 2 2 2 2 2 2 2 2 2 2 2 2 2 2 2 2 2 2 2 2 2 2 2 2 2 2 2 2 2 2 2 2 2 2 2 2 2 2 2 2 2 2 2 2 2 2 2 2 2 2 2 2 2 2 2 2 2 2 2 2 2 2 2 2 2 2 2 2 2 2 2 2 2 2 2 2 2 2 2 2 2 2 2 2 2 2 2 2 2 2 2 2 2 2 2 2 2 2 2 2 2 2 2 2 2 2 2 2 2 2 2 2 2 2 2 2 2 2 2 2 2 2 2 2 2 2 2 2 2 2 2 2 2 2 2 2 2 2 2 2 2 2 2 2 2 2 2 2 2 2 2 2 2 2 2 2 2 2 2 2 2 2 2 2 2 2 2 2 2 2 2 2 2 2 2 2 2 2 2 2 2 2 2 2 2 2 2 2 2 2 2 2 2 2 2 2 2 2 2 2 2 2 2 2 2 2 2 2 2 2 2 2 2 2 2 2 2 2 2 2 2 2 2 2 2 2 2 2 2 2 2 2 2 2 2 2 2 2 2 2 2 2 2 2 2 2 2 2 2 2 2 2 2 2 2 2 2 2 2 2 2 2 2 2 2 2 2 2 2 2 2 2 2 2 2 2 2 2 2 2 2 2 2 2 2 2 2 2 2 2 2 2 2 2 2 2 2 2 2 2 2 2 2 2 2 2 2 2 2 2 2 2 2 2 2 2 2 2 2 2 2 2 2 2 2 2 2 2 2 2 2 2 2 2 2 2 2 2 2 2 2 2 2 2 2 2 2 2 2 2 2 2 2 2 2 2 2 2 2 2 2 2 2 2 2 2 2 2 2 2 2 2 2 2 2 2 2 2 2 2 2 2 2 2 2 2 2 2 2 2 2 2 2 2 2 2 2 2 2 2 2 2 2 2 2 2 2 2 2 2 2 2 2 2 2 2 2 2 2 2 2 2 2 2 2 2 2 2 2 2 2 2 2 2 2 2 2 2 2 2 2 2 2 2 2 2 2 2 2 2 2 2 2 2 2 2 2 2 2 2 2 2 2 2 2 2 2 2 2 2 2 2 2 2 2 2 2 2 2 2 2 2 2 2 2 2 2 2 2 2 2 2 2 2 2 2 2 2 2 2 2 2 2 2 2 2 2 2 2 2 2 2 2 2 2 2 2 2 2 2 2 2 2 2 2 2 2 2 2 2 2 2 2 2 2 2 2 2 2 2 2 2 2 2 2 2 2 2 2 2 2 2 2 2 2 2 2 2 2 2 2 2 2 2 2 2 2 2 2 2 2 2 2 2 2 2 2 2 2 2 2 2 2 2 2 2 2 2 2 2 2 2 2 2 2 2 2 2 2 2 2 2 2 2 2 2 2 2 2 2 2 2 2 2 2 2 2 2 2 2 2 2 2 2 2 2 2 2 2 2 2 2 2 2 2 2 2 2 2 2 2 2 2 2 2 2 2 2 2 2 2 2 2 2 2 2 2 2 2 2 2 2 2 2 2 2 2 2 2 2 2 2 2 2 2 2 2 2 2 2 2 2 2 2 2 2 2 2 2 2 2 2 2 2 2 2 2 2 2 2 2 2 2 2 2 2 2 2 2 2 2 2 2 2 2 2 2 2 2 2 2 2 2 2 2 2 2 2 2 2 2 2 2 2 2 2 2 2 2 2 2 2 2 2 2 2 2 2 2 2 2 2 2 2 2 2 2 2 2 2 2 2 2 2 2 2 2 2 2 2 2 2 2 2 2 2 2 2 2 2 2 2 2 2 2 2 2 2 2 2 2 2 2 2 2 2 2 2 2 2 2 2 2 2 2 2 2 2 2 2 2 2 2 2 2 2 2 2 2 2 2 2 2 2 2 2 2 2 2 2 2 2 2 2 2 2 2 2 2 2 2 2 2 2 2 2 2 2 2 2 2 2 2 2 2 2 2 2 2 2 2 2 2 2 2 2 2 2 2 2 2 2 2 2 2 2 2 2 2 2 2 2 2 2 2 2 2 2 2 2 2 2 2 2 2 2 2 2 2 2 2 2 2 2 2 2 2 2 2 2 2 2 2 2 2 2 2 2 2 2 2 2 2 2 2 2 2 2 2 2 2 2 2 2 2 2 2 2 2 2 2 2 2 2 2 2 2 2 2 2 2 2 2 2 2 2 2 2 2 2 2 2 2 2 2 2 2 2 2 2 2 2 2 2 2 2 2 2 2 2 2 2 2 2 2 2 2 2 2 2 2 2 2 2 2 2 2 2 2 2 2 2 2 2 2 2 2 2 2 2 2 2 2 2 2 2 2 2 2 2 2 2 2 2 2 2 2 2 2 2 2 2 2 2 2 2 2 2 2 2 2 2 2 2 2 2 2 2 2 2 2 2 2 2 2 2 2 2 2 2 2 2 2 2 2 2 2 2 2 2 2 2 2 2 2 2 2 2 2 2 2 2 2 2 2 2 2 2 2 2 2 2 2 2 2 2 2 2 2 2 2 2 2 2 2 2 2 2 2 2 2 2 2 2 2 2 2 2 2 2 2 2 2 2 2 2 2 2 2 2 2 2 2 2 2 2 2 2 2 2 2 2 2 2 2 2 2 2 2 2 2 2 2 2 2 2 2 2 2 2 2 2 2 2 2 2 2 2 2 2 2 2 2 2 2 2 2 2 2 2 2 2 2 2 2 2 2 2 2 2 2 2 2 2 2 2 2 2 2 2 2 2 2 2 2 2 2 2 2 2 2 2 2 2 2 2 2 2 2 2 2 2 2 2 2 2 2 2 2 2 2 2 2 2 2 2 2 2 2 2 2 2 2 2 2 2 2 2 2 2 2 2 2 2 2 2 2 2 2 2 2 2 2 2 2 2 2 2 2 2 2 2 2 2 2 2 2 2 2 2 2 2 2 2 2 2 2 2 2 2 2 2 2 2 2 2 2 2 2 2 2 2 2 2 2 2 2 2 2 2 2 2 2 2 2 2 2 2 2 2 2 2 2 2 2 2 2 2 2 2 2 2 2 2 2 2 2 2 2 2 2 2 2 2 2 2 2 2 2 2 2 2 2 2 2 2 2 2 2 2 2 2 2 2 2 2 2 2 2 2 2 2 2 2 2 2 2 2 2 2 2 2 2 2 2 2 2 2 2 2 2 2 2 2 2 2 2 2 2 2 2 2 2 2 2 2 2 2 2 2 2 2 2 2 2 2 2 2 2 2 2 2 2 2 2 2 2 2 2 2 2 2 2 2 2 2 2 2 2 2 2 2 2 2 2 2 2 2 2 2 2 2 2 2 2 2 2 2 2 2 2 2 2 2 2 2 2 2 2 2 2 2 2 2 2 2 2 2 2 2 2 2 2 2 2 2 2 2 2 2 2 2 2 2 2 2 2 2 2 2 2 2 2 2 2 2 2 2 2 2 2 2 2 2 2 2 2 2 2 2 2 2 2 2 2 2 2 2 2 2 2 2 2 2 2 2 2 2 2 2 2 2 2 2 2 2 2 2 2 2 2 2 2 2 2 2 2 2 2 2 2 2 2 2 2 2 2 2 2 2 2 2 2 2 2 2 2 2 2 2 2 2 2 2 2 2 2 2 2 2 2 2 2 2 2 2 2 2 2 2 2 2 2 2 2 2 2 2 2 2 2 2 2 2 2 2 2 2 2 2 2 2 2 2 2 2 2 2 2 2 2 2 2 2 2 2 2 2 2 2 2 2 2 2 2 2 2 2 2 2 2 2 2 2 2 2 2 2 2 2 2 2 2 2 2 2 2 2 2 2 2 2 2 2 2 2 2 2 2 2 2 2 2 2 2 2 2 2 2 2 2 2 2 2 2 2 2 2 2 2 2 2 2 2 2 2 2 2 2 2 2 2 2 2 2 2 2 2 2 2 2 2 2 2 2 2 2 2 2 2 2 2 2 2 2 2 2 2 2 2 2 2 2 2 2 2 2 2 2 2 2 2 2 2 2 2 2 2 2 2 2 2 2 2 2 2 2 2 2 2 2 2 2 2 2 2 2 2 2 2 2 2 2 2 2 2 2 2 2 2 2 2 2 2 2 2 2 2 2 2 2 2 2 2 2 2 2 2 2 2 2 2 2 2 2 2 2 2 2 2 2 2 2 2 2 2 2 2 2 2 2 2 2 2 2 2 2 2 2 2 2 2 2 2 2 2 2 2 2 2 2 2 2 2 2 2 2 2 2 2 2 2 2 2 2 2 2 2 2 2 2 2 2 2 2 2 2 2 2 2 2 2 2 2 2 2 2 2 2 2 2 2 2 2 2 2 2 2 2 2 2 2 2 2 2 2 2 2 2 2 2 2 2 2 2 2 2 2 2 2 2 2 2 2 2 2 2 2 2 2 2 2 2 2 2 2 2 2 2 2 2 2 2 2 2 2 2 2 2 2 2 2 2 2 2 2 2 2 2 2 2 2 2 2 2 2 2 2 2 2 2 2 2 2 2 2 2 2 2 2 2 2 2 2 2 2 2 2 2 2 2 2 2 2 2 2 2 2 2 2 2 2 2 2 2 2 2 2 2 2 2 2 2 2 2 2 2 2 2 2 2 2 2 2 2 2 2 2 2 2 2 2 2 2 2 2 2 2 2 2 2 2 2 2 2 2 2 2 2 2 2 2 2 2 2 2 2 2 2 2 2 2 2 2 2 2 2 2 2 2 2 2 2 2 2 2 2 2 2 2 2 2 2 2 2 2 2 2 2 2 2 2 2 2 2 2 2 2 2 2 2 2 2 2 2 2 2 2 2 2 2 2 2 2 2 2 2 2 2 2 2 2 2 2 2 2 2 2 2 2 2 2 2 2 2 2 2 2 2 2 2 2 2 2 2 2 2 2 2 2 2 2 2 2 2 2 2 2 2 2 2 2 2 2 2 2 2 2 2 2 2 2 2 2 2 2 2 2 2 2 2 2 2 2 2 2 2 2 2 2 2 2 2 2 2 2 2 2 2 2 2 2 2 2 2 2 2 2 2 2 2 2 2 2 2 2 2 2 2 2 2 2 2 2 2 2 2 2 2 2 2 2 2 2 2 2 2 2 2 2 2 2 2 2 2 2 2 2 2 2 2 2 2 2 2 2 2 2 2 2 2 2 2 2 2 2 2 2 2 2 2 2 2 2 2 2 2 2 2 2 2 2 2 2 2 2 2 2 2 2 2 2 2 2 2 2 2 2 2 2 2 2 2 2 2 2 2 2 2 2 2 2 2 2 2 2 2 2 2 2 2 2 2 2 2 2 2 2 2 2 2 2 2 2 2 2 2 2 2 2 2 2 2 2 2 2 2 2 2 2 2 2 2 2 2 2 2 2 2 2 2 2 2 2 2 2 2 2 2 2 2 2 2 2 2 2 2 2 2 2 2 2 2 2 2 2 2 2 2 2 2 2 2 2 2 2 2 2 2 2 2 2 2 2 2 2 2 2 2 2 2 2 2 2 2 2 2 2 2 2 2 2 2 2 2 2 2 2 2 2 2 2 2 2 2 2 2 2 2 2 2 2 2 2 2 2 2 2 2 2 2 2 2 2 2 2 2 2 2 2 2 2 2 2 2 2 2 2 2 2 2 2 2 2 2 2 2 2 2 2 2 2 2 2 2 2 2 2 2 2 2 2 2 2 2 2 2 2 2 2 2 2 2 2 2 2 2 2 2 2 2 2 2 2 2 2 2 2 2 2 2 2 2 2 2 2 2 2 2 2 2 2 2 2 2 2 2 2 2 2 2 2 2 2 2 2 2 2 2 2 2 2 2 2 2 2 2 2 2 2 2 2 2 2 2 2 2 2 2 2 2 2 2 2 2 2 2 2 2 2 2 2 2 2 2 2 2 2 2 2 2 2 2 2 2 2 2 2 2 2 2 2 2 2 2 2 2 2 2 2 2 2 2 2 2 2 2 2 2 2 2 2 2 2 2 2 2 2 2 2 2 2 2 2 2 2 2 2 2 2 2 2 2 2 2 2 2 2 2 2 2 2 2 2 2 2 2 2 2 2 2 2 2 2 2 2 2 2 2 2 2 2 2 2 2 2 2 2 2 2 2 2 2 2 2 2 2 2 2 2 2 2 2 2 2 2 2 2 2 2 2 2 2 2 2 2 2 2 2 2 2 2 2 2 2 2 2 2 2 2 2 2 2 2 2 2 2 2 2 2 2 2 2 2 2 2 2 2 2 2 2 2 2 2 2 2 2 2 2 2 2 2 2 2 2 2 2 2 2 2 2 2 2 2 2 2 2 2 2 2 2 2 2 2 2 2 2 2 2 2 2 2 2 2 2 2 2 2 2 2 2 2 2 2 2 2 2 2 2 2 2 2 2 2 2 2 2 2 2 2 2 2 2 2 2 2 2 2 2 2 2 2 2 2 2 2 2 2 2 2 2 2 2 2 2 2 2 2 2 2 2 2 2 2 2 2 2 2 2 2 2 2 2 2 2 2 2 2 2 2 2 2 2 2 2 2 2 2 2 2 2 2 2 2 2 2 2 2 2 2 2 2 2 2 2 2 2 2 2 2 2 2 2 2 2 2 2 2 2 2 2 2 2 2 2 2 2 2 2 2 2 2 2 2 2 2 2 2 2 2 2 2 2 2 2 2 2 2 2 2 2 2 2 2 2 2 2 2 2 2 2 2 2 2 2 2 2 2 2 2 2 2 2 2 2 2 2 2 2 2 2 2 2 2 2 2 2 2 2 2 2 2 2 2 2 2 2 2 2 2 2 2 2 2 2 2 2 2 2 2 2 2 2 2 2 2 2 2 2 2 2 2 2 2 2 2 2 2 2 2 2 2 2 2 2 2 2 2 2 2 2 2 2 2 2 2 2 2 2 2 2 2 2 2 2 2 2 2 2 2 2 2 2 2 2 2 2 2 2 2 2 2 2 2 2 2 2 2 2 2 2 2 2 2 2 2 2 2 2 2 2 2 2 2 2 2 2 2 2 2 2 2 2 2 2 2 2 2 2 2 2 2 2 2 2 2 2 2 2 2 2 2 2 2 2 2 2 2 2 2 2 2 2 2 2 2 2 2 2 2 2 2 2 2 2 2 2 2 2 2 2 2 2 2 2 2 2 2 2 2 2 2 2 2 2 2 2 2 2 2 2 2 2 2 2 2 2 2 2 2 2 2 2 2 2 2 2 2 2 2 2 2 2 2 2 2 2 2 2 2 2 2 2 2 2 2 2 2 2 2 2 2 2 2 2 2 2 2 2 2 2 2 2 2 2 2 2 2 2 2 2 2 2 2 2 2 2 2 2 2 2 2 2 2 2 2 2 2 2 2 2 2 2 2 2 2 2 2 2 2 2 2 2 2 2 2 2 2 2 2 2 2 2 2 2 2 2 2 2 2 2 2 2 2 2 2 2 2 2 2 2 2 2 2 2 2 2 2 2 2 2 2 2 2 2 2 2 2 2 2 2 2 2 2 2 2 2 2 2 2 2 2 2 2 2 2 2 2 2 2 2 2 2 2 2 2 2 2 2 2 2 2 2 2 2 2 2 2 2 2 2 2 2 2 2 2 2 2 2 2 2 2 2 2 2 2 2 2 2 2 2 2 2 2 2 2 2 2 2 2 2 2 2 2 2 2 2 2 2 2 2 2 2 2 2 2 2 2 2 2 2 2 2 2 2 2 2 2 2 2 2 2 2 2 2 2 2 2 2 2 2 2 2 2 2 2 2 2 2 2 2 2 2 2 2 2 2 2 2 2 2 2 2 2 2 2 2 2 2 2 2 2 2 2 2 2 2 2 2 2 2 2 2 2 2 2 2 2 2 2 2 2 2 2 2 2 2 2 2 2 2 2 2 2 2 2 2 2 2 2 2 2 2 2 2 2 2 2 2 2 2 2 2 2 2 2 2 2 2 2 2 2 2 2 2 2 2 2 2 2 2 2 2 2 2 2 2 2 2 2 2 2 2 2 2 2 2 2 2 2 2 2 2 2 2 2 2 2 2 2 2 2 2 2 2 2 2 2 2 2 2 2 2 2 2 2 2 2 2 2 2 2 2 2 2 2 2 2 2 2 2 2 2 2 2 2 2 2 2 2 2 2 2 2 2 2 2 2 2 2 2 2 2 2 2 2 2 2 2 2 2 2 2 2 2 2 2 2 2 2 2 2 2 2 2 2 2 2 2 2 2 2 2 2 2 2 2 2 2 2 2 2 2 2 2 2 2 2 2 2 2 2 2 2 2 2 2 2 2 2 2 2 2 2 2 2 2 2 2 2 2 2 2 2 2 2 2 2 2 2 2 2 2 2 2 2 2 2 2 2 2 2 2 2 2 2 2 2 2 2 2 2 2 2 2 2 2 2 2 2 2 2 2 2 2 2 2 2 2 2 2 2 2 2 2 2 2 2 2 2 2 2 2 2 2 2 2 2 2 2 2 2 2 2 2 2 2 2 2 2 2 2 2 2 2 2 2 2 2 2 2 2 2 2 2 2 2 2 2 2 2 2 2 2 2 2 2 2 2 2 2 2 2 2 2 2 2 2 2 2 2 2 2 2 2 2 2 2 2 2 2 2 2 2 2 2 2 2 2 2 2 2 2 2 2 2 2 2 2 2 2 2 2 2 2 2 2 2 2 2 2 2 2 2 2 2 2 2 2 2 2 2 2 2 2 2 2 2 2 2 2 2 2 2 2 2 2 2 2 2 2 2 2 2 2 2 2 2 2 2 2 2 2 2 2 2 2 2 2 2 2 2 2 2 2 2 2 2 2 2 2 2 2 2 2 2 2 2 2 2 2 2 2 2 2 2 2 2 2 2 2 2 2 2 2 2 2 2 2 2 2 2 2 2 2 2 2 2 2 2 2 2 2 2 2 2 2 2 2 2 2 2 2 2 2 2 2 2 2 2 2 2 2 2 2 2 2 2 2 2 2 2 2 2 2 2 2 2 2 2 2 2 2 2 2 2 2 2 2 2 2 2 2 2 2 2 2 2 2 2 2 2 2 2 2 2 2 2 2 2 2 2 2 2 2 2 2 2 2 2 2 2 2 2 2 2 2 2 2 2 2 2 2 2 2 2 2 2 2 2 2 2 2 2 2 2 2 2 2 2 2 2 2 2 2 2 2 2 2 2 2 2 2 2 2 2 2 2 2 2 2 2 2 2 2 2 2 2 2 2 2 2 2 2 2 2 2 2 2 2 2 2 2 2 2 2 2 2 2 2 2 2 2 2 2 2 2 2 2 2 2 2 2 2 2 2 2 2 2 2 2 2 2 2 2 2 2 2 2 2 2 2 2 2 2 2 2 2 2 2 2 2 2 2 2 2 2 2 2 2 2 2 2 2 2 2 2 2 2 2 2 2 2 2 2 2 2 2 2 2 2 2 2 2 2 2 2 2 2 2 2 2 2 2 2 2 2 2 2 2 2 2 2 2 2 2 2 2 2 2 2 2 2 2 2 2 2 2 2 2 2 2 2 2 2 2 2 2 2 2 2 2 2 2 2 2 2 2 2 2 2 2 2 2 2 2 2 2 2 2 2 2 2 2 2 2 2 2 2 2 2 2 2 2 2 2 2 2 2 2 2 2 2 2 2 2 2 2 2 2 2 2 2 2 2 2 2 2 2 2 2 2 2 2 2 2 2 2 2 2 2 2 2 2 2 2 2 2 2 2 2 2 2 2 2 2 2 2 2 2 2 2 2 2 2 2 2 2 2 2 2 2 2 2 2 2 2 2 2 2 2 2 2 2 2 2 2 2 2 2 2 2 2 2 2 2 2 2 2 2 2 2 2 2 2 2 2 2 2 2 2 2 2 2 2 2 2 2 2 2 2 2 2 2 2 2 2 2 2 2 2 2 2 2 2 2 2 2 2 2 2 2 2 2 2 2 2 2 2 2 2 2 2 2 2 2 2 2 2 2 2 2 2 2 2 2 2 2 2 2 2 2 2 2 2 2 2 2 2 2 2 2 2 2 2 2 2 2 2 2 2 2 2 2 2 2 2 2 2 2 2 2 2 2 2 2 2 2 2 2 2 2 2 2 2 2 2 2 2 2 2 2 2 2 2 2 2 2 2 2 2 2 2 2 2 2 2 2 2 2 2 2 2 2 2 2 2 2 2 2 2 2 2 2 2 2 2 2 2 2 2 2 2 2 2 2 2 2 2 2 2 2 2 2 2 2 2 2 2 2 2 2 2 2 2 2 2 2 2 2 2 2 2 2 2 2 2 2 2 2 2 2 2 2 2 2 2 2 2 2 2 2 2 2 2 2 2 2 2 2 2 2 2 2 2 2 2 2 2 2 2 2 2 2 2 2 2 2 2 2 2 2 2 2 2 2 2 2 2 2 2 2 2 2 2 2 2 2 2 2 2 2 2 2 2 2 2 2 2 2 2 2 2 2 2 2 2 2 2 2 2 2 2 2 2 2 2 2 2 2 2 2 2 2 2 2 2 2 2 2 2 2 2 2 2 2 2 2 2 2 2 2 2 2 2 2 2 2 2 2 2 2 2 2 2 2 2 2 2 2 2 2 2 2 2 2 2 2 2 2 2 2 2 2 2 2 2 2 2 2 2 2 2 2 2 2 2 2 2 2 2 2 2 2 2 2 2 2 2 2 2 2 2 2 2 2 2 2 2 2 2 2 2 2 2 2 2 2 2 2 2 2 2 2 2 2 2 2 2 2 2 2 2 2 2 2 2 2 2 2 2 2 2 2 2 2 2 2 2 2 2 2 2 2 2 2 2 2 2 2 2 2 2 2 2 2 2 2 2 2 2 2 2 2 2 2 2 2 2 2 2 2 2 2 2 2 2 2 2 2 2 2 2 2 2 2 2 2 2 2 2 2 2 2 2 2 2 2 2 2 2 2 2 2 2 2 2 2 2 2 2 2 2 2 2 2 2 2 2 2 2 2 2 2 2 2 2 2 2 2 2 2 2 2 2 2 2 2 2 2 2 2 2 2 2 2 2 2 2 2 2 2 2 2 2 2 2 2 2 2 2 2 2 2 2 2 2 2 2 2 2 2 2 2 2 2 2 2 2 2 2 2 2 2 2 2 2 2 2 2 2 2 2 2 2 2 2 2 2 2 2 2 2 2 2 2 2 2 2 2 2 2 2 2 2 2 2 2 2 2 2 2 2 2 2 2 2 2 2 2 2 2 2 2 2 2 2 2 2 2 2 2 2 2 2 2 2 2 2 2 2 2 2 2 2 2 2 2 2 2 2 2 2 2 2 2 2 2 2 2 2 2 2 2 2 2 2 2 2 2 2 2 2 2 2 2 2 2 2 2 2 2 2 2 2 2 2 2 2 2 2 2 2 2 2 2 2 2 2 2 2 2 2 2 2 2 2 2 2 2 2 2 2 2 2 2 2 2 2 2 2 2 2 2 2 2 2 2 2 2 2 2 2 2 2 2 2 2 2 2 2 2 2 2 2 2 2 2 2 2 2 2 2 2 2 2 2 2 2 2 2 2 2 2 2 2 2 2 2 2 2 2 2 2 2 2 2 2 2 2 2 2 2 2 2 2 2 2 2 2 2 2 2 2 2 2 2 2 2 2 2 2 2 2 2 2 2 2 2 2 2 2 2 2 2 2 2 2 2 2 2 2 2 2 2 2 2 2 2 2 2 2 2 2 2 2 2 2 2 2 2 2 2 2 2 2 2 2 2 2 2 2 2 2 2 2 2 2 2 2 2 2 2 2 2 2 2 2 2 2 2 2 2 2 2 2 2 2 2 2 2 2 2 2 2 2 2 2 2 2 2 2 2 2 2 2 2 2 2 2 2 2 2 2 2 2 2 2 2 2 2 2 2 2 2 2 2 2 2 2 2 2 2 2 2 2 2 2 2 2 2 2 2 2 2 2 2 2 2 2 2 2 2 2 2 2 2 2 2 2 2 2 2 2 2 2 2 2 2 2 2 2 2 2 2 2 2 2 2 2 2 2 2 2 2 2 2 2 2 2 2 2 2 2 2 2 2 2 2 2 2 2 2 2 2 2 2 2 2 2 2 2 2 2 2 2 2 2 2 2 2 2 2 2 2 2 2 2 2 2 2 2 2 2 2 2 2 2 2 2 2 2 2 2 2 2 2 2 2 2 2 2 2 2 2 2 2 2 2 2 2 2 2 2 2 2 2 2 2 2 2 2 2 2 2 2 2 2 2 2 2 2 2 2 2 2 2 2 2 2 2 2 2 2 2 2 2 2 2 2 2 2 2 2 2 2 2 2 2 2 2 2 2 2 2 2 2 2 2 2 2 2 2 2 2 2 2 2 2 2 2 2 2 2 2 2 2 2 2 2 2 2 2 2 2 2 2 2 2 2 2 2 2 2 2 2 2 2 2 2 2 2 2 2 2 2 2 2 2 2 2 2 2 2 2 2 2 2 2 2 2 2 2 2 2 2 2 2 2 2 2 2 2 2 2 2 2 2 2 2 2 2 2 2 2 2 2 2 2 2 2 2 2 2 2 2 2 2 2 2 2 2 2 2 2 2 2 2 2 2 2 2 2 2 2 2 2 2 2 2 2 2 2 2 2 2 2 2 2 2 2 2 2 2 2 2 2 2 2 2 2 2 2 2 2 2 2 2 2 2 2 2 2 2 2 2 2 2 2 2 2 2 2 2 2 2 2 2 2 2 2 2 2 2 2 2 2 2 2 2 2 2 2 2 2 2 2 2 2 2 2 2 2 2 2 2 2 2 2 2 2 2 2 2 2 2 2 2 2 2 2 2 2 2 2 2 2 2 2 2 2 2 2 2 2 2 2 2 2 2 2 2 2 2 2 2 2 2 2 2 2 2 2 2 2 2 2 2 2 2 2 2 2 2 2 2 2 2 2 2 2 2 2 2 2 2 2 2 2 2 2 2 2 2 2 2 2 2 2 2 2 2 2 2 2 2 2 2 2 2 2 2 2 2 2 2 2 2 2 2 2 2 2 2 2 2 2 2 2 2 2 2 2 2 2 2 2 2 2 2 2 2 2 2 2 2 2 2 2 2 2 2 2 2 2 2 2 2 2 2 2 2 2 2 2 2 2 2 2 2 2 2 2 2 2 2 2 2 2 2 2 2 2 2 2 2 2 2 2 2 2 2 2 2 2 2 2 2 2 2 2 2 2 2 2 2 2 2 2 2 2 2 2 2 2 2 2 2 2 2 2 2 2 2 2 2 2 2 2 2 2 2 2 2 2 2 2 2 2 2 2 2 2 2 2 2 2 2 2 2 2 2 2 2 2 2 2 2 2 2 2 2 2 2 2 2 2 2 2 2 2 2 2 2 2 2 2 2 2 2 2 2 2 2 2 2 2 2 2 2 2 2 2 2 2 2 2 2 2 2 2 2 2 2 2 2 2 2 2 2 2 2 2 2 2 2 2 2 2 2 2 2 2 2 2 2 2 2 2 2 2 2 2 2 2 2 2 2 2 2 2 2 2 2 2 2 2 2 2 2 2 2 2 2 2 2 2 2 2 2 2 2 2 2 2 2 2 2 2 2 2 2 2 2 2 2 2 2 2 2 2 2 2 2 2 2 2 2 2 2 2 2 2 2 2 2 2 2 2 2 2 2 2 2 2 2 2 2 2 2 2 2 2 2 2 2 2 2 2 2 2 2 2 2 2 2 2 2 2 2 2 2 2 2 2 2 2 2 2 2 2 2 2 2 2 2 2 2 2 2 2 2 2 2 2 2 2 2 2 2 2 2 2 2 2 2 2 2 2 2 2 2 2 2 2 2 2 2 2 2 2 2 2 2 2 2 2 2 2 2 2 2 2 2 2 2 2 2 2 2 2 2 2 2 2 2 2 2 2 2 2 2 2 2 2 2 2 2 2 2 2 2 2 2 2 2 2 2 2 2 2 2 2 2 2 2 2 2 2 2 2 2 2 2 2 2 2 2 2 2 2 2 2 2 2 2 2 2 2 2 2 2 2 2 2 2 2 2 2 2 2 2 2 2 2 2 2 2 2 2 2 2 2 2 2 2 2 2 2 2 2 2 2 2 2 2 2 2 2 2 2 2 2 2 2 2 2 2 2 2 2 2 2 2 2 2 2 2 2 2 2 2 2 2 2 2 2 2 2 2 2 2 2 2 2 2 2 2 2 2 2 2 2 2 2 2 2 2 2 2 2 2 2 2 2 2 2 2 2 2 2 2 2 2 2 2 2 2 2 2 2 2 2 2 2 2 2 2 2 2 2 2 2 2 2 2 2 2 2 2 2 2 2 2 2 2 2 2 2 2 2 2 2 2 2 2 2 2 2 2 2 2 2 2 2 2 2 2 2 2 2 2 2 2 2 2 2 2 2 2 2 2 2 2 2 2 2 2 2 2 2 2 2 2 2 2 2 2 2 2 2 2 2 2 2 2 2 2 2 2 2 2 2 2 2 2 2 2 2 2 2 2 2 2 2 2 2 2 2 2 2 2 2 2 2 2 2 2 2 2 2 2 2 2 2 2 2 2 2 2 2 2 2 2 2 2 2 2 2 2 2 2 2 2 2 2 2 2 2 2 2 2 2 2 2 2 2 2 2 2 2 2 2 2 2 2 2 2 2 2 2 2 2 2 2 2 2 2 2 2 2 2 2 2 2 2 2 2 2 2 2 2 2 2 2 2 2 2 2 2 2 2 2 2 2 2 2 2 2 2 2 2 2 2 2 2 2 2 2 2 2 2 2 2 2 2 2 2 2 2 2 2 2 2 2 2 2 2 2 2 2 2 2 2 2 2 2 2 2 2 2 2 2 2 2 2 2 2 2 2 2 2 2 2 2 2 2 2 2 2 2 2 2 2 2 2 2 2 2 2 2 2 2 2 2 2 2 2 2 2 2 2 2 2 2 2 2 2 2 2 2 2 2 2 2 2 2 2 2 2 2 2 2 2 2 2 2 2 2 2 2 2 2 2 2 2 2 2 2 2 2 2 2 2 2 2 2 2 2 2 2 2 2 2 2 2 2 2 2 2 2 2 2 2 2 2 2 2 2 2 2 2 2 2 2 2 2 2 2 2 2 2 2 2 2 2 2 2 2 2 2 2 2 2 2 2 2 2 2 2 2 2 2 2 2 2 2 2 2 2 2 2 2 2 2 2 2 2 2 2 2 2 2 2 2 2 2 2 2 2 2 2 2 2 2 2 2 2 2 2 2 2 2 2 2 2 2 2 2 2 2 2 2 2 2 2 2 2 2 2 2 2 2 2 2 2 2 2 2 2 2 2 2 2 2 2 2 2 2 2 2 2 2 2 2 2 2 2 2 2 2 2 2 2 2 2 2 2 2 2 2 2 2 2 2 2 2 2 2 2 2 2 2 2 2 2 2 2 2 2 2 2 2 2 2 2 2 2 2 2 2 2 2 2 2 2 2 2 2 2 2 2 2 2 2 2 2 2 2 2 2 2 2 2 2 2 2 2 2 2 2 2 2 2 2 2 2 2 2 2 2 2 2 2 2 2 2 2 2 2 2 2 2 2 2 2 2 2 2 2 2 2 2 2 2 2 2 2 2 2 2 2 2 2 2 2 2 2 2 2 2 2 2 2 2 2 2 2 2 2 2 2 2 2 2 2 2 2 2 2 2 2 2 2 2 2 2 2 2 2 2 2 2 2 2 2 2 2 2 2 2 2 2 2 2 2 2 2 2 2 2 2 2 2 2 2 2 2 2 2 2 2 2 2 2 2 2 2 2 2 2 2 2 2 2 2 2 2 2 2 2 2 2 2 2 2 2 2 2 2 2 2 2 2 2 2 2 2 2 2 2 2 2 2 2 2 2 2 2 2 2 2 2 2 2 2 2 2 2 2 2 2 2 2 2 2 2 2 2 2 2 2 2 2 2 2 2 2 2 2 2 2 2 2 2 2 2 2 2 2 2 2 2 2 2 2 2 2 2 2 2 2 2 2 2 2 2 2 2 2 2 2 2 2 2 2 2 2 2 2 2 2 2 2 2 2 2 2 2 2 2 2 2 2 2 2 2 2 2 2 2 2 2 2 2 2 2 2 2 2 2 2 2 2 2 2 2 2 2 2 2 2 2 2 2 2 2 2 2 2 2 2 2 2 2 2 2 2 2 2 2 2 2 2 2 2 2 2 2 2 2 2 2 2 2 2 2 2 2 2 2 2 2 2 2 2 2 2 2 2 2 2 2 2 2 2 2 2 2 2 2 2 2 2 2 2 2 2 2 2 2 2 2 2 2 2 2 2 2 2 2 2 2 2 2 2 2 2 2 2 2 2 2 2 2 2 2 2 2 2 2 2 2 2 2 2 2 2 2 2 2 2 2 2 2 2 2 2 2 2 2 2 2 2 2 2 2 2 2 2 2 2 2 2 2 2 2 2 2 2 2 2 2 2 2 2 2 2 2 2 2 2 2 2 2 2 2 2 2 2 2 2 2 2 2 2 2 2 2 2 2 2 2 2 2 2 2 2 2 2 2 2 2 2 2 2 2 2 2 2 2 2 2 2 2 2 2 2 2 2 2 2 2 2 2 2 2 2 2 2 2 2 2 2 2 2 2 2 2 2 2 2 2 2 2 2 2 2 2 2 2 2 2 2 2 2 2 2 2 2 2 2 2 2 2 2 2 2 2 2 2 2 2 2 2 2 2 2 2 2 2 2 2 2 2 2 2 2 2 2 2 2 2 2 2 2 2 2 2 2 2 2 2 2 2 2 2 2 2 2 2 2 2 2 2 2 2 2 2 2 2 2 2 2 2 2 2 2 2 2 2 2 2 2 2 2 2 2 2 2 2 2 2 2 2 2 2 2 2 2 2 2 2 2 2 2 2 2 2 2 2 2 2 2 2 2 2 2 2 2 2 2 2 2 2 2 2 2 2 2 2 2 2 2 2 2 2 2 2 2 2 2 2 2 2 2 2 2 2 2 2 2 2 2 2 2 2 2 2 2 2 2 2 2 2 2 2 2 2 2 2 2 2 2 2 2 2 2 2 2 2 2 2 2 2 2 2 2 2 2 2 2 2 2 2 2 2 2 2 2 2 2 2 2 2 2 2 2 2 2 2 2 2 2 2 2 2 2 2 2 2 2 2 2 2 2 2 2 2 2 2 2 2 2 2 2 2 2 2 2 2 2 2 2 2 2 2 2 2 2 2 2 2 2 2 2 2 2 2 2 2 2 2 2 2 
2.00995 2.00995 2.00995 2.00995 2.00995 2.00995 2.00995 1.99 2.00995 2.00995 2.00995 2.00995 2.00995 2.00995 2.00995 2.00995 2.00995 1.99 2.00995 2.00995 2.00995 2.00995 2.00995 2.00995 2.00995 2.00995 2.00995 1.99 2.00995 2.00995 2.00995 2.00995 2.00995 2.00995 2.00995 2.00995 2.00995 1.99 2.00995 2.00995 2.00995 2.00995 2.00995 2.00995 2.00995 2.00995 2.00995 1.99 2.00995 2.00995 2.00995 2.00995 2.00995 2.00995 2.00995 2.00995 2.00995 1.99 2.00995 2.00995 2.00995 2.00995 2.00995 2.00995 2.00995 2.00995 2.00995 1.99 2.00995 2.00995 2.00995 2.00995 2.00995 2.00995 2.00995 2.00995 2.00995 1.99 2.00995 2.00995 2.00995 2.00995 2.00995 2.00995 2.00995 2.00995 2.00995 1.99 2.00995 2.00995 2.00995 2.00995 2.00995 2.00995 2.00995 2.00995 2.00995 1.99 2.00995 2.00995 2.00995 1.99 2.00995 2.00995 1.99 2.00995 2.00995 2.00995 2.00995 2.00995 2.00995 1.99 2.00995 2.00995 1.99 2.00995 2.00995 2.00995 2.00995 2.00995 2.00995 1.99 2.00995 2.00995 1.99 2.00995 2.00995 2.00995 2.00995 2.00995 2.00995 1.99 2.00995 2.00995 1.99 2.00995 2.00995 2.00995 2.00995 2.00995 2.00995 1.99 2.00995 2.00995 1.99 2.00995 2.00995 2.00995 2.00995 2.00995 2.00995 1.99 2.00995 2.00995 1.99 2.00995 2.00995 2.00995 2.00995 2.00995 2.00995 1.99 2.00995 2.00995 1.99 2.00995 2.00995 2.00995 2.00995 2.00995 2.00995 1.99 2.00995 2.00995 1.99 2.00995 2.00995 2.00995 2.00995 2.00995 2.00995 1.99 2.00995 2.00995 1.99 2.00995 2.00995 2.00995 2.00995 2.00995 2.00995 1.99 2.00995 2.00995 1.99 2.00995 2.00995 2.00995 2.00995 2.00995 2.00995 2.00995 2.00995 2.00995 2.00995 2.00995 2.00995 2.00995 2.00995 2.00995 2.00995 2.00995 2.00995 2.00995 2.00995 2.00995 2.00995 2.00995 2.00995 2.00995 2.00995 2.00995 2.00995 2.00995 2.00995 2.00995 2.00995 2.00995 2.00995 2.00995 2.00995 2.00995 2.00995 2.00995 2.00995 2.00995 2.00995 2.00995 2.00995 2.00995 2.00995 2.00995 2.00995 2.00995 2.00995 2.00995 2.00995 2.00995 2.00995 2.00995 2.00995 2.00995 2.00995 2.00995 2.00995 2.00995 2.00995 2.00995 2.00995 2.00995 2.00995 2.00995 2.00995 2.00995 2.00995 2.00995 2.00995 2.00995 2.00995 2.00995 2.00995 2.00995 2.00995 2.00995 2.00995 2.00995 2.00995 2.00995 2.00995 2.00995 2.00995 2.00995 2.00995 2.00995 2.00995 2.00995 2.00995 2.00995 2.00995 2.00995 2.00995 2.00995 2.00995 2.00995 2.00995 2.00995 2.00995 2.00995 2.00995 2.00995 2.00995 2.00995 2.00995 2.00995 2.00995 2.00995 2.00995 1.99 2.00995 2.00995 2.00995 2.00995 2.00995 2.00995 2.00995 2.00995 2.00995 1.99 2.00995 2.00995 2.00995 2.00995 2.00995 2.00995 2.00995 2.00995 2.00995 1.99 2.00995 2.00995 2.00995 2.00995 2.00995 2.00995 2.00995 2.00995 2.00995 1.99 2.00995 2.00995 2.00995 2.00995 2.00995 2.00995 2.00995 2.00995 2.00995 1.99 2.00995 2.00995 2.00995 2.00995 2.00995 2.00995 2.00995 2.00995 2.00995 1.99 2.00995 2.00995 2.00995 2.00995 2.00995 2.00995 2.00995 2.00995 2.00995 1.99 2.00995 2.00995 2.00995 2.00995 2.00995 2.00995 2.00995 2.00995 2.00995 1.99 2.00995 2.00995 2.00995 2.00995 2.00995 2.00995 2.00995 2.00995 2.00995 1.99 2.00995 2.00995 2.00995 2.00995 2.00995 2.00995 2.00995 2.00995 2.00995 1.99 2.00995 2.00995 2.00995 1.99 2.00995 2.00995 1.99 2.00995 2.00995 2.00995 2.00995 2.00995 2.00995 1.99 2.00995 2.00995 1.99 2.00995 2.00995 2.00995 2.00995 2.00995 2.00995 1.99 2.00995 2.00995 1.99 2.00995 2.00995 2.00995 2.00995 2.00995 2.00995 1.99 2.00995 2.00995 1.99 2.00995 2.00995 2.00995 2.00995 2.00995 2.00995 1.99 2.00995 2.00995 1.99 2.00995 2.00995 2.00995 2.00995 2.00995 2.00995 1.99 2.00995 2.00995 1.99 2.00995 2.00995 2.00995 2.00995 2.00995 2.00995 1.99 2.00995 2.00995 1.99 2.00995 2.00995 2.00995 2.00995 2.00995 2.00995 1.99 2.00995 2.00995 1.99 2.00995 2.00995 2.00995 2.00995 2.00995 2.00995 1.99 2.00995 2.00995 1.99 2.00995 2.00995 2.00995 2.00995 2.00995 2.00995 1.99 2.00995 2.00995 1.99 2.00995 2.00995 2.00995 2.00995 2.00995 2.00995 2.00995 2.00995 2.00995 2.00995 2.00995 2.00995 2.00995 2.00995 2.00995 2.00995 2.00995 2.00995 2.00995 2.00995 2.00995 2.00995 2.00995 2.00995 2.00995 2.00995 2.00995 2.00995 2.00995 2.00995 2.00995 2.00995 2.00995 2.00995 2.00995 2.00995 2.00995 2.00995 2.00995 2.00995 2.00995 2.00995 2.00995 2.00995 2.00995 2.00995 2.00995 2.00995 2.00995 2.00995 2.00995 2.00995 2.00995 2.00995 2.00995 2.00995 2.00995 2.00995 2.00995 2.00995 2.00995 2.00995 2.00995 2.00995 2.00995 2.00995 2.00995 2.00995 2.00995 2.00995 2.00995 2.00995 2.00995 2.00995 2.00995 2.00995 2.00995 2.00995 2.00995 2.00995 2.00995 2.00995 2.00995 2.00995 2.00995 2.00995 2.00995 2.00995 2.00995 2.00995 2.00995 2.00995 2.00995 2.00995 2.00995 2.00995 2.00995 2.00995 2.00995 2.00995 2.00995 2.00995 2.00995 2.00995 2.00995 2.00995 2.00995 2.00995 2.00995 2.00995 2.00995 2.00995 1.99 2.00995 2.00995 2.00995 2.00995 2.00995 2.00995 2.00995 2.00995 2.00995 1.99 2.00995 2.00995 2.00995 2.00995 2.00995 2.00995 2.00995 2.00995 2.00995 1.99 2.00995 2.00995 2.00995 2.00995 2.00995 2.00995 2.00995 2.00995 2.00995 1.99 2.00995 2.00995 2.00995 2.00995 2.00995 2.00995 2.00995 2.00995 2.00995 1.99 2.00995 2.00995 2.00995 2.00995 2.00995 2.00995 2.00995 2.00995 2.00995 1.99 2.00995 2.00995 2.00995 2.00995 2.00995 2.00995 2.00995 2.00995 2.00995 1.99 2.00995 2.00995 2.00995 2.00995 2.00995 2.00995 2.00995 2.00995 2.00995 1.99 2.00995 2.00995 2.00995 2.00995 2.00995 2.00995 2.00995 2.00995 2.00995 1.99 2.00995 2.00995 2.00995 2.00995 2.00995 2.00995 2.00995 2.00995 2.00995 1.99 2.00995 2.00995 2.00995 1.99 2.00995 2.00995 1.99 2.00995 2.00995 2.00995 2.00995 2.00995 2.00995 1.99 2.00995 2.00995 1.99 2.00995 2.00995 2.00995 2.00995 2.00995 2.00995 1.99 2.00995 2.00995 1.99 2.00995 2.00995 2.00995 2.00995 2.00995 2.00995 1.99 2.00995 2.00995 1.99 2.00995 2.00995 2.00995 2.00995 2.00995 2.00995 1.99 2.00995 2.00995 1.99 2.00995 2.00995 2.00995 2.00995 2.00995 2.00995 1.99 2.00995 2.00995 1.99 2.00995 2.00995 2.00995 2.00995 2.00995 2.00995 1.99 2.00995 2.00995 1.99 2.00995 2.00995 2.00995 2.00995 2.00995 2.00995 1.99 2.00995 2.00995 1.99 2.00995 2.00995 2.00995 2.00995 2.00995 2.00995 1.99 2.00995 2.00995 1.99 2.00995 2.00995 2.00995 2.00995 2.00995 2.00995 1.99 2.00995 2.00995 1.99 2.00995 2.00995 2.00995 2.00995 2.00995 2.00995 2.00995 2.00995 2.00995 2.00995 2.00995 2.00995 2.00995 2.00995 2.00995 2.00995 2.00995 2.00995 2.00995 2.00995 2.00995 2.00995 2.00995 2.00995 2.00995 2.00995 2.00995 2.00995 2.00995 2.00995 2.00995 2.00995 2.00995 2.00995 2.00995 2.00995 2.00995 2.00995 2.00995 2.00995 2.00995 2.00995 2.00995 2.00995 2.00995 2.00995 2.00995 2.00995 2.00995 2.00995 2.00995 2.00995 2.00995 2.00995 2.00995 2.00995 2.00995 2.00995 2.00995 2.00995 2.00995 2.00995 2.00995 2.00995 2.00995 2.00995 2.00995 2.00995 2.00995 2.00995 2.00995 2.00995 2.00995 2.00995 2.00995 2.00995 2.00995 2.00995 2.00995 2.00995 2.00995 2.00995 2.00995 2.00995 2.00995 2.00995 2.00995 2.00995 2.00995 2.00995 2.00995 2.00995 2.00995 2.00995 2.00995 2.00995 2.00995 2.00995 2.00995 2.00995 2.00995 2.00995 2.00995 2.00995 2.00995 2.00995 2.00995 2.00995 2.00995 2.00995 2.00995 2.00995 1.99 2.00995 2.00995 2.00995 2.00995 2.00995 2.00995 2.00995 2.00995 2.00995 1.99 2.00995 2.00995 2.00995 2.00995 2.00995 2.00995 2.00995 2.00995 2.00995 1.99 2.00995 2.00995 2.00995 2.00995 2.00995 2.00995 2.00995 2.00995 2.00995 1.99 2.00995 2.00995 2.00995 2.00995 2.00995 2.00995 2.00995 2.00995 2.00995 1.99 2.00995 2.00995 2.00995 2.00995 2.00995 2.00995 2.00995 2.00995 2.00995 1.99 2.00995 2.00995 2.00995 2.00995 2.00995 2.00995 2.00995 2.00995 2.00995 1.99 2.00995 2.00995 2.00995 2.00995 2.00995 2.00995 2.00995 2.00995 2.00995 1.99 2.00995 2.00995 2.00995 2.00995 2.00995 2.00995 2.00995 2.00995 2.00995 1.99 2.00995 2.00995 2.00995 2.00995 2.00995 2.00995 2.00995 2.00995 2.00995 1.99 2.00995 2.00995 2.00995 2.00995 2.00995 2.00995 2.00995 2.00995 2.00995 1.99 2.00995 2.00995 2.00995 2.00995 2.00995 2.00995 2.00995 2.00995 2.00995 1.99 2.00995 2.00995 2.00995 2.00995 2.00995 2.00995 2.00995 2.00995 2.00995 1.99 2.00995 2.00995 2.00995 2.00995 2.00995 2.00995 2.00995 2.00995 2.00995 1.99 2.00995 2.00995 2.00995 2.00995 2.00995 2.00995 2.00995 2.00995 2.00995 1.99 2.00995 2.00995 2.00995 2.00995 2.00995 2.00995 2.00995 2.00995 2.00995 1.99 2.00995 2.00995 2.00995 2.00995 2.00995 2.00995 2.00995 2.00995 2.00995 1.99 2.00995 2.00995 2.00995 2.00995 2.00995 2.00995 2.00995 2.00995 2.00995 1.99 2.00995 2.00995 2.00995 2.00995 2.00995 2.00995 2.00995 2.00995 2.00995 1.99 2.00995 2.00995 2.00995 2.00995 2.00995 2.00995 2.00995 2.00995 2.00995 1.99 2.00995 2.00995 2.00995 1.99 2.00995 2.00995 1.99 2.00995 2.00995 2.00995 2.00995 2.00995 2.00995 1.99 2.00995 2.00995 1.99 2.00995 2.00995 2.00995 2.00995 2.00995 2.00995 1.99 2.00995 2.00995 1.99 2.00995 2.00995 2.00995 2.00995 2.00995 2.00995 1.99 2.00995 2.00995 1.99 2.00995 2.00995 2.00995 2.00995 2.00995 2.00995 1.99 2.00995 2.00995 1.99 2.00995 2.00995 2.00995 2.00995 2.00995 2.00995 1.99 2.00995 2.00995 1.99 2.00995 2.00995 2.00995 2.00995 2.00995 2.00995 1.99 2.00995 2.00995 1.99 2.00995 2.00995 2.00995 2.00995 2.00995 2.00995 1.99 2.00995 2.00995 1.99 2.00995 2.00995 2.00995 2.00995 2.00995 2.00995 1.99 2.00995 2.00995 1.99 2.00995 2.00995 2.00995 2.00995 2.00995 2.00995 1.99 2.00995 2.00995 1.99 2.00995 2.00995 2.00995 2.00995 2.00995 2.00995 2.00995 2.00995 2.00995 2.00995 2.00995 2.00995 2.00995 2.00995 2.00995 2.00995 2.00995 2.00995 2.00995 2.00995 2.00995 2.00995 2.00995 2.00995 2.00995 2.00995 2.00995 2.00995 2.00995 2.00995 2.00995 2.00995 2.00995 2.00995 2.00995 2.00995 2.00995 2.00995 2.00995 2.00995 2.00995 2.00995 2.00995 2.00995 2.00995 2.00995 2.00995 2.00995 2.00995 2.00995 2.00995 2.00995 2.00995 2.00995 2.00995 2.00995 2.00995 2.00995 2.00995 2.00995 2.00995 2.00995 2.00995 2.00995 2.00995 2.00995 2.00995 2.00995 2.00995 2.00995 2.00995 2.00995 2.00995 2.00995 2.00995 2.00995 2.00995 2.00995 2.00995 2.00995 2.00995 2.00995 2.00995 2.00995 2.00995 2.00995 2.00995 2.00995 2.00995 2.00995 2.00995 2.00995 2.00995 2.00995 2.00995 2.00995 2.00995 2.00995 2.00995 2.00995 2.00995 2.00995 2.00995 2.00995 2.00995 2.00995 2.00995 2.00995 2.00995 2.00995 2.00995 2.00995 1.99 2.00995 2.00995 2.00995 2.00995 2.00995 2.00995 2.00995 2.00995 2.00995 1.99 2.00995 2.00995 2.00995 2.00995 2.00995 2.00995 2.00995 2.00995 2.00995 1.99 2.00995 2.00995 2.00995 2.00995 2.00995 2.00995 2.00995 2.00995 2.00995 1.99 2.00995 2.00995 2.00995 2.00995 2.00995 2.00995 2.00995 2.00995 2.00995 1.99 2.00995 2.00995 2.00995 2.00995 2.00995 2.00995 2.00995 2.00995 2.00995 1.99 2.00995 2.00995 2.00995 2.00995 2.00995 2.00995 2.00995 2.00995 2.00995 1.99 2.00995 2.00995 2.00995 2.00995 2.00995 2.00995 2.00995 2.00995 2.00995 1.99 2.00995 2.00995 2.00995 2.00995 2.00995 2.00995 2.00995 2.00995 2.00995 1.99 2.00995 2.00995 2.00995 2.00995 2.00995 2.00995 2.00995 2.00995 2.00995 1.99 2.00995 2.00995 2.00995 1.99 2.00995 2.00995 1.99 2.00995 2.00995 2.00995 2.00995 2.00995 2.00995 1.99 2.00995 2.00995 1.99 2.00995 2.00995 2.00995 2.00995 2.00995 2.00995 1.99 2.00995 2.00995 1.99 2.00995 2.00995 2.00995 2.00995 2.00995 2.00995 1.99 2.00995 2.00995 1.99 2.00995 2.00995 2.00995 2.00995 2.00995 2.00995 1.99 2.00995 2.00995 1.99 2.00995 2.00995 2.00995 2.00995 2.00995 2.00995 1.99 2.00995 2.00995 1.99 2.00995 2.00995 2.00995 2.00995 2.00995 2.00995 1.99 2.00995 2.00995 1.99 2.00995 2.00995 2.00995 2.00995 2.00995 2.00995 1.99 2.00995 2.00995 1.99 2.00995 2.00995 2.00995 2.00995 2.00995 2.00995 1.99 2.00995 2.00995 1.99 2.00995 2.00995 2.00995 2.00995 2.00995 2.00995 1.99 2.00995 2.00995 1.99 2.00995 2.00995 2.00995 2.00995 2.00995 2.00995 2.00995 2.00995 2.00995 2.00995 2.00995 2.00995 2.00995 2.00995 2.00995 2.00995 2.00995 2.00995 2.00995 2.00995 2.00995 2.00995 2.00995 2.00995 2.00995 2.00995 2.00995 2.00995 2.00995 2.00995 2.00995 2.00995 2.00995 2.00995 2.00995 2.00995 2.00995 2.00995 2.00995 2.00995 2.00995 2.00995 2.00995 2.00995 2.00995 2.00995 2.00995 2.00995 2.00995 2.00995 2.00995 2.00995 2.00995 2.00995 2.00995 2.00995 2.00995 2.00995 2.00995 2.00995 2.00995 2.00995 2.00995 2.00995 2.00995 2.00995 2.00995 2.00995 2.00995 2.00995 2.00995 2.00995 2.00995 2.00995 2.00995 2.00995 2.00995 2.00995 2.00995 2.00995 2.00995 2.00995 2.00995 2.00995 2.00995 2.00995 2.00995 2.00995 2.00995 2.00995 2.00995 2.00995 2.00995 2.00995 2.00995 2.00995 2.00995 2.00995 2.00995 2.00995 2.00995 2.00995 2.00995 2.00995 2.00995 2.00995 2.00995 2.00995 2.00995 2.00995 2.00995 2.00995 1.99 2.00995 2.00995 2.00995 2.00995 2.00995 2.00995 2.00995 2.00995 2.00995 1.99 2.00995 2.00995 2.00995 2.00995 2.00995 2.00995 2.00995 2.00995 2.00995 1.99 2.00995 2.00995 2.00995 2.00995 2.00995 2.00995 2.00995 2.00995 2.00995 1.99 2.00995 2.00995 2.00995 2.00995 2.00995 2.00995 2.00995 2.00995 2.00995 1.99 2.00995 2.00995 2.00995 2.00995 2.00995 2.00995 2.00995 2.00995 2.00995 1.99 2.00995 2.00995 2.00995 2.00995 2.00995 2.00995 2.00995 2.00995 2.00995 1.99 2.00995 2.00995 2.00995 2.00995 2.00995 2.00995 2.00995 2.00995 2.00995 1.99 2.00995 2.00995 2.00995 2.00995 2.00995 2.00995 2.00995 2.00995 2.00995 1.99 2.00995 2.00995 2.00995 2.00995 2.00995 2.00995 2.00995 2.00995 2.00995 1.99 2.00995 2.00995 2.00995 1.99 2.00995 2.00995 1.99 2.00995 2.00995 2.00995 2.00995 2.00995 2.00995 1.99 2.00995 2.00995 1.99 2.00995 2.00995 2.00995 2.00995 2.00995 2.00995 1.99 2.00995 2.00995 1.99 2.00995 2.00995 2.00995 2.00995 2.00995 2.00995 1.99 2.00995 2.00995 1.99 2.00995 2.00995 2.00995 2.00995 2.00995 2.00995 1.99 2.00995 2.00995 1.99 2.00995 2.00995 2.00995 2.00995 2.00995 2.00995 1.99 2.00995 2.00995 1.99 2.00995 2.00995 2.00995 2.00995 2.00995 2.00995 1.99 2.00995 2.00995 1.99 2.00995 2.00995 2.00995 2.00995 2.00995 2.00995 1.99 2.00995 2.00995 1.99 2.00995 2.00995 2.00995 2.00995 2.00995 2.00995 1.99 2.00995 2.00995 1.99 2.00995 2.00995 2.00995 2.00995 2.00995 2.00995 1.99 2.00995 2.00995 1.99 2.00995 2.00995 2.00995 2.00995 2.00995 2.00995 2.00995 2.00995 2.00995 2.00995 2.00995 2.00995 2.00995 2.00995 2.00995 2.00995 2.00995 2.00995 2.00995 2.00995 2.00995 2.00995 2.00995 2.00995 2.00995 2.00995 2.00995 2.00995 2.00995 2.00995 2.00995 2.00995 2.00995 2.00995 2.00995 2.00995 2.00995 2.00995 2.00995 2.00995 2.00995 2.00995 2.00995 2.00995 2.00995 2.00995 2.00995 2.00995 2.00995 2.00995 2.00995 2.00995 2.00995 2.00995 2.00995 2.00995 2.00995 2.00995 2.00995 2.00995 2.00995 2.00995 2.00995 2.00995 2.00995 2.00995 2.00995 2.00995 2.00995 2.00995 2.00995 2.00995 2.00995 2.00995 2.00995 2.00995 2.00995 2.00995 2.00995 2.00995 2.00995 2.00995 2.00995 2.00995 2.00995 2.00995 2.00995 2.00995 2.00995 2.00995 2.00995 2.00995 2.00995 2.00995 2.00995 2.00995 2.00995 2.00995 2.00995 2.00995 2.00995 2.00995 2.00995 2.00995 2.00995 2.00995 2.00995 2.00995 2.00995 2.00995 2.00995 2.00995 1.99 2.00995 2.00995 2.00995 2.00995 2.00995 2.00995 2.00995 2.00995 2.00995 1.99 2.00995 2.00995 2.00995 2.00995 2.00995 2.00995 2.00995 2.00995 2.00995 1.99 2.00995 2.00995 2.00995 2.00995 2.00995 2.00995 2.00995 2.00995 2.00995 1.99 2.00995 2.00995 2.00995 2.00995 2.00995 2.00995 2.00995 2.00995 2.00995 1.99 2.00995 2.00995 2.00995 2.00995 2.00995 2.00995 2.00995 2.00995 2.00995 1.99 2.00995 2.00995 2.00995 2.00995 2.00995 2.00995 2.00995 2.00995 2.00995 1.99 2.00995 2.00995 2.00995 2.00995 2.00995 2.00995 2.00995 2.00995 2.00995 1.99 2.00995 2.00995 2.00995 2.00995 2.00995 2.00995 2.00995 2.00995 2.00995 1.99 2.00995 2.00995 2.00995 2.00995 2.00995 2.00995 2.00995 2.00995 2.00995 1.99 2.00995 2.00995 2.00995 2.00995 2.00995 2.00995 2.00995 2.00995 2.00995 1.99 2.00995 2.00995 2.00995 2.00995 2.00995 2.00995 2.00995 2.00995 2.00995 1.99 2.00995 2.00995 2.00995 2.00995 2.00995 2.00995 2.00995 2.00995 2.00995 1.99 2.00995 2.00995 2.00995 2.00995 2.00995 2.00995 2.00995 2.00995 2.00995 1.99 2.00995 2.00995 2.00995 2.00995 2.00995 2.00995 2.00995 2.00995 2.00995 1.99 2.00995 2.00995 2.00995 2.00995 2.00995 2.00995 2.00995 2.00995 2.00995 1.99 2.00995 2.00995 2.00995 2.00995 2.00995 2.00995 2.00995 2.00995 2.00995 1.99 2.00995 2.00995 2.00995 2.00995 2.00995 2.00995 2.00995 2.00995 2.00995 1.99 2.00995 2.00995 2.00995 2.00995 2.00995 2.00995 2.00995 2.00995 2.00995 1.99 2.00995 2.00995 2.00995 2.00995 2.00995 2.00995 2.00995 2.00995 2.00995 1.99 2.00995 2.00995 2.00995 1.99 2.00995 2.00995 1.99 2.00995 2.00995 2.00995 2.00995 2.00995 2.00995 1.99 2.00995 2.00995 1.99 2.00995 2.00995 2.00995 2.00995 2.00995 2.00995 1.99 2.00995 2.00995 1.99 2.00995 2.00995 2.00995 2.00995 2.00995 2.00995 1.99 2.00995 2.00995 1.99 2.00995 2.00995 2.00995 2.00995 2.00995 2.00995 1.99 2.00995 2.00995 1.99 2.00995 2.00995 2.00995 2.00995 2.00995 2.00995 1.99 2.00995 2.00995 1.99 2.00995 2.00995 2.00995 2.00995 2.00995 2.00995 1.99 2.00995 2.00995 1.99 2.00995 2.00995 2.00995 2.00995 2.00995 2.00995 1.99 2.00995 2.00995 1.99 2.00995 2.00995 2.00995 2.00995 2.00995 2.00995 1.99 2.00995 2.00995 1.99 2.00995 2.00995 2.00995 2.00995 2.00995 2.00995 1.99 2.00995 2.00995 1.99 2.00995 2.00995 2.00995 2.00995 2.00995 2.00995 2.00995 2.00995 2.00995 2.00995 2.00995 2.00995 2.00995 2.00995 2.00995 2.00995 2.00995 2.00995 2.00995 2.00995 2.00995 2.00995 2.00995 2.00995 2.00995 2.00995 2.00995 2.00995 2.00995 2.00995 2.00995 2.00995 2.00995 2.00995 2.00995 2.00995 2.00995 2.00995 2.00995 2.00995 2.00995 2.00995 2.00995 2.00995 2.00995 2.00995 2.00995 2.00995 2.00995 2.00995 2.00995 2.00995 2.00995 2.00995 2.00995 2.00995 2.00995 2.00995 2.00995 2.00995 2.00995 2.00995 2.00995 2.00995 2.00995 2.00995 2.00995 2.00995 2.00995 2.00995 2.00995 2.00995 2.00995 2.00995 2.00995 2.00995 2.00995 2.00995 2.00995 2.00995 2.00995 2.00995 2.00995 2.00995 2.00995 2.00995 2.00995 2.00995 2.00995 2.00995 2.00995 2.00995 2.00995 2.00995 2.00995 2.00995 2.00995 2.00995 2.00995 2.00995 2.00995 2.00995 2.00995 2.00995 2.00995 2.00995 2.00995 2.00995 2.00995 2.00995 2.00995 2.00995 1.99 2.00995 2.00995 2.00995 2.00995 2.00995 2.00995 2.00995 2.00995 2.00995 1.99 2.00995 2.00995 2.00995 2.00995 2.00995 2.00995 2.00995 2.00995 2.00995 1.99 2.00995 2.00995 2.00995 2.00995 2.00995 2.00995 2.00995 2.00995 2.00995 1.99 2.00995 2.00995 2.00995 2.00995 2.00995 2.00995 2.00995 2.00995 2.00995 1.99 2.00995 2.00995 2.00995 2.00995 2.00995 2.00995 2.00995 2.00995 2.00995 1.99 2.00995 2.00995 2.00995 2.00995 2.00995 2.00995 2.00995 2.00995 2.00995 1.99 2.00995 2.00995 2.00995 2.00995 2.00995 2.00995 2.00995 2.00995 2.00995 1.99 2.00995 2.00995 2.00995 2.00995 2.00995 2.00995 2.00995 2.00995 2.00995 1.99 2.00995 2.00995 2.00995 2.00995 2.00995 2.00995 2.00995 2.00995 2.00995 1.99 2.00995 2.00995 2.00995 1.99 2.00995 2.00995 1.99 2.00995 2.00995 2.00995 2.00995 2.00995 2.00995 1.99 2.00995 2.00995 1.99 2.00995 2.00995 2.00995 2.00995 2.00995 2.00995 1.99 2.00995 2.00995 1.99 2.00995 2.00995 2.00995 2.00995 2.00995 2.00995 1.99 2.00995 2.00995 1.99 2.00995 2.00995 2.00995 2.00995 2.00995 2.00995 1.99 2.00995 2.00995 1.99 2.00995 2.00995 2.00995 2.00995 2.00995 2.00995 1.99 2.00995 2.00995 1.99 2.00995 2.00995 2.00995 2.00995 2.00995 2.00995 1.99 2.00995 2.00995 1.99 2.00995 2.00995 2.00995 2.00995 2.00995 2.00995 1.99 2.00995 2.00995 1.99 2.00995 2.00995 2.00995 2.00995 2.00995 2.00995 1.99 2.00995 2.00995 1.99 2.00995 2.00995 2.00995 2.00995 2.00995 2.00995 1.99 2.00995 2.00995 1.99 2.00995 2.00995 2.00995 2.00995 2.00995 2.00995 2.00995 2.00995 2.00995 2.00995 2.00995 2.00995 2.00995 2.00995 2.00995 2.00995 2.00995 2.00995 2.00995 2.00995 2.00995 2.00995 2.00995 2.00995 2.00995 2.00995 2.00995 2.00995 2.00995 2.00995 2.00995 2.00995 2.00995 2.00995 2.00995 2.00995 2.00995 2.00995 2.00995 2.00995 2.00995 2.00995 2.00995 2.00995 2.00995 2.00995 2.00995 2.00995 2.00995 2.00995 2.00995 2.00995 2.00995 2.00995 2.00995 2.00995 2.00995 2.00995 2.00995 2.00995 2.00995 2.00995 2.00995 2.00995 2.00995 2.00995 2.00995 2.00995 2.00995 2.00995 2.00995 2.00995 2.00995 2.00995 2.00995 2.00995 2.00995 2.00995 2.00995 2.00995 2.00995 2.00995 2.00995 2.00995 2.00995 2.00995 2.00995 2.00995 2.00995 2.00995 2.00995 2.00995 2.00995 2.00995 2.00995 2.00995 2.00995 2.00995 2.00995 2.00995 2.00995 2.00995 2.00995 2.00995 2.00995 2.00995 2.00995 2.00995 2.00995 2.00995 2.00995 2.00995 1.99 2.00995 2.00995 2.00995 2.00995 2.00995 2.00995 2.00995 2.00995 2.00995 1.99 2.00995 2.00995 2.00995 2.00995 2.00995 2.00995 2.00995 2.00995 2.00995 1.99 2.00995 2.00995 2.00995 2.00995 2.00995 2.00995 2.00995 2.00995 2.00995 1.99 2.00995 2.00995 2.00995 2.00995 2.00995 2.00995 2.00995 2.00995 2.00995 1.99 2.00995 2.00995 2.00995 2.00995 2.00995 2.00995 2.00995 2.00995 2.00995 1.99 2.00995 2.00995 2.00995 2.00995 2.00995 2.00995 2.00995 2.00995 2.00995 1.99 2.00995 2.00995 2.00995 2.00995 2.00995 2.00995 2.00995 2.00995 2.00995 1.99 2.00995 2.00995 2.00995 2.00995 2.00995 2.00995 2.00995 2.00995 2.00995 1.99 2.00995 2.00995 2.00995 2.00995 2.00995 2.00995 2.00995 2.00995 2.00995 1.99 2.00995 2.00995 2.00995 1.99 2.00995 2.00995 1.99 2.00995 2.00995 2.00995 2.00995 2.00995 2.00995 1.99 2.00995 2.00995 1.99 2.00995 2.00995 2.00995 2.00995 2.00995 2.00995 1.99 2.00995 2.00995 1.99 2.00995 2.00995 2.00995 2.00995 2.00995 2.00995 1.99 2.00995 2.00995 1.99 2.00995 2.00995 2.00995 2.00995 2.00995 2.00995 1.99 2.00995 2.00995 1.99 2.00995 2.00995 2.00995 2.00995 2.00995 2.00995 1.99 2.00995 2.00995 1.99 2.00995 2.00995 2.00995 2.00995 2.00995 2.00995 1.99 2.00995 2.00995 1.99 2.00995 2.00995 2.00995 2.00995 2.00995 2.00995 1.99 2.00995 2.00995 1.99 2.00995 2.00995 2.00995 2.00995 2.00995 2.00995 1.99 2.00995 2.00995 1.99 2.00995 2.00995 2.00995 2.00995 2.00995 2.00995 1.99 2.00995 2.00995 1.99 2.00995 2.00995 2.00995 2.00995 2.00995 2.00995 2.00995 2.00995 2.00995 2.00995 2.00995 2.00995 2.00995 2.00995 2.00995 2.00995 2.00995 2.00995 2.00995 2.00995 2.00995 2.00995 2.00995 2.00995 2.00995 2.00995 2.00995 2.00995 2.00995 2.00995 2.00995 2.00995 2.00995 2.00995 2.00995 2.00995 2.00995 2.00995 2.00995 2.00995 2.00995 2.00995 2.00995 2.00995 2.00995 2.00995 2.00995 2.00995 2.00995 2.00995 2.00995 2.00995 2.00995 2.00995 2.00995 2.00995 2.00995 2.00995 2.00995 2.00995 2.00995 2.00995 2.00995 2.00995 2.00995 2.00995 2.00995 2.00995 2.00995 2.00995 2.00995 2.00995 2.00995 2.00995 2.00995 2.00995 2.00995 2.00995 2.00995 2.00995 2.00995 2.00995 2.00995 2.00995 2.00995 2.00995 2.00995 2.00995 2.00995 2.00995 2.00995 2.00995 2.00995 2.00995 2.00995 2.00995 2.00995 2.00995 2.00995 2.00995 2.00995 2.00995 2.00995 2.00995 2.00995 2.00995 2.00995 2.00995 2.00995 2.00995 2.00995 2.00995 1.99 2.00995 2.00995 2.00995 2.00995 2.00995 2.00995 2.00995 2.00995 2.00995 1.99 2.00995 2.00995 2.00995 2.00995 2.00995 2.00995 2.00995 2.00995 2.00995 1.99 2.00995 2.00995 2.00995 2.00995 2.00995 2.00995 2.00995 2.00995 2.00995 1.99 2.00995 2.00995 2.00995 2.00995 2.00995 2.00995 2.00995 2.00995 2.00995 1.99 2.00995 2.00995 2.00995 2.00995 2.00995 2.00995 2.00995 2.00995 2.00995 1.99 2.00995 2.00995 2.00995 2.00995 2.00995 2.00995 2.00995 2.00995 2.00995 1.99 2.00995 2.00995 2.00995 2.00995 2.00995 2.00995 2.00995 2.00995 2.00995 1.99 2.00995 2.00995 2.00995 2.00995 2.00995 2.00995 2.00995 2.00995 2.00995 1.99 2.00995 2.00995 2.00995 2.00995 2.00995 2.00995 2.00995 2.00995 2.00995 1.99 2.00995 2.00995 2.00995 2.00995 2.00995 2.00995 2.00995 2.00995 2.00995 1.99 2.00995 2.00995 2.00995 2.00995 2.00995 2.00995 2.00995 2.00995 2.00995 1.99 2.00995 2.00995 2.00995 2.00995 2.00995 2.00995 2.00995 2.00995 2.00995 1.99 2.00995 2.00995 2.00995 2.00995 2.00995 2.00995 2.00995 2.00995 2.00995 1.99 2.00995 2.00995 2.00995 2.00995 2.00995 2.00995 2.00995 2.00995 2.00995 1.99 2.00995 2.00995 2.00995 2.00995 2.00995 2.00995 2.00995 2.00995 2.00995 1.99 2.00995 2.00995 2.00995 2.00995 2.00995 2.00995 2.00995 2.00995 2.00995 1.99 2.00995 2.00995 2.00995 2.00995 2.00995 2.00995 2.00995 2.00995 2.00995 1.99 2.00995 2.00995 2.00995 2.00995 2.00995 2.00995 2.00995 2.00995 2.00995 1.99 2.00995 2.00995 2.00995 2.00995 2.00995 2.00995 2.00995 2.00995 2.00995 1.99 2.00995 2.00995 2.00995 1.99 2.00995 2.00995 1.99 2.00995 2.00995 2.00995 2.00995 2.00995 2.00995 1.99 2.00995 2.00995 1.99 2.00995 2.00995 2.00995 2.00995 2.00995 2.00995 1.99 2.00995 2.00995 1.99 2.00995 2.00995 2.00995 2.00995 2.00995 2.00995 1.99 2.00995 2.00995 1.99 2.00995 2.00995 2.00995 2.00995 2.00995 2.00995 1.99 2.00995 2.00995 1.99 2.00995 2.00995 2.00995 2.00995 2.00995 2.00995 1.99 2.00995 2.00995 1.99 2.00995 2.00995 2.00995 2.00995 2.00995 2.00995 1.99 2.00995 2.00995 1.99 2.00995 2.00995 2.00995 2.00995 2.00995 2.00995 1.99 2.00995 2.00995 1.99 2.00995 2.00995 2.00995 2.00995 2.00995 2.00995 1.99 2.00995 2.00995 1.99 2.00995 2.00995 2.00995 2.00995 2.00995 2.00995 1.99 2.00995 2.00995 1.99 2.00995 2.00995 2.00995 2.00995 2.00995 2.00995 2.00995 2.00995 2.00995 2.00995 2.00995 2.00995 2.00995 2.00995 2.00995 2.00995 2.00995 2.00995 2.00995 2.00995 2.00995 2.00995 2.00995 2.00995 2.00995 2.00995 2.00995 2.00995 2.00995 2.00995 2.00995 2.00995 2.00995 2.00995 2.00995 2.00995 2.00995 2.00995 2.00995 2.00995 2.00995 2.00995 2.00995 2.00995 2.00995 2.00995 2.00995 2.00995 2.00995 2.00995 2.00995 2.00995 2.00995 2.00995 2.00995 2.00995 2.00995 2.00995 2.00995 2.00995 2.00995 2.00995 2.00995 2.00995 2.00995 2.00995 2.00995 2.00995 2.00995 2.00995 2.00995 2.00995 2.00995 2.00995 2.00995 2.00995 2.00995 2.00995 2.00995 2.00995 2.00995 2.00995 2.00995 2.00995 2.00995 2.00995 2.00995 2.00995 2.00995 2.00995 2.00995 2.00995 2.00995 2.00995 2.00995 2.00995 2.00995 2.00995 2.00995 2.00995 2.00995 2.00995 2.00995 2.00995 2.00995 2.00995 2.00995 2.00995 2.00995 2.00995 2.00995 2.00995 1.99 2.00995 2.00995 2.00995 2.00995 2.00995 2.00995 2.00995 2.00995 2.00995 1.99 2.00995 2.00995 2.00995 2.00995 2.00995 2.00995 2.00995 2.00995 2.00995 1.99 2.00995 2.00995 2.00995 2.00995 2.00995 2.00995 2.00995 2.00995 2.00995 1.99 2.00995 2.00995 2.00995 2.00995 2.00995 2.00995 2.00995 2.00995 2.00995 1.99 2.00995 2.00995 2.00995 2.00995 2.00995 2.00995 2.00995 2.00995 2.00995 1.99 2.00995 2.00995 2.00995 2.00995 2.00995 2.00995 2.00995 2.00995 2.00995 1.99 2.00995 2.00995 2.00995 2.00995 2.00995 2.00995 2.00995 2.00995 2.00995 1.99 2.00995 2.00995 2.00995 2.00995 2.00995 2.00995 2.00995 2.00995 2.00995 1.99 2.00995 2.00995 2.00995 2.00995 2.00995 2.00995 2.00995 2.00995 2.00995 1.99 2.00995 2.00995 2.00995 1.99 2.00995 2.00995 1.99 2.00995 2.00995 2.00995 2.00995 2.00995 2.00995 1.99 2.00995 2.00995 1.99 2.00995 2.00995 2.00995 2.00995 2.00995 2.00995 1.99 2.00995 2.00995 1.99 2.00995 2.00995 2.00995 2.00995 2.00995 2.00995 1.99 2.00995 2.00995 1.99 2.00995 2.00995 2.00995 2.00995 2.00995 2.00995 1.99 2.00995 2.00995 1.99 2.00995 2.00995 2.00995 2.00995 2.00995 2.00995 1.99 2.00995 2.00995 1.99 2.00995 2.00995 2.00995 2.00995 2.00995 2.00995 1.99 2.00995 2.00995 1.99 2.00995 2.00995 2.00995 2.00995 2.00995 2.00995 1.99 2.00995 2.00995 1.99 2.00995 2.00995 2.00995 2.00995 2.00995 2.00995 1.99 2.00995 2.00995 1.99 2.00995 2.00995 2.00995 2.00995 2.00995 2.00995 1.99 2.00995 2.00995 1.99 2.00995 2.00995 2.00995 2.00995 2.00995 2.00995 2.00995 2.00995 2.00995 2.00995 2.00995 2.00995 2.00995 2.00995 2.00995 2.00995 2.00995 2.00995 2.00995 2.00995 2.00995 2.00995 2.00995 2.00995 2.00995 2.00995 2.00995 2.00995 2.00995 2.00995 2.00995 2.00995 2.00995 2.00995 2.00995 2.00995 2.00995 2.00995 2.00995 2.00995 2.00995 2.00995 2.00995 2.00995 2.00995 2.00995 2.00995 2.00995 2.00995 2.00995 2.00995 2.00995 2.00995 2.00995 2.00995 2.00995 2.00995 2.00995 2.00995 2.00995 2.00995 2.00995 2.00995 2.00995 2.00995 2.00995 2.00995 2.00995 2.00995 2.00995 2.00995 2.00995 2.00995 2.00995 2.00995 2.00995 2.00995 2.00995 2.00995 2.00995 2.00995 2.00995 2.00995 2.00995 2.00995 2.00995 2.00995 2.00995 2.00995 2.00995 2.00995 2.00995 2.00995 2.00995 2.00995 2.00995 2.00995 2.00995 2.00995 2.00995 2.00995 2.00995 2.00995 2.00995 2.00995 2.00995 2.00995 2.00995 2.00995 2.00995 2.00995 2.00995 1.99 2.00995 2.00995 2.00995 2.00995 2.00995 2.00995 2.00995 2.00995 2.00995 1.99 2.00995 2.00995 2.00995 2.00995 2.00995 2.00995 2.00995 2.00995 2.00995 1.99 2.00995 2.00995 2.00995 2.00995 2.00995 2.00995 2.00995 2.00995 2.00995 1.99 2.00995 2.00995 2.00995 2.00995 2.00995 2.00995 2.00995 2.00995 2.00995 1.99 2.00995 2.00995 2.00995 2.00995 2.00995 2.00995 2.00995 2.00995 2.00995 1.99 2.00995 2.00995 2.00995 2.00995 2.00995 2.00995 2.00995 2.00995 2.00995 1.99 2.00995 2.00995 2.00995 2.00995 2.00995 2.00995 2.00995 2.00995 2.00995 1.99 2.00995 2.00995 2.00995 2.00995 2.00995 2.00995 2.00995 2.00995 2.00995 1.99 2.00995 2.00995 2.00995 2.00995 2.00995 2.00995 2.00995 2.00995 2.00995 1.99 2.00995 2.00995 2.00995 1.99 2.00995 2.00995 1.99 2.00995 2.00995 2.00995 2.00995 2.00995 2.00995 1.99 2.00995 2.00995 1.99 2.00995 2.00995 2.00995 2.00995 2.00995 2.00995 1.99 2.00995 2.00995 1.99 2.00995 2.00995 2.00995 2.00995 2.00995 2.00995 1.99 2.00995 2.00995 1.99 2.00995 2.00995 2.00995 2.00995 2.00995 2.00995 1.99 2.00995 2.00995 1.99 2.00995 2.00995 2.00995 2.00995 2.00995 2.00995 1.99 2.00995 2.00995 1.99 2.00995 2.00995 2.00995 2.00995 2.00995 2.00995 1.99 2.00995 2.00995 1.99 2.00995 2.00995 2.00995 2.00995 2.00995 2.00995 1.99 2.00995 2.00995 1.99 2.00995 2.00995 2.00995 2.00995 2.00995 2.00995 1.99 2.00995 2.00995 1.99 2.00995 2.00995 2.00995 2.00995 2.00995 2.00995 1.99 2.00995 2.00995 1.99 2.00995 2.00995 2.00995 2.00995 2.00995 2.00995 2.00995 2.00995 2.00995 2.00995 2.00995 2.00995 2.00995 2.00995 2.00995 2.00995 2.00995 2.00995 2.00995 2.00995 2.00995 2.00995 2.00995 2.00995 2.00995 2.00995 2.00995 2.00995 2.00995 2.00995 2.00995 2.00995 2.00995 2.00995 2.00995 2.00995 2.00995 2.00995 2.00995 2.00995 2.00995 2.00995 2.00995 2.00995 2.00995 2.00995 2.00995 2.00995 2.00995 2.00995 2.00995 2.00995 2.00995 2.00995 2.00995 2.00995 2.00995 2.00995 2.00995 2.00995 2.00995 2.00995 2.00995 2.00995 2.00995 2.00995 2.00995 2.00995 2.00995 2.00995 2.00995 2.00995 2.00995 2.00995 2.00995 2.00995 2.00995 2.00995 2.00995 2.00995 2.00995 2.00995 2.00995 2.00995 2.00995 2.00995 2.00995 2.00995 2.00995 2.00995 2.00995 2.00995 2.00995 2.00995 2.00995 2.00995 2.00995 2.00995 2.00995 2.00995 2.00995 2.00995 2.00995 2.00995 2.00995 2.00995 2.00995 2.00995 2.00995 2.00995 2.00995 2.00995 1.99 2.00995 2.00995 2.00995 2.00995 2.00995 2.00995 2.00995 2.00995 2.00995 1.99 2.00995 2.00995 2.00995 2.00995 2.00995 2.00995 2.00995 2.00995 2.00995 1.99 2.00995 2.00995 2.00995 2.00995 2.00995 2.00995 2.00995 2.00995 2.00995 1.99 2.00995 2.00995 2.00995 2.00995 2.00995 2.00995 2.00995 2.00995 2.00995 1.99 2.00995 2.00995 2.00995 2.00995 2.00995 2.00995 2.00995 2.00995 2.00995 1.99 2.00995 2.00995 2.00995 2.00995 2.00995 2.00995 2.00995 2.00995 2.00995 1.99 2.00995 2.00995 2.00995 2.00995 2.00995 2.00995 2.00995 2.00995 2.00995 1.99 2.00995 2.00995 2.00995 2.00995 2.00995 2.00995 2.00995 2.00995 2.00995 1.99 2.00995 2.00995 2.00995 2.00995 2.00995 2.00995 2.00995 2.00995 2.00995 1.99 2.00995 2.00995 2.00995 2.00995 2.00995 2.00995 2.00995 2.00995 2.00995 1.99 2.00995 2.00995 2.00995 2.00995 2.00995 2.00995 2.00995 2.00995 2.00995 1.99 2.00995 2.00995 2.00995 2.00995 2.00995 2.00995 2.00995 2.00995 2.00995 1.99 2.00995 2.00995 2.00995 2.00995 2.00995 2.00995 2.00995 2.00995 2.00995 1.99 2.00995 2.00995 2.00995 2.00995 2.00995 2.00995 2.00995 2.00995 2.00995 1.99 2.00995 2.00995 2.00995 2.00995 2.00995 2.00995 2.00995 2.00995 2.00995 1.99 2.00995 2.00995 2.00995 2.00995 2.00995 2.00995 2.00995 2.00995 2.00995 1.99 2.00995 2.00995 2.00995 2.00995 2.00995 2.00995 2.00995 2.00995 2.00995 1.99 2.00995 2.00995 2.00995 2.00995 2.00995 2.00995 2.00995 2.00995 2.00995 1.99 2.00995 2.00995 2.00995 2.00995 2.00995 2.00995 2.00995 2.00995 2.00995 1.99 2.00995 2.00995 2.00995 1.99 2.00995 2.00995 1.99 2.00995 2.00995 2.00995 2.00995 2.00995 2.00995 1.99 2.00995 2.00995 1.99 2.00995 2.00995 2.00995 2.00995 2.00995 2.00995 1.99 2.00995 2.00995 1.99 2.00995 2.00995 2.00995 2.00995 2.00995 2.00995 1.99 2.00995 2.00995 1.99 2.00995 2.00995 2.00995 2.00995 2.00995 2.00995 1.99 2.00995 2.00995 1.99 2.00995 2.00995 2.00995 2.00995 2.00995 2.00995 1.99 2.00995 2.00995 1.99 2.00995 2.00995 2.00995 2.00995 2.00995 2.00995 1.99 2.00995 2.00995 1.99 2.00995 2.00995 2.00995 2.00995 2.00995 2.00995 1.99 2.00995 2.00995 1.99 2.00995 2.00995 2.00995 2.00995 2.00995 2.00995 1.99 2.00995 2.00995 1.99 2.00995 2.00995 2.00995 2.00995 2.00995 2.00995 1.99 2.00995 2.00995 1.99 2.00995 2.00995 2.00995 2.00995 2.00995 2.00995 2.00995 2.00995 2.00995 2.00995 2.00995 2.00995 2.00995 2.00995 2.00995 2.00995 2.00995 2.00995 2.00995 2.00995 2.00995 2.00995 2.00995 2.00995 2.00995 2.00995 2.00995 2.00995 2.00995 2.00995 2.00995 2.00995 2.00995 2.00995 2.00995 2.00995 2.00995 2.00995 2.00995 2.00995 2.00995 2.00995 2.00995 2.00995 2.00995 2.00995 2.00995 2.00995 2.00995 2.00995 2.00995 2.00995 2.00995 2.00995 2.00995 2.00995 2.00995 2.00995 2.00995 2.00995 2.00995 2.00995 2.00995 2.00995 2.00995 2.00995 2.00995 2.00995 2.00995 2.00995 2.00995 2.00995 2.00995 2.00995 2.00995 2.00995 2.00995 2.00995 2.00995 2.00995 2.00995 2.00995 2.00995 2.00995 2.00995 2.00995 2.00995 2.00995 2.00995 2.00995 2.00995 2.00995 2.00995 2.00995 2.00995 2.00995 2.00995 2.00995 2.00995 2.00995 2.00995 2.00995 2.00995 2.00995 2.00995 2.00995 2.00995 2.00995 2.00995 2.00995 2.00995 2.00995 1.99 2.00995 2.00995 2.00995 2.00995 2.00995 2.00995 2.00995 2.00995 2.00995 1.99 2.00995 2.00995 2.00995 2.00995 2.00995 2.00995 2.00995 2.00995 2.00995 1.99 2.00995 2.00995 2.00995 2.00995 2.00995 2.00995 2.00995 2.00995 2.00995 1.99 2.00995 2.00995 2.00995 2.00995 2.00995 2.00995 2.00995 2.00995 2.00995 1.99 2.00995 2.00995 2.00995 2.00995 2.00995 2.00995 2.00995 2.00995 2.00995 1.99 2.00995 2.00995 2.00995 2.00995 2.00995 2.00995 2.00995 2.00995 2.00995 1.99 2.00995 2.00995 2.00995 2.00995 2.00995 2.00995 2.00995 2.00995 2.00995 1.99 2.00995 2.00995 2.00995 2.00995 2.00995 2.00995 2.00995 2.00995 2.00995 1.99 2.00995 2.00995 2.00995 2.00995 2.00995 2.00995 2.00995 2.00995 2.00995 1.99 2.00995 2.00995 2.00995 1.99 2.00995 2.00995 1.99 2.00995 2.00995 2.00995 2.00995 2.00995 2.00995 1.99 2.00995 2.00995 1.99 2.00995 2.00995 2.00995 2.00995 2.00995 2.00995 1.99 2.00995 2.00995 1.99 2.00995 2.00995 2.00995 2.00995 2.00995 2.00995 1.99 2.00995 2.00995 1.99 2.00995 2.00995 2.00995 2.00995 2.00995 2.00995 1.99 2.00995 2.00995 1.99 2.00995 2.00995 2.00995 2.00995 2.00995 2.00995 1.99 2.00995 2.00995 1.99 2.00995 2.00995 2.00995 2.00995 2.00995 2.00995 1.99 2.00995 2.00995 1.99 2.00995 2.00995 2.00995 2.00995 2.00995 2.00995 1.99 2.00995 2.00995 1.99 2.00995 2.00995 2.00995 2.00995 2.00995 2.00995 1.99 2.00995 2.00995 1.99 2.00995 2.00995 2.00995 2.00995 2.00995 2.00995 1.99 2.00995 2.00995 1.99 2.00995 2.00995 2.00995 2.00995 2.00995 2.00995 2.00995 2.00995 2.00995 2.00995 2.00995 2.00995 2.00995 2.00995 2.00995 2.00995 2.00995 2.00995 2.00995 2.00995 2.00995 2.00995 2.00995 2.00995 2.00995 2.00995 2.00995 2.00995 2.00995 2.00995 2.00995 2.00995 2.00995 2.00995 2.00995 2.00995 2.00995 2.00995 2.00995 2.00995 2.00995 2.00995 2.00995 2.00995 2.00995 2.00995 2.00995 2.00995 2.00995 2.00995 2.00995 2.00995 2.00995 2.00995 2.00995 2.00995 2.00995 2.00995 2.00995 2.00995 2.00995 2.00995 2.00995 2.00995 2.00995 2.00995 2.00995 2.00995 2.00995 2.00995 2.00995 2.00995 2.00995 2.00995 2.00995 2.00995 2.00995 2.00995 2.00995 2.00995 2.00995 2.00995 2.00995 2.00995 2.00995 2.00995 2.00995 2.00995 2.00995 2.00995 2.00995 2.00995 2.00995 2.00995 2.00995 2.00995 2.00995 2.00995 2.00995 2.00995 2.00995 2.00995 2.00995 2.00995 2.00995 2.00995 2.00995 2.00995 2.00995 2.00995 2.00995 2.00995 1.99 2.00995 2.00995 2.00995 2.00995 2.00995 2.00995 2.00995 2.00995 2.00995 1.99 2.00995 2.00995 2.00995 2.00995 2.00995 2.00995 2.00995 2.00995 2.00995 1.99 2.00995 2.00995 2.00995 2.00995 2.00995 2.00995 2.00995 2.00995 2.00995 1.99 2.00995 2.00995 2.00995 2.00995 2.00995 2.00995 2.00995 2.00995 2.00995 1.99 2.00995 2.00995 2.00995 2.00995 2.00995 2.00995 2.00995 2.00995 2.00995 1.99 2.00995 2.00995 2.00995 2.00995 2.00995 2.00995 2.00995 2.00995 2.00995 1.99 2.00995 2.00995 2.00995 2.00995 2.00995 2.00995 2.00995 2.00995 2.00995 1.99 2.00995 2.00995 2.00995 2.00995 2.00995 2.00995 2.00995 2.00995 2.00995 1.99 2.00995 2.00995 2.00995 2.00995 2.00995 2.00995 2.00995 2.00995 2.00995 1.99 2.00995 2.00995 2.00995 1.99 2.00995 2.00995 1.99 2.00995 2.00995 2.00995 2.00995 2.00995 2.00995 1.99 2.00995 2.00995 1.99 2.00995 2.00995 2.00995 2.00995 2.00995 2.00995 1.99 2.00995 2.00995 1.99 2.00995 2.00995 2.00995 2.00995 2.00995 2.00995 1.99 2.00995 2.00995 1.99 2.00995 2.00995 2.00995 2.00995 2.00995 2.00995 1.99 2.00995 2.00995 1.99 2.00995 2.00995 2.00995 2.00995 2.00995 2.00995 1.99 2.00995 2.00995 1.99 2.00995 2.00995 2.00995 2.00995 2.00995 2.00995 1.99 2.00995 2.00995 1.99 2.00995 2.00995 2.00995 2.00995 2.00995 2.00995 1.99 2.00995 2.00995 1.99 2.00995 2.00995 2.00995 2.00995 2.00995 2.00995 1.99 2.00995 2.00995 1.99 2.00995 2.00995 2.00995 2.00995 2.00995 2.00995 1.99 2.00995 2.00995 1.99 2.00995 2.00995 2.00995 2.00995 2.00995 2.00995 2.00995 2.00995 2.00995 2.00995 2.00995 2.00995 2.00995 2.00995 2.00995 2.00995 2.00995 2.00995 2.00995 2.00995 2.00995 2.00995 2.00995 2.00995 2.00995 2.00995 2.00995 2.00995 2.00995 2.00995 2.00995 2.00995 2.00995 2.00995 2.00995 2.00995 2.00995 2.00995 2.00995 2.00995 2.00995 2.00995 2.00995 2.00995 2.00995 2.00995 2.00995 2.00995 2.00995 2.00995 2.00995 2.00995 2.00995 2.00995 2.00995 2.00995 2.00995 2.00995 2.00995 2.00995 2.00995 2.00995 2.00995 2.00995 2.00995 2.00995 2.00995 2.00995 2.00995 2.00995 2.00995 2.00995 2.00995 2.00995 2.00995 2.00995 2.00995 2.00995 2.00995 2.00995 2.00995 2.00995 2.00995 2.00995 2.00995 2.00995 2.00995 2.00995 2.00995 2.00995 2.00995 2.00995 2.00995 2.00995 2.00995 2.00995 2.00995 2.00995 2.00995 2.00995 2.00995 2.00995 2.00995 2.00995 2.00995 2.00995 2.00995 2.00995 2.00995 2.00995 2.00995 2.00995 1.99 2.00995 2.00995 2.00995 2.00995 2.00995 2.00995 2.00995 2.00995 2.00995 1.99 2.00995 2.00995 2.00995 2.00995 2.00995 2.00995 2.00995 2.00995 2.00995 1.99 2.00995 2.00995 2.00995 2.00995 2.00995 2.00995 2.00995 2.00995 2.00995 1.99 2.00995 2.00995 2.00995 2.00995 2.00995 2.00995 2.00995 2.00995 2.00995 1.99 2.00995 2.00995 2.00995 2.00995 2.00995 2.00995 2.00995 2.00995 2.00995 1.99 2.00995 2.00995 2.00995 2.00995 2.00995 2.00995 2.00995 2.00995 2.00995 1.99 2.00995 2.00995 2.00995 2.00995 2.00995 2.00995 2.00995 2.00995 2.00995 1.99 2.00995 2.00995 2.00995 2.00995 2.00995 2.00995 2.00995 2.00995 2.00995 1.99 2.00995 2.00995 2.00995 2.00995 2.00995 2.00995 2.00995 2.00995 2.00995 1.99 2.00995 2.00995 2.00995 2.00995 2.00995 2.00995 2.00995 2.00995 2.00995 1.99 2.00995 2.00995 2.00995 2.00995 2.00995 2.00995 2.00995 2.00995 2.00995 1.99 2.00995 2.00995 2.00995 2.00995 2.00995 2.00995 2.00995 2.00995 2.00995 1.99 2.00995 2.00995 2.00995 2.00995 2.00995 2.00995 2.00995 2.00995 2.00995 1.99 2.00995 2.00995 2.00995 2.00995 2.00995 2.00995 2.00995 2.00995 2.00995 1.99 2.00995 2.00995 2.00995 2.00995 2.00995 2.00995 2.00995 2.00995 2.00995 1.99 2.00995 2.00995 2.00995 2.00995 2.00995 2.00995 2.00995 2.00995 2.00995 1.99 2.00995 2.00995 2.00995 2.00995 2.00995 2.00995 2.00995 2.00995 2.00995 1.99 2.00995 2.00995 2.00995 2.00995 2.00995 2.00995 2.00995 2.00995 2.00995 1.99 2.00995 2.00995 2.00995 2.00995 2.00995 2.00995 2.00995 2.00995 2.00995 1.99 2.00995 2.00995 2.00995 1.99 2.00995 2.00995 1.99 2.00995 2.00995 2.00995 2.00995 2.00995 2.00995 1.99 2.00995 2.00995 1.99 2.00995 2.00995 2.00995 2.00995 2.00995 2.00995 1.99 2.00995 2.00995 1.99 2.00995 2.00995 2.00995 2.00995 2.00995 2.00995 1.99 2.00995 2.00995 1.99 2.00995 2.00995 2.00995 2.00995 2.00995 2.00995 1.99 2.00995 2.00995 1.99 2.00995 2.00995 2.00995 2.00995 2.00995 2.00995 1.99 2.00995 2.00995 1.99 2.00995 2.00995 2.00995 2.00995 2.00995 2.00995 1.99 2.00995 2.00995 1.99 2.00995 2.00995 2.00995 2.00995 2.00995 2.00995 1.99 2.00995 2.00995 1.99 2.00995 2.00995 2.00995 2.00995 2.00995 2.00995 1.99 2.00995 2.00995 1.99 2.00995 2.00995 2.00995 2.00995 2.00995 2.00995 1.99 2.00995 2.00995 1.99 2.00995 2.00995 2.00995 2.00995 2.00995 2.00995 2.00995 2.00995 2.00995 2.00995 2.00995 2.00995 2.00995 2.00995 2.00995 2.00995 2.00995 2.00995 2.00995 2.00995 2.00995 2.00995 2.00995 2.00995 2.00995 2.00995 2.00995 2.00995 2.00995 2.00995 2.00995 2.00995 2.00995 2.00995 2.00995 2.00995 2.00995 2.00995 2.00995 2.00995 2.00995 2.00995 2.00995 2.00995 2.00995 2.00995 2.00995 2.00995 2.00995 2.00995 2.00995 2.00995 2.00995 2.00995 2.00995 2.00995 2.00995 2.00995 2.00995 2.00995 2.00995 2.00995 2.00995 2.00995 2.00995 2.00995 2.00995 2.00995 2.00995 2.00995 2.00995 2.00995 2.00995 2.00995 2.00995 2.00995 2.00995 2.00995 2.00995 2.00995 2.00995 2.00995 2.00995 2.00995 2.00995 2.00995 2.00995 2.00995 2.00995 2.00995 2.00995 2.00995 2.00995 2.00995 2.00995 2.00995 2.00995 2.00995 2.00995 2.00995 2.00995 2.00995 2.00995 2.00995 2.00995 2.00995 2.00995 2.00995 2.00995 2.00995 2.00995 2.00995 1.99 2.00995 2.00995 2.00995 2.00995 2.00995 2.00995 2.00995 2.00995 2.00995 1.99 2.00995 2.00995 2.00995 2.00995 2.00995 2.00995 2.00995 2.00995 2.00995 1.99 2.00995 2.00995 2.00995 2.00995 2.00995 2.00995 2.00995 2.00995 2.00995 1.99 2.00995 2.00995 2.00995 2.00995 2.00995 2.00995 2.00995 2.00995 2.00995 1.99 2.00995 2.00995 2.00995 2.00995 2.00995 2.00995 2.00995 2.00995 2.00995 1.99 2.00995 2.00995 2.00995 2.00995 2.00995 2.00995 2.00995 2.00995 2.00995 1.99 2.00995 2.00995 2.00995 2.00995 2.00995 2.00995 2.00995 2.00995 2.00995 1.99 2.00995 2.00995 2.00995 2.00995 2.00995 2.00995 2.00995 2.00995 2.00995 1.99 2.00995 2.00995 2.00995 2.00995 2.00995 2.00995 2.00995 2.00995 2.00995 1.99 2.00995 2.00995 2.00995 1.99 2.00995 2.00995 1.99 2.00995 2.00995 2.00995 2.00995 2.00995 2.00995 1.99 2.00995 2.00995 1.99 2.00995 2.00995 2.00995 2.00995 2.00995 2.00995 1.99 2.00995 2.00995 1.99 2.00995 2.00995 2.00995 2.00995 2.00995 2.00995 1.99 2.00995 2.00995 1.99 2.00995 2.00995 2.00995 2.00995 2.00995 2.00995 1.99 2.00995 2.00995 1.99 2.00995 2.00995 2.00995 2.00995 2.00995 2.00995 1.99 2.00995 2.00995 1.99 2.00995 2.00995 2.00995 2.00995 2.00995 2.00995 1.99 2.00995 2.00995 1.99 2.00995 2.00995 2.00995 2.00995 2.00995 2.00995 1.99 2.00995 2.00995 1.99 2.00995 2.00995 2.00995 2.00995 2.00995 2.00995 1.99 2.00995 2.00995 1.99 2.00995 2.00995 2.00995 2.00995 2.00995 2.00995 1.99 2.00995 2.00995 1.99 2.00995 2.00995 2.00995 2.00995 2.00995 2.00995 2.00995 2.00995 2.00995 2.00995 2.00995 2.00995 2.00995 2.00995 2.00995 2.00995 2.00995 2.00995 2.00995 2.00995 2.00995 2.00995 2.00995 2.00995 2.00995 2.00995 2.00995 2.00995 2.00995 2.00995 2.00995 2.00995 2.00995 2.00995 2.00995 2.00995 2.00995 2.00995 2.00995 2.00995 2.00995 2.00995 2.00995 2.00995 2.00995 2.00995 2.00995 2.00995 2.00995 2.00995 2.00995 2.00995 2.00995 2.00995 2.00995 2.00995 2.00995 2.00995 2.00995 2.00995 2.00995 2.00995 2.00995 2.00995 2.00995 2.00995 2.00995 2.00995 2.00995 2.00995 2.00995 2.00995 2.00995 2.00995 2.00995 2.00995 2.00995 2.00995 2.00995 2.00995 2.00995 2.00995 2.00995 2.00995 2.00995 2.00995 2.00995 2.00995 2.00995 2.00995 2.00995 2.00995 2.00995 2.00995 2.00995 2.00995 2.00995 2.00995 2.00995 2.00995 2.00995 2.00995 2.00995 2.00995 2.00995 2.00995 2.00995 2.00995 2.00995 2.00995 2.00995 2.00995 1.99 2.00995 2.00995 2.00995 2.00995 2.00995 2.00995 2.00995 2.00995 2.00995 1.99 2.00995 2.00995 2.00995 2.00995 2.00995 2.00995 2.00995 2.00995 2.00995 1.99 2.00995 2.00995 2.00995 2.00995 2.00995 2.00995 2.00995 2.00995 2.00995 1.99 2.00995 2.00995 2.00995 2.00995 2.00995 2.00995 2.00995 2.00995 2.00995 1.99 2.00995 2.00995 2.00995 2.00995 2.00995 2.00995 2.00995 2.00995 2.00995 1.99 2.00995 2.00995 2.00995 2.00995 2.00995 2.00995 2.00995 2.00995 2.00995 1.99 2.00995 2.00995 2.00995 2.00995 2.00995 2.00995 2.00995 2.00995 2.00995 1.99 2.00995 2.00995 2.00995 2.00995 2.00995 2.00995 2.00995 2.00995 2.00995 1.99 2.00995 2.00995 2.00995 2.00995 2.00995 2.00995 2.00995 2.00995 2.00995 1.99 2.00995 2.00995 2.00995 1.99 2.00995 2.00995 1.99 2.00995 2.00995 2.00995 2.00995 2.00995 2.00995 1.99 2.00995 2.00995 1.99 2.00995 2.00995 2.00995 2.00995 2.00995 2.00995 1.99 2.00995 2.00995 1.99 2.00995 2.00995 2.00995 2.00995 2.00995 2.00995 1.99 2.00995 2.00995 1.99 2.00995 2.00995 2.00995 2.00995 2.00995 2.00995 1.99 2.00995 2.00995 1.99 2.00995 2.00995 2.00995 2.00995 2.00995 2.00995 1.99 2.00995 2.00995 1.99 2.00995 2.00995 2.00995 2.00995 2.00995 2.00995 1.99 2.00995 2.00995 1.99 2.00995 2.00995 2.00995 2.00995 2.00995 2.00995 1.99 2.00995 2.00995 1.99 2.00995 2.00995 2.00995 2.00995 2.00995 2.00995 1.99 2.00995 2.00995 1.99 2.00995 2.00995 2.00995 2.00995 2.00995 2.00995 1.99 2.00995 2.00995 1.99 2.00995 2.00995 2.00995 2.00995 2.00995 2.00995 2.00995 2.00995 2.00995 2.00995 2.00995 2.00995 2.00995 2.00995 2.00995 2.00995 2.00995 2.00995 2.00995 2.00995 2.00995 2.00995 2.00995 2.00995 2.00995 2.00995 2.00995 2.00995 2.00995 2.00995 2.00995 2.00995 2.00995 2.00995 2.00995 2.00995 2.00995 2.00995 2.00995 2.00995 2.00995 2.00995 2.00995 2.00995 2.00995 2.00995 2.00995 2.00995 2.00995 2.00995 2.00995 2.00995 2.00995 2.00995 2.00995 2.00995 2.00995 2.00995 2.00995 2.00995 2.00995 2.00995 2.00995 2.00995 2.00995 2.00995 2.00995 2.00995 2.00995 2.00995 2.00995 2.00995 2.00995 2.00995 2.00995 2.00995 2.00995 2.00995 2.00995 2.00995 2.00995 2.00995 2.00995 2.00995 2.00995 2.00995 2.00995 2.00995 2.00995 2.00995 2.00995 2.00995 2.00995 2.00995 2.00995 2.00995 2.00995 2.00995 2.00995 2.00995 2.00995 2.00995 2.00995 2.00995 2.00995 2.00995 2.00995 2.00995 2.00995 2.00995 2.00995 2.00995 1.99 2.00995 2.00995 2.00995 2.00995 2.00995 2.00995 2.00995 2.00995 2.00995 1.99 2.00995 2.00995 2.00995 2.00995 2.00995 2.00995 2.00995 2.00995 2.00995 1.99 2.00995 2.00995 2.00995 2.00995 2.00995 2.00995 2.00995 2.00995 2.00995 1.99 2.00995 2.00995 2.00995 2.00995 2.00995 2.00995 2.00995 2.00995 2.00995 1.99 2.00995 2.00995 2.00995 2.00995 2.00995 2.00995 2.00995 2.00995 2.00995 1.99 2.00995 2.00995 2.00995 2.00995 2.00995 2.00995 2.00995 2.00995 2.00995 1.99 2.00995 2.00995 2.00995 2.00995 2.00995 2.00995 2.00995 2.00995 2.00995 1.99 2.00995 2.00995 2.00995 2.00995 2.00995 2.00995 2.00995 2.00995 2.00995 1.99 2.00995 2.00995 2.00995 2.00995 2.00995 2.00995 2.00995 2.00995 2.00995 1.99 2.00995 2.00995 2.00995 2.00995 2.00995 2.00995 2.00995 2.00995 2.00995 1.99 2.00995 2.00995 2.00995 2.00995 2.00995 2.00995 2.00995 2.00995 2.00995 1.99 2.00995 2.00995 2.00995 2.00995 2.00995 2.00995 2.00995 2.00995 2.00995 1.99 2.00995 2.00995 2.00995 2.00995 2.00995 2.00995 2.00995 2.00995 2.00995 1.99 2.00995 2.00995 2.00995 2.00995 2.00995 2.00995 2.00995 2.00995 2.00995 1.99 2.00995 2.00995 2.00995 2.00995 2.00995 2.00995 2.00995 2.00995 2.00995 1.99 2.00995 2.00995 2.00995 2.00995 2.00995 2.00995 2.00995 2.00995 2.00995 1.99 2.00995 2.00995 2.00995 2.00995 2.00995 2.00995 2.00995 2.00995 2.00995 1.99 2.00995 2.00995 2.00995 2.00995 2.00995 2.00995 2.00995 2.00995 2.00995 1.99 2.00995 2.00995 2.00995 2.00995 2.00995 2.00995 2.00995 2.00995 2.00995 1.99 2.00995 2.00995 2.00995 1.99 2.00995 2.00995 1.99 2.00995 2.00995 2.00995 2.00995 2.00995 2.00995 1.99 2.00995 2.00995 1.99 2.00995 2.00995 2.00995 2.00995 2.00995 2.00995 1.99 2.00995 2.00995 1.99 2.00995 2.00995 2.00995 2.00995 2.00995 2.00995 1.99 2.00995 2.00995 1.99 2.00995 2.00995 2.00995 2.00995 2.00995 2.00995 1.99 2.00995 2.00995 1.99 2.00995 2.00995 2.00995 2.00995 2.00995 2.00995 1.99 2.00995 2.00995 1.99 2.00995 2.00995 2.00995 2.00995 2.00995 2.00995 1.99 2.00995 2.00995 1.99 2.00995 2.00995 2.00995 2.00995 2.00995 2.00995 1.99 2.00995 2.00995 1.99 2.00995 2.00995 2.00995 2.00995 2.00995 2.00995 1.99 2.00995 2.00995 1.99 2.00995 2.00995 2.00995 2.00995 2.00995 2.00995 1.99 2.00995 2.00995 1.99 2.00995 2.00995 2.00995 2.00995 2.00995 2.00995 2.00995 2.00995 2.00995 2.00995 2.00995 2.00995 2.00995 2.00995 2.00995 2.00995 2.00995 2.00995 2.00995 2.00995 2.00995 2.00995 2.00995 2.00995 2.00995 2.00995 2.00995 2.00995 2.00995 2.00995 2.00995 2.00995 2.00995 2.00995 2.00995 2.00995 2.00995 2.00995 2.00995 2.00995 2.00995 2.00995 2.00995 2.00995 2.00995 2.00995 2.00995 2.00995 2.00995 2.00995 2.00995 2.00995 2.00995 2.00995 2.00995 2.00995 2.00995 2.00995 2.00995 2.00995 2.00995 2.00995 2.00995 2.00995 2.00995 2.00995 2.00995 2.00995 2.00995 2.00995 2.00995 2.00995 2.00995 2.00995 2.00995 2.00995 2.00995 2.00995 2.00995 2.00995 2.00995 2.00995 2.00995 2.00995 2.00995 2.00995 2.00995 2.00995 2.00995 2.00995 2.00995 2.00995 2.00995 2.00995 2.00995 2.00995 2.00995 2.00995 2.00995 2.00995 2.00995 2.00995 2.00995 2.00995 2.00995 2.00995 2.00995 2.00995 2.00995 2.00995 2.00995 2.00995 1.99 2.00995 2.00995 2.00995 2.00995 2.00995 2.00995 2.00995 2.00995 2.00995 1.99 2.00995 2.00995 2.00995 2.00995 2.00995 2.00995 2.00995 2.00995 2.00995 1.99 2.00995 2.00995 2.00995 2.00995 2.00995 2.00995 2.00995 2.00995 2.00995 1.99 2.00995 2.00995 2.00995 2.00995 2.00995 2.00995 2.00995 2.00995 2.00995 1.99 2.00995 2.00995 2.00995 2.00995 2.00995 2.00995 2.00995 2.00995 2.00995 1.99 2.00995 2.00995 2.00995 2.00995 2.00995 2.00995 2.00995 2.00995 2.00995 1.99 2.00995 2.00995 2.00995 2.00995 2.00995 2.00995 2.00995 2.00995 2.00995 1.99 2.00995 2.00995 2.00995 2.00995 2.00995 2.00995 2.00995 2.00995 2.00995 1.99 2.00995 2.00995 2.00995 2.00995 2.00995 2.00995 2.00995 2.00995 2.00995 1.99 2.00995 2.00995 2.00995 1.99 2.00995 2.00995 1.99 2.00995 2.00995 2.00995 2.00995 2.00995 2.00995 1.99 2.00995 2.00995 1.99 2.00995 2.00995 2.00995 2.00995 2.00995 2.00995 1.99 2.00995 2.00995 1.99 2.00995 2.00995 2.00995 2.00995 2.00995 2.00995 1.99 2.00995 2.00995 1.99 2.00995 2.00995 2.00995 2.00995 2.00995 2.00995 1.99 2.00995 2.00995 1.99 2.00995 2.00995 2.00995 2.00995 2.00995 2.00995 1.99 2.00995 2.00995 1.99 2.00995 2.00995 2.00995 2.00995 2.00995 2.00995 1.99 2.00995 2.00995 1.99 2.00995 2.00995 2.00995 2.00995 2.00995 2.00995 1.99 2.00995 2.00995 1.99 2.00995 2.00995 2.00995 2.00995 2.00995 2.00995 1.99 2.00995 2.00995 1.99 2.00995 2.00995 2.00995 2.00995 2.00995 2.00995 1.99 2.00995 2.00995 1.99 2.00995 2.00995 2.00995 2.00995 2.00995 2.00995 2.00995 2.00995 2.00995 2.00995 2.00995 2.00995 2.00995 2.00995 2.00995 2.00995 2.00995 2.00995 2.00995 2.00995 2.00995 2.00995 2.00995 2.00995 2.00995 2.00995 2.00995 2.00995 2.00995 2.00995 2.00995 2.00995 2.00995 2.00995 2.00995 2.00995 2.00995 2.00995 2.00995 2.00995 2.00995 2.00995 2.00995 2.00995 2.00995 2.00995 2.00995 2.00995 2.00995 2.00995 2.00995 2.00995 2.00995 2.00995 2.00995 2.00995 2.00995 2.00995 2.00995 2.00995 2.00995 2.00995 2.00995 2.00995 2.00995 2.00995 2.00995 2.00995 2.00995 2.00995 2.00995 2.00995 2.00995 2.00995 2.00995 2.00995 2.00995 2.00995 2.00995 2.00995 2.00995 2.00995 2.00995 2.00995 2.00995 2.00995 2.00995 2.00995 2.00995 2.00995 2.00995 2.00995 2.00995 2.00995 2.00995 2.00995 2.00995 2.00995 2.00995 2.00995 2.00995 2.00995 2.00995 2.00995 2.00995 2.00995 2.00995 2.00995 2.00995 2.00995 2.00995 2.00995 1.99 2.00995 2.00995 2.00995 2.00995 2.00995 2.00995 2.00995 2.00995 2.00995 1.99 2.00995 2.00995 2.00995 2.00995 2.00995 2.00995 2.00995 2.00995 2.00995 1.99 2.00995 2.00995 2.00995 2.00995 2.00995 2.00995 2.00995 2.00995 2.00995 1.99 2.00995 2.00995 2.00995 2.00995 2.00995 2.00995 2.00995 2.00995 2.00995 1.99 2.00995 2.00995 2.00995 2.00995 2.00995 2.00995 2.00995 2.00995 2.00995 1.99 2.00995 2.00995 2.00995 2.00995 2.00995 2.00995 2.00995 2.00995 2.00995 1.99 2.00995 2.00995 2.00995 2.00995 2.00995 2.00995 2.00995 2.00995 2.00995 1.99 2.00995 2.00995 2.00995 2.00995 2.00995 2.00995 2.00995 2.00995 2.00995 1.99 2.00995 2.00995 2.00995 2.00995 2.00995 2.00995 2.00995 2.00995 2.00995 1.99 2.00995 2.00995 2.00995 1.99 2.00995 2.00995 1.99 2.00995 2.00995 2.00995 2.00995 2.00995 2.00995 1.99 2.00995 2.00995 1.99 2.00995 2.00995 2.00995 2.00995 2.00995 2.00995 1.99 2.00995 2.00995 1.99 2.00995 2.00995 2.00995 2.00995 2.00995 2.00995 1.99 2.00995 2.00995 1.99 2.00995 2.00995 2.00995 2.00995 2.00995 2.00995 1.99 2.00995 2.00995 1.99 2.00995 2.00995 2.00995 2.00995 2.00995 2.00995 1.99 2.00995 2.00995 1.99 2.00995 2.00995 2.00995 2.00995 2.00995 2.00995 1.99 2.00995 2.00995 1.99 2.00995 2.00995 2.00995 2.00995 2.00995 2.00995 1.99 2.00995 2.00995 1.99 2.00995 2.00995 2.00995 2.00995 2.00995 2.00995 1.99 2.00995 2.00995 1.99 2.00995 2.00995 2.00995 2.00995 2.00995 2.00995 1.99 2.00995 2.00995 1.99 2.00995 2.00995 2.00995 2.00995 2.00995 2.00995 2.00995 2.00995 2.00995 2.00995 2.00995 2.00995 2.00995 2.00995 2.00995 2.00995 2.00995 2.00995 2.00995 2.00995 2.00995 2.00995 2.00995 2.00995 2.00995 2.00995 2.00995 2.00995 2.00995 2.00995 2.00995 2.00995 2.00995 2.00995 2.00995 2.00995 2.00995 2.00995 2.00995 2.00995 2.00995 2.00995 2.00995 2.00995 2.00995 2.00995 2.00995 2.00995 2.00995 2.00995 2.00995 2.00995 2.00995 2.00995 2.00995 2.00995 2.00995 2.00995 2.00995 2.00995 2.00995 2.00995 2.00995 2.00995 2.00995 2.00995 2.00995 2.00995 2.00995 2.00995 2.00995 2.00995 2.00995 2.00995 2.00995 2.00995 2.00995 2.00995 2.00995 2.00995 2.00995 2.00995 2.00995 2.00995 2.00995 2.00995 2.00995 2.00995 2.00995 2.00995 2.00995 2.00995 2.00995 2.00995 2.00995 2.00995 2.00995 2.00995 2.00995 2.00995 2.00995 2.00995 2.00995 2.00995 2.00995 2.00995 2.00995 2.00995 2.00995 2.00995 2.00995 2.00995 1.99 2.00995 2.00995 2.00995 2.00995 2.00995 2.00995 2.00995 2.00995 2.00995 1.99 2.00995 2.00995 2.00995 2.00995 2.00995 2.00995 2.00995 2.00995 2.00995 1.99 2.00995 2.00995 2.00995 2.00995 2.00995 2.00995 2.00995 2.00995 2.00995 1.99 2.00995 2.00995 2.00995 2.00995 2.00995 2.00995 2.00995 2.00995 2.00995 1.99 2.00995 2.00995 2.00995 2.00995 2.00995 2.00995 2.00995 2.00995 2.00995 1.99 2.00995 2.00995 2.00995 2.00995 2.00995 2.00995 2.00995 2.00995 2.00995 1.99 2.00995 2.00995 2.00995 2.00995 2.00995 2.00995 2.00995 2.00995 2.00995 1.99 2.00995 2.00995 2.00995 2.00995 2.00995 2.00995 2.00995 2.00995 2.00995 1.99 2.00995 2.00995 2.00995 2.00995 2.00995 2.00995 2.00995 2.00995 2.00995 1.99 2.00995 2.00995 2.00995 2.00995 2.00995 2.00995 2.00995 2.00995 2.00995 1.99 2.00995 2.00995 2.00995 2.00995 2.00995 2.00995 2.00995 2.00995 2.00995 1.99 2.00995 2.00995 2.00995 2.00995 2.00995 2.00995 2.00995 2.00995 2.00995 1.99 2.00995 2.00995 2.00995 2.00995 2.00995 2.00995 2.00995 2.00995 2.00995 1.99 2.00995 2.00995 2.00995 2.00995 2.00995 2.00995 2.00995 2.00995 2.00995 1.99 2.00995 2.00995 2.00995 2.00995 2.00995 2.00995 2.00995 2.00995 2.00995 1.99 2.00995 2.00995 2.00995 2.00995 2.00995 2.00995 2.00995 2.00995 2.00995 1.99 2.00995 2.00995 2.00995 2.00995 2.00995 2.00995 2.00995 2.00995 2.00995 1.99 2.00995 2.00995 2.00995 2.00995 2.00995 2.00995 2.00995 2.00995 2.00995 1.99 2.00995 2.00995 2.00995 2.00995 2.00995 2.00995 2.00995 2.00995 2.00995 1.99 2.00995 2.00995 2.00995 1.99 2.00995 2.00995 1.99 2.00995 2.00995 2.00995 2.00995 2.00995 2.00995 1.99 2.00995 2.00995 1.99 2.00995 2.00995 2.00995 2.00995 2.00995 2.00995 1.99 2.00995 2.00995 1.99 2.00995 2.00995 2.00995 2.00995 2.00995 2.00995 1.99 2.00995 2.00995 1.99 2.00995 2.00995 2.00995 2.00995 2.00995 2.00995 1.99 2.00995 2.00995 1.99 2.00995 2.00995 2.00995 2.00995 2.00995 2.00995 1.99 2.00995 2.00995 1.99 2.00995 2.00995 2.00995 2.00995 2.00995 2.00995 1.99 2.00995 2.00995 1.99 2.00995 2.00995 2.00995 2.00995 2.00995 2.00995 1.99 2.00995 2.00995 1.99 2.00995 2.00995 2.00995 2.00995 2.00995 2.00995 1.99 2.00995 2.00995 1.99 2.00995 2.00995 2.00995 2.00995 2.00995 2.00995 1.99 2.00995 2.00995 1.99 2.00995 2.00995 2.00995 2.00995 2.00995 2.00995 2.00995 2.00995 2.00995 2.00995 2.00995 2.00995 2.00995 2.00995 2.00995 2.00995 2.00995 2.00995 2.00995 2.00995 2.00995 2.00995 2.00995 2.00995 2.00995 2.00995 2.00995 2.00995 2.00995 2.00995 2.00995 2.00995 2.00995 2.00995 2.00995 2.00995 2.00995 2.00995 2.00995 2.00995 2.00995 2.00995 2.00995 2.00995 2.00995 2.00995 2.00995 2.00995 2.00995 2.00995 2.00995 2.00995 2.00995 2.00995 2.00995 2.00995 2.00995 2.00995 2.00995 2.00995 2.00995 2.00995 2.00995 2.00995 2.00995 2.00995 2.00995 2.00995 2.00995 2.00995 2.00995 2.00995 2.00995 2.00995 2.00995 2.00995 2.00995 2.00995 2.00995 2.00995 2.00995 2.00995 2.00995 2.00995 2.00995 2.00995 2.00995 2.00995 2.00995 2.00995 2.00995 2.00995 2.00995 2.00995 2.00995 2.00995 2.00995 2.00995 2.00995 2.00995 2.00995 2.00995 2.00995 2.00995 2.00995 2.00995 2.00995 2.00995 2.00995 2.00995 2.00995 2.00995 1.99 2.00995 2.00995 2.00995 2.00995 2.00995 2.00995 2.00995 2.00995 2.00995 1.99 2.00995 2.00995 2.00995 2.00995 2.00995 2.00995 2.00995 2.00995 2.00995 1.99 2.00995 2.00995 2.00995 2.00995 2.00995 2.00995 2.00995 2.00995 2.00995 1.99 2.00995 2.00995 2.00995 2.00995 2.00995 2.00995 2.00995 2.00995 2.00995 1.99 2.00995 2.00995 2.00995 2.00995 2.00995 2.00995 2.00995 2.00995 2.00995 1.99 2.00995 2.00995 2.00995 2.00995 2.00995 2.00995 2.00995 2.00995 2.00995 1.99 2.00995 2.00995 2.00995 2.00995 2.00995 2.00995 2.00995 2.00995 2.00995 1.99 2.00995 2.00995 2.00995 2.00995 2.00995 2.00995 2.00995 2.00995 2.00995 1.99 2.00995 2.00995 2.00995 2.00995 2.00995 2.00995 2.00995 2.00995 2.00995 1.99 2.00995 2.00995 2.00995 1.99 2.00995 2.00995 1.99 2.00995 2.00995 2.00995 2.00995 2.00995 2.00995 1.99 2.00995 2.00995 1.99 2.00995 2.00995 2.00995 2.00995 2.00995 2.00995 1.99 2.00995 2.00995 1.99 2.00995 2.00995 2.00995 2.00995 2.00995 2.00995 1.99 2.00995 2.00995 1.99 2.00995 2.00995 2.00995 2.00995 2.00995 2.00995 1.99 2.00995 2.00995 1.99 2.00995 2.00995 2.00995 2.00995 2.00995 2.00995 1.99 2.00995 2.00995 1.99 2.00995 2.00995 2.00995 2.00995 2.00995 2.00995 1.99 2.00995 2.00995 1.99 2.00995 2.00995 2.00995 2.00995 2.00995 2.00995 1.99 2.00995 2.00995 1.99 2.00995 2.00995 2.00995 2.00995 2.00995 2.00995 1.99 2.00995 2.00995 1.99 2.00995 2.00995 2.00995 2.00995 2.00995 2.00995 1.99 2.00995 2.00995 1.99 2.00995 2.00995 2.00995 2.00995 2.00995 2.00995 2.00995 2.00995 2.00995 2.00995 2.00995 2.00995 2.00995 2.00995 2.00995 2.00995 2.00995 2.00995 2.00995 2.00995 2.00995 2.00995 2.00995 2.00995 2.00995 2.00995 2.00995 2.00995 2.00995 2.00995 2.00995 2.00995 2.00995 2.00995 2.00995 2.00995 2.00995 2.00995 2.00995 2.00995 2.00995 2.00995 2.00995 2.00995 2.00995 2.00995 2.00995 2.00995 2.00995 2.00995 2.00995 2.00995 2.00995 2.00995 2.00995 2.00995 2.00995 2.00995 2.00995 2.00995 2.00995 2.00995 2.00995 2.00995 2.00995 2.00995 2.00995 2.00995 2.00995 2.00995 2.00995 2.00995 2.00995 2.00995 2.00995 2.00995 2.00995 2.00995 2.00995 2.00995 2.00995 2.00995 2.00995 2.00995 2.00995 2.00995 2.00995 2.00995 2.00995 2.00995 2.00995 2.00995 2.00995 2.00995 2.00995 2.00995 2.00995 2.00995 2.00995 2.00995 2.00995 2.00995 2.00995 2.00995 2.00995 2.00995 2.00995 2.00995 2.00995 2.00995 2.00995 2.00995 1.99 2.00995 2.00995 2.00995 2.00995 2.00995 2.00995 2.00995 2.00995 2.00995 1.99 2.00995 2.00995 2.00995 2.00995 2.00995 2.00995 2.00995 2.00995 2.00995 1.99 2.00995 2.00995 2.00995 2.00995 2.00995 2.00995 2.00995 2.00995 2.00995 1.99 2.00995 2.00995 2.00995 2.00995 2.00995 2.00995 2.00995 2.00995 2.00995 1.99 2.00995 2.00995 2.00995 2.00995 2.00995 2.00995 2.00995 2.00995 2.00995 1.99 2.00995 2.00995 2.00995 2.00995 2.00995 2.00995 2.00995 2.00995 2.00995 1.99 2.00995 2.00995 2.00995 2.00995 2.00995 2.00995 2.00995 2.00995 2.00995 1.99 2.00995 2.00995 2.00995 2.00995 2.00995 2.00995 2.00995 2.00995 2.00995 1.99 2.00995 2.00995 2.00995 2.00995 2.00995 2.00995 2.00995 2.00995 2.00995 1.99 2.00995 2.00995 2.00995 1.99 2.00995 2.00995 1.99 2.00995 2.00995 2.00995 2.00995 2.00995 2.00995 1.99 2.00995 2.00995 1.99 2.00995 2.00995 2.00995 2.00995 2.00995 2.00995 1.99 2.00995 2.00995 1.99 2.00995 2.00995 2.00995 2.00995 2.00995 2.00995 1.99 2.00995 2.00995 1.99 2.00995 2.00995 2.00995 2.00995 2.00995 2.00995 1.99 2.00995 2.00995 1.99 2.00995 2.00995 2.00995 2.00995 2.00995 2.00995 1.99 2.00995 2.00995 1.99 2.00995 2.00995 2.00995 2.00995 2.00995 2.00995 1.99 2.00995 2.00995 1.99 2.00995 2.00995 2.00995 2.00995 2.00995 2.00995 1.99 2.00995 2.00995 1.99 2.00995 2.00995 2.00995 2.00995 2.00995 2.00995 1.99 2.00995 2.00995 1.99 2.00995 2.00995 2.00995 2.00995 2.00995 2.00995 1.99 2.00995 2.00995 1.99 2.00995 2.00995 2.00995 2.00995 2.00995 2.00995 2.00995 2.00995 2.00995 2.00995 2.00995 2.00995 2.00995 2.00995 2.00995 2.00995 2.00995 2.00995 2.00995 2.00995 2.00995 2.00995 2.00995 2.00995 2.00995 2.00995 2.00995 2.00995 2.00995 2.00995 2.00995 2.00995 2.00995 2.00995 2.00995 2.00995 2.00995 2.00995 2.00995 2.00995 2.00995 2.00995 2.00995 2.00995 2.00995 2.00995 2.00995 2.00995 2.00995 2.00995 2.00995 2.00995 2.00995 2.00995 2.00995 2.00995 2.00995 2.00995 2.00995 2.00995 2.00995 2.00995 2.00995 2.00995 2.00995 2.00995 2.00995 2.00995 2.00995 2.00995 2.00995 2.00995 2.00995 2.00995 2.00995 2.00995 2.00995 2.00995 2.00995 2.00995 2.00995 2.00995 2.00995 2.00995 2.00995 2.00995 2.00995 2.00995 2.00995 2.00995 2.00995 2.00995 2.00995 2.00995 2.00995 2.00995 2.00995 2.00995 2.00995 2.00995 2.00995 2.00995 2.00995 2.00995 2.00995 2.00995 2.00995 2.00995 2.00995 2.00995 2.00995 2.00995 1.99 2.00995 2.00995 2.00995 2.00995 2.00995 2.00995 2.00995 2.00995 2.00995 1.99 2.00995 2.00995 2.00995 2.00995 2.00995 2.00995 2.00995 2.00995 2.00995 1.99 2.00995 2.00995 2.00995 2.00995 2.00995 2.00995 2.00995 2.00995 2.00995 1.99 2.00995 2.00995 2.00995 2.00995 2.00995 2.00995 2.00995 2.00995 2.00995 1.99 2.00995 2.00995 2.00995 2.00995 2.00995 2.00995 2.00995 2.00995 2.00995 1.99 2.00995 2.00995 2.00995 2.00995 2.00995 2.00995 2.00995 2.00995 2.00995 1.99 2.00995 2.00995 2.00995 2.00995 2.00995 2.00995 2.00995 2.00995 2.00995 1.99 2.00995 2.00995 2.00995 2.00995 2.00995 2.00995 2.00995 2.00995 2.00995 1.99 2.00995 2.00995 2.00995 2.00995 2.00995 2.00995 2.00995 2.00995 2.00995 1.99 2.00995 2.00995 2.00995 2.00995 2.00995 2.00995 2.00995 2.00995 2.00995 1.99 2.00995 2.00995 2.00995 2.00995 2.00995 2.00995 2.00995 2.00995 2.00995 1.99 2.00995 2.00995 2.00995 2.00995 2.00995 2.00995 2.00995 2.00995 2.00995 1.99 2.00995 2.00995 2.00995 2.00995 2.00995 2.00995 2.00995 2.00995 2.00995 1.99 2.00995 2.00995 2.00995 2.00995 2.00995 2.00995 2.00995 2.00995 2.00995 1.99 2.00995 2.00995 2.00995 2.00995 2.00995 2.00995 2.00995 2.00995 2.00995 1.99 2.00995 2.00995 2.00995 2.00995 2.00995 2.00995 2.00995 2.00995 2.00995 1.99 2.00995 2.00995 2.00995 2.00995 2.00995 2.00995 2.00995 2.00995 2.00995 1.99 2.00995 2.00995 2.00995 2.00995 2.00995 2.00995 2.00995 2.00995 2.00995 1.99 2.00995 2.00995 2.00995 2.00995 2.00995 2.00995 2.00995 2.00995 2.00995 1.99 2.00995 2.00995 2.00995 1.99 2.00995 2.00995 1.99 2.00995 2.00995 2.00995 2.00995 2.00995 2.00995 1.99 2.00995 2.00995 1.99 2.00995 2.00995 2.00995 2.00995 2.00995 2.00995 1.99 2.00995 2.00995 1.99 2.00995 2.00995 2.00995 2.00995 2.00995 2.00995 1.99 2.00995 2.00995 1.99 2.00995 2.00995 2.00995 2.00995 2.00995 2.00995 1.99 2.00995 2.00995 1.99 2.00995 2.00995 2.00995 2.00995 2.00995 2.00995 1.99 2.00995 2.00995 1.99 2.00995 2.00995 2.00995 2.00995 2.00995 2.00995 1.99 2.00995 2.00995 1.99 2.00995 2.00995 2.00995 2.00995 2.00995 2.00995 1.99 2.00995 2.00995 1.99 2.00995 2.00995 2.00995 2.00995 2.00995 2.00995 1.99 2.00995 2.00995 1.99 2.00995 2.00995 2.00995 2.00995 2.00995 2.00995 1.99 2.00995 2.00995 1.99 2.00995 2.00995 2.00995 2.00995 2.00995 2.00995 2.00995 2.00995 2.00995 2.00995 2.00995 2.00995 2.00995 2.00995 2.00995 2.00995 2.00995 2.00995 2.00995 2.00995 2.00995 2.00995 2.00995 2.00995 2.00995 2.00995 2.00995 2.00995 2.00995 2.00995 2.00995 2.00995 2.00995 2.00995 2.00995 2.00995 2.00995 2.00995 2.00995 2.00995 2.00995 2.00995 2.00995 2.00995 2.00995 2.00995 2.00995 2.00995 2.00995 2.00995 2.00995 2.00995 2.00995 2.00995 2.00995 2.00995 2.00995 2.00995 2.00995 2.00995 2.00995 2.00995 2.00995 2.00995 2.00995 2.00995 2.00995 2.00995 2.00995 2.00995 2.00995 2.00995 2.00995 2.00995 2.00995 2.00995 2.00995 2.00995 2.00995 2.00995 2.00995 2.00995 2.00995 2.00995 2.00995 2.00995 2.00995 2.00995 2.00995 2.00995 2.00995 2.00995 2.00995 2.00995 2.00995 2.00995 2.00995 2.00995 2.00995 2.00995 2.00995 2.00995 2.00995 2.00995 2.00995 2.00995 2.00995 2.00995 2.00995 2.00995 2.00995 2.00995 1.99 2.00995 2.00995 2.00995 2.00995 2.00995 2.00995 2.00995 2.00995 2.00995 1.99 2.00995 2.00995 2.00995 2.00995 2.00995 2.00995 2.00995 2.00995 2.00995 1.99 2.00995 2.00995 2.00995 2.00995 2.00995 2.00995 2.00995 2.00995 2.00995 1.99 2.00995 2.00995 2.00995 2.00995 2.00995 2.00995 2.00995 2.00995 2.00995 1.99 2.00995 2.00995 2.00995 2.00995 2.00995 2.00995 2.00995 2.00995 2.00995 1.99 2.00995 2.00995 2.00995 2.00995 2.00995 2.00995 2.00995 2.00995 2.00995 1.99 2.00995 2.00995 2.00995 2.00995 2.00995 2.00995 2.00995 2.00995 2.00995 1.99 2.00995 2.00995 2.00995 2.00995 2.00995 2.00995 2.00995 2.00995 2.00995 1.99 2.00995 2.00995 2.00995 2.00995 2.00995 2.00995 2.00995 2.00995 2.00995 1.99 2.00995 2.00995 2.00995 1.99 2.00995 2.00995 1.99 2.00995 2.00995 2.00995 2.00995 2.00995 2.00995 1.99 2.00995 2.00995 1.99 2.00995 2.00995 2.00995 2.00995 2.00995 2.00995 1.99 2.00995 2.00995 1.99 2.00995 2.00995 2.00995 2.00995 2.00995 2.00995 1.99 2.00995 2.00995 1.99 2.00995 2.00995 2.00995 2.00995 2.00995 2.00995 1.99 2.00995 2.00995 1.99 2.00995 2.00995 2.00995 2.00995 2.00995 2.00995 1.99 2.00995 2.00995 1.99 2.00995 2.00995 2.00995 2.00995 2.00995 2.00995 1.99 2.00995 2.00995 1.99 2.00995 2.00995 2.00995 2.00995 2.00995 2.00995 1.99 2.00995 2.00995 1.99 2.00995 2.00995 2.00995 2.00995 2.00995 2.00995 1.99 2.00995 2.00995 1.99 2.00995 2.00995 2.00995 2.00995 2.00995 2.00995 1.99 2.00995 2.00995 1.99 2.00995 2.00995 2.00995 2.00995 2.00995 2.00995 2.00995 2.00995 2.00995 2.00995 2.00995 2.00995 2.00995 2.00995 2.00995 2.00995 2.00995 2.00995 2.00995 2.00995 2.00995 2.00995 2.00995 2.00995 2.00995 2.00995 2.00995 2.00995 2.00995 2.00995 2.00995 2.00995 2.00995 2.00995 2.00995 2.00995 2.00995 2.00995 2.00995 2.00995 2.00995 2.00995 2.00995 2.00995 2.00995 2.00995 2.00995 2.00995 2.00995 2.00995 2.00995 2.00995 2.00995 2.00995 2.00995 2.00995 2.00995 2.00995 2.00995 2.00995 2.00995 2.00995 2.00995 2.00995 2.00995 2.00995 2.00995 2.00995 2.00995 2.00995 2.00995 2.00995 2.00995 2.00995 2.00995 2.00995 2.00995 2.00995 2.00995 2.00995 2.00995 2.00995 2.00995 2.00995 2.00995 2.00995 2.00995 2.00995 2.00995 2.00995 2.00995 2.00995 2.00995 2.00995 2.00995 2.00995 2.00995 2.00995 2.00995 2.00995 2.00995 2.00995 2.00995 2.00995 2.00995 2.00995 2.00995 2.00995 2.00995 2.00995 2.00995 2.00995 1.99 2.00995 2.00995 2.00995 2.00995 2.00995 2.00995 2.00995 2.00995 2.00995 1.99 2.00995 2.00995 2.00995 2.00995 2.00995 2.00995 2.00995 2.00995 2.00995 1.99 2.00995 2.00995 2.00995 2.00995 2.00995 2.00995 2.00995 2.00995 2.00995 1.99 2.00995 2.00995 2.00995 2.00995 2.00995 2.00995 2.00995 2.00995 2.00995 1.99 2.00995 2.00995 2.00995 2.00995 2.00995 2.00995 2.00995 2.00995 2.00995 1.99 2.00995 2.00995 2.00995 2.00995 2.00995 2.00995 2.00995 2.00995 2.00995 1.99 2.00995 2.00995 2.00995 2.00995 2.00995 2.00995 2.00995 2.00995 2.00995 1.99 2.00995 2.00995 2.00995 2.00995 2.00995 2.00995 2.00995 2.00995 2.00995 1.99 2.00995 2.00995 2.00995 2.00995 2.00995 2.00995 2.00995 2.00995 2.00995 1.99 2.00995 2.00995 2.00995 1.99 2.00995 2.00995 1.99 2.00995 2.00995 2.00995 2.00995 2.00995 2.00995 1.99 2.00995 2.00995 1.99 2.00995 2.00995 2.00995 2.00995 2.00995 2.00995 1.99 2.00995 2.00995 1.99 2.00995 2.00995 2.00995 2.00995 2.00995 2.00995 1.99 2.00995 2.00995 1.99 2.00995 2.00995 2.00995 2.00995 2.00995 2.00995 1.99 2.00995 2.00995 1.99 2.00995 2.00995 2.00995 2.00995 2.00995 2.00995 1.99 2.00995 2.00995 1.99 2.00995 2.00995 2.00995 2.00995 2.00995 2.00995 1.99 2.00995 2.00995 1.99 2.00995 2.00995 2.00995 2.00995 2.00995 2.00995 1.99 2.00995 2.00995 1.99 2.00995 2.00995 2.00995 2.00995 2.00995 2.00995 1.99 2.00995 2.00995 1.99 2.00995 2.00995 2.00995 2.00995 2.00995 2.00995 1.99 2.00995 2.00995 1.99 2.00995 2.00995 2.00995 2.00995 2.00995 2.00995 2.00995 2.00995 2.00995 2.00995 2.00995 2.00995 2.00995 2.00995 2.00995 2.00995 2.00995 2.00995 2.00995 2.00995 2.00995 2.00995 2.00995 2.00995 2.00995 2.00995 2.00995 2.00995 2.00995 2.00995 2.00995 2.00995 2.00995 2.00995 2.00995 2.00995 2.00995 2.00995 2.00995 2.00995 2.00995 2.00995 2.00995 2.00995 2.00995 2.00995 2.00995 2.00995 2.00995 2.00995 2.00995 2.00995 2.00995 2.00995 2.00995 2.00995 2.00995 2.00995 2.00995 2.00995 2.00995 2.00995 2.00995 2.00995 2.00995 2.00995 2.00995 2.00995 2.00995 2.00995 2.00995 2.00995 2.00995 2.00995 2.00995 2.00995 2.00995 2.00995 2.00995 2.00995 2.00995 2.00995 2.00995 2.00995 2.00995 2.00995 2.00995 2.00995 2.00995 2.00995 2.00995 2.00995 2.00995 2.00995 2.00995 2.00995 2.00995 2.00995 2.00995 2.00995 2.00995 2.00995 2.00995 2.00995 2.00995 2.00995 2.00995 2.00995 2.00995 2.00995 2.00995 2.00995 1.99 2.00995 2.00995 2.00995 2.00995 2.00995 2.00995 2.00995 2.00995 2.00995 1.99 2.00995 2.00995 2.00995 2.00995 2.00995 2.00995 2.00995 2.00995 2.00995 1.99 2.00995 2.00995 2.00995 2.00995 2.00995 2.00995 2.00995 2.00995 2.00995 1.99 2.00995 2.00995 2.00995 2.00995 2.00995 2.00995 2.00995 2.00995 2.00995 1.99 2.00995 2.00995 2.00995 2.00995 2.00995 2.00995 2.00995 2.00995 2.00995 1.99 2.00995 2.00995 2.00995 2.00995 2.00995 2.00995 2.00995 2.00995 2.00995 1.99 2.00995 2.00995 2.00995 2.00995 2.00995 2.00995 2.00995 2.00995 2.00995 1.99 2.00995 2.00995 2.00995 2.00995 2.00995 2.00995 2.00995 2.00995 2.00995 1.99 2.00995 2.00995 2.00995 2.00995 2.00995 2.00995 2.00995 2.00995 2.00995 1.99 2.00995 2.00995 2.00995 2.00995 2.00995 2.00995 2.00995 2.00995 2.00995 1.99 2.00995 2.00995 2.00995 2.00995 2.00995 2.00995 2.00995 2.00995 2.00995 1.99 2.00995 2.00995 2.00995 2.00995 2.00995 2.00995 2.00995 2.00995 2.00995 1.99 2.00995 2.00995 2.00995 2.00995 2.00995 2.00995 2.00995 2.00995 2.00995 1.99 2.00995 2.00995 2.00995 2.00995 2.00995 2.00995 2.00995 2.00995 2.00995 1.99 2.00995 2.00995 2.00995 2.00995 2.00995 2.00995 2.00995 2.00995 2.00995 1.99 2.00995 2.00995 2.00995 2.00995 2.00995 2.00995 2.00995 2.00995 2.00995 1.99 2.00995 2.00995 2.00995 2.00995 2.00995 2.00995 2.00995 2.00995 2.00995 1.99 2.00995 2.00995 2.00995 2.00995 2.00995 2.00995 2.00995 2.00995 2.00995 1.99 2.00995 2.00995 2.00995 2.00995 2.00995 2.00995 2.00995 2.00995 2.00995 1.99 2.00995 2.00995 2.00995 1.99 2.00995 2.00995 1.99 2.00995 2.00995 2.00995 2.00995 2.00995 2.00995 1.99 2.00995 2.00995 1.99 2.00995 2.00995 2.00995 2.00995 2.00995 2.00995 1.99 2.00995 2.00995 1.99 2.00995 2.00995 2.00995 2.00995 2.00995 2.00995 1.99 2.00995 2.00995 1.99 2.00995 2.00995 2.00995 2.00995 2.00995 2.00995 1.99 2.00995 2.00995 1.99 2.00995 2.00995 2.00995 2.00995 2.00995 2.00995 1.99 2.00995 2.00995 1.99 2.00995 2.00995 2.00995 2.00995 2.00995 2.00995 1.99 2.00995 2.00995 1.99 2.00995 2.00995 2.00995 2.00995 2.00995 2.00995 1.99 2.00995 2.00995 1.99 2.00995 2.00995 2.00995 2.00995 2.00995 2.00995 1.99 2.00995 2.00995 1.99 2.00995 2.00995 2.00995 2.00995 2.00995 2.00995 1.99 2.00995 2.00995 1.99 2.00995 2.00995 2.00995 2.00995 2.00995 2.00995 2.00995 2.00995 2.00995 2.00995 2.00995 2.00995 2.00995 2.00995 2.00995 2.00995 2.00995 2.00995 2.00995 2.00995 2.00995 2.00995 2.00995 2.00995 2.00995 2.00995 2.00995 2.00995 2.00995 2.00995 2.00995 2.00995 2.00995 2.00995 2.00995 2.00995 2.00995 2.00995 2.00995 2.00995 2.00995 2.00995 2.00995 2.00995 2.00995 2.00995 2.00995 2.00995 2.00995 2.00995 2.00995 2.00995 2.00995 2.00995 2.00995 2.00995 2.00995 2.00995 2.00995 2.00995 2.00995 2.00995 2.00995 2.00995 2.00995 2.00995 2.00995 2.00995 2.00995 2.00995 2.00995 2.00995 2.00995 2.00995 2.00995 2.00995 2.00995 2.00995 2.00995 2.00995 2.00995 2.00995 2.00995 2.00995 2.00995 2.00995 2.00995 2.00995 2.00995 2.00995 2.00995 2.00995 2.00995 2.00995 2.00995 2.00995 2.00995 2.00995 2.00995 2.00995 2.00995 2.00995 2.00995 2.00995 2.00995 2.00995 2.00995 2.00995 2.00995 2.00995 2.00995 2.00995 1.99 2.00995 2.00995 2.00995 2.00995 2.00995 2.00995 2.00995 2.00995 2.00995 1.99 2.00995 2.00995 2.00995 2.00995 2.00995 2.00995 2.00995 2.00995 2.00995 1.99 2.00995 2.00995 2.00995 2.00995 2.00995 2.00995 2.00995 2.00995 2.00995 1.99 2.00995 2.00995 2.00995 2.00995 2.00995 2.00995 2.00995 2.00995 2.00995 1.99 2.00995 2.00995 2.00995 2.00995 2.00995 2.00995 2.00995 2.00995 2.00995 1.99 2.00995 2.00995 2.00995 2.00995 2.00995 2.00995 2.00995 2.00995 2.00995 1.99 2.00995 2.00995 2.00995 2.00995 2.00995 2.00995 2.00995 2.00995 2.00995 1.99 2.00995 2.00995 2.00995 2.00995 2.00995 2.00995 2.00995 2.00995 2.00995 1.99 2.00995 2.00995 2.00995 2.00995 2.00995 2.00995 2.00995 2.00995 2.00995 1.99 2.00995 2.00995 2.00995 1.99 2.00995 2.00995 1.99 2.00995 2.00995 2.00995 2.00995 2.00995 2.00995 1.99 2.00995 2.00995 1.99 2.00995 2.00995 2.00995 2.00995 2.00995 2.00995 1.99 2.00995 2.00995 1.99 2.00995 2.00995 2.00995 2.00995 2.00995 2.00995 1.99 2.00995 2.00995 1.99 2.00995 2.00995 2.00995 2.00995 2.00995 2.00995 1.99 2.00995 2.00995 1.99 2.00995 2.00995 2.00995 2.00995 2.00995 2.00995 1.99 2.00995 2.00995 1.99 2.00995 2.00995 2.00995 2.00995 2.00995 2.00995 1.99 2.00995 2.00995 1.99 2.00995 2.00995 2.00995 2.00995 2.00995 2.00995 1.99 2.00995 2.00995 1.99 2.00995 2.00995 2.00995 2.00995 2.00995 2.00995 1.99 2.00995 2.00995 1.99 2.00995 2.00995 2.00995 2.00995 2.00995 2.00995 1.99 2.00995 2.00995 1.99 2.00995 2.00995 2.00995 2.00995 2.00995 2.00995 2.00995 2.00995 2.00995 2.00995 2.00995 2.00995 2.00995 2.00995 2.00995 2.00995 2.00995 2.00995 2.00995 2.00995 2.00995 2.00995 2.00995 2.00995 2.00995 2.00995 2.00995 2.00995 2.00995 2.00995 2.00995 2.00995 2.00995 2.00995 2.00995 2.00995 2.00995 2.00995 2.00995 2.00995 2.00995 2.00995 2.00995 2.00995 2.00995 2.00995 2.00995 2.00995 2.00995 2.00995 2.00995 2.00995 2.00995 2.00995 2.00995 2.00995 2.00995 2.00995 2.00995 2.00995 2.00995 2.00995 2.00995 2.00995 2.00995 2.00995 2.00995 2.00995 2.00995 2.00995 2.00995 2.00995 2.00995 2.00995 2.00995 2.00995 2.00995 2.00995 2.00995 2.00995 2.00995 2.00995 2.00995 2.00995 2.00995 2.00995 2.00995 2.00995 2.00995 2.00995 2.00995 2.00995 2.00995 2.00995 2.00995 2.00995 2.00995 2.00995 2.00995 2.00995 2.00995 2.00995 2.00995 2.00995 2.00995 2.00995 2.00995 2.00995 2.00995 2.00995 2.00995 2.00995 1.99 2.00995 2.00995 2.00995 2.00995 2.00995 2.00995 2.00995 2.00995 2.00995 1.99 2.00995 2.00995 2.00995 2.00995 2.00995 2.00995 2.00995 2.00995 2.00995 1.99 2.00995 2.00995 2.00995 2.00995 2.00995 2.00995 2.00995 2.00995 2.00995 1.99 2.00995 2.00995 2.00995 2.00995 2.00995 2.00995 2.00995 2.00995 2.00995 1.99 2.00995 2.00995 2.00995 2.00995 2.00995 2.00995 2.00995 2.00995 2.00995 1.99 2.00995 2.00995 2.00995 2.00995 2.00995 2.00995 2.00995 2.00995 2.00995 1.99 2.00995 2.00995 2.00995 2.00995 2.00995 2.00995 2.00995 2.00995 2.00995 1.99 2.00995 2.00995 2.00995 2.00995 2.00995 2.00995 2.00995 2.00995 2.00995 1.99 2.00995 2.00995 2.00995 2.00995 2.00995 2.00995 2.00995 2.00995 2.00995 1.99 2.00995 2.00995 2.00995 1.99 2.00995 2.00995 1.99 2.00995 2.00995 2.00995 2.00995 2.00995 2.00995 1.99 2.00995 2.00995 1.99 2.00995 2.00995 2.00995 2.00995 2.00995 2.00995 1.99 2.00995 2.00995 1.99 2.00995 2.00995 2.00995 2.00995 2.00995 2.00995 1.99 2.00995 2.00995 1.99 2.00995 2.00995 2.00995 2.00995 2.00995 2.00995 1.99 2.00995 2.00995 1.99 2.00995 2.00995 2.00995 2.00995 2.00995 2.00995 1.99 2.00995 2.00995 1.99 2.00995 2.00995 2.00995 2.00995 2.00995 2.00995 1.99 2.00995 2.00995 1.99 2.00995 2.00995 2.00995 2.00995 2.00995 2.00995 1.99 2.00995 2.00995 1.99 2.00995 2.00995 2.00995 2.00995 2.00995 2.00995 1.99 2.00995 2.00995 1.99 2.00995 2.00995 2.00995 2.00995 2.00995 2.00995 1.99 2.00995 2.00995 1.99 2.00995 2.00995 2.00995 2.00995 2.00995 2.00995 2.00995 2.00995 2.00995 2.00995 2.00995 2.00995 2.00995 2.00995 2.00995 2.00995 2.00995 2.00995 2.00995 2.00995 2.00995 2.00995 2.00995 2.00995 2.00995 2.00995 2.00995 2.00995 2.00995 2.00995 2.00995 2.00995 2.00995 2.00995 2.00995 2.00995 2.00995 2.00995 2.00995 2.00995 2.00995 2.00995 2.00995 2.00995 2.00995 2.00995 2.00995 2.00995 2.00995 2.00995 2.00995 2.00995 2.00995 2.00995 2.00995 2.00995 2.00995 2.00995 2.00995 2.00995 2.00995 2.00995 2.00995 2.00995 2.00995 2.00995 2.00995 2.00995 2.00995 2.00995 2.00995 2.00995 2.00995 2.00995 2.00995 2.00995 2.00995 2.00995 2.00995 2.00995 2.00995 2.00995 2.00995 2.00995 2.00995 2.00995 2.00995 2.00995 2.00995 2.00995 2.00995 2.00995 2.00995 2.00995 2.00995 2.00995 2.00995 2.00995 2.00995 2.00995 2.00995 2.00995 2.00995 2.00995 2.00995 2.00995 2.00995 2.00995 2.00995 2.00995 2.00995 2.00995 1.99 2.00995 2.00995 2.00995 2.00995 2.00995 2.00995 2.00995 2.00995 2.00995 1.99 2.00995 2.00995 2.00995 2.00995 2.00995 2.00995 2.00995 2.00995 2.00995 1.99 2.00995 2.00995 2.00995 2.00995 2.00995 2.00995 2.00995 2.00995 2.00995 1.99 2.00995 2.00995 2.00995 2.00995 2.00995 2.00995 2.00995 2.00995 2.00995 1.99 2.00995 2.00995 2.00995 2.00995 2.00995 2.00995 2.00995 2.00995 2.00995 1.99 2.00995 2.00995 2.00995 2.00995 2.00995 2.00995 2.00995 2.00995 2.00995 1.99 2.00995 2.00995 2.00995 2.00995 2.00995 2.00995 2.00995 2.00995 2.00995 1.99 2.00995 2.00995 2.00995 2.00995 2.00995 2.00995 2.00995 2.00995 2.00995 1.99 2.00995 2.00995 2.00995 2.00995 2.00995 2.00995 2.00995 2.00995 2.00995 1.99 2.00995 2.00995 
1.99995 1.99995 1.99995 1.99995 1.99995 1.99995 1.99995 1.98 1.99995 1.99995 1.99995 1.99995 1.99995 1.99995 1.99995 1.99995 1.99995 1.98 1.99995 1.99995 1.99995 1.99995 1.99995 1.99995 1.99995 1.99995 1.99995 1.98 1.99995 1.99995 1.99995 1.99995 1.99995 1.99995 1.99995 1.99995 1.99995 1.98 1.99995 1.99995 1.99995 1.99995 1.99995 1.99995 1.99995 1.99995 1.99995 1.98 1.99995 1.99995 1.99995 1.99995 1.99995 1.99995 1.99995 1.99995 1.99995 1.98 1.99995 1.99995 1.99995 1.99995 1.99995 1.99995 1.99995 1.99995 1.99995 1.98 1.99995 1.99995 1.99995 1.99995 1.99995 1.99995 1.99995 1.99995 1.99995 1.98 1.99995 1.99995 1.99995 1.99995 1.99995 1.99995 1.99995 1.99995 1.99995 1.98 1.99995 1.99995 1.99995 1.99995 1.99995 1.99995 1.99995 1.99995 1.99995 1.98 1.99995 1.99995 1.99995 1.98 1.99995 1.99995 1.98 1.99995 1.99995 1.99995 1.99995 1.99995 1.99995 1.98 1.99995 1.99995 1.98 1.99995 1.99995 1.99995 1.99995 1.99995 1.99995 1.98 1.99995 1.99995 1.98 1.99995 1.99995 1.99995 1.99995 1.99995 1.99995 1.98 1.99995 1.99995 1.98 1.99995 1.99995 1.99995 1.99995 1.99995 1.99995 1.98 1.99995 1.99995 1.98 1.99995 1.99995 1.99995 1.99995 1.99995 1.99995 1.98 1.99995 1.99995 1.98 1.99995 1.99995 1.99995 1.99995 1.99995 1.99995 1.98 1.99995 1.99995 1.98 1.99995 1.99995 1.99995 1.99995 1.99995 1.99995 1.98 1.99995 1.99995 1.98 1.99995 1.99995 1.99995 1.99995 1.99995 1.99995 1.98 1.99995 1.99995 1.98 1.99995 1.99995 1.99995 1.99995 1.99995 1.99995 1.98 1.99995 1.99995 1.98 1.99995 1.99995 1.99995 1.99995 1.99995 1.99995 1.99995 1.99995 1.99995 1.99995 1.99995 1.99995 1.99995 1.99995 1.99995 1.99995 1.99995 1.99995 1.99995 1.99995 1.99995 1.99995 1.99995 1.99995 1.99995 1.99995 1.99995 1.99995 1.99995 1.99995 1.99995 1.99995 1.99995 1.99995 1.99995 1.99995 1.99995 1.99995 1.99995 1.99995 1.99995 1.99995 1.99995 1.99995 1.99995 1.99995 1.99995 1.99995 1.99995 1.99995 1.99995 1.99995 1.99995 1.99995 1.99995 1.99995 1.99995 1.99995 1.99995 1.99995 1.99995 1.99995 1.99995 1.99995 1.99995 1.99995 1.99995 1.99995 1.99995 1.99995 1.99995 1.99995 1.99995 1.99995 1.99995 1.99995 1.99995 1.99995 1.99995 1.99995 1.99995 1.99995 1.99995 1.99995 1.99995 1.99995 1.99995 1.99995 1.99995 1.99995 1.99995 1.99995 1.99995 1.99995 1.99995 1.99995 1.99995 1.99995 1.99995 1.99995 1.99995 1.99995 1.99995 1.99995 1.99995 1.99995 1.99995 1.99995 1.99995 1.99995 1.99995 1.99995 1.98 1.99995 1.99995 1.99995 1.99995 1.99995 1.99995 1.99995 1.99995 1.99995 1.98 1.99995 1.99995 1.99995 1.99995 1.99995 1.99995 1.99995 1.99995 1.99995 1.98 1.99995 1.99995 1.99995 1.99995 1.99995 1.99995 1.99995 1.99995 1.99995 1.98 1.99995 1.99995 1.99995 1.99995 1.99995 1.99995 1.99995 1.99995 1.99995 1.98 1.99995 1.99995 1.99995 1.99995 1.99995 1.99995 1.99995 1.99995 1.99995 1.98 1.99995 1.99995 1.99995 1.99995 1.99995 1.99995 1.99995 1.99995 1.99995 1.98 1.99995 1.99995 1.99995 1.99995 1.99995 1.99995 1.99995 1.99995 1.99995 1.98 1.99995 1.99995 1.99995 1.99995 1.99995 1.99995 1.99995 1.99995 1.99995 1.98 1.99995 1.99995 1.99995 1.99995 1.99995 1.99995 1.99995 1.99995 1.99995 1.98 1.99995 1.99995 1.99995 1.98 1.99995 1.99995 1.98 1.99995 1.99995 1.99995 1.99995 1.99995 1.99995 1.98 1.99995 1.99995 1.98 1.99995 1.99995 1.99995 1.99995 1.99995 1.99995 1.98 1.99995 1.99995 1.98 1.99995 1.99995 1.99995 1.99995 1.99995 1.99995 1.98 1.99995 1.99995 1.98 1.99995 1.99995 1.99995 1.99995 1.99995 1.99995 1.98 1.99995 1.99995 1.98 1.99995 1.99995 1.99995 1.99995 1.99995 1.99995 1.98 1.99995 1.99995 1.98 1.99995 1.99995 1.99995 1.99995 1.99995 1.99995 1.98 1.99995 1.99995 1.98 1.99995 1.99995 1.99995 1.99995 1.99995 1.99995 1.98 1.99995 1.99995 1.98 1.99995 1.99995 1.99995 1.99995 1.99995 1.99995 1.98 1.99995 1.99995 1.98 1.99995 1.99995 1.99995 1.99995 1.99995 1.99995 1.98 1.99995 1.99995 1.98 1.99995 1.99995 1.99995 1.99995 1.99995 1.99995 1.99995 1.99995 1.99995 1.99995 1.99995 1.99995 1.99995 1.99995 1.99995 1.99995 1.99995 1.99995 1.99995 1.99995 1.99995 1.99995 1.99995 1.99995 1.99995 1.99995 1.99995 1.99995 1.99995 1.99995 1.99995 1.99995 1.99995 1.99995 1.99995 1.99995 1.99995 1.99995 1.99995 1.99995 1.99995 1.99995 1.99995 1.99995 1.99995 1.99995 1.99995 1.99995 1.99995 1.99995 1.99995 1.99995 1.99995 1.99995 1.99995 1.99995 1.99995 1.99995 1.99995 1.99995 1.99995 1.99995 1.99995 1.99995 1.99995 1.99995 1.99995 1.99995 1.99995 1.99995 1.99995 1.99995 1.99995 1.99995 1.99995 1.99995 1.99995 1.99995 1.99995 1.99995 1.99995 1.99995 1.99995 1.99995 1.99995 1.99995 1.99995 1.99995 1.99995 1.99995 1.99995 1.99995 1.99995 1.99995 1.99995 1.99995 1.99995 1.99995 1.99995 1.99995 1.99995 1.99995 1.99995 1.99995 1.99995 1.99995 1.99995 1.99995 1.99995 1.99995 1.99995 1.99995 1.98 1.99995 1.99995 1.99995 1.99995 1.99995 1.99995 1.99995 1.99995 1.99995 1.98 1.99995 1.99995 1.99995 1.99995 1.99995 1.99995 1.99995 1.99995 1.99995 1.98 1.99995 1.99995 1.99995 1.99995 1.99995 1.99995 1.99995 1.99995 1.99995 1.98 1.99995 1.99995 1.99995 1.99995 1.99995 1.99995 1.99995 1.99995 1.99995 1.98 1.99995 1.99995 1.99995 1.99995 1.99995 1.99995 1.99995 1.99995 1.99995 1.98 1.99995 1.99995 1.99995 1.99995 1.99995 1.99995 1.99995 1.99995 1.99995 1.98 1.99995 1.99995 1.99995 1.99995 1.99995 1.99995 1.99995 1.99995 1.99995 1.98 1.99995 1.99995 1.99995 1.99995 1.99995 1.99995 1.99995 1.99995 1.99995 1.98 1.99995 1.99995 1.99995 1.99995 1.99995 1.99995 1.99995 1.99995 1.99995 1.98 1.99995 1.99995 1.99995 1.98 1.99995 1.99995 1.98 1.99995 1.99995 1.99995 1.99995 1.99995 1.99995 1.98 1.99995 1.99995 1.98 1.99995 1.99995 1.99995 1.99995 1.99995 1.99995 1.98 1.99995 1.99995 1.98 1.99995 1.99995 1.99995 1.99995 1.99995 1.99995 1.98 1.99995 1.99995 1.98 1.99995 1.99995 1.99995 1.99995 1.99995 1.99995 1.98 1.99995 1.99995 1.98 1.99995 1.99995 1.99995 1.99995 1.99995 1.99995 1.98 1.99995 1.99995 1.98 1.99995 1.99995 1.99995 1.99995 1.99995 1.99995 1.98 1.99995 1.99995 1.98 1.99995 1.99995 1.99995 1.99995 1.99995 1.99995 1.98 1.99995 1.99995 1.98 1.99995 1.99995 1.99995 1.99995 1.99995 1.99995 1.98 1.99995 1.99995 1.98 1.99995 1.99995 1.99995 1.99995 1.99995 1.99995 1.98 1.99995 1.99995 1.98 1.99995 1.99995 1.99995 1.99995 1.99995 1.99995 1.99995 1.99995 1.99995 1.99995 1.99995 1.99995 1.99995 1.99995 1.99995 1.99995 1.99995 1.99995 1.99995 1.99995 1.99995 1.99995 1.99995 1.99995 1.99995 1.99995 1.99995 1.99995 1.99995 1.99995 1.99995 1.99995 1.99995 1.99995 1.99995 1.99995 1.99995 1.99995 1.99995 1.99995 1.99995 1.99995 1.99995 1.99995 1.99995 1.99995 1.99995 1.99995 1.99995 1.99995 1.99995 1.99995 1.99995 1.99995 1.99995 1.99995 1.99995 1.99995 1.99995 1.99995 1.99995 1.99995 1.99995 1.99995 1.99995 1.99995 1.99995 1.99995 1.99995 1.99995 1.99995 1.99995 1.99995 1.99995 1.99995 1.99995 1.99995 1.99995 1.99995 1.99995 1.99995 1.99995 1.99995 1.99995 1.99995 1.99995 1.99995 1.99995 1.99995 1.99995 1.99995 1.99995 1.99995 1.99995 1.99995 1.99995 1.99995 1.99995 1.99995 1.99995 1.99995 1.99995 1.99995 1.99995 1.99995 1.99995 1.99995 1.99995 1.99995 1.99995 1.99995 1.99995 1.98 1.99995 1.99995 1.99995 1.99995 1.99995 1.99995 1.99995 1.99995 1.99995 1.98 1.99995 1.99995 1.99995 1.99995 1.99995 1.99995 1.99995 1.99995 1.99995 1.98 1.99995 1.99995 1.99995 1.99995 1.99995 1.99995 1.99995 1.99995 1.99995 1.98 1.99995 1.99995 1.99995 1.99995 1.99995 1.99995 1.99995 1.99995 1.99995 1.98 1.99995 1.99995 1.99995 1.99995 1.99995 1.99995 1.99995 1.99995 1.99995 1.98 1.99995 1.99995 1.99995 1.99995 1.99995 1.99995 1.99995 1.99995 1.99995 1.98 1.99995 1.99995 1.99995 1.99995 1.99995 1.99995 1.99995 1.99995 1.99995 1.98 1.99995 1.99995 1.99995 1.99995 1.99995 1.99995 1.99995 1.99995 1.99995 1.98 1.99995 1.99995 1.99995 1.99995 1.99995 1.99995 1.99995 1.99995 1.99995 1.98 1.99995 1.99995 1.99995 1.99995 1.99995 1.99995 1.99995 1.99995 1.99995 1.98 1.99995 1.99995 1.99995 1.99995 1.99995 1.99995 1.99995 1.99995 1.99995 1.98 1.99995 1.99995 1.99995 1.99995 1.99995 1.99995 1.99995 1.99995 1.99995 1.98 1.99995 1.99995 1.99995 1.99995 1.99995 1.99995 1.99995 1.99995 1.99995 1.98 1.99995 1.99995 1.99995 1.99995 1.99995 1.99995 1.99995 1.99995 1.99995 1.98 1.99995 1.99995 1.99995 1.99995 1.99995 1.99995 1.99995 1.99995 1.99995 1.98 1.99995 1.99995 1.99995 1.99995 1.99995 1.99995 1.99995 1.99995 1.99995 1.98 1.99995 1.99995 1.99995 1.99995 1.99995 1.99995 1.99995 1.99995 1.99995 1.98 1.99995 1.99995 1.99995 1.99995 1.99995 1.99995 1.99995 1.99995 1.99995 1.98 1.99995 1.99995 1.99995 1.99995 1.99995 1.99995 1.99995 1.99995 1.99995 1.98 1.99995 1.99995 1.99995 1.98 1.99995 1.99995 1.98 1.99995 1.99995 1.99995 1.99995 1.99995 1.99995 1.98 1.99995 1.99995 1.98 1.99995 1.99995 1.99995 1.99995 1.99995 1.99995 1.98 1.99995 1.99995 1.98 1.99995 1.99995 1.99995 1.99995 1.99995 1.99995 1.98 1.99995 1.99995 1.98 1.99995 1.99995 1.99995 1.99995 1.99995 1.99995 1.98 1.99995 1.99995 1.98 1.99995 1.99995 1.99995 1.99995 1.99995 1.99995 1.98 1.99995 1.99995 1.98 1.99995 1.99995 1.99995 1.99995 1.99995 1.99995 1.98 1.99995 1.99995 1.98 1.99995 1.99995 1.99995 1.99995 1.99995 1.99995 1.98 1.99995 1.99995 1.98 1.99995 1.99995 1.99995 1.99995 1.99995 1.99995 1.98 1.99995 1.99995 1.98 1.99995 1.99995 1.99995 1.99995 1.99995 1.99995 1.98 1.99995 1.99995 1.98 1.99995 1.99995 1.99995 1.99995 1.99995 1.99995 1.99995 1.99995 1.99995 1.99995 1.99995 1.99995 1.99995 1.99995 1.99995 1.99995 1.99995 1.99995 1.99995 1.99995 1.99995 1.99995 1.99995 1.99995 1.99995 1.99995 1.99995 1.99995 1.99995 1.99995 1.99995 1.99995 1.99995 1.99995 1.99995 1.99995 1.99995 1.99995 1.99995 1.99995 1.99995 1.99995 1.99995 1.99995 1.99995 1.99995 1.99995 1.99995 1.99995 1.99995 1.99995 1.99995 1.99995 1.99995 1.99995 1.99995 1.99995 1.99995 1.99995 1.99995 1.99995 1.99995 1.99995 1.99995 1.99995 1.99995 1.99995 1.99995 1.99995 1.99995 1.99995 1.99995 1.99995 1.99995 1.99995 1.99995 1.99995 1.99995 1.99995 1.99995 1.99995 1.99995 1.99995 1.99995 1.99995 1.99995 1.99995 1.99995 1.99995 1.99995 1.99995 1.99995 1.99995 1.99995 1.99995 1.99995 1.99995 1.99995 1.99995 1.99995 1.99995 1.99995 1.99995 1.99995 1.99995 1.99995 1.99995 1.99995 1.99995 1.99995 1.99995 1.99995 1.98 1.99995 1.99995 1.99995 1.99995 1.99995 1.99995 1.99995 1.99995 1.99995 1.98 1.99995 1.99995 1.99995 1.99995 1.99995 1.99995 1.99995 1.99995 1.99995 1.98 1.99995 1.99995 1.99995 1.99995 1.99995 1.99995 1.99995 1.99995 1.99995 1.98 1.99995 1.99995 1.99995 1.99995 1.99995 1.99995 1.99995 1.99995 1.99995 1.98 1.99995 1.99995 1.99995 1.99995 1.99995 1.99995 1.99995 1.99995 1.99995 1.98 1.99995 1.99995 1.99995 1.99995 1.99995 1.99995 1.99995 1.99995 1.99995 1.98 1.99995 1.99995 1.99995 1.99995 1.99995 1.99995 1.99995 1.99995 1.99995 1.98 1.99995 1.99995 1.99995 1.99995 1.99995 1.99995 1.99995 1.99995 1.99995 1.98 1.99995 1.99995 1.99995 1.99995 1.99995 1.99995 1.99995 1.99995 1.99995 1.98 1.99995 1.99995 1.99995 1.98 1.99995 1.99995 1.98 1.99995 1.99995 1.99995 1.99995 1.99995 1.99995 1.98 1.99995 1.99995 1.98 1.99995 1.99995 1.99995 1.99995 1.99995 1.99995 1.98 1.99995 1.99995 1.98 1.99995 1.99995 1.99995 1.99995 1.99995 1.99995 1.98 1.99995 1.99995 1.98 1.99995 1.99995 1.99995 1.99995 1.99995 1.99995 1.98 1.99995 1.99995 1.98 1.99995 1.99995 1.99995 1.99995 1.99995 1.99995 1.98 1.99995 1.99995 1.98 1.99995 1.99995 1.99995 1.99995 1.99995 1.99995 1.98 1.99995 1.99995 1.98 1.99995 1.99995 1.99995 1.99995 1.99995 1.99995 1.98 1.99995 1.99995 1.98 1.99995 1.99995 1.99995 1.99995 1.99995 1.99995 1.98 1.99995 1.99995 1.98 1.99995 1.99995 1.99995 1.99995 1.99995 1.99995 1.98 1.99995 1.99995 1.98 1.99995 1.99995 1.99995 1.99995 1.99995 1.99995 1.99995 1.99995 1.99995 1.99995 1.99995 1.99995 1.99995 1.99995 1.99995 1.99995 1.99995 1.99995 1.99995 1.99995 1.99995 1.99995 1.99995 1.99995 1.99995 1.99995 1.99995 1.99995 1.99995 1.99995 1.99995 1.99995 1.99995 1.99995 1.99995 1.99995 1.99995 1.99995 1.99995 1.99995 1.99995 1.99995 1.99995 1.99995 1.99995 1.99995 1.99995 1.99995 1.99995 1.99995 1.99995 1.99995 1.99995 1.99995 1.99995 1.99995 1.99995 1.99995 1.99995 1.99995 1.99995 1.99995 1.99995 1.99995 1.99995 1.99995 1.99995 1.99995 1.99995 1.99995 1.99995 1.99995 1.99995 1.99995 1.99995 1.99995 1.99995 1.99995 1.99995 1.99995 1.99995 1.99995 1.99995 1.99995 1.99995 1.99995 1.99995 1.99995 1.99995 1.99995 1.99995 1.99995 1.99995 1.99995 1.99995 1.99995 1.99995 1.99995 1.99995 1.99995 1.99995 1.99995 1.99995 1.99995 1.99995 1.99995 1.99995 1.99995 1.99995 1.99995 1.99995 1.99995 1.98 1.99995 1.99995 1.99995 1.99995 1.99995 1.99995 1.99995 1.99995 1.99995 1.98 1.99995 1.99995 1.99995 1.99995 1.99995 1.99995 1.99995 1.99995 1.99995 1.98 1.99995 1.99995 1.99995 1.99995 1.99995 1.99995 1.99995 1.99995 1.99995 1.98 1.99995 1.99995 1.99995 1.99995 1.99995 1.99995 1.99995 1.99995 1.99995 1.98 1.99995 1.99995 1.99995 1.99995 1.99995 1.99995 1.99995 1.99995 1.99995 1.98 1.99995 1.99995 1.99995 1.99995 1.99995 1.99995 1.99995 1.99995 1.99995 1.98 1.99995 1.99995 1.99995 1.99995 1.99995 1.99995 1.99995 1.99995 1.99995 1.98 1.99995 1.99995 1.99995 1.99995 1.99995 1.99995 1.99995 1.99995 1.99995 1.98 1.99995 1.99995 1.99995 1.99995 1.99995 1.99995 1.99995 1.99995 1.99995 1.98 1.99995 1.99995 1.99995 1.98 1.99995 1.99995 1.98 1.99995 1.99995 1.99995 1.99995 1.99995 1.99995 1.98 1.99995 1.99995 1.98 1.99995 1.99995 1.99995 1.99995 1.99995 1.99995 1.98 1.99995 1.99995 1.98 1.99995 1.99995 1.99995 1.99995 1.99995 1.99995 1.98 1.99995 1.99995 1.98 1.99995 1.99995 1.99995 1.99995 1.99995 1.99995 1.98 1.99995 1.99995 1.98 1.99995 1.99995 1.99995 1.99995 1.99995 1.99995 1.98 1.99995 1.99995 1.98 1.99995 1.99995 1.99995 1.99995 1.99995 1.99995 1.98 1.99995 1.99995 1.98 1.99995 1.99995 1.99995 1.99995 1.99995 1.99995 1.98 1.99995 1.99995 1.98 1.99995 1.99995 1.99995 1.99995 1.99995 1.99995 1.98 1.99995 1.99995 1.98 1.99995 1.99995 1.99995 1.99995 1.99995 1.99995 1.98 1.99995 1.99995 1.98 1.99995 1.99995 1.99995 1.99995 1.99995 1.99995 1.99995 1.99995 1.99995 1.99995 1.99995 1.99995 1.99995 1.99995 1.99995 1.99995 1.99995 1.99995 1.99995 1.99995 1.99995 1.99995 1.99995 1.99995 1.99995 1.99995 1.99995 1.99995 1.99995 1.99995 1.99995 1.99995 1.99995 1.99995 1.99995 1.99995 1.99995 1.99995 1.99995 1.99995 1.99995 1.99995 1.99995 1.99995 1.99995 1.99995 1.99995 1.99995 1.99995 1.99995 1.99995 1.99995 1.99995 1.99995 1.99995 1.99995 1.99995 1.99995 1.99995 1.99995 1.99995 1.99995 1.99995 1.99995 1.99995 1.99995 1.99995 1.99995 1.99995 1.99995 1.99995 1.99995 1.99995 1.99995 1.99995 1.99995 1.99995 1.99995 1.99995 1.99995 1.99995 1.99995 1.99995 1.99995 1.99995 1.99995 1.99995 1.99995 1.99995 1.99995 1.99995 1.99995 1.99995 1.99995 1.99995 1.99995 1.99995 1.99995 1.99995 1.99995 1.99995 1.99995 1.99995 1.99995 1.99995 1.99995 1.99995 1.99995 1.99995 1.99995 1.99995 1.99995 1.98 1.99995 1.99995 1.99995 1.99995 1.99995 1.99995 1.99995 1.99995 1.99995 1.98 1.99995 1.99995 1.99995 1.99995 1.99995 1.99995 1.99995 1.99995 1.99995 1.98 1.99995 1.99995 1.99995 1.99995 1.99995 1.99995 1.99995 1.99995 1.99995 1.98 1.99995 1.99995 1.99995 1.99995 1.99995 1.99995 1.99995 1.99995 1.99995 1.98 1.99995 1.99995 1.99995 1.99995 1.99995 1.99995 1.99995 1.99995 1.99995 1.98 1.99995 1.99995 1.99995 1.99995 1.99995 1.99995 1.99995 1.99995 1.99995 1.98 1.99995 1.99995 1.99995 1.99995 1.99995 1.99995 1.99995 1.99995 1.99995 1.98 1.99995 1.99995 1.99995 1.99995 1.99995 1.99995 1.99995 1.99995 1.99995 1.98 1.99995 1.99995 1.99995 1.99995 1.99995 1.99995 1.99995 1.99995 1.99995 1.98 1.99995 1.99995 1.99995 1.99995 1.99995 1.99995 1.99995 1.99995 1.99995 1.98 1.99995 1.99995 1.99995 1.99995 1.99995 1.99995 1.99995 1.99995 1.99995 1.98 1.99995 1.99995 1.99995 1.99995 1.99995 1.99995 1.99995 1.99995 1.99995 1.98 1.99995 1.99995 1.99995 1.99995 1.99995 1.99995 1.99995 1.99995 1.99995 1.98 1.99995 1.99995 1.99995 1.99995 1.99995 1.99995 1.99995 1.99995 1.99995 1.98 1.99995 1.99995 1.99995 1.99995 1.99995 1.99995 1.99995 1.99995 1.99995 1.98 1.99995 1.99995 1.99995 1.99995 1.99995 1.99995 1.99995 1.99995 1.99995 1.98 1.99995 1.99995 1.99995 1.99995 1.99995 1.99995 1.99995 1.99995 1.99995 1.98 1.99995 1.99995 1.99995 1.99995 1.99995 1.99995 1.99995 1.99995 1.99995 1.98 1.99995 1.99995 1.99995 1.99995 1.99995 1.99995 1.99995 1.99995 1.99995 1.98 1.99995 1.99995 1.99995 1.98 1.99995 1.99995 1.98 1.99995 1.99995 1.99995 1.99995 1.99995 1.99995 1.98 1.99995 1.99995 1.98 1.99995 1.99995 1.99995 1.99995 1.99995 1.99995 1.98 1.99995 1.99995 1.98 1.99995 1.99995 1.99995 1.99995 1.99995 1.99995 1.98 1.99995 1.99995 1.98 1.99995 1.99995 1.99995 1.99995 1.99995 1.99995 1.98 1.99995 1.99995 1.98 1.99995 1.99995 1.99995 1.99995 1.99995 1.99995 1.98 1.99995 1.99995 1.98 1.99995 1.99995 1.99995 1.99995 1.99995 1.99995 1.98 1.99995 1.99995 1.98 1.99995 1.99995 1.99995 1.99995 1.99995 1.99995 1.98 1.99995 1.99995 1.98 1.99995 1.99995 1.99995 1.99995 1.99995 1.99995 1.98 1.99995 1.99995 1.98 1.99995 1.99995 1.99995 1.99995 1.99995 1.99995 1.98 1.99995 1.99995 1.98 1.99995 1.99995 1.99995 1.99995 1.99995 1.99995 1.99995 1.99995 1.99995 1.99995 1.99995 1.99995 1.99995 1.99995 1.99995 1.99995 1.99995 1.99995 1.99995 1.99995 1.99995 1.99995 1.99995 1.99995 1.99995 1.99995 1.99995 1.99995 1.99995 1.99995 1.99995 1.99995 1.99995 1.99995 1.99995 1.99995 1.99995 1.99995 1.99995 1.99995 1.99995 1.99995 1.99995 1.99995 1.99995 1.99995 1.99995 1.99995 1.99995 1.99995 1.99995 1.99995 1.99995 1.99995 1.99995 1.99995 1.99995 1.99995 1.99995 1.99995 1.99995 1.99995 1.99995 1.99995 1.99995 1.99995 1.99995 1.99995 1.99995 1.99995 1.99995 1.99995 1.99995 1.99995 1.99995 1.99995 1.99995 1.99995 1.99995 1.99995 1.99995 1.99995 1.99995 1.99995 1.99995 1.99995 1.99995 1.99995 1.99995 1.99995 1.99995 1.99995 1.99995 1.99995 1.99995 1.99995 1.99995 1.99995 1.99995 1.99995 1.99995 1.99995 1.99995 1.99995 1.99995 1.99995 1.99995 1.99995 1.99995 1.99995 1.99995 1.99995 1.98 1.99995 1.99995 1.99995 1.99995 1.99995 1.99995 1.99995 1.99995 1.99995 1.98 1.99995 1.99995 1.99995 1.99995 1.99995 1.99995 1.99995 1.99995 1.99995 1.98 1.99995 1.99995 1.99995 1.99995 1.99995 1.99995 1.99995 1.99995 1.99995 1.98 1.99995 1.99995 1.99995 1.99995 1.99995 1.99995 1.99995 1.99995 1.99995 1.98 1.99995 1.99995 1.99995 1.99995 1.99995 1.99995 1.99995 1.99995 1.99995 1.98 1.99995 1.99995 1.99995 1.99995 1.99995 1.99995 1.99995 1.99995 1.99995 1.98 1.99995 1.99995 1.99995 1.99995 1.99995 1.99995 1.99995 1.99995 1.99995 1.98 1.99995 1.99995 1.99995 1.99995 1.99995 1.99995 1.99995 1.99995 1.99995 1.98 1.99995 1.99995 1.99995 1.99995 1.99995 1.99995 1.99995 1.99995 1.99995 1.98 1.99995 1.99995 1.99995 1.98 1.99995 1.99995 1.98 1.99995 1.99995 1.99995 1.99995 1.99995 1.99995 1.98 1.99995 1.99995 1.98 1.99995 1.99995 1.99995 1.99995 1.99995 1.99995 1.98 1.99995 1.99995 1.98 1.99995 1.99995 1.99995 1.99995 1.99995 1.99995 1.98 1.99995 1.99995 1.98 1.99995 1.99995 1.99995 1.99995 1.99995 1.99995 1.98 1.99995 1.99995 1.98 1.99995 1.99995 1.99995 1.99995 1.99995 1.99995 1.98 1.99995 1.99995 1.98 1.99995 1.99995 1.99995 1.99995 1.99995 1.99995 1.98 1.99995 1.99995 1.98 1.99995 1.99995 1.99995 1.99995 1.99995 1.99995 1.98 1.99995 1.99995 1.98 1.99995 1.99995 1.99995 1.99995 1.99995 1.99995 1.98 1.99995 1.99995 1.98 1.99995 1.99995 1.99995 1.99995 1.99995 1.99995 1.98 1.99995 1.99995 1.98 1.99995 1.99995 1.99995 1.99995 1.99995 1.99995 1.99995 1.99995 1.99995 1.99995 1.99995 1.99995 1.99995 1.99995 1.99995 1.99995 1.99995 1.99995 1.99995 1.99995 1.99995 1.99995 1.99995 1.99995 1.99995 1.99995 1.99995 1.99995 1.99995 1.99995 1.99995 1.99995 1.99995 1.99995 1.99995 1.99995 1.99995 1.99995 1.99995 1.99995 1.99995 1.99995 1.99995 1.99995 1.99995 1.99995 1.99995 1.99995 1.99995 1.99995 1.99995 1.99995 1.99995 1.99995 1.99995 1.99995 1.99995 1.99995 1.99995 1.99995 1.99995 1.99995 1.99995 1.99995 1.99995 1.99995 1.99995 1.99995 1.99995 1.99995 1.99995 1.99995 1.99995 1.99995 1.99995 1.99995 1.99995 1.99995 1.99995 1.99995 1.99995 1.99995 1.99995 1.99995 1.99995 1.99995 1.99995 1.99995 1.99995 1.99995 1.99995 1.99995 1.99995 1.99995 1.99995 1.99995 1.99995 1.99995 1.99995 1.99995 1.99995 1.99995 1.99995 1.99995 1.99995 1.99995 1.99995 1.99995 1.99995 1.99995 1.99995 1.99995 1.98 1.99995 1.99995 1.99995 1.99995 1.99995 1.99995 1.99995 1.99995 1.99995 1.98 1.99995 1.99995 1.99995 1.99995 1.99995 1.99995 1.99995 1.99995 1.99995 1.98 1.99995 1.99995 1.99995 1.99995 1.99995 1.99995 1.99995 1.99995 1.99995 1.98 1.99995 1.99995 1.99995 1.99995 1.99995 1.99995 1.99995 1.99995 1.99995 1.98 1.99995 1.99995 1.99995 1.99995 1.99995 1.99995 1.99995 1.99995 1.99995 1.98 1.99995 1.99995 1.99995 1.99995 1.99995 1.99995 1.99995 1.99995 1.99995 1.98 1.99995 1.99995 1.99995 1.99995 1.99995 1.99995 1.99995 1.99995 1.99995 1.98 1.99995 1.99995 1.99995 1.99995 1.99995 1.99995 1.99995 1.99995 1.99995 1.98 1.99995 1.99995 1.99995 1.99995 1.99995 1.99995 1.99995 1.99995 1.99995 1.98 1.99995 1.99995 1.99995 1.98 1.99995 1.99995 1.98 1.99995 1.99995 1.99995 1.99995 1.99995 1.99995 1.98 1.99995 1.99995 1.98 1.99995 1.99995 1.99995 1.99995 1.99995 1.99995 1.98 1.99995 1.99995 1.98 1.99995 1.99995 1.99995 1.99995 1.99995 1.99995 1.98 1.99995 1.99995 1.98 1.99995 1.99995 1.99995 1.99995 1.99995 1.99995 1.98 1.99995 1.99995 1.98 1.99995 1.99995 1.99995 1.99995 1.99995 1.99995 1.98 1.99995 1.99995 1.98 1.99995 1.99995 1.99995 1.99995 1.99995 1.99995 1.98 1.99995 1.99995 1.98 1.99995 1.99995 1.99995 1.99995 1.99995 1.99995 1.98 1.99995 1.99995 1.98 1.99995 1.99995 1.99995 1.99995 1.99995 1.99995 1.98 1.99995 1.99995 1.98 1.99995 1.99995 1.99995 1.99995 1.99995 1.99995 1.98 1.99995 1.99995 1.98 1.99995 1.99995 1.99995 1.99995 1.99995 1.99995 1.99995 1.99995 1.99995 1.99995 1.99995 1.99995 1.99995 1.99995 1.99995 1.99995 1.99995 1.99995 1.99995 1.99995 1.99995 1.99995 1.99995 1.99995 1.99995 1.99995 1.99995 1.99995 1.99995 1.99995 1.99995 1.99995 1.99995 1.99995 1.99995 1.99995 1.99995 1.99995 1.99995 1.99995 1.99995 1.99995 1.99995 1.99995 1.99995 1.99995 1.99995 1.99995 1.99995 1.99995 1.99995 1.99995 1.99995 1.99995 1.99995 1.99995 1.99995 1.99995 1.99995 1.99995 1.99995 1.99995 1.99995 1.99995 1.99995 1.99995 1.99995 1.99995 1.99995 1.99995 1.99995 1.99995 1.99995 1.99995 1.99995 1.99995 1.99995 1.99995 1.99995 1.99995 1.99995 1.99995 1.99995 1.99995 1.99995 1.99995 1.99995 1.99995 1.99995 1.99995 1.99995 1.99995 1.99995 1.99995 1.99995 1.99995 1.99995 1.99995 1.99995 1.99995 1.99995 1.99995 1.99995 1.99995 1.99995 1.99995 1.99995 1.99995 1.99995 1.99995 1.99995 1.99995 1.98 1.99995 1.99995 1.99995 1.99995 1.99995 1.99995 1.99995 1.99995 1.99995 1.98 1.99995 1.99995 1.99995 1.99995 1.99995 1.99995 1.99995 1.99995 1.99995 1.98 1.99995 1.99995 1.99995 1.99995 1.99995 1.99995 1.99995 1.99995 1.99995 1.98 1.99995 1.99995 1.99995 1.99995 1.99995 1.99995 1.99995 1.99995 1.99995 1.98 1.99995 1.99995 1.99995 1.99995 1.99995 1.99995 1.99995 1.99995 1.99995 1.98 1.99995 1.99995 1.99995 1.99995 1.99995 1.99995 1.99995 1.99995 1.99995 1.98 1.99995 1.99995 1.99995 1.99995 1.99995 1.99995 1.99995 1.99995 1.99995 1.98 1.99995 1.99995 1.99995 1.99995 1.99995 1.99995 1.99995 1.99995 1.99995 1.98 1.99995 1.99995 1.99995 1.99995 1.99995 1.99995 1.99995 1.99995 1.99995 1.98 1.99995 1.99995 1.99995 1.99995 1.99995 1.99995 1.99995 1.99995 1.99995 1.98 1.99995 1.99995 1.99995 1.99995 1.99995 1.99995 1.99995 1.99995 1.99995 1.98 1.99995 1.99995 1.99995 1.99995 1.99995 1.99995 1.99995 1.99995 1.99995 1.98 1.99995 1.99995 1.99995 1.99995 1.99995 1.99995 1.99995 1.99995 1.99995 1.98 1.99995 1.99995 1.99995 1.99995 1.99995 1.99995 1.99995 1.99995 1.99995 1.98 1.99995 1.99995 1.99995 1.99995 1.99995 1.99995 1.99995 1.99995 1.99995 1.98 1.99995 1.99995 1.99995 1.99995 1.99995 1.99995 1.99995 1.99995 1.99995 1.98 1.99995 1.99995 1.99995 1.99995 1.99995 1.99995 1.99995 1.99995 1.99995 1.98 1.99995 1.99995 1.99995 1.99995 1.99995 1.99995 1.99995 1.99995 1.99995 1.98 1.99995 1.99995 1.99995 1.99995 1.99995 1.99995 1.99995 1.99995 1.99995 1.98 1.99995 1.99995 1.99995 1.98 1.99995 1.99995 1.98 1.99995 1.99995 1.99995 1.99995 1.99995 1.99995 1.98 1.99995 1.99995 1.98 1.99995 1.99995 1.99995 1.99995 1.99995 1.99995 1.98 1.99995 1.99995 1.98 1.99995 1.99995 1.99995 1.99995 1.99995 1.99995 1.98 1.99995 1.99995 1.98 1.99995 1.99995 1.99995 1.99995 1.99995 1.99995 1.98 1.99995 1.99995 1.98 1.99995 1.99995 1.99995 1.99995 1.99995 1.99995 1.98 1.99995 1.99995 1.98 1.99995 1.99995 1.99995 1.99995 1.99995 1.99995 1.98 1.99995 1.99995 1.98 1.99995 1.99995 1.99995 1.99995 1.99995 1.99995 1.98 1.99995 1.99995 1.98 1.99995 1.99995 1.99995 1.99995 1.99995 1.99995 1.98 1.99995 1.99995 1.98 1.99995 1.99995 1.99995 1.99995 1.99995 1.99995 1.98 1.99995 1.99995 1.98 1.99995 1.99995 1.99995 1.99995 1.99995 1.99995 1.99995 1.99995 1.99995 1.99995 1.99995 1.99995 1.99995 1.99995 1.99995 1.99995 1.99995 1.99995 1.99995 1.99995 1.99995 1.99995 1.99995 1.99995 1.99995 1.99995 1.99995 1.99995 1.99995 1.99995 1.99995 1.99995 1.99995 1.99995 1.99995 1.99995 1.99995 1.99995 1.99995 1.99995 1.99995 1.99995 1.99995 1.99995 1.99995 1.99995 1.99995 1.99995 1.99995 1.99995 1.99995 1.99995 1.99995 1.99995 1.99995 1.99995 1.99995 1.99995 1.99995 1.99995 1.99995 1.99995 1.99995 1.99995 1.99995 1.99995 1.99995 1.99995 1.99995 1.99995 1.99995 1.99995 1.99995 1.99995 1.99995 1.99995 1.99995 1.99995 1.99995 1.99995 1.99995 1.99995 1.99995 1.99995 1.99995 1.99995 1.99995 1.99995 1.99995 1.99995 1.99995 1.99995 1.99995 1.99995 1.99995 1.99995 1.99995 1.99995 1.99995 1.99995 1.99995 1.99995 1.99995 1.99995 1.99995 1.99995 1.99995 1.99995 1.99995 1.99995 1.99995 1.99995 1.98 1.99995 1.99995 1.99995 1.99995 1.99995 1.99995 1.99995 1.99995 1.99995 1.98 1.99995 1.99995 1.99995 1.99995 1.99995 1.99995 1.99995 1.99995 1.99995 1.98 1.99995 1.99995 1.99995 1.99995 1.99995 1.99995 1.99995 1.99995 1.99995 1.98 1.99995 1.99995 1.99995 1.99995 1.99995 1.99995 1.99995 1.99995 1.99995 1.98 1.99995 1.99995 1.99995 1.99995 1.99995 1.99995 1.99995 1.99995 1.99995 1.98 1.99995 1.99995 1.99995 1.99995 1.99995 1.99995 1.99995 1.99995 1.99995 1.98 1.99995 1.99995 1.99995 1.99995 1.99995 1.99995 1.99995 1.99995 1.99995 1.98 1.99995 1.99995 1.99995 1.99995 1.99995 1.99995 1.99995 1.99995 1.99995 1.98 1.99995 1.99995 1.99995 1.99995 1.99995 1.99995 1.99995 1.99995 1.99995 1.98 1.99995 1.99995 1.99995 1.98 1.99995 1.99995 1.98 1.99995 1.99995 1.99995 1.99995 1.99995 1.99995 1.98 1.99995 1.99995 1.98 1.99995 1.99995 1.99995 1.99995 1.99995 1.99995 1.98 1.99995 1.99995 1.98 1.99995 1.99995 1.99995 1.99995 1.99995 1.99995 1.98 1.99995 1.99995 1.98 1.99995 1.99995 1.99995 1.99995 1.99995 1.99995 1.98 1.99995 1.99995 1.98 1.99995 1.99995 1.99995 1.99995 1.99995 1.99995 1.98 1.99995 1.99995 1.98 1.99995 1.99995 1.99995 1.99995 1.99995 1.99995 1.98 1.99995 1.99995 1.98 1.99995 1.99995 1.99995 1.99995 1.99995 1.99995 1.98 1.99995 1.99995 1.98 1.99995 1.99995 1.99995 1.99995 1.99995 1.99995 1.98 1.99995 1.99995 1.98 1.99995 1.99995 1.99995 1.99995 1.99995 1.99995 1.98 1.99995 1.99995 1.98 1.99995 1.99995 1.99995 1.99995 1.99995 1.99995 1.99995 1.99995 1.99995 1.99995 1.99995 1.99995 1.99995 1.99995 1.99995 1.99995 1.99995 1.99995 1.99995 1.99995 1.99995 1.99995 1.99995 1.99995 1.99995 1.99995 1.99995 1.99995 1.99995 1.99995 1.99995 1.99995 1.99995 1.99995 1.99995 1.99995 1.99995 1.99995 1.99995 1.99995 1.99995 1.99995 1.99995 1.99995 1.99995 1.99995 1.99995 1.99995 1.99995 1.99995 1.99995 1.99995 1.99995 1.99995 1.99995 1.99995 1.99995 1.99995 1.99995 1.99995 1.99995 1.99995 1.99995 1.99995 1.99995 1.99995 1.99995 1.99995 1.99995 1.99995 1.99995 1.99995 1.99995 1.99995 1.99995 1.99995 1.99995 1.99995 1.99995 1.99995 1.99995 1.99995 1.99995 1.99995 1.99995 1.99995 1.99995 1.99995 1.99995 1.99995 1.99995 1.99995 1.99995 1.99995 1.99995 1.99995 1.99995 1.99995 1.99995 1.99995 1.99995 1.99995 1.99995 1.99995 1.99995 1.99995 1.99995 1.99995 1.99995 1.99995 1.99995 1.99995 1.98 1.99995 1.99995 1.99995 1.99995 1.99995 1.99995 1.99995 1.99995 1.99995 1.98 1.99995 1.99995 1.99995 1.99995 1.99995 1.99995 1.99995 1.99995 1.99995 1.98 1.99995 1.99995 1.99995 1.99995 1.99995 1.99995 1.99995 1.99995 1.99995 1.98 1.99995 1.99995 1.99995 1.99995 1.99995 1.99995 1.99995 1.99995 1.99995 1.98 1.99995 1.99995 1.99995 1.99995 1.99995 1.99995 1.99995 1.99995 1.99995 1.98 1.99995 1.99995 1.99995 1.99995 1.99995 1.99995 1.99995 1.99995 1.99995 1.98 1.99995 1.99995 1.99995 1.99995 1.99995 1.99995 1.99995 1.99995 1.99995 1.98 1.99995 1.99995 1.99995 1.99995 1.99995 1.99995 1.99995 1.99995 1.99995 1.98 1.99995 1.99995 1.99995 1.99995 1.99995 1.99995 1.99995 1.99995 1.99995 1.98 1.99995 1.99995 1.99995 1.98 1.99995 1.99995 1.98 1.99995 1.99995 1.99995 1.99995 1.99995 1.99995 1.98 1.99995 1.99995 1.98 1.99995 1.99995 1.99995 1.99995 1.99995 1.99995 1.98 1.99995 1.99995 1.98 1.99995 1.99995 1.99995 1.99995 1.99995 1.99995 1.98 1.99995 1.99995 1.98 1.99995 1.99995 1.99995 1.99995 1.99995 1.99995 1.98 1.99995 1.99995 1.98 1.99995 1.99995 1.99995 1.99995 1.99995 1.99995 1.98 1.99995 1.99995 1.98 1.99995 1.99995 1.99995 1.99995 1.99995 1.99995 1.98 1.99995 1.99995 1.98 1.99995 1.99995 1.99995 1.99995 1.99995 1.99995 1.98 1.99995 1.99995 1.98 1.99995 1.99995 1.99995 1.99995 1.99995 1.99995 1.98 1.99995 1.99995 1.98 1.99995 1.99995 1.99995 1.99995 1.99995 1.99995 1.98 1.99995 1.99995 1.98 1.99995 1.99995 1.99995 1.99995 1.99995 1.99995 1.99995 1.99995 1.99995 1.99995 1.99995 1.99995 1.99995 1.99995 1.99995 1.99995 1.99995 1.99995 1.99995 1.99995 1.99995 1.99995 1.99995 1.99995 1.99995 1.99995 1.99995 1.99995 1.99995 1.99995 1.99995 1.99995 1.99995 1.99995 1.99995 1.99995 1.99995 1.99995 1.99995 1.99995 1.99995 1.99995 1.99995 1.99995 1.99995 1.99995 1.99995 1.99995 1.99995 1.99995 1.99995 1.99995 1.99995 1.99995 1.99995 1.99995 1.99995 1.99995 1.99995 1.99995 1.99995 1.99995 1.99995 1.99995 1.99995 1.99995 1.99995 1.99995 1.99995 1.99995 1.99995 1.99995 1.99995 1.99995 1.99995 1.99995 1.99995 1.99995 1.99995 1.99995 1.99995 1.99995 1.99995 1.99995 1.99995 1.99995 1.99995 1.99995 1.99995 1.99995 1.99995 1.99995 1.99995 1.99995 1.99995 1.99995 1.99995 1.99995 1.99995 1.99995 1.99995 1.99995 1.99995 1.99995 1.99995 1.99995 1.99995 1.99995 1.99995 1.99995 1.99995 1.99995 1.98 1.99995 1.99995 1.99995 1.99995 1.99995 1.99995 1.99995 1.99995 1.99995 1.98 1.99995 1.99995 1.99995 1.99995 1.99995 1.99995 1.99995 1.99995 1.99995 1.98 1.99995 1.99995 1.99995 1.99995 1.99995 1.99995 1.99995 1.99995 1.99995 1.98 1.99995 1.99995 1.99995 1.99995 1.99995 1.99995 1.99995 1.99995 1.99995 1.98 1.99995 1.99995 1.99995 1.99995 1.99995 1.99995 1.99995 1.99995 1.99995 1.98 1.99995 1.99995 1.99995 1.99995 1.99995 1.99995 1.99995 1.99995 1.99995 1.98 1.99995 1.99995 1.99995 1.99995 1.99995 1.99995 1.99995 1.99995 1.99995 1.98 1.99995 1.99995 1.99995 1.99995 1.99995 1.99995 1.99995 1.99995 1.99995 1.98 1.99995 1.99995 1.99995 1.99995 1.99995 1.99995 1.99995 1.99995 1.99995 1.98 1.99995 1.99995 1.99995 1.99995 1.99995 1.99995 1.99995 1.99995 1.99995 1.98 1.99995 1.99995 1.99995 1.99995 1.99995 1.99995 1.99995 1.99995 1.99995 1.98 1.99995 1.99995 1.99995 1.99995 1.99995 1.99995 1.99995 1.99995 1.99995 1.98 1.99995 1.99995 1.99995 1.99995 1.99995 1.99995 1.99995 1.99995 1.99995 1.98 1.99995 1.99995 1.99995 1.99995 1.99995 1.99995 1.99995 1.99995 1.99995 1.98 1.99995 1.99995 1.99995 1.99995 1.99995 1.99995 1.99995 1.99995 1.99995 1.98 1.99995 1.99995 1.99995 1.99995 1.99995 1.99995 1.99995 1.99995 1.99995 1.98 1.99995 1.99995 1.99995 1.99995 1.99995 1.99995 1.99995 1.99995 1.99995 1.98 1.99995 1.99995 1.99995 1.99995 1.99995 1.99995 1.99995 1.99995 1.99995 1.98 1.99995 1.99995 1.99995 1.99995 1.99995 1.99995 1.99995 1.99995 1.99995 1.98 1.99995 1.99995 1.99995 1.98 1.99995 1.99995 1.98 1.99995 1.99995 1.99995 1.99995 1.99995 1.99995 1.98 1.99995 1.99995 1.98 1.99995 1.99995 1.99995 1.99995 1.99995 1.99995 1.98 1.99995 1.99995 1.98 1.99995 1.99995 1.99995 1.99995 1.99995 1.99995 1.98 1.99995 1.99995 1.98 1.99995 1.99995 1.99995 1.99995 1.99995 1.99995 1.98 1.99995 1.99995 1.98 1.99995 1.99995 1.99995 1.99995 1.99995 1.99995 1.98 1.99995 1.99995 1.98 1.99995 1.99995 1.99995 1.99995 1.99995 1.99995 1.98 1.99995 1.99995 1.98 1.99995 1.99995 1.99995 1.99995 1.99995 1.99995 1.98 1.99995 1.99995 1.98 1.99995 1.99995 1.99995 1.99995 1.99995 1.99995 1.98 1.99995 1.99995 1.98 1.99995 1.99995 1.99995 1.99995 1.99995 1.99995 1.98 1.99995 1.99995 1.98 1.99995 1.99995 1.99995 1.99995 1.99995 1.99995 1.99995 1.99995 1.99995 1.99995 1.99995 1.99995 1.99995 1.99995 1.99995 1.99995 1.99995 1.99995 1.99995 1.99995 1.99995 1.99995 1.99995 1.99995 1.99995 1.99995 1.99995 1.99995 1.99995 1.99995 1.99995 1.99995 1.99995 1.99995 1.99995 1.99995 1.99995 1.99995 1.99995 1.99995 1.99995 1.99995 1.99995 1.99995 1.99995 1.99995 1.99995 1.99995 1.99995 1.99995 1.99995 1.99995 1.99995 1.99995 1.99995 1.99995 1.99995 1.99995 1.99995 1.99995 1.99995 1.99995 1.99995 1.99995 1.99995 1.99995 1.99995 1.99995 1.99995 1.99995 1.99995 1.99995 1.99995 1.99995 1.99995 1.99995 1.99995 1.99995 1.99995 1.99995 1.99995 1.99995 1.99995 1.99995 1.99995 1.99995 1.99995 1.99995 1.99995 1.99995 1.99995 1.99995 1.99995 1.99995 1.99995 1.99995 1.99995 1.99995 1.99995 1.99995 1.99995 1.99995 1.99995 1.99995 1.99995 1.99995 1.99995 1.99995 1.99995 1.99995 1.99995 1.99995 1.98 1.99995 1.99995 1.99995 1.99995 1.99995 1.99995 1.99995 1.99995 1.99995 1.98 1.99995 1.99995 1.99995 1.99995 1.99995 1.99995 1.99995 1.99995 1.99995 1.98 1.99995 1.99995 1.99995 1.99995 1.99995 1.99995 1.99995 1.99995 1.99995 1.98 1.99995 1.99995 1.99995 1.99995 1.99995 1.99995 1.99995 1.99995 1.99995 1.98 1.99995 1.99995 1.99995 1.99995 1.99995 1.99995 1.99995 1.99995 1.99995 1.98 1.99995 1.99995 1.99995 1.99995 1.99995 1.99995 1.99995 1.99995 1.99995 1.98 1.99995 1.99995 1.99995 1.99995 1.99995 1.99995 1.99995 1.99995 1.99995 1.98 1.99995 1.99995 1.99995 1.99995 1.99995 1.99995 1.99995 1.99995 1.99995 1.98 1.99995 1.99995 1.99995 1.99995 1.99995 1.99995 1.99995 1.99995 1.99995 1.98 1.99995 1.99995 1.99995 1.98 1.99995 1.99995 1.98 1.99995 1.99995 1.99995 1.99995 1.99995 1.99995 1.98 1.99995 1.99995 1.98 1.99995 1.99995 1.99995 1.99995 1.99995 1.99995 1.98 1.99995 1.99995 1.98 1.99995 1.99995 1.99995 1.99995 1.99995 1.99995 1.98 1.99995 1.99995 1.98 1.99995 1.99995 1.99995 1.99995 1.99995 1.99995 1.98 1.99995 1.99995 1.98 1.99995 1.99995 1.99995 1.99995 1.99995 1.99995 1.98 1.99995 1.99995 1.98 1.99995 1.99995 1.99995 1.99995 1.99995 1.99995 1.98 1.99995 1.99995 1.98 1.99995 1.99995 1.99995 1.99995 1.99995 1.99995 1.98 1.99995 1.99995 1.98 1.99995 1.99995 1.99995 1.99995 1.99995 1.99995 1.98 1.99995 1.99995 1.98 1.99995 1.99995 1.99995 1.99995 1.99995 1.99995 1.98 1.99995 1.99995 1.98 1.99995 1.99995 1.99995 1.99995 1.99995 1.99995 1.99995 1.99995 1.99995 1.99995 1.99995 1.99995 1.99995 1.99995 1.99995 1.99995 1.99995 1.99995 1.99995 1.99995 1.99995 1.99995 1.99995 1.99995 1.99995 1.99995 1.99995 1.99995 1.99995 1.99995 1.99995 1.99995 1.99995 1.99995 1.99995 1.99995 1.99995 1.99995 1.99995 1.99995 1.99995 1.99995 1.99995 1.99995 1.99995 1.99995 1.99995 1.99995 1.99995 1.99995 1.99995 1.99995 1.99995 1.99995 1.99995 1.99995 1.99995 1.99995 1.99995 1.99995 1.99995 1.99995 1.99995 1.99995 1.99995 1.99995 1.99995 1.99995 1.99995 1.99995 1.99995 1.99995 1.99995 1.99995 1.99995 1.99995 1.99995 1.99995 1.99995 1.99995 1.99995 1.99995 1.99995 1.99995 1.99995 1.99995 1.99995 1.99995 1.99995 1.99995 1.99995 1.99995 1.99995 1.99995 1.99995 1.99995 1.99995 1.99995 1.99995 1.99995 1.99995 1.99995 1.99995 1.99995 1.99995 1.99995 1.99995 1.99995 1.99995 1.99995 1.99995 1.99995 1.98 1.99995 1.99995 1.99995 1.99995 1.99995 1.99995 1.99995 1.99995 1.99995 1.98 1.99995 1.99995 1.99995 1.99995 1.99995 1.99995 1.99995 1.99995 1.99995 1.98 1.99995 1.99995 1.99995 1.99995 1.99995 1.99995 1.99995 1.99995 1.99995 1.98 1.99995 1.99995 1.99995 1.99995 1.99995 1.99995 1.99995 1.99995 1.99995 1.98 1.99995 1.99995 1.99995 1.99995 1.99995 1.99995 1.99995 1.99995 1.99995 1.98 1.99995 1.99995 1.99995 1.99995 1.99995 1.99995 1.99995 1.99995 1.99995 1.98 1.99995 1.99995 1.99995 1.99995 1.99995 1.99995 1.99995 1.99995 1.99995 1.98 1.99995 1.99995 1.99995 1.99995 1.99995 1.99995 1.99995 1.99995 1.99995 1.98 1.99995 1.99995 1.99995 1.99995 1.99995 1.99995 1.99995 1.99995 1.99995 1.98 1.99995 1.99995 1.99995 1.98 1.99995 1.99995 1.98 1.99995 1.99995 1.99995 1.99995 1.99995 1.99995 1.98 1.99995 1.99995 1.98 1.99995 1.99995 1.99995 1.99995 1.99995 1.99995 1.98 1.99995 1.99995 1.98 1.99995 1.99995 1.99995 1.99995 1.99995 1.99995 1.98 1.99995 1.99995 1.98 1.99995 1.99995 1.99995 1.99995 1.99995 1.99995 1.98 1.99995 1.99995 1.98 1.99995 1.99995 1.99995 1.99995 1.99995 1.99995 1.98 1.99995 1.99995 1.98 1.99995 1.99995 1.99995 1.99995 1.99995 1.99995 1.98 1.99995 1.99995 1.98 1.99995 1.99995 1.99995 1.99995 1.99995 1.99995 1.98 1.99995 1.99995 1.98 1.99995 1.99995 1.99995 1.99995 1.99995 1.99995 1.98 1.99995 1.99995 1.98 1.99995 1.99995 1.99995 1.99995 1.99995 1.99995 1.98 1.99995 1.99995 1.98 1.99995 1.99995 1.99995 1.99995 1.99995 1.99995 1.99995 1.99995 1.99995 1.99995 1.99995 1.99995 1.99995 1.99995 1.99995 1.99995 1.99995 1.99995 1.99995 1.99995 1.99995 1.99995 1.99995 1.99995 1.99995 1.99995 1.99995 1.99995 1.99995 1.99995 1.99995 1.99995 1.99995 1.99995 1.99995 1.99995 1.99995 1.99995 1.99995 1.99995 1.99995 1.99995 1.99995 1.99995 1.99995 1.99995 1.99995 1.99995 1.99995 1.99995 1.99995 1.99995 1.99995 1.99995 1.99995 1.99995 1.99995 1.99995 1.99995 1.99995 1.99995 1.99995 1.99995 1.99995 1.99995 1.99995 1.99995 1.99995 1.99995 1.99995 1.99995 1.99995 1.99995 1.99995 1.99995 1.99995 1.99995 1.99995 1.99995 1.99995 1.99995 1.99995 1.99995 1.99995 1.99995 1.99995 1.99995 1.99995 1.99995 1.99995 1.99995 1.99995 1.99995 1.99995 1.99995 1.99995 1.99995 1.99995 1.99995 1.99995 1.99995 1.99995 1.99995 1.99995 1.99995 1.99995 1.99995 1.99995 1.99995 1.99995 1.99995 1.99995 1.98 1.99995 1.99995 1.99995 1.99995 1.99995 1.99995 1.99995 1.99995 1.99995 1.98 1.99995 1.99995 1.99995 1.99995 1.99995 1.99995 1.99995 1.99995 1.99995 1.98 1.99995 1.99995 1.99995 1.99995 1.99995 1.99995 1.99995 1.99995 1.99995 1.98 1.99995 1.99995 1.99995 1.99995 1.99995 1.99995 1.99995 1.99995 1.99995 1.98 1.99995 1.99995 1.99995 1.99995 1.99995 1.99995 1.99995 1.99995 1.99995 1.98 1.99995 1.99995 1.99995 1.99995 1.99995 1.99995 1.99995 1.99995 1.99995 1.98 1.99995 1.99995 1.99995 1.99995 1.99995 1.99995 1.99995 1.99995 1.99995 1.98 1.99995 1.99995 1.99995 1.99995 1.99995 1.99995 1.99995 1.99995 1.99995 1.98 1.99995 1.99995 1.99995 1.99995 1.99995 1.99995 1.99995 1.99995 1.99995 1.98 1.99995 1.99995 1.99995 1.99995 1.99995 1.99995 1.99995 1.99995 1.99995 1.98 1.99995 1.99995 1.99995 1.99995 1.99995 1.99995 1.99995 1.99995 1.99995 1.98 1.99995 1.99995 1.99995 1.99995 1.99995 1.99995 1.99995 1.99995 1.99995 1.98 1.99995 1.99995 1.99995 1.99995 1.99995 1.99995 1.99995 1.99995 1.99995 1.98 1.99995 1.99995 1.99995 1.99995 1.99995 1.99995 1.99995 1.99995 1.99995 1.98 1.99995 1.99995 1.99995 1.99995 1.99995 1.99995 1.99995 1.99995 1.99995 1.98 1.99995 1.99995 1.99995 1.99995 1.99995 1.99995 1.99995 1.99995 1.99995 1.98 1.99995 1.99995 1.99995 1.99995 1.99995 1.99995 1.99995 1.99995 1.99995 1.98 1.99995 1.99995 1.99995 1.99995 1.99995 1.99995 1.99995 1.99995 1.99995 1.98 1.99995 1.99995 1.99995 1.99995 1.99995 1.99995 1.99995 1.99995 1.99995 1.98 1.99995 1.99995 1.99995 1.98 1.99995 1.99995 1.98 1.99995 1.99995 1.99995 1.99995 1.99995 1.99995 1.98 1.99995 1.99995 1.98 1.99995 1.99995 1.99995 1.99995 1.99995 1.99995 1.98 1.99995 1.99995 1.98 1.99995 1.99995 1.99995 1.99995 1.99995 1.99995 1.98 1.99995 1.99995 1.98 1.99995 1.99995 1.99995 1.99995 1.99995 1.99995 1.98 1.99995 1.99995 1.98 1.99995 1.99995 1.99995 1.99995 1.99995 1.99995 1.98 1.99995 1.99995 1.98 1.99995 1.99995 1.99995 1.99995 1.99995 1.99995 1.98 1.99995 1.99995 1.98 1.99995 1.99995 1.99995 1.99995 1.99995 1.99995 1.98 1.99995 1.99995 1.98 1.99995 1.99995 1.99995 1.99995 1.99995 1.99995 1.98 1.99995 1.99995 1.98 1.99995 1.99995 1.99995 1.99995 1.99995 1.99995 1.98 1.99995 1.99995 1.98 1.99995 1.99995 1.99995 1.99995 1.99995 1.99995 1.99995 1.99995 1.99995 1.99995 1.99995 1.99995 1.99995 1.99995 1.99995 1.99995 1.99995 1.99995 1.99995 1.99995 1.99995 1.99995 1.99995 1.99995 1.99995 1.99995 1.99995 1.99995 1.99995 1.99995 1.99995 1.99995 1.99995 1.99995 1.99995 1.99995 1.99995 1.99995 1.99995 1.99995 1.99995 1.99995 1.99995 1.99995 1.99995 1.99995 1.99995 1.99995 1.99995 1.99995 1.99995 1.99995 1.99995 1.99995 1.99995 1.99995 1.99995 1.99995 1.99995 1.99995 1.99995 1.99995 1.99995 1.99995 1.99995 1.99995 1.99995 1.99995 1.99995 1.99995 1.99995 1.99995 1.99995 1.99995 1.99995 1.99995 1.99995 1.99995 1.99995 1.99995 1.99995 1.99995 1.99995 1.99995 1.99995 1.99995 1.99995 1.99995 1.99995 1.99995 1.99995 1.99995 1.99995 1.99995 1.99995 1.99995 1.99995 1.99995 1.99995 1.99995 1.99995 1.99995 1.99995 1.99995 1.99995 1.99995 1.99995 1.99995 1.99995 1.99995 1.99995 1.99995 1.98 1.99995 1.99995 1.99995 1.99995 1.99995 1.99995 1.99995 1.99995 1.99995 1.98 1.99995 1.99995 1.99995 1.99995 1.99995 1.99995 1.99995 1.99995 1.99995 1.98 1.99995 1.99995 1.99995 1.99995 1.99995 1.99995 1.99995 1.99995 1.99995 1.98 1.99995 1.99995 1.99995 1.99995 1.99995 1.99995 1.99995 1.99995 1.99995 1.98 1.99995 1.99995 1.99995 1.99995 1.99995 1.99995 1.99995 1.99995 1.99995 1.98 1.99995 1.99995 1.99995 1.99995 1.99995 1.99995 1.99995 1.99995 1.99995 1.98 1.99995 1.99995 1.99995 1.99995 1.99995 1.99995 1.99995 1.99995 1.99995 1.98 1.99995 1.99995 1.99995 1.99995 1.99995 1.99995 1.99995 1.99995 1.99995 1.98 1.99995 1.99995 1.99995 1.99995 1.99995 1.99995 1.99995 1.99995 1.99995 1.98 1.99995 1.99995 1.99995 1.98 1.99995 1.99995 1.98 1.99995 1.99995 1.99995 1.99995 1.99995 1.99995 1.98 1.99995 1.99995 1.98 1.99995 1.99995 1.99995 1.99995 1.99995 1.99995 1.98 1.99995 1.99995 1.98 1.99995 1.99995 1.99995 1.99995 1.99995 1.99995 1.98 1.99995 1.99995 1.98 1.99995 1.99995 1.99995 1.99995 1.99995 1.99995 1.98 1.99995 1.99995 1.98 1.99995 1.99995 1.99995 1.99995 1.99995 1.99995 1.98 1.99995 1.99995 1.98 1.99995 1.99995 1.99995 1.99995 1.99995 1.99995 1.98 1.99995 1.99995 1.98 1.99995 1.99995 1.99995 1.99995 1.99995 1.99995 1.98 1.99995 1.99995 1.98 1.99995 1.99995 1.99995 1.99995 1.99995 1.99995 1.98 1.99995 1.99995 1.98 1.99995 1.99995 1.99995 1.99995 1.99995 1.99995 1.98 1.99995 1.99995 1.98 1.99995 1.99995 1.99995 1.99995 1.99995 1.99995 1.99995 1.99995 1.99995 1.99995 1.99995 1.99995 1.99995 1.99995 1.99995 1.99995 1.99995 1.99995 1.99995 1.99995 1.99995 1.99995 1.99995 1.99995 1.99995 1.99995 1.99995 1.99995 1.99995 1.99995 1.99995 1.99995 1.99995 1.99995 1.99995 1.99995 1.99995 1.99995 1.99995 1.99995 1.99995 1.99995 1.99995 1.99995 1.99995 1.99995 1.99995 1.99995 1.99995 1.99995 1.99995 1.99995 1.99995 1.99995 1.99995 1.99995 1.99995 1.99995 1.99995 1.99995 1.99995 1.99995 1.99995 1.99995 1.99995 1.99995 1.99995 1.99995 1.99995 1.99995 1.99995 1.99995 1.99995 1.99995 1.99995 1.99995 1.99995 1.99995 1.99995 1.99995 1.99995 1.99995 1.99995 1.99995 1.99995 1.99995 1.99995 1.99995 1.99995 1.99995 1.99995 1.99995 1.99995 1.99995 1.99995 1.99995 1.99995 1.99995 1.99995 1.99995 1.99995 1.99995 1.99995 1.99995 1.99995 1.99995 1.99995 1.99995 1.99995 1.99995 1.99995 1.99995 1.98 1.99995 1.99995 1.99995 1.99995 1.99995 1.99995 1.99995 1.99995 1.99995 1.98 1.99995 1.99995 1.99995 1.99995 1.99995 1.99995 1.99995 1.99995 1.99995 1.98 1.99995 1.99995 1.99995 1.99995 1.99995 1.99995 1.99995 1.99995 1.99995 1.98 1.99995 1.99995 1.99995 1.99995 1.99995 1.99995 1.99995 1.99995 1.99995 1.98 1.99995 1.99995 1.99995 1.99995 1.99995 1.99995 1.99995 1.99995 1.99995 1.98 1.99995 1.99995 1.99995 1.99995 1.99995 1.99995 1.99995 1.99995 1.99995 1.98 1.99995 1.99995 1.99995 1.99995 1.99995 1.99995 1.99995 1.99995 1.99995 1.98 1.99995 1.99995 1.99995 1.99995 1.99995 1.99995 1.99995 1.99995 1.99995 1.98 1.99995 1.99995 1.99995 1.99995 1.99995 1.99995 1.99995 1.99995 1.99995 1.98 1.99995 1.99995 1.99995 1.98 1.99995 1.99995 1.98 1.99995 1.99995 1.99995 1.99995 1.99995 1.99995 1.98 1.99995 1.99995 1.98 1.99995 1.99995 1.99995 1.99995 1.99995 1.99995 1.98 1.99995 1.99995 1.98 1.99995 1.99995 1.99995 1.99995 1.99995 1.99995 1.98 1.99995 1.99995 1.98 1.99995 1.99995 1.99995 1.99995 1.99995 1.99995 1.98 1.99995 1.99995 1.98 1.99995 1.99995 1.99995 1.99995 1.99995 1.99995 1.98 1.99995 1.99995 1.98 1.99995 1.99995 1.99995 1.99995 1.99995 1.99995 1.98 1.99995 1.99995 1.98 1.99995 1.99995 1.99995 1.99995 1.99995 1.99995 1.98 1.99995 1.99995 1.98 1.99995 1.99995 1.99995 1.99995 1.99995 1.99995 1.98 1.99995 1.99995 1.98 1.99995 1.99995 1.99995 1.99995 1.99995 1.99995 1.98 1.99995 1.99995 1.98 1.99995 1.99995 1.99995 1.99995 1.99995 1.99995 1.99995 1.99995 1.99995 1.99995 1.99995 1.99995 1.99995 1.99995 1.99995 1.99995 1.99995 1.99995 1.99995 1.99995 1.99995 1.99995 1.99995 1.99995 1.99995 1.99995 1.99995 1.99995 1.99995 1.99995 1.99995 1.99995 1.99995 1.99995 1.99995 1.99995 1.99995 1.99995 1.99995 1.99995 1.99995 1.99995 1.99995 1.99995 1.99995 1.99995 1.99995 1.99995 1.99995 1.99995 1.99995 1.99995 1.99995 1.99995 1.99995 1.99995 1.99995 1.99995 1.99995 1.99995 1.99995 1.99995 1.99995 1.99995 1.99995 1.99995 1.99995 1.99995 1.99995 1.99995 1.99995 1.99995 1.99995 1.99995 1.99995 1.99995 1.99995 1.99995 1.99995 1.99995 1.99995 1.99995 1.99995 1.99995 1.99995 1.99995 1.99995 1.99995 1.99995 1.99995 1.99995 1.99995 1.99995 1.99995 1.99995 1.99995 1.99995 1.99995 1.99995 1.99995 1.99995 1.99995 1.99995 1.99995 1.99995 1.99995 1.99995 1.99995 1.99995 1.99995 1.99995 1.99995 1.98 1.99995 1.99995 1.99995 1.99995 1.99995 1.99995 1.99995 1.99995 1.99995 1.98 1.99995 1.99995 1.99995 1.99995 1.99995 1.99995 1.99995 1.99995 1.99995 1.98 1.99995 1.99995 1.99995 1.99995 1.99995 1.99995 1.99995 1.99995 1.99995 1.98 1.99995 1.99995 1.99995 1.99995 1.99995 1.99995 1.99995 1.99995 1.99995 1.98 1.99995 1.99995 1.99995 1.99995 1.99995 1.99995 1.99995 1.99995 1.99995 1.98 1.99995 1.99995 1.99995 1.99995 1.99995 1.99995 1.99995 1.99995 1.99995 1.98 1.99995 1.99995 1.99995 1.99995 1.99995 1.99995 1.99995 1.99995 1.99995 1.98 1.99995 1.99995 1.99995 1.99995 1.99995 1.99995 1.99995 1.99995 1.99995 1.98 1.99995 1.99995 1.99995 1.99995 1.99995 1.99995 1.99995 1.99995 1.99995 1.98 1.99995 1.99995 1.99995 1.99995 1.99995 1.99995 1.99995 1.99995 1.99995 1.98 1.99995 1.99995 1.99995 1.99995 1.99995 1.99995 1.99995 1.99995 1.99995 1.98 1.99995 1.99995 1.99995 1.99995 1.99995 1.99995 1.99995 1.99995 1.99995 1.98 1.99995 1.99995 1.99995 1.99995 1.99995 1.99995 1.99995 1.99995 1.99995 1.98 1.99995 1.99995 1.99995 1.99995 1.99995 1.99995 1.99995 1.99995 1.99995 1.98 1.99995 1.99995 1.99995 1.99995 1.99995 1.99995 1.99995 1.99995 1.99995 1.98 1.99995 1.99995 1.99995 1.99995 1.99995 1.99995 1.99995 1.99995 1.99995 1.98 1.99995 1.99995 1.99995 1.99995 1.99995 1.99995 1.99995 1.99995 1.99995 1.98 1.99995 1.99995 1.99995 1.99995 1.99995 1.99995 1.99995 1.99995 1.99995 1.98 1.99995 1.99995 1.99995 1.99995 1.99995 1.99995 1.99995 1.99995 1.99995 1.98 1.99995 1.99995 1.99995 1.98 1.99995 1.99995 1.98 1.99995 1.99995 1.99995 1.99995 1.99995 1.99995 1.98 1.99995 1.99995 1.98 1.99995 1.99995 1.99995 1.99995 1.99995 1.99995 1.98 1.99995 1.99995 1.98 1.99995 1.99995 1.99995 1.99995 1.99995 1.99995 1.98 1.99995 1.99995 1.98 1.99995 1.99995 1.99995 1.99995 1.99995 1.99995 1.98 1.99995 1.99995 1.98 1.99995 1.99995 1.99995 1.99995 1.99995 1.99995 1.98 1.99995 1.99995 1.98 1.99995 1.99995 1.99995 1.99995 1.99995 1.99995 1.98 1.99995 1.99995 1.98 1.99995 1.99995 1.99995 1.99995 1.99995 1.99995 1.98 1.99995 1.99995 1.98 1.99995 1.99995 1.99995 1.99995 1.99995 1.99995 1.98 1.99995 1.99995 1.98 1.99995 1.99995 1.99995 1.99995 1.99995 1.99995 1.98 1.99995 1.99995 1.98 1.99995 1.99995 1.99995 1.99995 1.99995 1.99995 1.99995 1.99995 1.99995 1.99995 1.99995 1.99995 1.99995 1.99995 1.99995 1.99995 1.99995 1.99995 1.99995 1.99995 1.99995 1.99995 1.99995 1.99995 1.99995 1.99995 1.99995 1.99995 1.99995 1.99995 1.99995 1.99995 1.99995 1.99995 1.99995 1.99995 1.99995 1.99995 1.99995 1.99995 1.99995 1.99995 1.99995 1.99995 1.99995 1.99995 1.99995 1.99995 1.99995 1.99995 1.99995 1.99995 1.99995 1.99995 1.99995 1.99995 1.99995 1.99995 1.99995 1.99995 1.99995 1.99995 1.99995 1.99995 1.99995 1.99995 1.99995 1.99995 1.99995 1.99995 1.99995 1.99995 1.99995 1.99995 1.99995 1.99995 1.99995 1.99995 1.99995 1.99995 1.99995 1.99995 1.99995 1.99995 1.99995 1.99995 1.99995 1.99995 1.99995 1.99995 1.99995 1.99995 1.99995 1.99995 1.99995 1.99995 1.99995 1.99995 1.99995 1.99995 1.99995 1.99995 1.99995 1.99995 1.99995 1.99995 1.99995 1.99995 1.99995 1.99995 1.99995 1.99995 1.98 1.99995 1.99995 1.99995 1.99995 1.99995 1.99995 1.99995 1.99995 1.99995 1.98 1.99995 1.99995 1.99995 1.99995 1.99995 1.99995 1.99995 1.99995 1.99995 1.98 1.99995 1.99995 1.99995 1.99995 1.99995 1.99995 1.99995 1.99995 1.99995 1.98 1.99995 1.99995 1.99995 1.99995 1.99995 1.99995 1.99995 1.99995 1.99995 1.98 1.99995 1.99995 1.99995 1.99995 1.99995 1.99995 1.99995 1.99995 1.99995 1.98 1.99995 1.99995 1.99995 1.99995 1.99995 1.99995 1.99995 1.99995 1.99995 1.98 1.99995 1.99995 1.99995 1.99995 1.99995 1.99995 1.99995 1.99995 1.99995 1.98 1.99995 1.99995 1.99995 1.99995 1.99995 1.99995 1.99995 1.99995 1.99995 1.98 1.99995 1.99995 1.99995 1.99995 1.99995 1.99995 1.99995 1.99995 1.99995 1.98 1.99995 1.99995 1.99995 1.98 1.99995 1.99995 1.98 1.99995 1.99995 1.99995 1.99995 1.99995 1.99995 1.98 1.99995 1.99995 1.98 1.99995 1.99995 1.99995 1.99995 1.99995 1.99995 1.98 1.99995 1.99995 1.98 1.99995 1.99995 1.99995 1.99995 1.99995 1.99995 1.98 1.99995 1.99995 1.98 1.99995 1.99995 1.99995 1.99995 1.99995 1.99995 1.98 1.99995 1.99995 1.98 1.99995 1.99995 1.99995 1.99995 1.99995 1.99995 1.98 1.99995 1.99995 1.98 1.99995 1.99995 1.99995 1.99995 1.99995 1.99995 1.98 1.99995 1.99995 1.98 1.99995 1.99995 1.99995 1.99995 1.99995 1.99995 1.98 1.99995 1.99995 1.98 1.99995 1.99995 1.99995 1.99995 1.99995 1.99995 1.98 1.99995 1.99995 1.98 1.99995 1.99995 1.99995 1.99995 1.99995 1.99995 1.98 1.99995 1.99995 1.98 1.99995 1.99995 1.99995 1.99995 1.99995 1.99995 1.99995 1.99995 1.99995 1.99995 1.99995 1.99995 1.99995 1.99995 1.99995 1.99995 1.99995 1.99995 1.99995 1.99995 1.99995 1.99995 1.99995 1.99995 1.99995 1.99995 1.99995 1.99995 1.99995 1.99995 1.99995 1.99995 1.99995 1.99995 1.99995 1.99995 1.99995 1.99995 1.99995 1.99995 1.99995 1.99995 1.99995 1.99995 1.99995 1.99995 1.99995 1.99995 1.99995 1.99995 1.99995 1.99995 1.99995 1.99995 1.99995 1.99995 1.99995 1.99995 1.99995 1.99995 1.99995 1.99995 1.99995 1.99995 1.99995 1.99995 1.99995 1.99995 1.99995 1.99995 1.99995 1.99995 1.99995 1.99995 1.99995 1.99995 1.99995 1.99995 1.99995 1.99995 1.99995 1.99995 1.99995 1.99995 1.99995 1.99995 1.99995 1.99995 1.99995 1.99995 1.99995 1.99995 1.99995 1.99995 1.99995 1.99995 1.99995 1.99995 1.99995 1.99995 1.99995 1.99995 1.99995 1.99995 1.99995 1.99995 1.99995 1.99995 1.99995 1.99995 1.99995 1.99995 1.98 1.99995 1.99995 1.99995 1.99995 1.99995 1.99995 1.99995 1.99995 1.99995 1.98 1.99995 1.99995 1.99995 1.99995 1.99995 1.99995 1.99995 1.99995 1.99995 1.98 1.99995 1.99995 1.99995 1.99995 1.99995 1.99995 1.99995 1.99995 1.99995 1.98 1.99995 1.99995 1.99995 1.99995 1.99995 1.99995 1.99995 1.99995 1.99995 1.98 1.99995 1.99995 1.99995 1.99995 1.99995 1.99995 1.99995 1.99995 1.99995 1.98 1.99995 1.99995 1.99995 1.99995 1.99995 1.99995 1.99995 1.99995 1.99995 1.98 1.99995 1.99995 1.99995 1.99995 1.99995 1.99995 1.99995 1.99995 1.99995 1.98 1.99995 1.99995 1.99995 1.99995 1.99995 1.99995 1.99995 1.99995 1.99995 1.98 1.99995 1.99995 1.99995 1.99995 1.99995 1.99995 1.99995 1.99995 1.99995 1.98 1.99995 1.99995 1.99995 1.98 1.99995 1.99995 1.98 1.99995 1.99995 1.99995 1.99995 1.99995 1.99995 1.98 1.99995 1.99995 1.98 1.99995 1.99995 1.99995 1.99995 1.99995 1.99995 1.98 1.99995 1.99995 1.98 1.99995 1.99995 1.99995 1.99995 1.99995 1.99995 1.98 1.99995 1.99995 1.98 1.99995 1.99995 1.99995 1.99995 1.99995 1.99995 1.98 1.99995 1.99995 1.98 1.99995 1.99995 1.99995 1.99995 1.99995 1.99995 1.98 1.99995 1.99995 1.98 1.99995 1.99995 1.99995 1.99995 1.99995 1.99995 1.98 1.99995 1.99995 1.98 1.99995 1.99995 1.99995 1.99995 1.99995 1.99995 1.98 1.99995 1.99995 1.98 1.99995 1.99995 1.99995 1.99995 1.99995 1.99995 1.98 1.99995 1.99995 1.98 1.99995 1.99995 1.99995 1.99995 1.99995 1.99995 1.98 1.99995 1.99995 1.98 1.99995 1.99995 1.99995 1.99995 1.99995 1.99995 1.99995 1.99995 1.99995 1.99995 1.99995 1.99995 1.99995 1.99995 1.99995 1.99995 1.99995 1.99995 1.99995 1.99995 1.99995 1.99995 1.99995 1.99995 1.99995 1.99995 1.99995 1.99995 1.99995 1.99995 1.99995 1.99995 1.99995 1.99995 1.99995 1.99995 1.99995 1.99995 1.99995 1.99995 1.99995 1.99995 1.99995 1.99995 1.99995 1.99995 1.99995 1.99995 1.99995 1.99995 1.99995 1.99995 1.99995 1.99995 1.99995 1.99995 1.99995 1.99995 1.99995 1.99995 1.99995 1.99995 1.99995 1.99995 1.99995 1.99995 1.99995 1.99995 1.99995 1.99995 1.99995 1.99995 1.99995 1.99995 1.99995 1.99995 1.99995 1.99995 1.99995 1.99995 1.99995 1.99995 1.99995 1.99995 1.99995 1.99995 1.99995 1.99995 1.99995 1.99995 1.99995 1.99995 1.99995 1.99995 1.99995 1.99995 1.99995 1.99995 1.99995 1.99995 1.99995 1.99995 1.99995 1.99995 1.99995 1.99995 1.99995 1.99995 1.99995 1.99995 1.99995 1.99995 1.98 1.99995 1.99995 1.99995 1.99995 1.99995 1.99995 1.99995 1.99995 1.99995 1.98 1.99995 1.99995 1.99995 1.99995 1.99995 1.99995 1.99995 1.99995 1.99995 1.98 1.99995 1.99995 1.99995 1.99995 1.99995 1.99995 1.99995 1.99995 1.99995 1.98 1.99995 1.99995 1.99995 1.99995 1.99995 1.99995 1.99995 1.99995 1.99995 1.98 1.99995 1.99995 1.99995 1.99995 1.99995 1.99995 1.99995 1.99995 1.99995 1.98 1.99995 1.99995 1.99995 1.99995 1.99995 1.99995 1.99995 1.99995 1.99995 1.98 1.99995 1.99995 1.99995 1.99995 1.99995 1.99995 1.99995 1.99995 1.99995 1.98 1.99995 1.99995 1.99995 1.99995 1.99995 1.99995 1.99995 1.99995 1.99995 1.98 1.99995 1.99995 1.99995 1.99995 1.99995 1.99995 1.99995 1.99995 1.99995 1.98 1.99995 1.99995 1.99995 1.99995 1.99995 1.99995 1.99995 1.99995 1.99995 1.98 1.99995 1.99995 1.99995 1.99995 1.99995 1.99995 1.99995 1.99995 1.99995 1.98 1.99995 1.99995 1.99995 1.99995 1.99995 1.99995 1.99995 1.99995 1.99995 1.98 1.99995 1.99995 1.99995 1.99995 1.99995 1.99995 1.99995 1.99995 1.99995 1.98 1.99995 1.99995 1.99995 1.99995 1.99995 1.99995 1.99995 1.99995 1.99995 1.98 1.99995 1.99995 1.99995 1.99995 1.99995 1.99995 1.99995 1.99995 1.99995 1.98 1.99995 1.99995 1.99995 1.99995 1.99995 1.99995 1.99995 1.99995 1.99995 1.98 1.99995 1.99995 1.99995 1.99995 1.99995 1.99995 1.99995 1.99995 1.99995 1.98 1.99995 1.99995 1.99995 1.99995 1.99995 1.99995 1.99995 1.99995 1.99995 1.98 1.99995 1.99995 1.99995 1.99995 1.99995 1.99995 1.99995 1.99995 1.99995 1.98 1.99995 1.99995 1.99995 1.98 1.99995 1.99995 1.98 1.99995 1.99995 1.99995 1.99995 1.99995 1.99995 1.98 1.99995 1.99995 1.98 1.99995 1.99995 1.99995 1.99995 1.99995 1.99995 1.98 1.99995 1.99995 1.98 1.99995 1.99995 1.99995 1.99995 1.99995 1.99995 1.98 1.99995 1.99995 1.98 1.99995 1.99995 1.99995 1.99995 1.99995 1.99995 1.98 1.99995 1.99995 1.98 1.99995 1.99995 1.99995 1.99995 1.99995 1.99995 1.98 1.99995 1.99995 1.98 1.99995 1.99995 1.99995 1.99995 1.99995 1.99995 1.98 1.99995 1.99995 1.98 1.99995 1.99995 1.99995 1.99995 1.99995 1.99995 1.98 1.99995 1.99995 1.98 1.99995 1.99995 1.99995 1.99995 1.99995 1.99995 1.98 1.99995 1.99995 1.98 1.99995 1.99995 1.99995 1.99995 1.99995 1.99995 1.98 1.99995 1.99995 1.98 1.99995 1.99995 1.99995 1.99995 1.99995 1.99995 1.99995 1.99995 1.99995 1.99995 1.99995 1.99995 1.99995 1.99995 1.99995 1.99995 1.99995 1.99995 1.99995 1.99995 1.99995 1.99995 1.99995 1.99995 1.99995 1.99995 1.99995 1.99995 1.99995 1.99995 1.99995 1.99995 1.99995 1.99995 1.99995 1.99995 1.99995 1.99995 1.99995 1.99995 1.99995 1.99995 1.99995 1.99995 1.99995 1.99995 1.99995 1.99995 1.99995 1.99995 1.99995 1.99995 1.99995 1.99995 1.99995 1.99995 1.99995 1.99995 1.99995 1.99995 1.99995 1.99995 1.99995 1.99995 1.99995 1.99995 1.99995 1.99995 1.99995 1.99995 1.99995 1.99995 1.99995 1.99995 1.99995 1.99995 1.99995 1.99995 1.99995 1.99995 1.99995 1.99995 1.99995 1.99995 1.99995 1.99995 1.99995 1.99995 1.99995 1.99995 1.99995 1.99995 1.99995 1.99995 1.99995 1.99995 1.99995 1.99995 1.99995 1.99995 1.99995 1.99995 1.99995 1.99995 1.99995 1.99995 1.99995 1.99995 1.99995 1.99995 1.99995 1.99995 1.98 1.99995 1.99995 1.99995 1.99995 1.99995 1.99995 1.99995 1.99995 1.99995 1.98 1.99995 1.99995 1.99995 1.99995 1.99995 1.99995 1.99995 1.99995 1.99995 1.98 1.99995 1.99995 1.99995 1.99995 1.99995 1.99995 1.99995 1.99995 1.99995 1.98 1.99995 1.99995 1.99995 1.99995 1.99995 1.99995 1.99995 1.99995 1.99995 1.98 1.99995 1.99995 1.99995 1.99995 1.99995 1.99995 1.99995 1.99995 1.99995 1.98 1.99995 1.99995 1.99995 1.99995 1.99995 1.99995 1.99995 1.99995 1.99995 1.98 1.99995 1.99995 1.99995 1.99995 1.99995 1.99995 1.99995 1.99995 1.99995 1.98 1.99995 1.99995 1.99995 1.99995 1.99995 1.99995 1.99995 1.99995 1.99995 1.98 1.99995 1.99995 1.99995 1.99995 1.99995 1.99995 1.99995 1.99995 1.99995 1.98 1.99995 1.99995 1.99995 1.98 1.99995 1.99995 1.98 1.99995 1.99995 1.99995 1.99995 1.99995 1.99995 1.98 1.99995 1.99995 1.98 1.99995 1.99995 1.99995 1.99995 1.99995 1.99995 1.98 1.99995 1.99995 1.98 1.99995 1.99995 1.99995 1.99995 1.99995 1.99995 1.98 1.99995 1.99995 1.98 1.99995 1.99995 1.99995 1.99995 1.99995 1.99995 1.98 1.99995 1.99995 1.98 1.99995 1.99995 1.99995 1.99995 1.99995 1.99995 1.98 1.99995 1.99995 1.98 1.99995 1.99995 1.99995 1.99995 1.99995 1.99995 1.98 1.99995 1.99995 1.98 1.99995 1.99995 1.99995 1.99995 1.99995 1.99995 1.98 1.99995 1.99995 1.98 1.99995 1.99995 1.99995 1.99995 1.99995 1.99995 1.98 1.99995 1.99995 1.98 1.99995 1.99995 1.99995 1.99995 1.99995 1.99995 1.98 1.99995 1.99995 1.98 1.99995 1.99995 1.99995 1.99995 1.99995 1.99995 1.99995 1.99995 1.99995 1.99995 1.99995 1.99995 1.99995 1.99995 1.99995 1.99995 1.99995 1.99995 1.99995 1.99995 1.99995 1.99995 1.99995 1.99995 1.99995 1.99995 1.99995 1.99995 1.99995 1.99995 1.99995 1.99995 1.99995 1.99995 1.99995 1.99995 1.99995 1.99995 1.99995 1.99995 1.99995 1.99995 1.99995 1.99995 1.99995 1.99995 1.99995 1.99995 1.99995 1.99995 1.99995 1.99995 1.99995 1.99995 1.99995 1.99995 1.99995 1.99995 1.99995 1.99995 1.99995 1.99995 1.99995 1.99995 1.99995 1.99995 1.99995 1.99995 1.99995 1.99995 1.99995 1.99995 1.99995 1.99995 1.99995 1.99995 1.99995 1.99995 1.99995 1.99995 1.99995 1.99995 1.99995 1.99995 1.99995 1.99995 1.99995 1.99995 1.99995 1.99995 1.99995 1.99995 1.99995 1.99995 1.99995 1.99995 1.99995 1.99995 1.99995 1.99995 1.99995 1.99995 1.99995 1.99995 1.99995 1.99995 1.99995 1.99995 1.99995 1.99995 1.99995 1.99995 1.98 1.99995 1.99995 1.99995 1.99995 1.99995 1.99995 1.99995 1.99995 1.99995 1.98 1.99995 1.99995 1.99995 1.99995 1.99995 1.99995 1.99995 1.99995 1.99995 1.98 1.99995 1.99995 1.99995 1.99995 1.99995 1.99995 1.99995 1.99995 1.99995 1.98 1.99995 1.99995 1.99995 1.99995 1.99995 1.99995 1.99995 1.99995 1.99995 1.98 1.99995 1.99995 1.99995 1.99995 1.99995 1.99995 1.99995 1.99995 1.99995 1.98 1.99995 1.99995 1.99995 1.99995 1.99995 1.99995 1.99995 1.99995 1.99995 1.98 1.99995 1.99995 1.99995 1.99995 1.99995 1.99995 1.99995 1.99995 1.99995 1.98 1.99995 1.99995 1.99995 1.99995 1.99995 1.99995 1.99995 1.99995 1.99995 1.98 1.99995 1.99995 1.99995 1.99995 1.99995 1.99995 1.99995 1.99995 1.99995 1.98 1.99995 1.99995 1.99995 1.98 1.99995 1.99995 1.98 1.99995 1.99995 1.99995 1.99995 1.99995 1.99995 1.98 1.99995 1.99995 1.98 1.99995 1.99995 1.99995 1.99995 1.99995 1.99995 1.98 1.99995 1.99995 1.98 1.99995 1.99995 1.99995 1.99995 1.99995 1.99995 1.98 1.99995 1.99995 1.98 1.99995 1.99995 1.99995 1.99995 1.99995 1.99995 1.98 1.99995 1.99995 1.98 1.99995 1.99995 1.99995 1.99995 1.99995 1.99995 1.98 1.99995 1.99995 1.98 1.99995 1.99995 1.99995 1.99995 1.99995 1.99995 1.98 1.99995 1.99995 1.98 1.99995 1.99995 1.99995 1.99995 1.99995 1.99995 1.98 1.99995 1.99995 1.98 1.99995 1.99995 1.99995 1.99995 1.99995 1.99995 1.98 1.99995 1.99995 1.98 1.99995 1.99995 1.99995 1.99995 1.99995 1.99995 1.98 1.99995 1.99995 1.98 1.99995 1.99995 1.99995 1.99995 1.99995 1.99995 1.99995 1.99995 1.99995 1.99995 1.99995 1.99995 1.99995 1.99995 1.99995 1.99995 1.99995 1.99995 1.99995 1.99995 1.99995 1.99995 1.99995 1.99995 1.99995 1.99995 1.99995 1.99995 1.99995 1.99995 1.99995 1.99995 1.99995 1.99995 1.99995 1.99995 1.99995 1.99995 1.99995 1.99995 1.99995 1.99995 1.99995 1.99995 1.99995 1.99995 1.99995 1.99995 1.99995 1.99995 1.99995 1.99995 1.99995 1.99995 1.99995 1.99995 1.99995 1.99995 1.99995 1.99995 1.99995 1.99995 1.99995 1.99995 1.99995 1.99995 1.99995 1.99995 1.99995 1.99995 1.99995 1.99995 1.99995 1.99995 1.99995 1.99995 1.99995 1.99995 1.99995 1.99995 1.99995 1.99995 1.99995 1.99995 1.99995 1.99995 1.99995 1.99995 1.99995 1.99995 1.99995 1.99995 1.99995 1.99995 1.99995 1.99995 1.99995 1.99995 1.99995 1.99995 1.99995 1.99995 1.99995 1.99995 1.99995 1.99995 1.99995 1.99995 1.99995 1.99995 1.99995 1.99995 1.98 1.99995 1.99995 1.99995 1.99995 1.99995 1.99995 1.99995 1.99995 1.99995 1.98 1.99995 1.99995 1.99995 1.99995 1.99995 1.99995 1.99995 1.99995 1.99995 1.98 1.99995 1.99995 1.99995 1.99995 1.99995 1.99995 1.99995 1.99995 1.99995 1.98 1.99995 1.99995 1.99995 1.99995 1.99995 1.99995 1.99995 1.99995 1.99995 1.98 1.99995 1.99995 1.99995 1.99995 1.99995 1.99995 1.99995 1.99995 1.99995 1.98 1.99995 1.99995 1.99995 1.99995 1.99995 1.99995 1.99995 1.99995 1.99995 1.98 1.99995 1.99995 1.99995 1.99995 1.99995 1.99995 1.99995 1.99995 1.99995 1.98 1.99995 1.99995 1.99995 1.99995 1.99995 1.99995 1.99995 1.99995 1.99995 1.98 1.99995 1.99995 1.99995 1.99995 1.99995 1.99995 1.99995 1.99995 1.99995 1.98 1.99995 1.99995 1.99995 1.99995 1.99995 1.99995 1.99995 1.99995 1.99995 1.98 1.99995 1.99995 1.99995 1.99995 1.99995 1.99995 1.99995 1.99995 1.99995 1.98 1.99995 1.99995 1.99995 1.99995 1.99995 1.99995 1.99995 1.99995 1.99995 1.98 1.99995 1.99995 1.99995 1.99995 1.99995 1.99995 1.99995 1.99995 1.99995 1.98 1.99995 1.99995 1.99995 1.99995 1.99995 1.99995 1.99995 1.99995 1.99995 1.98 1.99995 1.99995 1.99995 1.99995 1.99995 1.99995 1.99995 1.99995 1.99995 1.98 1.99995 1.99995 1.99995 1.99995 1.99995 1.99995 1.99995 1.99995 1.99995 1.98 1.99995 1.99995 1.99995 1.99995 1.99995 1.99995 1.99995 1.99995 1.99995 1.98 1.99995 1.99995 1.99995 1.99995 1.99995 1.99995 1.99995 1.99995 1.99995 1.98 1.99995 1.99995 1.99995 1.99995 1.99995 1.99995 1.99995 1.99995 1.99995 1.98 1.99995 1.99995 1.99995 1.98 1.99995 1.99995 1.98 1.99995 1.99995 1.99995 1.99995 1.99995 1.99995 1.98 1.99995 1.99995 1.98 1.99995 1.99995 1.99995 1.99995 1.99995 1.99995 1.98 1.99995 1.99995 1.98 1.99995 1.99995 1.99995 1.99995 1.99995 1.99995 1.98 1.99995 1.99995 1.98 1.99995 1.99995 1.99995 1.99995 1.99995 1.99995 1.98 1.99995 1.99995 1.98 1.99995 1.99995 1.99995 1.99995 1.99995 1.99995 1.98 1.99995 1.99995 1.98 1.99995 1.99995 1.99995 1.99995 1.99995 1.99995 1.98 1.99995 1.99995 1.98 1.99995 1.99995 1.99995 1.99995 1.99995 1.99995 1.98 1.99995 1.99995 1.98 1.99995 1.99995 1.99995 1.99995 1.99995 1.99995 1.98 1.99995 1.99995 1.98 1.99995 1.99995 1.99995 1.99995 1.99995 1.99995 1.98 1.99995 1.99995 1.98 1.99995 1.99995 1.99995 1.99995 1.99995 1.99995 1.99995 1.99995 1.99995 1.99995 1.99995 1.99995 1.99995 1.99995 1.99995 1.99995 1.99995 1.99995 1.99995 1.99995 1.99995 1.99995 1.99995 1.99995 1.99995 1.99995 1.99995 1.99995 1.99995 1.99995 1.99995 1.99995 1.99995 1.99995 1.99995 1.99995 1.99995 1.99995 1.99995 1.99995 1.99995 1.99995 1.99995 1.99995 1.99995 1.99995 1.99995 1.99995 1.99995 1.99995 1.99995 1.99995 1.99995 1.99995 1.99995 1.99995 1.99995 1.99995 1.99995 1.99995 1.99995 1.99995 1.99995 1.99995 1.99995 1.99995 1.99995 1.99995 1.99995 1.99995 1.99995 1.99995 1.99995 1.99995 1.99995 1.99995 1.99995 1.99995 1.99995 1.99995 1.99995 1.99995 1.99995 1.99995 1.99995 1.99995 1.99995 1.99995 1.99995 1.99995 1.99995 1.99995 1.99995 1.99995 1.99995 1.99995 1.99995 1.99995 1.99995 1.99995 1.99995 1.99995 1.99995 1.99995 1.99995 1.99995 1.99995 1.99995 1.99995 1.99995 1.99995 1.99995 1.98 1.99995 1.99995 1.99995 1.99995 1.99995 1.99995 1.99995 1.99995 1.99995 1.98 1.99995 1.99995 1.99995 1.99995 1.99995 1.99995 1.99995 1.99995 1.99995 1.98 1.99995 1.99995 1.99995 1.99995 1.99995 1.99995 1.99995 1.99995 1.99995 1.98 1.99995 1.99995 1.99995 1.99995 1.99995 1.99995 1.99995 1.99995 1.99995 1.98 1.99995 1.99995 1.99995 1.99995 1.99995 1.99995 1.99995 1.99995 1.99995 1.98 1.99995 1.99995 1.99995 1.99995 1.99995 1.99995 1.99995 1.99995 1.99995 1.98 1.99995 1.99995 1.99995 1.99995 1.99995 1.99995 1.99995 1.99995 1.99995 1.98 1.99995 1.99995 1.99995 1.99995 1.99995 1.99995 1.99995 1.99995 1.99995 1.98 1.99995 1.99995 1.99995 1.99995 1.99995 1.99995 1.99995 1.99995 1.99995 1.98 1.99995 1.99995 1.99995 1.98 1.99995 1.99995 1.98 1.99995 1.99995 1.99995 1.99995 1.99995 1.99995 1.98 1.99995 1.99995 1.98 1.99995 1.99995 1.99995 1.99995 1.99995 1.99995 1.98 1.99995 1.99995 1.98 1.99995 1.99995 1.99995 1.99995 1.99995 1.99995 1.98 1.99995 1.99995 1.98 1.99995 1.99995 1.99995 1.99995 1.99995 1.99995 1.98 1.99995 1.99995 1.98 1.99995 1.99995 1.99995 1.99995 1.99995 1.99995 1.98 1.99995 1.99995 1.98 1.99995 1.99995 1.99995 1.99995 1.99995 1.99995 1.98 1.99995 1.99995 1.98 1.99995 1.99995 1.99995 1.99995 1.99995 1.99995 1.98 1.99995 1.99995 1.98 1.99995 1.99995 1.99995 1.99995 1.99995 1.99995 1.98 1.99995 1.99995 1.98 1.99995 1.99995 1.99995 1.99995 1.99995 1.99995 1.98 1.99995 1.99995 1.98 1.99995 1.99995 1.99995 1.99995 1.99995 1.99995 1.99995 1.99995 1.99995 1.99995 1.99995 1.99995 1.99995 1.99995 1.99995 1.99995 1.99995 1.99995 1.99995 1.99995 1.99995 1.99995 1.99995 1.99995 1.99995 1.99995 1.99995 1.99995 1.99995 1.99995 1.99995 1.99995 1.99995 1.99995 1.99995 1.99995 1.99995 1.99995 1.99995 1.99995 1.99995 1.99995 1.99995 1.99995 1.99995 1.99995 1.99995 1.99995 1.99995 1.99995 1.99995 1.99995 1.99995 1.99995 1.99995 1.99995 1.99995 1.99995 1.99995 1.99995 1.99995 1.99995 1.99995 1.99995 1.99995 1.99995 1.99995 1.99995 1.99995 1.99995 1.99995 1.99995 1.99995 1.99995 1.99995 1.99995 1.99995 1.99995 1.99995 1.99995 1.99995 1.99995 1.99995 1.99995 1.99995 1.99995 1.99995 1.99995 1.99995 1.99995 1.99995 1.99995 1.99995 1.99995 1.99995 1.99995 1.99995 1.99995 1.99995 1.99995 1.99995 1.99995 1.99995 1.99995 1.99995 1.99995 1.99995 1.99995 1.99995 1.99995 1.99995 1.99995 1.98 1.99995 1.99995 1.99995 1.99995 1.99995 1.99995 1.99995 1.99995 1.99995 1.98 1.99995 1.99995 1.99995 1.99995 1.99995 1.99995 1.99995 1.99995 1.99995 1.98 1.99995 1.99995 1.99995 1.99995 1.99995 1.99995 1.99995 1.99995 1.99995 1.98 1.99995 1.99995 1.99995 1.99995 1.99995 1.99995 1.99995 1.99995 1.99995 1.98 1.99995 1.99995 1.99995 1.99995 1.99995 1.99995 1.99995 1.99995 1.99995 1.98 1.99995 1.99995 1.99995 1.99995 1.99995 1.99995 1.99995 1.99995 1.99995 1.98 1.99995 1.99995 1.99995 1.99995 1.99995 1.99995 1.99995 1.99995 1.99995 1.98 1.99995 1.99995 1.99995 1.99995 1.99995 1.99995 1.99995 1.99995 1.99995 1.98 1.99995 1.99995 1.99995 1.99995 1.99995 1.99995 1.99995 1.99995 1.99995 1.98 1.99995 1.99995 1.99995 1.98 1.99995 1.99995 1.98 1.99995 1.99995 1.99995 1.99995 1.99995 1.99995 1.98 1.99995 1.99995 1.98 1.99995 1.99995 1.99995 1.99995 1.99995 1.99995 1.98 1.99995 1.99995 1.98 1.99995 1.99995 1.99995 1.99995 1.99995 1.99995 1.98 1.99995 1.99995 1.98 1.99995 1.99995 1.99995 1.99995 1.99995 1.99995 1.98 1.99995 1.99995 1.98 1.99995 1.99995 1.99995 1.99995 1.99995 1.99995 1.98 1.99995 1.99995 1.98 1.99995 1.99995 1.99995 1.99995 1.99995 1.99995 1.98 1.99995 1.99995 1.98 1.99995 1.99995 1.99995 1.99995 1.99995 1.99995 1.98 1.99995 1.99995 1.98 1.99995 1.99995 1.99995 1.99995 1.99995 1.99995 1.98 1.99995 1.99995 1.98 1.99995 1.99995 1.99995 1.99995 1.99995 1.99995 1.98 1.99995 1.99995 1.98 1.99995 1.99995 1.99995 1.99995 1.99995 1.99995 1.99995 1.99995 1.99995 1.99995 1.99995 1.99995 1.99995 1.99995 1.99995 1.99995 1.99995 1.99995 1.99995 1.99995 1.99995 1.99995 1.99995 1.99995 1.99995 1.99995 1.99995 1.99995 1.99995 1.99995 1.99995 1.99995 1.99995 1.99995 1.99995 1.99995 1.99995 1.99995 1.99995 1.99995 1.99995 1.99995 1.99995 1.99995 1.99995 1.99995 1.99995 1.99995 1.99995 1.99995 1.99995 1.99995 1.99995 1.99995 1.99995 1.99995 1.99995 1.99995 1.99995 1.99995 1.99995 1.99995 1.99995 1.99995 1.99995 1.99995 1.99995 1.99995 1.99995 1.99995 1.99995 1.99995 1.99995 1.99995 1.99995 1.99995 1.99995 1.99995 1.99995 1.99995 1.99995 1.99995 1.99995 1.99995 1.99995 1.99995 1.99995 1.99995 1.99995 1.99995 1.99995 1.99995 1.99995 1.99995 1.99995 1.99995 1.99995 1.99995 1.99995 1.99995 1.99995 1.99995 1.99995 1.99995 1.99995 1.99995 1.99995 1.99995 1.99995 1.99995 1.99995 1.99995 1.98 1.99995 1.99995 1.99995 1.99995 1.99995 1.99995 1.99995 1.99995 1.99995 1.98 1.99995 1.99995 1.99995 1.99995 1.99995 1.99995 1.99995 1.99995 1.99995 1.98 1.99995 1.99995 1.99995 1.99995 1.99995 1.99995 1.99995 1.99995 1.99995 1.98 1.99995 1.99995 1.99995 1.99995 1.99995 1.99995 1.99995 1.99995 1.99995 1.98 1.99995 1.99995 1.99995 1.99995 1.99995 1.99995 1.99995 1.99995 1.99995 1.98 1.99995 1.99995 1.99995 1.99995 1.99995 1.99995 1.99995 1.99995 1.99995 1.98 1.99995 1.99995 1.99995 1.99995 1.99995 1.99995 1.99995 1.99995 1.99995 1.98 1.99995 1.99995 1.99995 1.99995 1.99995 1.99995 1.99995 1.99995 1.99995 1.98 1.99995 1.99995 1.99995 1.99995 1.99995 1.99995 1.99995 1.99995 1.99995 1.98 1.99995 1.99995 1.99995 1.99995 1.99995 1.99995 1.99995 1.99995 1.99995 1.98 1.99995 1.99995 1.99995 1.99995 1.99995 1.99995 1.99995 1.99995 1.99995 1.98 1.99995 1.99995 1.99995 1.99995 1.99995 1.99995 1.99995 1.99995 1.99995 1.98 1.99995 1.99995 1.99995 1.99995 1.99995 1.99995 1.99995 1.99995 1.99995 1.98 1.99995 1.99995 1.99995 1.99995 1.99995 1.99995 1.99995 1.99995 1.99995 1.98 1.99995 1.99995 1.99995 1.99995 1.99995 1.99995 1.99995 1.99995 1.99995 1.98 1.99995 1.99995 1.99995 1.99995 1.99995 1.99995 1.99995 1.99995 1.99995 1.98 1.99995 1.99995 1.99995 1.99995 1.99995 1.99995 1.99995 1.99995 1.99995 1.98 1.99995 1.99995 1.99995 1.99995 1.99995 1.99995 1.99995 1.99995 1.99995 1.98 1.99995 1.99995 1.99995 1.99995 1.99995 1.99995 1.99995 1.99995 1.99995 1.98 1.99995 1.99995 1.99995 1.98 1.99995 1.99995 1.98 1.99995 1.99995 1.99995 1.99995 1.99995 1.99995 1.98 1.99995 1.99995 1.98 1.99995 1.99995 1.99995 1.99995 1.99995 1.99995 1.98 1.99995 1.99995 1.98 1.99995 1.99995 1.99995 1.99995 1.99995 1.99995 1.98 1.99995 1.99995 1.98 1.99995 1.99995 1.99995 1.99995 1.99995 1.99995 1.98 1.99995 1.99995 1.98 1.99995 1.99995 1.99995 1.99995 1.99995 1.99995 1.98 1.99995 1.99995 1.98 1.99995 1.99995 1.99995 1.99995 1.99995 1.99995 1.98 1.99995 1.99995 1.98 1.99995 1.99995 1.99995 1.99995 1.99995 1.99995 1.98 1.99995 1.99995 1.98 1.99995 1.99995 1.99995 1.99995 1.99995 1.99995 1.98 1.99995 1.99995 1.98 1.99995 1.99995 1.99995 1.99995 1.99995 1.99995 1.98 1.99995 1.99995 1.98 1.99995 1.99995 1.99995 1.99995 1.99995 1.99995 1.99995 1.99995 1.99995 1.99995 1.99995 1.99995 1.99995 1.99995 1.99995 1.99995 1.99995 1.99995 1.99995 1.99995 1.99995 1.99995 1.99995 1.99995 1.99995 1.99995 1.99995 1.99995 1.99995 1.99995 1.99995 1.99995 1.99995 1.99995 1.99995 1.99995 1.99995 1.99995 1.99995 1.99995 1.99995 1.99995 1.99995 1.99995 1.99995 1.99995 1.99995 1.99995 1.99995 1.99995 1.99995 1.99995 1.99995 1.99995 1.99995 1.99995 1.99995 1.99995 1.99995 1.99995 1.99995 1.99995 1.99995 1.99995 1.99995 1.99995 1.99995 1.99995 1.99995 1.99995 1.99995 1.99995 1.99995 1.99995 1.99995 1.99995 1.99995 1.99995 1.99995 1.99995 1.99995 1.99995 1.99995 1.99995 1.99995 1.99995 1.99995 1.99995 1.99995 1.99995 1.99995 1.99995 1.99995 1.99995 1.99995 1.99995 1.99995 1.99995 1.99995 1.99995 1.99995 1.99995 1.99995 1.99995 1.99995 1.99995 1.99995 1.99995 1.99995 1.99995 1.99995 1.99995 1.98 1.99995 1.99995 1.99995 1.99995 1.99995 1.99995 1.99995 1.99995 1.99995 1.98 1.99995 1.99995 1.99995 1.99995 1.99995 1.99995 1.99995 1.99995 1.99995 1.98 1.99995 1.99995 1.99995 1.99995 1.99995 1.99995 1.99995 1.99995 1.99995 1.98 1.99995 1.99995 1.99995 1.99995 1.99995 1.99995 1.99995 1.99995 1.99995 1.98 1.99995 1.99995 1.99995 1.99995 1.99995 1.99995 1.99995 1.99995 1.99995 1.98 1.99995 1.99995 1.99995 1.99995 1.99995 1.99995 1.99995 1.99995 1.99995 1.98 1.99995 1.99995 1.99995 1.99995 1.99995 1.99995 1.99995 1.99995 1.99995 1.98 1.99995 1.99995 1.99995 1.99995 1.99995 1.99995 1.99995 1.99995 1.99995 1.98 1.99995 1.99995 1.99995 1.99995 1.99995 1.99995 1.99995 1.99995 1.99995 1.98 1.99995 1.99995 1.99995 1.98 1.99995 1.99995 1.98 1.99995 1.99995 1.99995 1.99995 1.99995 1.99995 1.98 1.99995 1.99995 1.98 1.99995 1.99995 1.99995 1.99995 1.99995 1.99995 1.98 1.99995 1.99995 1.98 1.99995 1.99995 1.99995 1.99995 1.99995 1.99995 1.98 1.99995 1.99995 1.98 1.99995 1.99995 1.99995 1.99995 1.99995 1.99995 1.98 1.99995 1.99995 1.98 1.99995 1.99995 1.99995 1.99995 1.99995 1.99995 1.98 1.99995 1.99995 1.98 1.99995 1.99995 1.99995 1.99995 1.99995 1.99995 1.98 1.99995 1.99995 1.98 1.99995 1.99995 1.99995 1.99995 1.99995 1.99995 1.98 1.99995 1.99995 1.98 1.99995 1.99995 1.99995 1.99995 1.99995 1.99995 1.98 1.99995 1.99995 1.98 1.99995 1.99995 1.99995 1.99995 1.99995 1.99995 1.98 1.99995 1.99995 1.98 1.99995 1.99995 1.99995 1.99995 1.99995 1.99995 1.99995 1.99995 1.99995 1.99995 1.99995 1.99995 1.99995 1.99995 1.99995 1.99995 1.99995 1.99995 1.99995 1.99995 1.99995 1.99995 1.99995 1.99995 1.99995 1.99995 1.99995 1.99995 1.99995 1.99995 1.99995 1.99995 1.99995 1.99995 1.99995 1.99995 1.99995 1.99995 1.99995 1.99995 1.99995 1.99995 1.99995 1.99995 1.99995 1.99995 1.99995 1.99995 1.99995 1.99995 1.99995 1.99995 1.99995 1.99995 1.99995 1.99995 1.99995 1.99995 1.99995 1.99995 1.99995 1.99995 1.99995 1.99995 1.99995 1.99995 1.99995 1.99995 1.99995 1.99995 1.99995 1.99995 1.99995 1.99995 1.99995 1.99995 1.99995 1.99995 1.99995 1.99995 1.99995 1.99995 1.99995 1.99995 1.99995 1.99995 1.99995 1.99995 1.99995 1.99995 1.99995 1.99995 1.99995 1.99995 1.99995 1.99995 1.99995 1.99995 1.99995 1.99995 1.99995 1.99995 1.99995 1.99995 1.99995 1.99995 1.99995 1.99995 1.99995 1.99995 1.99995 1.99995 1.98 1.99995 1.99995 1.99995 1.99995 1.99995 1.99995 1.99995 1.99995 1.99995 1.98 1.99995 1.99995 1.99995 1.99995 1.99995 1.99995 1.99995 1.99995 1.99995 1.98 1.99995 1.99995 1.99995 1.99995 1.99995 1.99995 1.99995 1.99995 1.99995 1.98 1.99995 1.99995 1.99995 1.99995 1.99995 1.99995 1.99995 1.99995 1.99995 1.98 1.99995 1.99995 1.99995 1.99995 1.99995 1.99995 1.99995 1.99995 1.99995 1.98 1.99995 1.99995 1.99995 1.99995 1.99995 1.99995 1.99995 1.99995 1.99995 1.98 1.99995 1.99995 1.99995 1.99995 1.99995 1.99995 1.99995 1.99995 1.99995 1.98 1.99995 1.99995 1.99995 1.99995 1.99995 1.99995 1.99995 1.99995 1.99995 1.98 1.99995 1.99995 1.99995 1.99995 1.99995 1.99995 1.99995 1.99995 1.99995 1.98 1.99995 1.99995 1.99995 1.98 1.99995 1.99995 1.98 1.99995 1.99995 1.99995 1.99995 1.99995 1.99995 1.98 1.99995 1.99995 1.98 1.99995 1.99995 1.99995 1.99995 1.99995 1.99995 1.98 1.99995 1.99995 1.98 1.99995 1.99995 1.99995 1.99995 1.99995 1.99995 1.98 1.99995 1.99995 1.98 1.99995 1.99995 1.99995 1.99995 1.99995 1.99995 1.98 1.99995 1.99995 1.98 1.99995 1.99995 1.99995 1.99995 1.99995 1.99995 1.98 1.99995 1.99995 1.98 1.99995 1.99995 1.99995 1.99995 1.99995 1.99995 1.98 1.99995 1.99995 1.98 1.99995 1.99995 1.99995 1.99995 1.99995 1.99995 1.98 1.99995 1.99995 1.98 1.99995 1.99995 1.99995 1.99995 1.99995 1.99995 1.98 1.99995 1.99995 1.98 1.99995 1.99995 1.99995 1.99995 1.99995 1.99995 1.98 1.99995 1.99995 1.98 1.99995 1.99995 1.99995 1.99995 1.99995 1.99995 1.99995 1.99995 1.99995 1.99995 1.99995 1.99995 1.99995 1.99995 1.99995 1.99995 1.99995 1.99995 1.99995 1.99995 1.99995 1.99995 1.99995 1.99995 1.99995 1.99995 1.99995 1.99995 1.99995 1.99995 1.99995 1.99995 1.99995 1.99995 1.99995 1.99995 1.99995 1.99995 1.99995 1.99995 1.99995 1.99995 1.99995 1.99995 1.99995 1.99995 1.99995 1.99995 1.99995 1.99995 1.99995 1.99995 1.99995 1.99995 1.99995 1.99995 1.99995 1.99995 1.99995 1.99995 1.99995 1.99995 1.99995 1.99995 1.99995 1.99995 1.99995 1.99995 1.99995 1.99995 1.99995 1.99995 1.99995 1.99995 1.99995 1.99995 1.99995 1.99995 1.99995 1.99995 1.99995 1.99995 1.99995 1.99995 1.99995 1.99995 1.99995 1.99995 1.99995 1.99995 1.99995 1.99995 1.99995 1.99995 1.99995 1.99995 1.99995 1.99995 1.99995 1.99995 1.99995 1.99995 1.99995 1.99995 1.99995 1.99995 1.99995 1.99995 1.99995 1.99995 1.99995 1.99995 1.98 1.99995 1.99995 1.99995 1.99995 1.99995 1.99995 1.99995 1.99995 1.99995 1.98 1.99995 1.99995 1.99995 1.99995 1.99995 1.99995 1.99995 1.99995 1.99995 1.98 1.99995 1.99995 1.99995 1.99995 1.99995 1.99995 1.99995 1.99995 1.99995 1.98 1.99995 1.99995 1.99995 1.99995 1.99995 1.99995 1.99995 1.99995 1.99995 1.98 1.99995 1.99995 1.99995 1.99995 1.99995 1.99995 1.99995 1.99995 1.99995 1.98 1.99995 1.99995 1.99995 1.99995 1.99995 1.99995 1.99995 1.99995 1.99995 1.98 1.99995 1.99995 1.99995 1.99995 1.99995 1.99995 1.99995 1.99995 1.99995 1.98 1.99995 1.99995 1.99995 1.99995 1.99995 1.99995 1.99995 1.99995 1.99995 1.98 1.99995 1.99995 1.99995 1.99995 1.99995 1.99995 1.99995 1.99995 1.99995 1.98 1.99995 1.99995 

</Matrix>
   <Matrix name="ratesHistory" type="complete" rows="3" columns="10000" multiplier="1.0">
   0 0 0 0 0 0 0 0 0 0 0 0 0 0 0 0 0 0 0 0 0 0 0 0 0 0 0 0 0 0 0 0 0 0 0 0 0 0 0 0 0 0 0 0 0 0 0 0 0 0 0 0 0 0 0 0 0 0 0 0 0 0 0 0 0 0 0 0 0 0 0 0 0 0 0 0 0 0 0 0 0 0 0 0 0 0 0 0 0 0 0 0 0 0 0 0 0 0 0 0 0 0 0 0 0 0 0 0 0 0 0 0 0 0 0 0 0 0 0 0 0 0 0 0 0 0 0 0 0 0 0 0 0 0 0 0 0 0 0 0 0 0 0 0 0 0 0 0 0 0 0 0 0 0 0 0 0 0 0 0 0 0 0 0 0 0 0 0 0 0 0 0 0 0 0 0 0 0 0 0 0 0 0 0 0 0 0 0 0 0 0 0 0 0 0 0 0 0 0 0 0 0 0 0 0 0 0 0 0 0 0 0 0 0 0 0 0 0 0 0 0 0 0 0 0 0 0 0 0 0 0 0 0 0 0 0 0 0 0 0 0 0 0 0 0 0 0 0 0 0 0 0 0 0 0 0 0 0 0 0 0 0 0 0 0 0 0 0 0 0 0 0 0 0 0 0 0 0 0 0 0 0 0 0 0 0 0 0 0 0 0 0 0 0 0 0 0 0 0 0 0 0 0 0 0 0 0 0 0 0 0 0 0 0 0 0 0 0 0 0 0 0 0 0 0 0 0 0 0 0 0 0 0 0 0 0 0 0 0 0 0 0 0 0 0 0 0 0 0 0 0 0 0 0 0 0 0 0 0 0 0 0 0 0 0 0 0 0 0 0 0 0 0 0 0 0 0 0 0 0 0 0 0 0 0 0 0 0 0 0 0 0 0 0 0 0 0 0 0 0 0 0 0 0 0 0 0 0 0 0 0 0 0 0 0 0 0 0 0 0 0 0 0 0 0 0 0 0 0 0 0 0 0 0 0 0 0 0 0 0 0 0 0 0 0 0 0 0 0 0 0 0 0 0 0 0 0 0 0 0 0 0 0 0 0 0 0 0 0 0 0 0 0 0 0 0 0 0 0 0 0 0 0 0 0 0 0 0 0 0 0 0 0 0 0 0 0 0 0 0 0 0 0 0 0 0 0 0 0 0 0 0 0 0 0 0 0 0 0 0 0 0 0 0 0 0 0 0 0 0 0 0 0 0 0 0 0 0 0 0 0 0 0 0 0 0 0 0 0 0 0 0 0 0 0 0 0 0 0 0 0 0 0 0 0 0 0 0 0 0 0 0 0 0 0 0 0 0 0 0 0 0 0 0 0 0 0 0 0 0 0 0 0 0 0 0 0 0 0 0 0 0 0 0 0 0 0 0 0 0 0 0 0 0 0 0 0 0 0 0 0 0 0 0 0 0 0 0 0 0 0 0 0 0 0 0 0 0 0 0 0 0 0 0 0 0 0 0 0 0 0 0 0 0 0 0 0 0 0 0 0 0 0 0 0 0 0 0 0 0 0 0 0 0 0 0 0 0 0 0 0 0 0 0 0 0 0 0 0 0 0 0 0 0 0 0 0 0 0 0 0 0 0 0 0 0 0 0 0 0 0 0 0 0 0 0 0 0 0 0 0 0 0 0 0 0 0 0 0 0 0 0 0 0 0 0 0 0 0 0 0 0 0 0 0 0 0 0 0 0 0 0 0 0 0 0 0 0 0 0 0 0 0 0 0 0 0 0 0 0 0 0 0 0 0 0 0 0 0 0 0 0 0 0 0 0 0 0 0 0 0 0 0 0 0 0 0 0 0 0 0 0 0 0 0 0 0 0 0 0 0 0 0 0 0 0 0 0 0 0 0 0 0 0 0 0 0 0 0 0 0 0 0 0 0 0 0 0 0 0 0 0 0 0 0 0 0 0 0 0 0 0 0 0 0 0 0 0 0 0 0 0 0 0 0 0 0 0 0 0 0 0 0 0 0 0 0 0 0 0 0 0 0 0 0 0 0 0 0 0 0 0 0 0 0 0 0 0 0 0 0 0 0 0 0 0 0 0 0 0 0 0 0 0 0 0 0 0 0 0 0 0 0 0 0 0 0 0 0 0 0 0 0 0 0 0 0 0 0 0 0 0 0 0 0 0 0 0 0 0 0 0 0 0 0 0 0 0 0 0 0 0 0 0 0 0 0 0 0 0 0 0 0 0 0 0 0 0 0 0 0 0 0 0 0 0 0 0 0 0 0 0 0 0 0 0 0 0 0 0 0 0 0 0 0 0 0 0 0 0 0 0 0 0 0 0 0 0 0 0 0 0 0 0 0 0 0 0 0 0 0 0 0 0 0 0 0 0 0 0 0 0 0 0 0 0 0 0 0 0 0 0 0 0 0 0 0 0 0 0 0 0 0 0 0 0 0 0 0 0 0 0 0 0 0 0 0 0 0 0 0 0 0 0 0 0 0 0 0 0 0 0 0 0 0 0 0 0 0 0 0 0 0 0 0 0 0 0 0 0 0 0 0 0 0 0 0 0 0 0 0 0 0 0 0 0 0 0 0 0 0 0 0 0 0 0 0 0 0 0 0 0 0 0 0 0 0 0 0 0 0 0 0 0 0 0 0 0 0 0 0 0 0 0 0 0 0 0 0 0 0 0 0 0 0 0 0 0 0 0 0 0 0 0 0 0 0 0 0 0 0 0 0 0 0 0 0 0 0 0 0 0 0 0 0 0 0 0 0 0 0 0 0 0 0 0 0 0 0 0 0 0 0 0 0 0 0 0 0 0 0 0 0 0 0 0 0 0 0 0 0 0 0 0 0 0 0 0 0 0 0 0 0 0 0 0 0 0 0 0 0 0 0 0 0 0 0 0 0 0 0 0 0 0 0 0 0 0 0 0 0 0 0 0 0 0 0 0 0 0 0 0 0 0 0 0 0 0 0 0 0 0 0 0 0 0 0 0 0 0 0 0 0 0 0 0 0 0 0 0 0 0 0 0 0 0 0 0 0 0 0 0 0 0 0 0 0 0 0 0 0 0 0 0 0 0 0 0 0 0 0 0 0 0 0 0 0 0 0 0 0 0 0 0 0 0 0 0 0 0 0 0 0 0 0 0 0 0 0 0 0 0 0 0 0 0 0 0 0 0 0 0 0 0 0 0 0 0 0 0 0 0 0 0 0 0 0 0 0 0 0 0 0 0 0 0 0 0 0 0 0 0 0 0 0 0 0 0 0 0 0 0 0 0 0 0 0 0 0 0 0 0 0 0 0 0 0 0 0 0 0 0 0 0 0 0 0 0 0 0 0 0 0 0 0 0 0 0 0 0 0 0 0 0 0 0 0 0 0 0 0 0 0 0 0 0 0 0 0 0 0 0 0 0 0 0 0 0 0 0 0 0 0 0 0 0 0 0 0 0 0 0 0 0 0 0 0 0 0 0 0 0 0 0 0 0 0 0 0 0 0 0 0 0 0 0 0 0 0 0 0 0 0 0 0 0 0 0 0 0 0 0 0 0 0 0 0 0 0 0 0 0 0 0 0 0 0 0 0 0 0 0 0 0 0 0 0 0 0 0 0 0 0 0 0 0 0 0 0 0 0 0 0 0 0 0 0 0 0 0 0 0 0 0 0 0 0 0 0 0 0 0 0 0 0 0 0 0 0 0 0 0 0 0 0 0 0 0 0 0 0 0 0 0 0 0 0 0 0 0 0 0 0 0 0 0 0 0 0 0 0 0 0 0 0 0 0 0 0 0 0 0 0 0 0 0 0 0 0 0 0 0 0 0 0 0 0 0 0 0 0 0 0 0 0 0 0 0 0 0 0 0 0 0 0 0 0 0 0 0 0 0 0 0 0 0 0 0 0 0 0 0 0 0 0 0 0 0 0 0 0 0 0 0 0 0 0 0 0 0 0 0 0 0 0 0 0 0 0 0 0 0 0 0 0 0 0 0 0 0 0 0 0 0 0 0 0 0 0 0 0 0 0 0 0 0 0 0 0 0 0 0 0 0 0 0 0 0 0 0 0 0 0 0 0 0 0 0 0 0 0 0 0 0 0 0 0 0 0 0 0 0 0 0 0 0 0 0 0 0 0 0 0 0 0 0 0 0 0 0 0 0 0 0 0 0 0 0 0 0 0 0 0 0 0 0 0 0 0 0 0 0 0 0 0 0 0 0 0 0 0 0 0 0 0 0 0 0 0 0 0 0 0 0 0 0 0 0 0 0 0 0 0 0 0 0 0 0 0 0 0 0 0 0 0 0 0 0 0 0 0 0 0 0 0 0 0 0 0 0 0 0 0 0 0 0 0 0 0 0 0 0 0 0 0 0 0 0 0 0 0 0 0 0 0 0 0 0 0 0 0 0 0 0 0 0 0 0 0 0 0 0 0 0 0 0 0 0 0 0 0 0 0 0 0 0 0 0 0 0 0 0 0 0 0 0 0 0 0 0 0 0 0 0 0 0 0 0 0 0 0 0 0 0 0 0 0 0 0 0 0 0 0 0 0 0 0 0 0 0 0 0 0 0 0 0 0 0 0 0 0 0 0 0 0 0 0 0 0 0 0 0 0 0 0 0 0 0 0 0 0 0 0 0 0 0 0 0 0 0 0 0 0 0 0 0 0 0 0 0 0 0 0 0 0 0 0 0 0 0 0 0 0 0 0 0 0 0 0 0 0 0 0 0 0 0 0 0 0 0 0 0 0 0 0 0 0 0 0 0 0 0 0 0 0 0 0 0 0 0 0 0 0 0 0 0 0 0 0 0 0 0 0 0 0 0 0 0 0 0 0 0 0 0 0 0 0 0 0 0 0 0 0 0 0 0 0 0 0 0 0 0 0 0 0 0 0 0 0 0 0 0 0 0 0 0 0 0 0 0 0 0 0 0 0 0 0 0 0 0 0 0 0 0 0 0 0 0 0 0 0 0 0 0 0 0 0 0 0 0 0 0 0 0 0 0 0 0 0 0 0 0 0 0 0 0 0 0 0 0 0 0 0 0 0 0 0 0 0 0 0 0 0 0 0 0 0 0 0 0 0 0 0 0 0 0 0 0 0 0 0 0 0 0 0 0 0 0 0 0 0 0 0 0 0 0 0 0 0 0 0 0 0 0 0 0 0 0 0 0 0 0 0 0 0 0 0 0 0 0 0 0 0 0 0 0 0 0 0 0 0 0 0 0 0 0 0 0 0 0 0 0 0 0 0 0 0 0 0 0 0 0 0 0 0 0 0 0 0 0 0 0 0 0 0 0 0 0 0 0 0 0 0 0 0 0 0 0 0 0 0 0 0 0 0 0 0 0 0 0 0 0 0 0 0 0 0 0 0 0 0 0 0 0 0 0 0 0 0 0 0 0 0 0 0 0 0 0 0 0 0 0 0 0 0 0 0 0 0 0 0 0 0 0 0 0 0 0 0 0 0 0 0 0 0 0 0 0 0 0 0 0 0 0 0 0 0 0 0 0 0 0 0 0 0 0 0 0 0 0 0 0 0 0 0 0 0 0 0 0 0 0 0 0 0 0 0 0 0 0 0 0 0 0 0 0 0 0 0 0 0 0 0 0 0 0 0 0 0 0 0 0 0 0 0 0 0 0 0 0 0 0 0 0 0 0 0 0 0 0 0 0 0 0 0 0 0 0 0 0 0 0 0 0 0 0 0 0 0 0 0 0 0 0 0 0 0 0 0 0 0 0 0 0 0 0 0 0 0 0 0 0 0 0 0 0 0 0 0 0 0 0 0 0 0 0 0 0 0 0 0 0 0 0 0 0 0 0 0 0 0 0 0 0 0 0 0 0 0 0 0 0 0 0 0 0 0 0 0 0 0 0 0 0 0 0 0 0 0 0 0 0 0 0 0 0 0 0 0 0 0 0 0 0 0 0 0 0 0 0 0 0 0 0 0 0 0 0 0 0 0 0 0 0 0 0 0 0 0 0 0 0 0 0 0 0 0 0 0 0 0 0 0 0 0 0 0 0 0 0 0 0 0 0 0 0 0 0 0 0 0 0 0 0 0 0 0 0 0 0 0 0 0 0 0 0 0 0 0 0 0 0 0 0 0 0 0 0 0 0 0 0 0 0 0 0 0 0 0 0 0 0 0 0 0 0 0 0 0 0 0 0 0 0 0 0 0 0 0 0 0 0 0 0 0 0 0 0 0 0 0 0 0 0 0 0 0 0 0 0 0 0 0 0 0 0 0 0 0 0 0 0 0 0 0 0 0 0 0 0 0 0 0 0 0 0 0 0 0 0 0 0 0 0 0 0 0 0 0 0 0 0 0 0 0 0 0 0 0 0 0 0 0 0 0 0 0 0 0 0 0 0 0 0 0 0 0 0 0 0 0 0 0 0 0 0 0 0 0 0 0 0 0 0 0 0 0 0 0 0 0 0 0 0 0 0 0 0 0 0 0 0 0 0 0 0 0 0 0 0 0 0 0 0 0 0 0 0 0 0 0 0 0 0 0 0 0 0 0 0 0 0 0 0 0 0 0 0 0 0 0 0 0 0 0 0 0 0 0 0 0 0 0 0 0 0 0 0 0 0 0 0 0 0 0 0 0 0 0 0 0 0 0 0 0 0 0 0 0 0 0 0 0 0 0 0 0 0 0 0 0 0 0 0 0 0 0 0 0 0 0 0 0 0 0 0 0 0 0 0 0 0 0 0 0 0 0 0 0 0 0 0 0 0 0 0 0 0 0 0 0 0 0 0 0 0 0 0 0 0 0 0 0 0 0 0 0 0 0 0 0 0 0 0 0 0 0 0 0 0 0 0 0 0 0 0 0 0 0 0 0 0 0 0 0 0 0 0 0 0 0 0 0 0 0 0 0 0 0 0 0 0 0 0 0 0 0 0 0 0 0 0 0 0 0 0 0 0 0 0 0 0 0 0 0 0 0 0 0 0 0 0 0 0 0 0 0 0 0 0 0 0 0 0 0 0 0 0 0 0 0 0 0 0 0 0 0 0 0 0 0 0 0 0 0 0 0 0 0 0 0 0 0 0 0 0 0 0 0 0 0 0 0 0 0 0 0 0 0 0 0 0 0 0 0 0 0 0 0 0 0 0 0 0 0 0 0 0 0 0 0 0 0 0 0 0 0 0 0 0 0 0 0 0 0 0 0 0 0 0 0 0 0 0 0 0 0 0 0 0 0 0 0 0 0 0 0 0 0 0 0 0 0 0 0 0 0 0 0 0 0 0 0 0 0 0 0 0 0 0 0 0 0 0 0 0 0 0 0 0 0 0 0 0 0 0 0 0 0 0 0 0 0 0 0 0 0 0 0 0 0 0 0 0 0 0 0 0 0 0 0 0 0 0 0 0 0 0 0 0 0 0 0 0 0 0 0 0 0 0 0 0 0 0 0 0 0 0 0 0 0 0 0 0 0 0 0 0 0 0 0 0 0 0 0 0 0 0 0 0 0 0 0 0 0 0 0 0 0 0 0 0 0 0 0 0 0 0 0 0 0 0 0 0 0 0 0 0 0 0 0 0 0 0 0 0 0 0 0 0 0 0 0 0 0 0 0 0 0 0 0 0 0 0 0 0 0 0 0 0 0 0 0 0 0 0 0 0 0 0 0 0 0 0 0 0 0 0 0 0 0 0 0 0 0 0 0 0 0 0 0 0 0 0 0 0 0 0 0 0 0 0 0 0 0 0 0 0 0 0 0 0 0 0 0 0 0 0 0 0 0 0 0 0 0 0 0 0 0 0 0 0 0 0 0 0 0 0 0 0 0 0 0 0 0 0 0 0 0 0 0 0 0 0 0 0 0 0 0 0 0 0 0 0 0 0 0 0 0 0 0 0 0 0 0 0 0 0 0 0 0 0 0 0 0 0 0 0 0 0 0 0 0 0 0 0 0 0 0 0 0 0 0 0 0 0 0 0 0 0 0 0 0 0 0 0 0 0 0 0 0 0 0 0 0 0 0 0 0 0 0 0 0 0 0 0 0 0 0 0 0 0 0 0 0 0 0 0 0 0 0 0 0 0 0 0 0 0 0 0 0 0 0 0 0 0 0 0 0 0 0 0 0 0 0 0 0 0 0 0 0 0 0 0 0 0 0 0 0 0 0 0 0 0 0 0 0 0 0 0 0 0 0 0 0 0 0 0 0 0 0 0 0 0 0 0 0 0 0 0 0 0 0 0 0 0 0 0 0 0 0 0 0 0 0 0 0 0 0 0 0 0 0 0 0 0 0 0 0 0 0 0 0 0 0 0 0 0 0 0 0 0 0 0 0 0 0 0 0 0 0 0 0 0 0 0 0 0 0 0 0 0 0 0 0 0 0 0 0 0 0 0 0 0 0 0 0 0 0 0 0 0 0 0 0 0 0 0 0 0 0 0 0 0 0 0 0 0 0 0 0 0 0 0 0 0 0 0 0 0 0 0 0 0 0 0 0 0 0 0 0 0 0 0 0 0 0 0 0 0 0 0 0 0 0 0 0 0 0 0 0 0 0 0 0 0 0 0 0 0 0 0 0 0 0 0 0 0 0 0 0 0 0 0 0 0 0 0 0 0 0 0 0 0 0 0 0 0 0 0 0 0 0 0 0 0 0 0 0 0 0 0 0 0 0 0 0 0 0 0 0 0 0 0 0 0 0 0 0 0 0 0 0 0 0 0 0 0 0 0 0 0 0 0 0 0 0 0 0 0 0 0 0 0 0 0 0 0 0 0 0 0 0 0 0 0 0 0 0 0 0 0 0 0 0 0 0 0 0 0 0 0 0 0 0 0 0 0 0 0 0 0 0 0 0 0 0 0 0 0 0 0 0 0 0 0 0 0 0 0 0 0 0 0 0 0 0 0 0 0 0 0 0 0 0 0 0 0 0 0 0 0 0 0 0 0 0 0 0 0 0 0 0 0 0 0 0 0 0 0 0 0 0 0 0 0 0 0 0 0 0 0 0 0 0 0 0 0 0 0 0 0 0 0 0 0 0 0 0 0 0 0 0 0 0 0 0 0 0 0 0 0 0 0 0 0 0 0 0 0 0 0 0 0 0 0 0 0 0 0 0 0 0 0 0 0 0 0 0 0 0 0 0 0 0 0 0 0 0 0 0 0 0 0 0 0 0 0 0 0 0 0 0 0 0 0 0 0 0 0 0 0 0 0 0 0 0 0 0 0 0 0 0 0 0 0 0 0 0 0 0 0 0 0 0 0 0 0 0 0 0 0 0 0 0 0 0 0 0 0 0 0 0 0 0 0 0 0 0 0 0 0 0 0 0 0 0 0 0 0 0 0 0 0 0 0 0 0 0 0 0 0 0 0 0 0 0 0 0 0 0 0 0 0 0 0 0 0 0 0 0 0 0 0 0 0 0 0 0 0 0 0 0 0 0 0 0 0 0 0 0 0 0 0 0 0 0 0 0 0 0 0 0 0 0 0 0 0 0 0 0 0 0 0 0 0 0 0 0 0 0 0 0 0 0 0 0 0 0 0 0 0 0 0 0 0 0 0 0 0 0 0 0 0 0 0 0 0 0 0 0 0 0 0 0 0 0 0 0 0 0 0 0 0 0 0 0 0 0 0 0 0 0 0 0 0 0 0 0 0 0 0 0 0 0 0 0 0 0 0 0 0 0 0 0 0 0 0 0 0 0 0 0 0 0 0 0 0 0 0 0 0 0 0 0 0 0 0 0 0 0 0 0 0 0 0 0 0 0 0 0 0 0 0 0 0 0 0 0 0 0 0 0 0 0 0 0 0 0 0 0 0 0 0 0 0 0 0 0 0 0 0 0 0 0 0 0 0 0 0 0 0 0 0 0 0 0 0 0 0 0 0 0 0 0 0 0 0 0 0 0 0 0 0 0 0 0 0 0 0 0 0 0 0 0 0 0 0 0 0 0 0 0 0 0 0 0 0 0 0 0 0 0 0 0 0 0 0 0 0 0 0 0 0 0 0 0 0 0 0 0 0 0 0 0 0 0 0 0 0 0 0 0 0 0 0 0 0 0 0 0 0 0 0 0 0 0 0 0 0 0 0 0 0 0 0 0 0 0 0 0 0 0 0 0 0 0 0 0 0 0 0 0 0 0 0 0 0 0 0 0 0 0 0 0 0 0 0 0 0 0 0 0 0 0 0 0 0 0 0 0 0 0 0 0 0 0 0 0 0 0 0 0 0 0 0 0 0 0 0 0 0 0 0 0 0 0 0 0 0 0 0 0 0 0 0 0 0 0 0 0 0 0 0 0 0 0 0 0 0 0 0 0 0 0 0 0 0 0 0 0 0 0 0 0 0 0 0 0 0 0 0 0 0 0 0 0 0 0 0 0 0 0 0 0 0 0 0 0 0 0 0 0 0 0 0 0 0 0 0 0 0 0 0 0 0 0 0 0 0 0 0 0 0 0 0 0 0 0 0 0 0 0 0 0 0 0 0 0 0 0 0 0 0 0 0 0 0 0 0 0 0 0 0 0 0 0 0 0 0 0 0 0 0 0 0 0 0 0 0 0 0 0 0 0 0 0 0 0 0 0 0 0 0 0 0 0 0 0 0 0 0 0 0 0 0 0 0 0 0 0 0 0 0 0 0 0 0 0 0 0 0 0 0 0 0 0 0 0 0 0 0 0 0 0 0 0 0 0 0 0 0 0 0 0 0 0 0 0 0 0 0 0 0 0 0 0 0 0 0 0 0 0 0 0 0 0 0 0 0 0 0 0 0 0 0 0 0 0 0 0 0 0 0 0 0 0 0 0 0 0 0 0 0 0 0 0 0 0 0 0 0 0 0 0 0 0 0 0 0 0 0 0 0 0 0 0 0 0 0 0 0 0 0 0 0 0 0 0 0 0 0 0 0 0 0 0 0 0 0 0 0 0 0 0 0 0 0 0 0 0 0 0 0 0 0 0 0 0 0 0 0 0 0 0 0 0 0 0 0 0 0 0 0 0 0 0 0 0 0 0 0 0 0 0 0 0 0 0 0 0 0 0 0 0 0 0 0 0 0 0 0 0 0 0 0 0 0 0 0 0 0 0 0 0 0 0 0 0 0 0 0 0 0 0 0 0 0 0 0 0 0 0 0 0 0 0 0 0 0 0 0 0 0 0 0 0 0 0 0 0 0 0 0 0 0 0 0 0 0 0 0 0 0 0 0 0 0 0 0 0 0 0 0 0 0 0 0 0 0 0 0 0 0 0 0 0 0 0 0 0 0 0 0 0 0 0 0 0 0 0 0 0 0 0 0 0 0 0 0 0 0 0 0 0 0 0 0 0 0 0 0 0 0 0 0 0 0 0 0 0 0 0 0 0 0 0 0 0 0 0 0 0 0 0 0 0 0 0 0 0 0 0 0 0 0 0 0 0 0 0 0 0 0 0 0 0 0 0 0 0 0 0 0 0 0 0 0 0 0 0 0 0 0 0 0 0 0 0 0 0 0 0 0 0 0 0 0 0 0 0 0 0 0 0 0 0 0 0 0 0 0 0 0 0 0 0 0 0 0 0 0 0 0 0 0 0 0 0 0 0 0 0 0 0 0 0 0 0 0 0 0 0 0 0 0 0 0 0 0 0 0 0 0 0 0 0 0 0 0 0 0 0 0 0 0 0 0 0 0 0 0 0 0 0 0 0 0 0 0 0 0 0 0 0 0 0 0 0 0 0 0 0 0 0 0 0 0 0 0 0 0 0 0 0 0 0 0 0 0 0 0 0 0 0 0 0 0 0 0 0 0 0 0 0 0 0 0 0 0 0 0 0 0 0 0 0 0 0 0 0 0 0 0 0 0 0 0 0 0 0 0 0 0 0 0 0 0 0 0 0 0 0 0 0 0 0 0 0 0 0 0 0 0 0 0 0 0 0 0 0 0 0 0 0 0 0 0 0 0 0 0 0 0 0 0 0 0 0 0 0 0 0 0 0 0 0 0 0 0 0 0 0 0 0 0 0 0 0 0 0 0 0 0 0 0 0 0 0 0 0 0 0 0 0 0 0 0 0 0 0 0 0 0 0 0 0 0 0 0 0 0 0 0 0 0 0 0 0 0 0 0 0 0 0 0 0 0 0 0 0 0 0 0 0 0 0 0 0 0 0 0 0 0 0 0 0 0 0 0 0 0 0 0 0 0 0 0 0 0 0 0 0 0 0 0 0 0 0 0 0 0 0 0 0 0 0 0 0 0 0 0 0 0 0 0 0 0 0 0 0 0 0 0 0 0 0 0 0 0 0 0 0 0 0 0 0 0 0 0 0 0 0 0 0 0 0 0 0 0 0 0 0 0 0 0 0 0 0 0 0 0 0 0 0 0 0 0 0 0 0 0 0 0 0 0 0 0 0 0 0 0 0 0 0 0 0 0 0 0 0 0 0 0 0 0 0 0 0 0 0 0 0 0 0 0 0 0 0 0 0 0 0 0 0 0 0 0 0 0 0 0 0 0 0 0 0 0 0 0 0 0 0 0 0 0 0 0 0 0 0 0 0 0 0 0 0 0 0 0 0 0 0 0 0 0 0 0 0 0 0 0 0 0 0 0 0 0 0 0 0 0 0 0 0 0 0 0 0 0 0 0 0 0 0 0 0 0 0 0 0 0 0 0 0 0 0 0 0 0 0 0 0 0 0 0 0 0 0 0 0 0 0 0 0 0 0 0 0 0 0 0 0 0 0 0 0 0 0 0 0 0 0 0 0 0 0 0 0 0 0 0 0 0 0 0 0 0 0 0 0 0 0 0 0 0 0 0 0 0 0 0 0 0 0 0 0 0 0 0 0 0 0 0 0 0 0 0 0 0 0 0 0 0 0 0 0 0 0 0 0 0 0 0 0 0 0 0 0 0 0 0 0 0 0 0 0 0 0 0 0 0 0 0 0 0 0 0 0 0 0 0 0 0 0 0 0 0 0 0 0 0 0 0 0 0 0 0 0 0 0 0 0 0 0 0 0 0 0 0 0 0 0 0 0 0 0 0 0 0 0 0 0 0 0 0 0 0 0 0 0 0 0 0 0 0 0 0 0 0 0 0 0 0 0 0 0 0 0 0 0 0 0 0 0 0 0 0 0 0 0 0 0 0 0 0 0 0 0 0 0 0 0 0 0 0 0 0 0 0 0 0 0 0 0 0 0 0 0 0 0 0 0 0 0 0 0 0 0 0 0 0 0 0 0 0 0 0 0 0 0 0 0 0 0 0 0 0 0 0 0 0 0 0 0 0 0 0 0 0 0 0 0 0 0 0 0 0 0 0 0 0 0 0 0 0 0 0 0 0 0 0 0 0 0 0 0 0 0 0 0 0 0 0 0 0 0 0 0 0 0 0 0 0 0 0 0 0 0 0 0 0 0 0 0 0 0 0 0 0 0 0 0 0 0 0 0 0 0 0 0 0 0 0 0 0 0 0 0 0 0 0 0 0 0 0 0 0 0 0 0 0 0 0 0 0 0 0 0 0 0 0 0 0 0 0 0 0 0 0 0 0 0 0 0 0 0 0 0 0 0 0 0 0 0 0 0 0 0 0 0 0 0 0 0 0 0 0 0 0 0 0 0 0 0 0 0 0 0 0 0 0 0 0 0 0 0 0 0 0 0 0 0 0 0 0 0 0 0 0 0 0 0 0 0 0 0 0 0 0 0 0 0 0 0 0 0 0 0 0 0 0 0 0 0 0 0 0 0 0 0 0 0 0 0 0 0 0 0 0 0 0 0 0 0 0 0 0 0 0 0 0 0 0 0 0 0 0 0 0 0 0 0 0 0 0 0 0 0 0 0 0 0 0 0 0 0 0 0 0 0 0 0 0 0 0 0 0 0 0 0 0 0 0 0 0 0 0 0 0 0 0 0 0 0 0 0 0 0 0 0 0 0 0 0 0 0 0 0 0 0 0 0 0 0 0 0 0 0 0 0 0 0 0 0 0 0 0 0 0 0 0 0 0 0 0 0 0 0 0 0 0 0 0 0 0 0 0 0 0 0 0 0 0 0 0 0 0 0 0 0 0 0 0 0 0 0 0 0 0 0 0 0 0 0 0 0 0 0 0 0 0 0 0 0 0 0 0 0 0 0 0 0 0 0 0 0 0 0 0 0 0 0 0 0 0 0 0 0 0 0 0 0 0 0 0 0 0 0 0 0 0 0 0 0 0 0 0 0 0 0 0 0 0 0 0 0 0 0 0 0 0 0 0 0 0 0 0 0 0 0 0 0 0 0 0 0 0 0 0 0 0 0 0 0 0 0 0 0 0 0 0 0 0 0 0 0 0 0 0 0 0 0 0 0 0 0 0 0 0 0 0 0 0 0 0 0 0 0 0 0 0 0 0 0 0 0 0 0 0 0 0 0 0 0 0 0 0 0 0 0 0 0 0 0 0 0 0 0 0 0 0 0 0 0 0 0 0 0 0 0 0 0 0 0 0 0 0 0 0 0 0 0 0 0 0 0 0 0 0 0 0 0 0 0 0 0 0 0 0 0 0 0 0 0 0 0 0 0 0 0 0 0 0 0 0 0 0 0 0 0 0 0 0 0 0 0 0 0 0 0 0 0 0 0 0 0 0 0 0 0 0 0 0 0 0 0 0 0 0 0 0 0 0 0 0 0 0 0 0 0 0 0 0 0 0 0 0 0 0 0 0 0 0 0 0 0 0 0 0 0 0 0 0 0 0 0 0 0 0 0 0 0 0 0 0 0 0 0 0 0 0 0 0 0 0 0 0 0 0 0 0 0 0 0 0 0 0 0 0 0 0 0 0 0 0 0 0 0 0 0 0 0 0 0 0 0 0 0 0 0 0 0 0 0 0 0 0 0 0 0 0 0 0 0 0 0 0 0 0 0 0 0 0 0 0 0 0 0 0 0 0 0 0 0 0 0 0 0 0 0 0 0 0 0 0 0 0 0 0 0 0 0 0 0 0 0 0 0 0 0 0 0 0 0 0 0 0 0 0 0 0 0 0 0 0 0 0 0 0 0 0 0 0 0 0 0 0 0 0 0 0 0 0 0 0 0 0 0 0 0 0 0 0 0 0 0 0 0 0 0 0 0 0 0 0 0 0 0 0 0 0 0 0 0 0 0 0 0 0 0 0 0 0 0 0 0 0 0 0 0 0 0 0 0 0 0 0 0 0 0 0 0 0 0 0 0 0 0 0 0 0 0 0 0 0 0 0 0 0 0 0 0 0 0 0 0 0 0 0 0 0 0 0 0 0 0 0 0 0 0 0 0 0 0 0 0 0 0 0 0 0 0 0 0 0 0 0 0 0 0 0 0 0 0 0 0 0 0 0 0 0 0 0 0 0 0 0 0 0 0 0 0 0 0 0 0 0 0 0 0 0 0 0 0 0 0 0 0 0 0 0 0 0 0 0 0 0 0 0 0 0 0 0 0 0 0 0 0 0 0 0 0 0 0 0 0 0 0 0 0 0 0 0 0 0 0 0 0 0 0 0 0 0 0 0 0 0 0 0 0 0 0 0 0 0 0 0 0 0 0 0 0 0 0 0 0 0 0 0 0 0 0 0 0 0 0 0 0 0 0 0 0 0 0 0 0 0 0 0 0 0 0 0 0 0 0 0 0 0 0 0 0 0 0 0 0 0 0 0 0 0 0 0 0 0 0 0 0 0 0 0 0 0 0 0 0 0 0 0 0 0 0 0 0 0 0 0 0 0 0 0 0 0 0 0 0 0 0 0 0 0 0 0 0 0 0 0 0 0 0 0 0 0 0 0 0 0 0 0 0 0 0 0 0 0 0 0 0 0 0 0 0 0 0 0 0 0 0 0 0 0 0 0 0 0 0 0 0 0 0 0 0 0 0 0 0 0 0 0 0 0 0 0 0 0 0 0 0 0 0 0 0 0 0 0 0 0 0 0 0 0 0 0 0 0 0 0 0 0 0 0 0 0 0 0 0 0 0 0 0 0 0 0 0 0 0 0 0 0 0 0 0 0 0 0 0 0 0 0 0 0 0 0 0 0 0 0 0 0 0 0 0 0 0 0 0 0 0 0 0 0 0 0 0 0 0 0 0 0 0 0 0 0 0 0 0 0 0 0 0 0 0 0 0 0 0 0 0 0 0 0 0 0 0 0 0 0 0 0 0 0 0 0 0 0 0 0 0 0 0 0 0 0 0 0 0 0 0 0 0 0 0 0 0 0 0 0 0 0 0 0 0 0 0 0 0 0 0 0 0 0 0 0 0 0 0 0 0 0 0 0 0 0 0 0 0 0 0 0 0 0 0 0 0 0 0 0 0 0 0 0 0 0 0 0 0 0 0 0 0 0 0 0 0 0 0 0 0 0 0 0 0 0 0 0 0 0 0 0 0 0 0 0 0 0 0 0 0 0 0 0 0 0 0 0 0 0 0 0 0 0 0 0 0 0 0 0 0 0 0 0 0 0 0 0 0 0 0 0 0 0 0 0 0 0 0 0 0 0 0 0 0 0 0 0 0 0 0 0 0 0 0 0 0 0 0 0 0 0 0 0 0 0 0 0 0 0 0 0 0 0 0 0 0 0 0 0 0 0 0 0 0 0 0 0 0 0 0 0 0 0 0 0 0 0 0 0 0 0 0 0 0 0 0 0 0 0 0 0 0 0 0 0 0 0 0 0 0 0 0 0 0 0 0 0 0 0 0 0 0 0 0 0 0 0 0 0 0 0 0 0 0 0 0 0 0 0 0 0 0 0 0 0 0 0 0 0 0 0 0 0 0 0 0 0 0 0 0 0 0 0 0 0 0 0 0 0 0 0 0 0 0 0 0 0 0 0 0 0 0 0 0 0 0 0 0 0 0 0 0 0 0 0 0 0 0 0 0 0 0 0 0 0 0 0 0 0 0 0 0 0 0 0 0 0 0 0 0 0 0 0 0 0 0 0 0 0 0 0 0 0 0 0 0 0 0 0 0 0 0 0 0 0 0 0 0 0 0 0 0 0 0 0 0 0 0 0 0 0 0 0 0 0 0 0 0 0 0 0 0 0 0 0 0 0 0 0 0 0 0 0 0 0 0 0 0 0 0 0 0 0 0 0 0 0 0 0 0 0 0 0 0 0 0 0 0 0 0 0 0 0 0 0 0 0 0 0 0 0 0 0 0 0 0 0 0 0 0 0 0 0 0 0 0 0 0 0 0 0 0 0 0 0 0 0 0 0 0 0 0 0 0 0 0 0 0 0 0 0 0 0 0 0 0 0 0 0 0 0 0 0 0 0 0 0 0 0 0 0 0 0 0 0 0 0 0 0 0 0 0 0 0 0 0 0 0 0 0 0 0 0 0 0 0 0 0 0 0 0 0 0 0 0 0 0 0 0 0 0 0 0 0 0 0 0 0 0 0 0 0 0 0 0 0 0 0 0 0 0 0 0 0 0 0 0 0 0 0 0 0 0 0 0 0 0 0 0 0 0 0 0 0 0 0 0 0 0 0 0 0 0 0 0 0 0 0 0 0 0 0 0 0 0 0 0 0 0 0 0 0 0 0 0 0 0 0 0 0 0 0 0 0 0 0 0 0 0 0 0 0 0 0 0 0 0 0 0 0 0 0 0 0 0 0 0 0 0 0 0 0 0 0 0 0 0 0 0 0 0 0 0 0 0 0 0 0 0 0 0 0 0 0 0 0 0 0 0 0 0 0 0 0 0 0 0 0 0 0 0 0 0 0 0 0 0 0 0 0 0 0 0 0 0 0 0 0 0 0 0 0 0 0 0 0 0 0 0 0 0 0 0 0 0 0 0 0 0 0 0 0 0 0 0 0 0 0 0 0 0 0 0 0 0 0 0 0 0 0 0 0 0 0 0 0 0 0 0 0 0 0 0 0 0 0 0 0 0 0 0 0 0 0 0 0 0 0 0 0 0 0 0 0 0 0 0 0 0 0 0 0 0 0 0 0 0 0 0 0 0 0 0 0 0 0 0 0 0 0 0 0 0 0 0 0 0 0 0 0 0 0 0 0 0 0 0 0 0 0 0 0 0 0 0 0 0 0 0 0 0 0 0 0 0 0 0 0 0 0 0 0 0 0 0 0 0 0 0 0 0 0 0 0 0 0 0 0 0 0 0 0 0 0 0 0 0 0 0 0 0 0 0 0 0 0 0 0 0 0 0 0 0 0 0 0 0 0 0 0 0 0 0 0 0 0 0 0 0 0 0 0 0 0 0 0 0 0 0 0 0 0 0 0 0 0 0 0 0 0 0 0 0 0 0 0 0 0 0 0 0 0 0 0 0 0 0 0 0 0 0 0 0 0 0 0 0 0 0 0 0 0 0 0 0 0 0 0 0 0 0 0 0 0 0 0 0 0 0 0 0 0 0 0 0 0 0 0 0 0 0 0 0 0 0 0 0 0 0 0 0 0 0 0 0 0 0 0 0 0 0 0 0 0 0 0 0 0 0 0 0 0 0 0 0 0 0 0 0 0 0 0 0 0 0 0 0 0 0 0 0 0 0 0 0 0 0 0 0 0 0 0 0 0 0 0 0 0 0 0 0 0 0 0 0 0 0 0 0 0 0 0 0 0 0 0 0 0 0 0 0 0 0 0 0 0 0 0 0 0 0 0 0 0 0 0 0 0 0 0 0 0 0 0 0 0 0 0 0 0 0 0 0 0 0 0 0 0 0 0 0 0 0 0 0 0 0 0 0 0 0 0 0 0 0 0 0 0 0 0 0 0 0 0 0 0 0 0 0 0 0 0 0 0 0 0 0 0 0 0 0 0 0 0 0 0 0 0 0 0 0 0 0 0 0 0 0 0 0 0 0 0 0 0 0 0 0 0 0 0 0 0 0 0 0 0 0 0 0 0 0 0 0 0 0 0 0 0 0 0 0 0 0 0 0 0 0 0 0 0 0 0 0 0 0 0 0 0 0 0 0 0 0 0 0 0 0 0 0 0 0 0 0 0 0 0 0 0 0 0 0 0 0 0 0 0 0 0 0 0 0 0 0 0 0 0 0 0 0 0 0 0 0 0 0 0 0 0 0 0 0 0 0 0 0 0 0 0 0 0 0 0 0 0 0 0 0 0 0 0 0 0 0 0 0 0 0 0 0 0 0 0 0 0 0 0 0 0 0 0 0 0 0 0 0 0 0 0 0 0 0 0 0 0 0 0 0 0 0 0 0 0 0 0 0 0 0 0 0 0 0 0 0 0 0 0 0 0 0 0 0 0 0 0 0 0 0 0 0 0 0 0 0 0 0 0 0 0 0 0 0 0 0 0 0 0 0 0 0 0 0 0 0 0 0 0 0 0 0 0 0 0 0 0 0 0 0 0 0 0 0 0 0 0 0 0 0 0 0 0 0 0 0 0 0 0 0 0 0 0 0 0 0 0 0 0 0 0 0 0 0 0 0 0 0 0 0 0 0 0 0 0 0 0 0 0 0 0 0 0 0 0 0 0 0 0 0 0 0 0 0 0 0 0 0 0 0 0 0 0 0 0 0 0 0 0 0 0 0 0 0 0 0 0 0 0 0 0 0 0 0 0 0 0 0 0 0 0 0 0 0 0 0 0 0 0 0 0 0 0 0 0 0 0 0 0 0 0 0 0 0 0 0 0 0 0 0 0 0 0 0 0 0 0 0 0 0 0 0 0 0 0 0 0 0 0 0 0 0 0 0 0 0 0 0 0 0 0 0 0 0 0 0 0 0 0 0 0 0 0 0 0 0 0 0 0 0 0 0 0 0 0 0 0 0 0 0 0 0 0 0 0 0 0 0 0 0 0 0 0 0 0 0 0 0 0 0 0 0 0 0 0 0 0 0 0 0 0 0 0 0 0 0 0 0 0 0 0 0 0 0 0 0 0 0 0 0 0 0 0 0 0 0 0 0 0 0 0 0 0 0 0 0 0 0 0 0 0 0 0 0 0 0 0 0 0 0 0 0 0 0 0 0 0 0 0 0 0 0 0 0 0 0 0 0 0 0 0 0 0 0 0 0 0 0 0 0 0 0 0 0 0 0 0 0 0 0 0 0 0 0 0 0 0 0 0 0 0 0 0 0 0 0 0 0 0 0 0 0 0 0 0 0 0 0 0 0 0 0 0 0 0 0 0 0 0 0 0 0 0 0 0 0 0 0 0 0 0 0 0 0 0 0 0 0 0 0 0 0 0 0 0 0 0 0 0 0 0 0 0 0 0 0 0 0 0 0 0 0 0 0 0 0 0 0 0 0 0 0 0 0 0 0 0 0 0 0 0 0 0 0 0 0 0 0 0 0 0 0 0 0 0 0 0 0 0 0 0 0 0 0 0 0 0 0 0 0 0 0 0 0 0 0 0 0 0 0 0 0 0 0 0 0 0 0 0 0 0 0 0 0 0 0 0 0 0 0 0 0 0 0 0 0 0 0 0 0 0 0 0 0 0 0 0 0 0 0 0 0 0 0 0 0 0 0 0 0 0 0 0 0 0 0 0 0 0 0 0 0 0 0 0 0 0 0 0 0 0 0 0 0 0 0 0 0 0 0 0 0 0 0 0 0 0 0 0 0 0 0 0 0 0 0 0 0 0 0 0 0 0 0 0 0 0 0 0 0 0 0 0 0 0 0 0 0 0 0 0 0 0 0 0 0 0 0 0 0 0 0 0 0 0 0 0 0 0 0 0 0 0 0 0 0 0 0 0 0 0 0 0 0 0 0 0 0 0 0 0 0 0 0 0 0 0 0 0 0 0 0 0 0 0 0 0 0 0 0 0 0 0 0 0 0 0 0 0 0 0 0 0 0 0 0 0 0 0 0 0 0 0 0 0 0 0 0 0 0 0 0 0 0 0 0 0 0 0 0 0 0 0 0 0 0 0 0 0 0 0 0 0 0 0 0 0 0 0 0 0 0 0 0 0 0 0 0 0 0 0 0 0 0 0 0 0 0 0 0 0 0 0 0 0 0 0 0 0 0 0 0 0 0 0 0 0 0 0 0 0 0 0 0 0 0 0 0 0 0 0 0 0 0 0 0 0 0 0 0 0 0 0 0 0 0 0 0 0 0 0 0 0 0 0 0 0 0 0 0 0 0 0 0 0 0 0 0 0 0 0 0 0 0 0 0 0 0 0 0 0 0 0 0 0 0 0 0 0 0 0 0 0 0 0 0 0 0 0 0 0 0 0 0 0 0 0 0 0 0 0 0 0 0 0 0 0 0 0 0 0 0 0 0 0 0 0 0 0 0 0 0 0 0 0 0 0 0 0 0 0 0 0 0 0 0 0 0 0 0 0 0 0 0 0 0 0 0 0 0 0 0 0 0 0 0 0 0 0 0 0 0 0 0 0 0 0 0 0 0 0 0 0 0 0 0 0 0 0 0 0 0 0 0 0 0 0 0 0 0 0 0 0 0 0 0 0 0 0 0 0 0 0 0 0 0 0 0 0 0 0 0 0 0 0 0 0 0 0 0 0 0 0 0 0 0 0 0 0 0 0 0 0 0 0 0 0 0 0 0 0 0 0 0 0 0 0 0 0 0 0 0 0 0 0 0 0 0 0 0 0 0 0 0 0 0 0 0 0 0 0 0 0 0 0 0 0 0 0 0 0 0 0 0 0 0 0 0 0 0 0 0 0 0 0 0 0 0 0 0 0 0 0 0 0 0 0 0 0 0 0 0 0 0 0 0 0 0 0 0 0 0 0 0 0 0 0 0 0 0 0 0 0 0 0 0 0 0 0 0 0 0 0 0 0 0 0 0 0 0 0 0 0 0 0 0 0 0 0 0 0 0 0 0 0 0 0 0 0 0 0 0 0 0 0 0 0 0 0 0 0 0 0 0 0 0 0 0 0 0 0 0 0 0 0 0 0 0 0 0 0 0 0 0 0 0 0 0 0 0 0 0 0 0 0 0 0 0 0 0 0 0 0 0 0 0 0 0 0 0 0 0 0 0 0 0 0 0 0 0 0 0 0 0 0 0 0 0 0 0 0 0 0 0 0 0 0 0 0 0 0 0 0 0 0 0 0 0 0 0 0 0 0 0 0 0 0 0 0 0 0 0 0 0 0 0 0 0 0 0 0 0 0 0 0 0 0 0 0 0 0 0 0 0 0 0 0 0 0 0 0 0 0 0 0 0 0 0 0 0 0 0 0 0 0 0 0 0 0 0 0 0 0 0 0 0 0 0 0 0 0 0 0 0 0 0 0 0 0 0 0 0 0 0 0 0 0 0 0 0 0 0 0 0 0 0 0 0 0 0 0 0 0 0 0 0 0 0 0 0 0 0 0 0 0 0 0 0 0 0 0 0 0 0 0 0 0 0 0 0 0 0 0 0 0 0 0 0 0 0 0 0 0 0 0 0 0 0 0 0 0 0 0 0 0 0 0 0 0 0 0 0 0 0 0 0 0 0 0 0 0 0 0 0 0 0 0 0 0 0 0 0 0 0 0 0 0 0 0 0 0 0 0 0 0 0 0 0 0 0 0 0 0 0 0 0 0 0 0 0 0 0 0 0 0 0 0 0 0 0 0 0 0 0 0 0 0 0 0 0 0 0 0 0 0 0 0 0 0 0 0 0 0 0 0 0 0 0 0 0 0 0 0 0 0 0 0 0 0 0 0 0 0 0 0 0 0 0 0 0 0 0 0 0 0 0 0 0 0 0 0 0 0 0 0 0 0 0 0 0 0 0 0 0 
0 0 0 0 0 0 0 1.11 0 0 0 0 0 0 0 0 0 5.67 0 0 0 0 0 0 0 0 0 2.9 0 0 0 0 0 0 0 0 0 0.14 0 0 0 0 0 0 0 0 0 2.49 0 0 0 0 0 0 0 0 0 2.37 0 0 0 0 0 0 0 0 0 2.17 0 0 0 0 0 0 0 0 0 0.13 0 0 0 0 0 0 0 0 0 0.39 0 0 0 0 0 0 0 0 0 2.4 0 0 0 0.74 0 0 5.21 0 0 0 0 0 0 1.28 0 0 1.22 0 0 0 0 0 0 2.17 0 0 2.74 0 0 0 0 0 0 0.43 0 0 3.84 0 0 0 0 0 0 0.59 0 0 1.24 0 0 0 0 0 0 0.45 0 0 2.57 0 0 0 0 0 0 1.97 0 0 2.32 0 0 0 0 0 0 1.61 0 0 3.93 0 0 0 0 0 0 0.25 0 0 0.6 0 0 0 0 0 0 4 0 0 3.19 0 0 0 0 0 0 0 0 0 0 0 0 0 0 0 0 0 0 0 0 0 0 0 0 0 0 0 0 0 0 0 0 0 0 0 0 0 0 0 0 0 0 0 0 0 0 0 0 0 0 0 0 0 0 0 0 0 0 0 0 0 0 0 0 0 0 0 0 0 0 0 0 0 0 0 0 0 0 0 0 0 0 0 0 0 0 0 0 0 0 0 0 0 0 0 0 0 0 0 0 0 0 0 0 0 0 0 0 0 0 0 0 4.33 0 0 0 0 0 0 0 0 0 0.63 0 0 0 0 0 0 0 0 0 3.42 0 0 0 0 0 0 0 0 0 3.78 0 0 0 0 0 0 0 0 0 0.53 0 0 0 0 0 0 0 0 0 1.03 0 0 0 0 0 0 0 0 0 4.28 0 0 0 0 0 0 0 0 0 1.27 0 0 0 0 0 0 0 0 0 0.07 0 0 0 0 0 0 0 0 0 0.25 0 0 0 1.07 0 0 1.18 0 0 0 0 0 0 3.38 0 0 2.51 0 0 0 0 0 0 1.4 0 0 0.82 0 0 0 0 0 0 1.91 0 0 0.97 0 0 0 0 0 0 4.35 0 0 0.8 0 0 0 0 0 0 0.41 0 0 0.53 0 0 0 0 0 0 4.54 0 0 2.39 0 0 0 0 0 0 4.61 0 0 3.16 0 0 0 0 0 0 0.77 0 0 1.03 0 0 0 0 0 0 3.1 0 0 2.42 0 0 0 0 0 0 0 0 0 0 0 0 0 0 0 0 0 0 0 0 0 0 0 0 0 0 0 0 0 0 0 0 0 0 0 0 0 0 0 0 0 0 0 0 0 0 0 0 0 0 0 0 0 0 0 0 0 0 0 0 0 0 0 0 0 0 0 0 0 0 0 0 0 0 0 0 0 0 0 0 0 0 0 0 0 0 0 0 0 0 0 0 0 0 0 0 0 0 0 0 0 0 0 0 0 0 0 0 0 0 0 0 2.39 0 0 0 0 0 0 0 0 0 4.74 0 0 0 0 0 0 0 0 0 5.1 0 0 0 0 0 0 0 0 0 2.23 0 0 0 0 0 0 0 0 0 0.87 0 0 0 0 0 0 0 0 0 0.15 0 0 0 0 0 0 0 0 0 1.8 0 0 0 0 0 0 0 0 0 0.7 0 0 0 0 0 0 0 0 0 6.29 0 0 0 0 0 0 0 0 0 1.98 0 0 0 4.76 0 0 1.68 0 0 0 0 0 0 1.56 0 0 2.38 0 0 0 0 0 0 0.54 0 0 0.88 0 0 0 0 0 0 0.68 0 0 0.28 0 0 0 0 0 0 0.84 0 0 2.84 0 0 0 0 0 0 3.9 0 0 1.74 0 0 0 0 0 0 2.14 0 0 3.62 0 0 0 0 0 0 0.2 0 0 2.21 0 0 0 0 0 0 4.83 0 0 4.34 0 0 0 0 0 0 4.88 0 0 0.86 0 0 0 0 0 0 0 0 0 0 0 0 0 0 0 0 0 0 0 0 0 0 0 0 0 0 0 0 0 0 0 0 0 0 0 0 0 0 0 0 0 0 0 0 0 0 0 0 0 0 0 0 0 0 0 0 0 0 0 0 0 0 0 0 0 0 0 0 0 0 0 0 0 0 0 0 0 0 0 0 0 0 0 0 0 0 0 0 0 0 0 0 0 0 0 0 0 0 0 0 0 0 0 0 0 0 0 0 0 0 0 0 0.65 0 0 0 0 0 0 0 0 0 0.74 0 0 0 0 0 0 0 0 0 3.42 0 0 0 0 0 0 0 0 0 1.79 0 0 0 0 0 0 0 0 0 0.77 0 0 0 0 0 0 0 0 0 0.41 0 0 0 0 0 0 0 0 0 1.07 0 0 0 0 0 0 0 0 0 0.53 0 0 0 0 0 0 0 0 0 3.51 0 0 0 0 0 0 0 0 0 0.59 0 0 0 0 0 0 0 0 0 1.67 0 0 0 0 0 0 0 0 0 5.52 0 0 0 0 0 0 0 0 0 2.95 0 0 0 0 0 0 0 0 0 4.24 0 0 0 0 0 0 0 0 0 4.49 0 0 0 0 0 0 0 0 0 0.87 0 0 0 0 0 0 0 0 0 1.15 0 0 0 0 0 0 0 0 0 3.53 0 0 0 0 0 0 0 0 0 3.27 0 0 0 0 0 0 0 0 0 2.3 0 0 0 4.58 0 0 1.13 0 0 0 0 0 0 1.63 0 0 1.93 0 0 0 0 0 0 2.81 0 0 2.67 0 0 0 0 0 0 3.85 0 0 5.71 0 0 0 0 0 0 2.08 0 0 1.44 0 0 0 0 0 0 4.66 0 0 4.5 0 0 0 0 0 0 3.54 0 0 5.12 0 0 0 0 0 0 3.65 0 0 4.13 0 0 0 0 0 0 0.27 0 0 1.77 0 0 0 0 0 0 2.6 0 0 1.95 0 0 0 0 0 0 0 0 0 0 0 0 0 0 0 0 0 0 0 0 0 0 0 0 0 0 0 0 0 0 0 0 0 0 0 0 0 0 0 0 0 0 0 0 0 0 0 0 0 0 0 0 0 0 0 0 0 0 0 0 0 0 0 0 0 0 0 0 0 0 0 0 0 0 0 0 0 0 0 0 0 0 0 0 0 0 0 0 0 0 0 0 0 0 0 0 0 0 0 0 0 0 0 0 0 0 0 0 0 0 0 0 3.38 0 0 0 0 0 0 0 0 0 0.71 0 0 0 0 0 0 0 0 0 5.13 0 0 0 0 0 0 0 0 0 0.54 0 0 0 0 0 0 0 0 0 2.58 0 0 0 0 0 0 0 0 0 5.29 0 0 0 0 0 0 0 0 0 1.16 0 0 0 0 0 0 0 0 0 0.64 0 0 0 0 0 0 0 0 0 1.47 0 0 0 0 0 0 0 0 0 1.74 0 0 0 3.75 0 0 0.67 0 0 0 0 0 0 1.61 0 0 0.13 0 0 0 0 0 0 2.13 0 0 4.25 0 0 0 0 0 0 5.31 0 0 3.2 0 0 0 0 0 0 4.2 0 0 2.78 0 0 0 0 0 0 4.56 0 0 4.7 0 0 0 0 0 0 5.29 0 0 0.72 0 0 0 0 0 0 3.18 0 0 0.92 0 0 0 0 0 0 0.21 0 0 5.23 0 0 0 0 0 0 0.32 0 0 3.87 0 0 0 0 0 0 0 0 0 0 0 0 0 0 0 0 0 0 0 0 0 0 0 0 0 0 0 0 0 0 0 0 0 0 0 0 0 0 0 0 0 0 0 0 0 0 0 0 0 0 0 0 0 0 0 0 0 0 0 0 0 0 0 0 0 0 0 0 0 0 0 0 0 0 0 0 0 0 0 0 0 0 0 0 0 0 0 0 0 0 0 0 0 0 0 0 0 0 0 0 0 0 0 0 0 0 0 0 0 0 0 0 3.77 0 0 0 0 0 0 0 0 0 0.14 0 0 0 0 0 0 0 0 0 2.59 0 0 0 0 0 0 0 0 0 4.7 0 0 0 0 0 0 0 0 0 0.46 0 0 0 0 0 0 0 0 0 3.8 0 0 0 0 0 0 0 0 0 3.29 0 0 0 0 0 0 0 0 0 0.64 0 0 0 0 0 0 0 0 0 4.79 0 0 0 0 0 0 0 0 0 2.46 0 0 0 3.48 0 0 1.81 0 0 0 0 0 0 2.45 0 0 2.95 0 0 0 0 0 0 3.12 0 0 3.06 0 0 0 0 0 0 0.87 0 0 3.86 0 0 0 0 0 0 0.32 0 0 1.48 0 0 0 0 0 0 1.6 0 0 4.02 0 0 0 0 0 0 0.16 0 0 0.66 0 0 0 0 0 0 3.08 0 0 0.61 0 0 0 0 0 0 0.69 0 0 0.87 0 0 0 0 0 0 3.61 0 0 0.3 0 0 0 0 0 0 0 0 0 0 0 0 0 0 0 0 0 0 0 0 0 0 0 0 0 0 0 0 0 0 0 0 0 0 0 0 0 0 0 0 0 0 0 0 0 0 0 0 0 0 0 0 0 0 0 0 0 0 0 0 0 0 0 0 0 0 0 0 0 0 0 0 0 0 0 0 0 0 0 0 0 0 0 0 0 0 0 0 0 0 0 0 0 0 0 0 0 0 0 0 0 0 0 0 0 0 0 0 0 0 0 0 0.39 0 0 0 0 0 0 0 0 0 0.69 0 0 0 0 0 0 0 0 0 1.76 0 0 0 0 0 0 0 0 0 3.76 0 0 0 0 0 0 0 0 0 2.43 0 0 0 0 0 0 0 0 0 5.05 0 0 0 0 0 0 0 0 0 0.71 0 0 0 0 0 0 0 0 0 0.62 0 0 0 0 0 0 0 0 0 4.33 0 0 0 0 0 0 0 0 0 2.2 0 0 0 0 0 0 0 0 0 2.94 0 0 0 0 0 0 0 0 0 0.63 0 0 0 0 0 0 0 0 0 0.62 0 0 0 0 0 0 0 0 0 2.63 0 0 0 0 0 0 0 0 0 1.23 0 0 0 0 0 0 0 0 0 0.19 0 0 0 0 0 0 0 0 0 3.87 0 0 0 0 0 0 0 0 0 2.88 0 0 0 0 0 0 0 0 0 2.93 0 0 0 0 0 0 0 0 0 2.35 0 0 0 1.88 0 0 0.53 0 0 0 0 0 0 0.11 0 0 3.63 0 0 0 0 0 0 1.87 0 0 1.19 0 0 0 0 0 0 1.61 0 0 3.9 0 0 0 0 0 0 0.91 0 0 2.59 0 0 0 0 0 0 2.81 0 0 3.96 0 0 0 0 0 0 3.14 0 0 1.39 0 0 0 0 0 0 2.19 0 0 0.57 0 0 0 0 0 0 4.93 0 0 0.86 0 0 0 0 0 0 2.61 0 0 1.85 0 0 0 0 0 0 0 0 0 0 0 0 0 0 0 0 0 0 0 0 0 0 0 0 0 0 0 0 0 0 0 0 0 0 0 0 0 0 0 0 0 0 0 0 0 0 0 0 0 0 0 0 0 0 0 0 0 0 0 0 0 0 0 0 0 0 0 0 0 0 0 0 0 0 0 0 0 0 0 0 0 0 0 0 0 0 0 0 0 0 0 0 0 0 0 0 0 0 0 0 0 0 0 0 0 0 0 0 0 0 0 0 2.3 0 0 0 0 0 0 0 0 0 0.73 0 0 0 0 0 0 0 0 0 1.24 0 0 0 0 0 0 0 0 0 2.22 0 0 0 0 0 0 0 0 0 0.95 0 0 0 0 0 0 0 0 0 0.32 0 0 0 0 0 0 0 0 0 4.04 0 0 0 0 0 0 0 0 0 0.13 0 0 0 0 0 0 0 0 0 3.14 0 0 0 0 0 0 0 0 0 5.07 0 0 0 5.35 0 0 0.06 0 0 0 0 0 0 1.54 0 0 1.96 0 0 0 0 0 0 1.6 0 0 4.36 0 0 0 0 0 0 3.64 0 0 0.99 0 0 0 0 0 0 0.58 0 0 0.27 0 0 0 0 0 0 0.44 0 0 4.95 0 0 0 0 0 0 3.49 0 0 3.2 0 0 0 0 0 0 4.7 0 0 1.55 0 0 0 0 0 0 5.04 0 0 4.49 0 0 0 0 0 0 0.93 0 0 2.06 0 0 0 0 0 0 0 0 0 0 0 0 0 0 0 0 0 0 0 0 0 0 0 0 0 0 0 0 0 0 0 0 0 0 0 0 0 0 0 0 0 0 0 0 0 0 0 0 0 0 0 0 0 0 0 0 0 0 0 0 0 0 0 0 0 0 0 0 0 0 0 0 0 0 0 0 0 0 0 0 0 0 0 0 0 0 0 0 0 0 0 0 0 0 0 0 0 0 0 0 0 0 0 0 0 0 0 0 0 0 0 0 3.33 0 0 0 0 0 0 0 0 0 0.41 0 0 0 0 0 0 0 0 0 0.25 0 0 0 0 0 0 0 0 0 1.88 0 0 0 0 0 0 0 0 0 4.1 0 0 0 0 0 0 0 0 0 3.53 0 0 0 0 0 0 0 0 0 0.17 0 0 0 0 0 0 0 0 0 5.07 0 0 0 0 0 0 0 0 0 3.23 0 0 0 0 0 0 0 0 0 4.4 0 0 0 0.76 0 0 0.17 0 0 0 0 0 0 0.37 0 0 0.03 0 0 0 0 0 0 2.12 0 0 3.36 0 0 0 0 0 0 0.01 0 0 1.07 0 0 0 0 0 0 2.74 0 0 0.17 0 0 0 0 0 0 4.23 0 0 4.47 0 0 0 0 0 0 0.45 0 0 0.33 0 0 0 0 0 0 2.25 0 0 5.16 0 0 0 0 0 0 1.57 0 0 4.51 0 0 0 0 0 0 2.12 0 0 5.46 0 0 0 0 0 0 0 0 0 0 0 0 0 0 0 0 0 0 0 0 0 0 0 0 0 0 0 0 0 0 0 0 0 0 0 0 0 0 0 0 0 0 0 0 0 0 0 0 0 0 0 0 0 0 0 0 0 0 0 0 0 0 0 0 0 0 0 0 0 0 0 0 0 0 0 0 0 0 0 0 0 0 0 0 0 0 0 0 0 0 0 0 0 0 0 0 0 0 0 0 0 0 0 0 0 0 0 0 0 0 0 0 0.78 0 0 0 0 0 0 0 0 0 0.6 0 0 0 0 0 0 0 0 0 2.96 0 0 0 0 0 0 0 0 0 2.04 0 0 0 0 0 0 0 0 0 2.86 0 0 0 0 0 0 0 0 0 2.24 0 0 0 0 0 0 0 0 0 0.84 0 0 0 0 0 0 0 0 0 2.91 0 0 0 0 0 0 0 0 0 4.93 0 0 0 0 0 0 0 0 0 1.37 0 0 0 0 0 0 0 0 0 4.03 0 0 0 0 0 0 0 0 0 1.68 0 0 0 0 0 0 0 0 0 3.49 0 0 0 0 0 0 0 0 0 4.76 0 0 0 0 0 0 0 0 0 3.04 0 0 0 0 0 0 0 0 0 0.88 0 0 0 0 0 0 0 0 0 3.7 0 0 0 0 0 0 0 0 0 5.68 0 0 0 0 0 0 0 0 0 2.75 0 0 0 0 0 0 0 0 0 1.07 0 0 0 1.01 0 0 2.1 0 0 0 0 0 0 2.29 0 0 1.17 0 0 0 0 0 0 2.96 0 0 0.18 0 0 0 0 0 0 0.42 0 0 0.91 0 0 0 0 0 0 3.1 0 0 0.4 0 0 0 0 0 0 0.2 0 0 0.31 0 0 0 0 0 0 1.87 0 0 1.36 0 0 0 0 0 0 4.99 0 0 2.22 0 0 0 0 0 0 0.41 0 0 0.68 0 0 0 0 0 0 0.41 0 0 1.18 0 0 0 0 0 0 0 0 0 0 0 0 0 0 0 0 0 0 0 0 0 0 0 0 0 0 0 0 0 0 0 0 0 0 0 0 0 0 0 0 0 0 0 0 0 0 0 0 0 0 0 0 0 0 0 0 0 0 0 0 0 0 0 0 0 0 0 0 0 0 0 0 0 0 0 0 0 0 0 0 0 0 0 0 0 0 0 0 0 0 0 0 0 0 0 0 0 0 0 0 0 0 0 0 0 0 0 0 0 0 0 0 1.48 0 0 0 0 0 0 0 0 0 1.47 0 0 0 0 0 0 0 0 0 3.75 0 0 0 0 0 0 0 0 0 3.07 0 0 0 0 0 0 0 0 0 2.7 0 0 0 0 0 0 0 0 0 3.76 0 0 0 0 0 0 0 0 0 0.35 0 0 0 0 0 0 0 0 0 1.08 0 0 0 0 0 0 0 0 0 3.72 0 0 0 0 0 0 0 0 0 0.13 0 0 0 1.4 0 0 2.28 0 0 0 0 0 0 0.76 0 0 0.32 0 0 0 0 0 0 2.48 0 0 2.38 0 0 0 0 0 0 1.05 0 0 0.43 0 0 0 0 0 0 4.28 0 0 3.22 0 0 0 0 0 0 3.57 0 0 3.7 0 0 0 0 0 0 3.02 0 0 4.39 0 0 0 0 0 0 1.85 0 0 3.55 0 0 0 0 0 0 3.72 0 0 0.09 0 0 0 0 0 0 3.7 0 0 0.69 0 0 0 0 0 0 0 0 0 0 0 0 0 0 0 0 0 0 0 0 0 0 0 0 0 0 0 0 0 0 0 0 0 0 0 0 0 0 0 0 0 0 0 0 0 0 0 0 0 0 0 0 0 0 0 0 0 0 0 0 0 0 0 0 0 0 0 0 0 0 0 0 0 0 0 0 0 0 0 0 0 0 0 0 0 0 0 0 0 0 0 0 0 0 0 0 0 0 0 0 0 0 0 0 0 0 0 0 0 0 0 0 5.34 0 0 0 0 0 0 0 0 0 0.81 0 0 0 0 0 0 0 0 0 0.44 0 0 0 0 0 0 0 0 0 0.58 0 0 0 0 0 0 0 0 0 1.73 0 0 0 0 0 0 0 0 0 0.05 0 0 0 0 0 0 0 0 0 0.52 0 0 0 0 0 0 0 0 0 2.2 0 0 0 0 0 0 0 0 0 0.16 0 0 0 0 0 0 0 0 0 4.6 0 0 0 5.01 0 0 3.26 0 0 0 0 0 0 2.61 0 0 5.38 0 0 0 0 0 0 0.99 0 0 0.57 0 0 0 0 0 0 0.28 0 0 0.04 0 0 0 0 0 0 3.01 0 0 0.31 0 0 0 0 0 0 2.55 0 0 0.91 0 0 0 0 0 0 3.03 0 0 3.4 0 0 0 0 0 0 5.52 0 0 0.54 0 0 0 0 0 0 4.07 0 0 5.78 0 0 0 0 0 0 0.95 0 0 1.78 0 0 0 0 0 0 0 0 0 0 0 0 0 0 0 0 0 0 0 0 0 0 0 0 0 0 0 0 0 0 0 0 0 0 0 0 0 0 0 0 0 0 0 0 0 0 0 0 0 0 0 0 0 0 0 0 0 0 0 0 0 0 0 0 0 0 0 0 0 0 0 0 0 0 0 0 0 0 0 0 0 0 0 0 0 0 0 0 0 0 0 0 0 0 0 0 0 0 0 0 0 0 0 0 0 0 0 0 0 0 0 0 1.34 0 0 0 0 0 0 0 0 0 0.92 0 0 0 0 0 0 0 0 0 3.85 0 0 0 0 0 0 0 0 0 0.68 0 0 0 0 0 0 0 0 0 3.85 0 0 0 0 0 0 0 0 0 2.16 0 0 0 0 0 0 0 0 0 0.82 0 0 0 0 0 0 0 0 0 0.43 0 0 0 0 0 0 0 0 0 1.16 0 0 0 0 0 0 0 0 0 2.3 0 0 0 0 0 0 0 0 0 1.4 0 0 0 0 0 0 0 0 0 0.3 0 0 0 0 0 0 0 0 0 1.18 0 0 0 0 0 0 0 0 0 1.39 0 0 0 0 0 0 0 0 0 1.32 0 0 0 0 0 0 0 0 0 2.66 0 0 0 0 0 0 0 0 0 1.64 0 0 0 0 0 0 0 0 0 6.16 0 0 0 0 0 0 0 0 0 3.74 0 0 0 0 0 0 0 0 0 1.94 0 0 0 0.63 0 0 2.61 0 0 0 0 0 0 3.54 0 0 2.2 0 0 0 0 0 0 0.78 0 0 0.93 0 0 0 0 0 0 3.54 0 0 0.95 0 0 0 0 0 0 0.59 0 0 4.29 0 0 0 0 0 0 3.06 0 0 1.46 0 0 0 0 0 0 0.88 0 0 0.8 0 0 0 0 0 0 0.52 0 0 3.56 0 0 0 0 0 0 0.64 0 0 1.77 0 0 0 0 0 0 5.23 0 0 1.29 0 0 0 0 0 0 0 0 0 0 0 0 0 0 0 0 0 0 0 0 0 0 0 0 0 0 0 0 0 0 0 0 0 0 0 0 0 0 0 0 0 0 0 0 0 0 0 0 0 0 0 0 0 0 0 0 0 0 0 0 0 0 0 0 0 0 0 0 0 0 0 0 0 0 0 0 0 0 0 0 0 0 0 0 0 0 0 0 0 0 0 0 0 0 0 0 0 0 0 0 0 0 0 0 0 0 0 0 0 0 0 0 1.33 0 0 0 0 0 0 0 0 0 2.9 0 0 0 0 0 0 0 0 0 1.6 0 0 0 0 0 0 0 0 0 3.61 0 0 0 0 0 0 0 0 0 0.27 0 0 0 0 0 0 0 0 0 1.47 0 0 0 0 0 0 0 0 0 0.17 0 0 0 0 0 0 0 0 0 0.3 0 0 0 0 0 0 0 0 0 2.76 0 0 0 0 0 0 0 0 0 0.29 0 0 0 2.2 0 0 4.21 0 0 0 0 0 0 5.59 0 0 0.33 0 0 0 0 0 0 3.11 0 0 3.65 0 0 0 0 0 0 0.47 0 0 4.53 0 0 0 0 0 0 1.87 0 0 1.24 0 0 0 0 0 0 3.91 0 0 0.09 0 0 0 0 0 0 1.3 0 0 1.54 0 0 0 0 0 0 0.45 0 0 1.03 0 0 0 0 0 0 0.34 0 0 2.06 0 0 0 0 0 0 3.11 0 0 1.25 0 0 0 0 0 0 0 0 0 0 0 0 0 0 0 0 0 0 0 0 0 0 0 0 0 0 0 0 0 0 0 0 0 0 0 0 0 0 0 0 0 0 0 0 0 0 0 0 0 0 0 0 0 0 0 0 0 0 0 0 0 0 0 0 0 0 0 0 0 0 0 0 0 0 0 0 0 0 0 0 0 0 0 0 0 0 0 0 0 0 0 0 0 0 0 0 0 0 0 0 0 0 0 0 0 0 0 0 0 0 0 0 2.24 0 0 0 0 0 0 0 0 0 1.31 0 0 0 0 0 0 0 0 0 2.15 0 0 0 0 0 0 0 0 0 3.19 0 0 0 0 0 0 0 0 0 4.27 0 0 0 0 0 0 0 0 0 2.18 0 0 0 0 0 0 0 0 0 3.41 0 0 0 0 0 0 0 0 0 1.92 0 0 0 0 0 0 0 0 0 1.79 0 0 0 0 0 0 0 0 0 4.61 0 0 0 2.42 0 0 0.74 0 0 0 0 0 0 4.3 0 0 1.89 0 0 0 0 0 0 3.53 0 0 0.2 0 0 0 0 0 0 1.31 0 0 0.35 0 0 0 0 0 0 1.39 0 0 5.28 0 0 0 0 0 0 1.49 0 0 0.21 0 0 0 0 0 0 1.77 0 0 0.59 0 0 0 0 0 0 1.46 0 0 3.23 0 0 0 0 0 0 0.48 0 0 1.25 0 0 0 0 0 0 4.69 0 0 3.11 0 0 0 0 0 0 0 0 0 0 0 0 0 0 0 0 0 0 0 0 0 0 0 0 0 0 0 0 0 0 0 0 0 0 0 0 0 0 0 0 0 0 0 0 0 0 0 0 0 0 0 0 0 0 0 0 0 0 0 0 0 0 0 0 0 0 0 0 0 0 0 0 0 0 0 0 0 0 0 0 0 0 0 0 0 0 0 0 0 0 0 0 0 0 0 0 0 0 0 0 0 0 0 0 0 0 0 0 0 0 0 0 3.93 0 0 0 0 0 0 0 0 0 1.18 0 0 0 0 0 0 0 0 0 0.84 0 0 0 0 0 0 0 0 0 1.15 0 0 0 0 0 0 0 0 0 1.34 0 0 0 0 0 0 0 0 0 2.38 0 0 0 0 0 0 0 0 0 4.62 0 0 0 0 0 0 0 0 0 5.66 0 0 0 0 0 0 0 0 0 0.74 0 0 0 0 0 0 0 0 0 0.86 0 0 0 0 0 0 0 0 0 2.09 0 0 0 0 0 0 0 0 0 0.98 0 0 0 0 0 0 0 0 0 2.59 0 0 0 0 0 0 0 0 0 2.88 0 0 0 0 0 0 0 0 0 5.36 0 0 0 0 0 0 0 0 0 2.29 0 0 0 0 0 0 0 0 0 3.77 0 0 0 0 0 0 0 0 0 0.97 0 0 0 0 0 0 0 0 0 4.38 0 0 0 0 0 0 0 0 0 1.38 0 0 0 0.08 0 0 3.71 0 0 0 0 0 0 1.49 0 0 3.4 0 0 0 0 0 0 3.59 0 0 3.78 0 0 0 0 0 0 0.34 0 0 0.23 0 0 0 0 0 0 1.63 0 0 0.09 0 0 0 0 0 0 0.69 0 0 5.61 0 0 0 0 0 0 0.92 0 0 0.62 0 0 0 0 0 0 3.7 0 0 0.87 0 0 0 0 0 0 0.67 0 0 3.08 0 0 0 0 0 0 1.59 0 0 0.51 0 0 0 0 0 0 0 0 0 0 0 0 0 0 0 0 0 0 0 0 0 0 0 0 0 0 0 0 0 0 0 0 0 0 0 0 0 0 0 0 0 0 0 0 0 0 0 0 0 0 0 0 0 0 0 0 0 0 0 0 0 0 0 0 0 0 0 0 0 0 0 0 0 0 0 0 0 0 0 0 0 0 0 0 0 0 0 0 0 0 0 0 0 0 0 0 0 0 0 0 0 0 0 0 0 0 0 0 0 0 0 0 1.58 0 0 0 0 0 0 0 0 0 3.9 0 0 0 0 0 0 0 0 0 3.94 0 0 0 0 0 0 0 0 0 0.37 0 0 0 0 0 0 0 0 0 3.93 0 0 0 0 0 0 0 0 0 4.01 0 0 0 0 0 0 0 0 0 0.29 0 0 0 0 0 0 0 0 0 3.31 0 0 0 0 0 0 0 0 0 1.24 0 0 0 0 0 0 0 0 0 5.95 0 0 0 2.19 0 0 0.51 0 0 0 0 0 0 1.22 0 0 4.19 0 0 0 0 0 0 3.4 0 0 1.02 0 0 0 0 0 0 2.86 0 0 0.28 0 0 0 0 0 0 4.01 0 0 0.46 0 0 0 0 0 0 1.63 0 0 0.54 0 0 0 0 0 0 4.95 0 0 5.32 0 0 0 0 0 0 4.37 0 0 2.62 0 0 0 0 0 0 4.89 0 0 1.32 0 0 0 0 0 0 3.61 0 0 1.63 0 0 0 0 0 0 0 0 0 0 0 0 0 0 0 0 0 0 0 0 0 0 0 0 0 0 0 0 0 0 0 0 0 0 0 0 0 0 0 0 0 0 0 0 0 0 0 0 0 0 0 0 0 0 0 0 0 0 0 0 0 0 0 0 0 0 0 0 0 0 0 0 0 0 0 0 0 0 0 0 0 0 0 0 0 0 0 0 0 0 0 0 0 0 0 0 0 0 0 0 0 0 0 0 0 0 0 0 0 0 0 0 4.57 0 0 0 0 0 0 0 0 0 3.39 0 0 0 0 0 0 0 0 0 4.16 0 0 0 0 0 0 0 0 0 3.23 0 0 0 0 0 0 0 0 0 1.49 0 0 0 0 0 0 0 0 0 1.23 0 0 0 0 0 0 0 0 0 0.16 0 0 0 0 0 0 0 0 0 1.73 0 0 0 0 0 0 0 0 0 4.43 0 0 0 0 0 0 0 0 0 5 0 0 0 1.12 0 0 0.31 0 0 0 0 0 0 0.82 0 0 0.32 0 0 0 0 0 0 0.22 0 0 0.36 0 0 0 0 0 0 1.66 0 0 4.66 0 0 0 0 0 0 2.26 0 0 2.2 0 0 0 0 0 0 2.05 0 0 1.47 0 0 0 0 0 0 1.73 0 0 0.84 0 0 0 0 0 0 2.14 0 0 2.49 0 0 0 0 0 0 0.63 0 0 0.75 0 0 0 0 0 0 0.28 0 0 1.98 0 0 0 0 0 0 0 0 0 0 0 0 0 0 0 0 0 0 0 0 0 0 0 0 0 0 0 0 0 0 0 0 0 0 0 0 0 0 0 0 0 0 0 0 0 0 0 0 0 0 0 0 0 0 0 0 0 0 0 0 0 0 0 0 0 0 0 0 0 0 0 0 0 0 0 0 0 0 0 0 0 0 0 0 0 0 0 0 0 0 0 0 0 0 0 0 0 0 0 0 0 0 0 0 0 0 0 0 0 0 0 0 2.47 0 0 0 0 0 0 0 0 0 0.86 0 0 0 0 0 0 0 0 0 1.16 0 0 0 0 0 0 0 0 0 0.78 0 0 0 0 0 0 0 0 0 2.24 0 0 0 0 0 0 0 0 0 2.48 0 0 0 0 0 0 0 0 0 2.98 0 0 0 0 0 0 0 0 0 1.82 0 0 0 0 0 0 0 0 0 1.04 0 0 0 0 0 0 0 0 0 3.29 0 0 0 0 0 0 0 0 0 3.37 0 0 0 0 0 0 0 0 0 3.46 0 0 0 0 0 0 0 0 0 1.85 0 0 0 0 0 0 0 0 0 3.88 0 0 0 0 0 0 0 0 0 0.4 0 0 0 0 0 0 0 0 0 2.26 0 0 0 0 0 0 0 0 0 2.15 0 0 0 0 0 0 0 0 0 4.3 0 0 0 0 0 0 0 0 0 1.98 0 0 0 0 0 0 0 0 0 3.52 0 0 0 1.84 0 0 0.65 0 0 0 0 0 0 1.49 0 0 2.32 0 0 0 0 0 0 0.19 0 0 1.67 0 0 0 0 0 0 2.44 0 0 2.24 0 0 0 0 0 0 2.35 0 0 1.58 0 0 0 0 0 0 4.13 0 0 1.99 0 0 0 0 0 0 2.37 0 0 4.05 0 0 0 0 0 0 2.1 0 0 3.68 0 0 0 0 0 0 2.77 0 0 0.64 0 0 0 0 0 0 0.52 0 0 1.62 0 0 0 0 0 0 0 0 0 0 0 0 0 0 0 0 0 0 0 0 0 0 0 0 0 0 0 0 0 0 0 0 0 0 0 0 0 0 0 0 0 0 0 0 0 0 0 0 0 0 0 0 0 0 0 0 0 0 0 0 0 0 0 0 0 0 0 0 0 0 0 0 0 0 0 0 0 0 0 0 0 0 0 0 0 0 0 0 0 0 0 0 0 0 0 0 0 0 0 0 0 0 0 0 0 0 0 0 0 0 0 0 0.21 0 0 0 0 0 0 0 0 0 0.38 0 0 0 0 0 0 0 0 0 2.51 0 0 0 0 0 0 0 0 0 0.78 0 0 0 0 0 0 0 0 0 1.61 0 0 0 0 0 0 0 0 0 4.87 0 0 0 0 0 0 0 0 0 1.18 0 0 0 0 0 0 0 0 0 2.26 0 0 0 0 0 0 0 0 0 0.84 0 0 0 0 0 0 0 0 0 5.93 0 0 0 0.52 0 0 0.7 0 0 0 0 0 0 3.39 0 0 0.83 0 0 0 0 0 0 1.34 0 0 1.36 0 0 0 0 0 0 1.3 0 0 0.5 0 0 0 0 0 0 3.92 0 0 1.11 0 0 0 0 0 0 0.69 0 0 2.46 0 0 0 0 0 0 1.25 0 0 3.76 0 0 0 0 0 0 1.94 0 0 0.34 0 0 0 0 0 0 3.36 0 0 2.12 0 0 0 0 0 0 0.7 0 0 4.36 0 0 0 0 0 0 0 0 0 0 0 0 0 0 0 0 0 0 0 0 0 0 0 0 0 0 0 0 0 0 0 0 0 0 0 0 0 0 0 0 0 0 0 0 0 0 0 0 0 0 0 0 0 0 0 0 0 0 0 0 0 0 0 0 0 0 0 0 0 0 0 0 0 0 0 0 0 0 0 0 0 0 0 0 0 0 0 0 0 0 0 0 0 0 0 0 0 0 0 0 0 0 0 0 0 0 0 0 0 0 0 0 4.8 0 0 0 0 0 0 0 0 0 4.99 0 0 0 0 0 0 0 0 0 2.29 0 0 0 0 0 0 0 0 0 3.64 0 0 0 0 0 0 0 0 0 3.45 0 0 0 0 0 0 0 0 0 2.07 0 0 0 0 0 0 0 0 0 3.31 0 0 0 0 0 0 0 0 0 1.3 0 0 0 0 0 0 0 0 0 0.23 0 0 0 0 0 0 0 0 0 0.82 0 0 0 0.55 0 0 1.68 0 0 0 0 0 0 0.88 0 0 1.63 0 0 0 0 0 0 1.25 0 0 1.44 0 0 0 0 0 0 3.26 0 0 0.88 0 0 0 0 0 0 2.22 0 0 2.29 0 0 0 0 0 0 0.54 0 0 2.98 0 0 0 0 0 0 5.36 0 0 1.79 0 0 0 0 0 0 0.96 0 0 0.49 0 0 0 0 0 0 0.84 0 0 2.84 0 0 0 0 0 0 1.02 0 0 0.52 0 0 0 0 0 0 0 0 0 0 0 0 0 0 0 0 0 0 0 0 0 0 0 0 0 0 0 0 0 0 0 0 0 0 0 0 0 0 0 0 0 0 0 0 0 0 0 0 0 0 0 0 0 0 0 0 0 0 0 0 0 0 0 0 0 0 0 0 0 0 0 0 0 0 0 0 0 0 0 0 0 0 0 0 0 0 0 0 0 0 0 0 0 0 0 0 0 0 0 0 0 0 0 0 0 0 0 0 0 0 0 0 2.37 0 0 0 0 0 0 0 0 0 0.07 0 0 0 0 0 0 0 0 0 1.3 0 0 0 0 0 0 0 0 0 1.82 0 0 0 0 0 0 0 0 0 2.62 0 0 0 0 0 0 0 0 0 3.6 0 0 0 0 0 0 0 0 0 1.96 0 0 0 0 0 0 0 0 0 3.29 0 0 0 0 0 0 0 0 0 3.72 0 0 0 0 0 0 0 0 0 5.35 0 0 0 0 0 0 0 0 0 1.71 0 0 0 0 0 0 0 0 0 2.35 0 0 0 0 0 0 0 0 0 1.36 0 0 0 0 0 0 0 0 0 2.89 0 0 0 0 0 0 0 0 0 1.12 0 0 0 0 0 0 0 0 0 0.21 0 0 0 0 0 0 0 0 0 3.53 0 0 0 0 0 0 0 0 0 1.75 0 0 0 0 0 0 0 0 0 0.22 0 0 0 0 0 0 0 0 0 0.62 0 0 0 0.38 0 0 2.91 0 0 0 0 0 0 4.04 0 0 2.37 0 0 0 0 0 0 3.42 0 0 0.87 0 0 0 0 0 0 3.66 0 0 0.54 0 0 0 0 0 0 0.64 0 0 0.59 0 0 0 0 0 0 3.59 0 0 0.3 0 0 0 0 0 0 3.21 0 0 1.07 0 0 0 0 0 0 2.48 0 0 2.5 0 0 0 0 0 0 0.72 0 0 4.51 0 0 0 0 0 0 1.85 0 0 0.68 0 0 0 0 0 0 0 0 0 0 0 0 0 0 0 0 0 0 0 0 0 0 0 0 0 0 0 0 0 0 0 0 0 0 0 0 0 0 0 0 0 0 0 0 0 0 0 0 0 0 0 0 0 0 0 0 0 0 0 0 0 0 0 0 0 0 0 0 0 0 0 0 0 0 0 0 0 0 0 0 0 0 0 0 0 0 0 0 0 0 0 0 0 0 0 0 0 0 0 0 0 0 0 0 0 0 0 0 0 0 0 0 1.65 0 0 0 0 0 0 0 0 0 0.8 0 0 0 0 0 0 0 0 0 3.81 0 0 0 0 0 0 0 0 0 0.58 0 0 0 0 0 0 0 0 0 1.85 0 0 0 0 0 0 0 0 0 1.39 0 0 0 0 0 0 0 0 0 1.34 0 0 0 0 0 0 0 0 0 4.39 0 0 0 0 0 0 0 0 0 2.31 0 0 0 0 0 0 0 0 0 1.02 0 0 0 0.71 0 0 1.03 0 0 0 0 0 0 1.9 0 0 0.84 0 0 0 0 0 0 1.27 0 0 2.17 0 0 0 0 0 0 0.23 0 0 0.52 0 0 0 0 0 0 2.59 0 0 0.28 0 0 0 0 0 0 4.04 0 0 1.36 0 0 0 0 0 0 0.14 0 0 0.44 0 0 0 0 0 0 1.37 0 0 1.34 0 0 0 0 0 0 0.3 0 0 3.34 0 0 0 0 0 0 0.32 0 0 1.48 0 0 0 0 0 0 0 0 0 0 0 0 0 0 0 0 0 0 0 0 0 0 0 0 0 0 0 0 0 0 0 0 0 0 0 0 0 0 0 0 0 0 0 0 0 0 0 0 0 0 0 0 0 0 0 0 0 0 0 0 0 0 0 0 0 0 0 0 0 0 0 0 0 0 0 0 0 0 0 0 0 0 0 0 0 0 0 0 0 0 0 0 0 0 0 0 0 0 0 0 0 0 0 0 0 0 0 0 0 0 0 0 1.09 0 0 0 0 0 0 0 0 0 0.91 0 0 0 0 0 0 0 0 0 1.13 0 0 0 0 0 0 0 0 0 1.25 0 0 0 0 0 0 0 0 0 0.04 0 0 0 0 0 0 0 0 0 0.9 0 0 0 0 0 0 0 0 0 1.86 0 0 0 0 0 0 0 0 0 3.51 0 0 0 0 0 0 0 0 0 0.5 0 0 0 0 0 0 0 0 0 0.5 0 0 0 1.88 0 0 1.48 0 0 0 0 0 0 1.1 0 0 2.92 0 0 0 0 0 0 2.07 0 0 2.52 0 0 0 0 0 0 0.36 0 0 0.44 0 0 0 0 0 0 4.2 0 0 0.32 0 0 0 0 0 0 0.94 0 0 3.44 0 0 0 0 0 0 1.74 0 0 2.04 0 0 0 0 0 0 2.64 0 0 0.35 0 0 0 0 0 0 0.38 0 0 3.75 0 0 0 0 0 0 2.64 0 0 0.84 0 0 0 0 0 0 0 0 0 0 0 0 0 0 0 0 0 0 0 0 0 0 0 0 0 0 0 0 0 0 0 0 0 0 0 0 0 0 0 0 0 0 0 0 0 0 0 0 0 0 0 0 0 0 0 0 0 0 0 0 0 0 0 0 0 0 0 0 0 0 0 0 0 0 0 0 0 0 0 0 0 0 0 0 0 0 0 0 0 0 0 0 0 0 0 0 0 0 0 0 0 0 0 0 0 0 0 0 0 0 0 0 3.72 0 0 0 0 0 0 0 0 0 3.53 0 0 0 0 0 0 0 0 0 1.03 0 0 0 0 0 0 0 0 0 4.84 0 0 0 0 0 0 0 0 0 0.65 0 0 0 0 0 0 0 0 0 0.26 0 0 0 0 0 0 0 0 0 1.38 0 0 0 0 0 0 0 0 0 3.01 0 0 0 0 0 0 0 0 0 4.2 0 0 0 0 0 0 0 0 0 0.37 0 0 0 0 0 0 0 0 0 1.02 0 0 0 0 0 0 0 0 0 0.91 0 0 0 0 0 0 0 0 0 1.66 0 0 0 0 0 0 0 0 0 1.1 0 0 0 0 0 0 0 0 0 4.86 0 0 0 0 0 0 0 0 0 5.63 0 0 0 0 0 0 0 0 0 2.43 0 0 0 0 0 0 0 0 0 0.62 0 0 0 0 0 0 0 0 0 2.65 0 0 0 0 0 0 0 0 0 2.67 0 0 0 0.88 0 0 0.68 0 0 0 0 0 0 0.08 0 0 3.5 0 0 0 0 0 0 2.41 0 0 4.52 0 0 0 0 0 0 4.28 0 0 2.42 0 0 0 0 0 0 3.78 0 0 0.19 0 0 0 0 0 0 0.95 0 0 0.25 0 0 0 0 0 0 0.73 0 0 1.94 0 0 0 0 0 0 0.26 0 0 4.29 0 0 0 0 0 0 1.73 0 0 0.84 0 0 0 0 0 0 0.23 0 0 0.78 0 0 0 0 0 0 0 0 0 0 0 0 0 0 0 0 0 0 0 0 0 0 0 0 0 0 0 0 0 0 0 0 0 0 0 0 0 0 0 0 0 0 0 0 0 0 0 0 0 0 0 0 0 0 0 0 0 0 0 0 0 0 0 0 0 0 0 0 0 0 0 0 0 0 0 0 0 0 0 0 0 0 0 0 0 0 0 0 0 0 0 0 0 0 0 0 0 0 0 0 0 0 0 0 0 0 0 0 0 0 0 0 4.22 0 0 0 0 0 0 0 0 0 0.36 0 0 0 0 0 0 0 0 0 4.32 0 0 0 0 0 0 0 0 0 0.53 0 0 0 0 0 0 0 0 0 0.13 0 0 0 0 0 0 0 0 0 0.59 0 0 0 0 0 0 0 0 0 0.45 0 0 0 0 0 0 0 0 0 0.92 0 0 0 0 0 0 0 0 0 1.48 0 0 0 0 0 0 0 0 0 3.96 0 0 0 3.8 0 0 1.36 0 0 0 0 0 0 3.19 0 0 3.08 0 0 0 0 0 0 4.18 0 0 0.27 0 0 0 0 0 0 1.99 0 0 4.61 0 0 0 0 0 0 3.68 0 0 0.91 0 0 0 0 0 0 4.59 0 0 1.14 0 0 0 0 0 0 4.76 0 0 6.15 0 0 0 0 0 0 0.73 0 0 4.47 0 0 0 0 0 0 1.31 0 0 3.23 0 0 0 0 0 0 0.97 0 0 0.38 0 0 0 0 0 0 0 0 0 0 0 0 0 0 0 0 0 0 0 0 0 0 0 0 0 0 0 0 0 0 0 0 0 0 0 0 0 0 0 0 0 0 0 0 0 0 0 0 0 0 0 0 0 0 0 0 0 0 0 0 0 0 0 0 0 0 0 0 0 0 0 0 0 0 0 0 0 0 0 0 0 0 0 0 0 0 0 0 0 0 0 0 0 0 0 0 0 0 0 0 0 0 0 0 0 0 0 0 0 0 0 0 1.19 0 0 0 0 0 0 0 0 0 3.55 0 0 0 0 0 0 0 0 0 2.65 0 0 0 0 0 0 0 0 0 1.58 0 0 0 0 0 0 0 0 0 2.21 0 0 0 0 0 0 0 0 0 1.23 0 0 0 0 0 0 0 0 0 1.79 0 0 0 0 0 0 0 0 0 3.38 0 0 0 0 0 0 0 0 0 1.5 0 0 0 0 0 0 0 0 0 1.72 0 0 0 0.08 0 0 0.86 0 0 0 0 0 0 3.9 0 0 5.43 0 0 0 0 0 0 0.81 0 0 4.88 0 0 0 0 0 0 3.42 0 0 1.76 0 0 0 0 0 0 4.12 0 0 2.28 0 0 0 0 0 0 1.39 0 0 0.92 0 0 0 0 0 0 2.97 0 0 0.65 0 0 0 0 0 0 4.23 0 0 0.25 0 0 0 0 0 0 1.53 0 0 2.88 0 0 0 0 0 0 2.67 0 0 3.79 0 0 0 0 0 0 0 0 0 0 0 0 0 0 0 0 0 0 0 0 0 0 0 0 0 0 0 0 0 0 0 0 0 0 0 0 0 0 0 0 0 0 0 0 0 0 0 0 0 0 0 0 0 0 0 0 0 0 0 0 0 0 0 0 0 0 0 0 0 0 0 0 0 0 0 0 0 0 0 0 0 0 0 0 0 0 0 0 0 0 0 0 0 0 0 0 0 0 0 0 0 0 0 0 0 0 0 0 0 0 0 0 1.13 0 0 0 0 0 0 0 0 0 1.64 0 0 0 0 0 0 0 0 0 2.02 0 0 0 0 0 0 0 0 0 4.62 0 0 0 0 0 0 0 0 0 0.39 0 0 0 0 0 0 0 0 0 1.3 0 0 0 0 0 0 0 0 0 1.45 0 0 0 0 0 0 0 0 0 0.19 0 0 0 0 0 0 0 0 0 1.4 0 0 0 0 0 0 0 0 0 4.04 0 0 0 0 0 0 0 0 0 1.55 0 0 0 0 0 0 0 0 0 3.49 0 0 0 0 0 0 0 0 0 0.44 0 0 0 0 0 0 0 0 0 3.07 0 0 0 0 0 0 0 0 0 0.85 0 0 0 0 0 0 0 0 0 2.24 0 0 0 0 0 0 0 0 0 0.7 0 0 0 0 0 0 0 0 0 5.28 0 0 0 0 0 0 0 0 0 0.25 0 0 0 0 0 0 0 0 0 0.87 0 0 0 1.55 0 0 2.41 0 0 0 0 0 0 0.72 0 0 3.26 0 0 0 0 0 0 1.01 0 0 3.9 0 0 0 0 0 0 2.25 0 0 1.94 0 0 0 0 0 0 0.21 0 0 5.69 0 0 0 0 0 0 0.93 0 0 1.86 0 0 0 0 0 0 2.77 0 0 5.17 0 0 0 0 0 0 1.52 0 0 1.14 0 0 0 0 0 0 2.39 0 0 1.74 0 0 0 0 0 0 2.57 0 0 0.27 0 0 0 0 0 0 0 0 0 0 0 0 0 0 0 0 0 0 0 0 0 0 0 0 0 0 0 0 0 0 0 0 0 0 0 0 0 0 0 0 0 0 0 0 0 0 0 0 0 0 0 0 0 0 0 0 0 0 0 0 0 0 0 0 0 0 0 0 0 0 0 0 0 0 0 0 0 0 0 0 0 0 0 0 0 0 0 0 0 0 0 0 0 0 0 0 0 0 0 0 0 0 0 0 0 0 0 0 0 0 0 0 0.77 0 0 0 0 0 0 0 0 0 0.95 0 0 0 0 0 0 0 0 0 3.43 0 0 0 0 0 0 0 0 0 0.29 0 0 0 0 0 0 0 0 0 1.58 0 0 0 0 0 0 0 0 0 1.97 0 0 0 0 0 0 0 0 0 0.59 0 0 0 0 0 0 0 0 0 3.17 0 0 0 0 0 0 0 0 0 0.22 0 0 0 0 0 0 0 0 0 0.41 0 0 0 1.41 0 0 0.72 0 0 0 0 0 0 4.23 0 0 1.61 0 0 0 0 0 0 2.11 0 0 4.29 0 0 0 0 0 0 4.49 0 0 1.07 0 0 0 0 0 0 0.31 0 0 3.11 0 0 0 0 0 0 0.76 0 0 1.37 0 0 0 0 0 0 0.68 0 0 0.98 0 0 0 0 0 0 0.55 0 0 0.86 0 0 0 0 0 0 4.6 0 0 0.75 0 0 0 0 0 0 2.27 0 0 3.21 0 0 0 0 0 0 0 0 0 0 0 0 0 0 0 0 0 0 0 0 0 0 0 0 0 0 0 0 0 0 0 0 0 0 0 0 0 0 0 0 0 0 0 0 0 0 0 0 0 0 0 0 0 0 0 0 0 0 0 0 0 0 0 0 0 0 0 0 0 0 0 0 0 0 0 0 0 0 0 0 0 0 0 0 0 0 0 0 0 0 0 0 0 0 0 0 0 0 0 0 0 0 0 0 0 0 0 0 0 0 0 0 0.26 0 0 0 0 0 0 0 0 0 0.9 0 0 0 0 0 0 0 0 0 2.17 0 0 0 0 0 0 0 0 0 1.91 0 0 0 0 0 0 0 0 0 3.03 0 0 0 0 0 0 0 0 0 1.96 0 0 0 0 0 0 0 0 0 1.07 0 0 0 0 0 0 0 0 0 0.56 0 0 0 0 0 0 0 0 0 2.4 0 0 0 0 0 0 0 0 0 5.39 0 0 0 3.57 0 0 0.37 0 0 0 0 0 0 1.65 0 0 0.05 0 0 0 0 0 0 4.94 0 0 0.53 0 0 0 0 0 0 5.89 0 0 0.24 0 0 0 0 0 0 1.02 0 0 2.47 0 0 0 0 0 0 0.99 0 0 5.22 0 0 0 0 0 0 2.49 0 0 3.86 0 0 0 0 0 0 1.74 0 0 0.19 0 0 0 0 0 0 2.04 0 0 4.26 0 0 0 0 0 0 2.76 0 0 3.6 0 0 0 0 0 0 0 0 0 0 0 0 0 0 0 0 0 0 0 0 0 0 0 0 0 0 0 0 0 0 0 0 0 0 0 0 0 0 0 0 0 0 0 0 0 0 0 0 0 0 0 0 0 0 0 0 0 0 0 0 0 0 0 0 0 0 0 0 0 0 0 0 0 0 0 0 0 0 0 0 0 0 0 0 0 0 0 0 0 0 0 0 0 0 0 0 0 0 0 0 0 0 0 0 0 0 0 0 0 0 0 0 0.75 0 0 0 0 0 0 0 0 0 1.25 0 0 0 0 0 0 0 0 0 0.11 0 0 0 0 0 0 0 0 0 0.82 0 0 0 0 0 0 0 0 0 5.15 0 0 0 0 0 0 0 0 0 2.98 0 0 0 0 0 0 0 0 0 2.55 0 0 0 0 0 0 0 0 0 5.01 0 0 0 0 0 0 0 0 0 1.98 0 0 0 0 0 0 0 0 0 0.3 0 0 
5.29 5.31 17.01 5.47 6.64 7.05 7.07 10.96 7.07 7.05 7.01 5.92 16.65 5.51 6.37 7.06 7.08 14.65 7.1 7.06 7.05 6.2 18.29 5.59 6.69 7.06 7.1 12.69 7.1 7.06 7.05 6.01 16.94 5.58 6.65 7.05 7.07 10.57 7.09 7.04 7.01 5.85 15.99 5.54 6.46 7.02 7.04 12.02 7.09 7.03 7 5.97 17.17 5.68 6.62 7.02 7.05 12.13 7.08 7.04 6.98 5.83 17.23 5.77 6.6 7.01 7.02 12.4 7.06 7.01 6.98 5.92 17.23 5.74 6.65 7.02 7.03 10.46 7.08 7.03 6.95 5.65 16.15 5.67 6.75 7.03 7.08 10.84 7.15 7.04 7.01 6.19 19.18 6.18 6.88 7.01 7.02 11.72 6.95 5.28 6.78 11.95 7.04 7.05 14.32 7.21 7.38 7.34 8.21 8.24 7.42 11.44 7.07 7.06 12.48 7.2 7.34 7.27 7.99 8.18 7.37 13.03 7.12 7.09 14.02 7.3 7.48 7.35 7.96 8.05 7.31 11.53 7.08 7.09 13.59 7.26 7.35 7.29 8.13 8.08 7.22 10.75 7.06 7.06 11.58 7.15 7.2 7.15 7.87 7.97 7.26 11.9 7.08 7.07 13.01 7.19 7.23 7.2 7.86 7.95 7.17 11.86 7.1 7.08 12.89 7.25 7.31 7.23 7.98 8.05 7.12 12.24 7.05 7.04 13.39 7.26 7.25 7.18 7.87 7.91 7.13 10.69 7.07 7.07 11.17 7.2 7.16 7.16 7.82 8.04 7.17 14.08 7.11 7.08 13.7 7.38 7.25 7.04 7.02 5.81 7.05 7.11 7.2 7.2 7.3 22.12 7.86 8.05 21.12 8.75 8.69 8.16 7.5 7.21 7.27 21.43 7.73 7.92 21.42 8.79 8.79 8.31 7.68 7.33 7.3 21.74 7.71 7.88 21.36 8.77 8.72 8.08 7.51 7.24 7.24 21.01 7.5 7.61 20.81 8.73 8.6 7.95 7.35 7.13 7.11 19.15 7.32 7.47 20.07 8.71 8.5 7.97 7.55 7.23 7.18 19.92 7.38 7.41 19.76 8.62 8.45 7.99 7.61 7.3 7.23 20.89 7.53 7.67 21.74 8.74 8.61 8.12 7.53 7.21 7.23 20.85 7.45 7.5 19.58 8.62 8.29 7.73 7.37 7.21 7.18 18.43 7.24 7.27 19.11 8.65 8.65 8.32 7.94 7.46 7.27 20.34 7.38 7.09 16.95 6.1 7.15 7.69 20.98 7.31 7.8 7.56 7.57 13.41 8.11 8.79 8.8 8.79 22.67 7.4 7.78 7.59 7.48 12.95 8.23 8.79 8.81 8.8 22.06 7.43 7.74 7.54 7.47 13.44 8.15 8.79 8.8 8.76 21.55 7.33 7.55 7.4 7.32 12.9 8.04 8.77 8.78 8.76 21.77 7.18 7.38 7.22 7.2 11.82 7.95 8.74 8.77 8.69 20.19 7.26 7.46 7.28 7.23 11.23 7.99 8.71 8.76 8.74 22.82 7.38 7.65 7.43 7.29 13.6 8.29 8.75 8.74 8.73 22.81 7.29 7.67 7.39 7.21 11.57 8.15 8.7 8.7 8.64 19.32 7.23 7.32 7.25 7.17 10.19 8.19 8.74 8.75 8.73 22.91 7.34 7.49 7.32 7.12 10.36 7.01 5.86 7.09 13.92 7.57 7.56 13.13 7.55 7.4 7.33 8.49 8.78 8.79 14.99 8.33 7.59 13.92 7.64 7.43 7.35 8.56 8.78 8.79 13.95 8.27 7.45 12.71 7.5 7.44 7.37 8.48 8.79 8.76 13.42 8.18 7.33 12.98 7.4 7.34 7.31 8.39 8.75 8.76 14.55 8.25 7.29 12.22 7.34 7.24 7.22 8.22 8.72 8.67 12.51 7.99 7.34 11.13 7.33 7.22 7.23 8.19 8.72 8.74 15.12 8.44 7.44 13.42 7.45 7.33 7.32 8.47 8.72 8.73 14.62 8.4 7.32 13.41 7.4 7.22 7.24 8.24 8.66 8.58 12.01 8.14 7.25 11.22 7.3 7.17 7.19 8.41 8.74 8.73 14.84 8.49 7.24 12.31 7.27 7.11 7.07 7.01 5.94 7.08 7.62 8.07 7.72 7.47 19.99 7.45 7.66 20.95 8.71 8.81 8.81 8.64 7.84 7.46 21.13 7.73 7.72 21.7 8.75 8.8 8.8 8.5 7.68 7.38 19.74 7.53 7.8 22.38 8.76 8.8 8.76 8.41 7.53 7.23 19.41 7.36 7.51 20.85 8.72 8.78 8.75 8.52 7.48 7.23 19.03 7.34 7.48 20.02 8.66 8.77 8.75 8.37 7.46 7.2 17.78 7.29 7.41 19.6 8.66 8.74 8.74 8.61 7.77 7.3 20.62 7.49 7.47 21.27 8.67 8.74 8.73 8.51 7.67 7.25 19.87 7.36 7.34 19.8 8.66 8.71 8.72 8.52 7.5 7.21 18.99 7.41 7.59 22.47 8.74 8.75 8.74 8.62 7.57 7.14 18.19 7.2 7.1 16.83 5.93 7.14 7.72 23.15 7.43 7.89 7.51 7.35 12.92 8.08 8.78 8.81 8.79 23.01 7.58 7.97 7.74 7.65 13.69 8.24 8.8 8.8 8.79 21.72 7.39 7.76 7.45 7.45 14.29 8.39 8.79 8.81 8.77 20.8 7.28 7.53 7.31 7.27 12.81 8.27 8.78 8.8 8.76 22.31 7.33 7.57 7.39 7.34 11.91 8.11 8.76 8.78 8.74 22.23 7.3 7.48 7.3 7.27 11.01 8.08 8.72 8.74 8.72 23.45 7.45 7.72 7.47 7.32 13.1 8.29 8.74 8.73 8.73 21.46 7.34 7.57 7.43 7.28 11.34 8.26 8.73 8.73 8.73 23.35 7.33 7.61 7.46 7.34 14.15 8.52 8.75 8.74 8.7 23.13 7.26 7.44 7.23 7.15 11.08 7.01 6.24 7.08 15.53 7.78 7.82 12.1 7.52 7.28 7.15 7.88 8.67 8.74 13.88 8.4 7.74 12.85 7.76 7.58 7.33 8.1 8.7 8.75 12.99 8.33 7.56 11.87 7.61 7.45 7.28 8.09 8.7 8.72 12.27 8.21 7.35 11.48 7.46 7.3 7.17 8.05 8.69 8.73 13.45 8.34 7.53 12.77 7.53 7.33 7.23 7.95 8.61 8.69 14.21 8.34 7.41 11.53 7.37 7.3 7.21 7.93 8.51 8.62 14.25 8.55 7.59 13.55 7.62 7.3 7.19 8.03 8.53 8.59 12.58 8.3 7.4 12.16 7.55 7.35 7.21 7.92 8.52 8.62 15.19 8.57 7.56 13.41 7.67 7.4 7.25 8.43 8.71 8.63 14.97 8.48 7.29 11.14 7.35 7.24 7.07 7.01 5.38 7.07 7.55 8.33 8.27 8.27 21.72 7.57 7.44 21.09 8.28 8.59 8.79 8.62 8.17 8.27 23.02 7.99 7.55 22.45 8.48 8.68 8.77 8.64 8.06 8 22.71 7.9 7.65 23.08 8.48 8.62 8.77 8.53 7.83 7.73 21.65 7.78 7.48 22.49 8.46 8.61 8.76 8.59 7.93 7.93 22.35 7.82 7.55 21.89 8.41 8.57 8.75 8.58 7.82 7.66 20.22 7.49 7.35 20.21 8.24 8.48 8.72 8.61 8.13 7.9 22.06 7.66 7.34 21.02 8.38 8.47 8.73 8.47 7.79 7.79 20.92 7.75 7.43 21.48 8.55 8.52 8.73 8.67 8.09 7.86 23.42 7.83 7.76 23.03 8.66 8.5 8.71 8.56 7.85 7.51 19.97 7.6 7.15 18.12 5.4 7.1 7.74 20.31 8.39 8.76 8.64 8.45 13.33 7.68 8.31 8.53 8.7 20.39 8.24 8.74 8.53 8.39 14.37 8.11 8.52 8.65 8.78 20.21 8.26 8.75 8.48 8.2 14.99 8.22 8.57 8.61 8.71 20.09 8.19 8.59 8.28 8.04 14.45 8.16 8.58 8.69 8.69 20.02 8.31 8.64 8.31 8.18 13.67 8.26 8.61 8.67 8.72 20.67 8.19 8.63 8.15 7.86 12.03 8.01 8.37 8.61 8.7 20.77 8.35 8.64 8.27 7.91 12.56 8.04 8.54 8.63 8.62 20.43 8.1 8.54 8.09 7.83 12.8 8.29 8.69 8.67 8.67 20.32 8.44 8.7 8.4 7.85 14.38 8.48 8.7 8.68 8.65 20.43 8.33 8.47 7.81 7.46 12.25 7.08 5.46 7.06 7.89 8.44 8.43 8.6 8.65 8.07 12.95 21.23 7.76 8.48 8.8 8.61 8.21 8.53 8.61 8.01 14.21 22.64 8 8.65 8.79 8.7 8.45 8.67 8.69 8 14.67 23.1 8.23 8.62 8.78 8.67 8.36 8.56 8.49 7.9 14.2 22.5 8.16 8.63 8.78 8.7 8.39 8.61 8.59 7.91 13.58 22.24 8.18 8.68 8.8 8.72 8.45 8.54 8.47 7.64 11.18 20.24 8.03 8.63 8.73 8.68 8.35 8.47 8.47 7.61 11.97 20.8 8.04 8.63 8.77 8.7 8.33 8.52 8.41 7.58 12.54 21.26 8.22 8.65 8.75 8.69 8.4 8.61 8.54 7.57 13.99 22.84 8.53 8.67 8.72 8.72 8.38 8.49 8.4 7.35 12.03 17.75 5.38 7.07 15.96 8.19 8.29 13.36 8.59 8.12 7.46 7.53 8.24 8.74 14.68 8.56 8.14 13.36 8.62 8.02 7.44 7.53 8.33 8.76 15.58 8.7 8.51 14.04 8.74 8.27 7.57 7.79 8.49 8.77 15.65 8.7 8.36 15.37 8.67 8.03 7.41 7.7 8.4 8.72 14.83 8.73 8.41 13.95 8.68 8 7.49 7.72 8.53 8.8 15.66 8.7 8.49 14.88 8.68 7.95 7.49 7.79 8.4 8.76 15.66 8.67 8.41 14.48 8.61 7.74 7.24 7.53 8.23 8.72 15.14 8.72 8.52 14.48 8.67 7.79 7.31 7.73 8.38 8.63 13.11 8.74 8.48 14 8.65 7.91 7.36 7.95 8.58 8.72 14.42 8.73 8.46 13.8 8.63 7.74 7.14 7.05 5.53 7.1 7.5 24.08 7.8 8.11 21.57 7.77 7.9 8.31 8.79 8.79 8.72 22.69 7.63 7.94 21.42 7.66 7.71 8.17 8.75 8.78 8.74 25 8.06 8.45 23.52 8.02 8.12 8.59 8.78 8.81 8.77 25.29 8.04 8.36 23.44 7.78 7.78 8.28 8.76 8.75 8.77 24.22 7.99 8.13 22.51 7.88 7.94 8.59 8.82 8.81 8.78 25.71 8.25 8.43 23.56 7.94 7.98 8.55 8.81 8.78 8.73 24.66 7.95 8.11 21.92 7.48 7.44 8.28 8.75 8.78 8.73 24.1 8.12 8.15 22.26 7.6 7.53 8.41 8.74 8.72 8.62 23 8.17 8.2 22.54 7.62 7.59 8.53 8.75 8.75 8.7 23.49 8.28 8.13 22.18 7.56 7.26 7.04 6.1 7.09 7.72 7.87 7.64 7.66 7.54 7.61 12.73 20.97 8.73 8.79 8.8 8.29 7.38 7.37 7.46 7.47 10.6 19.16 8.67 8.77 8.8 8.58 7.77 7.92 7.77 7.81 13.43 21.92 8.75 8.81 8.79 8.58 7.69 7.77 7.65 7.58 10.68 19.38 8.66 8.74 8.78 8.48 7.51 7.54 7.57 7.56 12.66 21.18 8.74 8.81 8.81 8.59 7.92 7.89 7.89 7.79 13.99 22.46 8.79 8.76 8.74 8.45 7.45 7.44 7.45 7.32 10.92 19.66 8.73 8.79 8.8 8.45 7.51 7.48 7.49 7.3 10.81 19.59 8.69 8.75 8.75 8.38 7.64 7.73 7.68 7.34 11.23 20.18 8.74 8.76 8.76 8.45 7.49 7.48 7.59 7.4 11.67 17.51 6.09 7.07 14.45 7.88 7.69 12.19 7.54 7.4 7.44 8.3 8.75 8.75 12.71 8.3 7.32 11.57 7.4 7.28 7.25 7.86 8.67 8.72 15.24 8.64 7.78 14.44 7.82 7.62 7.53 8.42 8.76 8.8 15.32 8.59 7.71 13.23 7.69 7.38 7.29 8.12 8.71 8.69 14.93 8.62 7.53 12.9 7.44 7.33 7.33 8.25 8.77 8.79 15.66 8.7 7.88 14.65 7.81 7.59 7.59 8.5 8.79 8.74 14.22 8.47 7.44 11.54 7.37 7.23 7.2 8.08 8.73 8.66 13.62 8.56 7.37 11.71 7.42 7.26 7.26 8.03 8.68 8.61 13.09 8.57 7.54 14.34 7.68 7.27 7.18 8.29 8.75 8.68 12.85 8.58 7.4 13.5 7.47 7.28 7.16 7.02 6.01 7.07 7.49 21.99 7.54 7.53 19.43 7.32 7.73 8.33 8.73 8.76 8.68 21.26 7.38 7.36 17.99 7.22 7.38 7.87 8.66 8.72 8.74 23.81 7.85 7.7 21.79 7.4 7.89 8.48 8.75 8.8 8.72 23.5 7.77 7.61 20.26 7.36 7.62 8.39 8.71 8.76 8.62 22.61 7.58 7.38 19.11 7.23 7.49 8.28 8.75 8.79 8.75 23.9 8.02 7.77 21.97 7.5 7.84 8.63 8.79 8.78 8.64 21.76 7.59 7.35 18.1 7.24 7.4 8.28 8.74 8.76 8.66 21.38 7.5 7.35 18.18 7.23 7.42 8.33 8.76 8.72 8.58 21.66 7.9 7.59 21.11 7.26 7.39 8.51 8.78 8.75 8.65 21.01 7.61 7.29 19.71 7.22 7.22 7.02 5.98 7.06 7.56 7.74 7.47 7.5 7.53 7.69 13.27 21.35 8.68 8.76 8.79 8.32 7.29 7.32 7.32 7.34 10.11 18.74 8.37 8.77 8.79 8.47 7.6 7.64 7.69 7.77 12.63 21.07 8.68 8.76 8.77 8.44 7.6 7.58 7.58 7.58 13.51 21.7 8.66 8.74 8.74 8.29 7.34 7.32 7.34 7.38 10.42 19.21 8.6 8.79 8.78 8.51 7.59 7.7 7.76 7.8 13.22 21.7 8.74 8.77 8.74 8.31 7.33 7.28 7.36 7.39 12.65 21.08 8.76 8.75 8.76 8.27 7.35 7.3 7.4 7.34 11.22 19.93 8.7 8.73 8.73 8.41 7.53 7.49 7.65 7.57 12.77 21.31 8.75 8.75 8.75 8.44 7.37 7.25 7.43 7.3 11.33 17.26 5.97 7.07 13.95 7.27 7.35 12.3 7.57 7.62 7.5 8.28 8.68 8.64 13.23 7.66 7.14 12.2 7.36 7.35 7.29 7.83 8.63 8.49 13.51 7.69 7.18 12.67 7.68 7.54 7.45 8.28 8.72 8.57 12.79 7.84 7.22 13.24 7.58 7.51 7.5 8.35 8.74 8.48 11.47 7.63 7.14 11.02 7.41 7.33 7.33 8.16 8.72 8.56 12.35 7.93 7.24 12.83 7.66 7.57 7.68 8.49 8.72 8.52 11.4 7.63 7.18 10.44 7.35 7.39 7.39 8.3 8.76 8.6 12.57 7.66 7.2 11.06 7.35 7.33 7.35 8.21 8.76 8.44 11.78 7.88 7.27 11.87 7.66 7.44 7.5 8.54 8.76 8.54 12.83 7.78 7.14 10.77 7.36 7.24 7.14 7.02 6.07 7.06 7.07 19.64 7.28 7.58 21.84 8.05 8.23 8.43 8.68 8.46 8.1 20.25 7.2 7.45 20.62 7.73 7.72 8.06 8.44 8.18 7.86 20.46 7.17 7.5 21.17 7.82 8.05 8.46 8.6 8.31 7.94 19.8 7.24 7.43 22.92 8 8.28 8.5 8.63 8.24 7.69 18.29 7.15 7.29 20.7 7.67 7.93 8.42 8.68 8.41 7.9 19.52 7.23 7.51 22.39 8.03 8.36 8.61 8.73 8.38 7.71 18.19 7.19 7.38 21.23 7.79 8 8.57 8.76 8.44 7.79 19.51 7.22 7.38 20.09 7.61 7.88 8.54 8.74 8.25 7.66 18.99 7.33 7.47 21.73 7.82 8.15 8.69 8.76 8.41 7.78 19.93 7.21 7.26 19.63 7.61 7.34 7.06 6.02 7.05 7.1 7.27 7.38 7.69 8.39 8.94 13.42 22.47 8.42 8.51 8.47 7.65 7.36 7.61 8.07 8.7 11.73 20.41 8.12 8.33 8.3 7.59 7.32 7.57 8.1 8.65 12.26 21.61 8.46 8.43 8.2 7.63 7.47 7.74 8.3 8.65 14.13 23.51 8.49 8.37 8.08 7.5 7.31 7.46 8.03 8.62 13.32 22.97 8.5 8.52 8.29 7.65 7.44 7.69 8.27 8.58 14.03 24.55 8.64 8.46 8.13 7.48 7.3 7.55 8.22 8.48 13.81 22.9 8.71 8.47 8.26 7.59 7.42 7.61 7.94 8.28 12.95 22.41 8.63 8.4 8.17 7.64 7.6 7.64 8.16 8.48 14.72 24.92 8.74 8.47 8.3 7.62 7.42 7.47 7.82 8.16 12.75 19.51 6.21 7.05 7.09 18.32 7.24 7.58 8.57 8.65 13.54 8.6 8.69 8.54 8.31 19.67 7.29 7.6 8.4 8.24 11.81 8.27 8.54 8.43 7.92 20.01 7.28 7.66 8.41 8.08 12.26 8.4 8.64 8.42 8.08 20.62 7.45 7.9 8.52 8.32 14.07 8.56 8.67 8.44 7.93 20.04 7.33 7.61 8.39 8.14 13.33 8.57 8.71 8.47 8.04 21.52 7.42 7.91 8.58 8.3 13.87 8.65 8.72 8.44 7.96 20.48 7.34 7.73 8.53 8.13 13.98 8.62 8.75 8.4 7.93 19.98 7.34 7.62 8.31 7.9 13.01 8.62 8.74 8.46 7.91 21.22 7.5 7.85 8.59 8.04 14.74 8.71 8.78 8.41 7.8 20.07 7.43 7.82 8.42 7.73 12.79 7.16 6.21 7.05 12.44 7.28 7.42 11.74 8.51 8.46 8.23 8.59 8.78 8.7 12.01 7.69 7.51 13.6 8.43 8.2 7.92 8.37 8.7 8.65 12.73 7.75 7.51 12.97 8.59 8.05 7.91 8.44 8.79 8.61 13.17 7.89 7.75 13.53 8.57 8.35 8.07 8.6 8.72 8.63 12.5 7.78 7.59 13.71 8.6 8.11 7.92 8.5 8.74 8.65 13.73 7.99 7.76 14.57 8.7 8.32 8.11 8.59 8.71 8.65 13.1 7.87 7.74 12.88 8.65 8.25 8.01 8.63 8.77 8.64 12.76 7.86 7.63 12.78 8.57 8.07 7.73 8.55 8.75 8.63 13.99 8.23 7.91 12.45 8.64 8.28 8.07 8.72 8.8 8.66 12.44 8.02 7.83 13.25 8.68 8.21 7.37 7.11 6.2 7.05 7.36 7.59 7.62 7.65 20.58 8.21 7.99 22.42 8.72 8.77 8.78 8.3 7.67 7.72 21.6 7.96 7.73 20.07 8.61 8.8 8.77 8.39 7.71 7.72 21.47 8.04 7.69 20.55 8.65 8.78 8.75 8.48 7.98 7.82 22.53 8.07 7.9 22.09 8.71 8.73 8.74 8.34 7.77 7.69 21.96 7.9 7.67 20.76 8.64 8.77 8.77 8.48 7.98 7.98 23.34 8.12 7.78 20.59 8.68 8.71 8.72 8.56 8.06 7.88 22.2 8.16 7.83 22.86 8.75 8.73 8.74 8.54 7.97 7.82 21.04 7.89 7.56 20.59 8.75 8.74 8.77 8.65 8.35 8 22.23 8.14 7.78 22.58 8.79 8.77 8.74 8.52 8.22 7.85 22.4 8.16 7.38 19.85 6.27 7.08 7.47 21.83 7.28 7.57 7.43 7.48 13.74 8.22 8.76 8.77 8.75 21.35 7.37 7.52 7.47 7.39 11.59 8 8.72 8.81 8.77 22.34 7.42 7.58 7.57 7.42 11.74 8.13 8.73 8.76 8.78 23.07 7.55 7.79 7.68 7.5 13.41 8.42 8.71 8.72 8.75 20.69 7.33 7.5 7.46 7.41 11.91 8.2 8.73 8.78 8.71 22.17 7.55 7.87 7.71 7.45 11.7 8.25 8.74 8.7 8.7 23.27 7.49 7.72 7.66 7.45 13.95 8.39 8.73 8.75 8.71 22.83 7.44 7.68 7.61 7.4 11.21 8.37 8.76 8.78 8.8 23.94 7.7 7.94 7.85 7.46 13.79 8.59 8.8 8.78 8.73 21.48 7.57 7.8 7.78 7.47 13.98 7.08 6.22 7.07 15.12 7.48 7.37 11.41 7.37 7.36 7.35 8.48 8.76 8.77 12.87 8.06 7.34 12.52 7.41 7.37 7.35 8.11 8.71 8.73 13.78 8.26 7.51 13.97 7.56 7.4 7.38 8.28 8.72 8.72 14.86 8.35 7.59 12.21 7.6 7.46 7.47 8.56 8.75 8.72 12.73 8.19 7.37 11.42 7.42 7.36 7.38 8.42 8.77 8.74 13.4 8.41 7.7 14.22 7.64 7.45 7.41 8.4 8.73 8.7 14.78 8.45 7.53 13.17 7.52 7.38 7.46 8.44 8.74 8.72 14.66 8.48 7.6 12.99 7.67 7.52 7.47 8.53 8.77 8.77 15.42 8.71 7.7 14.05 7.87 7.55 7.51 8.64 8.77 8.77 13.06 8.64 7.62 13.3 7.82 7.6 7.31 7.09 6.4 7.07 7.4 7.66 7.44 7.28 18.5 7.35 7.67 21.51 8.73 8.76 8.74 8.23 7.46 7.28 18.92 7.34 7.43 19.1 8.57 8.76 8.79 8.56 7.82 7.48 20.9 7.48 7.53 19.5 8.66 8.75 8.77 8.52 7.68 7.36 19.66 7.58 7.69 21.13 8.75 8.74 8.74 8.44 7.51 7.27 18.51 7.43 7.58 21.56 8.67 8.78 8.78 8.63 7.89 7.53 21.46 7.64 7.64 21.43 8.71 8.74 8.72 8.53 7.7 7.38 19.98 7.41 7.49 20.43 8.7 8.76 8.76 8.65 7.9 7.43 20.58 7.74 7.78 21.92 8.79 8.79 8.8 8.73 8.1 7.61 21.96 7.76 7.74 21.78 8.77 8.78 8.77 8.67 7.96 7.44 21.62 7.84 7.38 20.24 6.37 7.09 7.41 20.31 7.25 7.5 7.38 7.45 13.61 8.25 8.77 8.76 8.71 20.62 7.27 7.47 7.39 7.33 10.85 7.99 8.71 8.75 8.75 23.57 7.51 7.84 7.59 7.48 11.29 8.22 8.75 8.76 8.73 21.96 7.47 7.71 7.62 7.5 12.88 8.42 8.76 8.77 8.74 21.86 7.39 7.52 7.47 7.38 13.46 8.36 8.76 8.76 8.77 24.27 7.67 7.94 7.78 7.51 13.23 8.37 8.76 8.74 8.71 21.73 7.33 7.57 7.46 7.31 11.86 8.26 8.72 8.76 8.77 23.6 7.62 7.98 7.84 7.63 13.49 8.63 8.8 8.8 8.76 23.45 7.78 8.1 8.01 7.6 13.32 8.52 8.77 8.8 8.78 23.48 7.69 7.94 7.84 7.6 14.34 7.15 6.5 7.07 13.37 7.41 7.42 11.03 7.42 7.33 7.19 7.75 8.55 8.68 12.41 8.03 7.28 11.03 7.4 7.27 7.17 7.55 8.33 8.69 14.61 8.38 7.6 13.33 7.74 7.37 7.22 7.9 8.58 8.66 12.72 8.3 7.5 12.45 7.63 7.4 7.27 8.09 8.66 8.68 13.7 8.41 7.44 11.42 7.51 7.38 7.26 8.1 8.64 8.7 15.42 8.47 7.72 14.02 7.82 7.5 7.3 8.06 8.61 8.66 13.09 8.32 7.39 11.32 7.54 7.31 7.16 7.91 8.59 8.65 14.7 8.55 7.73 13.86 7.93 7.57 7.39 8.34 8.74 8.7 13.54 8.63 7.78 14 8.07 7.63 7.45 8.3 8.73 8.69 14.13 8.7 7.67 14.62 7.9 7.56 7.2 7.03 5.56 7.05 7.31 7.76 7.69 7.88 21.95 7.62 7.41 21.93 7.99 8.45 8.73 8.38 7.62 7.62 19.76 7.48 7.29 20.3 7.97 8.4 8.75 8.64 8.03 8.04 22 7.73 7.39 21.68 8.2 8.39 8.66 8.5 7.89 7.92 22.32 7.72 7.48 22.64 8.41 8.58 8.75 8.59 7.97 7.91 21.81 7.72 7.57 22.85 8.43 8.61 8.71 8.62 8.13 8.06 22.9 7.74 7.45 21.47 8.38 8.45 8.71 8.5 7.89 7.85 20.72 7.63 7.41 21.89 8.44 8.54 8.74 8.69 8.2 8.11 23.96 7.93 7.68 23.17 8.61 8.48 8.73 8.61 8.18 8.14 23.23 7.85 7.58 23.05 8.66 8.49 8.73 8.64 8.18 8 23.24 7.75 7.27 18.49 5.44 7.05 7.32 18.81 7.85 8.63 8.42 8.43 14.43 7.74 8.26 8.42 8.64 19.75 7.74 8.6 8.2 7.91 12.65 7.7 8.11 8.41 8.71 20.18 8.21 8.67 8.39 8.15 13.86 7.97 8.35 8.46 8.6 19.55 8.08 8.63 8.25 8.07 14.55 8.08 8.59 8.65 8.67 19.88 8.23 8.65 8.3 8.11 14.77 8.2 8.58 8.56 8.63 19.76 8.12 8.7 8.38 7.97 13.34 8 8.5 8.58 8.59 19.79 8.11 8.61 8.28 7.9 13.52 8.23 8.58 8.65 8.68 20.63 8.53 8.74 8.3 7.95 14.71 8.43 8.69 8.63 8.6 19.94 8.38 8.65 8.24 7.81 14.63 8.45 8.72 8.66 8.64 20 8.5 8.64 8.11 7.52 12.85 7.06 5.45 7.05 7.52 8.15 8.07 8.35 8.58 8.27 14.42 22.42 7.91 8.46 8.74 8.6 7.97 8.16 8.4 7.92 12.25 20.62 7.74 8.34 8.76 8.71 8.26 8.38 8.54 7.97 13.72 21.94 8.03 8.41 8.72 8.63 8.07 8.31 8.56 7.89 14.49 22.95 8.2 8.61 8.76 8.67 8.22 8.41 8.57 7.96 14.39 22.92 8.22 8.57 8.69 8.58 8.1 8.34 8.55 7.78 12.72 21.38 8.09 8.57 8.76 8.69 8.29 8.49 8.51 7.72 13.34 21.99 8.26 8.55 8.77 8.74 8.46 8.62 8.69 7.81 14.61 23.32 8.48 8.59 8.72 8.65 8.27 8.44 8.54 7.65 14.06 23.06 8.52 8.54 8.75 8.72 8.37 8.44 8.49 7.42 11.93 17.97 5.37 7.05 14.11 7.87 8.29 14.29 8.52 8.22 7.63 7.68 8.26 8.65 14.19 8.48 8.09 13.06 8.54 8.02 7.56 7.63 8.12 8.71 14.65 8.58 8.29 12.39 8.46 8.09 7.61 7.89 8.3 8.7 12.67 8.43 8.03 12.95 8.52 8.06 7.56 8.02 8.55 8.74 14.54 8.65 8.27 12.45 8.5 8.07 7.6 7.98 8.57 8.73 12.48 8.5 8.09 12.05 8.5 7.88 7.53 7.83 8.45 8.71 13.7 8.71 8.37 14.39 8.66 7.92 7.49 7.82 8.39 8.72 15.51 8.72 8.51 13.71 8.69 8.06 7.54 8.05 8.61 8.7 13.04 8.6 8.28 12.82 8.62 7.93 7.62 8.15 8.57 8.64 12.99 8.65 8.22 12.54 8.55 7.65 7.17 7.06 5.41 7.09 7.49 22.75 7.81 8.36 22.4 7.79 7.82 8.18 8.7 8.73 8.68 22.9 7.68 8.1 21.19 7.81 7.85 8.2 8.71 8.73 8.74 23.47 7.88 8.09 21.47 7.75 7.82 8.43 8.74 8.78 8.68 21.6 7.7 8.02 21.49 7.72 7.87 8.48 8.76 8.76 8.72 23.65 7.9 8.17 21.62 7.79 7.95 8.47 8.79 8.79 8.69 21.83 7.78 7.94 21.49 7.67 7.7 8.44 8.74 8.76 8.75 23.73 8.11 8.32 22.57 7.69 7.69 8.31 8.71 8.74 8.73 24.77 8.33 8.36 22.04 7.73 7.78 8.52 8.73 8.75 8.72 22.27 8.08 8.16 21.42 7.71 7.85 8.57 8.79 8.79 8.59 22.02 7.87 7.75 19.88 7.38 7.18 7.05 5.9 7.07 7.62 7.96 7.66 7.62 7.66 7.66 11.22 19.57 8.61 8.74 8.77 8.42 7.42 7.49 7.5 7.51 11.52 19.79 8.58 8.73 8.73 8.45 7.59 7.46 7.58 7.55 13.11 21.46 8.71 8.76 8.77 8.2 7.39 7.35 7.48 7.47 12.63 20.95 8.71 8.76 8.73 8.54 7.6 7.55 7.65 7.59 12.98 21.46 8.74 8.79 8.77 8.43 7.51 7.46 7.58 7.44 13.09 21.45 8.73 8.75 8.76 8.57 7.63 7.68 7.69 7.47 10.82 19.52 8.66 8.76 8.78 8.62 7.57 7.61 7.61 7.38 11.95 20.66 8.71 8.76 8.78 8.59 7.57 7.5 7.59 7.4 12.87 21.46 8.78 8.78 8.78 8.43 7.4 7.35 7.37 7.25 9.67 15.74 5.72 7.08 13.45 7.76 7.74 13.11 7.55 7.48 7.42 8.18 8.71 8.71 13.24 8.39 7.47 12.38 7.38 7.31 7.28 8.05 8.69 8.69 13.91 8.31 7.54 12.84 7.46 7.32 7.34 8.3 8.7 8.68 12.53 8.12 7.36 11.62 7.37 7.29 7.28 8.19 8.73 8.74 15.1 8.54 7.64 13.41 7.59 7.4 7.38 8.41 8.74 8.76 14.78 8.56 7.55 13.85 7.48 7.28 7.34 8.25 8.72 8.71 14.35 8.58 7.63 13.81 7.59 7.3 7.27 8.1 8.68 8.72 14.32 8.64 7.54 13.13 7.49 7.3 7.29 8.4 8.74 8.72 15.05 8.62 7.57 12.11 7.52 7.2 7.26 8.4 8.77 8.67 13.69 8.58 7.35 11.77 7.33 7.22 7.12 7.03 5.75 7.12 7.61 21.69 7.64 7.77 20.58 7.46 7.68 8.32 8.76 8.74 8.74 22.11 7.5 7.43 19.26 7.23 7.43 8.02 8.64 8.7 8.7 22.17 7.65 7.52 19.28 7.28 7.48 8.17 8.72 8.76 8.65 20.39 7.45 7.33 18.22 7.23 7.39 8.22 8.73 8.76 8.75 23.29 7.76 7.54 19.95 7.27 7.42 8.34 8.72 8.8 8.75 23.04 7.7 7.5 20.26 7.27 7.42 8.31 8.69 8.72 8.67 23.1 7.86 7.62 20.2 7.3 7.51 8.28 8.71 8.76 8.72 22.68 7.84 7.51 19.66 7.22 7.37 8.5 8.77 8.77 8.75 23.76 7.84 7.56 19.02 7.18 7.29 8.41 8.78 8.77 8.68 22.01 7.74 7.38 18.65 7.28 7.21 7.06 5.93 7.07 7.54 7.84 7.51 7.56 7.68 7.78 13.84 22.05 8.71 8.77 8.79 8.41 7.42 7.36 7.42 7.42 10.88 19.15 8.56 8.72 8.7 8.31 7.41 7.38 7.4 7.4 10.54 19.12 8.59 8.71 8.75 8.04 7.31 7.29 7.34 7.34 11.42 19.78 8.64 8.76 8.77 8.51 7.56 7.39 7.5 7.4 11.35 19.94 8.66 8.79 8.76 8.42 7.44 7.4 7.49 7.43 10.21 19.05 8.58 8.72 8.75 8.48 7.55 7.45 7.54 7.42 10.9 19.67 8.68 8.78 8.78 8.53 7.55 7.38 7.51 7.41 11.92 20.58 8.76 8.78 8.8 8.67 7.64 7.5 7.5 7.28 10.03 19.33 8.75 8.74 8.76 8.52 7.52 7.37 7.51 7.49 12.89 18.69 6.02 7.07 14.64 7.26 7.33 13.45 7.71 7.64 7.65 8.37 8.77 8.73 13.88 7.69 7.21 13.68 7.44 7.41 7.36 7.9 8.65 8.34 11.81 7.51 7.17 10.62 7.35 7.36 7.38 8.2 8.65 8.36 11.31 7.48 7.18 10.33 7.32 7.26 7.31 8.06 8.67 8.57 12.7 7.82 7.23 10.69 7.46 7.37 7.38 8.35 8.71 8.58 12.31 7.68 7.18 10.87 7.49 7.37 7.36 8.21 8.68 8.52 13.54 7.9 7.26 12.69 7.52 7.42 7.43 8.32 8.74 8.59 14.07 8.07 7.28 11.65 7.49 7.32 7.33 8.54 8.8 8.65 14 8.08 7.32 13.38 7.54 7.26 7.31 8.38 8.76 8.33 12.31 7.92 7.36 11.59 7.5 7.4 7.23 7.12 6.15 7.05 7.12 20.75 7.24 7.61 22.3 8.08 8.07 8.26 8.62 8.44 8.3 21 7.22 7.43 21.69 7.62 7.65 7.95 8.38 7.92 7.8 18.55 7.17 7.44 20.66 7.8 7.85 8.35 8.62 8.22 7.83 18.28 7.24 7.42 19.8 7.59 7.68 8.12 8.55 8.23 7.97 19.47 7.21 7.42 20.74 7.83 7.94 8.48 8.69 8.33 7.95 19.2 7.22 7.46 20.08 7.72 7.8 8.39 8.66 8.4 7.99 20.43 7.25 7.53 21.14 7.71 7.82 8.45 8.71 8.39 7.95 21.04 7.27 7.43 21.5 7.71 8 8.66 8.8 8.43 8.06 21.2 7.4 7.53 22.4 7.6 7.68 8.48 8.74 8.12 7.75 19.32 7.35 7.53 21.25 7.85 7.49 7.16 6.11 7.05 7.15 7.27 7.33 7.67 8.38 8.95 12.71 21.78 8.2 8.52 8.4 7.77 7.45 7.58 8.19 8.64 11.59 20.27 8.05 8.06 8.09 7.44 7.35 7.47 8.08 8.65 13.91 23.75 8.36 8.38 8.21 7.6 7.43 7.51 8.02 8.49 12.59 21.51 8.33 8.32 8.27 7.62 7.47 7.66 8.28 8.61 14.04 24.39 8.61 8.48 8.25 7.62 7.4 7.55 8.05 8.48 13.61 23.38 8.53 8.51 8.28 7.65 7.43 7.59 8.15 8.5 12.49 21.89 8.56 8.51 8.33 7.78 7.59 7.7 8.17 8.43 14.6 24.7 8.75 8.59 8.33 7.76 7.66 7.72 8.15 8.28 13.03 22.13 8.69 8.28 8.24 7.82 7.69 7.66 7.99 8.28 13.27 20.13 6.15 7.05 7.11 18.33 7.3 7.72 8.59 8.7 12.67 8.55 8.57 8.42 8.29 20.83 7.41 7.7 8.43 8.39 11.62 8.31 8.41 8.2 7.88 19.71 7.25 7.55 8.48 8.4 13.9 8.54 8.57 8.44 8.1 20.88 7.4 7.65 8.36 8.15 12.56 8.45 8.65 8.39 8.04 20.13 7.35 7.8 8.5 8.28 13.93 8.63 8.73 8.53 8.03 20.69 7.33 7.61 8.34 8.13 13.64 8.77 8.71 8.5 8.01 19.59 7.36 7.75 8.44 8.13 12.58 8.62 8.67 8.38 7.87 20.45 7.52 7.98 8.49 7.99 14.71 8.71 8.78 8.4 7.81 19.74 7.52 7.91 8.55 7.89 13.04 8.73 8.74 8.39 7.94 21.73 7.6 7.87 8.47 7.88 13.21 7.19 6.2 7.05 11.64 7.32 7.66 13.21 8.53 8.51 8.24 8.49 8.73 8.71 13.58 7.91 7.74 12.81 8.47 8.31 7.98 8.33 8.6 8.53 12.37 7.89 7.61 12.91 8.58 8.5 8.27 8.6 8.74 8.67 13.38 8.02 7.87 13.21 8.55 8.29 8.1 8.51 8.75 8.67 12.34 7.92 7.67 14.88 8.57 8.39 8.2 8.59 8.76 8.63 13.29 7.96 7.64 12.54 8.52 8.27 8.11 8.63 8.75 8.6 12.13 7.83 7.61 12.18 8.53 8.09 8.04 8.61 8.74 8.59 12.61 8.06 7.84 14.61 8.62 8.16 8.06 8.69 8.8 8.64 11.87 8.05 7.8 13.41 8.65 8.13 7.88 8.67 8.78 8.64 14.2 8.31 7.97 12.71 8.54 8.03 7.51 7.14 6.05 7.06 7.45 7.73 7.91 7.99 22.2 8.22 7.96 21.34 8.65 8.76 8.76 8.45 7.96 7.95 21.04 8.01 7.8 21.44 8.49 8.72 8.73 8.42 7.86 7.96 22.02 8.16 7.85 21.53 8.66 8.76 8.73 8.48 8.16 8.11 22.92 8.24 7.91 21.95 8.7 8.76 8.8 8.47 7.94 7.97 23.59 8.16 7.8 20.48 8.69 8.75 8.74 8.47 7.95 7.73 21.27 7.99 7.77 21.73 8.68 8.75 8.75 8.44 7.85 7.81 20.76 7.93 7.64 20.71 8.67 8.71 8.73 8.48 8.05 7.88 23.11 8.08 7.66 21.15 8.75 8.78 8.77 8.47 8.1 7.85 22.49 8.09 7.63 22.28 8.74 8.77 8.76 8.67 8.17 7.89 21.05 7.99 7.32 17.46 6.01 7.06 7.46 21.51 7.41 7.75 7.84 7.62 12.66 8.31 8.72 8.75 8.74 23.65 7.53 7.75 7.7 7.51 13 8.23 8.7 8.74 8.69 22.83 7.49 7.72 7.72 7.48 12.67 8.39 8.75 8.75 8.69 23.02 7.67 7.97 7.84 7.63 13.51 8.4 8.76 8.8 8.76 21.84 7.56 7.78 7.79 7.59 11.49 8.36 8.75 8.76 8.68 22.65 7.43 7.55 7.58 7.44 12.89 8.45 8.71 8.75 8.72 21.36 7.44 7.56 7.61 7.51 11.75 8.37 8.75 8.75 8.6 20.73 7.55 7.69 7.62 7.38 11.92 8.46 8.75 8.77 8.71 21.18 7.56 7.67 7.79 7.42 13.48 8.54 8.76 8.77 8.75 22.75 7.67 7.67 7.7 7.36 11.07 7.09 5.95 7.06 14.22 7.64 7.61 13.92 7.64 7.64 7.57 8.34 8.68 8.72 15.86 8.48 7.6 11.85 7.61 7.5 7.48 8.34 8.72 8.73 14.63 8.41 7.56 13.28 7.58 7.44 7.51 8.4 8.76 8.74 14 8.42 7.7 14.53 7.75 7.54 7.55 8.51 8.75 8.74 13.53 8.44 7.62 13.3 7.72 7.56 7.56 8.44 8.75 8.72 14.69 8.43 7.41 11.16 7.41 7.42 7.5 8.43 8.71 8.73 13.35 8.35 7.5 12.34 7.5 7.47 7.52 8.42 8.72 8.67 12.25 8.32 7.44 11.76 7.54 7.32 7.4 8.53 8.74 8.68 12.67 8.45 7.51 13.02 7.64 7.41 7.47 8.49 8.74 8.74 14.27 8.64 7.63 12.62 7.67 7.42 7.19 7.08 6.05 7.07 7.54 7.89 7.85 7.62 20.83 7.6 7.73 20.63 8.7 8.75 8.76 8.58 7.8 7.53 19.35 7.57 7.66 20.69 8.66 8.75 8.76 8.52 7.73 7.47 20.22 7.53 7.65 20.81 8.68 8.75 8.75 8.51 7.89 7.52 21.64 7.64 7.69 21.42 8.7 8.78 8.8 8.59 7.87 7.6 20.83 7.73 7.81 21.46 8.73 8.77 8.71 8.46 7.56 7.33 18.36 7.49 7.55 21.01 8.68 8.74 8.75 8.48 7.66 7.42 19.44 7.55 7.6 21.56 8.72 8.72 8.71 8.49 7.63 7.35 19.09 7.47 7.47 20.61 8.75 8.73 8.69 8.44 7.64 7.37 20.2 7.49 7.45 21.08 8.72 8.77 8.8 8.68 8.06 7.4 20.18 7.72 7.32 19.18 6.18 7.09 7.43 22.1 7.43 7.76 7.72 7.6 12.64 8.4 8.74 8.78 8.79 24.23 7.5 7.74 7.66 7.55 12.48 8.27 8.75 8.76 8.72 23.2 7.47 7.61 7.58 7.46 12.61 8.42 8.74 8.72 8.69 22.34 7.49 7.73 7.64 7.47 13.17 8.41 8.76 8.77 8.75 23.29 7.59 7.9 7.84 7.65 13.19 8.53 8.78 8.74 8.67 21.97 7.34 7.5 7.53 7.47 12.53 8.45 8.73 8.77 8.74 21.89 7.46 7.58 7.62 7.51 13.46 8.51 8.76 8.74 8.66 21.99 7.45 7.61 7.58 7.42 12.22 8.54 8.78 8.75 8.65 21.27 7.45 7.6 7.58 7.42 12.49 8.56 8.76 8.78 8.8 24.53 7.72 7.85 7.85 7.53 13.74 7.09 6.35 7.05 14.54 7.64 7.52 11.94 7.72 7.51 7.21 7.72 8.56 8.72 15.72 8.47 7.56 12.26 7.64 7.39 7.2 7.61 8.44 8.66 14.9 8.44 7.55 11.4 7.56 7.42 7.28 7.76 8.52 8.66 13.92 8.33 7.53 11.25 7.6 7.35 7.22 7.74 8.51 8.68 13.75 8.45 7.71 14.22 7.93 7.59 7.38 7.82 8.54 8.61 13.96 8.43 7.44 10.99 7.55 7.39 7.24 7.94 8.55 8.67 13.44 8.43 7.43 11.57 7.62 7.38 7.25 8.05 8.65 8.67 13.49 8.51 7.51 13.1 7.74 7.32 7.23 8.14 8.61 8.67 12.69 8.49 7.46 12.19 7.64 7.31 7.26 8.08 8.7 8.72 15.67 8.68 7.79 13.42 7.87 7.45 7.12 7.04 5.62 7.05 7.45 7.75 7.76 8 21.66 7.68 7.37 22.06 8.06 8.54 8.74 8.55 8.01 8.04 21.74 7.55 7.33 20.63 7.95 8.46 8.75 8.59 8.06 8.08 21.08 7.5 7.31 21.51 8.03 8.49 8.7 8.46 7.92 7.88 20.63 7.54 7.35 21.48 8.13 8.52 8.7 8.51 8.16 8.23 23.75 7.88 7.49 22.24 8.33 8.54 8.67 8.54 7.99 7.99 21.49 7.63 7.44 22.16 8.27 8.44 8.72 8.6 7.94 7.99 21.9 7.55 7.38 22.94 8.44 8.53 8.73 8.6 8.14 8.11 22.42 7.64 7.44 22.64 8.55 8.43 8.7 8.51 8.07 7.99 21.79 7.57 7.4 22.34 8.63 8.61 8.77 8.64 8.39 8.17 22.46 7.61 7.21 17.81 5.47 7.07 7.44 18.98 7.83 8.66 8.45 8.32 14.41 7.88 8.37 8.45 8.75 20.46 8.04 8.68 8.41 8.1 12.83 7.77 8.21 8.43 8.67 20.81 8.23 8.65 8.38 8 13.64 7.91 8.39 8.45 8.62 19.8 7.99 8.58 8.13 7.82 13.54 7.86 8.37 8.45 8.6 19.88 8.2 8.64 8.4 8.09 14.2 8.09 8.49 8.56 8.62 20.35 8.23 8.67 8.37 7.89 14.14 8.11 8.48 8.53 8.67 19.52 8.24 8.61 8.32 7.91 14.89 8.35 8.65 8.61 8.66 20.19 8.43 8.67 8.36 7.75 14.53 8.35 8.7 8.59 8.52 19.79 8.35 8.58 8.16 7.66 13.79 8.3 8.73 8.68 8.67 20.24 8.6 8.63 8.23 7.7 12.28 7.07 5.52 7.06 7.44 8.03 7.87 8.19 8.58 8.26 14.05 22.25 7.99 8.52 8.78 8.68 8.18 8.34 8.61 8.11 12.61 21.08 7.95 8.46 8.73 8.69 8.3 8.42 8.51 8 13.45 21.86 8.08 8.36 8.73 8.62 7.92 8.09 8.31 7.77 13.42 21.61 8.02 8.35 8.67 8.59 8.19 8.27 8.5 7.99 14.1 22.64 8.26 8.5 8.72 8.7 8.28 8.42 8.56 7.94 13.91 22.49 8.22 8.46 8.7 8.67 8.16 8.3 8.5 7.81 14.57 23.2 8.5 8.54 8.74 8.72 8.41 8.46 8.62 7.77 13.7 22.88 8.54 8.45 8.69 8.74 8.27 8.37 8.53 7.6 13.74 22.62 8.56 8.58 8.77 8.76 8.45 8.44 8.61 7.61 11.87 18.17 5.43 7.07 13.42 7.73 8.17 14.47 8.44 8.27 7.69 7.74 8.37 8.73 13.77 8.61 8.39 14.76 8.55 8.32 7.8 7.84 8.34 8.73 15.56 8.64 8.39 14.69 8.6 8.25 7.75 7.87 8.45 8.68 13.06 8.39 7.97 12.69 8.31 7.87 7.44 7.67 8.25 8.58 13.92 8.48 8.14 12.28 8.52 8.11 7.72 8.03 8.57 8.65 14.01 8.64 8.44 15.06 8.62 8.15 7.77 8.08 8.49 8.62 12.72 8.56 8.21 13.26 8.44 7.97 7.56 7.96 8.44 8.65 14.91 8.66 8.37 13.24 8.64 8.13 7.72 8.36 8.67 8.59 13.14 8.65 8.36 14.3 8.64 7.87 7.5 8.09 8.55 8.68 13.87 8.7 8.48 12.41 8.65 8.07 7.36 7.05 5.54 7.13 7.52 21.57 7.67 8.26 22.55 7.78 7.82 8.22 8.74 8.75 8.75 23.54 7.92 8.43 23.64 8 8.05 8.35 8.79 8.81 8.79 24.54 8.08 8.44 23.08 7.98 7.97 8.46 8.73 8.77 8.75 21.91 7.76 7.96 20.49 7.59 7.57 8.15 8.69 8.72 8.69 22.71 7.94 8.05 20.94 7.79 7.86 8.51 8.74 8.74 8.74 23.22 8.18 8.31 23.53 7.88 7.92 8.44 8.75 8.75 8.75 23.11 8.01 8.15 21.44 7.64 7.53 8.19 8.7 8.72 8.7 24.39 8.17 8.2 22 7.87 8.04 8.59 8.76 8.79 8.74 22.96 8.2 8.24 22.41 7.66 7.66 8.46 8.75 8.74 8.72 23.27 8.27 8.24 21.33 7.97 7.42 7.07 6.43 7.08 7.45 7.65 7.4 7.49 7.65 7.64 11.44 19.61 8.65 8.74 8.75 8.54 7.58 7.62 7.83 7.83 12.88 21.19 8.73 8.79 8.79 8.58 7.59 7.57 7.7 7.65 13.05 21.33 8.68 8.75 8.76 8.42 7.43 7.42 7.44 7.39 10.92 19.42 8.59 8.67 8.74 8.54 7.48 7.42 7.54 7.53 12.98 21.37 8.71 8.74 8.75 8.57 7.59 7.53 7.65 7.5 12.59 21.06 8.73 8.74 8.77 8.67 7.58 7.5 7.48 7.31 10.07 19.05 8.62 8.72 8.75 8.59 7.61 7.59 7.74 7.57 13.11 21.82 8.76 8.77 8.78 8.66 7.67 7.53 7.67 7.39 11.02 19.95 8.73 8.74 8.74 8.63 7.69 7.55 7.82 7.6 14.01 19.74 6.24 7.08 12.99 7.43 7.41 11.81 7.43 7.37 7.36 8.28 8.71 8.69 13.6 8.37 7.6 14.25 7.56 7.56 7.58 8.42 8.73 8.74 14.08 8.41 7.5 12.54 7.49 7.39 7.42 8.4 8.74 8.73 13.82 8.28 7.42 11.73 7.4 7.34 7.28 8.17 8.66 8.68 14.64 8.37 7.46 11.67 7.42 7.31 7.38 8.34 8.72 8.66 13.22 8.37 7.5 11.93 7.42 7.24 7.3 8.32 8.74 8.73 15.52 8.56 7.52 13.95 7.43 7.21 7.2 8.03 8.68 8.71 15.15 8.6 7.63 13.13 7.59 7.38 7.5 8.56 8.75 8.69 14.56 8.6 7.57 12.45 7.53 7.29 7.36 8.42 8.71 8.66 14.46 8.56 7.66 13.21 7.69 7.4 7.23 7.08 6.33 7.1 7.39 19.73 7.3 7.49 18.53 7.32 7.57 8.28 8.74 8.77 8.76 21.72 7.5 7.68 20.91 7.39 7.71 8.31 8.71 8.78 8.76 21.95 7.54 7.54 19.62 7.32 7.66 8.34 8.72 8.76 8.7 21.87 7.53 7.47 19.07 7.32 7.45 8.23 8.69 8.73 8.69 22.69 7.6 7.42 18.86 7.3 7.48 8.3 8.7 8.73 8.71 21.35 7.55 7.44 18.58 7.24 7.32 8.2 8.76 8.76 8.75 23.52 7.76 7.52 19.72 7.17 7.24 8.03 8.69 8.7 8.74 23.44 7.8 7.59 20.04 7.32 7.52 8.42 8.77 8.73 8.66 22.54 7.77 7.51 19.25 7.27 7.49 8.51 8.72 8.72 8.68 22.85 8 7.61 20.68 7.44 7.24 7.08 6.27 7.06 7.27 7.35 7.18 7.25 7.48 7.64 13.53 21.65 8.73 8.78 8.76 8.24 7.32 7.38 7.61 7.64 12.36 20.57 8.64 8.77 8.75 8.37 7.36 7.34 7.54 7.58 13.53 21.73 8.67 8.7 8.72 8.29 7.4 7.4 7.57 7.58 12.81 21.04 8.65 8.75 8.73 8.47 7.29 7.35 7.47 7.44 11.49 20.12 8.64 8.74 8.73 8.34 7.32 7.27 7.4 7.34 10.99 19.63 8.67 8.78 8.7 8.42 7.35 7.32 7.43 7.31 10.05 18.89 8.69 8.73 8.77 8.52 7.5 7.45 7.66 7.54 11.36 20.14 8.75 8.73 8.73 8.51 7.51 7.43 7.59 7.53 13.39 22.01 8.7 8.71 8.72 8.55 7.64 7.52 7.73 7.66 13.08 19.03 6.14 7.06 11.68 7.11 7.11 10.79 7.4 7.49 7.48 8.46 8.76 8.73 11.54 7.46 7.12 10.66 7.43 7.46 7.46 8.29 8.75 8.63 11.91 7.48 7.15 11.55 7.44 7.45 7.42 8.33 8.69 8.61 12.73 7.63 7.23 12.96 7.49 7.49 7.54 8.36 8.72 8.62 12.93 7.61 7.2 11.85 7.41 7.39 7.4 8.29 8.71 8.57 12.37 7.64 7.17 11.58 7.33 7.23 7.25 8.26 8.73 8.5 11.54 7.65 7.13 10.57 7.38 7.32 7.27 8.3 8.73 8.58 12.72 7.91 7.26 11.94 7.56 7.37 7.41 8.53 8.75 8.43 11.72 7.71 7.25 11.03 7.53 7.44 7.54 8.56 8.71 8.49 11.79 7.85 7.35 12.35 7.76 7.38 7.21 7.06 6.19 7.06 7.06 17.37 7.1 7.33 21.4 8.05 7.94 8.41 8.7 8.59 8.11 18.56 7.11 7.32 20.63 7.82 7.84 8.15 8.69 8.39 8 18.89 7.17 7.38 20.88 7.81 7.78 8.13 8.53 8.35 8.15 19.79 7.28 7.57 22.75 7.91 7.89 8.29 8.66 8.31 8.11 19.56 7.26 7.39 20.74 7.71 7.73 8.28 8.65 8.34 7.93 19.35 7.24 7.41 20.76 7.59 7.55 8.17 8.64 8.17 7.74 18.49 7.15 7.35 20.22 7.57 7.7 8.38 8.72 8.36 7.93 19.58 7.3 7.54 22.11 7.79 7.84 8.45 8.71 8.07 7.69 18.71 7.29 7.53 21.29 7.76 7.87 8.56 8.74 8.18 7.73 18.99 7.36 7.65 22.29 7.82 7.34 7.07 6.15 7.05 7.07 7.1 7.18 7.44 8.32 8.82 14.13 23.88 8.44 8.63 8.43 7.6 7.21 7.43 8.15 8.68 13.63 23.2 8.41 8.49 8.27 7.54 7.32 7.5 8.15 8.48 12.66 21.73 8.37 8.39 8.38 7.78 7.52 7.64 8.31 8.51 13.58 22.88 8.4 8.46 8.3 7.6 7.43 7.57 8.1 8.48 12.82 22.38 8.48 8.36 8.29 7.7 7.47 7.63 8.17 8.38 13.23 22.48 8.49 8.37 8.15 7.56 7.43 7.51 8.01 8.39 13.54 23.46 8.59 8.5 8.38 7.77 7.56 7.68 8.25 8.47 14.1 23.51 8.61 8.31 8.17 7.7 7.7 7.73 8.06 8.45 13.34 22.78 8.63 8.22 8 7.77 7.67 7.8 8.14 8.41 13.41 20.29 6.25 7.05 7.06 19.1 7.18 7.5 8.46 8.73 14.18 8.7 8.66 8.54 8.13 20.47 7.19 7.59 8.42 8.43 13.74 8.54 8.61 8.39 7.98 19.6 7.24 7.48 8.28 8.28 12.82 8.53 8.56 8.36 8.1 20.85 7.41 7.74 8.45 8.39 13.66 8.57 8.6 8.33 7.96 20.33 7.34 7.63 8.3 8.2 12.8 8.62 8.6 8.41 8.06 21.58 7.43 7.75 8.52 8.16 13.29 8.64 8.69 8.43 7.97 21.13 7.32 7.64 8.42 8.08 13.44 8.72 8.7 8.51 7.94 21.28 7.47 7.79 8.48 8.17 14.29 8.72 8.72 8.41 7.95 20.5 7.5 7.75 8.41 8.03 13.43 8.78 8.73 8.27 7.77 20.05 7.47 7.84 8.59 7.99 13.39 7.18 6.32 7.06 12.82 7.25 7.46 12.25 8.46 8.48 8.26 8.5 8.73 8.66 12.93 7.87 7.56 13.38 8.46 8.43 8.36 8.5 8.69 8.65 12.03 7.76 7.44 12.91 8.34 8.22 8.1 8.36 8.69 8.59 13.21 8 7.62 13.34 8.43 8.38 8.19 8.41 8.68 8.6 13 8 7.66 12.61 8.42 8.24 8.14 8.54 8.73 8.61 14.16 8.12 7.87 13.78 8.57 8.31 8.24 8.56 8.72 8.66 13.56 8.04 7.74 14.61 8.5 8.13 8.17 8.62 8.71 8.6 13.61 8.18 7.82 14.1 8.52 8.23 8.27 8.66 8.75 8.66 12.97 8.19 7.79 12.47 8.45 8.07 8.14 8.74 8.76 8.48 12.26 8.22 7.9 13.47 8.68 8.2 7.6 7.16 6.33 7.06 7.47 7.65 7.81 7.89 21.25 8.03 7.9 21.09 8.69 8.77 8.77 8.43 7.94 8.01 22.02 8.19 7.92 20.9 8.67 8.78 8.8 8.26 7.74 7.77 21.4 7.98 7.77 21.48 8.65 8.75 8.75 8.3 7.86 7.85 21.76 8.03 7.76 20.78 8.64 8.75 8.74 8.43 7.96 7.91 21.08 8.04 7.79 21.38 8.68 8.74 8.74 8.51 8.17 8.06 22.99 8.24 7.84 22.79 8.69 8.76 8.73 8.51 8.03 7.94 23.14 8.09 7.76 20.95 8.65 8.75 8.73 8.53 8.14 7.9 22.7 8.08 7.74 22.17 8.75 8.79 8.78 8.58 8.1 7.92 21.32 8.02 7.65 21.31 8.72 8.73 8.74 8.63 8.21 8.07 23.46 8.31 7.4 20.4 6.28 7.09 7.43 19.9 7.29 7.65 7.68 7.58 12.47 8.37 8.79 8.79 8.75 22.7 7.5 7.7 7.74 7.53 12.17 8.43 8.74 8.75 8.69 21.34 7.34 7.51 7.58 7.43 12.94 8.38 8.72 8.74 8.61 21.32 7.41 7.57 7.61 7.49 11.91 8.37 8.75 8.76 8.73 22.72 7.59 7.6 7.67 7.46 12.57 8.44 8.74 8.75 8.72 22.83 7.64 7.82 7.82 7.56 14.15 8.54 8.73 8.74 8.69 22.37 7.56 7.68 7.77 7.46 11.89 8.46 8.74 8.74 8.61 21.9 7.53 7.62 7.67 7.42 13.24 8.49 8.8 8.79 8.71 22.63 7.61 7.73 7.7 7.45 11.85 8.42 8.77 8.76 8.69 22.73 7.8 7.9 8.01 7.52 14.41 7.09 6.13 7.06 12.85 7.51 7.43 12.12 7.57 7.57 7.65 8.43 8.75 8.77 14.67 8.49 7.62 12.66 7.55 7.5 7.54 8.47 8.74 8.74 13.31 8.26 7.4 12.46 7.42 7.5 7.5 8.33 8.7 8.68 12.98 8.31 7.44 11.74 7.45 7.42 7.51 8.32 8.77 8.78 14.85 8.47 7.51 12.24 7.53 7.48 7.58 8.33 8.71 8.73 13.88 8.48 7.61 13.51 7.67 7.53 7.65 8.52 8.75 8.72 13.63 8.52 7.58 13.05 7.51 7.38 7.42 8.33 8.7 8.68 13.53 8.46 7.43 11.72 7.46 7.36 7.45 8.42 8.76 8.72 14.14 8.58 7.61 12.94 7.65 7.36 7.36 8.32 8.7 8.62 13.82 8.57 7.68 14.44 7.87 7.54 7.25 7.06 6.02 7.06 7.5 7.55 7.55 7.48 19.52 7.58 7.81 22.36 8.75 8.78 8.79 8.51 7.75 7.52 20.1 7.55 7.75 22.01 8.71 8.77 8.78 8.38 7.63 7.34 19.91 7.52 7.66 21.42 8.66 8.76 8.73 8.34 7.67 7.45 18.89 7.52 7.59 21.69 8.73 8.78 8.79 8.51 7.75 7.48 19.71 7.58 7.62 21.74 8.7 8.74 8.75 8.47 7.85 7.58 21 7.53 7.55 21.6 8.76 8.8 8.79 8.54 7.88 7.45 20.06 7.53 7.43 21.22 8.71 8.74 8.74 8.47 7.6 7.32 18.85 7.42 7.44 20.8 8.75 8.74 8.74 8.58 7.8 7.41 20.01 7.45 7.37 19.85 8.68 8.72 8.74 8.55 7.89 7.47 21.47 7.66 7.25 17.9 6.08 7.08 7.26 20.26 7.27 7.6 7.75 7.67 14.29 8.59 8.78 8.78 8.75 22.95 7.47 7.67 7.69 7.6 13.96 8.58 8.76 8.77 8.74 22.03 7.31 7.61 7.57 7.47 13.32 8.34 8.73 8.75 8.67 22.48 7.44 7.54 7.59 7.5 13.59 8.46 8.78 8.79 8.76 23.11 7.47 7.62 7.7 7.5 13.49 8.48 8.73 8.75 8.73 22.61 7.53 7.7 7.71 7.38 13.27 8.58 8.77 8.79 8.76 24.06 7.59 7.71 7.7 7.42 13.1 8.47 8.75 8.77 8.71 21.64 7.36 7.43 7.46 7.33 12.2 8.46 8.79 8.77 8.71 22.27 7.57 7.62 7.66 7.35 11.33 8.37 8.75 8.72 8.64 21.81 7.65 7.73 7.74 7.43 12.09 7.05 6.25 7.05 13.05 7.43 7.37 12.23 7.6 7.5 7.32 7.75 8.55 8.73 14.16 8.44 7.53 13.02 7.61 7.49 7.32 7.64 8.5 8.72 13.27 8.43 7.48 12.62 7.54 7.38 7.31 7.58 8.35 8.67 14.38 8.32 7.39 11.62 7.53 7.36 7.24 7.7 8.56 8.72 14.32 8.41 7.48 12.72 7.71 7.4 7.29 7.78 8.54 8.67 13.77 8.44 7.48 12.93 7.6 7.32 7.22 7.8 8.6 8.71 15.67 8.61 7.62 12.2 7.7 7.34 7.23 7.79 8.59 8.66 13.31 8.53 7.43 11.49 7.5 7.25 7.17 7.89 8.6 8.7 13.47 8.53 7.55 12.53 7.69 7.26 7.15 7.82 8.5 8.53 12.86 8.56 7.59 11.5 7.75 7.37 7.11 7.01 5.67 7.05 7.38 7.49 7.65 7.96 22.74 7.7 7.37 21.96 7.96 8.52 8.76 8.5 7.99 8.12 22.19 7.68 7.43 20.82 7.91 8.48 8.74 8.46 7.99 8.04 21.62 7.49 7.39 20.98 7.89 8.39 8.71 8.31 7.89 8.02 21.67 7.54 7.3 21.9 8.12 8.54 8.74 8.5 8.06 7.99 22.27 7.57 7.35 21.68 8.11 8.51 8.71 8.5 8.13 8.11 22.3 7.44 7.28 21.92 8.26 8.59 8.74 8.52 8.19 8.18 22.02 7.55 7.37 22.27 8.27 8.63 8.79 8.59 8.08 8.08 21.19 7.43 7.28 21.83 8.38 8.67 8.78 8.51 8.09 8.13 21.42 7.34 7.18 21.12 8.38 8.43 8.67 8.55 8.2 8.05 20.79 7.44 7.19 19.14 5.51 7.07 7.34 18.63 7.56 8.61 8.43 8.22 14.33 7.78 8.26 8.44 8.64 20.29 7.94 8.61 8.41 8.03 13.04 7.75 8.23 8.43 8.65 20.23 8.04 8.56 8.31 7.79 13.22 7.8 8.22 8.4 8.57 19.76 7.94 8.57 8.28 7.85 14.1 7.9 8.4 8.5 8.59 19.64 8.05 8.59 8.33 7.87 13.91 7.9 8.42 8.48 8.61 19.98 8.24 8.69 8.36 7.76 13.97 7.96 8.53 8.56 8.64 20.32 8.24 8.66 8.4 7.83 14.36 8.13 8.54 8.61 8.69 20.25 8.32 8.66 8.31 7.6 13.69 8.04 8.65 8.63 8.6 20.31 8.34 8.63 8.26 7.58 13.18 8.07 8.6 8.54 8.5 20.06 8.48 8.6 8.14 7.56 14.07 7.03 5.64 7.06 7.39 7.98 7.82 8.09 8.42 8.27 14.1 22.23 7.94 8.49 8.74 8.71 8.06 8.13 8.51 8.06 12.76 21.37 7.96 8.4 8.74 8.68 8 8.12 8.38 7.89 12.84 21.29 8 8.35 8.63 8.51 7.78 7.87 8.33 7.77 13.83 22.1 8.13 8.34 8.65 8.53 7.93 8.01 8.43 7.8 13.34 21.85 8.18 8.46 8.71 8.62 8.2 8.24 8.49 7.85 13.56 22.33 8.25 8.47 8.71 8.65 8.05 8.15 8.43 7.76 14.19 22.65 8.27 8.52 8.73 8.72 8.3 8.29 8.54 7.7 13.32 22.19 8.45 8.57 8.67 8.64 8.23 8.44 8.54 7.74 12.53 21.68 8.35 8.3 8.64 8.7 8.16 8.23 8.41 7.58 13.42 19.57 5.5 7.07 13.53 7.62 8.06 13.9 8.38 8.25 7.67 7.78 8.44 8.72 15.33 8.54 8.24 13.34 8.47 8.19 7.66 7.8 8.41 8.72 15.19 8.55 8.21 13.24 8.36 8.14 7.68 7.91 8.31 8.55 14.02 8.24 7.83 12.28 8.16 7.88 7.49 7.78 8.3 8.53 12.89 8.3 7.96 12.52 8.31 7.94 7.62 7.86 8.4 8.6 14.95 8.52 8.15 12.57 8.4 7.98 7.66 8.04 8.44 8.61 14.01 8.49 8.03 12.73 8.39 8.02 7.62 8.02 8.53 8.68 14.18 8.63 8.35 13.89 8.56 8.06 7.73 8.18 8.53 8.72 13.27 8.56 8.27 15.26 8.69 8.09 7.84 8.18 8.48 8.49 13.25 8.62 8.06 13.01 8.55 7.93 7.22 7.01 5.43 7.11 7.5 21.32 7.74 8.25 21.81 7.63 7.73 8.22 8.77 8.78 8.8 24.08 7.88 8.36 21.49 7.72 7.86 8.16 8.78 8.77 8.79 23.94 7.93 8.31 21.77 7.88 7.88 8.25 8.68 8.69 8.69 21.9 7.55 7.93 19.84 7.47 7.51 8.02 8.73 8.73 8.71 21.7 7.75 8.04 20.28 7.58 7.65 8.12 8.66 8.73 8.76 23.69 7.94 8.21 20.45 7.65 7.62 8.22 8.74 8.73 8.71 22.49 7.8 8.01 20.61 7.58 7.66 8.31 8.79 8.79 8.76 23.43 8.16 8.34 22.56 7.9 7.88 8.42 8.76 8.75 8.72 22.88 8.21 8.37 23.57 7.96 7.85 8.41 8.75 8.72 8.63 22.12 7.84 7.93 20.73 7.68 7.21 7.03 6.06 7.09 7.47 7.7 7.39 7.41 7.56 7.62 11.7 19.94 8.63 8.81 8.81 8.52 7.53 7.49 7.61 7.53 11.57 19.84 8.63 8.76 8.77 8.47 7.55 7.52 7.66 7.6 13.19 21.33 8.57 8.65 8.67 8.05 7.18 7.18 7.24 7.22 10.98 19.29 8.51 8.71 8.73 8.38 7.4 7.29 7.4 7.3 11.64 20.05 8.58 8.71 8.75 8.52 7.45 7.37 7.44 7.33 11.3 19.82 8.64 8.71 8.71 8.43 7.37 7.3 7.39 7.32 11.53 20.07 8.71 8.8 8.78 8.64 7.62 7.54 7.71 7.55 13.39 21.87 8.7 8.75 8.73 8.49 7.6 7.56 7.68 7.48 11.63 20.36 8.7 8.73 8.7 8.46 7.4 7.31 7.35 7.22 10.23 16.06 5.71 7.09 12.74 7.39 7.37 11.92 7.4 7.36 7.3 8.08 8.78 8.78 13.57 8.25 7.46 12.5 7.44 7.38 7.37 8.12 8.71 8.68 13.37 8.21 7.48 13.13 7.44 7.36 7.37 8.16 8.61 8.55 11.61 7.67 7.2 10.89 7.16 7.15 7.2 7.89 8.58 8.6 14.02 8.2 7.31 10.94 7.23 7.14 7.18 7.96 8.62 8.63 14.54 8.27 7.42 11.98 7.33 7.19 7.17 8.19 8.67 8.62 12.34 8.13 7.32 11.57 7.26 7.18 7.25 8.2 8.74 8.77 13.27 8.42 7.54 12.96 7.52 7.34 7.44 8.53 8.75 8.72 12.38 8.42 7.47 13.78 7.53 7.26 7.27 8.37 8.7 8.59 12.43 8.37 7.31 12.16 7.28 7.12 7.06 7.02 5.59 7.1 7.43 19.72 7.37 7.45 18.71 7.26 7.48 8.07 8.77 8.8 8.79 21.75 7.45 7.51 19.11 7.26 7.44 7.96 8.7 8.76 8.71 21.63 7.58 7.46 19.93 7.31 7.44 7.96 8.66 8.64 8.55 18.98 7.2 7.17 17.43 7.13 7.23 7.85 8.7 8.75 8.77 21.8 7.44 7.29 17.55 7.13 7.2 7.81 8.64 8.67 8.71 22.31 7.52 7.47 18.76 7.14 7.26 7.98 8.67 8.7 8.68 20.45 7.46 7.3 18.62 7.16 7.27 8.11 8.75 8.8 8.78 21.55 7.7 7.53 20.02 7.29 7.55 8.45 8.76 8.73 8.71 21.04 7.61 7.48 20.35 7.19 7.28 8.09 8.69 8.71 8.68 20.71 7.52 7.32 18.3 7.12 7.08 7.02 5.8 7.07 7.29 7.43 7.24 7.29 7.47 7.55 11.72 19.89 8.68 8.76 8.76 8.18 7.32 7.31 7.53 7.47 11.49 19.74 8.67 8.75 8.78 8.22 7.38 7.3 7.46 7.46 11.01 19.4 8.51 8.64 8.58 7.72 7.14 7.15 7.25 7.29 11.21 19.56 8.66 8.77 8.77 8.28 7.32 7.21 7.32 7.22 10.01 18.72 8.51 8.68 8.66 8.28 7.39 7.33 7.51 7.38 10.96 19.44 8.65 8.73 8.72 8.24 7.3 7.22 7.37 7.36 12.28 20.54 8.7 8.79 8.75 8.44 7.36 7.32 7.52 7.55 13.39 21.76 8.71 8.73 8.68 8.36 7.41 7.38 7.5 7.32 10.89 19.7 8.68 8.71 8.69 8.42 7.38 7.24 7.33 7.15 10.02 15.93 5.77 7.05 12.7 7.13 7.11 11.51 7.38 7.42 7.38 8.06 8.71 8.66 12.44 7.44 7.15 12.26 7.41 7.45 7.45 8.24 8.76 8.75 12.51 7.52 7.15 11.85 7.38 7.36 7.36 7.9 8.53 8.36 11.05 7.24 7.08 10.16 7.2 7.29 7.31 8.22 8.79 8.7 13.28 7.57 7.15 10.64 7.35 7.18 7.24 8.12 8.66 8.46 12.07 7.46 7.19 12.02 7.46 7.29 7.31 8.31 8.76 8.57 12.62 7.46 7.21 11.99 7.35 7.24 7.27 8.27 8.76 8.48 12.64 7.53 7.2 11.58 7.44 7.37 7.4 8.5 8.71 8.43 11.66 7.61 7.27 12.84 7.57 7.3 7.34 8.45 8.73 8.39 12.66 7.67 7.21 11.85 7.37 7.21 7.09 7.01 5.77 7.05 7.05 18.23 7.11 7.31 20.97 7.94 7.69 8.03 8.62 8.52 8.16 19.44 7.13 7.35 21.66 7.84 7.73 8.2 8.73 8.61 8.3 19.7 7.24 7.58 20.77 7.66 7.57 7.89 8.45 8.17 7.73 17.86 7.12 7.32 20.93 7.72 7.62 8.17 8.7 8.54 8.17 20.07 7.23 7.48 20.26 7.7 7.54 8.08 8.62 8.3 7.89 18.99 7.25 7.51 21.74 7.73 7.65 8.23 8.7 8.35 7.85 19.75 7.23 7.49 21.15 7.59 7.55 8.07 8.67 8.22 7.82 19.67 7.26 7.57 21.36 7.71 7.67 8.32 8.71 8.21 7.8 18.96 7.41 7.74 22.39 7.81 7.67 8.37 8.67 8.09 7.77 19.93 7.28 7.67 21.21 7.58 7.22 7.03 5.99 7.05 7.05 7.12 7.17 7.34 8.25 8.73 13.49 23.1 8.3 8.54 8.26 7.48 7.23 7.4 8.4 8.73 13.44 23.36 8.44 8.58 8.49 7.79 7.51 7.71 8.18 8.44 12.27 21.12 8.21 8.32 8.16 7.47 7.33 7.42 8.29 8.62 14.31 24.72 8.6 8.66 8.36 7.69 7.41 7.54 8.14 8.49 14.07 24.05 8.52 8.46 8.22 7.56 7.41 7.49 8.18 8.4 14.18 23.85 8.54 8.41 8.13 7.58 7.43 7.58 8.03 8.33 12.9 22.02 8.4 8.29 8.1 7.62 7.47 7.65 8.23 8.45 13.21 22.72 8.57 8.44 8.25 7.76 7.62 7.78 8.31 8.5 13.87 23.71 8.6 8.31 8.14 7.74 7.6 7.73 8.16 8.32 12.9 19.42 6.08 7.05 7.06 18.27 7.18 7.37 8.47 8.59 13.48 8.63 8.69 8.44 7.89 19.32 7.21 7.58 8.56 8.62 13.39 8.69 8.63 8.4 8.15 21.23 7.41 7.76 8.42 8.28 12.34 8.5 8.55 8.26 7.95 21.69 7.24 7.58 8.5 8.35 14.19 8.67 8.69 8.51 7.98 20.69 7.3 7.51 8.26 8.22 14.22 8.68 8.69 8.41 7.81 19.56 7.27 7.49 8.15 8.07 14.26 8.67 8.7 8.41 7.88 19.24 7.32 7.58 8.28 7.95 12.95 8.67 8.68 8.3 7.8 19.7 7.35 7.64 8.4 8.05 13.08 8.76 8.69 8.45 7.96 20.64 7.43 7.78 8.5 8.13 13.81 8.74 8.74 8.37 7.75 19.77 7.46 7.66 8.26 7.85 13.17 7.17 6.19 7.05 12.2 7.27 7.51 12.12 8.41 8.47 8.39 8.52 8.72 8.69 11.66 7.76 7.61 13.79 8.5 8.52 8.43 8.5 8.72 8.64 13.47 8.1 7.79 14.42 8.47 8.38 8.24 8.42 8.67 8.64 14.34 7.97 7.63 14.19 8.54 8.5 8.35 8.53 8.74 8.71 13.55 7.92 7.53 12.38 8.25 8.17 8.1 8.51 8.73 8.61 12.55 7.93 7.56 11.91 8.19 8.03 8.1 8.53 8.78 8.6 11.69 7.92 7.64 12.93 8.27 8.08 7.99 8.45 8.7 8.45 12.05 7.99 7.55 14.56 8.51 8.25 8.23 8.6 8.75 8.61 12.83 8.08 7.79 13.42 8.52 8.29 8.39 8.67 8.79 8.51 12.12 8.05 7.64 13.22 8.45 8.18 7.69 7.14 6.25 7.05 7.58 7.7 8 8.1 21.5 8.12 7.93 22.95 8.77 8.78 8.75 8.31 7.88 8.13 22.72 8.23 7.98 20.99 8.66 8.76 8.76 8.5 8.1 8.22 22.88 8.22 7.87 21.88 8.64 8.78 8.8 8.41 8.07 8.09 22.97 8.16 7.72 21.38 8.73 8.79 8.76 8.38 7.85 7.78 20.87 7.89 7.66 21.12 8.69 8.76 8.77 8.28 7.84 7.78 20.23 7.87 7.57 21.34 8.71 8.79 8.76 8.53 8.01 8 21.52 8.02 7.54 20.52 8.7 8.7 8.73 8.36 7.93 7.94 23.34 8.18 7.71 20.85 8.71 8.75 8.77 8.53 8.21 8.05 22.88 8.34 7.88 22.25 8.72 8.72 8.75 8.41 7.95 7.72 22.2 8.21 7.38 19.7 6.46 7.09 7.49 21.9 7.44 7.66 7.8 7.61 14.29 8.49 8.78 8.76 8.73 21.86 7.35 7.7 7.89 7.66 12.37 8.46 8.76 8.77 8.72 23.16 7.57 7.79 7.92 7.61 13.5 8.41 8.71 8.78 8.74 23.23 7.49 7.65 7.82 7.45 12.74 8.29 8.74 8.77 8.68 22.59 7.44 7.54 7.64 7.42 12.17 8.33 8.74 8.77 8.68 22.56 7.41 7.45 7.48 7.27 12.24 8.37 8.74 8.76 8.69 23.86 7.67 7.77 7.86 7.39 11.63 8.32 8.76 8.74 8.63 21.57 7.57 7.75 7.8 7.46 12.02 8.49 8.75 8.76 8.69 22.36 7.81 7.84 7.97 7.51 13.57 8.62 8.76 8.74 8.55 20.66 7.7 7.62 7.66 7.47 13.67 7.08 6.3 7.08 14.8 7.77 7.6 13.04 7.59 7.55 7.57 8.4 8.78 8.77 14.09 8.47 7.6 13.37 7.59 7.62 7.71 8.32 8.7 8.77 15.14 8.54 7.65 12.34 7.54 7.55 7.57 8.26 8.69 8.76 14.42 8.46 7.62 13.52 7.63 7.41 7.41 8.13 8.69 8.77 14.64 8.43 7.45 12.07 7.42 7.39 7.46 8.15 8.76 8.75 14.8 8.34 7.38 11.25 7.32 7.27 7.29 8.17 8.73 8.76 15.48 8.56 7.61 14.58 7.61 7.36 7.37 8.2 8.71 8.62 12.67 8.55 7.57 13.55 7.64 7.44 7.55 8.39 8.73 8.73 13.46 8.62 7.67 13.98 7.77 7.49 7.63 8.36 8.69 8.67 12.19 8.55 7.53 12.42 7.55 7.41 7.24 7.08 6.25 7.09 7.63 7.67 7.71 7.56 20.28 7.52 7.71 21.26 8.74 8.78 8.78 8.52 7.83 7.62 21.02 7.59 7.78 21.53 8.71 8.77 8.79 8.48 7.77 7.56 20.48 7.53 7.62 21.83 8.71 8.8 8.78 8.46 7.81 7.53 20.56 7.5 7.45 20.68 8.71 8.79 8.8 8.45 7.69 7.44 19.27 7.5 7.52 21.23 8.68 8.78 8.78 8.2 7.53 7.31 18.55 7.36 7.41 20.36 8.72 8.78 8.79 8.53 7.96 7.51 21.43 7.45 7.4 20.14 8.65 8.73 8.76 8.53 7.89 7.61 20.59 7.7 7.5 20.97 8.7 8.78 8.77 8.54 8.02 7.56 21.47 7.67 7.53 21.2 8.7 8.75 8.76 8.44 7.74 7.41 20.1 7.65 7.2 18.63 6.32 7.11 7.39 20.84 7.31 7.62 7.64 7.53 13.17 8.47 8.79 8.79 8.77 24.54 7.44 7.77 7.85 7.65 13.58 8.52 8.75 8.76 8.73 23.05 7.45 7.62 7.64 7.5 13.89 8.43 8.73 8.78 8.7 23.73 7.5 7.7 7.71 7.43 12.6 8.44 8.8 8.8 8.75 24.04 7.54 7.58 7.7 7.47 13.13 8.33 8.76 8.78 8.66 22.13 7.33 7.41 7.51 7.35 12.07 8.42 8.75 8.78 8.75 23.44 7.53 7.55 7.61 7.34 12.07 8.3 8.78 8.76 8.67 23.18 7.62 7.73 7.83 7.56 12.62 8.51 8.78 8.79 8.68 22.44 7.65 7.7 7.83 7.49 12.68 8.48 8.74 8.76 8.7 22.9 7.64 7.7 7.76 7.45 12.79 7.07 6.45 7.06 13.17 7.47 7.39 12.31 7.51 7.4 7.22 7.36 8.43 8.73 15.88 8.56 7.57 14.01 7.75 7.53 7.25 7.41 8.39 8.69 13.73 8.4 7.51 14.21 7.55 7.35 7.2 7.43 8.26 8.72 15.2 8.46 7.47 12.45 7.67 7.39 7.17 7.43 8.56 8.78 15.77 8.49 7.53 12.5 7.54 7.29 7.22 7.46 8.28 8.68 13.67 8.35 7.3 11.46 7.45 7.24 7.11 7.44 8.52 8.77 15.07 8.61 7.41 11.39 7.48 7.2 7.13 7.39 8.28 8.65 14.72 8.63 7.63 11.74 7.77 7.4 7.28 7.75 8.62 8.72 13.22 8.58 7.6 13.05 7.71 7.36 7.21 7.63 8.36 8.67 14.19 8.68 7.67 13.69 7.82 7.27 7.07 7.01 5.68 7.06 7.41 7.42 7.62 7.75 21.18 7.5 7.28 20.81 7.71 8.44 8.75 8.39 7.96 8.32 23.7 7.65 7.33 20.96 7.74 8.38 8.7 8.24 7.98 8.14 23.16 7.46 7.19 20.49 7.7 8.44 8.73 8.36 7.94 8.22 22.11 7.59 7.25 22.29 8.12 8.65 8.76 8.47 8.04 8.16 21.72 7.42 7.24 20.07 7.73 8.53 8.72 8.33 7.9 8.02 21.13 7.36 7.15 21.13 8.01 8.68 8.8 8.5 8.04 8.07 20.35 7.3 7.15 20.32 7.91 8.56 8.76 8.49 8.32 8.38 21.95 7.5 7.3 22.48 8.44 8.67 8.76 8.6 8.28 8.3 21.66 7.35 7.19 20.68 8.16 8.62 8.74 8.65 8.48 8.5 23.02 7.31 7.04 18.3 5.42 7.07 7.26 18.59 7.38 8.63 8.38 7.94 13.3 7.72 8.15 8.38 8.59 20.17 7.73 8.67 8.6 8.04 13.51 7.65 8.19 8.38 8.62 19.91 7.89 8.69 8.45 7.85 12.94 7.54 8.13 8.37 8.61 20.4 7.98 8.64 8.42 7.87 14.7 7.74 8.52 8.61 8.7 20.47 8.09 8.7 8.45 7.8 12.42 7.58 8.25 8.53 8.58 19.77 8.02 8.6 8.38 7.68 13.41 7.74 8.5 8.64 8.7 21.21 8.16 8.54 8.3 7.59 12.58 7.65 8.34 8.56 8.61 20.34 8.35 8.71 8.47 7.77 14.29 8.01 8.63 8.73 8.71 20.16 8.41 8.66 8.26 7.47 12.52 7.85 8.56 8.63 8.61 20.39 8.61 8.72 8.45 7.53 13.53 7.01 5.53 7.06 7.31 7.82 7.54 7.68 8.36 7.82 12.79 21.1 7.83 8.42 8.69 8.54 7.81 8.01 8.53 8.12 13.39 21.53 7.99 8.44 8.69 8.6 7.81 8 8.49 7.98 12.52 20.92 7.95 8.4 8.73 8.54 7.94 8.02 8.45 7.94 14.45 22.65 8.21 8.54 8.71 8.6 7.99 8.17 8.58 7.95 11.76 20.56 7.89 8.31 8.64 8.52 7.9 8.05 8.4 7.78 13.26 21.63 8.24 8.59 8.75 8.63 8.17 8.2 8.45 7.82 12.2 21.06 8.09 8.39 8.66 8.66 8.2 8.25 8.49 7.87 14.52 23.1 8.43 8.61 8.74 8.66 8.19 8.17 8.3 7.62 11.93 21.12 8.11 8.4 8.71 8.74 8.37 8.36 8.5 7.69 12.79 19.1 5.44 7.07 13.93 7.46 8.04 13.31 8.08 7.91 7.34 7.6 8.29 8.67 13.29 8.25 8.12 13.59 8.4 8.28 7.6 7.64 8.45 8.67 13.59 8.4 8.21 14.12 8.48 8.13 7.64 7.74 8.31 8.66 14.84 8.41 8.17 13.44 8.4 8.08 7.51 7.75 8.43 8.64 12.69 8.35 8.17 15.37 8.6 8.23 7.63 7.67 8.18 8.55 13.34 8.31 8 13.94 8.41 8.07 7.65 7.84 8.36 8.66 14.88 8.51 8.21 14.84 8.49 8.19 7.68 7.94 8.33 8.53 14.17 8.53 8.24 13.91 8.48 8.18 7.88 8.12 8.53 8.69 14.42 8.55 8.23 13.02 8.48 7.94 7.65 7.98 8.28 8.51 14.48 8.63 8.2 12.62 8.51 8.12 7.36 7.02 5.39 7.08 7.56 21.43 7.51 8.12 20.6 7.44 7.49 8.03 8.72 8.76 8.76 22.53 7.84 8.34 21.44 7.54 7.63 8.08 8.73 8.77 8.76 23.28 7.95 8.46 22.65 7.82 7.74 8.11 8.75 8.77 8.77 23.54 7.91 8.34 21.13 7.55 7.52 7.9 8.7 8.73 8.7 22.34 8.02 8.46 23.59 7.88 7.7 8.03 8.7 8.74 8.7 22.42 7.91 8.31 22.35 7.76 7.62 8.11 8.73 8.76 8.78 23.68 8.09 8.35 22.67 7.81 7.71 8.02 8.75 8.72 8.73 23.06 8 8.35 22.1 7.91 7.84 8.28 8.77 8.76 8.74 23.7 8.1 8.27 20.69 7.75 7.65 8.05 8.71 8.73 8.73 23.8 8.13 8.23 20.73 7.95 7.38 7.02 6.34 7.07 7.46 7.62 7.24 7.23 7.37 7.38 10.44 18.82 8.47 8.78 8.78 8.49 7.38 7.34 7.48 7.39 11.39 19.58 8.62 8.77 8.77 8.58 7.52 7.46 7.71 7.58 12.32 20.56 8.6 8.75 8.77 8.5 7.37 7.31 7.41 7.27 10.46 19.03 8.55 8.73 8.73 8.42 7.66 7.6 7.89 7.63 11.09 19.54 8.59 8.74 8.75 8.47 7.57 7.57 7.67 7.48 11.67 20.01 8.64 8.76 8.75 8.52 7.49 7.46 7.58 7.35 10.71 19.22 8.63 8.77 8.7 8.57 7.45 7.39 7.53 7.45 12.51 21.01 8.74 8.78 8.76 8.64 7.63 7.52 7.55 7.29 10.21 19.32 8.65 8.74 8.73 8.66 7.74 7.57 7.65 7.41 10.29 16.57 6.13 7.07 13.4 7.32 7.26 11.37 7.15 7.17 7.18 7.84 8.67 8.7 14.77 8.05 7.33 11.7 7.26 7.2 7.2 7.93 8.69 8.71 14.42 8.28 7.49 13.86 7.38 7.32 7.3 8.16 8.72 8.73 14.96 8.25 7.31 11.28 7.24 7.21 7.2 7.92 8.71 8.67 12.8 8.27 7.55 14.05 7.55 7.42 7.4 8.25 8.74 8.71 12.65 8.31 7.49 13.58 7.43 7.34 7.37 8.27 8.72 8.67 12.28 8.17 7.41 12.18 7.33 7.21 7.24 8.05 8.67 8.66 12.8 8.26 7.33 11.67 7.31 7.26 7.28 8.27 8.72 8.74 14.81 8.53 7.53 12.86 7.35 7.19 7.25 8.26 8.76 8.72 14.25 8.62 7.63 13.86 7.52 7.32 7.15 7.04 6.15 7.1 7.45 20.08 7.27 7.29 17.85 7.13 7.27 7.79 8.71 8.79 8.78 22.49 7.34 7.32 17.88 7.16 7.22 7.81 8.71 8.78 8.78 22.67 7.54 7.5 20.2 7.13 7.33 7.99 8.72 8.79 8.81 22.73 7.4 7.32 17.87 7.15 7.23 7.78 8.69 8.78 8.76 22.02 7.59 7.69 20.95 7.34 7.52 8.21 8.76 8.8 8.75 21.83 7.66 7.59 20.5 7.3 7.38 8.01 8.71 8.79 8.75 20.85 7.44 7.42 18.81 7.17 7.23 7.74 8.71 8.78 8.76 20.69 7.44 7.33 18.38 7.21 7.29 7.95 8.72 8.78 8.78 23.69 7.79 7.56 19.8 7.2 7.3 8.09 8.75 8.76 8.76 23.18 7.94 7.64 21.1 7.37 7.27 7.06 6.37 7.08 7.27 7.44 7.17 7.19 7.3 7.33 10.91 18.76 8.52 8.78 8.78 8.14 7.19 7.17 7.24 7.2 10.61 18.76 8.55 8.79 8.81 8.41 7.27 7.2 7.31 7.26 11.42 19.21 8.64 8.78 8.79 8.41 7.23 7.2 7.28 7.26 11.9 19.44 8.64 8.79 8.77 8.35 7.38 7.42 7.57 7.52 12.72 20.4 8.74 8.8 8.73 8.48 7.45 7.44 7.56 7.45 11.73 19.55 8.71 8.77 8.79 8.36 7.29 7.29 7.38 7.27 10.6 18.79 8.62 8.78 8.73 8.38 7.29 7.28 7.37 7.33 10.84 19.19 8.7 8.77 8.77 8.63 7.52 7.42 7.53 7.35 12.45 20.17 8.73 8.76 8.75 8.64 7.64 7.51 7.62 7.51 13.29 18.58 6.29 7.06 13.79 7.15 7.12 10.86 7.14 7.11 7.11 7.17 7.62 7.92 12.9 7.32 7.12 10.03 7.11 7.11 7.1 7.23 7.76 8.09 14.3 7.44 7.1 10.87 7.08 7.06 7.06 7.15 7.7 8.03 14.88 7.44 7.1 10.58 7.15 7.07 7.06 7.21 7.78 8 13.56 7.52 7.21 13.58 7.2 7.13 7.09 7.51 8.32 8.32 13.21 7.81 7.21 13.95 7.22 7.1 7.08 7.32 7.97 8.08 13.83 7.51 7.12 13.18 7.14 7.07 7.05 7.24 7.76 7.91 12.7 7.5 7.14 10.48 7.15 7.13 7.11 7.5 8.27 8.21 13.77 7.82 7.17 13.19 7.19 7.06 7.06 7.44 8.14 8.09 13.53 7.9 7.3 13.45 7.27 7.08 7.02 7.01 5.34 7.05 7.05 19.19 7.08 7.07 16.37 7.07 6.83 7.07 7.08 7.07 7.18 17.99 7.06 7.06 15.52 7.04 6.72 7.05 7.1 7.1 7.29 19.73 7.05 7.05 16.06 7.04 6.76 7.02 7.07 7.06 7.2 20.25 7.05 7.05 16.19 7.03 6.72 7.05 7.07 7.09 7.28 19.49 7.07 7.07 19.09 7.06 7.04 7.07 7.08 7.1 7.34 19.4 7.07 7.08 19.36 7.06 7 7.06 7.07 7.09 7.24 19.84 7.05 7.05 18.52 7.05 6.88 7.05 7.05 7.07 7.21 18.5 7.05 7.05 16.44 7.03 6.96 7.03 7.08 7.08 7.29 19.78 7.02 7.01 18.59 7.01 6.96 7.02 7.03 7.1 7.3 19.79 7.02 7.04 18.65 7.01 6.6 5.29 5.26 5.29 6.16 6.49 6.02 6.08 5.79 5.54 8.34 14.76 5.35 5.77 6.91 6.59 5.66 5.69 5.49 5.41 8.71 15.32 5.41 6.05 7.01 6.86 5.86 5.82 5.6 5.44 7.87 14.5 5.39 5.97 6.94 6.83 6.02 5.82 5.59 5.43 8.19 14.8 5.48 6.1 6.91 6.77 6.03 5.99 5.77 5.47 11.03 17.58 5.57 6.47 7 6.8 6.15 6.1 5.77 5.47 9.35 16.04 5.56 6.32 7 6.83 6.25 6.06 5.67 5.36 9 15.58 5.5 6.25 6.97 6.88 5.98 5.85 5.54 5.36 11.21 17.96 5.81 6.58 6.97 6.88 6.28 6.07 5.62 5.27 8.94 15.77 5.78 6.6 6.99 6.95 6.38 6.26 5.78 5.28 7.67 11.79 3.51 

</Matrix>
   <Matrix name="burstinessHist" type="complete" rows="1" columns="200" multiplier="1.0">
   2038 2097 2048 2155 2110 2170 2078 2108 2129 2149 2126 2103 2102 2130 2172 2130 2140 2192 2118 2125 2130 2113 2123 2132 2190 2179 2171 2121 2139 2113 2132 2100 2179 2103 2155 2052 2164 2166 2097 2078 2109 2134 2126 2131 2154 2129 2154 2060 2127 2130 2086 2161 2214 2144 2091 2094 2126 2187 2107 2195 2178 2104 2203 2060 2122 2112 2103 2191 2135 2110 2129 2097 2133 2066 2140 2127 2165 2168 2074 2171 2135 2103 2071 2128 2113 2113 2125 2171 2079 2186 2183 2160 2123 2120 2124 2136 2089 2145 2121 2141 118798 111107 110234 88191 81965 110068 109547 108011 60115 109159 109627 110228 111123 58399 109874 110348 108495 60163 110347 110123 104802 64480 110844 110115 109686 58786 111128 110091 81263 87061 109844 109954 84473 83168 110500 109042 110624 58311 111432 110094 58016 110089 109825 110926 63285 106138 110404 101454 67061 109174 110122 109957 87365 82204 108843 109449 109585 109256 59179 109529 110412 110133 70997 98309 109555 109103 110551 99038 69169 110326 111369 58343 110783 109382 110184 81755 87115 110276 109145 106822 61123 109748 110333 78357 90554 110154 110770 58611 110437 111212 57244 111118 109380 60149 108747 110342 86913 82808 110109 103817 
</Matrix>
   <Matrix name="spikesHistory" type="complete" rows="1" columns="20000" multiplier="1.0">
   0 0 0 0 0 0 8 16 17 14 19 22 16 29 30 20 17 20 31 20 24 22 26 21 24 27 19 29 24 25 26 19 23 21 24 17 27 17 25 25 16 21 15 19 29 20 25 19 19 24 25 16 15 21 24 24 26 22 26 15 15 25 20 21 19 20 28 22 19 26 13 19 20 29 19 25 27 25 19 16 25 24 14 25 20 27 16 18 27 20 24 27 24 23 29 26 16 13 24 24 19 23 27 20 15 17 19 24 25 13 20 22 27 21 21 16 28 22 20 22 27 22 26 20 29 17 16 25 28 11 24 14 20 23 19 26 24 18 21 14 12 14 20 17 32 25 17 22 28 22 20 29 25 17 22 23 24 23 19 20 18 23 19 24 25 15 23 21 24 15 17 17 19 17 32 27 27 22 22 19 15 24 12 22 20 24 19 25 16 32 22 18 18 20 20 19 15 20 19 15 16 19 18 32 13 17 34 28 23 16 16 23 17 22 24 23 23 12 21 26 25 16 27 12 14 13 17 30 26 24 22 25 22 20 20 20 17 23 14 15 22 28 22 22 20 19 32 27 16 11 12 19 15 25 32 22 16 21 29 14 19 24 17 22 24 12 22 20 24 21 17 23 25 24 21 14 20 24 17 22 19 20 17 9 24 20 25 21 20 26 22 15 26 16 17 20 15 23 17 15 19 21 23 24 21 20 31 27 21 27 21 23 20 26 25 27 16 22 21 17 26 12 16 22 27 36 18 23 25 28 20 19 16 18 22 26 28 24 21 24 14 8 17 23 21 17 24 23 23 28 18 19 26 31 26 19 16 18 17 24 25 23 28 18 23 20 21 16 17 26 19 29 14 21 22 19 24 26 22 28 27 22 24 19 20 17 11 26 11 21 24 23 20 18 17 25 18 18 20 18 26 22 17 20 13 22 18 22 19 23 25 22 22 18 27 15 19 23 30 19 21 31 19 24 17 16 23 19 13 27 24 14 17 19 23 23 20 22 19 31 24 20 20 18 23 18 27 14 22 23 19 24 20 16 20 24 14 20 23 15 11 20 28 29 19 23 21 16 17 22 22 20 26 27 23 14 28 17 18 25 26 22 17 16 25 19 18 24 23 20 27 25 17 22 27 19 30 22 23 14 25 25 26 14 23 15 24 26 25 16 24 20 18 14 24 28 20 19 20 23 26 21 17 26 20 19 24 21 21 20 26 16 27 12 17 27 28 20 23 21 18 21 20 15 22 30 19 21 29 24 19 34 25 22 23 18 21 16 33 15 23 26 17 21 16 20 22 16 22 32 25 19 17 24 22 20 24 25 18 22 28 32 21 21 19 26 20 20 22 27 17 28 21 20 24 13 18 17 24 15 25 19 29 21 23 12 24 23 21 23 19 23 21 22 10 27 25 21 17 19 15 19 22 18 24 23 20 12 19 18 22 21 18 18 24 20 24 22 18 18 26 25 19 26 11 32 20 25 20 23 27 25 33 16 21 17 22 17 16 26 16 26 18 17 17 24 27 14 25 22 22 24 24 22 9 17 21 18 18 20 21 25 33 12 32 18 17 14 17 23 20 27 20 18 20 20 19 24 19 12 20 17 15 15 22 17 28 19 24 23 20 20 17 21 24 18 21 25 21 21 20 27 22 18 24 21 26 16 23 24 18 29 26 19 15 24 27 15 23 29 17 17 23 30 22 24 21 28 22 22 22 17 14 18 17 20 14 15 21 22 17 25 24 20 19 23 25 21 23 14 24 16 25 17 31 21 20 22 18 29 27 22 15 24 26 21 20 26 25 19 23 16 21 17 22 19 23 18 14 16 24 31 21 32 28 26 12 21 24 17 16 18 20 24 22 17 20 30 19 27 16 22 24 14 20 28 24 28 16 18 26 22 24 24 20 21 18 22 26 20 28 22 20 15 22 32 19 12 19 22 20 25 18 20 21 17 21 23 26 17 26 15 19 17 23 29 15 16 21 23 16 24 25 27 18 24 29 21 15 18 34 23 19 21 25 18 20 20 18 18 25 15 21 18 16 21 20 19 16 20 20 19 17 23 16 23 10 27 28 17 26 17 19 28 21 22 19 21 21 19 22 22 20 21 24 28 24 18 18 27 15 25 23 18 20 23 19 14 12 16 27 23 30 23 23 20 23 23 14 26 27 13 26 26 18 23 22 20 30 28 24 25 19 23 27 26 18 21 18 23 21 9 30 16 12 17 23 19 24 29 21 18 15 22 18 18 24 31 23 32 19 17 23 22 13 22 24 32 22 22 22 31 22 17 23 23 20 26 18 13 33 18 34 14 16 14 26 25 16 12 25 19 17 20 21 16 23 29 20 13 31 26 22 19 17 24 17 21 29 25 27 11 24 15 26 20 31 20 18 24 19 17 17 18 18 17 19 20 22 23 16 23 17 26 18 16 26 20 26 20 15 26 26 13 26 22 25 22 30 21 26 16 23 16 16 16 29 26 23 17 27 21 20 20 14 23 32 27 23 14 19 22 17 19 25 20 21 26 20 20 18 20 18 16 24 27 23 19 16 19 15 19 24 24 21 23 24 18 23 21 21 25 17 18 25 18 22 31 25 22 14 24 14 17 22 20 17 24 22 19 18 27 23 22 26 15 16 28 26 27 26 18 24 24 14 16 18 27 22 20 20 27 22 19 17 20 16 23 20 18 33 20 21 28 16 23 17 16 16 24 23 24 25 19 19 22 21 17 19 23 22 25 20 18 24 20 17 22 19 18 14 17 34 33 21 26 15 23 14 24 15 25 14 24 27 31 25 21 28 15 18 30 17 18 16 23 23 34 21 21 17 22 20 17 22 20 16 20 30 20 19 16 25 23 24 25 22 15 19 29 23 18 24 24 23 16 25 19 19 20 16 18 22 26 22 15 30 13 20 16 24 23 15 14 18 18 33 19 17 15 18 27 20 20 16 18 25 17 23 20 21 20 23 23 24 18 27 22 19 21 12 20 14 21 32 14 22 16 27 20 22 13 20 13 27 22 17 19 25 28 20 20 21 20 14 25 20 20 24 24 23 23 23 20 20 29 24 21 28 20 20 24 16 17 15 29 21 25 28 23 23 22 25 21 26 22 11 20 18 24 21 19 23 21 17 18 22 20 19 21 18 20 23 25 21 29 16 27 29 19 25 17 12 16 16 21 31 28 23 22 18 21 17 21 21 22 20 17 21 20 23 23 18 20 26 18 24 18 26 20 21 20 28 22 29 29 25 27 22 20 18 19 22 19 27 24 23 19 22 16 25 26 28 14 31 18 24 18 20 17 13 14 21 21 34 21 28 36 23 21 16 22 19 27 17 20 24 23 28 25 24 24 23 19 17 15 18 22 15 26 25 18 26 26 25 14 15 21 26 25 25 12 22 17 23 23 19 17 29 21 21 18 25 23 28 19 23 25 25 18 20 18 22 17 18 25 19 15 23 23 18 25 20 18 24 20 26 24 19 19 28 24 25 22 23 20 23 24 18 23 24 20 21 25 19 13 16 19 28 20 19 20 22 30 19 27 23 14 17 20 24 17 22 18 22 24 25 24 27 18 19 20 20 26 17 17 22 23 20 18 14 21 18 27 26 31 21 19 23 16 22 21 16 27 14 29 23 21 20 14 25 23 24 22 18 25 20 18 22 28 21 18 22 25 27 12 27 21 20 22 25 19 21 21 27 33 20 14 26 19 9 20 19 28 23 21 19 19 21 13 20 15 24 17 31 25 19 21 16 21 22 21 22 19 26 22 16 13 16 22 26 22 14 25 18 20 12 21 33 14 28 22 26 24 26 21 23 23 19 24 16 30 16 20 23 26 23 20 26 23 31 27 18 22 16 19 23 18 20 17 17 26 32 27 18 19 17 23 22 20 17 18 11 21 22 23 24 22 29 22 19 17 24 21 23 17 26 26 29 18 21 14 19 19 14 25 32 30 30 28 24 26 21 18 23 16 20 22 26 24 17 17 25 25 26 25 16 16 25 26 22 27 18 14 27 34 14 22 21 28 29 24 21 22 20 24 19 26 26 16 19 19 22 17 19 24 19 23 24 19 21 22 22 16 20 22 20 23 23 24 18 25 25 20 17 13 21 17 27 28 22 14 24 15 28 19 17 19 16 21 20 30 25 24 28 19 23 24 23 20 16 24 30 23 16 26 22 22 21 25 29 25 20 25 22 22 16 25 23 28 18 22 16 18 22 18 26 22 20 24 22 15 19 25 11 25 17 18 13 23 24 25 26 16 22 26 24 21 25 22 23 23 14 20 15 15 14 19 21 18 21 26 26 16 29 15 20 14 24 18 23 18 19 31 18 22 20 25 19 23 20 13 29 18 24 19 25 22 18 24 27 16 25 22 14 19 28 12 29 18 19 30 21 23 19 26 29 18 22 15 16 21 27 20 27 24 22 22 18 20 18 21 25 20 18 31 22 23 18 24 25 14 15 15 25 14 21 27 20 20 28 16 20 20 26 19 18 21 20 19 25 17 24 32 19 22 15 21 14 24 24 16 30 13 28 19 18 25 18 19 18 18 27 18 22 25 23 19 25 21 22 19 22 22 18 27 25 11 26 20 27 27 21 18 20 24 13 19 28 22 17 29 14 29 12 27 22 15 19 26 25 22 23 21 20 21 21 11 23 18 17 25 22 11 19 14 25 15 19 25 25 31 24 21 22 19 22 16 26 14 22 25 19 17 25 19 23 25 21 23 29 21 25 22 23 25 16 21 24 24 20 25 15 17 17 26 12 29 23 23 27 16 20 15 23 23 18 30 25 19 25 17 26 17 20 17 17 23 24 25 13 32 17 20 27 28 28 15 15 26 23 15 26 26 28 13 15 15 21 24 24 29 17 19 16 28 19 28 22 19 25 19 24 20 23 22 21 21 20 16 15 19 22 17 23 24 21 18 22 25 27 25 21 26 21 17 20 15 14 21 16 19 20 21 27 19 21 15 24 14 23 20 28 19 24 19 23 22 19 21 24 15 19 29 25 17 16 17 15 28 25 22 23 20 26 19 27 26 26 18 19 27 15 22 24 20 21 25 13 12 15 17 30 20 21 24 17 18 21 19 23 13 22 31 8 20 24 14 22 24 19 24 22 16 17 17 25 17 16 27 14 28 26 13 20 22 23 25 21 24 21 24 22 21 28 19 19 18 20 21 24 21 23 26 21 14 27 23 25 16 26 24 23 23 19 22 23 21 28 27 22 21 24 21 26 20 16 17 25 19 22 22 18 22 14 25 22 32 24 26 22 26 22 17 13 17 31 14 20 21 23 19 21 19 28 19 16 20 23 20 17 19 16 21 25 19 24 23 26 20 17 30 20 21 20 26 20 20 30 23 25 23 25 22 27 20 19 20 21 21 18 22 13 23 23 23 26 22 20 23 20 14 29 18 16 26 24 20 16 24 22 25 14 15 22 27 15 22 23 18 27 27 16 26 25 20 24 16 25 39 21 21 15 29 13 19 16 19 21 22 24 23 23 23 23 25 17 22 29 21 12 36 15 23 19 22 20 20 21 25 28 26 24 27 23 23 17 31 14 26 15 21 19 17 17 19 25 22 24 19 23 29 17 23 20 22 19 24 24 17 22 26 32 23 21 20 22 15 22 24 23 25 18 22 21 22 21 23 19 21 18 17 24 24 24 17 22 24 19 20 21 17 20 21 29 24 24 21 18 26 26 19 19 20 22 23 18 11 21 26 16 23 18 15 21 16 26 20 29 20 26 18 22 18 20 29 19 22 20 26 23 20 32 27 22 18 27 14 22 21 25 25 17 22 22 22 28 26 23 20 25 20 27 18 26 15 27 17 12 27 18 27 19 18 12 25 15 26 16 23 22 24 26 9 29 20 25 27 24 23 29 18 20 21 20 16 29 32 21 25 35 24 17 19 18 13 24 23 26 20 19 37 16 24 22 22 19 19 28 22 23 27 21 25 22 26 16 23 24 25 19 29 19 16 25 21 21 25 20 18 23 25 25 20 20 18 18 19 18 21 18 18 20 24 26 30 23 23 29 23 19 18 14 23 21 17 29 20 15 16 20 19 20 21 31 27 23 27 10 16 17 24 25 20 25 19 17 22 23 24 17 23 19 26 27 16 21 23 24 20 18 11 29 21 16 16 29 12 28 22 23 15 23 18 23 28 22 28 28 30 24 21 19 19 16 13 15 17 25 25 18 20 18 20 24 23 20 14 21 19 28 17 24 25 17 26 13 22 29 20 19 18 32 20 23 25 18 17 19 16 23 29 20 26 16 19 36 22 19 24 25 18 18 20 22 26 18 18 14 16 32 25 25 20 17 21 21 12 21 23 23 22 25 13 22 17 18 20 27 29 11 14 21 27 24 25 27 19 22 26 17 17 19 19 22 26 24 22 20 16 21 19 21 18 21 22 17 16 24 24 24 29 22 23 20 21 24 27 20 31 26 29 15 12 16 23 24 21 20 21 19 21 17 21 26 18 24 21 22 23 17 28 24 24 15 28 25 21 22 21 27 18 17 26 21 22 18 17 16 21 18 27 16 26 23 24 20 22 25 17 23 16 18 34 15 26 18 21 18 23 19 14 21 17 24 17 22 19 20 24 19 18 17 25 23 19 20 25 19 22 23 21 19 20 18 17 17 24 24 18 25 16 19 19 19 26 24 20 24 28 22 19 23 26 28 14 20 16 23 17 20 13 24 27 30 19 22 20 19 19 29 21 24 20 21 22 20 22 24 21 22 21 19 28 18 26 23 19 30 15 20 19 27 20 27 20 20 14 13 26 20 19 20 27 30 23 14 16 25 22 16 21 21 21 21 39 24 22 28 22 16 23 27 24 15 23 26 17 21 20 22 17 17 17 16 20 17 34 29 21 29 18 24 22 19 18 16 22 26 29 25 18 22 16 19 21 15 19 26 24 17 19 25 29 21 19 32 15 22 17 25 23 24 14 20 26 15 20 16 25 22 24 18 16 21 18 21 17 28 25 21 18 25 18 18 19 22 25 17 26 30 21 20 19 17 19 16 32 18 12 21 21 17 27 22 22 22 17 17 26 30 20 21 25 25 18 19 24 24 9 23 24 16 15 18 26 26 19 23 25 18 19 23 21 16 18 27 26 17 29 18 20 23 23 23 16 16 22 19 21 14 20 27 22 13 17 25 18 25 26 23 22 22 13 21 26 23 23 26 15 18 22 21 19 25 18 22 20 19 18 26 28 21 22 23 17 25 17 15 22 20 25 28 9 19 20 18 16 20 29 19 17 17 33 24 26 21 19 16 24 28 24 14 27 26 25 21 18 22 27 19 26 17 23 22 27 18 28 24 22 23 22 18 17 18 25 18 18 21 23 19 23 26 19 21 29 19 22 15 26 21 20 24 23 24 29 15 25 18 19 21 18 22 23 18 18 27 23 23 13 15 16 18 26 19 25 34 28 23 13 21 29 19 22 33 20 15 24 25 24 16 19 29 24 21 19 16 27 25 14 19 16 24 25 22 19 18 25 24 18 19 30 21 35 18 13 17 23 26 17 20 21 14 20 17 33 20 23 19 21 22 23 22 16 18 30 21 20 16 17 22 19 13 27 21 37 19 29 25 19 19 19 23 12 25 13 24 20 15 23 23 23 24 30 21 20 22 24 18 15 23 22 21 19 18 13 27 20 24 28 17 29 17 24 21 19 20 23 13 21 23 23 20 22 17 22 20 18 12 21 23 19 27 23 24 15 22 23 25 25 19 18 12 17 23 27 14 22 22 13 19 20 25 16 21 15 28 21 27 24 16 17 19 25 17 25 23 18 19 23 22 19 19 29 26 23 21 19 22 23 20 23 24 18 20 29 24 28 27 22 22 23 16 14 16 31 24 17 24 22 27 22 22 14 23 20 23 23 23 24 23 15 22 15 13 18 23 29 20 8 27 28 31 23 24 19 23 25 28 22 25 19 17 17 23 24 17 29 18 28 25 21 17 18 11 25 16 11 26 18 30 26 21 16 21 21 23 15 19 27 26 26 14 20 10 26 24 23 17 21 16 19 18 31 24 16 20 10 22 20 23 23 32 24 16 17 21 19 21 23 28 23 23 12 15 21 18 16 25 25 21 19 35 20 23 24 22 17 23 16 26 7 16 23 20 16 18 29 19 18 24 24 19 16 18 14 20 16 21 16 26 20 22 17 29 18 22 20 12 24 21 21 17 20 17 11 22 27 29 23 26 30 21 18 18 20 25 22 29 19 31 25 29 26 13 25 26 22 23 26 19 21 20 24 19 20 24 25 22 18 16 18 18 24 19 30 16 22 24 16 21 26 25 14 29 25 28 19 18 25 23 20 11 23 16 20 23 17 21 30 21 28 16 13 30 19 17 13 16 24 28 20 21 24 28 29 17 17 22 20 30 21 28 27 24 21 24 20 22 20 16 26 23 27 25 17 20 23 18 22 21 19 20 19 18 18 22 29 20 17 16 16 23 21 23 20 24 31 22 14 22 17 26 24 22 17 16 26 19 28 23 10 20 30 21 17 15 23 24 18 23 24 26 26 22 19 27 20 25 19 15 27 25 17 28 23 20 23 13 21 12 20 23 23 20 19 24 21 23 25 20 20 19 11 24 27 23 23 27 34 24 16 21 16 17 22 20 23 38 18 27 23 24 21 12 30 20 15 23 17 26 22 14 21 22 26 18 20 14 24 24 22 24 16 17 26 21 19 27 26 17 22 21 24 24 19 23 27 22 27 19 19 22 25 19 19 15 28 16 21 15 21 23 21 14 20 22 13 23 16 17 20 20 18 20 20 20 24 24 16 19 23 24 30 21 15 16 24 24 20 21 26 12 13 19 22 21 24 21 30 16 28 21 22 25 13 13 21 24 22 24 18 19 24 21 14 20 28 17 18 20 20 17 18 22 19 21 27 19 24 18 16 24 14 11 25 25 18 22 14 21 25 19 22 31 25 21 16 14 21 20 28 23 24 32 19 17 20 21 33 21 22 10 24 19 27 24 19 17 25 17 23 15 23 18 17 24 22 15 18 23 27 25 31 22 16 20 17 20 17 17 20 22 24 17 24 17 25 23 17 19 14 21 25 27 16 15 23 16 17 16 27 18 19 22 22 21 25 19 25 23 18 21 21 19 27 22 21 29 22 22 20 25 16 29 26 18 23 23 22 22 18 13 36 30 23 20 9 20 24 25 22 19 21 16 20 23 22 27 19 18 22 22 24 21 25 18 10 21 24 26 24 15 20 28 22 18 29 21 19 21 21 19 19 22 19 20 23 22 16 17 25 15 18 23 23 25 20 17 14 24 20 23 16 25 20 22 21 20 22 24 19 16 26 29 18 28 19 15 24 25 22 21 27 28 25 23 15 19 14 27 21 26 18 29 21 30 14 23 26 23 21 13 13 17 21 20 18 15 19 18 24 31 23 15 22 20 22 20 21 20 21 23 23 14 16 28 16 20 22 22 22 22 23 23 28 22 18 19 26 21 20 24 20 20 23 20 21 20 18 25 20 13 22 18 23 25 24 25 23 18 22 23 18 17 19 19 23 34 26 28 21 24 22 27 23 15 25 24 29 21 17 13 18 15 19 24 25 19 26 27 8 13 23 27 22 22 29 21 16 19 29 17 29 12 23 18 17 21 31 20 16 25 26 23 15 21 17 18 23 15 18 26 25 17 10 23 21 26 22 17 18 24 19 15 27 23 22 20 26 20 27 21 22 29 12 15 32 21 19 26 18 21 21 25 15 16 23 26 21 21 24 22 22 17 29 14 24 15 21 19 20 21 27 25 21 22 26 20 17 25 27 16 19 23 20 22 19 24 21 22 28 28 21 18 13 31 21 19 25 28 19 18 24 20 19 26 22 19 13 33 12 21 17 18 19 19 23 28 23 26 22 16 21 27 17 23 25 21 16 30 21 14 21 22 21 28 21 17 25 21 23 24 21 16 19 16 15 14 28 17 25 15 18 24 24 14 25 19 29 28 19 25 19 23 19 24 23 21 23 21 15 23 26 17 24 24 23 22 31 20 22 21 22 21 12 32 18 18 25 16 19 28 24 23 22 23 27 29 21 20 25 22 18 17 24 23 14 19 19 24 19 26 20 19 22 32 19 21 21 28 17 25 21 19 18 21 23 20 23 20 22 18 27 25 19 21 19 20 21 21 18 20 18 18 26 17 31 16 19 21 24 21 18 25 23 21 22 13 18 21 27 25 25 31 18 25 26 20 17 20 19 20 20 24 16 30 14 22 29 18 24 23 13 24 26 16 24 26 15 23 23 19 23 18 17 21 19 18 24 25 24 17 22 27 18 23 20 22 18 23 16 18 25 33 30 8 19 19 23 21 21 19 20 30 17 25 16 23 25 25 19 21 24 16 24 13 23 13 20 15 16 32 17 14 22 20 19 21 24 19 20 21 21 20 23 29 16 29 23 13 23 28 26 28 16 22 18 12 21 21 17 24 27 24 18 24 18 19 19 16 18 13 12 24 28 26 21 18 24 17 23 25 14 15 18 21 28 25 22 18 18 21 20 28 20 26 16 23 16 28 19 22 26 18 15 30 25 21 18 22 18 13 29 28 26 26 19 18 22 24 24 19 25 34 23 19 24 21 26 27 26 23 24 30 18 21 24 20 23 17 16 21 24 24 14 25 24 26 13 21 23 19 20 27 20 22 20 23 22 21 15 24 29 18 22 19 14 18 20 19 21 17 18 15 19 22 14 29 14 31 21 23 20 15 16 20 14 19 23 21 19 16 20 23 18 15 28 18 15 16 22 19 27 22 23 17 15 29 26 20 15 20 11 14 27 19 25 24 18 22 19 19 21 21 25 19 21 21 28 27 18 20 21 24 21 17 17 19 26 19 30 25 24 16 18 21 22 21 29 25 24 19 21 13 16 21 29 24 17 20 28 22 22 16 15 29 21 23 22 19 24 19 21 22 23 15 23 21 25 19 18 19 18 13 19 25 19 16 23 22 25 19 21 27 18 20 16 19 24 26 22 17 25 25 18 34 24 20 27 21 20 23 23 21 24 22 21 23 25 23 14 20 20 20 19 18 24 17 21 27 28 17 24 20 23 27 20 18 21 16 18 18 18 15 24 19 22 30 26 18 22 21 15 15 17 24 21 36 23 19 23 22 22 18 19 24 20 18 22 19 27 19 20 22 18 19 23 31 20 20 26 24 26 24 27 21 15 20 22 12 24 19 25 19 21 23 23 17 15 25 20 21 23 18 28 27 29 19 21 30 19 18 26 25 18 15 29 23 22 16 24 22 17 16 26 23 19 21 21 22 22 32 15 23 19 22 22 21 18 14 17 15 19 24 28 19 22 21 14 17 18 24 18 20 20 25 18 21 26 26 13 24 21 17 23 24 20 24 29 23 27 17 21 18 23 19 24 18 23 17 21 22 28 22 23 21 18 29 20 26 19 17 28 21 15 19 20 18 22 14 23 27 15 21 26 23 21 23 22 19 16 26 20 20 14 19 16 24 25 13 21 24 26 21 31 18 18 16 25 21 21 10 20 22 26 15 19 21 16 25 17 15 14 28 15 16 21 27 23 21 34 17 12 21 27 21 21 19 21 24 24 14 17 21 18 17 26 18 25 21 22 22 22 21 25 19 22 26 20 18 24 28 25 22 22 22 22 22 13 27 26 21 22 19 30 21 22 22 24 21 26 21 16 35 18 27 26 17 15 31 17 17 14 21 28 16 18 20 19 18 22 23 15 30 23 26 22 13 24 23 21 23 25 27 20 19 19 27 16 20 21 21 19 31 21 23 12 16 28 21 22 23 24 25 24 13 24 27 23 24 20 25 18 26 25 20 18 17 29 28 21 26 23 30 23 25 10 25 24 25 21 25 25 27 20 23 17 19 22 18 18 23 22 22 26 32 25 19 17 16 27 27 17 19 17 19 22 14 17 30 20 30 20 21 23 20 26 21 24 23 25 15 12 25 25 21 25 20 33 19 29 20 19 17 23 23 18 20 23 26 23 23 23 24 17 17 16 24 27 21 19 32 19 29 26 22 15 14 27 19 26 34 18 23 16 28 19 24 14 22 15 15 23 27 22 26 15 13 21 24 19 21 23 18 22 21 29 25 15 19 20 26 24 22 23 28 31 14 20 21 17 22 16 24 19 17 21 14 20 28 17 33 18 24 20 35 22 16 23 20 21 27 18 20 22 19 13 25 20 19 24 22 15 20 22 22 23 29 20 14 25 20 21 23 18 23 28 23 13 28 25 21 18 24 19 16 18 21 14 25 31 16 16 28 14 23 18 13 22 17 17 27 19 21 31 15 16 21 25 17 23 15 23 26 19 25 18 21 21 20 14 20 17 20 20 17 21 20 20 19 22 16 18 18 19 19 17 24 21 25 21 29 20 24 20 17 15 20 23 27 25 20 25 24 14 23 19 23 23 25 16 26 18 18 17 24 21 20 22 24 19 25 24 21 19 25 28 30 23 14 19 14 22 27 33 17 21 25 23 30 22 18 22 13 20 24 22 23 13 17 18 23 21 22 36 23 22 26 18 19 15 29 19 19 18 19 17 16 11 33 20 23 20 19 18 13 22 22 20 22 15 24 27 24 20 16 24 15 14 25 15 23 19 23 28 29 27 22 18 22 14 24 17 22 19 24 28 20 17 16 14 22 20 30 24 17 22 22 28 12 22 23 17 20 19 22 21 28 18 17 17 17 18 30 23 13 21 27 24 22 18 18 15 15 23 16 23 26 20 26 18 22 26 30 25 19 18 15 21 25 15 17 28 14 22 23 20 22 19 12 21 20 23 24 28 16 20 33 20 18 19 18 29 20 21 23 19 25 25 16 22 28 21 26 28 13 23 22 18 26 16 21 21 19 21 25 30 27 22 24 26 22 15 25 17 16 21 28 21 19 8 27 24 23 21 17 16 20 29 22 24 24 26 19 24 17 16 16 28 22 24 20 24 27 23 18 18 15 15 34 19 25 23 13 25 29 29 20 28 23 22 11 26 21 18 31 27 16 14 17 19 16 26 18 25 30 27 19 20 22 22 22 18 18 17 24 27 23 13 25 26 26 17 31 27 19 26 15 15 18 18 11 23 25 22 20 25 14 30 22 24 26 17 21 23 28 18 21 36 20 20 24 20 18 19 22 21 25 30 20 21 16 31 24 20 22 15 22 23 24 20 27 20 27 16 17 20 22 24 28 17 13 16 19 15 21 27 23 13 25 17 22 29 23 24 20 22 16 12 20 24 21 24 20 23 24 29 21 15 22 19 27 24 22 20 22 27 22 17 22 26 18 24 16 22 24 17 22 19 15 19 23 26 23 25 20 16 23 18 20 16 19 14 24 25 25 18 29 19 24 25 16 29 19 19 21 16 17 18 23 31 11 24 28 20 20 22 34 15 23 20 19 22 33 22 18 16 21 16 18 17 26 29 22 17 22 27 23 23 23 19 19 18 25 16 16 16 20 26 23 18 21 21 20 27 23 20 29 19 19 22 24 19 25 17 16 24 27 15 28 18 27 22 20 21 21 15 27 21 21 25 22 26 18 19 31 25 24 24 23 28 24 26 17 11 31 31 29 21 24 21 17 17 22 17 32 11 23 26 30 27 18 23 22 22 16 18 21 22 15 25 15 23 23 19 25 14 27 17 30 17 22 22 21 15 19 17 24 26 22 23 27 19 26 22 26 27 29 22 25 26 16 18 15 20 19 20 27 24 14 18 26 28 19 23 17 17 19 15 23 34 27 20 20 27 25 20 18 26 23 20 27 11 25 23 21 22 20 17 22 24 26 16 22 13 21 29 19 30 21 22 15 22 21 25 17 27 31 22 21 23 14 22 18 19 16 19 20 32 25 20 20 24 20 24 20 21 20 19 20 20 21 17 22 21 19 23 17 25 26 28 20 24 26 16 17 24 28 24 27 17 16 22 21 19 20 29 15 20 21 20 19 25 18 20 21 26 20 16 18 28 17 25 22 28 22 16 16 16 24 24 22 11 32 23 20 27 25 20 19 21 16 24 21 21 19 18 19 23 16 18 23 24 16 22 23 16 23 19 19 26 15 27 21 27 14 24 19 21 23 15 17 20 33 30 16 26 25 23 26 25 22 24 18 19 26 22 25 23 18 17 26 25 25 18 27 21 17 22 19 19 22 24 24 25 23 14 25 21 16 31 18 18 24 24 26 24 18 27 14 23 20 17 26 26 23 23 19 17 20 25 29 24 25 25 18 16 17 27 31 16 28 24 26 18 23 22 17 24 17 20 16 30 23 17 25 19 18 26 20 21 13 26 27 20 12 15 26 17 24 23 18 19 25 18 30 15 18 25 17 30 25 20 20 18 13 22 17 23 22 23 19 22 20 22 24 17 20 23 23 14 17 20 23 22 14 22 16 17 22 21 19 22 25 17 18 20 20 28 29 20 13 18 26 19 21 13 20 19 26 22 19 19 21 29 17 14 18 24 20 26 17 27 21 13 15 23 20 22 23 20 16 20 19 23 23 24 31 21 21 21 19 17 27 21 20 22 16 26 18 19 21 22 24 16 22 17 21 25 22 27 13 19 22 17 31 20 31 13 24 27 19 27 20 18 21 29 25 30 16 24 16 17 18 16 22 26 14 24 27 19 23 20 24 21 17 23 19 22 18 23 23 20 26 22 21 22 20 26 20 24 24 18 20 19 25 26 19 18 14 11 23 14 22 17 23 17 26 20 21 28 18 18 20 19 15 36 28 20 22 25 15 25 20 21 20 25 26 26 20 25 19 19 14 23 21 17 25 20 23 24 19 18 16 22 21 21 18 22 24 26 18 24 27 19 22 19 23 17 20 25 18 12 26 26 21 19 18 28 20 12 28 27 22 19 23 23 22 21 20 27 20 21 14 20 22 12 17 22 23 21 22 21 15 17 29 24 25 24 21 24 21 15 20 16 21 21 20 28 24 18 11 20 26 23 21 24 20 21 24 17 21 26 17 15 22 20 33 25 22 26 20 11 20 17 20 23 21 23 14 16 23 20 29 21 17 18 22 20 21 22 19 17 22 24 26 20 18 16 21 28 11 24 26 22 14 24 26 18 20 17 20 18 27 20 19 20 20 22 24 20 20 30 21 17 25 22 19 28 18 16 18 26 15 28 16 16 22 21 17 28 16 32 21 30 14 21 29 28 22 14 23 19 23 18 21 21 19 20 22 21 23 23 20 21 23 21 26 26 18 13 21 29 20 23 22 30 30 24 24 20 15 14 22 21 25 23 17 22 20 19 22 22 25 24 23 19 29 18 28 22 23 18 21 22 17 24 20 28 25 25 24 18 22 23 19 8 21 20 24 21 26 29 22 30 29 11 18 26 25 25 16 20 16 19 23 22 20 25 25 27 17 19 24 26 24 23 23 25 16 25 10 17 24 15 29 21 26 20 34 19 22 25 28 21 15 20 24 30 26 22 25 26 18 19 25 28 16 16 15 21 16 16 22 19 23 28 20 22 22 27 16 20 18 26 20 21 20 19 26 28 21 17 26 26 17 20 21 21 17 20 23 17 30 25 20 18 22 20 28 21 19 18 18 22 19 24 15 20 24 20 20 21 23 19 13 16 14 15 18 19 27 23 24 20 22 19 14 24 21 24 15 19 24 18 34 32 27 17 29 20 25 25 18 18 21 19 22 16 24 27 25 24 20 19 21 26 24 19 14 27 24 18 20 16 21 21 23 29 19 25 24 18 23 11 26 17 13 27 19 23 15 22 28 23 21 23 28 19 21 16 21 15 19 20 19 21 28 26 22 18 30 20 25 16 25 20 16 20 29 20 13 17 11 18 28 23 24 20 28 27 21 19 25 19 20 23 18 16 21 25 12 16 25 22 14 23 16 20 25 20 21 19 22 21 20 31 10 23 19 23 20 22 27 24 25 19 22 18 12 26 21 27 17 25 20 26 26 21 27 20 19 19 26 15 22 26 18 19 21 13 20 26 17 23 24 24 23 18 9 18 27 27 17 23 17 27 22 24 24 26 16 22 20 19 23 15 25 22 16 19 16 19 21 23 24 19 31 25 20 16 22 21 26 17 29 17 21 23 17 20 21 20 21 19 16 28 20 27 15 21 19 17 15 21 14 24 20 27 28 15 12 25 35 21 18 23 23 17 26 20 22 14 26 33 23 19 26 19 12 20 20 17 18 27 19 14 17 22 18 28 17 21 34 28 26 23 16 21 20 29 16 32 20 19 22 18 20 16 26 23 17 27 24 21 23 22 23 13 24 16 18 18 19 20 27 24 15 21 28 17 22 27 18 19 18 22 20 17 14 22 14 18 19 19 27 23 31 13 23 21 25 15 27 22 20 14 27 23 19 27 22 24 24 21 22 31 15 22 20 19 21 22 25 16 24 21 17 13 24 14 27 23 26 18 31 30 17 17 11 28 22 24 21 19 30 21 21 22 19 25 27 15 13 13 18 15 14 19 28 26 14 23 23 24 23 20 26 24 28 22 19 16 27 19 16 28 23 18 27 25 17 19 15 14 12 24 20 15 27 23 20 17 32 21 21 17 27 27 14 16 27 22 24 25 19 26 14 16 23 24 24 16 21 27 23 20 9 19 21 24 23 25 21 23 17 16 29 22 17 15 22 16 29 24 25 22 25 23 17 13 13 22 19 9 25 25 33 22 25 19 15 12 24 23 19 14 23 26 18 13 25 20 23 25 28 18 21 11 18 17 35 20 12 16 20 23 18 29 17 15 20 20 17 22 24 18 18 16 22 21 28 29 20 24 25 20 12 22 17 28 25 18 24 21 17 21 20 24 16 19 19 29 25 30 23 29 15 22 22 16 21 18 36 12 25 15 11 20 32 21 20 25 26 25 19 22 25 23 17 26 23 22 21 23 20 17 21 26 18 26 18 14 16 20 22 16 13 31 31 23 22 22 18 25 18 26 21 30 25 21 14 22 20 19 20 29 16 20 13 16 19 24 16 20 22 21 20 18 28 23 22 24 22 23 19 20 15 27 25 28 20 23 11 13 26 20 24 20 23 19 27 14 21 22 27 23 25 16 17 32 15 17 23 14 32 13 28 19 21 27 27 22 16 19 21 7 18 19 19 29 24 20 18 28 22 22 17 23 24 16 15 24 19 24 17 15 20 27 22 17 20 33 20 17 15 21 27 19 21 24 27 24 18 26 21 22 19 21 28 20 24 17 15 21 25 21 20 17 30 28 17 20 18 29 21 27 17 21 22 22 17 14 16 21 22 26 23 22 16 22 26 22 17 29 21 22 25 20 13 22 21 21 17 20 20 18 27 19 33 29 16 27 23 23 22 25 24 28 22 22 19 22 16 23 15 21 23 27 15 16 22 19 21 22 20 19 17 29 18 25 28 28 21 24 16 19 29 16 30 20 22 25 18 23 9 28 25 18 17 28 23 20 28 20 21 20 20 21 20 19 17 23 21 23 20 27 23 29 20 16 27 25 22 25 21 29 18 29 22 18 23 29 15 19 18 22 27 19 19 18 14 17 18 29 31 25 22 28 20 21 16 22 22 16 35 17 22 26 19 22 24 17 14 23 16 25 15 21 27 25 30 24 24 24 19 30 24 19 24 16 20 26 18 16 31 16 24 15 17 20 25 23 27 16 10 26 18 16 21 20 26 19 29 27 16 19 26 13 23 17 27 23 13 25 23 27 23 23 26 19 19 18 10 19 24 21 25 26 16 18 23 18 12 22 20 19 21 22 21 18 28 23 21 24 16 16 20 23 22 34 28 17 12 22 23 18 26 17 15 16 22 21 27 11 26 29 17 10 24 19 25 22 18 18 25 19 24 31 26 23 21 16 18 12 16 22 16 14 21 25 23 21 28 22 23 11 24 22 27 22 15 25 20 23 23 21 22 29 23 23 18 18 28 16 20 20 14 17 27 21 25 30 22 17 25 19 25 14 19 25 27 23 24 22 17 20 28 25 23 31 14 20 25 16 17 29 27 23 17 25 17 18 26 23 24 19 17 17 20 22 24 21 25 21 18 29 16 17 16 12 15 21 27 22 25 24 17 27 20 28 19 15 23 15 23 18 27 16 22 19 22 22 28 19 27 20 19 25 19 17 17 22 20 21 24 22 20 20 24 22 25 17 24 27 22 27 26 26 24 17 23 23 20 22 20 22 14 23 17 23 18 21 14 18 14 27 21 23 22 20 17 20 25 18 21 21 18 24 32 17 20 20 24 18 18 17 18 25 23 22 25 35 24 19 13 26 25 20 18 23 23 20 31 25 20 26 25 17 16 33 18 21 28 27 19 26 19 14 18 17 28 26 30 14 24 16 23 20 23 16 17 19 21 18 20 24 29 13 24 21 34 16 20 30 22 17 14 21 14 22 21 18 17 27 22 23 20 21 25 22 16 27 29 11 24 29 20 25 26 18 26 23 22 27 23 12 25 22 22 24 19 22 22 13 25 32 18 15 30 16 14 18 19 9 23 21 17 21 25 22 21 26 15 24 20 19 20 21 11 20 8 23 26 19 18 18 21 26 25 27 26 17 18 18 19 21 25 19 27 14 26 15 20 24 20 22 16 27 21 22 22 21 26 21 19 24 18 23 15 23 23 27 15 24 22 22 20 21 20 17 22 14 18 20 22 16 15 16 24 24 20 21 24 29 21 23 15 22 16 19 21 17 20 21 16 22 21 14 19 17 18 25 16 23 23 21 25 21 29 19 10 24 20 20 32 22 18 13 22 17 20 22 25 19 17 14 31 22 30 12 25 25 30 19 19 24 17 21 17 19 19 28 20 18 20 29 13 23 19 21 17 28 20 17 19 24 24 28 25 22 21 14 25 15 19 23 14 20 18 24 26 21 26 19 15 25 28 29 19 22 20 16 27 17 27 33 25 24 19 14 30 19 16 24 22 20 26 20 23 18 20 22 25 21 21 27 21 21 24 18 15 21 18 19 20 22 20 30 17 30 18 24 21 20 22 19 24 19 20 21 18 15 24 21 21 19 14 24 17 12 24 13 20 20 25 23 23 19 27 25 22 24 21 29 19 24 22 13 17 25 19 21 24 25 27 22 22 22 27 19 17 20 27 19 21 21 18 20 16 25 20 30 26 21 15 19 24 22 15 24 21 22 22 21 26 16 23 29 31 18 15 25 19 10 23 17 15 22 26 36 19 18 22 15 22 25 20 21 14 19 18 20 25 19 16 22 20 19 33 25 19 21 22 15 24 21 21 20 20 18 11 20 24 19 22 16 14 30 24 20 19 17 14 31 28 22 19 23 17 24 26 27 21 14 26 21 27 16 19 21 13 15 18 21 12 23 20 14 21 24 26 17 23 21 20 21 25 21 24 18 21 25 23 18 21 16 31 25 23 23 17 18 15 17 26 18 14 28 22 17 16 22 30 21 23 22 23 21 26 23 13 16 21 26 20 27 25 19 18 21 24 21 20 27 15 25 25 21 24 15 25 19 17 32 18 22 18 18 19 22 24 27 27 15 18 23 24 21 19 24 17 23 26 25 21 28 18 20 23 27 22 20 22 22 20 20 12 20 23 21 18 15 27 20 21 25 26 26 22 22 23 19 18 20 23 25 18 16 20 19 18 17 22 18 21 22 19 19 23 19 22 19 27 16 19 31 19 17 26 20 16 18 21 22 20 20 23 21 25 16 24 20 20 21 21 22 17 18 20 30 19 19 24 23 26 22 21 21 24 12 22 23 18 20 30 20 25 31 23 24 21 19 21 23 20 26 23 21 19 20 21 23 19 25 11 14 23 24 28 24 27 20 22 11 24 16 19 25 17 21 19 20 27 15 19 35 18 27 22 23 20 19 19 27 27 28 17 29 22 29 22 19 33 13 21 23 20 18 14 20 18 13 22 20 21 24 22 19 18 26 23 23 30 21 19 18 22 25 18 18 22 23 23 34 21 25 21 30 20 18 22 19 19 29 20 21 23 22 17 15 21 23 23 16 13 24 16 19 23 30 17 20 12 20 19 15 21 17 28 13 20 24 23 18 24 17 20 17 21 19 18 12 24 27 25 26 25 16 19 21 15 19 25 21 20 24 21 24 22 23 19 24 22 14 18 18 18 14 30 24 26 27 27 15 21 13 22 31 19 27 21 21 13 23 26 24 17 25 19 21 24 30 23 23 18 17 28 24 24 21 30 13 14 22 21 17 18 21 21 30 16 25 30 19 18 27 26 18 22 25 22 22 19 22 13 26 30 17 27 19 29 13 26 24 11 39 15 19 18 23 20 20 18 21 19 12 27 25 24 23 18 20 29 18 22 15 23 25 23 20 19 27 24 25 24 20 27 13 28 15 26 25 22 17 20 15 17 21 22 23 31 22 19 21 22 19 23 29 24 18 15 27 29 25 23 16 21 17 25 28 20 26 23 16 22 29 14 19 23 21 21 19 17 21 21 27 17 23 14 21 27 29 21 18 29 22 12 20 14 15 25 16 26 26 28 21 27 23 19 23 21 28 24 25 22 15 22 27 27 22 25 22 21 25 21 17 25 17 21 19 23 24 18 19 22 27 17 22 25 35 15 16 15 21 17 21 28 30 29 20 27 18 22 22 16 21 23 34 20 28 26 21 18 16 21 20 19 34 14 29 19 21 22 23 16 22 15 20 21 19 28 23 24 17 16 17 25 32 26 22 25 17 13 21 20 21 22 28 18 22 23 25 19 24 17 21 19 23 20 16 25 21 17 22 20 17 15 23 26 25 29 26 23 24 26 21 14 19 23 25 19 12 24 30 17 24 35 28 13 20 19 20 20 19 16 25 27 23 21 20 16 17 22 16 23 23 31 19 20 23 17 22 20 24 21 22 19 21 20 18 19 20 24 29 31 19 25 22 19 18 16 14 28 22 20 12 18 24 20 13 22 29 22 28 20 30 25 25 15 19 18 17 28 16 26 17 20 28 14 27 15 20 22 27 26 26 20 26 24 17 29 29 24 20 22 19 21 23 10 15 17 24 29 17 18 26 26 19 22 22 22 22 18 24 28 26 18 19 24 21 29 27 23 15 17 13 30 22 17 14 31 24 19 27 17 17 18 25 24 13 25 28 12 20 13 19 18 19 20 20 17 26 17 23 26 34 23 15 22 23 17 22 21 21 19 23 15 18 21 19 15 18 19 16 24 25 12 25 21 25 21 15 15 18 24 16 25 21 23 24 30 27 18 20 28 20 15 19 25 24 20 22 25 22 19 21 27 27 20 17 17 23 28 19 26 13 27 18 20 19 25 18 20 29 14 21 19 19 17 28 12 25 21 22 27 24 28 17 23 26 17 31 18 16 20 23 16 24 29 20 17 17 7 24 16 12 22 20 24 24 22 20 26 29 18 22 17 19 12 18 22 16 25 23 13 14 25 23 21 16 30 21 25 29 17 23 22 24 23 22 21 28 25 19 19 24 29 20 14 21 21 21 21 16 18 20 29 18 21 17 23 17 26 27 23 24 24 23 22 17 16 19 19 22 14 17 30 20 22 28 23 22 17 23 29 26 26 20 24 19 14 19 23 25 21 17 24 28 21 21 23 19 16 21 15 23 21 25 24 19 18 23 12 19 21 20 19 28 21 17 14 14 15 23 28 22 21 31 30 18 24 28 29 25 16 19 23 19 21 22 12 19 16 17 26 21 27 21 26 24 26 23 22 22 17 20 21 27 19 21 26 20 20 15 26 23 22 23 21 23 21 21 25 17 23 21 27 14 25 18 20 21 25 22 23 16 15 29 26 20 27 20 26 23 13 25 20 19 15 21 16 27 29 17 29 29 19 26 23 20 22 23 22 16 25 17 14 28 22 26 21 26 25 19 18 17 15 20 18 14 22 18 19 17 19 24 21 21 19 16 17 23 23 20 17 19 26 18 17 19 23 24 21 21 17 22 25 22 26 21 22 15 23 16 28 26 21 22 25 21 18 18 21 16 17 18 30 16 20 20 23 22 20 27 24 20 19 19 20 28 26 22 16 21 12 19 23 19 23 17 24 27 18 25 26 26 23 20 25 16 22 17 13 25 13 28 15 23 29 23 26 21 13 18 28 20 19 25 23 15 21 25 21 17 27 20 23 22 23 24 18 18 27 19 22 20 18 23 20 20 16 16 25 25 20 22 24 24 21 20 21 25 24 24 24 20 14 15 16 21 25 25 25 23 23 26 25 25 25 14 22 21 19 16 26 22 28 20 21 18 17 28 17 8 21 28 25 21 16 19 24 29 19 20 17 29 17 19 29 18 25 26 19 23 20 27 26 18 19 23 19 17 22 15 25 24 20 26 24 14 22 21 19 22 27 18 19 23 27 18 27 25 15 27 19 20 20 25 12 28 18 20 11 19 23 15 25 21 25 21 14 22 25 29 15 23 20 16 25 18 19 21 20 28 25 13 29 16 20 14 15 27 23 24 26 26 17 19 20 22 25 19 22 25 15 14 26 24 19 17 21 23 26 20 22 21 21 17 22 20 26 23 19 19 26 22 29 13 15 22 30 20 20 22 24 26 25 16 17 26 16 28 18 28 20 14 19 17 16 20 19 18 18 20 27 22 22 32 21 20 23 24 16 21 23 24 24 19 21 24 21 19 22 22 29 21 22 21 16 16 22 18 19 12 27 31 24 15 21 26 27 25 16 20 23 24 19 19 33 22 18 16 13 29 22 24 25 19 1518 13356 22829 15982 5441 992 53 0 0 0 1 3 3 9 12 32 47 29 66 73 76 74 70 58 61 66 71 56 67 77 80 65 48 62 99 64 68 62 95 108 78 59 49 39 50 48 70 60 31 71 159 246 692 1482 2323 2749 2661 2914 3837 4791 5461 5939 6566 6007 4511 3098 1044 70 10 9 18 9 26 38 52 61 61 83 62 57 72 59 57 62 48 65 51 91 86 74 39 46 61 68 68 61 44 59 108 115 103 108 89 48 47 62 60 60 80 108 375 1125 2130 3095 4053 5452 6441 6557 6753 6174 4740 2967 1715 1242 665 218 43 9 23 42 50 48 56 61 66 77 71 81 64 60 79 71 70 57 42 30 57 63 85 62 52 69 95 70 43 66 54 63 48 46 76 110 107 121 333 1079 2040 3073 4183 5120 6124 6563 6493 5591 4646 3933 2550 1035 308 64 13 31 28 36 58 53 51 42 55 65 43 76 60 53 79 71 79 85 56 84 54 46 67 91 44 58 59 37 67 106 78 68 69 116 72 39 48 57 60 51 52 79 194 709 1922 4309 7013 7377 6435 5612 4955 4125 3686 3469 2452 761 66 3 14 16 61 46 34 45 73 51 63 53 62 86 68 94 69 81 43 46 57 73 78 62 58 54 70 49 79 65 60 91 65 92 144 115 287 933 1753 2830 3718 4378 4765 5308 4975 4876 5097 4875 3622 2646 1625 850 382 86 15 24 30 41 41 52 71 82 63 86 60 62 32 58 59 82 87 51 49 20 26 69 140 84 98 82 63 54 37 70 75 100 69 80 123 108 64 51 58 67 55 20 63 108 97 76 89 343 1423 3211 5290 7292 7886 6793 6623 6839 4602 2297 780 146 8 2 4 18 21 16 28 64 49 69 70 80 88 56 42 70 76 54 72 43 38 75 62 32 59 59 89 71 86 106 48 23 58 41 72 85 128 98 130 445 1306 2284 2871 2730 2665 2897 3180 3539 3875 3998 4209 4813 5185 4955 3371 1230 186 14 21 36 34 24 29 70 55 46 65 70 50 56 37 67 95 61 54 58 57 95 57 69 38 50 46 65 73 90 66 93 121 140 407 1130 2072 2988 4078 5278 6291 6556 5881 5255 4845 3632 2091 1075 501 113 18 9 28 51 30 57 72 45 50 75 62 92 75 47 46 72 51 68 48 49 72 42 65 67 53 49 64 77 53 77 66 69 56 65 103 57 67 92 79 93 88 85 258 979 2067 3115 4315 5661 8068 10281 9120 6216 2546 538 142 18 0 8 13 12 21 28 51 82 71 66 84 62 57 70 57 45 61 69 46 59 69 57 33 58 83 88 77 66 56 57 53 49 73 143 58 64 105 90 48 77 80 80 52 57 50 76 98 90 55 96 478 2251 5696 8743 9175 7557 5833 4815 4021 3198 1560 243 10 4 8 8 21 30 44 62 67 61 73 84 63 75 61 38 47 70 61 58 77 79 58 43 44 65 72 99 54 58 74 74 81 46 78 76 57 81 107 78 40 148 517 1329 2319 3170 3372 3341 4000 5454 6556 6176 5258 4659 3703 2204 703 68 11 13 31 45 49 42 52 51 66 85 39 52 33 45 54 65 58 52 77 90 69 54 51 56 75 44 65 117 106 70 53 54 58 55 67 59 92 67 119 88 74 81 156 622 1777 3096 3757 4617 5722 6656 7249 6803 5586 3949 1900 556 52 3 6 17 32 27 25 41 63 72 62 65 76 75 41 68 79 41 45 62 58 38 34 53 67 67 101 135 77 87 79 88 85 81 47 80 54 61 52 42 99 125 77 51 79 74 87 101 231 906 2346 4326 7157 10035 10354 7206 3806 2296 1729 1230 779 367 77 12 24 20 23 29 45 93 59 42 70 64 51 39 54 70 53 65 62 54 89 98 60 61 44 53 87 90 101 50 37 52 100 59 67 63 54 71 102 165 590 1712 3416 4970 6498 8008 8345 7161 5805 3663 1702 660 95 8 9 10 16 30 45 38 40 52 55 80 106 54 55 70 33 59 71 53 70 81 77 48 66 49 54 58 50 53 88 103 88 78 56 61 38 81 98 83 64 88 53 319 1097 2637 4494 6087 7489 8122 6590 5063 4033 3339 2271 1073 181 9 5 10 22 29 50 64 53 48 33 54 55 65 52 78 60 74 71 42 79 42 62 85 90 90 39 39 51 58 133 104 64 43 62 59 66 49 64 107 73 61 87 51 48 75 148 766 2391 4577 6815 8041 8279 7528 5662 4082 2974 1280 203 8 3 7 6 15 45 53 56 65 65 44 81 75 96 74 67 58 75 76 43 38 25 88 81 57 102 80 44 36 78 80 76 67 79 102 108 93 34 28 36 137 574 1575 2671 3788 4892 6282 7486 7664 6856 5485 3365 1238 277 36 4 7 15 28 42 42 57 69 45 55 56 71 65 57 45 53 60 78 56 44 66 76 73 90 47 65 45 71 74 97 89 72 46 38 57 58 97 62 59 61 226 982 2420 4385 6563 7478 7236 6995 6374 4929 2704 1173 698 272 50 11 11 24 39 64 49 76 61 68 52 63 63 70 68 66 80 59 42 32 61 53 45 45 66 102 59 81 60 91 114 93 32 31 86 61 101 128 102 299 890 1796 2856 3995 5262 6379 6367 5878 5469 5172 4184 2644 1341 396 53 6 15 10 19 36 64 70 47 54 91 81 44 56 54 52 64 53 54 72 75 76 90 87 64 50 60 56 39 53 84 67 75 193 584 1378 2266 3194 4166 4786 4845 4851 4490 4449 4224 3739 3479 3066 1847 904 447 120 41 48 26 41 42 68 58 62 58 49 75 70 108 80 72 68 31 38 63 76 62 52 64 66 53 82 84 88 86 63 68 73 58 25 30 64 71 112 121 111 294 930 1955 2583 3075 3612 3882 4634 5817 6343 6417 5948 4767 2342 547 60 11 15 28 27 53 57 49 59 47 36 77 52 64 34 44 102 26 40 50 66 63 85 91 92 83 60 66 41 76 41 79 77 79 101 95 30 74 83 73 263 863 1720 2723 3425 3925 4452 5001 4854 4792 5247 4976 4010 3151 2266 1248 401 71 40 22 18 30 44 41 66 56 58 45 73 93 68 59 54 55 66 38 12 32 114 83 91 62 77 44 45 46 66 112 105 95 75 51 67 40 35 97 60 80 57 82 102 307 1186 3648 6532 7849 8285 8224 6923 5221 3192 1404 493 93 3 4 12 12 27 51 55 73 66 80 96 55 71 59 42 37 53 82 50 57 65 76 68 51 78 52 71 92 83 97 94 72 84 41 24 40 72 90 107 71 63 63 88 307 1123 2227 3371 4207 4963 5738 6822 7415 6689 4767 3183 1654 639 86 12 18 23 28 23 34 66 74 73 69 74 61 78 69 45 46 75 78 45 54 43 60 72 70 86 81 63 49 67 80 64 83 79 74 72 50 81 48 76 56 89 245 789 1630 2703 3762 4365 4977 6290 7794 7699 5418 3274 2282 1285 444 68 18 13 27 26 42 49 46 44 65 72 84 61 62 77 46 59 39 63 46 47 64 55 38 67 49 80 68 59 78 113 50 64 84 80 102 51 48 42 140 596 1543 2570 3734 4771 5990 7224 7245 6151 5016 3487 2052 1315 739 259 45 17 23 39 32 40 28 81 76 60 55 51 57 49 78 91 45 41 51 59 74 78 84 84 68 92 72 89 89 91 68 64 100 65 30 37 81 92 48 65 67 123 83 73 68 85 173 693 1708 2925 3931 4649 5873 7390 8054 7336 5398 3376 1606 434 81 7 4 21 29 55 37 54 46 56 79 59 46 52 76 57 72 61 32 71 67 34 89 123 54 46 75 88 49 33 54 63 89 91 60 54 93 75 87 62 114 347 765 1311 1994 2457 2507 2885 2985 3343 3774 4044 4740 6184 7235 5440 2210 457 26 12 33 38 28 39 60 57 31 47 43 66 91 52 65 75 57 52 75 70 66 79 74 77 84 83 80 64 32 37 68 78 96 76 56 76 64 86 66 77 67 39 98 81 75 114 326 924 2578 5047 7090 8511 7939 5988 4479 3720 3187 2043 925 194 20 9 17 28 39 43 50 50 63 51 48 39 81 84 96 85 87 46 34 46 42 62 73 56 87 70 68 66 75 75 88 103 87 89 34 35 43 98 82 59 121 211 789 2675 4743 5898 6290 6666 7074 7247 5620 3372 1608 408 27 0 5 15 26 36 41 46 51 58 53 70 94 48 77 70 54 54 75 64 66 67 79 60 50 61 46 35 60 93 110 73 86 92 56 53 50 47 48 88 64 167 561 1286 2207 3205 3904 4101 4820 5477 5637 5315 4649 3870 3671 2697 1317 427 60 27 21 31 31 38 56 70 54 73 80 54 65 69 65 54 32 55 57 41 79 42 38 91 76 75 73 52 44 66 75 100 86 50 33 68 42 71 137 157 84 77 125 369 1062 2122 2814 3707 4657 5207 5259 5273 5505 5115 4044 3459 2563 1399 459 72 28 23 25 45 54 61 37 56 51 48 58 77 56 47 54 54 72 32 72 66 91 71 77 76 40 62 77 73 102 71 55 78 102 74 87 60 78 105 60 57 70 79 69 63 105 272 934 2026 3224 3981 4601 5097 5265 5184 5372 5054 4611 3512 2172 1132 538 180 31 20 27 35 49 53 43 41 50 56 72 87 92 48 35 61 59 63 65 32 41 86 91 71 98 131 70 68 64 64 79 40 45 58 62 94 52 56 68 182 609 1636 2646 3530 4265 4411 4046 4038 4650 5590 6177 5506 3698 1711 626 95 28 24 5 22 26 47 28 51 59 52 64 65 49 69 74 87 61 53 22 41 46 57 106 95 54 68 51 75 80 69 83 51 43 57 67 157 493 1204 2228 3515 5209 6889 7177 6043 4923 4395 4139 3543 1978 794 176 14 12 23 19 22 36 40 73 95 73 73 81 67 55 51 59 88 61 42 57 62 68 81 56 33 69 76 62 79 74 66 66 25 45 71 74 96 110 130 425 1075 2035 3102 3634 3404 3382 3501 3808 4286 4496 4709 5006 4548 2828 1657 886 346 62 22 15 32 46 68 56 84 57 60 48 57 66 65 48 37 24 68 100 73 54 96 81 67 75 51 68 81 70 136 90 61 42 38 64 97 106 74 49 72 75 81 88 84 161 547 1879 3680 5558 7498 8239 8034 6650 4636 3535 2400 719 94 11 14 23 22 16 47 80 53 68 69 76 67 59 48 48 75 63 71 59 92 76 99 46 73 59 70 61 56 69 58 36 92 99 87 93 47 49 61 94 220 784 1563 2682 3828 4678 5585 6610 6563 5938 4899 3947 3232 1946 469 31 9 16 14 23 45 57 55 59 64 72 41 57 65 53 75 54 44 80 55 78 47 49 47 60 62 18 54 90 102 84 95 84 80 56 46 53 49 58 59 83 79 69 52 62 207 796 2027 3876 5479 7198 9150 9835 8062 4367 1669 467 67 3 4 13 18 25 39 47 40 44 56 111 95 52 42 66 75 76 68 57 69 42 69 72 60 71 113 107 96 69 54 78 75 96 63 43 48 79 96 84 86 85 84 57 104 417 983 1662 2559 3690 4916 6037 6810 7264 6803 4884 3149 2243 1442 429 27 9 22 17 25 60 38 38 63 51 69 83 79 62 88 56 65 50 62 62 62 61 64 59 70 46 88 72 61 66 85 103 69 66 105 89 63 80 93 80 42 50 96 257 1123 2635 4218 5543 6539 7787 8250 6505 4875 3332 1504 321 27 6 9 12 11 26 53 34 40 68 71 69 61 70 85 50 78 43 59 67 61 55 86 60 56 59 106 103 65 77 59 82 58 48 48 88 89 94 46 50 92 87 45 69 87 96 434 1303 2451 3737 5401 7330 8356 7548 6003 4418 2659 1504 930 562 177 18 12 17 24 26 29 53 75 100 93 105 69 46 35 49 80 34 51 69 45 45 110 98 114 107 46 54 91 57 75 114 59 39 27 60 70 56 60 103 97 147 634 1611 2878 4014 4752 5331 5350 4936 4966 5105 4638 3806 2590 1408 616 209 38 40 20 21 31 70 52 58 63 66 76 61 58 50 80 55 62 48 62 68 77 47 45 66 56 43 79 74 59 64 85 127 380 1079 2134 3077 3967 4914 5863 6113 5310 4780 4008 3646 3261 2071 1326 483 78 17 29 34 48 41 45 43 88 83 93 62 61 43 69 69 48 45 88 83 56 63 37 45 67 73 75 58 53 76 29 59 118 60 60 92 88 52 51 90 107 122 677 1687 2762 3533 4053 4684 5044 5093 5306 5768 5727 4407 2774 1468 420 49 5 18 10 22 28 45 57 63 111 74 80 45 72 50 47 62 70 79 46 39 48 74 84 91 108 54 43 64 48 94 116 55 43 71 63 82 92 59 80 60 32 45 61 65 105 86 161 552 1830 3390 5328 6581 6871 6754 5874 5105 4033 2790 1776 1112 690 356 88 27 24 37 31 44 72 56 58 67 51 94 63 49 54 76 48 58 43 63 121 91 50 68 64 62 79 83 68 48 61 97 93 92 53 74 53 92 95 67 121 76 102 68 41 79 71 70 57 130 407 1773 3670 4048 3784 3937 4243 4863 5832 5840 4889 3703 2573 1944 1347 568 104 22 8 34 40 43 43 62 66 89 50 89 78 75 74 65 47 55 65 67 56 59 62 95 56 63 57 93 66 80 67 56 63 73 74 82 53 102 94 163 597 1508 2822 4331 5584 6348 6881 7034 6212 4937 3675 1757 598 163 21 17 28 39 34 45 58 51 62 52 42 78 81 63 65 58 82 84 77 52 27 46 71 60 38 38 54 72 82 65 73 64 79 63 84 87 86 68 66 87 69 170 393 841 1314 1540 1843 2371 3152 3455 3550 3869 4405 5186 5812 5681 4355 2632 1466 904 403 81 52 28 33 46 26 46 63 77 62 59 74 40 50 73 65 94 86 68 78 68 61 45 62 55 74 66 49 61 59 79 95 101 108 109 41 104 273 908 2011 3067 4230 5334 5653 5600 5208 5108 4936 4086 2977 1902 923 369 81 12 29 47 39 53 49 78 46 80 108 66 69 43 25 40 44 30 31 62 69 105 102 80 95 56 46 81 90 85 68 53 76 65 56 90 81 33 77 38 107 233 835 1704 2698 3591 3900 4723 6104 7113 7003 5886 4273 2839 1334 398 48 15 24 23 24 30 40 73 82 72 76 66 52 59 50 73 61 64 78 71 43 67 103 78 86 64 43 57 48 58 47 72 84 99 69 64 76 63 89 99 117 50 66 78 76 85 322 1035 2442 3685 4235 5074 6218 7223 7605 6394 4377 2527 1257 701 284 20 4 27 28 48 62 57 64 60 57 54 43 48 50 78 57 49 85 104 71 17 53 70 64 108 78 92 89 51 49 63 74 80 72 72 76 89 77 74 48 74 62 79 78 73 97 337 1097 2047 3135 4319 5749 6907 7184 7618 6362 4061 2162 1194 760 309 45 16 18 17 50 43 42 65 74 52 48 38 39 43 75 60 79 73 89 59 58 52 54 62 77 85 73 57 45 52 35 66 55 79 98 90 43 46 133 377 980 1851 2560 3046 3705 4354 4922 5530 6310 6506 5308 3684 2257 980 115 11 11 20 6 35 61 64 54 52 36 36 79 78 104 67 68 57 83 60 52 45 75 73 96 91 72 50 32 54 62 76 77 66 95 111 108 148 486 1232 2202 3270 4374 5443 6598 7129 6734 5922 4554 2713 1180 345 80 11 12 18 42 34 20 23 41 70 83 58 50 57 56 101 67 48 63 49 50 40 74 72 60 85 78 66 68 61 85 68 68 62 63 65 75 56 72 66 55 66 82 160 471 1254 2215 3153 3636 4039 4499 4651 4941 5446 5923 5683 4427 2195 717 142 24 19 17 27 30 40 31 71 76 72 69 59 55 51 56 83 60 55 72 76 75 62 51 49 74 67 63 64 68 72 51 56 81 63 79 78 68 72 121 409 1089 1889 2489 2818 2975 3327 4040 4878 5127 5189 4820 4309 3876 3112 1742 537 75 20 19 18 41 31 54 77 45 56 75 73 76 68 58 34 34 66 65 71 102 97 61 41 54 68 94 90 87 85 45 90 116 25 48 87 63 146 426 910 1328 1614 1924 2320 2713 3033 3456 4205 5223 6116 6304 5485 4052 2311 1037 283 25 18 24 40 48 43 50 55 54 60 64 64 79 48 52 46 52 96 61 31 42 92 76 54 50 76 51 55 76 86 82 69 47 68 83 58 54 112 85 64 86 96 185 761 1744 2885 4189 5990 7963 8565 7594 5628 3856 2223 996 343 75 14 18 20 10 25 57 50 71 76 62 64 74 106 69 38 37 31 51 69 54 57 75 96 59 57 68 96 72 72 83 39 34 42 44 74 47 62 88 71 117 87 71 100 116 510 1328 2004 2607 3285 3404 3542 4211 5151 5850 6026 5226 4079 3328 2007 491 37 23 30 34 35 34 34 38 55 50 89 87 84 59 61 51 62 61 39 34 31 47 92 103 63 89 118 115 91 82 53 44 42 79 63 57 74 65 71 120 51 209 769 1736 3071 4577 5738 6182 5813 5288 5404 5333 4523 2730 1235 509 107 24 10 11 30 40 53 50 81 65 43 54 67 40 71 74 79 69 53 54 41 53 48 67 66 53 86 63 68 49 81 125 74 41 80 45 26 37 97 190 497 1390 2540 3744 5224 6681 8188 8538 6981 4711 2848 1114 268 33 8 14 12 14 20 53 82 83 77 60 75 54 58 49 55 60 64 61 74 79 65 92 105 64 44 46 38 60 74 68 73 54 39 60 85 90 95 54 70 221 831 2020 3546 5613 7547 8599 8307 6891 4584 2400 989 369 88 8 8 14 2 31 43 66 53 72 62 75 67 61 36 48 57 48 62 83 52 50 37 51 73 63 85 87 62 37 60 83 100 58 50 64 67 99 105 84 62 81 332 1050 2112 3433 4704 6320 8838 10321 8457 4551 1998 675 163 16 7 16 19 16 34 23 67 79 56 57 70 81 84 98 68 70 68 55 33 28 32 74 68 56 90 56 55 65 90 96 98 94 51 71 45 37 53 82 102 76 109 97 134 281 964 2098 3514 5275 6457 7368 7420 6079 4907 3648 2645 1661 604 129 14 14 2 20 41 47 47 85 50 44 87 95 79 59 64 39 37 41 59 63 55 43 73 92 81 78 82 52 65 58 76 68 43 53 48 66 65 58 127 193 594 1652 3397 5823 7812 7938 6817 5949 4944 3210 2116 1575 897 206 16 11 22 30 38 26 58 66 49 50 73 86 52 66 65 65 57 71 70 60 87 69 60 51 78 84 85 79 68 52 53 52 96 84 40 74 72 121 63 50 76 91 50 67 93 92 142 646 2018 4097 5987 7825 8426 7464 5907 4441 3178 2159 937 126 6 6 11 32 25 38 53 63 86 70 73 66 75 55 52 53 55 46 60 74 44 59 56 37 68 102 102 45 56 55 54 94 82 95 107 72 51 42 86 110 53 83 81 99 88 76 82 51 77 90 107 315 1713 4521 6501 6932 7522 7902 7378 5006 2614 1645 1067 408 57 8 11 16 28 48 57 86 54 63 52 67 58 64 88 78 66 86 52 67 92 54 59 59 45 54 91 104 70 50 76 85 42 99 82 82 81 50 61 110 75 50 46 100 83 54 58 86 78 342 1263 3485 5728 6361 5407 5038 5062 4689 4276 4104 3559 2387 1085 200 30 14 18 25 30 39 28 41 55 55 56 44 69 44 37 52 65 97 62 73 68 62 54 49 65 82 135 110 34 87 92 60 44 40 69 85 83 67 47 64 63 78 56 74 336 1115 2287 4084 5868 6652 6951 6824 6496 5327 3521 1870 895 350 67 22 23 21 37 33 43 32 55 104 60 47 66 67 107 81 49 32 58 68 61 40 84 125 88 68 61 53 38 62 63 49 57 48 80 70 89 114 112 118 162 534 1152 1728 2070 2399 2936 3675 4762 6053 6259 5303 4852 4260 3028 2176 1239 304 20 15 22 23 43 32 40 58 56 78 76 68 63 83 59 44 61 67 47 68 100 79 49 72 81 63 50 34 33 41 78 123 96 73 65 44 80 64 73 92 75 84 256 908 1781 2534 3031 3536 4171 4640 5011 5251 5350 4762 4079 3527 2417 1314 674 194 20 23 40 49 24 38 48 61 59 50 38 66 52 58 92 60 61 53 86 76 70 66 54 51 37 83 92 73 68 102 54 37 78 100 69 45 66 364 979 1606 2240 2730 3465 4382 5337 5358 4738 3867 3499 3331 3378 3304 2738 1279 255 22 22 14 44 48 66 59 55 75 79 56 64 61 42 67 56 66 69 86 70 67 97 56 44 62 73 84 41 54 62 30 42 62 95 126 106 54 44 111 277 1001 2421 4100 5598 6985 7189 5119 3763 3601 3752 3727 3242 1548 349 53 11 25 34 25 33 41 26 78 63 63 63 50 58 77 67 65 79 70 53 63 82 57 105 60 79 48 33 68 70 48 42 74 137 73 124 77 69 119 405 1192 2160 3008 3496 3872 4247 4357 4245 4569 4818 4456 4298 3646 2556 1325 375 54 17 28 52 38 43 31 58 97 86 45 67 29 41 51 46 56 72 67 86 51 64 61 70 68 52 58 82 87 99 87 62 79 56 48 59 81 85 118 303 847 1856 2969 4196 5301 6376 7149 7229 6705 5253 3066 1423 508 81 16 9 16 22 28 44 44 71 63 67 67 70 90 71 62 27 37 49 74 64 42 44 87 110 89 71 91 61 72 46 42 87 77 74 61 47 57 65 74 53 59 61 112 248 831 1942 3583 5625 6267 5550 5110 5322 5673 4993 4040 2784 1207 204 14 13 18 33 42 41 42 64 43 56 73 66 56 49 73 69 69 52 11 59 75 77 71 58 41 66 85 99 41 38 100 111 91 66 59 59 51 58 49 68 81 101 119 201 649 1278 1893 2718 3482 4789 5849 5369 4747 4479 4236 3939 3288 2588 2072 1387 654 185 28 23 28 35 56 50 45 62 77 58 60 66 43 68 42 58 86 88 56 31 31 61 75 44 53 76 125 71 56 111 122 84 66 90 51 36 65 65 83 101 357 1245 2867 4636 5287 5122 5351 5269 4468 4009 3622 3453 3246 2381 1325 399 29 23 24 17 27 35 53 80 58 66 81 61 56 81 69 46 68 47 63 77 45 33 93 47 46 98 73 63 107 93 77 71 89 88 87 86 71 85 80 78 60 54 55 85 117 326 1293 3266 5507 5898 5136 4760 4632 4714 4827 4207 3248 2109 1512 1001 574 177 25 38 31 32 28 47 56 53 53 65 83 45 91 69 80 61 50 35 54 92 71 56 46 86 94 60 75 56 99 56 91 98 43 56 38 56 60 91 105 357 1007 2041 3087 4266 5666 6996 7497 6715 5722 4497 2797 1440 636 262 50 10 16 25 38 39 75 80 81 80 75 47 46 63 80 43 35 57 96 50 69 44 59 86 97 68 48 70 82 71 45 69 55 95 66 50 58 104 127 76 60 49 95 76 36 85 53 47 62 359 1711 4478 7440 8874 9181 8068 5295 3181 2116 1495 736 110 3 2 16 24 22 38 63 74 60 80 55 51 53 57 49 47 70 62 53 75 68 75 81 98 71 59 69 71 71 77 60 53 98 59 52 73 81 113 96 64 92 392 1134 2135 3140 3539 3312 3355 3708 4153 4608 5012 5168 5231 3658 2083 1289 752 248 64 40 34 26 49 50 43 13 45 55 70 83 90 61 61 77 81 52 41 30 45 74 79 79 69 78 91 65 71 80 70 64 48 56 81 69 99 99 68 89 212 769 1663 2876 3984 5096 6428 7367 7879 7491 5531 2704 761 112 7 4 9 24 23 28 42 52 53 66 76 84 80 65 64 78 53 53 46 72 49 44 57 88 47 85 65 60 85 108 58 53 64 60 50 85 71 108 69 75 66 108 94 61 154 391 1156 2284 3431 4282 4620 4423 4269 4576 4856 5506 5642 4288 2409 818 106 11 15 26 23 25 48 77 34 50 90 102 69 40 48 43 36 53 59 69 54 87 86 70 58 60 68 84 99 67 55 54 92 88 81 32 93 49 74 62 70 51 189 759 1753 2910 3684 3523 3465 3683 4076 4482 4844 5101 5124 4561 2936 1252 403 54 8 9 12 31 50 59 67 61 51 29 88 68 71 58 106 57 57 58 63 63 32 59 67 88 82 104 58 73 77 37 94 95 97 99 48 198 758 1807 2962 3870 4518 5372 5061 4456 4288 4196 4058 3578 3293 2147 1129 566 226 78 19 34 42 58 46 55 47 64 103 72 47 51 33 45 44 74 74 62 88 69 59 53 55 48 61 82 59 81 77 166 100 80 64 30 50 49 51 93 137 267 782 1884 3552 5322 6537 7580 7858 6723 4861 3274 2378 1600 473 37 13 16 33 31 47 59 43 54 45 72 91 62 82 95 82 31 36 86 86 68 31 52 73 63 95 80 62 38 69 65 110 63 37 53 34 70 139 506 1253 2273 3377 4457 5556 7266 7930 7173 5621 3963 2154 900 260 40 10 16 15 23 25 37 49 41 42 86 62 67 67 48 71 57 72 82 58 38 64 52 53 46 55 74 80 89 87 101 87 99 100 50 51 73 95 73 54 64 95 363 1126 2439 4047 5409 5580 5115 4667 4122 3761 3462 3492 3743 3477 1968 469 40 15 36 28 31 25 53 76 39 77 74 67 66 39 54 63 45 61 47 61 76 62 51 60 60 90 92 83 60 58 43 77 51 63 77 63 139 502 1258 2306 3638 4866 5949 6847 7039 6717 5883 4177 2113 916 277 25 9 17 9 54 43 30 48 50 41 54 76 62 59 71 70 50 48 48 66 41 94 70 73 69 99 83 138 61 39 29 38 46 75 79 123 91 86 53 88 75 264 1046 2121 3431 4643 5944 7282 7767 7399 6036 4125 2012 607 112 9 0 8 15 29 55 29 71 72 72 65 75 75 38 45 49 27 62 53 100 95 92 87 62 64 57 81 86 41 53 56 88 70 101 112 80 69 62 76 71 53 57 80 88 83 180 596 1471 2666 3898 5208 7241 8258 7887 6245 3968 2229 1595 1231 771 239 28 32 26 25 43 49 61 51 69 43 76 61 67 48 52 40 48 50 75 93 72 65 48 61 71 93 45 57 98 74 69 76 67 103 84 74 99 68 59 53 62 55 86 91 109 299 1083 2686 4772 6776 7963 8560 8647 7167 3904 1186 119 2 6 8 15 9 32 38 61 49 79 91 75 52 54 68 77 52 46 61 68 58 64 63 83 113 72 80 81 44 44 98 79 64 50 65 89 92 67 60 92 135 177 578 1616 2944 4603 6455 7327 7059 6139 4934 3805 2913 2034 1383 633 93 7 9 25 40 39 35 36 63 53 79 72 46 61 94 85 69 39 37 56 78 59 63 78 32 60 82 63 102 64 39 99 53 65 188 595 1168 1604 1893 2029 2278 2563 3282 4107 4952 6029 6568 5816 4731 3018 1265 268 20 6 8 18 53 40 24 33 61 60 101 73 51 75 78 75 49 41 42 58 49 96 56 48 75 55 34 15 59 113 109 245 670 1110 1567 1993 2034 2118 2344 2821 3002 3151 3665 3931 4140 4355 4215 3774 3136 2143 1445 886 376 81 49 39 29 34 38 68 53 52 52 50 75 83 43 35 53 62 71 46 64 48 86 43 40 55 76 90 78 50 46 78 65 59 70 116 86 74 177 660 1544 2684 3501 4045 4675 5707 5703 4698 4180 3745 3646 3364 2332 1287 577 231 72 29 28 28 51 59 77 42 62 53 65 39 54 68 79 51 36 85 61 55 73 63 53 97 125 96 62 60 60 57 42 58 111 104 138 284 1028 2089 2954 3659 4056 4536 4905 4822 4623 4272 3793 3545 3381 2731 1434 465 68 22 21 25 36 59 64 64 75 88 85 52 69 47 42 34 54 74 76 67 66 72 61 77 74 54 53 55 65 54 39 96 75 71 71 135 106 65 57 70 75 53 71 301 1232 3339 6266 8745 10045 9183 5834 3425 2313 1425 477 58 4 5 26 12 24 33 54 46 51 52 67 69 66 83 73 70 42 49 66 77 87 77 71 71 55 58 59 80 79 78 73 82 71 77 83 74 59 87 112 453 1278 2297 3429 4658 5712 6353 5727 5551 5396 4887 3500 1959 946 426 84 24 22 18 35 46 77 62 57 56 47 50 66 63 53 23 42 42 61 88 120 79 50 29 76 60 59 51 59 87 91 61 69 125 85 60 59 38 61 64 48 59 67 65 46 55 283 1334 3544 6388 9213 9715 7393 5310 4218 2885 1634 929 283 39 12 13 28 24 42 51 55 56 88 67 51 36 58 76 73 56 72 49 67 64 73 58 33 82 74 66 103 121 75 67 66 70 73 57 75 63 97 78 90 337 1102 2191 3266 4328 5329 6680 7502 7223 6608 4768 2382 850 257 18 4 16 33 33 45 47 57 60 48 61 79 94 93 71 59 48 45 41 29 80 62 47 87 61 53 101 70 60 74 72 51 51 100 101 92 67 34 51 80 58 60 84 69 120 504 1218 2363 3603 4986 6506 6988 6325 5857 5616 4604 2614 1239 397 54 11 10 20 23 43 47 30 61 67 75 55 64 48 83 114 67 62 53 74 65 77 88 78 43 46 59 68 57 45 79 104 81 81 43 45 110 178 588 1456 2224 2741 3298 3904 4473 4459 4422 4646 4260 3891 3991 3591 2559 1369 512 83 17 24 31 56 64 29 38 44 76 61 64 43 52 85 91 68 57 83 98 53 39 44 47 97 81 79 63 54 76 118 97 75 71 42 53 64 95 95 172 459 1204 2262 3440 4464 5606 6929 7506 7086 6250 4380 2101 867 333 59 6 13 16 9 37 72 58 70 64 64 70 51 57 84 66 44 51 56 72 69 58 47 68 105 99 81 73 67 79 50 54 37 29 45 64 83 119 111 73 221 556 1009 1727 3046 5362 7428 7430 7010 6272 5063 3934 2562 1106 332 106 12 7 21 25 37 68 36 65 55 93 46 54 49 50 50 50 78 120 72 61 79 74 60 73 64 74 19 36 94 106 88 84 77 66 92 90 91 77 69 22 58 87 87 355 1882 4820 7986 9622 9125 7616 5345 2861 1683 1071 272 8 4 10 18 28 36 58 71 69 39 69 74 65 89 63 69 51 27 90 51 63 57 68 74 84 74 77 65 38 30 44 56 94 76 116 129 348 1071 1934 2802 3455 3616 3453 3958 4966 5610 5669 5278 4812 3864 1926 399 22 19 19 19 25 45 58 54 68 66 63 32 43 82 42 70 59 82 80 75 57 48 43 57 63 58 79 76 85 98 65 51 37 68 90 102 84 87 89 79 96 69 79 72 58 59 70 51 83 85 205 723 1749 2856 3844 4945 6552 7940 7893 6719 4918 3071 1640 629 123 17 3 14 34 37 24 54 80 60 72 78 84 65 52 36 47 47 43 66 77 46 44 96 99 88 87 80 90 77 64 78 40 30 43 81 50 52 60 73 111 136 56 57 225 745 2072 3652 5240 7171 8825 8596 7086 5004 2702 1174 347 43 2 10 17 39 25 32 43 41 68 94 84 39 51 60 56 42 56 70 57 66 41 74 59 62 81 70 112 59 48 49 90 95 56 56 74 49 71 59 91 190 519 1361 2359 2797 3191 4188 5550 6021 5670 5957 5765 4277 2594 1340 706 423 146 23 20 37 31 46 61 62 64 88 38 51 59 63 69 52 66 58 48 31 74 80 70 75 77 97 57 77 72 44 82 66 103 60 58 70 65 90 71 85 144 520 1321 2461 3659 4883 5948 7352 8236 7522 6117 3356 946 93 4 2 11 18 23 43 52 61 50 36 52 43 45 81 66 72 85 51 78 55 55 77 60 69 86 84 55 47 61 67 61 86 58 46 61 82 84 51 145 346 1082 2065 3457 4896 5704 6393 6844 5975 4852 4057 2935 2155 1383 556 142 32 29 28 44 49 48 43 44 59 91 61 58 67 36 42 64 97 70 35 33 75 58 55 86 99 108 47 57 89 87 70 92 61 62 65 72 64 24 27 89 120 132 212 641 1826 3653 5725 6611 5849 4841 4002 3620 3614 3584 3544 3165 1668 398 32 16 25 47 40 30 50 54 53 74 79 46 40 41 62 71 63 73 102 95 47 74 57 72 82 57 43 48 76 82 108 142 157 514 1248 2133 3079 4313 5276 6293 6695 6265 5766 4749 3063 1587 675 177 28 16 23 35 38 40 34 54 52 67 83 64 54 57 51 69 47 61 79 69 78 39 51 58 70 87 95 61 77 89 77 93 77 77 40 53 29 88 38 52 114 82 84 78 89 81 83 57 130 552 1433 2754 4451 6312 7784 7874 6633 5821 5034 2967 1326 372 24 0 4 20 19 24 36 53 53 53 52 85 81 60 66 49 68 75 76 96 67 36 69 66 44 62 58 48 63 86 111 107 75 91 62 54 74 148 402 1187 2082 2742 3244 3431 3367 3551 3804 4132 4428 4606 4367 3816 3271 2168 1231 654 263 50 26 27 37 37 39 53 84 54 33 36 39 54 34 67 102 85 93 72 60 60 96 68 54 53 49 47 65 66 87 94 82 95 99 94 79 60 50 80 65 108 183 607 1515 3227 6071 9929 11770 9423 5688 3006 1215 247 11 1 12 10 9 28 34 47 56 71 68 65 50 65 54 55 61 63 50 53 41 68 64 87 73 77 87 55 73 95 67 65 96 49 47 76 87 334 986 1913 2873 3952 4842 5690 5731 5196 4901 5086 4634 3236 1987 864 220 31 13 18 24 34 41 26 77 73 61 84 56 66 95 38 32 70 73 47 56 61 69 96 70 80 75 68 67 85 71 54 121 77 85 77 52 54 85 52 72 95 82 89 48 51 65 183 641 1611 2619 3851 5077 5315 4947 4991 5001 4773 4347 3289 2457 1781 1262 832 393 119 30 21 15 31 27 38 71 90 120 88 71 40 37 30 63 44 63 64 61 57 54 59 75 135 115 89 35 43 69 88 89 73 25 58 88 95 68 88 79 191 597 1533 2737 4011 5208 6655 8142 7880 6346 4656 2930 1598 684 165 17 13 20 22 28 39 78 63 49 67 61 75 46 82 86 49 75 63 75 53 49 40 50 53 78 85 61 42 81 101 82 57 48 50 43 91 124 126 277 939 2011 2895 3354 3834 4450 4835 4767 4639 4265 3785 3513 3348 3032 1948 823 151 23 34 48 42 71 70 56 42 60 61 68 80 57 46 53 55 70 90 51 65 48 25 49 68 73 108 94 56 47 93 123 63 91 75 53 64 67 109 116 106 70 46 14 36 52 109 486 1451 2685 4061 5813 7953 8710 7342 5226 3849 3175 1806 562 83 2 6 21 19 39 41 58 45 61 71 55 64 75 94 87 58 59 58 52 24 23 49 37 67 88 101 76 75 97 107 83 80 36 75 75 105 74 75 59 76 30 51 52 50 57 75 85 156 557 1655 3173 5060 7234 9590 8958 6190 4534 3566 2061 731 186 18 1 8 17 24 25 58 69 89 80 73 60 54 44 77 84 46 39 63 88 68 52 45 70 70 77 102 88 59 83 72 93 88 45 34 72 107 93 52 82 84 78 92 170 533 1352 2454 3308 3986 4811 5851 6076 5212 4097 3731 3740 3232 2000 1294 854 321 35 33 39 23 33 34 44 60 65 83 100 76 69 54 48 58 52 81 87 59 90 53 40 35 63 80 93 113 54 45 38 80 129 111 72 79 43 61 73 70 72 81 209 747 1846 2924 4152 5103 4649 4264 4190 3830 4047 4940 4766 3682 2495 1212 395 117 25 21 45 44 40 47 53 66 47 61 54 57 116 60 39 57 64 60 63 75 92 89 93 58 49 43 43 65 61 69 34 71 87 83 73 62 204 519 1055 1385 1393 1665 1967 2361 2761 3070 3353 3489 3836 4179 4527 4776 4230 3192 2294 1669 1039 547 176 49 39 38 27 53 31 65 84 46 46 72 56 62 81 79 63 45 52 78 74 56 45 38 71 113 114 83 77 99 247 790 1665 2585 3435 3825 4223 4049 3836 3967 4147 4211 4240 3867 3159 2022 1194 722 338 68 23 33 39 25 56 77 69 71 51 55 80 55 49 52 43 69 83 72 53 64 93 48 50 49 43 67 76 100 105 63 66 41 76 97 132 88 55 57 86 60 47 166 772 1788 3017 4525 6501 8604 8677 7236 5565 3852 1648 304 21 3 6 14 22 34 40 38 77 59 67 52 57 72 82 105 39 46 63 37 72 63 59 50 74 63 70 77 58 36 68 80 86 134 110 51 59 68 80 81 131 292 959 2140 3968 6384 7839 7670 7123 6306 4954 3151 1357 375 72 5 2 15 17 21 35 60 53 62 66 78 78 76 68 73 68 46 67 51 74 75 69 58 56 43 59 95 56 55 101 52 57 88 94 97 96 59 52 48 79 211 611 1453 2319 2991 3434 3890 4622 4680 4604 4830 4425 4202 4009 3292 2117 1138 449 106 32 20 37 51 40 29 51 84 59 52 75 48 38 54 71 55 71 132 61 58 69 61 50 69 62 67 52 80 71 82 96 60 56 78 76 100 66 56 66 85 115 136 524 1403 2541 3554 4134 4535 5120 5945 5995 5299 4829 4089 3043 1556 281 18 6 26 23 27 45 43 39 61 81 84 86 75 76 54 67 50 56 34 52 68 57 68 48 73 72 67 82 83 119 67 52 81 87 77 94 324 1008 1693 2159 2724 3189 3807 4360 4726 4767 4439 3919 3590 3545 3488 2993 1707 552 86 15 17 40 37 53 43 50 54 54 67 72 62 66 54 73 60 87 86 38 61 80 82 71 73 80 59 41 56 53 38 60 79 81 95 97 63 56 53 72 61 101 133 300 998 1954 2473 3013 3645 4666 6434 7695 7159 5681 4717 3181 1181 342 80 17 14 7 14 28 36 57 101 50 55 39 77 53 63 55 70 68 52 49 47 70 89 40 53 88 111 84 45 43 99 108 55 88 53 70 51 55 44 53 91 270 1027 2025 3047 3846 4945 5399 4621 4162 4768 5056 5011 3932 2253 1306 828 394 141 45 36 27 46 41 61 47 44 51 62 51 53 56 70 68 70 69 57 98 81 72 50 69 67 89 67 71 104 71 54 141 86 53 50 44 70 43 30 87 120 55 48 67 68 70 71 263 1251 3166 5012 6092 6611 6697 6163 5809 4916 3865 2258 891 198 22 14 9 15 43 59 36 52 77 72 66 47 33 53 67 90 53 53 72 76 75 76 80 92 75 67 95 72 51 68 67 45 37 74 31 61 78 42 60 74 109 338 1186 2712 4332 5989 7149 7920 7695 6769 4611 2472 1343 444 28 3 15 25 21 34 36 31 60 58 80 61 96 60 46 33 29 41 67 80 64 55 33 43 85 85 107 103 67 64 51 54 68 74 77 108 99 86 184 705 1662 2482 3028 3499 4085 4630 4673 4682 4607 3880 3679 3576 3459 2161 793 199 25 35 34 40 44 41 60 65 59 57 66 50 74 47 71 67 50 52 32 63 36 51 69 60 68 72 52 71 83 99 103 61 112 492 1412 2249 2807 3489 4640 5040 4811 4351 3891 3498 3390 3303 3205 2776 1631 796 380 103 47 24 35 43 55 40 35 37 76 78 86 96 57 50 36 52 46 60 60 51 78 83 73 50 68 70 74 65 113 96 77 89 71 38 14 63 64 79 83 93 360 1235 2839 4554 6263 6904 7154 6792 5521 4166 2729 1701 1236 821 480 252 63 33 24 34 41 49 54 77 39 68 37 62 59 54 82 76 60 79 91 55 49 54 97 64 60 79 31 49 45 38 88 99 74 74 76 81 105 95 109 93 46 36 47 52 92 132 791 2291 4121 5613 6203 6168 6241 5979 4865 4440 4036 2036 338 26 11 15 14 34 49 36 35 39 64 40 55 66 80 65 45 48 39 90 107 107 76 36 58 54 97 77 81 52 83 80 71 49 81 60 78 112 62 36 57 56 53 76 101 119 233 852 2497 4442 5222 5172 5478 5005 3975 3658 3644 3662 3539 3111 1930 485 29 22 24 29 42 30 60 45 63 49 65 74 79 82 102 38 22 20 47 85 77 53 63 90 46 61 63 66 82 83 50 72 71 82 70 99 62 63 212 682 1553 2569 3781 5434 7448 8358 6851 4927 3929 3245 2194 1139 430 79 24 20 31 44 37 36 44 67 70 65 76 55 81 58 71 40 68 102 45 66 48 44 52 61 73 49 72 83 67 97 53 71 76 84 59 64 80 50 64 63 105 122 238 739 1471 2179 2822 3431 4207 4824 5001 4783 4521 4084 3829 3831 3599 2509 1044 256 25 22 37 16 54 46 65 57 75 50 46 38 76 43 36 80 64 53 58 83 62 48 76 64 87 78 90 85 85 61 29 49 88 67 80 89 108 71 41 94 72 128 482 1755 3935 6614 8830 9080 7290 5670 4217 2250 1276 796 392 87 18 7 16 28 39 62 47 53 63 82 46 86 77 80 69 42 64 39 66 58 64 58 70 52 93 93 68 98 61 55 58 49 44 89 65 63 93 64 60 147 138 343 1059 2109 3201 4443 5914 7323 7256 6694 5875 4588 3183 1034 118 12 9 10 13 28 58 39 72 67 71 68 46 68 56 57 56 62 59 45 81 71 61 41 66 61 86 59 84 110 51 84 93 58 33 29 42 67 78 82 63 64 132 129 92 83 100 297 1266 3424 6329 8551 8396 6930 5160 4028 3509 2812 1548 316 16 7 18 12 15 34 39 50 45 43 69 91 83 89 69 65 84 72 41 55 39 45 48 93 87 66 83 93 70 66 91 68 83 53 26 64 83 76 59 71 69 71 99 133 303 921 2036 2985 4152 5510 6621 6131 5512 5459 5413 4104 2234 1170 534 137 16 16 26 33 46 43 39 76 61 59 72 75 67 60 82 79 55 65 69 73 68 48 50 62 45 46 89 67 59 79 89 86 68 66 92 74 110 88 36 33 52 41 85 402 1288 2330 2703 2632 3550 5261 6544 7213 6942 5936 4317 2682 1247 436 49 16 13 29 19 21 38 48 48 103 79 71 46 54 83 73 77 57 29 45 56 78 91 71 25 68 89 69 70 87 63 75 82 59 52 114 67 31 57 53 56 99 103 95 66 202 849 2058 4391 6641 8119 8277 7071 5282 3772 2704 1717 902 405 119 24 10 17 31 33 49 52 61 57 56 59 53 69 72 75 64 67 72 67 64 59 67 53 56 71 61 63 89 99 67 34 42 82 84 108 97 52 61 60 65 43 44 30 205 1050 2647 4764 6676 7063 7442 8012 7434 5617 2062 186 8 4 7 14 12 24 29 45 46 73 65 77 60 63 60 45 46 78 44 48 64 87 81 70 67 51 42 66 58 71 115 88 64 74 76 54 55 93 127 67 68 46 46 64 55 136 131 296 934 2188 3984 6710 9635 10601 8499 5656 2870 1101 378 42 6 4 2 6 13 30 58 60 57 35 66 78 62 68 69 58 74 58 33 51 43 28 42 48 86 77 52 86 114 90 33 54 53 106 127 77 79 56 79 38 66 79 82 111 28 35 59 58 148 596 1498 2347 3181 3823 4682 5815 7056 7608 7324 4910 2524 1506 583 128 18 12 3 21 32 45 64 33 77 75 69 43 63 68 52 51 95 60 70 60 71 63 54 75 65 80 64 54 60 79 96 93 56 37 108 121 62 57 35 65 70 79 112 334 1075 2547 4367 5986 7633 8332 6608 4945 4514 3459 1899 752 191 15 10 17 20 24 36 46 40 67 45 71 66 72 87 82 51 53 50 43 56 56 66 65 56 84 73 77 50 78 91 40 22 64 105 103 87 46 32 61 137 63 93 70 68 107 169 613 1615 2824 4144 5373 6331 6361 5727 5123 4646 3960 2983 1881 1109 624 153 14 14 36 32 29 62 69 51 83 47 47 51 62 81 75 60 51 60 60 66 52 68 51 82 71 40 68 57 71 55 94 86 80 47 56 85 111 93 120 82 70 53 252 910 2031 3398 5064 6279 7019 6513 5544 4622 3964 3566 2776 1224 338 69 12 14 24 29 46 53 41 56 46 43 45 56 60 60 68 90 78 76 65 74 41 50 81 99 69 75 79 42 95 82 71 73 75 47 86 112 95 71 37 44 86 59 70 128 283 724 1218 1480 1923 2641 3617 5103 6945 8841 8916 6858 3370 1092 371 66 1 6 6 24 57 45 43 35 54 65 61 62 44 66 54 35 57 84 46 81 55 55 68 58 77 33 48 98 89 70 35 90 84 58 90 71 221 827 1914 3537 4840 5429 6066 6657 6777 5885 4101 2515 1686 1044 345 28 17 16 27 35 41 46 64 65 56 60 50 86 80 108 65 57 45 58 53 41 47 37 35 73 47 63 109 102 82 100 93 53 47 77 85 126 81 54 59 70 67 75 49 55 76 98 68 80 102 119 80 153 663 1695 3124 4892 7609 10855 12341 8265 2883 884 190 14 4 6 6 7 18 24 25 30 41 67 55 62 73 105 85 68 88 49 49 52 63 52 39 62 74 92 71 60 85 82 80 88 43 54 75 111 44 72 107 89 102 85 26 59 70 78 98 105 204 697 2052 4930 9293 12914 11564 6655 2944 1206 466 77 2 3 0 16 13 37 61 66 60 58 58 78 49 73 99 65 49 69 90 66 73 34 32 66 96 93 88 78 100 64 41 29 60 56 69 91 79 94 85 63 207 702 1620 2680 3887 5029 6473 7533 7126 6032 4776 3258 1840 951 350 59 6 15 39 30 34 32 41 66 109 78 50 62 69 61 64 71 78 63 57 78 65 63 59 56 45 31 81 83 73 60 130 78 70 68 40 41 74 107 63 52 49 118 167 683 1685 2911 3624 4235 5442 7349 8328 7025 5061 3412 1863 743 175 8 6 10 23 24 48 42 37 63 60 73 52 82 50 65 73 62 29 71 54 85 74 100 55 64 41 69 67 58 36 71 106 75 74 122 44 51 59 96 75 87 99 80 241 881 1952 3021 3676 4331 5164 4930 4715 5024 5217 4789 3661 2517 1521 877 391 79 19 25 33 27 44 46 47 94 67 62 56 67 51 55 68 82 81 100 70 38 46 47 68 78 59 53 52 82 86 106 80 75 60 78 102 96 108 39 60 60 53 64 40 49 76 192 592 1170 1743 2398 3013 3881 5173 6551 7744 7633 5619 3595 2087 1338 756 245 27 12 9 25 37 46 50 51 66 50 64 73 66 34 49 66 77 82 49 92 85 60 40 34 62 56 52 66 48 69 109 118 60 88 123 103 67 281 983 1934 2597 3082 3553 4118 4292 4046 4211 4424 4061 3724 3691 3517 2499 1288 529 145 34 22 34 40 54 73 63 46 50 36 51 51 92 42 56 98 82 70 58 56 56 90 80 45 68 50 80 66 36 52 44 58 52 80 77 95 107 73 68 66 64 169 600 1219 1970 2714 3332 3993 4733 5518 6757 6882 4923 3156 2440 1995 1645 1040 263 23 14 25 39 51 58 66 32 29 98 116 73 67 59 46 44 59 89 70 28 56 36 30 61 104 104 90 64 56 51 61 61 67 67 73 109 100 70 56 42 87 205 659 1639 2781 3984 5361 7595 9491 9088 6660 3940 1394 177 1 1 7 9 12 9 53 40 57 50 78 44 66 75 61 64 77 66 63 56 46 78 69 77 59 59 65 54 77 86 74 56 56 52 62 131 95 69 39 80 77 100 81 107 36 30 32 77 125 147 535 2122 5465 8971 10397 9375 7229 4771 2641 1106 306 24 2 4 5 14 12 29 34 61 74 50 78 82 121 98 58 57 43 69 57 21 40 74 61 57 50 51 83 53 67 105 85 87 51 52 90 55 94 87 74 90 41 63 49 49 86 145 422 1271 2298 2764 2713 3327 4282 5506 6199 5524 4502 3945 3711 3230 2195 1068 230 21 9 13 29 43 53 58 55 87 88 63 40 40 56 103 59 56 51 66 78 78 49 54 42 75 85 62 69 114 77 53 50 88 97 47 107 113 80 32 49 97 107 58 96 99 66 72 274 1041 2055 2819 3533 4717 6405 7418 7766 6642 5405 3500 1587 453 43 3 5 12 30 31 48 47 79 39 44 63 62 84 104 64 65 56 71 67 66 54 55 55 39 48 57 92 73 71 77 119 90 95 54 80 100 95 74 34 55 107 544 1940 4034 5372 5710 5352 4948 4700 4081 3590 3392 3357 3230 1982 513 54 22 31 35 70 50 57 53 52 53 72 50 49 47 78 52 48 41 47 40 85 94 88 82 63 70 86 60 36 32 34 65 75 70 84 85 84 163 111 87 58 103 512 1350 2521 3729 4344 4475 4332 4502 4653 5138 5344 5264 4015 1867 704 226 37 15 29 30 50 15 50 77 66 51 64 50 45 65 60 65 73 87 86 77 60 85 80 56 58 39 63 59 46 77 82 88 92 95 24 51 95 75 72 108 95 42 58 84 86 104 69 98 105 94 484 1547 3198 4820 6341 7795 8617 7787 5666 3706 1963 780 218 17 8 8 16 20 57 55 75 63 71 66 49 40 32 47 59 79 74 82 108 59 56 72 68 65 64 48 72 115 74 53 76 61 65 56 40 82 80 86 93 230 772 1720 2545 3129 3718 4610 5047 5203 4949 4728 4730 4540 
</Matrix>
   <Matrix name="xloc" type="complete" rows="1" columns="10000" multiplier="1.0">
   0 1 2 3 4 5 6 7 8 9 10 11 12 13 14 15 16 17 18 19 20 21 22 23 24 25 26 27 28 29 30 31 32 33 34 35 36 37 38 39 40 41 42 43 44 45 46 47 48 49 50 51 52 53 54 55 56 57 58 59 60 61 62 63 64 65 66 67 68 69 70 71 72 73 74 75 76 77 78 79 80 81 82 83 84 85 86 87 88 89 90 91 92 93 94 95 96 97 98 99 0 1 2 3 4 5 6 7 8 9 10 11 12 13 14 15 16 17 18 19 20 21 22 23 24 25 26 27 28 29 30 31 32 33 34 35 36 37 38 39 40 41 42 43 44 45 46 47 48 49 50 51 52 53 54 55 56 57 58 59 60 61 62 63 64 65 66 67 68 69 70 71 72 73 74 75 76 77 78 79 80 81 82 83 84 85 86 87 88 89 90 91 92 93 94 95 96 97 98 99 0 1 2 3 4 5 6 7 8 9 10 11 12 13 14 15 16 17 18 19 20 21 22 23 24 25 26 27 28 29 30 31 32 33 34 35 36 37 38 39 40 41 42 43 44 45 46 47 48 49 50 51 52 53 54 55 56 57 58 59 60 61 62 63 64 65 66 67 68 69 70 71 72 73 74 75 76 77 78 79 80 81 82 83 84 85 86 87 88 89 90 91 92 93 94 95 96 97 98 99 0 1 2 3 4 5 6 7 8 9 10 11 12 13 14 15 16 17 18 19 20 21 22 23 24 25 26 27 28 29 30 31 32 33 34 35 36 37 38 39 40 41 42 43 44 45 46 47 48 49 50 51 52 53 54 55 56 57 58 59 60 61 62 63 64 65 66 67 68 69 70 71 72 73 74 75 76 77 78 79 80 81 82 83 84 85 86 87 88 89 90 91 92 93 94 95 96 97 98 99 0 1 2 3 4 5 6 7 8 9 10 11 12 13 14 15 16 17 18 19 20 21 22 23 24 25 26 27 28 29 30 31 32 33 34 35 36 37 38 39 40 41 42 43 44 45 46 47 48 49 50 51 52 53 54 55 56 57 58 59 60 61 62 63 64 65 66 67 68 69 70 71 72 73 74 75 76 77 78 79 80 81 82 83 84 85 86 87 88 89 90 91 92 93 94 95 96 97 98 99 0 1 2 3 4 5 6 7 8 9 10 11 12 13 14 15 16 17 18 19 20 21 22 23 24 25 26 27 28 29 30 31 32 33 34 35 36 37 38 39 40 41 42 43 44 45 46 47 48 49 50 51 52 53 54 55 56 57 58 59 60 61 62 63 64 65 66 67 68 69 70 71 72 73 74 75 76 77 78 79 80 81 82 83 84 85 86 87 88 89 90 91 92 93 94 95 96 97 98 99 0 1 2 3 4 5 6 7 8 9 10 11 12 13 14 15 16 17 18 19 20 21 22 23 24 25 26 27 28 29 30 31 32 33 34 35 36 37 38 39 40 41 42 43 44 45 46 47 48 49 50 51 52 53 54 55 56 57 58 59 60 61 62 63 64 65 66 67 68 69 70 71 72 73 74 75 76 77 78 79 80 81 82 83 84 85 86 87 88 89 90 91 92 93 94 95 96 97 98 99 0 1 2 3 4 5 6 7 8 9 10 11 12 13 14 15 16 17 18 19 20 21 22 23 24 25 26 27 28 29 30 31 32 33 34 35 36 37 38 39 40 41 42 43 44 45 46 47 48 49 50 51 52 53 54 55 56 57 58 59 60 61 62 63 64 65 66 67 68 69 70 71 72 73 74 75 76 77 78 79 80 81 82 83 84 85 86 87 88 89 90 91 92 93 94 95 96 97 98 99 0 1 2 3 4 5 6 7 8 9 10 11 12 13 14 15 16 17 18 19 20 21 22 23 24 25 26 27 28 29 30 31 32 33 34 35 36 37 38 39 40 41 42 43 44 45 46 47 48 49 50 51 52 53 54 55 56 57 58 59 60 61 62 63 64 65 66 67 68 69 70 71 72 73 74 75 76 77 78 79 80 81 82 83 84 85 86 87 88 89 90 91 92 93 94 95 96 97 98 99 0 1 2 3 4 5 6 7 8 9 10 11 12 13 14 15 16 17 18 19 20 21 22 23 24 25 26 27 28 29 30 31 32 33 34 35 36 37 38 39 40 41 42 43 44 45 46 47 48 49 50 51 52 53 54 55 56 57 58 59 60 61 62 63 64 65 66 67 68 69 70 71 72 73 74 75 76 77 78 79 80 81 82 83 84 85 86 87 88 89 90 91 92 93 94 95 96 97 98 99 0 1 2 3 4 5 6 7 8 9 10 11 12 13 14 15 16 17 18 19 20 21 22 23 24 25 26 27 28 29 30 31 32 33 34 35 36 37 38 39 40 41 42 43 44 45 46 47 48 49 50 51 52 53 54 55 56 57 58 59 60 61 62 63 64 65 66 67 68 69 70 71 72 73 74 75 76 77 78 79 80 81 82 83 84 85 86 87 88 89 90 91 92 93 94 95 96 97 98 99 0 1 2 3 4 5 6 7 8 9 10 11 12 13 14 15 16 17 18 19 20 21 22 23 24 25 26 27 28 29 30 31 32 33 34 35 36 37 38 39 40 41 42 43 44 45 46 47 48 49 50 51 52 53 54 55 56 57 58 59 60 61 62 63 64 65 66 67 68 69 70 71 72 73 74 75 76 77 78 79 80 81 82 83 84 85 86 87 88 89 90 91 92 93 94 95 96 97 98 99 0 1 2 3 4 5 6 7 8 9 10 11 12 13 14 15 16 17 18 19 20 21 22 23 24 25 26 27 28 29 30 31 32 33 34 35 36 37 38 39 40 41 42 43 44 45 46 47 48 49 50 51 52 53 54 55 56 57 58 59 60 61 62 63 64 65 66 67 68 69 70 71 72 73 74 75 76 77 78 79 80 81 82 83 84 85 86 87 88 89 90 91 92 93 94 95 96 97 98 99 0 1 2 3 4 5 6 7 8 9 10 11 12 13 14 15 16 17 18 19 20 21 22 23 24 25 26 27 28 29 30 31 32 33 34 35 36 37 38 39 40 41 42 43 44 45 46 47 48 49 50 51 52 53 54 55 56 57 58 59 60 61 62 63 64 65 66 67 68 69 70 71 72 73 74 75 76 77 78 79 80 81 82 83 84 85 86 87 88 89 90 91 92 93 94 95 96 97 98 99 0 1 2 3 4 5 6 7 8 9 10 11 12 13 14 15 16 17 18 19 20 21 22 23 24 25 26 27 28 29 30 31 32 33 34 35 36 37 38 39 40 41 42 43 44 45 46 47 48 49 50 51 52 53 54 55 56 57 58 59 60 61 62 63 64 65 66 67 68 69 70 71 72 73 74 75 76 77 78 79 80 81 82 83 84 85 86 87 88 89 90 91 92 93 94 95 96 97 98 99 0 1 2 3 4 5 6 7 8 9 10 11 12 13 14 15 16 17 18 19 20 21 22 23 24 25 26 27 28 29 30 31 32 33 34 35 36 37 38 39 40 41 42 43 44 45 46 47 48 49 50 51 52 53 54 55 56 57 58 59 60 61 62 63 64 65 66 67 68 69 70 71 72 73 74 75 76 77 78 79 80 81 82 83 84 85 86 87 88 89 90 91 92 93 94 95 96 97 98 99 0 1 2 3 4 5 6 7 8 9 10 11 12 13 14 15 16 17 18 19 20 21 22 23 24 25 26 27 28 29 30 31 32 33 34 35 36 37 38 39 40 41 42 43 44 45 46 47 48 49 50 51 52 53 54 55 56 57 58 59 60 61 62 63 64 65 66 67 68 69 70 71 72 73 74 75 76 77 78 79 80 81 82 83 84 85 86 87 88 89 90 91 92 93 94 95 96 97 98 99 0 1 2 3 4 5 6 7 8 9 10 11 12 13 14 15 16 17 18 19 20 21 22 23 24 25 26 27 28 29 30 31 32 33 34 35 36 37 38 39 40 41 42 43 44 45 46 47 48 49 50 51 52 53 54 55 56 57 58 59 60 61 62 63 64 65 66 67 68 69 70 71 72 73 74 75 76 77 78 79 80 81 82 83 84 85 86 87 88 89 90 91 92 93 94 95 96 97 98 99 0 1 2 3 4 5 6 7 8 9 10 11 12 13 14 15 16 17 18 19 20 21 22 23 24 25 26 27 28 29 30 31 32 33 34 35 36 37 38 39 40 41 42 43 44 45 46 47 48 49 50 51 52 53 54 55 56 57 58 59 60 61 62 63 64 65 66 67 68 69 70 71 72 73 74 75 76 77 78 79 80 81 82 83 84 85 86 87 88 89 90 91 92 93 94 95 96 97 98 99 0 1 2 3 4 5 6 7 8 9 10 11 12 13 14 15 16 17 18 19 20 21 22 23 24 25 26 27 28 29 30 31 32 33 34 35 36 37 38 39 40 41 42 43 44 45 46 47 48 49 50 51 52 53 54 55 56 57 58 59 60 61 62 63 64 65 66 67 68 69 70 71 72 73 74 75 76 77 78 79 80 81 82 83 84 85 86 87 88 89 90 91 92 93 94 95 96 97 98 99 0 1 2 3 4 5 6 7 8 9 10 11 12 13 14 15 16 17 18 19 20 21 22 23 24 25 26 27 28 29 30 31 32 33 34 35 36 37 38 39 40 41 42 43 44 45 46 47 48 49 50 51 52 53 54 55 56 57 58 59 60 61 62 63 64 65 66 67 68 69 70 71 72 73 74 75 76 77 78 79 80 81 82 83 84 85 86 87 88 89 90 91 92 93 94 95 96 97 98 99 0 1 2 3 4 5 6 7 8 9 10 11 12 13 14 15 16 17 18 19 20 21 22 23 24 25 26 27 28 29 30 31 32 33 34 35 36 37 38 39 40 41 42 43 44 45 46 47 48 49 50 51 52 53 54 55 56 57 58 59 60 61 62 63 64 65 66 67 68 69 70 71 72 73 74 75 76 77 78 79 80 81 82 83 84 85 86 87 88 89 90 91 92 93 94 95 96 97 98 99 0 1 2 3 4 5 6 7 8 9 10 11 12 13 14 15 16 17 18 19 20 21 22 23 24 25 26 27 28 29 30 31 32 33 34 35 36 37 38 39 40 41 42 43 44 45 46 47 48 49 50 51 52 53 54 55 56 57 58 59 60 61 62 63 64 65 66 67 68 69 70 71 72 73 74 75 76 77 78 79 80 81 82 83 84 85 86 87 88 89 90 91 92 93 94 95 96 97 98 99 0 1 2 3 4 5 6 7 8 9 10 11 12 13 14 15 16 17 18 19 20 21 22 23 24 25 26 27 28 29 30 31 32 33 34 35 36 37 38 39 40 41 42 43 44 45 46 47 48 49 50 51 52 53 54 55 56 57 58 59 60 61 62 63 64 65 66 67 68 69 70 71 72 73 74 75 76 77 78 79 80 81 82 83 84 85 86 87 88 89 90 91 92 93 94 95 96 97 98 99 0 1 2 3 4 5 6 7 8 9 10 11 12 13 14 15 16 17 18 19 20 21 22 23 24 25 26 27 28 29 30 31 32 33 34 35 36 37 38 39 40 41 42 43 44 45 46 47 48 49 50 51 52 53 54 55 56 57 58 59 60 61 62 63 64 65 66 67 68 69 70 71 72 73 74 75 76 77 78 79 80 81 82 83 84 85 86 87 88 89 90 91 92 93 94 95 96 97 98 99 0 1 2 3 4 5 6 7 8 9 10 11 12 13 14 15 16 17 18 19 20 21 22 23 24 25 26 27 28 29 30 31 32 33 34 35 36 37 38 39 40 41 42 43 44 45 46 47 48 49 50 51 52 53 54 55 56 57 58 59 60 61 62 63 64 65 66 67 68 69 70 71 72 73 74 75 76 77 78 79 80 81 82 83 84 85 86 87 88 89 90 91 92 93 94 95 96 97 98 99 0 1 2 3 4 5 6 7 8 9 10 11 12 13 14 15 16 17 18 19 20 21 22 23 24 25 26 27 28 29 30 31 32 33 34 35 36 37 38 39 40 41 42 43 44 45 46 47 48 49 50 51 52 53 54 55 56 57 58 59 60 61 62 63 64 65 66 67 68 69 70 71 72 73 74 75 76 77 78 79 80 81 82 83 84 85 86 87 88 89 90 91 92 93 94 95 96 97 98 99 0 1 2 3 4 5 6 7 8 9 10 11 12 13 14 15 16 17 18 19 20 21 22 23 24 25 26 27 28 29 30 31 32 33 34 35 36 37 38 39 40 41 42 43 44 45 46 47 48 49 50 51 52 53 54 55 56 57 58 59 60 61 62 63 64 65 66 67 68 69 70 71 72 73 74 75 76 77 78 79 80 81 82 83 84 85 86 87 88 89 90 91 92 93 94 95 96 97 98 99 0 1 2 3 4 5 6 7 8 9 10 11 12 13 14 15 16 17 18 19 20 21 22 23 24 25 26 27 28 29 30 31 32 33 34 35 36 37 38 39 40 41 42 43 44 45 46 47 48 49 50 51 52 53 54 55 56 57 58 59 60 61 62 63 64 65 66 67 68 69 70 71 72 73 74 75 76 77 78 79 80 81 82 83 84 85 86 87 88 89 90 91 92 93 94 95 96 97 98 99 0 1 2 3 4 5 6 7 8 9 10 11 12 13 14 15 16 17 18 19 20 21 22 23 24 25 26 27 28 29 30 31 32 33 34 35 36 37 38 39 40 41 42 43 44 45 46 47 48 49 50 51 52 53 54 55 56 57 58 59 60 61 62 63 64 65 66 67 68 69 70 71 72 73 74 75 76 77 78 79 80 81 82 83 84 85 86 87 88 89 90 91 92 93 94 95 96 97 98 99 0 1 2 3 4 5 6 7 8 9 10 11 12 13 14 15 16 17 18 19 20 21 22 23 24 25 26 27 28 29 30 31 32 33 34 35 36 37 38 39 40 41 42 43 44 45 46 47 48 49 50 51 52 53 54 55 56 57 58 59 60 61 62 63 64 65 66 67 68 69 70 71 72 73 74 75 76 77 78 79 80 81 82 83 84 85 86 87 88 89 90 91 92 93 94 95 96 97 98 99 0 1 2 3 4 5 6 7 8 9 10 11 12 13 14 15 16 17 18 19 20 21 22 23 24 25 26 27 28 29 30 31 32 33 34 35 36 37 38 39 40 41 42 43 44 45 46 47 48 49 50 51 52 53 54 55 56 57 58 59 60 61 62 63 64 65 66 67 68 69 70 71 72 73 74 75 76 77 78 79 80 81 82 83 84 85 86 87 88 89 90 91 92 93 94 95 96 97 98 99 0 1 2 3 4 5 6 7 8 9 10 11 12 13 14 15 16 17 18 19 20 21 22 23 24 25 26 27 28 29 30 31 32 33 34 35 36 37 38 39 40 41 42 43 44 45 46 47 48 49 50 51 52 53 54 55 56 57 58 59 60 61 62 63 64 65 66 67 68 69 70 71 72 73 74 75 76 77 78 79 80 81 82 83 84 85 86 87 88 89 90 91 92 93 94 95 96 97 98 99 0 1 2 3 4 5 6 7 8 9 10 11 12 13 14 15 16 17 18 19 20 21 22 23 24 25 26 27 28 29 30 31 32 33 34 35 36 37 38 39 40 41 42 43 44 45 46 47 48 49 50 51 52 53 54 55 56 57 58 59 60 61 62 63 64 65 66 67 68 69 70 71 72 73 74 75 76 77 78 79 80 81 82 83 84 85 86 87 88 89 90 91 92 93 94 95 96 97 98 99 0 1 2 3 4 5 6 7 8 9 10 11 12 13 14 15 16 17 18 19 20 21 22 23 24 25 26 27 28 29 30 31 32 33 34 35 36 37 38 39 40 41 42 43 44 45 46 47 48 49 50 51 52 53 54 55 56 57 58 59 60 61 62 63 64 65 66 67 68 69 70 71 72 73 74 75 76 77 78 79 80 81 82 83 84 85 86 87 88 89 90 91 92 93 94 95 96 97 98 99 0 1 2 3 4 5 6 7 8 9 10 11 12 13 14 15 16 17 18 19 20 21 22 23 24 25 26 27 28 29 30 31 32 33 34 35 36 37 38 39 40 41 42 43 44 45 46 47 48 49 50 51 52 53 54 55 56 57 58 59 60 61 62 63 64 65 66 67 68 69 70 71 72 73 74 75 76 77 78 79 80 81 82 83 84 85 86 87 88 89 90 91 92 93 94 95 96 97 98 99 0 1 2 3 4 5 6 7 8 9 10 11 12 13 14 15 16 17 18 19 20 21 22 23 24 25 26 27 28 29 30 31 32 33 34 35 36 37 38 39 40 41 42 43 44 45 46 47 48 49 50 51 52 53 54 55 56 57 58 59 60 61 62 63 64 65 66 67 68 69 70 71 72 73 74 75 76 77 78 79 80 81 82 83 84 85 86 87 88 89 90 91 92 93 94 95 96 97 98 99 0 1 2 3 4 5 6 7 8 9 10 11 12 13 14 15 16 17 18 19 20 21 22 23 24 25 26 27 28 29 30 31 32 33 34 35 36 37 38 39 40 41 42 43 44 45 46 47 48 49 50 51 52 53 54 55 56 57 58 59 60 61 62 63 64 65 66 67 68 69 70 71 72 73 74 75 76 77 78 79 80 81 82 83 84 85 86 87 88 89 90 91 92 93 94 95 96 97 98 99 0 1 2 3 4 5 6 7 8 9 10 11 12 13 14 15 16 17 18 19 20 21 22 23 24 25 26 27 28 29 30 31 32 33 34 35 36 37 38 39 40 41 42 43 44 45 46 47 48 49 50 51 52 53 54 55 56 57 58 59 60 61 62 63 64 65 66 67 68 69 70 71 72 73 74 75 76 77 78 79 80 81 82 83 84 85 86 87 88 89 90 91 92 93 94 95 96 97 98 99 0 1 2 3 4 5 6 7 8 9 10 11 12 13 14 15 16 17 18 19 20 21 22 23 24 25 26 27 28 29 30 31 32 33 34 35 36 37 38 39 40 41 42 43 44 45 46 47 48 49 50 51 52 53 54 55 56 57 58 59 60 61 62 63 64 65 66 67 68 69 70 71 72 73 74 75 76 77 78 79 80 81 82 83 84 85 86 87 88 89 90 91 92 93 94 95 96 97 98 99 0 1 2 3 4 5 6 7 8 9 10 11 12 13 14 15 16 17 18 19 20 21 22 23 24 25 26 27 28 29 30 31 32 33 34 35 36 37 38 39 40 41 42 43 44 45 46 47 48 49 50 51 52 53 54 55 56 57 58 59 60 61 62 63 64 65 66 67 68 69 70 71 72 73 74 75 76 77 78 79 80 81 82 83 84 85 86 87 88 89 90 91 92 93 94 95 96 97 98 99 0 1 2 3 4 5 6 7 8 9 10 11 12 13 14 15 16 17 18 19 20 21 22 23 24 25 26 27 28 29 30 31 32 33 34 35 36 37 38 39 40 41 42 43 44 45 46 47 48 49 50 51 52 53 54 55 56 57 58 59 60 61 62 63 64 65 66 67 68 69 70 71 72 73 74 75 76 77 78 79 80 81 82 83 84 85 86 87 88 89 90 91 92 93 94 95 96 97 98 99 0 1 2 3 4 5 6 7 8 9 10 11 12 13 14 15 16 17 18 19 20 21 22 23 24 25 26 27 28 29 30 31 32 33 34 35 36 37 38 39 40 41 42 43 44 45 46 47 48 49 50 51 52 53 54 55 56 57 58 59 60 61 62 63 64 65 66 67 68 69 70 71 72 73 74 75 76 77 78 79 80 81 82 83 84 85 86 87 88 89 90 91 92 93 94 95 96 97 98 99 0 1 2 3 4 5 6 7 8 9 10 11 12 13 14 15 16 17 18 19 20 21 22 23 24 25 26 27 28 29 30 31 32 33 34 35 36 37 38 39 40 41 42 43 44 45 46 47 48 49 50 51 52 53 54 55 56 57 58 59 60 61 62 63 64 65 66 67 68 69 70 71 72 73 74 75 76 77 78 79 80 81 82 83 84 85 86 87 88 89 90 91 92 93 94 95 96 97 98 99 0 1 2 3 4 5 6 7 8 9 10 11 12 13 14 15 16 17 18 19 20 21 22 23 24 25 26 27 28 29 30 31 32 33 34 35 36 37 38 39 40 41 42 43 44 45 46 47 48 49 50 51 52 53 54 55 56 57 58 59 60 61 62 63 64 65 66 67 68 69 70 71 72 73 74 75 76 77 78 79 80 81 82 83 84 85 86 87 88 89 90 91 92 93 94 95 96 97 98 99 0 1 2 3 4 5 6 7 8 9 10 11 12 13 14 15 16 17 18 19 20 21 22 23 24 25 26 27 28 29 30 31 32 33 34 35 36 37 38 39 40 41 42 43 44 45 46 47 48 49 50 51 52 53 54 55 56 57 58 59 60 61 62 63 64 65 66 67 68 69 70 71 72 73 74 75 76 77 78 79 80 81 82 83 84 85 86 87 88 89 90 91 92 93 94 95 96 97 98 99 0 1 2 3 4 5 6 7 8 9 10 11 12 13 14 15 16 17 18 19 20 21 22 23 24 25 26 27 28 29 30 31 32 33 34 35 36 37 38 39 40 41 42 43 44 45 46 47 48 49 50 51 52 53 54 55 56 57 58 59 60 61 62 63 64 65 66 67 68 69 70 71 72 73 74 75 76 77 78 79 80 81 82 83 84 85 86 87 88 89 90 91 92 93 94 95 96 97 98 99 0 1 2 3 4 5 6 7 8 9 10 11 12 13 14 15 16 17 18 19 20 21 22 23 24 25 26 27 28 29 30 31 32 33 34 35 36 37 38 39 40 41 42 43 44 45 46 47 48 49 50 51 52 53 54 55 56 57 58 59 60 61 62 63 64 65 66 67 68 69 70 71 72 73 74 75 76 77 78 79 80 81 82 83 84 85 86 87 88 89 90 91 92 93 94 95 96 97 98 99 0 1 2 3 4 5 6 7 8 9 10 11 12 13 14 15 16 17 18 19 20 21 22 23 24 25 26 27 28 29 30 31 32 33 34 35 36 37 38 39 40 41 42 43 44 45 46 47 48 49 50 51 52 53 54 55 56 57 58 59 60 61 62 63 64 65 66 67 68 69 70 71 72 73 74 75 76 77 78 79 80 81 82 83 84 85 86 87 88 89 90 91 92 93 94 95 96 97 98 99 0 1 2 3 4 5 6 7 8 9 10 11 12 13 14 15 16 17 18 19 20 21 22 23 24 25 26 27 28 29 30 31 32 33 34 35 36 37 38 39 40 41 42 43 44 45 46 47 48 49 50 51 52 53 54 55 56 57 58 59 60 61 62 63 64 65 66 67 68 69 70 71 72 73 74 75 76 77 78 79 80 81 82 83 84 85 86 87 88 89 90 91 92 93 94 95 96 97 98 99 0 1 2 3 4 5 6 7 8 9 10 11 12 13 14 15 16 17 18 19 20 21 22 23 24 25 26 27 28 29 30 31 32 33 34 35 36 37 38 39 40 41 42 43 44 45 46 47 48 49 50 51 52 53 54 55 56 57 58 59 60 61 62 63 64 65 66 67 68 69 70 71 72 73 74 75 76 77 78 79 80 81 82 83 84 85 86 87 88 89 90 91 92 93 94 95 96 97 98 99 0 1 2 3 4 5 6 7 8 9 10 11 12 13 14 15 16 17 18 19 20 21 22 23 24 25 26 27 28 29 30 31 32 33 34 35 36 37 38 39 40 41 42 43 44 45 46 47 48 49 50 51 52 53 54 55 56 57 58 59 60 61 62 63 64 65 66 67 68 69 70 71 72 73 74 75 76 77 78 79 80 81 82 83 84 85 86 87 88 89 90 91 92 93 94 95 96 97 98 99 0 1 2 3 4 5 6 7 8 9 10 11 12 13 14 15 16 17 18 19 20 21 22 23 24 25 26 27 28 29 30 31 32 33 34 35 36 37 38 39 40 41 42 43 44 45 46 47 48 49 50 51 52 53 54 55 56 57 58 59 60 61 62 63 64 65 66 67 68 69 70 71 72 73 74 75 76 77 78 79 80 81 82 83 84 85 86 87 88 89 90 91 92 93 94 95 96 97 98 99 0 1 2 3 4 5 6 7 8 9 10 11 12 13 14 15 16 17 18 19 20 21 22 23 24 25 26 27 28 29 30 31 32 33 34 35 36 37 38 39 40 41 42 43 44 45 46 47 48 49 50 51 52 53 54 55 56 57 58 59 60 61 62 63 64 65 66 67 68 69 70 71 72 73 74 75 76 77 78 79 80 81 82 83 84 85 86 87 88 89 90 91 92 93 94 95 96 97 98 99 0 1 2 3 4 5 6 7 8 9 10 11 12 13 14 15 16 17 18 19 20 21 22 23 24 25 26 27 28 29 30 31 32 33 34 35 36 37 38 39 40 41 42 43 44 45 46 47 48 49 50 51 52 53 54 55 56 57 58 59 60 61 62 63 64 65 66 67 68 69 70 71 72 73 74 75 76 77 78 79 80 81 82 83 84 85 86 87 88 89 90 91 92 93 94 95 96 97 98 99 0 1 2 3 4 5 6 7 8 9 10 11 12 13 14 15 16 17 18 19 20 21 22 23 24 25 26 27 28 29 30 31 32 33 34 35 36 37 38 39 40 41 42 43 44 45 46 47 48 49 50 51 52 53 54 55 56 57 58 59 60 61 62 63 64 65 66 67 68 69 70 71 72 73 74 75 76 77 78 79 80 81 82 83 84 85 86 87 88 89 90 91 92 93 94 95 96 97 98 99 0 1 2 3 4 5 6 7 8 9 10 11 12 13 14 15 16 17 18 19 20 21 22 23 24 25 26 27 28 29 30 31 32 33 34 35 36 37 38 39 40 41 42 43 44 45 46 47 48 49 50 51 52 53 54 55 56 57 58 59 60 61 62 63 64 65 66 67 68 69 70 71 72 73 74 75 76 77 78 79 80 81 82 83 84 85 86 87 88 89 90 91 92 93 94 95 96 97 98 99 0 1 2 3 4 5 6 7 8 9 10 11 12 13 14 15 16 17 18 19 20 21 22 23 24 25 26 27 28 29 30 31 32 33 34 35 36 37 38 39 40 41 42 43 44 45 46 47 48 49 50 51 52 53 54 55 56 57 58 59 60 61 62 63 64 65 66 67 68 69 70 71 72 73 74 75 76 77 78 79 80 81 82 83 84 85 86 87 88 89 90 91 92 93 94 95 96 97 98 99 0 1 2 3 4 5 6 7 8 9 10 11 12 13 14 15 16 17 18 19 20 21 22 23 24 25 26 27 28 29 30 31 32 33 34 35 36 37 38 39 40 41 42 43 44 45 46 47 48 49 50 51 52 53 54 55 56 57 58 59 60 61 62 63 64 65 66 67 68 69 70 71 72 73 74 75 76 77 78 79 80 81 82 83 84 85 86 87 88 89 90 91 92 93 94 95 96 97 98 99 0 1 2 3 4 5 6 7 8 9 10 11 12 13 14 15 16 17 18 19 20 21 22 23 24 25 26 27 28 29 30 31 32 33 34 35 36 37 38 39 40 41 42 43 44 45 46 47 48 49 50 51 52 53 54 55 56 57 58 59 60 61 62 63 64 65 66 67 68 69 70 71 72 73 74 75 76 77 78 79 80 81 82 83 84 85 86 87 88 89 90 91 92 93 94 95 96 97 98 99 0 1 2 3 4 5 6 7 8 9 10 11 12 13 14 15 16 17 18 19 20 21 22 23 24 25 26 27 28 29 30 31 32 33 34 35 36 37 38 39 40 41 42 43 44 45 46 47 48 49 50 51 52 53 54 55 56 57 58 59 60 61 62 63 64 65 66 67 68 69 70 71 72 73 74 75 76 77 78 79 80 81 82 83 84 85 86 87 88 89 90 91 92 93 94 95 96 97 98 99 0 1 2 3 4 5 6 7 8 9 10 11 12 13 14 15 16 17 18 19 20 21 22 23 24 25 26 27 28 29 30 31 32 33 34 35 36 37 38 39 40 41 42 43 44 45 46 47 48 49 50 51 52 53 54 55 56 57 58 59 60 61 62 63 64 65 66 67 68 69 70 71 72 73 74 75 76 77 78 79 80 81 82 83 84 85 86 87 88 89 90 91 92 93 94 95 96 97 98 99 0 1 2 3 4 5 6 7 8 9 10 11 12 13 14 15 16 17 18 19 20 21 22 23 24 25 26 27 28 29 30 31 32 33 34 35 36 37 38 39 40 41 42 43 44 45 46 47 48 49 50 51 52 53 54 55 56 57 58 59 60 61 62 63 64 65 66 67 68 69 70 71 72 73 74 75 76 77 78 79 80 81 82 83 84 85 86 87 88 89 90 91 92 93 94 95 96 97 98 99 0 1 2 3 4 5 6 7 8 9 10 11 12 13 14 15 16 17 18 19 20 21 22 23 24 25 26 27 28 29 30 31 32 33 34 35 36 37 38 39 40 41 42 43 44 45 46 47 48 49 50 51 52 53 54 55 56 57 58 59 60 61 62 63 64 65 66 67 68 69 70 71 72 73 74 75 76 77 78 79 80 81 82 83 84 85 86 87 88 89 90 91 92 93 94 95 96 97 98 99 0 1 2 3 4 5 6 7 8 9 10 11 12 13 14 15 16 17 18 19 20 21 22 23 24 25 26 27 28 29 30 31 32 33 34 35 36 37 38 39 40 41 42 43 44 45 46 47 48 49 50 51 52 53 54 55 56 57 58 59 60 61 62 63 64 65 66 67 68 69 70 71 72 73 74 75 76 77 78 79 80 81 82 83 84 85 86 87 88 89 90 91 92 93 94 95 96 97 98 99 0 1 2 3 4 5 6 7 8 9 10 11 12 13 14 15 16 17 18 19 20 21 22 23 24 25 26 27 28 29 30 31 32 33 34 35 36 37 38 39 40 41 42 43 44 45 46 47 48 49 50 51 52 53 54 55 56 57 58 59 60 61 62 63 64 65 66 67 68 69 70 71 72 73 74 75 76 77 78 79 80 81 82 83 84 85 86 87 88 89 90 91 92 93 94 95 96 97 98 99 0 1 2 3 4 5 6 7 8 9 10 11 12 13 14 15 16 17 18 19 20 21 22 23 24 25 26 27 28 29 30 31 32 33 34 35 36 37 38 39 40 41 42 43 44 45 46 47 48 49 50 51 52 53 54 55 56 57 58 59 60 61 62 63 64 65 66 67 68 69 70 71 72 73 74 75 76 77 78 79 80 81 82 83 84 85 86 87 88 89 90 91 92 93 94 95 96 97 98 99 0 1 2 3 4 5 6 7 8 9 10 11 12 13 14 15 16 17 18 19 20 21 22 23 24 25 26 27 28 29 30 31 32 33 34 35 36 37 38 39 40 41 42 43 44 45 46 47 48 49 50 51 52 53 54 55 56 57 58 59 60 61 62 63 64 65 66 67 68 69 70 71 72 73 74 75 76 77 78 79 80 81 82 83 84 85 86 87 88 89 90 91 92 93 94 95 96 97 98 99 0 1 2 3 4 5 6 7 8 9 10 11 12 13 14 15 16 17 18 19 20 21 22 23 24 25 26 27 28 29 30 31 32 33 34 35 36 37 38 39 40 41 42 43 44 45 46 47 48 49 50 51 52 53 54 55 56 57 58 59 60 61 62 63 64 65 66 67 68 69 70 71 72 73 74 75 76 77 78 79 80 81 82 83 84 85 86 87 88 89 90 91 92 93 94 95 96 97 98 99 0 1 2 3 4 5 6 7 8 9 10 11 12 13 14 15 16 17 18 19 20 21 22 23 24 25 26 27 28 29 30 31 32 33 34 35 36 37 38 39 40 41 42 43 44 45 46 47 48 49 50 51 52 53 54 55 56 57 58 59 60 61 62 63 64 65 66 67 68 69 70 71 72 73 74 75 76 77 78 79 80 81 82 83 84 85 86 87 88 89 90 91 92 93 94 95 96 97 98 99 0 1 2 3 4 5 6 7 8 9 10 11 12 13 14 15 16 17 18 19 20 21 22 23 24 25 26 27 28 29 30 31 32 33 34 35 36 37 38 39 40 41 42 43 44 45 46 47 48 49 50 51 52 53 54 55 56 57 58 59 60 61 62 63 64 65 66 67 68 69 70 71 72 73 74 75 76 77 78 79 80 81 82 83 84 85 86 87 88 89 90 91 92 93 94 95 96 97 98 99 0 1 2 3 4 5 6 7 8 9 10 11 12 13 14 15 16 17 18 19 20 21 22 23 24 25 26 27 28 29 30 31 32 33 34 35 36 37 38 39 40 41 42 43 44 45 46 47 48 49 50 51 52 53 54 55 56 57 58 59 60 61 62 63 64 65 66 67 68 69 70 71 72 73 74 75 76 77 78 79 80 81 82 83 84 85 86 87 88 89 90 91 92 93 94 95 96 97 98 99 0 1 2 3 4 5 6 7 8 9 10 11 12 13 14 15 16 17 18 19 20 21 22 23 24 25 26 27 28 29 30 31 32 33 34 35 36 37 38 39 40 41 42 43 44 45 46 47 48 49 50 51 52 53 54 55 56 57 58 59 60 61 62 63 64 65 66 67 68 69 70 71 72 73 74 75 76 77 78 79 80 81 82 83 84 85 86 87 88 89 90 91 92 93 94 95 96 97 98 99 0 1 2 3 4 5 6 7 8 9 10 11 12 13 14 15 16 17 18 19 20 21 22 23 24 25 26 27 28 29 30 31 32 33 34 35 36 37 38 39 40 41 42 43 44 45 46 47 48 49 50 51 52 53 54 55 56 57 58 59 60 61 62 63 64 65 66 67 68 69 70 71 72 73 74 75 76 77 78 79 80 81 82 83 84 85 86 87 88 89 90 91 92 93 94 95 96 97 98 99 0 1 2 3 4 5 6 7 8 9 10 11 12 13 14 15 16 17 18 19 20 21 22 23 24 25 26 27 28 29 30 31 32 33 34 35 36 37 38 39 40 41 42 43 44 45 46 47 48 49 50 51 52 53 54 55 56 57 58 59 60 61 62 63 64 65 66 67 68 69 70 71 72 73 74 75 76 77 78 79 80 81 82 83 84 85 86 87 88 89 90 91 92 93 94 95 96 97 98 99 0 1 2 3 4 5 6 7 8 9 10 11 12 13 14 15 16 17 18 19 20 21 22 23 24 25 26 27 28 29 30 31 32 33 34 35 36 37 38 39 40 41 42 43 44 45 46 47 48 49 50 51 52 53 54 55 56 57 58 59 60 61 62 63 64 65 66 67 68 69 70 71 72 73 74 75 76 77 78 79 80 81 82 83 84 85 86 87 88 89 90 91 92 93 94 95 96 97 98 99 0 1 2 3 4 5 6 7 8 9 10 11 12 13 14 15 16 17 18 19 20 21 22 23 24 25 26 27 28 29 30 31 32 33 34 35 36 37 38 39 40 41 42 43 44 45 46 47 48 49 50 51 52 53 54 55 56 57 58 59 60 61 62 63 64 65 66 67 68 69 70 71 72 73 74 75 76 77 78 79 80 81 82 83 84 85 86 87 88 89 90 91 92 93 94 95 96 97 98 99 0 1 2 3 4 5 6 7 8 9 10 11 12 13 14 15 16 17 18 19 20 21 22 23 24 25 26 27 28 29 30 31 32 33 34 35 36 37 38 39 40 41 42 43 44 45 46 47 48 49 50 51 52 53 54 55 56 57 58 59 60 61 62 63 64 65 66 67 68 69 70 71 72 73 74 75 76 77 78 79 80 81 82 83 84 85 86 87 88 89 90 91 92 93 94 95 96 97 98 99 0 1 2 3 4 5 6 7 8 9 10 11 12 13 14 15 16 17 18 19 20 21 22 23 24 25 26 27 28 29 30 31 32 33 34 35 36 37 38 39 40 41 42 43 44 45 46 47 48 49 50 51 52 53 54 55 56 57 58 59 60 61 62 63 64 65 66 67 68 69 70 71 72 73 74 75 76 77 78 79 80 81 82 83 84 85 86 87 88 89 90 91 92 93 94 95 96 97 98 99 0 1 2 3 4 5 6 7 8 9 10 11 12 13 14 15 16 17 18 19 20 21 22 23 24 25 26 27 28 29 30 31 32 33 34 35 36 37 38 39 40 41 42 43 44 45 46 47 48 49 50 51 52 53 54 55 56 57 58 59 60 61 62 63 64 65 66 67 68 69 70 71 72 73 74 75 76 77 78 79 80 81 82 83 84 85 86 87 88 89 90 91 92 93 94 95 96 97 98 99 0 1 2 3 4 5 6 7 8 9 10 11 12 13 14 15 16 17 18 19 20 21 22 23 24 25 26 27 28 29 30 31 32 33 34 35 36 37 38 39 40 41 42 43 44 45 46 47 48 49 50 51 52 53 54 55 56 57 58 59 60 61 62 63 64 65 66 67 68 69 70 71 72 73 74 75 76 77 78 79 80 81 82 83 84 85 86 87 88 89 90 91 92 93 94 95 96 97 98 99 0 1 2 3 4 5 6 7 8 9 10 11 12 13 14 15 16 17 18 19 20 21 22 23 24 25 26 27 28 29 30 31 32 33 34 35 36 37 38 39 40 41 42 43 44 45 46 47 48 49 50 51 52 53 54 55 56 57 58 59 60 61 62 63 64 65 66 67 68 69 70 71 72 73 74 75 76 77 78 79 80 81 82 83 84 85 86 87 88 89 90 91 92 93 94 95 96 97 98 99 0 1 2 3 4 5 6 7 8 9 10 11 12 13 14 15 16 17 18 19 20 21 22 23 24 25 26 27 28 29 30 31 32 33 34 35 36 37 38 39 40 41 42 43 44 45 46 47 48 49 50 51 52 53 54 55 56 57 58 59 60 61 62 63 64 65 66 67 68 69 70 71 72 73 74 75 76 77 78 79 80 81 82 83 84 85 86 87 88 89 90 91 92 93 94 95 96 97 98 99 0 1 2 3 4 5 6 7 8 9 10 11 12 13 14 15 16 17 18 19 20 21 22 23 24 25 26 27 28 29 30 31 32 33 34 35 36 37 38 39 40 41 42 43 44 45 46 47 48 49 50 51 52 53 54 55 56 57 58 59 60 61 62 63 64 65 66 67 68 69 70 71 72 73 74 75 76 77 78 79 80 81 82 83 84 85 86 87 88 89 90 91 92 93 94 95 96 97 98 99 0 1 2 3 4 5 6 7 8 9 10 11 12 13 14 15 16 17 18 19 20 21 22 23 24 25 26 27 28 29 30 31 32 33 34 35 36 37 38 39 40 41 42 43 44 45 46 47 48 49 50 51 52 53 54 55 56 57 58 59 60 61 62 63 64 65 66 67 68 69 70 71 72 73 74 75 76 77 78 79 80 81 82 83 84 85 86 87 88 89 90 91 92 93 94 95 96 97 98 99 0 1 2 3 4 5 6 7 8 9 10 11 12 13 14 15 16 17 18 19 20 21 22 23 24 25 26 27 28 29 30 31 32 33 34 35 36 37 38 39 40 41 42 43 44 45 46 47 48 49 50 51 52 53 54 55 56 57 58 59 60 61 62 63 64 65 66 67 68 69 70 71 72 73 74 75 76 77 78 79 80 81 82 83 84 85 86 87 88 89 90 91 92 93 94 95 96 97 98 99 0 1 2 3 4 5 6 7 8 9 10 11 12 13 14 15 16 17 18 19 20 21 22 23 24 25 26 27 28 29 30 31 32 33 34 35 36 37 38 39 40 41 42 43 44 45 46 47 48 49 50 51 52 53 54 55 56 57 58 59 60 61 62 63 64 65 66 67 68 69 70 71 72 73 74 75 76 77 78 79 80 81 82 83 84 85 86 87 88 89 90 91 92 93 94 95 96 97 98 99 0 1 2 3 4 5 6 7 8 9 10 11 12 13 14 15 16 17 18 19 20 21 22 23 24 25 26 27 28 29 30 31 32 33 34 35 36 37 38 39 40 41 42 43 44 45 46 47 48 49 50 51 52 53 54 55 56 57 58 59 60 61 62 63 64 65 66 67 68 69 70 71 72 73 74 75 76 77 78 79 80 81 82 83 84 85 86 87 88 89 90 91 92 93 94 95 96 97 98 99 0 1 2 3 4 5 6 7 8 9 10 11 12 13 14 15 16 17 18 19 20 21 22 23 24 25 26 27 28 29 30 31 32 33 34 35 36 37 38 39 40 41 42 43 44 45 46 47 48 49 50 51 52 53 54 55 56 57 58 59 60 61 62 63 64 65 66 67 68 69 70 71 72 73 74 75 76 77 78 79 80 81 82 83 84 85 86 87 88 89 90 91 92 93 94 95 96 97 98 99 0 1 2 3 4 5 6 7 8 9 10 11 12 13 14 15 16 17 18 19 20 21 22 23 24 25 26 27 28 29 30 31 32 33 34 35 36 37 38 39 40 41 42 43 44 45 46 47 48 49 50 51 52 53 54 55 56 57 58 59 60 61 62 63 64 65 66 67 68 69 70 71 72 73 74 75 76 77 78 79 80 81 82 83 84 85 86 87 88 89 90 91 92 93 94 95 96 97 98 99 0 1 2 3 4 5 6 7 8 9 10 11 12 13 14 15 16 17 18 19 20 21 22 23 24 25 26 27 28 29 30 31 32 33 34 35 36 37 38 39 40 41 42 43 44 45 46 47 48 49 50 51 52 53 54 55 56 57 58 59 60 61 62 63 64 65 66 67 68 69 70 71 72 73 74 75 76 77 78 79 80 81 82 83 84 85 86 87 88 89 90 91 92 93 94 95 96 97 98 99 0 1 2 3 4 5 6 7 8 9 10 11 12 13 14 15 16 17 18 19 20 21 22 23 24 25 26 27 28 29 30 31 32 33 34 35 36 37 38 39 40 41 42 43 44 45 46 47 48 49 50 51 52 53 54 55 56 57 58 59 60 61 62 63 64 65 66 67 68 69 70 71 72 73 74 75 76 77 78 79 80 81 82 83 84 85 86 87 88 89 90 91 92 93 94 95 96 97 98 99 0 1 2 3 4 5 6 7 8 9 10 11 12 13 14 15 16 17 18 19 20 21 22 23 24 25 26 27 28 29 30 31 32 33 34 35 36 37 38 39 40 41 42 43 44 45 46 47 48 49 50 51 52 53 54 55 56 57 58 59 60 61 62 63 64 65 66 67 68 69 70 71 72 73 74 75 76 77 78 79 80 81 82 83 84 85 86 87 88 89 90 91 92 93 94 95 96 97 98 99 0 1 2 3 4 5 6 7 8 9 10 11 12 13 14 15 16 17 18 19 20 21 22 23 24 25 26 27 28 29 30 31 32 33 34 35 36 37 38 39 40 41 42 43 44 45 46 47 48 49 50 51 52 53 54 55 56 57 58 59 60 61 62 63 64 65 66 67 68 69 70 71 72 73 74 75 76 77 78 79 80 81 82 83 84 85 86 87 88 89 90 91 92 93 94 95 96 97 98 99 0 1 2 3 4 5 6 7 8 9 10 11 12 13 14 15 16 17 18 19 20 21 22 23 24 25 26 27 28 29 30 31 32 33 34 35 36 37 38 39 40 41 42 43 44 45 46 47 48 49 50 51 52 53 54 55 56 57 58 59 60 61 62 63 64 65 66 67 68 69 70 71 72 73 74 75 76 77 78 79 80 81 82 83 84 85 86 87 88 89 90 91 92 93 94 95 96 97 98 99 0 1 2 3 4 5 6 7 8 9 10 11 12 13 14 15 16 17 18 19 20 21 22 23 24 25 26 27 28 29 30 31 32 33 34 35 36 37 38 39 40 41 42 43 44 45 46 47 48 49 50 51 52 53 54 55 56 57 58 59 60 61 62 63 64 65 66 67 68 69 70 71 72 73 74 75 76 77 78 79 80 81 82 83 84 85 86 87 88 89 90 91 92 93 94 95 96 97 98 99 0 1 2 3 4 5 6 7 8 9 10 11 12 13 14 15 16 17 18 19 20 21 22 23 24 25 26 27 28 29 30 31 32 33 34 35 36 37 38 39 40 41 42 43 44 45 46 47 48 49 50 51 52 53 54 55 56 57 58 59 60 61 62 63 64 65 66 67 68 69 70 71 72 73 74 75 76 77 78 79 80 81 82 83 84 85 86 87 88 89 90 91 92 93 94 95 96 97 98 99 0 1 2 3 4 5 6 7 8 9 10 11 12 13 14 15 16 17 18 19 20 21 22 23 24 25 26 27 28 29 30 31 32 33 34 35 36 37 38 39 40 41 42 43 44 45 46 47 48 49 50 51 52 53 54 55 56 57 58 59 60 61 62 63 64 65 66 67 68 69 70 71 72 73 74 75 76 77 78 79 80 81 82 83 84 85 86 87 88 89 90 91 92 93 94 95 96 97 98 99 0 1 2 3 4 5 6 7 8 9 10 11 12 13 14 15 16 17 18 19 20 21 22 23 24 25 26 27 28 29 30 31 32 33 34 35 36 37 38 39 40 41 42 43 44 45 46 47 48 49 50 51 52 53 54 55 56 57 58 59 60 61 62 63 64 65 66 67 68 69 70 71 72 73 74 75 76 77 78 79 80 81 82 83 84 85 86 87 88 89 90 91 92 93 94 95 96 97 98 99 0 1 2 3 4 5 6 7 8 9 10 11 12 13 14 15 16 17 18 19 20 21 22 23 24 25 26 27 28 29 30 31 32 33 34 35 36 37 38 39 40 41 42 43 44 45 46 47 48 49 50 51 52 53 54 55 56 57 58 59 60 61 62 63 64 65 66 67 68 69 70 71 72 73 74 75 76 77 78 79 80 81 82 83 84 85 86 87 88 89 90 91 92 93 94 95 96 97 98 99 
</Matrix>
   <Matrix name="yloc" type="complete" rows="1" columns="10000" multiplier="1.0">
   0 0 0 0 0 0 0 0 0 0 0 0 0 0 0 0 0 0 0 0 0 0 0 0 0 0 0 0 0 0 0 0 0 0 0 0 0 0 0 0 0 0 0 0 0 0 0 0 0 0 0 0 0 0 0 0 0 0 0 0 0 0 0 0 0 0 0 0 0 0 0 0 0 0 0 0 0 0 0 0 0 0 0 0 0 0 0 0 0 0 0 0 0 0 0 0 0 0 0 0 1 1 1 1 1 1 1 1 1 1 1 1 1 1 1 1 1 1 1 1 1 1 1 1 1 1 1 1 1 1 1 1 1 1 1 1 1 1 1 1 1 1 1 1 1 1 1 1 1 1 1 1 1 1 1 1 1 1 1 1 1 1 1 1 1 1 1 1 1 1 1 1 1 1 1 1 1 1 1 1 1 1 1 1 1 1 1 1 1 1 1 1 1 1 1 1 1 1 1 1 2 2 2 2 2 2 2 2 2 2 2 2 2 2 2 2 2 2 2 2 2 2 2 2 2 2 2 2 2 2 2 2 2 2 2 2 2 2 2 2 2 2 2 2 2 2 2 2 2 2 2 2 2 2 2 2 2 2 2 2 2 2 2 2 2 2 2 2 2 2 2 2 2 2 2 2 2 2 2 2 2 2 2 2 2 2 2 2 2 2 2 2 2 2 2 2 2 2 2 2 3 3 3 3 3 3 3 3 3 3 3 3 3 3 3 3 3 3 3 3 3 3 3 3 3 3 3 3 3 3 3 3 3 3 3 3 3 3 3 3 3 3 3 3 3 3 3 3 3 3 3 3 3 3 3 3 3 3 3 3 3 3 3 3 3 3 3 3 3 3 3 3 3 3 3 3 3 3 3 3 3 3 3 3 3 3 3 3 3 3 3 3 3 3 3 3 3 3 3 3 4 4 4 4 4 4 4 4 4 4 4 4 4 4 4 4 4 4 4 4 4 4 4 4 4 4 4 4 4 4 4 4 4 4 4 4 4 4 4 4 4 4 4 4 4 4 4 4 4 4 4 4 4 4 4 4 4 4 4 4 4 4 4 4 4 4 4 4 4 4 4 4 4 4 4 4 4 4 4 4 4 4 4 4 4 4 4 4 4 4 4 4 4 4 4 4 4 4 4 4 5 5 5 5 5 5 5 5 5 5 5 5 5 5 5 5 5 5 5 5 5 5 5 5 5 5 5 5 5 5 5 5 5 5 5 5 5 5 5 5 5 5 5 5 5 5 5 5 5 5 5 5 5 5 5 5 5 5 5 5 5 5 5 5 5 5 5 5 5 5 5 5 5 5 5 5 5 5 5 5 5 5 5 5 5 5 5 5 5 5 5 5 5 5 5 5 5 5 5 5 6 6 6 6 6 6 6 6 6 6 6 6 6 6 6 6 6 6 6 6 6 6 6 6 6 6 6 6 6 6 6 6 6 6 6 6 6 6 6 6 6 6 6 6 6 6 6 6 6 6 6 6 6 6 6 6 6 6 6 6 6 6 6 6 6 6 6 6 6 6 6 6 6 6 6 6 6 6 6 6 6 6 6 6 6 6 6 6 6 6 6 6 6 6 6 6 6 6 6 6 7 7 7 7 7 7 7 7 7 7 7 7 7 7 7 7 7 7 7 7 7 7 7 7 7 7 7 7 7 7 7 7 7 7 7 7 7 7 7 7 7 7 7 7 7 7 7 7 7 7 7 7 7 7 7 7 7 7 7 7 7 7 7 7 7 7 7 7 7 7 7 7 7 7 7 7 7 7 7 7 7 7 7 7 7 7 7 7 7 7 7 7 7 7 7 7 7 7 7 7 8 8 8 8 8 8 8 8 8 8 8 8 8 8 8 8 8 8 8 8 8 8 8 8 8 8 8 8 8 8 8 8 8 8 8 8 8 8 8 8 8 8 8 8 8 8 8 8 8 8 8 8 8 8 8 8 8 8 8 8 8 8 8 8 8 8 8 8 8 8 8 8 8 8 8 8 8 8 8 8 8 8 8 8 8 8 8 8 8 8 8 8 8 8 8 8 8 8 8 8 9 9 9 9 9 9 9 9 9 9 9 9 9 9 9 9 9 9 9 9 9 9 9 9 9 9 9 9 9 9 9 9 9 9 9 9 9 9 9 9 9 9 9 9 9 9 9 9 9 9 9 9 9 9 9 9 9 9 9 9 9 9 9 9 9 9 9 9 9 9 9 9 9 9 9 9 9 9 9 9 9 9 9 9 9 9 9 9 9 9 9 9 9 9 9 9 9 9 9 9 10 10 10 10 10 10 10 10 10 10 10 10 10 10 10 10 10 10 10 10 10 10 10 10 10 10 10 10 10 10 10 10 10 10 10 10 10 10 10 10 10 10 10 10 10 10 10 10 10 10 10 10 10 10 10 10 10 10 10 10 10 10 10 10 10 10 10 10 10 10 10 10 10 10 10 10 10 10 10 10 10 10 10 10 10 10 10 10 10 10 10 10 10 10 10 10 10 10 10 10 11 11 11 11 11 11 11 11 11 11 11 11 11 11 11 11 11 11 11 11 11 11 11 11 11 11 11 11 11 11 11 11 11 11 11 11 11 11 11 11 11 11 11 11 11 11 11 11 11 11 11 11 11 11 11 11 11 11 11 11 11 11 11 11 11 11 11 11 11 11 11 11 11 11 11 11 11 11 11 11 11 11 11 11 11 11 11 11 11 11 11 11 11 11 11 11 11 11 11 11 12 12 12 12 12 12 12 12 12 12 12 12 12 12 12 12 12 12 12 12 12 12 12 12 12 12 12 12 12 12 12 12 12 12 12 12 12 12 12 12 12 12 12 12 12 12 12 12 12 12 12 12 12 12 12 12 12 12 12 12 12 12 12 12 12 12 12 12 12 12 12 12 12 12 12 12 12 12 12 12 12 12 12 12 12 12 12 12 12 12 12 12 12 12 12 12 12 12 12 12 13 13 13 13 13 13 13 13 13 13 13 13 13 13 13 13 13 13 13 13 13 13 13 13 13 13 13 13 13 13 13 13 13 13 13 13 13 13 13 13 13 13 13 13 13 13 13 13 13 13 13 13 13 13 13 13 13 13 13 13 13 13 13 13 13 13 13 13 13 13 13 13 13 13 13 13 13 13 13 13 13 13 13 13 13 13 13 13 13 13 13 13 13 13 13 13 13 13 13 13 14 14 14 14 14 14 14 14 14 14 14 14 14 14 14 14 14 14 14 14 14 14 14 14 14 14 14 14 14 14 14 14 14 14 14 14 14 14 14 14 14 14 14 14 14 14 14 14 14 14 14 14 14 14 14 14 14 14 14 14 14 14 14 14 14 14 14 14 14 14 14 14 14 14 14 14 14 14 14 14 14 14 14 14 14 14 14 14 14 14 14 14 14 14 14 14 14 14 14 14 15 15 15 15 15 15 15 15 15 15 15 15 15 15 15 15 15 15 15 15 15 15 15 15 15 15 15 15 15 15 15 15 15 15 15 15 15 15 15 15 15 15 15 15 15 15 15 15 15 15 15 15 15 15 15 15 15 15 15 15 15 15 15 15 15 15 15 15 15 15 15 15 15 15 15 15 15 15 15 15 15 15 15 15 15 15 15 15 15 15 15 15 15 15 15 15 15 15 15 15 16 16 16 16 16 16 16 16 16 16 16 16 16 16 16 16 16 16 16 16 16 16 16 16 16 16 16 16 16 16 16 16 16 16 16 16 16 16 16 16 16 16 16 16 16 16 16 16 16 16 16 16 16 16 16 16 16 16 16 16 16 16 16 16 16 16 16 16 16 16 16 16 16 16 16 16 16 16 16 16 16 16 16 16 16 16 16 16 16 16 16 16 16 16 16 16 16 16 16 16 17 17 17 17 17 17 17 17 17 17 17 17 17 17 17 17 17 17 17 17 17 17 17 17 17 17 17 17 17 17 17 17 17 17 17 17 17 17 17 17 17 17 17 17 17 17 17 17 17 17 17 17 17 17 17 17 17 17 17 17 17 17 17 17 17 17 17 17 17 17 17 17 17 17 17 17 17 17 17 17 17 17 17 17 17 17 17 17 17 17 17 17 17 17 17 17 17 17 17 17 18 18 18 18 18 18 18 18 18 18 18 18 18 18 18 18 18 18 18 18 18 18 18 18 18 18 18 18 18 18 18 18 18 18 18 18 18 18 18 18 18 18 18 18 18 18 18 18 18 18 18 18 18 18 18 18 18 18 18 18 18 18 18 18 18 18 18 18 18 18 18 18 18 18 18 18 18 18 18 18 18 18 18 18 18 18 18 18 18 18 18 18 18 18 18 18 18 18 18 18 19 19 19 19 19 19 19 19 19 19 19 19 19 19 19 19 19 19 19 19 19 19 19 19 19 19 19 19 19 19 19 19 19 19 19 19 19 19 19 19 19 19 19 19 19 19 19 19 19 19 19 19 19 19 19 19 19 19 19 19 19 19 19 19 19 19 19 19 19 19 19 19 19 19 19 19 19 19 19 19 19 19 19 19 19 19 19 19 19 19 19 19 19 19 19 19 19 19 19 19 20 20 20 20 20 20 20 20 20 20 20 20 20 20 20 20 20 20 20 20 20 20 20 20 20 20 20 20 20 20 20 20 20 20 20 20 20 20 20 20 20 20 20 20 20 20 20 20 20 20 20 20 20 20 20 20 20 20 20 20 20 20 20 20 20 20 20 20 20 20 20 20 20 20 20 20 20 20 20 20 20 20 20 20 20 20 20 20 20 20 20 20 20 20 20 20 20 20 20 20 21 21 21 21 21 21 21 21 21 21 21 21 21 21 21 21 21 21 21 21 21 21 21 21 21 21 21 21 21 21 21 21 21 21 21 21 21 21 21 21 21 21 21 21 21 21 21 21 21 21 21 21 21 21 21 21 21 21 21 21 21 21 21 21 21 21 21 21 21 21 21 21 21 21 21 21 21 21 21 21 21 21 21 21 21 21 21 21 21 21 21 21 21 21 21 21 21 21 21 21 22 22 22 22 22 22 22 22 22 22 22 22 22 22 22 22 22 22 22 22 22 22 22 22 22 22 22 22 22 22 22 22 22 22 22 22 22 22 22 22 22 22 22 22 22 22 22 22 22 22 22 22 22 22 22 22 22 22 22 22 22 22 22 22 22 22 22 22 22 22 22 22 22 22 22 22 22 22 22 22 22 22 22 22 22 22 22 22 22 22 22 22 22 22 22 22 22 22 22 22 23 23 23 23 23 23 23 23 23 23 23 23 23 23 23 23 23 23 23 23 23 23 23 23 23 23 23 23 23 23 23 23 23 23 23 23 23 23 23 23 23 23 23 23 23 23 23 23 23 23 23 23 23 23 23 23 23 23 23 23 23 23 23 23 23 23 23 23 23 23 23 23 23 23 23 23 23 23 23 23 23 23 23 23 23 23 23 23 23 23 23 23 23 23 23 23 23 23 23 23 24 24 24 24 24 24 24 24 24 24 24 24 24 24 24 24 24 24 24 24 24 24 24 24 24 24 24 24 24 24 24 24 24 24 24 24 24 24 24 24 24 24 24 24 24 24 24 24 24 24 24 24 24 24 24 24 24 24 24 24 24 24 24 24 24 24 24 24 24 24 24 24 24 24 24 24 24 24 24 24 24 24 24 24 24 24 24 24 24 24 24 24 24 24 24 24 24 24 24 24 25 25 25 25 25 25 25 25 25 25 25 25 25 25 25 25 25 25 25 25 25 25 25 25 25 25 25 25 25 25 25 25 25 25 25 25 25 25 25 25 25 25 25 25 25 25 25 25 25 25 25 25 25 25 25 25 25 25 25 25 25 25 25 25 25 25 25 25 25 25 25 25 25 25 25 25 25 25 25 25 25 25 25 25 25 25 25 25 25 25 25 25 25 25 25 25 25 25 25 25 26 26 26 26 26 26 26 26 26 26 26 26 26 26 26 26 26 26 26 26 26 26 26 26 26 26 26 26 26 26 26 26 26 26 26 26 26 26 26 26 26 26 26 26 26 26 26 26 26 26 26 26 26 26 26 26 26 26 26 26 26 26 26 26 26 26 26 26 26 26 26 26 26 26 26 26 26 26 26 26 26 26 26 26 26 26 26 26 26 26 26 26 26 26 26 26 26 26 26 26 27 27 27 27 27 27 27 27 27 27 27 27 27 27 27 27 27 27 27 27 27 27 27 27 27 27 27 27 27 27 27 27 27 27 27 27 27 27 27 27 27 27 27 27 27 27 27 27 27 27 27 27 27 27 27 27 27 27 27 27 27 27 27 27 27 27 27 27 27 27 27 27 27 27 27 27 27 27 27 27 27 27 27 27 27 27 27 27 27 27 27 27 27 27 27 27 27 27 27 27 28 28 28 28 28 28 28 28 28 28 28 28 28 28 28 28 28 28 28 28 28 28 28 28 28 28 28 28 28 28 28 28 28 28 28 28 28 28 28 28 28 28 28 28 28 28 28 28 28 28 28 28 28 28 28 28 28 28 28 28 28 28 28 28 28 28 28 28 28 28 28 28 28 28 28 28 28 28 28 28 28 28 28 28 28 28 28 28 28 28 28 28 28 28 28 28 28 28 28 28 29 29 29 29 29 29 29 29 29 29 29 29 29 29 29 29 29 29 29 29 29 29 29 29 29 29 29 29 29 29 29 29 29 29 29 29 29 29 29 29 29 29 29 29 29 29 29 29 29 29 29 29 29 29 29 29 29 29 29 29 29 29 29 29 29 29 29 29 29 29 29 29 29 29 29 29 29 29 29 29 29 29 29 29 29 29 29 29 29 29 29 29 29 29 29 29 29 29 29 29 30 30 30 30 30 30 30 30 30 30 30 30 30 30 30 30 30 30 30 30 30 30 30 30 30 30 30 30 30 30 30 30 30 30 30 30 30 30 30 30 30 30 30 30 30 30 30 30 30 30 30 30 30 30 30 30 30 30 30 30 30 30 30 30 30 30 30 30 30 30 30 30 30 30 30 30 30 30 30 30 30 30 30 30 30 30 30 30 30 30 30 30 30 30 30 30 30 30 30 30 31 31 31 31 31 31 31 31 31 31 31 31 31 31 31 31 31 31 31 31 31 31 31 31 31 31 31 31 31 31 31 31 31 31 31 31 31 31 31 31 31 31 31 31 31 31 31 31 31 31 31 31 31 31 31 31 31 31 31 31 31 31 31 31 31 31 31 31 31 31 31 31 31 31 31 31 31 31 31 31 31 31 31 31 31 31 31 31 31 31 31 31 31 31 31 31 31 31 31 31 32 32 32 32 32 32 32 32 32 32 32 32 32 32 32 32 32 32 32 32 32 32 32 32 32 32 32 32 32 32 32 32 32 32 32 32 32 32 32 32 32 32 32 32 32 32 32 32 32 32 32 32 32 32 32 32 32 32 32 32 32 32 32 32 32 32 32 32 32 32 32 32 32 32 32 32 32 32 32 32 32 32 32 32 32 32 32 32 32 32 32 32 32 32 32 32 32 32 32 32 33 33 33 33 33 33 33 33 33 33 33 33 33 33 33 33 33 33 33 33 33 33 33 33 33 33 33 33 33 33 33 33 33 33 33 33 33 33 33 33 33 33 33 33 33 33 33 33 33 33 33 33 33 33 33 33 33 33 33 33 33 33 33 33 33 33 33 33 33 33 33 33 33 33 33 33 33 33 33 33 33 33 33 33 33 33 33 33 33 33 33 33 33 33 33 33 33 33 33 33 34 34 34 34 34 34 34 34 34 34 34 34 34 34 34 34 34 34 34 34 34 34 34 34 34 34 34 34 34 34 34 34 34 34 34 34 34 34 34 34 34 34 34 34 34 34 34 34 34 34 34 34 34 34 34 34 34 34 34 34 34 34 34 34 34 34 34 34 34 34 34 34 34 34 34 34 34 34 34 34 34 34 34 34 34 34 34 34 34 34 34 34 34 34 34 34 34 34 34 34 35 35 35 35 35 35 35 35 35 35 35 35 35 35 35 35 35 35 35 35 35 35 35 35 35 35 35 35 35 35 35 35 35 35 35 35 35 35 35 35 35 35 35 35 35 35 35 35 35 35 35 35 35 35 35 35 35 35 35 35 35 35 35 35 35 35 35 35 35 35 35 35 35 35 35 35 35 35 35 35 35 35 35 35 35 35 35 35 35 35 35 35 35 35 35 35 35 35 35 35 36 36 36 36 36 36 36 36 36 36 36 36 36 36 36 36 36 36 36 36 36 36 36 36 36 36 36 36 36 36 36 36 36 36 36 36 36 36 36 36 36 36 36 36 36 36 36 36 36 36 36 36 36 36 36 36 36 36 36 36 36 36 36 36 36 36 36 36 36 36 36 36 36 36 36 36 36 36 36 36 36 36 36 36 36 36 36 36 36 36 36 36 36 36 36 36 36 36 36 36 37 37 37 37 37 37 37 37 37 37 37 37 37 37 37 37 37 37 37 37 37 37 37 37 37 37 37 37 37 37 37 37 37 37 37 37 37 37 37 37 37 37 37 37 37 37 37 37 37 37 37 37 37 37 37 37 37 37 37 37 37 37 37 37 37 37 37 37 37 37 37 37 37 37 37 37 37 37 37 37 37 37 37 37 37 37 37 37 37 37 37 37 37 37 37 37 37 37 37 37 38 38 38 38 38 38 38 38 38 38 38 38 38 38 38 38 38 38 38 38 38 38 38 38 38 38 38 38 38 38 38 38 38 38 38 38 38 38 38 38 38 38 38 38 38 38 38 38 38 38 38 38 38 38 38 38 38 38 38 38 38 38 38 38 38 38 38 38 38 38 38 38 38 38 38 38 38 38 38 38 38 38 38 38 38 38 38 38 38 38 38 38 38 38 38 38 38 38 38 38 39 39 39 39 39 39 39 39 39 39 39 39 39 39 39 39 39 39 39 39 39 39 39 39 39 39 39 39 39 39 39 39 39 39 39 39 39 39 39 39 39 39 39 39 39 39 39 39 39 39 39 39 39 39 39 39 39 39 39 39 39 39 39 39 39 39 39 39 39 39 39 39 39 39 39 39 39 39 39 39 39 39 39 39 39 39 39 39 39 39 39 39 39 39 39 39 39 39 39 39 40 40 40 40 40 40 40 40 40 40 40 40 40 40 40 40 40 40 40 40 40 40 40 40 40 40 40 40 40 40 40 40 40 40 40 40 40 40 40 40 40 40 40 40 40 40 40 40 40 40 40 40 40 40 40 40 40 40 40 40 40 40 40 40 40 40 40 40 40 40 40 40 40 40 40 40 40 40 40 40 40 40 40 40 40 40 40 40 40 40 40 40 40 40 40 40 40 40 40 40 41 41 41 41 41 41 41 41 41 41 41 41 41 41 41 41 41 41 41 41 41 41 41 41 41 41 41 41 41 41 41 41 41 41 41 41 41 41 41 41 41 41 41 41 41 41 41 41 41 41 41 41 41 41 41 41 41 41 41 41 41 41 41 41 41 41 41 41 41 41 41 41 41 41 41 41 41 41 41 41 41 41 41 41 41 41 41 41 41 41 41 41 41 41 41 41 41 41 41 41 42 42 42 42 42 42 42 42 42 42 42 42 42 42 42 42 42 42 42 42 42 42 42 42 42 42 42 42 42 42 42 42 42 42 42 42 42 42 42 42 42 42 42 42 42 42 42 42 42 42 42 42 42 42 42 42 42 42 42 42 42 42 42 42 42 42 42 42 42 42 42 42 42 42 42 42 42 42 42 42 42 42 42 42 42 42 42 42 42 42 42 42 42 42 42 42 42 42 42 42 43 43 43 43 43 43 43 43 43 43 43 43 43 43 43 43 43 43 43 43 43 43 43 43 43 43 43 43 43 43 43 43 43 43 43 43 43 43 43 43 43 43 43 43 43 43 43 43 43 43 43 43 43 43 43 43 43 43 43 43 43 43 43 43 43 43 43 43 43 43 43 43 43 43 43 43 43 43 43 43 43 43 43 43 43 43 43 43 43 43 43 43 43 43 43 43 43 43 43 43 44 44 44 44 44 44 44 44 44 44 44 44 44 44 44 44 44 44 44 44 44 44 44 44 44 44 44 44 44 44 44 44 44 44 44 44 44 44 44 44 44 44 44 44 44 44 44 44 44 44 44 44 44 44 44 44 44 44 44 44 44 44 44 44 44 44 44 44 44 44 44 44 44 44 44 44 44 44 44 44 44 44 44 44 44 44 44 44 44 44 44 44 44 44 44 44 44 44 44 44 45 45 45 45 45 45 45 45 45 45 45 45 45 45 45 45 45 45 45 45 45 45 45 45 45 45 45 45 45 45 45 45 45 45 45 45 45 45 45 45 45 45 45 45 45 45 45 45 45 45 45 45 45 45 45 45 45 45 45 45 45 45 45 45 45 45 45 45 45 45 45 45 45 45 45 45 45 45 45 45 45 45 45 45 45 45 45 45 45 45 45 45 45 45 45 45 45 45 45 45 46 46 46 46 46 46 46 46 46 46 46 46 46 46 46 46 46 46 46 46 46 46 46 46 46 46 46 46 46 46 46 46 46 46 46 46 46 46 46 46 46 46 46 46 46 46 46 46 46 46 46 46 46 46 46 46 46 46 46 46 46 46 46 46 46 46 46 46 46 46 46 46 46 46 46 46 46 46 46 46 46 46 46 46 46 46 46 46 46 46 46 46 46 46 46 46 46 46 46 46 47 47 47 47 47 47 47 47 47 47 47 47 47 47 47 47 47 47 47 47 47 47 47 47 47 47 47 47 47 47 47 47 47 47 47 47 47 47 47 47 47 47 47 47 47 47 47 47 47 47 47 47 47 47 47 47 47 47 47 47 47 47 47 47 47 47 47 47 47 47 47 47 47 47 47 47 47 47 47 47 47 47 47 47 47 47 47 47 47 47 47 47 47 47 47 47 47 47 47 47 48 48 48 48 48 48 48 48 48 48 48 48 48 48 48 48 48 48 48 48 48 48 48 48 48 48 48 48 48 48 48 48 48 48 48 48 48 48 48 48 48 48 48 48 48 48 48 48 48 48 48 48 48 48 48 48 48 48 48 48 48 48 48 48 48 48 48 48 48 48 48 48 48 48 48 48 48 48 48 48 48 48 48 48 48 48 48 48 48 48 48 48 48 48 48 48 48 48 48 48 49 49 49 49 49 49 49 49 49 49 49 49 49 49 49 49 49 49 49 49 49 49 49 49 49 49 49 49 49 49 49 49 49 49 49 49 49 49 49 49 49 49 49 49 49 49 49 49 49 49 49 49 49 49 49 49 49 49 49 49 49 49 49 49 49 49 49 49 49 49 49 49 49 49 49 49 49 49 49 49 49 49 49 49 49 49 49 49 49 49 49 49 49 49 49 49 49 49 49 49 50 50 50 50 50 50 50 50 50 50 50 50 50 50 50 50 50 50 50 50 50 50 50 50 50 50 50 50 50 50 50 50 50 50 50 50 50 50 50 50 50 50 50 50 50 50 50 50 50 50 50 50 50 50 50 50 50 50 50 50 50 50 50 50 50 50 50 50 50 50 50 50 50 50 50 50 50 50 50 50 50 50 50 50 50 50 50 50 50 50 50 50 50 50 50 50 50 50 50 50 51 51 51 51 51 51 51 51 51 51 51 51 51 51 51 51 51 51 51 51 51 51 51 51 51 51 51 51 51 51 51 51 51 51 51 51 51 51 51 51 51 51 51 51 51 51 51 51 51 51 51 51 51 51 51 51 51 51 51 51 51 51 51 51 51 51 51 51 51 51 51 51 51 51 51 51 51 51 51 51 51 51 51 51 51 51 51 51 51 51 51 51 51 51 51 51 51 51 51 51 52 52 52 52 52 52 52 52 52 52 52 52 52 52 52 52 52 52 52 52 52 52 52 52 52 52 52 52 52 52 52 52 52 52 52 52 52 52 52 52 52 52 52 52 52 52 52 52 52 52 52 52 52 52 52 52 52 52 52 52 52 52 52 52 52 52 52 52 52 52 52 52 52 52 52 52 52 52 52 52 52 52 52 52 52 52 52 52 52 52 52 52 52 52 52 52 52 52 52 52 53 53 53 53 53 53 53 53 53 53 53 53 53 53 53 53 53 53 53 53 53 53 53 53 53 53 53 53 53 53 53 53 53 53 53 53 53 53 53 53 53 53 53 53 53 53 53 53 53 53 53 53 53 53 53 53 53 53 53 53 53 53 53 53 53 53 53 53 53 53 53 53 53 53 53 53 53 53 53 53 53 53 53 53 53 53 53 53 53 53 53 53 53 53 53 53 53 53 53 53 54 54 54 54 54 54 54 54 54 54 54 54 54 54 54 54 54 54 54 54 54 54 54 54 54 54 54 54 54 54 54 54 54 54 54 54 54 54 54 54 54 54 54 54 54 54 54 54 54 54 54 54 54 54 54 54 54 54 54 54 54 54 54 54 54 54 54 54 54 54 54 54 54 54 54 54 54 54 54 54 54 54 54 54 54 54 54 54 54 54 54 54 54 54 54 54 54 54 54 54 55 55 55 55 55 55 55 55 55 55 55 55 55 55 55 55 55 55 55 55 55 55 55 55 55 55 55 55 55 55 55 55 55 55 55 55 55 55 55 55 55 55 55 55 55 55 55 55 55 55 55 55 55 55 55 55 55 55 55 55 55 55 55 55 55 55 55 55 55 55 55 55 55 55 55 55 55 55 55 55 55 55 55 55 55 55 55 55 55 55 55 55 55 55 55 55 55 55 55 55 56 56 56 56 56 56 56 56 56 56 56 56 56 56 56 56 56 56 56 56 56 56 56 56 56 56 56 56 56 56 56 56 56 56 56 56 56 56 56 56 56 56 56 56 56 56 56 56 56 56 56 56 56 56 56 56 56 56 56 56 56 56 56 56 56 56 56 56 56 56 56 56 56 56 56 56 56 56 56 56 56 56 56 56 56 56 56 56 56 56 56 56 56 56 56 56 56 56 56 56 57 57 57 57 57 57 57 57 57 57 57 57 57 57 57 57 57 57 57 57 57 57 57 57 57 57 57 57 57 57 57 57 57 57 57 57 57 57 57 57 57 57 57 57 57 57 57 57 57 57 57 57 57 57 57 57 57 57 57 57 57 57 57 57 57 57 57 57 57 57 57 57 57 57 57 57 57 57 57 57 57 57 57 57 57 57 57 57 57 57 57 57 57 57 57 57 57 57 57 57 58 58 58 58 58 58 58 58 58 58 58 58 58 58 58 58 58 58 58 58 58 58 58 58 58 58 58 58 58 58 58 58 58 58 58 58 58 58 58 58 58 58 58 58 58 58 58 58 58 58 58 58 58 58 58 58 58 58 58 58 58 58 58 58 58 58 58 58 58 58 58 58 58 58 58 58 58 58 58 58 58 58 58 58 58 58 58 58 58 58 58 58 58 58 58 58 58 58 58 58 59 59 59 59 59 59 59 59 59 59 59 59 59 59 59 59 59 59 59 59 59 59 59 59 59 59 59 59 59 59 59 59 59 59 59 59 59 59 59 59 59 59 59 59 59 59 59 59 59 59 59 59 59 59 59 59 59 59 59 59 59 59 59 59 59 59 59 59 59 59 59 59 59 59 59 59 59 59 59 59 59 59 59 59 59 59 59 59 59 59 59 59 59 59 59 59 59 59 59 59 60 60 60 60 60 60 60 60 60 60 60 60 60 60 60 60 60 60 60 60 60 60 60 60 60 60 60 60 60 60 60 60 60 60 60 60 60 60 60 60 60 60 60 60 60 60 60 60 60 60 60 60 60 60 60 60 60 60 60 60 60 60 60 60 60 60 60 60 60 60 60 60 60 60 60 60 60 60 60 60 60 60 60 60 60 60 60 60 60 60 60 60 60 60 60 60 60 60 60 60 61 61 61 61 61 61 61 61 61 61 61 61 61 61 61 61 61 61 61 61 61 61 61 61 61 61 61 61 61 61 61 61 61 61 61 61 61 61 61 61 61 61 61 61 61 61 61 61 61 61 61 61 61 61 61 61 61 61 61 61 61 61 61 61 61 61 61 61 61 61 61 61 61 61 61 61 61 61 61 61 61 61 61 61 61 61 61 61 61 61 61 61 61 61 61 61 61 61 61 61 62 62 62 62 62 62 62 62 62 62 62 62 62 62 62 62 62 62 62 62 62 62 62 62 62 62 62 62 62 62 62 62 62 62 62 62 62 62 62 62 62 62 62 62 62 62 62 62 62 62 62 62 62 62 62 62 62 62 62 62 62 62 62 62 62 62 62 62 62 62 62 62 62 62 62 62 62 62 62 62 62 62 62 62 62 62 62 62 62 62 62 62 62 62 62 62 62 62 62 62 63 63 63 63 63 63 63 63 63 63 63 63 63 63 63 63 63 63 63 63 63 63 63 63 63 63 63 63 63 63 63 63 63 63 63 63 63 63 63 63 63 63 63 63 63 63 63 63 63 63 63 63 63 63 63 63 63 63 63 63 63 63 63 63 63 63 63 63 63 63 63 63 63 63 63 63 63 63 63 63 63 63 63 63 63 63 63 63 63 63 63 63 63 63 63 63 63 63 63 63 64 64 64 64 64 64 64 64 64 64 64 64 64 64 64 64 64 64 64 64 64 64 64 64 64 64 64 64 64 64 64 64 64 64 64 64 64 64 64 64 64 64 64 64 64 64 64 64 64 64 64 64 64 64 64 64 64 64 64 64 64 64 64 64 64 64 64 64 64 64 64 64 64 64 64 64 64 64 64 64 64 64 64 64 64 64 64 64 64 64 64 64 64 64 64 64 64 64 64 64 65 65 65 65 65 65 65 65 65 65 65 65 65 65 65 65 65 65 65 65 65 65 65 65 65 65 65 65 65 65 65 65 65 65 65 65 65 65 65 65 65 65 65 65 65 65 65 65 65 65 65 65 65 65 65 65 65 65 65 65 65 65 65 65 65 65 65 65 65 65 65 65 65 65 65 65 65 65 65 65 65 65 65 65 65 65 65 65 65 65 65 65 65 65 65 65 65 65 65 65 66 66 66 66 66 66 66 66 66 66 66 66 66 66 66 66 66 66 66 66 66 66 66 66 66 66 66 66 66 66 66 66 66 66 66 66 66 66 66 66 66 66 66 66 66 66 66 66 66 66 66 66 66 66 66 66 66 66 66 66 66 66 66 66 66 66 66 66 66 66 66 66 66 66 66 66 66 66 66 66 66 66 66 66 66 66 66 66 66 66 66 66 66 66 66 66 66 66 66 66 67 67 67 67 67 67 67 67 67 67 67 67 67 67 67 67 67 67 67 67 67 67 67 67 67 67 67 67 67 67 67 67 67 67 67 67 67 67 67 67 67 67 67 67 67 67 67 67 67 67 67 67 67 67 67 67 67 67 67 67 67 67 67 67 67 67 67 67 67 67 67 67 67 67 67 67 67 67 67 67 67 67 67 67 67 67 67 67 67 67 67 67 67 67 67 67 67 67 67 67 68 68 68 68 68 68 68 68 68 68 68 68 68 68 68 68 68 68 68 68 68 68 68 68 68 68 68 68 68 68 68 68 68 68 68 68 68 68 68 68 68 68 68 68 68 68 68 68 68 68 68 68 68 68 68 68 68 68 68 68 68 68 68 68 68 68 68 68 68 68 68 68 68 68 68 68 68 68 68 68 68 68 68 68 68 68 68 68 68 68 68 68 68 68 68 68 68 68 68 68 69 69 69 69 69 69 69 69 69 69 69 69 69 69 69 69 69 69 69 69 69 69 69 69 69 69 69 69 69 69 69 69 69 69 69 69 69 69 69 69 69 69 69 69 69 69 69 69 69 69 69 69 69 69 69 69 69 69 69 69 69 69 69 69 69 69 69 69 69 69 69 69 69 69 69 69 69 69 69 69 69 69 69 69 69 69 69 69 69 69 69 69 69 69 69 69 69 69 69 69 70 70 70 70 70 70 70 70 70 70 70 70 70 70 70 70 70 70 70 70 70 70 70 70 70 70 70 70 70 70 70 70 70 70 70 70 70 70 70 70 70 70 70 70 70 70 70 70 70 70 70 70 70 70 70 70 70 70 70 70 70 70 70 70 70 70 70 70 70 70 70 70 70 70 70 70 70 70 70 70 70 70 70 70 70 70 70 70 70 70 70 70 70 70 70 70 70 70 70 70 71 71 71 71 71 71 71 71 71 71 71 71 71 71 71 71 71 71 71 71 71 71 71 71 71 71 71 71 71 71 71 71 71 71 71 71 71 71 71 71 71 71 71 71 71 71 71 71 71 71 71 71 71 71 71 71 71 71 71 71 71 71 71 71 71 71 71 71 71 71 71 71 71 71 71 71 71 71 71 71 71 71 71 71 71 71 71 71 71 71 71 71 71 71 71 71 71 71 71 71 72 72 72 72 72 72 72 72 72 72 72 72 72 72 72 72 72 72 72 72 72 72 72 72 72 72 72 72 72 72 72 72 72 72 72 72 72 72 72 72 72 72 72 72 72 72 72 72 72 72 72 72 72 72 72 72 72 72 72 72 72 72 72 72 72 72 72 72 72 72 72 72 72 72 72 72 72 72 72 72 72 72 72 72 72 72 72 72 72 72 72 72 72 72 72 72 72 72 72 72 73 73 73 73 73 73 73 73 73 73 73 73 73 73 73 73 73 73 73 73 73 73 73 73 73 73 73 73 73 73 73 73 73 73 73 73 73 73 73 73 73 73 73 73 73 73 73 73 73 73 73 73 73 73 73 73 73 73 73 73 73 73 73 73 73 73 73 73 73 73 73 73 73 73 73 73 73 73 73 73 73 73 73 73 73 73 73 73 73 73 73 73 73 73 73 73 73 73 73 73 74 74 74 74 74 74 74 74 74 74 74 74 74 74 74 74 74 74 74 74 74 74 74 74 74 74 74 74 74 74 74 74 74 74 74 74 74 74 74 74 74 74 74 74 74 74 74 74 74 74 74 74 74 74 74 74 74 74 74 74 74 74 74 74 74 74 74 74 74 74 74 74 74 74 74 74 74 74 74 74 74 74 74 74 74 74 74 74 74 74 74 74 74 74 74 74 74 74 74 74 75 75 75 75 75 75 75 75 75 75 75 75 75 75 75 75 75 75 75 75 75 75 75 75 75 75 75 75 75 75 75 75 75 75 75 75 75 75 75 75 75 75 75 75 75 75 75 75 75 75 75 75 75 75 75 75 75 75 75 75 75 75 75 75 75 75 75 75 75 75 75 75 75 75 75 75 75 75 75 75 75 75 75 75 75 75 75 75 75 75 75 75 75 75 75 75 75 75 75 75 76 76 76 76 76 76 76 76 76 76 76 76 76 76 76 76 76 76 76 76 76 76 76 76 76 76 76 76 76 76 76 76 76 76 76 76 76 76 76 76 76 76 76 76 76 76 76 76 76 76 76 76 76 76 76 76 76 76 76 76 76 76 76 76 76 76 76 76 76 76 76 76 76 76 76 76 76 76 76 76 76 76 76 76 76 76 76 76 76 76 76 76 76 76 76 76 76 76 76 76 77 77 77 77 77 77 77 77 77 77 77 77 77 77 77 77 77 77 77 77 77 77 77 77 77 77 77 77 77 77 77 77 77 77 77 77 77 77 77 77 77 77 77 77 77 77 77 77 77 77 77 77 77 77 77 77 77 77 77 77 77 77 77 77 77 77 77 77 77 77 77 77 77 77 77 77 77 77 77 77 77 77 77 77 77 77 77 77 77 77 77 77 77 77 77 77 77 77 77 77 78 78 78 78 78 78 78 78 78 78 78 78 78 78 78 78 78 78 78 78 78 78 78 78 78 78 78 78 78 78 78 78 78 78 78 78 78 78 78 78 78 78 78 78 78 78 78 78 78 78 78 78 78 78 78 78 78 78 78 78 78 78 78 78 78 78 78 78 78 78 78 78 78 78 78 78 78 78 78 78 78 78 78 78 78 78 78 78 78 78 78 78 78 78 78 78 78 78 78 78 79 79 79 79 79 79 79 79 79 79 79 79 79 79 79 79 79 79 79 79 79 79 79 79 79 79 79 79 79 79 79 79 79 79 79 79 79 79 79 79 79 79 79 79 79 79 79 79 79 79 79 79 79 79 79 79 79 79 79 79 79 79 79 79 79 79 79 79 79 79 79 79 79 79 79 79 79 79 79 79 79 79 79 79 79 79 79 79 79 79 79 79 79 79 79 79 79 79 79 79 80 80 80 80 80 80 80 80 80 80 80 80 80 80 80 80 80 80 80 80 80 80 80 80 80 80 80 80 80 80 80 80 80 80 80 80 80 80 80 80 80 80 80 80 80 80 80 80 80 80 80 80 80 80 80 80 80 80 80 80 80 80 80 80 80 80 80 80 80 80 80 80 80 80 80 80 80 80 80 80 80 80 80 80 80 80 80 80 80 80 80 80 80 80 80 80 80 80 80 80 81 81 81 81 81 81 81 81 81 81 81 81 81 81 81 81 81 81 81 81 81 81 81 81 81 81 81 81 81 81 81 81 81 81 81 81 81 81 81 81 81 81 81 81 81 81 81 81 81 81 81 81 81 81 81 81 81 81 81 81 81 81 81 81 81 81 81 81 81 81 81 81 81 81 81 81 81 81 81 81 81 81 81 81 81 81 81 81 81 81 81 81 81 81 81 81 81 81 81 81 82 82 82 82 82 82 82 82 82 82 82 82 82 82 82 82 82 82 82 82 82 82 82 82 82 82 82 82 82 82 82 82 82 82 82 82 82 82 82 82 82 82 82 82 82 82 82 82 82 82 82 82 82 82 82 82 82 82 82 82 82 82 82 82 82 82 82 82 82 82 82 82 82 82 82 82 82 82 82 82 82 82 82 82 82 82 82 82 82 82 82 82 82 82 82 82 82 82 82 82 83 83 83 83 83 83 83 83 83 83 83 83 83 83 83 83 83 83 83 83 83 83 83 83 83 83 83 83 83 83 83 83 83 83 83 83 83 83 83 83 83 83 83 83 83 83 83 83 83 83 83 83 83 83 83 83 83 83 83 83 83 83 83 83 83 83 83 83 83 83 83 83 83 83 83 83 83 83 83 83 83 83 83 83 83 83 83 83 83 83 83 83 83 83 83 83 83 83 83 83 84 84 84 84 84 84 84 84 84 84 84 84 84 84 84 84 84 84 84 84 84 84 84 84 84 84 84 84 84 84 84 84 84 84 84 84 84 84 84 84 84 84 84 84 84 84 84 84 84 84 84 84 84 84 84 84 84 84 84 84 84 84 84 84 84 84 84 84 84 84 84 84 84 84 84 84 84 84 84 84 84 84 84 84 84 84 84 84 84 84 84 84 84 84 84 84 84 84 84 84 85 85 85 85 85 85 85 85 85 85 85 85 85 85 85 85 85 85 85 85 85 85 85 85 85 85 85 85 85 85 85 85 85 85 85 85 85 85 85 85 85 85 85 85 85 85 85 85 85 85 85 85 85 85 85 85 85 85 85 85 85 85 85 85 85 85 85 85 85 85 85 85 85 85 85 85 85 85 85 85 85 85 85 85 85 85 85 85 85 85 85 85 85 85 85 85 85 85 85 85 86 86 86 86 86 86 86 86 86 86 86 86 86 86 86 86 86 86 86 86 86 86 86 86 86 86 86 86 86 86 86 86 86 86 86 86 86 86 86 86 86 86 86 86 86 86 86 86 86 86 86 86 86 86 86 86 86 86 86 86 86 86 86 86 86 86 86 86 86 86 86 86 86 86 86 86 86 86 86 86 86 86 86 86 86 86 86 86 86 86 86 86 86 86 86 86 86 86 86 86 87 87 87 87 87 87 87 87 87 87 87 87 87 87 87 87 87 87 87 87 87 87 87 87 87 87 87 87 87 87 87 87 87 87 87 87 87 87 87 87 87 87 87 87 87 87 87 87 87 87 87 87 87 87 87 87 87 87 87 87 87 87 87 87 87 87 87 87 87 87 87 87 87 87 87 87 87 87 87 87 87 87 87 87 87 87 87 87 87 87 87 87 87 87 87 87 87 87 87 87 88 88 88 88 88 88 88 88 88 88 88 88 88 88 88 88 88 88 88 88 88 88 88 88 88 88 88 88 88 88 88 88 88 88 88 88 88 88 88 88 88 88 88 88 88 88 88 88 88 88 88 88 88 88 88 88 88 88 88 88 88 88 88 88 88 88 88 88 88 88 88 88 88 88 88 88 88 88 88 88 88 88 88 88 88 88 88 88 88 88 88 88 88 88 88 88 88 88 88 88 89 89 89 89 89 89 89 89 89 89 89 89 89 89 89 89 89 89 89 89 89 89 89 89 89 89 89 89 89 89 89 89 89 89 89 89 89 89 89 89 89 89 89 89 89 89 89 89 89 89 89 89 89 89 89 89 89 89 89 89 89 89 89 89 89 89 89 89 89 89 89 89 89 89 89 89 89 89 89 89 89 89 89 89 89 89 89 89 89 89 89 89 89 89 89 89 89 89 89 89 90 90 90 90 90 90 90 90 90 90 90 90 90 90 90 90 90 90 90 90 90 90 90 90 90 90 90 90 90 90 90 90 90 90 90 90 90 90 90 90 90 90 90 90 90 90 90 90 90 90 90 90 90 90 90 90 90 90 90 90 90 90 90 90 90 90 90 90 90 90 90 90 90 90 90 90 90 90 90 90 90 90 90 90 90 90 90 90 90 90 90 90 90 90 90 90 90 90 90 90 91 91 91 91 91 91 91 91 91 91 91 91 91 91 91 91 91 91 91 91 91 91 91 91 91 91 91 91 91 91 91 91 91 91 91 91 91 91 91 91 91 91 91 91 91 91 91 91 91 91 91 91 91 91 91 91 91 91 91 91 91 91 91 91 91 91 91 91 91 91 91 91 91 91 91 91 91 91 91 91 91 91 91 91 91 91 91 91 91 91 91 91 91 91 91 91 91 91 91 91 92 92 92 92 92 92 92 92 92 92 92 92 92 92 92 92 92 92 92 92 92 92 92 92 92 92 92 92 92 92 92 92 92 92 92 92 92 92 92 92 92 92 92 92 92 92 92 92 92 92 92 92 92 92 92 92 92 92 92 92 92 92 92 92 92 92 92 92 92 92 92 92 92 92 92 92 92 92 92 92 92 92 92 92 92 92 92 92 92 92 92 92 92 92 92 92 92 92 92 92 93 93 93 93 93 93 93 93 93 93 93 93 93 93 93 93 93 93 93 93 93 93 93 93 93 93 93 93 93 93 93 93 93 93 93 93 93 93 93 93 93 93 93 93 93 93 93 93 93 93 93 93 93 93 93 93 93 93 93 93 93 93 93 93 93 93 93 93 93 93 93 93 93 93 93 93 93 93 93 93 93 93 93 93 93 93 93 93 93 93 93 93 93 93 93 93 93 93 93 93 94 94 94 94 94 94 94 94 94 94 94 94 94 94 94 94 94 94 94 94 94 94 94 94 94 94 94 94 94 94 94 94 94 94 94 94 94 94 94 94 94 94 94 94 94 94 94 94 94 94 94 94 94 94 94 94 94 94 94 94 94 94 94 94 94 94 94 94 94 94 94 94 94 94 94 94 94 94 94 94 94 94 94 94 94 94 94 94 94 94 94 94 94 94 94 94 94 94 94 94 95 95 95 95 95 95 95 95 95 95 95 95 95 95 95 95 95 95 95 95 95 95 95 95 95 95 95 95 95 95 95 95 95 95 95 95 95 95 95 95 95 95 95 95 95 95 95 95 95 95 95 95 95 95 95 95 95 95 95 95 95 95 95 95 95 95 95 95 95 95 95 95 95 95 95 95 95 95 95 95 95 95 95 95 95 95 95 95 95 95 95 95 95 95 95 95 95 95 95 95 96 96 96 96 96 96 96 96 96 96 96 96 96 96 96 96 96 96 96 96 96 96 96 96 96 96 96 96 96 96 96 96 96 96 96 96 96 96 96 96 96 96 96 96 96 96 96 96 96 96 96 96 96 96 96 96 96 96 96 96 96 96 96 96 96 96 96 96 96 96 96 96 96 96 96 96 96 96 96 96 96 96 96 96 96 96 96 96 96 96 96 96 96 96 96 96 96 96 96 96 97 97 97 97 97 97 97 97 97 97 97 97 97 97 97 97 97 97 97 97 97 97 97 97 97 97 97 97 97 97 97 97 97 97 97 97 97 97 97 97 97 97 97 97 97 97 97 97 97 97 97 97 97 97 97 97 97 97 97 97 97 97 97 97 97 97 97 97 97 97 97 97 97 97 97 97 97 97 97 97 97 97 97 97 97 97 97 97 97 97 97 97 97 97 97 97 97 97 97 97 98 98 98 98 98 98 98 98 98 98 98 98 98 98 98 98 98 98 98 98 98 98 98 98 98 98 98 98 98 98 98 98 98 98 98 98 98 98 98 98 98 98 98 98 98 98 98 98 98 98 98 98 98 98 98 98 98 98 98 98 98 98 98 98 98 98 98 98 98 98 98 98 98 98 98 98 98 98 98 98 98 98 98 98 98 98 98 98 98 98 98 98 98 98 98 98 98 98 98 98 99 99 99 99 99 99 99 99 99 99 99 99 99 99 99 99 99 99 99 99 99 99 99 99 99 99 99 99 99 99 99 99 99 99 99 99 99 99 99 99 99 99 99 99 99 99 99 99 99 99 99 99 99 99 99 99 99 99 99 99 99 99 99 99 99 99 99 99 99 99 99 99 99 99 99 99 99 99 99 99 99 99 99 99 99 99 99 99 99 99 99 99 99 99 99 99 99 99 99 99 
</Matrix>
   <Matrix name="neuronTypes" type="complete" rows="1" columns="10000" multiplier="1.0">
   2 2 1 2 2 2 2 2 2 2 2 2 1 2 2 2 2 2 2 2 2 2 1 2 2 2 2 2 2 2 2 2 1 2 2 2 2 2 2 2 2 2 1 2 2 2 2 2 2 2 2 2 1 2 2 2 2 2 2 2 2 2 1 2 2 2 2 2 2 2 2 2 1 2 2 2 2 2 2 2 2 2 1 2 2 2 2 2 2 2 2 2 1 2 2 2 2 2 2 2 2 2 2 2 2 2 2 2 2 2 2 2 2 2 2 2 2 2 2 2 2 2 2 2 2 2 2 2 2 2 2 2 2 2 2 2 2 2 2 2 2 2 2 2 2 2 2 2 2 2 2 2 2 2 2 2 2 2 2 2 2 2 2 2 2 2 2 2 2 2 2 2 2 2 2 2 2 2 2 2 2 2 2 2 2 2 2 2 2 2 2 2 2 2 2 2 2 2 2 2 2 2 2 2 2 1 2 2 1 2 2 2 2 2 2 1 2 2 1 2 2 2 2 2 2 1 2 2 1 2 2 2 2 2 2 1 2 2 1 2 2 2 2 2 2 1 2 2 1 2 2 2 2 2 2 1 2 2 1 2 2 2 2 2 2 1 2 2 1 2 2 2 2 2 2 1 2 2 1 2 2 2 2 2 2 1 2 2 1 2 2 2 2 2 2 1 2 2 1 2 2 2 1 2 2 2 2 2 2 2 2 2 1 2 2 2 2 2 2 2 2 2 1 2 2 2 2 2 2 2 2 2 1 2 2 2 2 2 2 2 2 2 1 2 2 2 2 2 2 2 2 2 1 2 2 2 2 2 2 2 2 2 1 2 2 2 2 2 2 2 2 2 1 2 2 2 2 2 2 2 2 2 1 2 2 2 2 2 2 2 2 2 1 2 2 2 2 2 2 2 2 2 2 2 2 2 2 2 2 2 2 2 2 2 2 2 2 2 2 2 2 2 2 2 2 2 2 2 2 2 2 2 2 2 2 2 2 2 2 2 2 2 2 2 2 2 2 2 2 2 2 2 2 2 2 2 2 2 2 2 2 2 2 2 2 2 2 2 2 2 2 2 2 2 2 2 2 2 2 2 2 2 2 2 2 2 2 2 2 2 2 2 2 2 2 2 2 2 2 2 2 2 2 2 2 1 2 2 1 2 2 2 2 2 2 1 2 2 1 2 2 2 2 2 2 1 2 2 1 2 2 2 2 2 2 1 2 2 1 2 2 2 2 2 2 1 2 2 1 2 2 2 2 2 2 1 2 2 1 2 2 2 2 2 2 1 2 2 1 2 2 2 2 2 2 1 2 2 1 2 2 2 2 2 2 1 2 2 1 2 2 2 2 2 2 1 2 2 1 2 2 2 1 2 2 2 2 2 2 2 2 2 1 2 2 2 2 2 2 2 2 2 1 2 2 2 2 2 2 2 2 2 1 2 2 2 2 2 2 2 2 2 1 2 2 2 2 2 2 2 2 2 1 2 2 2 2 2 2 2 2 2 1 2 2 2 2 2 2 2 2 2 1 2 2 2 2 2 2 2 2 2 1 2 2 2 2 2 2 2 2 2 1 2 2 2 2 2 2 2 2 2 2 2 2 2 2 2 2 2 2 2 2 2 2 2 2 2 2 2 2 2 2 2 2 2 2 2 2 2 2 2 2 2 2 2 2 2 2 2 2 2 2 2 2 2 2 2 2 2 2 2 2 2 2 2 2 2 2 2 2 2 2 2 2 2 2 2 2 2 2 2 2 2 2 2 2 2 2 2 2 2 2 2 2 2 2 2 2 2 2 2 2 2 2 2 2 2 2 2 2 2 2 2 2 1 2 2 1 2 2 2 2 2 2 1 2 2 1 2 2 2 2 2 2 1 2 2 1 2 2 2 2 2 2 1 2 2 1 2 2 2 2 2 2 1 2 2 1 2 2 2 2 2 2 1 2 2 1 2 2 2 2 2 2 1 2 2 1 2 2 2 2 2 2 1 2 2 1 2 2 2 2 2 2 1 2 2 1 2 2 2 2 2 2 1 2 2 1 2 2 2 1 2 2 2 2 2 2 2 2 2 1 2 2 2 2 2 2 2 2 2 1 2 2 2 2 2 2 2 2 2 1 2 2 2 2 2 2 2 2 2 1 2 2 2 2 2 2 2 2 2 1 2 2 2 2 2 2 2 2 2 1 2 2 2 2 2 2 2 2 2 1 2 2 2 2 2 2 2 2 2 1 2 2 2 2 2 2 2 2 2 1 2 2 2 2 2 2 2 2 2 2 2 2 2 2 2 1 2 2 2 2 2 2 2 2 2 1 2 2 2 2 2 2 2 2 2 1 2 2 2 2 2 2 2 2 2 1 2 2 2 2 2 2 2 2 2 1 2 2 2 2 2 2 2 2 2 1 2 2 2 2 2 2 2 2 2 1 2 2 2 2 2 2 2 2 2 1 2 2 2 2 2 2 2 2 2 1 2 2 2 2 2 2 2 2 2 1 2 2 2 2 2 2 2 2 2 2 2 2 2 2 2 2 2 2 2 2 2 2 2 2 2 2 2 2 2 2 2 2 2 2 2 2 2 2 2 2 2 2 2 2 2 2 2 2 2 2 2 2 2 2 2 2 2 2 2 2 2 2 2 2 2 2 2 2 2 2 2 2 2 2 2 2 2 2 2 2 2 2 2 2 2 2 2 2 2 2 2 2 2 2 2 2 2 2 2 2 2 2 2 1 2 2 1 2 2 2 2 2 2 1 2 2 1 2 2 2 2 2 2 1 2 2 1 2 2 2 2 2 2 1 2 2 1 2 2 2 2 2 2 1 2 2 1 2 2 2 2 2 2 1 2 2 1 2 2 2 2 2 2 1 2 2 1 2 2 2 2 2 2 1 2 2 1 2 2 2 2 2 2 1 2 2 1 2 2 2 2 2 2 1 2 2 1 2 2 2 2 2 2 2 2 2 2 2 2 1 2 2 2 2 2 2 2 2 2 1 2 2 2 2 2 2 2 2 2 1 2 2 2 2 2 2 2 2 2 1 2 2 2 2 2 2 2 2 2 1 2 2 2 2 2 2 2 2 2 1 2 2 2 2 2 2 2 2 2 1 2 2 2 2 2 2 2 2 2 1 2 2 2 2 2 2 2 2 2 1 2 2 2 2 2 2 2 2 2 1 2 2 2 2 2 2 2 2 2 2 2 2 2 2 2 2 2 2 2 2 2 2 2 2 2 2 2 2 2 2 2 2 2 2 2 2 2 2 2 2 2 2 2 2 2 2 2 2 2 2 2 2 2 2 2 2 2 2 2 2 2 2 2 2 2 2 2 2 2 2 2 2 2 2 2 2 2 2 2 2 2 2 2 2 2 2 2 2 2 2 2 2 2 2 2 2 2 2 2 2 2 2 2 1 2 2 1 2 2 2 2 2 2 1 2 2 1 2 2 2 2 2 2 1 2 2 1 2 2 2 2 2 2 1 2 2 1 2 2 2 2 2 2 1 2 2 1 2 2 2 2 2 2 1 2 2 1 2 2 2 2 2 2 1 2 2 1 2 2 2 2 2 2 1 2 2 1 2 2 2 2 2 2 1 2 2 1 2 2 2 2 2 2 1 2 2 1 2 2 2 2 2 2 2 2 2 2 2 2 1 2 2 2 2 2 2 2 2 2 1 2 2 2 2 2 2 2 2 2 1 2 2 2 2 2 2 2 2 2 1 2 2 2 2 2 2 2 2 2 1 2 2 2 2 2 2 2 2 2 1 2 2 2 2 2 2 2 2 2 1 2 2 2 2 2 2 2 2 2 1 2 2 2 2 2 2 2 2 2 1 2 2 2 2 2 2 2 2 2 1 2 2 2 2 2 2 2 2 2 2 2 2 2 2 2 2 2 2 2 2 2 2 2 2 2 2 2 2 2 2 2 2 2 2 2 2 2 2 2 2 2 2 2 2 2 2 2 2 2 2 2 2 2 2 2 2 2 2 2 2 2 2 2 2 2 2 2 2 2 2 2 2 2 2 2 2 2 2 2 2 2 2 2 2 2 2 2 2 2 2 2 2 2 2 2 2 2 2 2 2 2 2 2 1 2 2 1 2 2 2 2 2 2 1 2 2 1 2 2 2 2 2 2 1 2 2 1 2 2 2 2 2 2 1 2 2 1 2 2 2 2 2 2 1 2 2 1 2 2 2 2 2 2 1 2 2 1 2 2 2 2 2 2 1 2 2 1 2 2 2 2 2 2 1 2 2 1 2 2 2 2 2 2 1 2 2 1 2 2 2 2 2 2 1 2 2 1 2 2 2 2 2 2 2 2 2 2 2 2 1 2 2 2 2 2 2 2 2 2 1 2 2 2 2 2 2 2 2 2 1 2 2 2 2 2 2 2 2 2 1 2 2 2 2 2 2 2 2 2 1 2 2 2 2 2 2 2 2 2 1 2 2 2 2 2 2 2 2 2 1 2 2 2 2 2 2 2 2 2 1 2 2 2 2 2 2 2 2 2 1 2 2 2 2 2 2 2 2 2 1 2 2 2 1 2 2 2 2 2 2 2 2 2 1 2 2 2 2 2 2 2 2 2 1 2 2 2 2 2 2 2 2 2 1 2 2 2 2 2 2 2 2 2 1 2 2 2 2 2 2 2 2 2 1 2 2 2 2 2 2 2 2 2 1 2 2 2 2 2 2 2 2 2 1 2 2 2 2 2 2 2 2 2 1 2 2 2 2 2 2 2 2 2 1 2 2 2 2 2 2 2 2 2 2 2 2 2 2 2 2 2 2 2 2 2 2 2 2 2 2 2 2 2 2 2 2 2 2 2 2 2 2 2 2 2 2 2 2 2 2 2 2 2 2 2 2 2 2 2 2 2 2 2 2 2 2 2 2 2 2 2 2 2 2 2 2 2 2 2 2 2 2 2 2 2 2 2 2 2 2 2 2 2 2 2 2 2 2 2 2 2 2 2 2 2 2 2 2 2 2 2 2 2 2 2 2 1 2 2 1 2 2 2 2 2 2 1 2 2 1 2 2 2 2 2 2 1 2 2 1 2 2 2 2 2 2 1 2 2 1 2 2 2 2 2 2 1 2 2 1 2 2 2 2 2 2 1 2 2 1 2 2 2 2 2 2 1 2 2 1 2 2 2 2 2 2 1 2 2 1 2 2 2 2 2 2 1 2 2 1 2 2 2 2 2 2 1 2 2 1 2 2 2 1 2 2 2 2 2 2 2 2 2 1 2 2 2 2 2 2 2 2 2 1 2 2 2 2 2 2 2 2 2 1 2 2 2 2 2 2 2 2 2 1 2 2 2 2 2 2 2 2 2 1 2 2 2 2 2 2 2 2 2 1 2 2 2 2 2 2 2 2 2 1 2 2 2 2 2 2 2 2 2 1 2 2 2 2 2 2 2 2 2 1 2 2 2 2 2 2 2 2 2 2 2 2 2 2 2 2 2 2 2 2 2 2 2 2 2 2 2 2 2 2 2 2 2 2 2 2 2 2 2 2 2 2 2 2 2 2 2 2 2 2 2 2 2 2 2 2 2 2 2 2 2 2 2 2 2 2 2 2 2 2 2 2 2 2 2 2 2 2 2 2 2 2 2 2 2 2 2 2 2 2 2 2 2 2 2 2 2 2 2 2 2 2 2 2 2 2 2 2 2 2 2 2 1 2 2 1 2 2 2 2 2 2 1 2 2 1 2 2 2 2 2 2 1 2 2 1 2 2 2 2 2 2 1 2 2 1 2 2 2 2 2 2 1 2 2 1 2 2 2 2 2 2 1 2 2 1 2 2 2 2 2 2 1 2 2 1 2 2 2 2 2 2 1 2 2 1 2 2 2 2 2 2 1 2 2 1 2 2 2 2 2 2 1 2 2 1 2 2 2 1 2 2 2 2 2 2 2 2 2 1 2 2 2 2 2 2 2 2 2 1 2 2 2 2 2 2 2 2 2 1 2 2 2 2 2 2 2 2 2 1 2 2 2 2 2 2 2 2 2 1 2 2 2 2 2 2 2 2 2 1 2 2 2 2 2 2 2 2 2 1 2 2 2 2 2 2 2 2 2 1 2 2 2 2 2 2 2 2 2 1 2 2 2 2 2 2 2 2 2 2 2 2 2 2 2 2 2 2 2 2 2 2 2 2 2 2 2 2 2 2 2 2 2 2 2 2 2 2 2 2 2 2 2 2 2 2 2 2 2 2 2 2 2 2 2 2 2 2 2 2 2 2 2 2 2 2 2 2 2 2 2 2 2 2 2 2 2 2 2 2 2 2 2 2 2 2 2 2 2 2 2 2 2 2 2 2 2 2 2 2 2 2 2 2 2 2 2 2 2 2 2 2 1 2 2 1 2 2 2 2 2 2 1 2 2 1 2 2 2 2 2 2 1 2 2 1 2 2 2 2 2 2 1 2 2 1 2 2 2 2 2 2 1 2 2 1 2 2 2 2 2 2 1 2 2 1 2 2 2 2 2 2 1 2 2 1 2 2 2 2 2 2 1 2 2 1 2 2 2 2 2 2 1 2 2 1 2 2 2 2 2 2 1 2 2 1 2 2 2 1 2 2 2 2 2 2 2 2 2 1 2 2 2 2 2 2 2 2 2 1 2 2 2 2 2 2 2 2 2 1 2 2 2 2 2 2 2 2 2 1 2 2 2 2 2 2 2 2 2 1 2 2 2 2 2 2 2 2 2 1 2 2 2 2 2 2 2 2 2 1 2 2 2 2 2 2 2 2 2 1 2 2 2 2 2 2 2 2 2 1 2 2 2 2 2 2 2 2 2 2 2 2 2 2 2 1 2 2 2 2 2 2 2 2 2 1 2 2 2 2 2 2 2 2 2 1 2 2 2 2 2 2 2 2 2 1 2 2 2 2 2 2 2 2 2 1 2 2 2 2 2 2 2 2 2 1 2 2 2 2 2 2 2 2 2 1 2 2 2 2 2 2 2 2 2 1 2 2 2 2 2 2 2 2 2 1 2 2 2 2 2 2 2 2 2 1 2 2 2 2 2 2 2 2 2 2 2 2 2 2 2 2 2 2 2 2 2 2 2 2 2 2 2 2 2 2 2 2 2 2 2 2 2 2 2 2 2 2 2 2 2 2 2 2 2 2 2 2 2 2 2 2 2 2 2 2 2 2 2 2 2 2 2 2 2 2 2 2 2 2 2 2 2 2 2 2 2 2 2 2 2 2 2 2 2 2 2 2 2 2 2 2 2 2 2 2 2 2 2 1 2 2 1 2 2 2 2 2 2 1 2 2 1 2 2 2 2 2 2 1 2 2 1 2 2 2 2 2 2 1 2 2 1 2 2 2 2 2 2 1 2 2 1 2 2 2 2 2 2 1 2 2 1 2 2 2 2 2 2 1 2 2 1 2 2 2 2 2 2 1 2 2 1 2 2 2 2 2 2 1 2 2 1 2 2 2 2 2 2 1 2 2 1 2 2 2 2 2 2 2 2 2 2 2 2 1 2 2 2 2 2 2 2 2 2 1 2 2 2 2 2 2 2 2 2 1 2 2 2 2 2 2 2 2 2 1 2 2 2 2 2 2 2 2 2 1 2 2 2 2 2 2 2 2 2 1 2 2 2 2 2 2 2 2 2 1 2 2 2 2 2 2 2 2 2 1 2 2 2 2 2 2 2 2 2 1 2 2 2 2 2 2 2 2 2 1 2 2 2 2 2 2 2 2 2 2 2 2 2 2 2 2 2 2 2 2 2 2 2 2 2 2 2 2 2 2 2 2 2 2 2 2 2 2 2 2 2 2 2 2 2 2 2 2 2 2 2 2 2 2 2 2 2 2 2 2 2 2 2 2 2 2 2 2 2 2 2 2 2 2 2 2 2 2 2 2 2 2 2 2 2 2 2 2 2 2 2 2 2 2 2 2 2 2 2 2 2 2 2 1 2 2 1 2 2 2 2 2 2 1 2 2 1 2 2 2 2 2 2 1 2 2 1 2 2 2 2 2 2 1 2 2 1 2 2 2 2 2 2 1 2 2 1 2 2 2 2 2 2 1 2 2 1 2 2 2 2 2 2 1 2 2 1 2 2 2 2 2 2 1 2 2 1 2 2 2 2 2 2 1 2 2 1 2 2 2 2 2 2 1 2 2 1 2 2 2 2 2 2 2 2 2 2 2 2 1 2 2 2 2 2 2 2 2 2 1 2 2 2 2 2 2 2 2 2 1 2 2 2 2 2 2 2 2 2 1 2 2 2 2 2 2 2 2 2 1 2 2 2 2 2 2 2 2 2 1 2 2 2 2 2 2 2 2 2 1 2 2 2 2 2 2 2 2 2 1 2 2 2 2 2 2 2 2 2 1 2 2 2 2 2 2 2 2 2 1 2 2 2 2 2 2 2 2 2 2 2 2 2 2 2 2 2 2 2 2 2 2 2 2 2 2 2 2 2 2 2 2 2 2 2 2 2 2 2 2 2 2 2 2 2 2 2 2 2 2 2 2 2 2 2 2 2 2 2 2 2 2 2 2 2 2 2 2 2 2 2 2 2 2 2 2 2 2 2 2 2 2 2 2 2 2 2 2 2 2 2 2 2 2 2 2 2 2 2 2 2 2 2 1 2 2 1 2 2 2 2 2 2 1 2 2 1 2 2 2 2 2 2 1 2 2 1 2 2 2 2 2 2 1 2 2 1 2 2 2 2 2 2 1 2 2 1 2 2 2 2 2 2 1 2 2 1 2 2 2 2 2 2 1 2 2 1 2 2 2 2 2 2 1 2 2 1 2 2 2 2 2 2 1 2 2 1 2 2 2 2 2 2 1 2 2 1 2 2 2 2 2 2 2 2 2 2 2 2 1 2 2 2 2 2 2 2 2 2 1 2 2 2 2 2 2 2 2 2 1 2 2 2 2 2 2 2 2 2 1 2 2 2 2 2 2 2 2 2 1 2 2 2 2 2 2 2 2 2 1 2 2 2 2 2 2 2 2 2 1 2 2 2 2 2 2 2 2 2 1 2 2 2 2 2 2 2 2 2 1 2 2 2 2 2 2 2 2 2 1 2 2 2 1 2 2 2 2 2 2 2 2 2 1 2 2 2 2 2 2 2 2 2 1 2 2 2 2 2 2 2 2 2 1 2 2 2 2 2 2 2 2 2 1 2 2 2 2 2 2 2 2 2 1 2 2 2 2 2 2 2 2 2 1 2 2 2 2 2 2 2 2 2 1 2 2 2 2 2 2 2 2 2 1 2 2 2 2 2 2 2 2 2 1 2 2 2 2 2 2 2 2 2 2 2 2 2 2 2 2 2 2 2 2 2 2 2 2 2 2 2 2 2 2 2 2 2 2 2 2 2 2 2 2 2 2 2 2 2 2 2 2 2 2 2 2 2 2 2 2 2 2 2 2 2 2 2 2 2 2 2 2 2 2 2 2 2 2 2 2 2 2 2 2 2 2 2 2 2 2 2 2 2 2 2 2 2 2 2 2 2 2 2 2 2 2 2 2 2 2 2 2 2 2 2 2 1 2 2 1 2 2 2 2 2 2 1 2 2 1 2 2 2 2 2 2 1 2 2 1 2 2 2 2 2 2 1 2 2 1 2 2 2 2 2 2 1 2 2 1 2 2 2 2 2 2 1 2 2 1 2 2 2 2 2 2 1 2 2 1 2 2 2 2 2 2 1 2 2 1 2 2 2 2 2 2 1 2 2 1 2 2 2 2 2 2 1 2 2 1 2 2 2 1 2 2 2 2 2 2 2 2 2 1 2 2 2 2 2 2 2 2 2 1 2 2 2 2 2 2 2 2 2 1 2 2 2 2 2 2 2 2 2 1 2 2 2 2 2 2 2 2 2 1 2 2 2 2 2 2 2 2 2 1 2 2 2 2 2 2 2 2 2 1 2 2 2 2 2 2 2 2 2 1 2 2 2 2 2 2 2 2 2 1 2 2 2 2 2 2 2 2 2 2 2 2 2 2 2 2 2 2 2 2 2 2 2 2 2 2 2 2 2 2 2 2 2 2 2 2 2 2 2 2 2 2 2 2 2 2 2 2 2 2 2 2 2 2 2 2 2 2 2 2 2 2 2 2 2 2 2 2 2 2 2 2 2 2 2 2 2 2 2 2 2 2 2 2 2 2 2 2 2 2 2 2 2 2 2 2 2 2 2 2 2 2 2 2 2 2 2 2 2 2 2 2 1 2 2 1 2 2 2 2 2 2 1 2 2 1 2 2 2 2 2 2 1 2 2 1 2 2 2 2 2 2 1 2 2 1 2 2 2 2 2 2 1 2 2 1 2 2 2 2 2 2 1 2 2 1 2 2 2 2 2 2 1 2 2 1 2 2 2 2 2 2 1 2 2 1 2 2 2 2 2 2 1 2 2 1 2 2 2 2 2 2 1 2 2 1 2 2 2 1 2 2 2 2 2 2 2 2 2 1 2 2 2 2 2 2 2 2 2 1 2 2 2 2 2 2 2 2 2 1 2 2 2 2 2 2 2 2 2 1 2 2 2 2 2 2 2 2 2 1 2 2 2 2 2 2 2 2 2 1 2 2 2 2 2 2 2 2 2 1 2 2 2 2 2 2 2 2 2 1 2 2 2 2 2 2 2 2 2 1 2 2 2 2 2 2 2 2 2 2 2 2 2 2 2 2 2 2 2 2 2 2 2 2 2 2 2 2 2 2 2 2 2 2 2 2 2 2 2 2 2 2 2 2 2 2 2 2 2 2 2 2 2 2 2 2 2 2 2 2 2 2 2 2 2 2 2 2 2 2 2 2 2 2 2 2 2 2 2 2 2 2 2 2 2 2 2 2 2 2 2 2 2 2 2 2 2 2 2 2 2 2 2 2 2 2 2 2 2 2 2 2 1 2 2 1 2 2 2 2 2 2 1 2 2 1 2 2 2 2 2 2 1 2 2 1 2 2 2 2 2 2 1 2 2 1 2 2 2 2 2 2 1 2 2 1 2 2 2 2 2 2 1 2 2 1 2 2 2 2 2 2 1 2 2 1 2 2 2 2 2 2 1 2 2 1 2 2 2 2 2 2 1 2 2 1 2 2 2 2 2 2 1 2 2 1 2 2 2 1 2 2 2 2 2 2 2 2 2 1 2 2 2 2 2 2 2 2 2 1 2 2 2 2 2 2 2 2 2 1 2 2 2 2 2 2 2 2 2 1 2 2 2 2 2 2 2 2 2 1 2 2 2 2 2 2 2 2 2 1 2 2 2 2 2 2 2 2 2 1 2 2 2 2 2 2 2 2 2 1 2 2 2 2 2 2 2 2 2 1 2 2 2 2 2 2 2 2 2 2 2 2 2 2 2 1 2 2 2 2 2 2 2 2 2 1 2 2 2 2 2 2 2 2 2 1 2 2 2 2 2 2 2 2 2 1 2 2 2 2 2 2 2 2 2 1 2 2 2 2 2 2 2 2 2 1 2 2 2 2 2 2 2 2 2 1 2 2 2 2 2 2 2 2 2 1 2 2 2 2 2 2 2 2 2 1 2 2 2 2 2 2 2 2 2 1 2 2 2 2 2 2 2 2 2 2 2 2 2 2 2 2 2 2 2 2 2 2 2 2 2 2 2 2 2 2 2 2 2 2 2 2 2 2 2 2 2 2 2 2 2 2 2 2 2 2 2 2 2 2 2 2 2 2 2 2 2 2 2 2 2 2 2 2 2 2 2 2 2 2 2 2 2 2 2 2 2 2 2 2 2 2 2 2 2 2 2 2 2 2 2 2 2 2 2 2 2 2 2 1 2 2 1 2 2 2 2 2 2 1 2 2 1 2 2 2 2 2 2 1 2 2 1 2 2 2 2 2 2 1 2 2 1 2 2 2 2 2 2 1 2 2 1 2 2 2 2 2 2 1 2 2 1 2 2 2 2 2 2 1 2 2 1 2 2 2 2 2 2 1 2 2 1 2 2 2 2 2 2 1 2 2 1 2 2 2 2 2 2 1 2 2 1 2 2 2 2 2 2 2 2 2 2 2 2 1 2 2 2 2 2 2 2 2 2 1 2 2 2 2 2 2 2 2 2 1 2 2 2 2 2 2 2 2 2 1 2 2 2 2 2 2 2 2 2 1 2 2 2 2 2 2 2 2 2 1 2 2 2 2 2 2 2 2 2 1 2 2 2 2 2 2 2 2 2 1 2 2 2 2 2 2 2 2 2 1 2 2 2 2 2 2 2 2 2 1 2 2 2 2 2 2 2 2 2 2 2 2 2 2 2 2 2 2 2 2 2 2 2 2 2 2 2 2 2 2 2 2 2 2 2 2 2 2 2 2 2 2 2 2 2 2 2 2 2 2 2 2 2 2 2 2 2 2 2 2 2 2 2 2 2 2 2 2 2 2 2 2 2 2 2 2 2 2 2 2 2 2 2 2 2 2 2 2 2 2 2 2 2 2 2 2 2 2 2 2 2 2 2 1 2 2 1 2 2 2 2 2 2 1 2 2 1 2 2 2 2 2 2 1 2 2 1 2 2 2 2 2 2 1 2 2 1 2 2 2 2 2 2 1 2 2 1 2 2 2 2 2 2 1 2 2 1 2 2 2 2 2 2 1 2 2 1 2 2 2 2 2 2 1 2 2 1 2 2 2 2 2 2 1 2 2 1 2 2 2 2 2 2 1 2 2 1 2 2 2 2 2 2 2 2 2 2 2 2 1 2 2 2 2 2 2 2 2 2 1 2 2 2 2 2 2 2 2 2 1 2 2 2 2 2 2 2 2 2 1 2 2 2 2 2 2 2 2 2 1 2 2 2 2 2 2 2 2 2 1 2 2 2 2 2 2 2 2 2 1 2 2 2 2 2 2 2 2 2 1 2 2 2 2 2 2 2 2 2 1 2 2 2 2 2 2 2 2 2 1 2 2 2 2 2 2 2 2 2 2 2 2 2 2 2 2 2 2 2 2 2 2 2 2 2 2 2 2 2 2 2 2 2 2 2 2 2 2 2 2 2 2 2 2 2 2 2 2 2 2 2 2 2 2 2 2 2 2 2 2 2 2 2 2 2 2 2 2 2 2 2 2 2 2 2 2 2 2 2 2 2 2 2 2 2 2 2 2 2 2 2 2 2 2 2 2 2 2 2 2 2 2 2 1 2 2 1 2 2 2 2 2 2 1 2 2 1 2 2 2 2 2 2 1 2 2 1 2 2 2 2 2 2 1 2 2 1 2 2 2 2 2 2 1 2 2 1 2 2 2 2 2 2 1 2 2 1 2 2 2 2 2 2 1 2 2 1 2 2 2 2 2 2 1 2 2 1 2 2 2 2 2 2 1 2 2 1 2 2 2 2 2 2 1 2 2 1 2 2 2 2 2 2 2 2 2 2 2 2 1 2 2 2 2 2 2 2 2 2 1 2 2 2 2 2 2 2 2 2 1 2 2 2 2 2 2 2 2 2 1 2 2 2 2 2 2 2 2 2 1 2 2 2 2 2 2 2 2 2 1 2 2 2 2 2 2 2 2 2 1 2 2 2 2 2 2 2 2 2 1 2 2 2 2 2 2 2 2 2 1 2 2 2 2 2 2 2 2 2 1 2 2 2 1 2 2 2 2 2 2 2 2 2 1 2 2 2 2 2 2 2 2 2 1 2 2 2 2 2 2 2 2 2 1 2 2 2 2 2 2 2 2 2 1 2 2 2 2 2 2 2 2 2 1 2 2 2 2 2 2 2 2 2 1 2 2 2 2 2 2 2 2 2 1 2 2 2 2 2 2 2 2 2 1 2 2 2 2 2 2 2 2 2 1 2 2 2 2 2 2 2 2 2 2 2 2 2 2 2 2 2 2 2 2 2 2 2 2 2 2 2 2 2 2 2 2 2 2 2 2 2 2 2 2 2 2 2 2 2 2 2 2 2 2 2 2 2 2 2 2 2 2 2 2 2 2 2 2 2 2 2 2 2 2 2 2 2 2 2 2 2 2 2 2 2 2 2 2 2 2 2 2 2 2 2 2 2 2 2 2 2 2 2 2 2 2 2 2 2 2 2 2 2 2 2 2 1 2 2 1 2 2 2 2 2 2 1 2 2 1 2 2 2 2 2 2 1 2 2 1 2 2 2 2 2 2 1 2 2 1 2 2 2 2 2 2 1 2 2 1 2 2 2 2 2 2 1 2 2 1 2 2 2 2 2 2 1 2 2 1 2 2 2 2 2 2 1 2 2 1 2 2 2 2 2 2 1 2 2 1 2 2 2 2 2 2 1 2 2 1 2 2 2 1 2 2 2 2 2 2 2 2 2 1 2 2 2 2 2 2 2 2 2 1 2 2 2 2 2 2 2 2 2 1 2 2 2 2 2 2 2 2 2 1 2 2 2 2 2 2 2 2 2 1 2 2 2 2 2 2 2 2 2 1 2 2 2 2 2 2 2 2 2 1 2 2 2 2 2 2 2 2 2 1 2 2 2 2 2 2 2 2 2 1 2 2 2 2 2 2 2 2 2 2 2 2 2 2 2 2 2 2 2 2 2 2 2 2 2 2 2 2 2 2 2 2 2 2 2 2 2 2 2 2 2 2 2 2 2 2 2 2 2 2 2 2 2 2 2 2 2 2 2 2 2 2 2 2 2 2 2 2 2 2 2 2 2 2 2 2 2 2 2 2 2 2 2 2 2 2 2 2 2 2 2 2 2 2 2 2 2 2 2 2 2 2 2 2 2 2 2 2 2 2 2 2 1 2 2 1 2 2 2 2 2 2 1 2 2 1 2 2 2 2 2 2 1 2 2 1 2 2 2 2 2 2 1 2 2 1 2 2 2 2 2 2 1 2 2 1 2 2 2 2 2 2 1 2 2 1 2 2 2 2 2 2 1 2 2 1 2 2 2 2 2 2 1 2 2 1 2 2 2 2 2 2 1 2 2 1 2 2 2 2 2 2 1 2 2 1 2 2 2 1 2 2 2 2 2 2 2 2 2 1 2 2 2 2 2 2 2 2 2 1 2 2 2 2 2 2 2 2 2 1 2 2 2 2 2 2 2 2 2 1 2 2 2 2 2 2 2 2 2 1 2 2 2 2 2 2 2 2 2 1 2 2 2 2 2 2 2 2 2 1 2 2 2 2 2 2 2 2 2 1 2 2 2 2 2 2 2 2 2 1 2 2 2 2 2 2 2 2 2 2 2 2 2 2 2 2 2 2 2 2 2 2 2 2 2 2 2 2 2 2 2 2 2 2 2 2 2 2 2 2 2 2 2 2 2 2 2 2 2 2 2 2 2 2 2 2 2 2 2 2 2 2 2 2 2 2 2 2 2 2 2 2 2 2 2 2 2 2 2 2 2 2 2 2 2 2 2 2 2 2 2 2 2 2 2 2 2 2 2 2 2 2 2 2 2 2 2 2 2 2 2 2 1 2 2 1 2 2 2 2 2 2 1 2 2 1 2 2 2 2 2 2 1 2 2 1 2 2 2 2 2 2 1 2 2 1 2 2 2 2 2 2 1 2 2 1 2 2 2 2 2 2 1 2 2 1 2 2 2 2 2 2 1 2 2 1 2 2 2 2 2 2 1 2 2 1 2 2 2 2 2 2 1 2 2 1 2 2 2 2 2 2 1 2 2 1 2 2 2 1 2 2 2 2 2 2 2 2 2 1 2 2 2 2 2 2 2 2 2 1 2 2 2 2 2 2 2 2 2 1 2 2 2 2 2 2 2 2 2 1 2 2 2 2 2 2 2 2 2 1 2 2 2 2 2 2 2 2 2 1 2 2 2 2 2 2 2 2 2 1 2 2 2 2 2 2 2 2 2 1 2 2 2 2 2 2 2 2 2 1 2 2 2 2 2 2 2 2 2 2 2 2 2 2 2 1 2 2 2 2 2 2 2 2 2 1 2 2 2 2 2 2 2 2 2 1 2 2 2 2 2 2 2 2 2 1 2 2 2 2 2 2 2 2 2 1 2 2 2 2 2 2 2 2 2 1 2 2 2 2 2 2 2 2 2 1 2 2 2 2 2 2 2 2 2 1 2 2 2 2 2 2 2 2 2 1 2 2 2 2 2 2 2 2 2 1 2 2 2 2 2 2 2 2 2 2 2 2 2 2 2 2 2 2 2 2 2 2 2 2 2 2 2 2 2 2 2 2 2 2 2 2 2 2 2 2 2 2 2 2 2 2 2 2 2 2 2 2 2 2 2 2 2 2 2 2 2 2 2 2 2 2 2 2 2 2 2 2 2 2 2 2 2 2 2 2 2 2 2 2 2 2 2 2 2 2 2 2 2 2 2 2 2 2 2 2 2 2 2 1 2 2 1 2 2 2 2 2 2 1 2 2 1 2 2 2 2 2 2 1 2 2 1 2 2 2 2 2 2 1 2 2 1 2 2 2 2 2 2 1 2 2 1 2 2 2 2 2 2 1 2 2 1 2 2 2 2 2 2 1 2 2 1 2 2 2 2 2 2 1 2 2 1 2 2 2 2 2 2 1 2 2 1 2 2 2 2 2 2 1 2 2 1 2 2 2 2 2 2 2 2 2 2 2 2 1 2 2 2 2 2 2 2 2 2 1 2 2 2 2 2 2 2 2 2 1 2 2 2 2 2 2 2 2 2 1 2 2 2 2 2 2 2 2 2 1 2 2 2 2 2 2 2 2 2 1 2 2 2 2 2 2 2 2 2 1 2 2 2 2 2 2 2 2 2 1 2 2 2 2 2 2 2 2 2 1 2 2 2 2 2 2 2 2 2 1 2 2 2 2 2 2 2 2 2 2 2 2 2 2 2 2 2 2 2 2 2 2 2 2 2 2 2 2 2 2 2 2 2 2 2 2 2 2 2 2 2 2 2 2 2 2 2 2 2 2 2 2 2 2 2 2 2 2 2 2 2 2 2 2 2 2 2 2 2 2 2 2 2 2 2 2 2 2 2 2 2 2 2 2 2 2 2 2 2 2 2 2 2 2 2 2 2 2 2 2 2 2 2 1 2 2 1 2 2 2 2 2 2 1 2 2 1 2 2 2 2 2 2 1 2 2 1 2 2 2 2 2 2 1 2 2 1 2 2 2 2 2 2 1 2 2 1 2 2 2 2 2 2 1 2 2 1 2 2 2 2 2 2 1 2 2 1 2 2 2 2 2 2 1 2 2 1 2 2 2 2 2 2 1 2 2 1 2 2 2 2 2 2 1 2 2 1 2 2 2 2 2 2 2 2 2 2 2 2 1 2 2 2 2 2 2 2 2 2 1 2 2 2 2 2 2 2 2 2 1 2 2 2 2 2 2 2 2 2 1 2 2 2 2 2 2 2 2 2 1 2 2 2 2 2 2 2 2 2 1 2 2 2 2 2 2 2 2 2 1 2 2 2 2 2 2 2 2 2 1 2 2 2 2 2 2 2 2 2 1 2 2 2 2 2 2 2 2 2 1 2 2 2 2 2 2 2 2 2 2 2 2 2 2 2 2 2 2 2 2 2 2 2 2 2 2 2 2 2 2 2 2 2 2 2 2 2 2 2 2 2 2 2 2 2 2 2 2 2 2 2 2 2 2 2 2 2 2 2 2 2 2 2 2 2 2 2 2 2 2 2 2 2 2 2 2 2 2 2 2 2 2 2 2 2 2 2 2 2 2 2 2 2 2 2 2 2 2 2 2 2 2 2 1 2 2 1 2 2 2 2 2 2 1 2 2 1 2 2 2 2 2 2 1 2 2 1 2 2 2 2 2 2 1 2 2 1 2 2 2 2 2 2 1 2 2 1 2 2 2 2 2 2 1 2 2 1 2 2 2 2 2 2 1 2 2 1 2 2 2 2 2 2 1 2 2 1 2 2 2 2 2 2 1 2 2 1 2 2 2 2 2 2 1 2 2 1 2 2 2 2 2 2 2 2 2 2 2 2 1 2 2 2 2 2 2 2 2 2 1 2 2 2 2 2 2 2 2 2 1 2 2 2 2 2 2 2 2 2 1 2 2 2 2 2 2 2 2 2 1 2 2 2 2 2 2 2 2 2 1 2 2 2 2 2 2 2 2 2 1 2 2 2 2 2 2 2 2 2 1 2 2 2 2 2 2 2 2 2 1 2 2 2 2 2 2 2 2 2 1 2 2 2 1 2 2 2 2 2 2 2 2 2 1 2 2 2 2 2 2 2 2 2 1 2 2 2 2 2 2 2 2 2 1 2 2 2 2 2 2 2 2 2 1 2 2 2 2 2 2 2 2 2 1 2 2 2 2 2 2 2 2 2 1 2 2 2 2 2 2 2 2 2 1 2 2 2 2 2 2 2 2 2 1 2 2 2 2 2 2 2 2 2 1 2 2 2 2 2 2 2 2 2 2 2 2 2 2 2 2 2 2 2 2 2 2 2 2 2 2 2 2 2 2 2 2 2 2 2 2 2 2 2 2 2 2 2 2 2 2 2 2 2 2 2 2 2 2 2 2 2 2 2 2 2 2 2 2 2 2 2 2 2 2 2 2 2 2 2 2 2 2 2 2 2 2 2 2 2 2 2 2 2 2 2 2 2 2 2 2 2 2 2 2 2 2 2 2 2 2 2 2 2 2 2 2 1 2 2 1 2 2 2 2 2 2 1 2 2 1 2 2 2 2 2 2 1 2 2 1 2 2 2 2 2 2 1 2 2 1 2 2 2 2 2 2 1 2 2 1 2 2 2 2 2 2 1 2 2 1 2 2 2 2 2 2 1 2 2 1 2 2 2 2 2 2 1 2 2 1 2 2 2 2 2 2 1 2 2 1 2 2 2 2 2 2 1 2 2 1 2 2 2 1 2 2 2 2 2 2 2 2 2 1 2 2 2 2 2 2 2 2 2 1 2 2 2 2 2 2 2 2 2 1 2 2 2 2 2 2 2 2 2 1 2 2 2 2 2 2 2 2 2 1 2 2 2 2 2 2 2 2 2 1 2 2 2 2 2 2 2 2 2 1 2 2 2 2 2 2 2 2 2 1 2 2 2 2 2 2 2 2 2 1 2 2 2 2 2 2 2 2 2 2 2 2 2 2 2 2 2 2 2 2 2 2 2 2 2 2 2 2 2 2 2 2 2 2 2 2 2 2 2 2 2 2 2 2 2 2 2 2 2 2 2 2 2 2 2 2 2 2 2 2 2 2 2 2 2 2 2 2 2 2 2 2 2 2 2 2 2 2 2 2 2 2 2 2 2 2 2 2 2 2 2 2 2 2 2 2 2 2 2 2 2 2 2 2 2 2 2 2 2 2 2 2 1 2 2 1 2 2 2 2 2 2 1 2 2 1 2 2 2 2 2 2 1 2 2 1 2 2 2 2 2 2 1 2 2 1 2 2 2 2 2 2 1 2 2 1 2 2 2 2 2 2 1 2 2 1 2 2 2 2 2 2 1 2 2 1 2 2 2 2 2 2 1 2 2 1 2 2 2 2 2 2 1 2 2 1 2 2 2 2 2 2 1 2 2 1 2 2 2 1 2 2 2 2 2 2 2 2 2 1 2 2 2 2 2 2 2 2 2 1 2 2 2 2 2 2 2 2 2 1 2 2 2 2 2 2 2 2 2 1 2 2 2 2 2 2 2 2 2 1 2 2 2 2 2 2 2 2 2 1 2 2 2 2 2 2 2 2 2 1 2 2 2 2 2 2 2 2 2 1 2 2 2 2 2 2 2 2 2 1 2 2 2 2 2 2 2 2 2 2 2 2 2 2 2 2 2 2 2 2 2 2 2 2 2 2 2 2 2 2 2 2 2 2 2 2 2 2 2 2 2 2 2 2 2 2 2 2 2 2 2 2 2 2 2 2 2 2 2 2 2 2 2 2 2 2 2 2 2 2 2 2 2 2 2 2 2 2 2 2 2 2 2 2 2 2 2 2 2 2 2 2 2 2 2 2 2 2 2 2 2 2 2 2 2 2 2 2 2 2 2 2 1 2 2 1 2 2 2 2 2 2 1 2 2 1 2 2 2 2 2 2 1 2 2 1 2 2 2 2 2 2 1 2 2 1 2 2 2 2 2 2 1 2 2 1 2 2 2 2 2 2 1 2 2 1 2 2 2 2 2 2 1 2 2 1 2 2 2 2 2 2 1 2 2 1 2 2 2 2 2 2 1 2 2 1 2 2 2 2 2 2 1 2 2 1 2 2 2 1 2 2 2 2 2 2 2 2 2 1 2 2 2 2 2 2 2 2 2 1 2 2 2 2 2 2 2 2 2 1 2 2 2 2 2 2 2 2 2 1 2 2 2 2 2 2 2 2 2 1 2 2 2 2 2 2 2 2 2 1 2 2 2 2 2 2 2 2 2 1 2 2 2 2 2 2 2 2 2 1 2 2 2 2 2 2 2 2 2 1 2 2 2 2 2 2 2 2 2 2 2 2 2 2 2 1 2 2 2 2 2 2 2 2 2 1 2 2 2 2 2 2 2 2 2 1 2 2 2 2 2 2 2 2 2 1 2 2 2 2 2 2 2 2 2 1 2 2 2 2 2 2 2 2 2 1 2 2 2 2 2 2 2 2 2 1 2 2 2 2 2 2 2 2 2 1 2 2 2 2 2 2 2 2 2 1 2 2 2 2 2 2 2 2 2 1 2 2 2 2 2 2 2 2 2 2 2 2 2 2 2 2 2 2 2 2 2 2 2 2 2 2 2 2 2 2 2 2 2 2 2 2 2 2 2 2 2 2 2 2 2 2 2 2 2 2 2 2 2 2 2 2 2 2 2 2 2 2 2 2 2 2 2 2 2 2 2 2 2 2 2 2 2 2 2 2 2 2 2 2 2 2 2 2 2 2 2 2 2 2 2 2 2 2 2 2 2 2 2 1 2 2 1 2 2 2 2 2 2 1 2 2 1 2 2 2 2 2 2 1 2 2 1 2 2 2 2 2 2 1 2 2 1 2 2 2 2 2 2 1 2 2 1 2 2 2 2 2 2 1 2 2 1 2 2 2 2 2 2 1 2 2 1 2 2 2 2 2 2 1 2 2 1 2 2 2 2 2 2 1 2 2 1 2 2 2 2 2 2 1 2 2 1 2 2 2 2 2 2 2 2 2 2 2 2 1 2 2 2 2 2 2 2 2 2 1 2 2 2 2 2 2 2 2 2 1 2 2 2 2 2 2 2 2 2 1 2 2 2 2 2 2 2 2 2 1 2 2 2 2 2 2 2 2 2 1 2 2 2 2 2 2 2 2 2 1 2 2 2 2 2 2 2 2 2 1 2 2 2 2 2 2 2 2 2 1 2 2 2 2 2 2 2 2 2 1 2 2 2 2 2 2 2 2 2 2 2 2 2 2 2 2 2 2 2 2 2 2 2 2 2 2 2 2 2 2 2 2 2 2 2 2 2 2 2 2 2 2 2 2 2 2 2 2 2 2 2 2 2 2 2 2 2 2 2 2 2 2 2 2 2 2 2 2 2 2 2 2 2 2 2 2 2 2 2 2 2 2 2 2 2 2 2 2 2 2 2 2 2 2 2 2 2 2 2 2 2 2 2 1 2 2 1 2 2 2 2 2 2 1 2 2 1 2 2 2 2 2 2 1 2 2 1 2 2 2 2 2 2 1 2 2 1 2 2 2 2 2 2 1 2 2 1 2 2 2 2 2 2 1 2 2 1 2 2 2 2 2 2 1 2 2 1 2 2 2 2 2 2 1 2 2 1 2 2 2 2 2 2 1 2 2 1 2 2 2 2 2 2 1 2 2 1 2 2 2 2 2 2 2 2 2 2 2 2 1 2 2 2 2 2 2 2 2 2 1 2 2 2 2 2 2 2 2 2 1 2 2 2 2 2 2 2 2 2 1 2 2 2 2 2 2 2 2 2 1 2 2 2 2 2 2 2 2 2 1 2 2 2 2 2 2 2 2 2 1 2 2 2 2 2 2 2 2 2 1 2 2 2 2 2 2 2 2 2 1 2 2 2 2 2 2 2 2 2 1 2 2 2 2 2 2 2 2 2 2 2 2 2 2 2 2 2 2 2 2 2 2 2 2 2 2 2 2 2 2 2 2 2 2 2 2 2 2 2 2 2 2 2 2 2 2 2 2 2 2 2 2 2 2 2 2 2 2 2 2 2 2 2 2 2 2 2 2 2 2 2 2 2 2 2 2 2 2 2 2 2 2 2 2 2 2 2 2 2 2 2 2 2 2 2 2 2 2 2 2 2 2 2 1 2 2 1 2 2 2 2 2 2 1 2 2 1 2 2 2 2 2 2 1 2 2 1 2 2 2 2 2 2 1 2 2 1 2 2 2 2 2 2 1 2 2 1 2 2 2 2 2 2 1 2 2 1 2 2 2 2 2 2 1 2 2 1 2 2 2 2 2 2 1 2 2 1 2 2 2 2 2 2 1 2 2 1 2 2 2 2 2 2 1 2 2 1 2 2 2 2 2 2 2 2 2 2 2 2 1 2 2 2 2 2 2 2 2 2 1 2 2 2 2 2 2 2 2 2 1 2 2 2 2 2 2 2 2 2 1 2 2 2 2 2 2 2 2 2 1 2 2 2 2 2 2 2 2 2 1 2 2 2 2 2 2 2 2 2 1 2 2 2 2 2 2 2 2 2 1 2 2 2 2 2 2 2 2 2 1 2 2 2 2 2 2 2 2 2 1 2 
</Matrix>
   <Matrix name="starterNeurons" type="complete" rows="1" columns="1000" multiplier="1.0">
   7 17 27 37 47 57 67 77 87 97 101 104 111 114 121 124 131 134 141 144 151 154 161 164 171 174 181 184 191 194 307 317 327 337 347 357 367 377 387 397 401 404 411 414 421 424 431 434 441 444 451 454 461 464 471 474 481 484 491 494 607 617 627 637 647 657 667 677 687 697 701 704 711 714 721 724 731 734 741 744 751 754 761 764 771 774 781 784 791 794 907 917 927 937 947 957 967 977 987 997 1007 1017 1027 1037 1047 1057 1067 1077 1087 1097 1101 1104 1111 1114 1121 1124 1131 1134 1141 1144 1151 1154 1161 1164 1171 1174 1181 1184 1191 1194 1307 1317 1327 1337 1347 1357 1367 1377 1387 1397 1401 1404 1411 1414 1421 1424 1431 1434 1441 1444 1451 1454 1461 1464 1471 1474 1481 1484 1491 1494 1607 1617 1627 1637 1647 1657 1667 1677 1687 1697 1701 1704 1711 1714 1721 1724 1731 1734 1741 1744 1751 1754 1761 1764 1771 1774 1781 1784 1791 1794 1907 1917 1927 1937 1947 1957 1967 1977 1987 1997 2007 2017 2027 2037 2047 2057 2067 2077 2087 2097 2101 2104 2111 2114 2121 2124 2131 2134 2141 2144 2151 2154 2161 2164 2171 2174 2181 2184 2191 2194 2307 2317 2327 2337 2347 2357 2367 2377 2387 2397 2401 2404 2411 2414 2421 2424 2431 2434 2441 2444 2451 2454 2461 2464 2471 2474 2481 2484 2491 2494 2607 2617 2627 2637 2647 2657 2667 2677 2687 2697 2701 2704 2711 2714 2721 2724 2731 2734 2741 2744 2751 2754 2761 2764 2771 2774 2781 2784 2791 2794 2907 2917 2927 2937 2947 2957 2967 2977 2987 2997 3007 3017 3027 3037 3047 3057 3067 3077 3087 3097 3101 3104 3111 3114 3121 3124 3131 3134 3141 3144 3151 3154 3161 3164 3171 3174 3181 3184 3191 3194 3307 3317 3327 3337 3347 3357 3367 3377 3387 3397 3401 3404 3411 3414 3421 3424 3431 3434 3441 3444 3451 3454 3461 3464 3471 3474 3481 3484 3491 3494 3607 3617 3627 3637 3647 3657 3667 3677 3687 3697 3701 3704 3711 3714 3721 3724 3731 3734 3741 3744 3751 3754 3761 3764 3771 3774 3781 3784 3791 3794 3907 3917 3927 3937 3947 3957 3967 3977 3987 3997 4007 4017 4027 4037 4047 4057 4067 4077 4087 4097 4101 4104 4111 4114 4121 4124 4131 4134 4141 4144 4151 4154 4161 4164 4171 4174 4181 4184 4191 4194 4307 4317 4327 4337 4347 4357 4367 4377 4387 4397 4401 4404 4411 4414 4421 4424 4431 4434 4441 4444 4451 4454 4461 4464 4471 4474 4481 4484 4491 4494 4607 4617 4627 4637 4647 4657 4667 4677 4687 4697 4701 4704 4711 4714 4721 4724 4731 4734 4741 4744 4751 4754 4761 4764 4771 4774 4781 4784 4791 4794 4907 4917 4927 4937 4947 4957 4967 4977 4987 4997 5007 5017 5027 5037 5047 5057 5067 5077 5087 5097 5101 5104 5111 5114 5121 5124 5131 5134 5141 5144 5151 5154 5161 5164 5171 5174 5181 5184 5191 5194 5307 5317 5327 5337 5347 5357 5367 5377 5387 5397 5401 5404 5411 5414 5421 5424 5431 5434 5441 5444 5451 5454 5461 5464 5471 5474 5481 5484 5491 5494 5607 5617 5627 5637 5647 5657 5667 5677 5687 5697 5701 5704 5711 5714 5721 5724 5731 5734 5741 5744 5751 5754 5761 5764 5771 5774 5781 5784 5791 5794 5907 5917 5927 5937 5947 5957 5967 5977 5987 5997 6007 6017 6027 6037 6047 6057 6067 6077 6087 6097 6101 6104 6111 6114 6121 6124 6131 6134 6141 6144 6151 6154 6161 6164 6171 6174 6181 6184 6191 6194 6307 6317 6327 6337 6347 6357 6367 6377 6387 6397 6401 6404 6411 6414 6421 6424 6431 6434 6441 6444 6451 6454 6461 6464 6471 6474 6481 6484 6491 6494 6607 6617 6627 6637 6647 6657 6667 6677 6687 6697 6701 6704 6711 6714 6721 6724 6731 6734 6741 6744 6751 6754 6761 6764 6771 6774 6781 6784 6791 6794 6907 6917 6927 6937 6947 6957 6967 6977 6987 6997 7007 7017 7027 7037 7047 7057 7067 7077 7087 7097 7101 7104 7111 7114 7121 7124 7131 7134 7141 7144 7151 7154 7161 7164 7171 7174 7181 7184 7191 7194 7307 7317 7327 7337 7347 7357 7367 7377 7387 7397 7401 7404 7411 7414 7421 7424 7431 7434 7441 7444 7451 7454 7461 7464 7471 7474 7481 7484 7491 7494 7607 7617 7627 7637 7647 7657 7667 7677 7687 7697 7701 7704 7711 7714 7721 7724 7731 7734 7741 7744 7751 7754 7761 7764 7771 7774 7781 7784 7791 7794 7907 7917 7927 7937 7947 7957 7967 7977 7987 7997 8007 8017 8027 8037 8047 8057 8067 8077 8087 8097 8101 8104 8111 8114 8121 8124 8131 8134 8141 8144 8151 8154 8161 8164 8171 8174 8181 8184 8191 8194 8307 8317 8327 8337 8347 8357 8367 8377 8387 8397 8401 8404 8411 8414 8421 8424 8431 8434 8441 8444 8451 8454 8461 8464 8471 8474 8481 8484 8491 8494 8607 8617 8627 8637 8647 8657 8667 8677 8687 8697 8701 8704 8711 8714 8721 8724 8731 8734 8741 8744 8751 8754 8761 8764 8771 8774 8781 8784 8791 8794 8907 8917 8927 8937 8947 8957 8967 8977 8987 8997 9007 9017 9027 9037 9047 9057 9067 9077 9087 9097 9101 9104 9111 9114 9121 9124 9131 9134 9141 9144 9151 9154 9161 9164 9171 9174 9181 9184 9191 9194 9307 9317 9327 9337 9347 9357 9367 9377 9387 9397 9401 9404 9411 9414 9421 9424 9431 9434 9441 9444 9451 9454 9461 9464 9471 9474 9481 9484 9491 9494 9607 9617 9627 9637 9647 9657 9667 9677 9687 9697 9701 9704 9711 9714 9721 9724 9731 9734 9741 9744 9751 9754 9761 9764 9771 9774 9781 9784 9791 9794 9907 9917 9927 9937 9947 9957 9967 9977 9987 9997 
</Matrix>
   <Matrix name="neuronThresh" type="complete" rows="1" columns="10000" multiplier="1.0">
   0.015 0.015 0.015 0.015 0.015 0.015 0.015 0.0136439 0.015 0.015 0.015 0.015 0.015 0.015 0.015 0.015 0.015 0.0135698 0.015 0.015 0.015 0.015 0.015 0.015 0.015 0.015 0.015 0.0136035 0.015 0.015 0.015 0.015 0.015 0.015 0.015 0.015 0.015 0.0136481 0.015 0.015 0.015 0.015 0.015 0.015 0.015 0.015 0.015 0.0136154 0.015 0.015 0.015 0.015 0.015 0.015 0.015 0.015 0.015 0.0135983 0.015 0.015 0.015 0.015 0.015 0.015 0.015 0.015 0.015 0.0136005 0.015 0.015 0.015 0.015 0.015 0.015 0.015 0.015 0.015 0.0136454 0.015 0.015 0.015 0.015 0.015 0.015 0.015 0.015 0.015 0.013621 0.015 0.015 0.015 0.015 0.015 0.015 0.015 0.015 0.015 0.0136163 0.015 0.015 0.015 0.0136306 0.015 0.015 0.0135787 0.015 0.015 0.015 0.015 0.015 0.015 0.013637 0.015 0.015 0.0136354 0.015 0.015 0.015 0.015 0.015 0.015 0.0136048 0.015 0.015 0.0135841 0.015 0.015 0.015 0.015 0.015 0.015 0.0136373 0.015 0.015 0.0135667 0.015 0.015 0.015 0.015 0.015 0.015 0.0136506 0.015 0.015 0.013629 0.015 0.015 0.015 0.015 0.015 0.015 0.0136295 0.015 0.015 0.0135911 0.015 0.015 0.015 0.015 0.015 0.015 0.0136282 0.015 0.015 0.0136164 0.015 0.015 0.015 0.015 0.015 0.015 0.0136093 0.015 0.015 0.0135955 0.015 0.015 0.015 0.015 0.015 0.015 0.0136397 0.015 0.015 0.0136323 0.015 0.015 0.015 0.015 0.015 0.015 0.0135837 0.015 0.015 0.0135764 0.015 0.015 0.015 0.015 0.015 0.015 0.015 0.015 0.015 0.015 0.015 0.015 0.015 0.015 0.015 0.015 0.015 0.015 0.015 0.015 0.015 0.015 0.015 0.015 0.015 0.015 0.015 0.015 0.015 0.015 0.015 0.015 0.015 0.015 0.015 0.015 0.015 0.015 0.015 0.015 0.015 0.015 0.015 0.015 0.015 0.015 0.015 0.015 0.015 0.015 0.015 0.015 0.015 0.015 0.015 0.015 0.015 0.015 0.015 0.015 0.015 0.015 0.015 0.015 0.015 0.015 0.015 0.015 0.015 0.015 0.015 0.015 0.015 0.015 0.015 0.015 0.015 0.015 0.015 0.015 0.015 0.015 0.015 0.015 0.015 0.015 0.015 0.015 0.015 0.015 0.015 0.015 0.015 0.015 0.015 0.015 0.015 0.015 0.015 0.015 0.015 0.015 0.015 0.015 0.015 0.015 0.015 0.015 0.015 0.015 0.015 0.015 0.0135665 0.015 0.015 0.015 0.015 0.015 0.015 0.015 0.015 0.015 0.0136164 0.015 0.015 0.015 0.015 0.015 0.015 0.015 0.015 0.015 0.0135824 0.015 0.015 0.015 0.015 0.015 0.015 0.015 0.015 0.015 0.013596 0.015 0.015 0.015 0.015 0.015 0.015 0.015 0.015 0.015 0.0136212 0.015 0.015 0.015 0.015 0.015 0.015 0.015 0.015 0.015 0.0136442 0.015 0.015 0.015 0.015 0.015 0.015 0.015 0.015 0.015 0.0135722 0.015 0.015 0.015 0.015 0.015 0.015 0.015 0.015 0.015 0.0136065 0.015 0.015 0.015 0.015 0.015 0.015 0.015 0.015 0.015 0.0136511 0.015 0.015 0.015 0.015 0.015 0.015 0.015 0.015 0.015 0.0136527 0.015 0.015 0.015 0.0136073 0.015 0.015 0.0135995 0.015 0.015 0.015 0.015 0.015 0.015 0.0135721 0.015 0.015 0.0135816 0.015 0.015 0.015 0.015 0.015 0.015 0.0136014 0.015 0.015 0.013628 0.015 0.015 0.015 0.015 0.015 0.015 0.0136155 0.015 0.015 0.0136116 0.015 0.015 0.015 0.015 0.015 0.015 0.0135663 0.015 0.015 0.0136303 0.015 0.015 0.015 0.015 0.015 0.015 0.0136347 0.015 0.015 0.0136512 0.015 0.015 0.015 0.015 0.015 0.015 0.0135853 0.015 0.015 0.0135961 0.015 0.015 0.015 0.015 0.015 0.015 0.01359 0.015 0.015 0.0135908 0.015 0.015 0.015 0.015 0.015 0.015 0.0136246 0.015 0.015 0.0136541 0.015 0.015 0.015 0.015 0.015 0.015 0.0135781 0.015 0.015 0.0136152 0.015 0.015 0.015 0.015 0.015 0.015 0.015 0.015 0.015 0.015 0.015 0.015 0.015 0.015 0.015 0.015 0.015 0.015 0.015 0.015 0.015 0.015 0.015 0.015 0.015 0.015 0.015 0.015 0.015 0.015 0.015 0.015 0.015 0.015 0.015 0.015 0.015 0.015 0.015 0.015 0.015 0.015 0.015 0.015 0.015 0.015 0.015 0.015 0.015 0.015 0.015 0.015 0.015 0.015 0.015 0.015 0.015 0.015 0.015 0.015 0.015 0.015 0.015 0.015 0.015 0.015 0.015 0.015 0.015 0.015 0.015 0.015 0.015 0.015 0.015 0.015 0.015 0.015 0.015 0.015 0.015 0.015 0.015 0.015 0.015 0.015 0.015 0.015 0.015 0.015 0.015 0.015 0.015 0.015 0.015 0.015 0.015 0.015 0.015 0.015 0.015 0.015 0.015 0.015 0.015 0.015 0.015 0.015 0.015 0.015 0.015 0.015 0.0136191 0.015 0.015 0.015 0.015 0.015 0.015 0.015 0.015 0.015 0.0135718 0.015 0.015 0.015 0.015 0.015 0.015 0.015 0.015 0.015 0.013576 0.015 0.015 0.015 0.015 0.015 0.015 0.015 0.015 0.015 0.013586 0.015 0.015 0.015 0.015 0.015 0.015 0.015 0.015 0.015 0.0136109 0.015 0.015 0.015 0.015 0.015 0.015 0.015 0.015 0.015 0.0136463 0.015 0.015 0.015 0.015 0.015 0.015 0.015 0.015 0.015 0.0135989 0.015 0.015 0.015 0.015 0.015 0.015 0.015 0.015 0.015 0.0136193 0.015 0.015 0.015 0.015 0.015 0.015 0.015 0.015 0.015 0.0135652 0.015 0.015 0.015 0.015 0.015 0.015 0.015 0.015 0.015 0.0136276 0.015 0.015 0.015 0.0135667 0.015 0.015 0.0136325 0.015 0.015 0.015 0.015 0.015 0.015 0.0136098 0.015 0.015 0.0136002 0.015 0.015 0.015 0.015 0.015 0.015 0.0136319 0.015 0.015 0.0136328 0.015 0.015 0.015 0.015 0.015 0.015 0.0136487 0.015 0.015 0.0136318 0.015 0.015 0.015 0.015 0.015 0.015 0.0136247 0.015 0.015 0.0135822 0.015 0.015 0.015 0.015 0.015 0.015 0.0135936 0.015 0.015 0.0136344 0.015 0.015 0.015 0.015 0.015 0.015 0.0136209 0.015 0.015 0.0135754 0.015 0.015 0.015 0.015 0.015 0.015 0.0136483 0.015 0.015 0.013618 0.015 0.015 0.015 0.015 0.015 0.015 0.0135754 0.015 0.015 0.0135851 0.015 0.015 0.015 0.015 0.015 0.015 0.0135741 0.015 0.015 0.0136358 0.015 0.015 0.015 0.015 0.015 0.015 0.015 0.015 0.015 0.015 0.015 0.015 0.015 0.015 0.015 0.015 0.015 0.015 0.015 0.015 0.015 0.015 0.015 0.015 0.015 0.015 0.015 0.015 0.015 0.015 0.015 0.015 0.015 0.015 0.015 0.015 0.015 0.015 0.015 0.015 0.015 0.015 0.015 0.015 0.015 0.015 0.015 0.015 0.015 0.015 0.015 0.015 0.015 0.015 0.015 0.015 0.015 0.015 0.015 0.015 0.015 0.015 0.015 0.015 0.015 0.015 0.015 0.015 0.015 0.015 0.015 0.015 0.015 0.015 0.015 0.015 0.015 0.015 0.015 0.015 0.015 0.015 0.015 0.015 0.015 0.015 0.015 0.015 0.015 0.015 0.015 0.015 0.015 0.015 0.015 0.015 0.015 0.015 0.015 0.015 0.015 0.015 0.015 0.015 0.015 0.015 0.015 0.015 0.015 0.015 0.015 0.015 0.0136168 0.015 0.015 0.015 0.015 0.015 0.015 0.015 0.015 0.015 0.0136395 0.015 0.015 0.015 0.015 0.015 0.015 0.015 0.015 0.015 0.0135833 0.015 0.015 0.015 0.015 0.015 0.015 0.015 0.015 0.015 0.0135932 0.015 0.015 0.015 0.015 0.015 0.015 0.015 0.015 0.015 0.0136517 0.015 0.015 0.015 0.015 0.015 0.015 0.015 0.015 0.015 0.0136159 0.015 0.015 0.015 0.015 0.015 0.015 0.015 0.015 0.015 0.0136364 0.015 0.015 0.015 0.015 0.015 0.015 0.015 0.015 0.015 0.0136426 0.015 0.015 0.015 0.015 0.015 0.015 0.015 0.015 0.015 0.0135883 0.015 0.015 0.015 0.015 0.015 0.015 0.015 0.015 0.015 0.0136479 0.015 0.015 0.015 0.015 0.015 0.015 0.015 0.015 0.015 0.013627 0.015 0.015 0.015 0.015 0.015 0.015 0.015 0.015 0.015 0.0135715 0.015 0.015 0.015 0.015 0.015 0.015 0.015 0.015 0.015 0.0135862 0.015 0.015 0.015 0.015 0.015 0.015 0.015 0.015 0.015 0.01357 0.015 0.015 0.015 0.015 0.015 0.015 0.015 0.015 0.015 0.0135834 0.015 0.015 0.015 0.015 0.015 0.015 0.015 0.015 0.015 0.0136515 0.015 0.015 0.015 0.015 0.015 0.015 0.015 0.015 0.015 0.0136177 0.015 0.015 0.015 0.015 0.015 0.015 0.015 0.015 0.015 0.0135865 0.015 0.015 0.015 0.015 0.015 0.015 0.015 0.015 0.015 0.0135739 0.015 0.015 0.015 0.015 0.015 0.015 0.015 0.015 0.015 0.01359 0.015 0.015 0.015 0.0135804 0.015 0.015 0.0135991 0.015 0.015 0.015 0.015 0.015 0.015 0.0135935 0.015 0.015 0.0136291 0.015 0.015 0.015 0.015 0.015 0.015 0.0135784 0.015 0.015 0.0136097 0.015 0.015 0.015 0.015 0.015 0.015 0.0135885 0.015 0.015 0.0135748 0.015 0.015 0.015 0.015 0.015 0.015 0.0135889 0.015 0.015 0.0135947 0.015 0.015 0.015 0.015 0.015 0.015 0.0135815 0.015 0.015 0.0135767 0.015 0.015 0.015 0.015 0.015 0.015 0.0135934 0.015 0.015 0.0135799 0.015 0.015 0.015 0.015 0.015 0.015 0.0135986 0.015 0.015 0.0135849 0.015 0.015 0.015 0.015 0.015 0.015 0.0136255 0.015 0.015 0.0136105 0.015 0.015 0.015 0.015 0.015 0.015 0.0135859 0.015 0.015 0.0136134 0.015 0.015 0.015 0.015 0.015 0.015 0.015 0.015 0.015 0.015 0.015 0.015 0.015 0.015 0.015 0.015 0.015 0.015 0.015 0.015 0.015 0.015 0.015 0.015 0.015 0.015 0.015 0.015 0.015 0.015 0.015 0.015 0.015 0.015 0.015 0.015 0.015 0.015 0.015 0.015 0.015 0.015 0.015 0.015 0.015 0.015 0.015 0.015 0.015 0.015 0.015 0.015 0.015 0.015 0.015 0.015 0.015 0.015 0.015 0.015 0.015 0.015 0.015 0.015 0.015 0.015 0.015 0.015 0.015 0.015 0.015 0.015 0.015 0.015 0.015 0.015 0.015 0.015 0.015 0.015 0.015 0.015 0.015 0.015 0.015 0.015 0.015 0.015 0.015 0.015 0.015 0.015 0.015 0.015 0.015 0.015 0.015 0.015 0.015 0.015 0.015 0.015 0.015 0.015 0.015 0.015 0.015 0.015 0.015 0.015 0.015 0.015 0.0136023 0.015 0.015 0.015 0.015 0.015 0.015 0.015 0.015 0.015 0.0136455 0.015 0.015 0.015 0.015 0.015 0.015 0.015 0.015 0.015 0.0135768 0.015 0.015 0.015 0.015 0.015 0.015 0.015 0.015 0.015 0.0136461 0.015 0.015 0.015 0.015 0.015 0.015 0.015 0.015 0.015 0.0135967 0.015 0.015 0.015 0.015 0.015 0.015 0.015 0.015 0.015 0.0135663 0.015 0.015 0.015 0.015 0.015 0.015 0.015 0.015 0.015 0.0136306 0.015 0.015 0.015 0.015 0.015 0.015 0.015 0.015 0.015 0.0136231 0.015 0.015 0.015 0.015 0.015 0.015 0.015 0.015 0.015 0.0136204 0.015 0.015 0.015 0.015 0.015 0.015 0.015 0.015 0.015 0.0135932 0.015 0.015 0.015 0.0135899 0.015 0.015 0.0136315 0.015 0.015 0.015 0.015 0.015 0.015 0.0136336 0.015 0.015 0.0136529 0.015 0.015 0.015 0.015 0.015 0.015 0.0135919 0.015 0.015 0.0135714 0.015 0.015 0.015 0.015 0.015 0.015 0.0135698 0.015 0.015 0.0136031 0.015 0.015 0.015 0.015 0.015 0.015 0.0135743 0.015 0.015 0.0136103 0.015 0.015 0.015 0.015 0.015 0.015 0.0135671 0.015 0.015 0.01357 0.015 0.015 0.015 0.015 0.015 0.015 0.0135735 0.015 0.015 0.0136487 0.015 0.015 0.015 0.015 0.015 0.015 0.0136001 0.015 0.015 0.0136311 0.015 0.015 0.015 0.015 0.015 0.015 0.0136271 0.015 0.015 0.0135719 0.015 0.015 0.015 0.015 0.015 0.015 0.0136449 0.015 0.015 0.0135903 0.015 0.015 0.015 0.015 0.015 0.015 0.015 0.015 0.015 0.015 0.015 0.015 0.015 0.015 0.015 0.015 0.015 0.015 0.015 0.015 0.015 0.015 0.015 0.015 0.015 0.015 0.015 0.015 0.015 0.015 0.015 0.015 0.015 0.015 0.015 0.015 0.015 0.015 0.015 0.015 0.015 0.015 0.015 0.015 0.015 0.015 0.015 0.015 0.015 0.015 0.015 0.015 0.015 0.015 0.015 0.015 0.015 0.015 0.015 0.015 0.015 0.015 0.015 0.015 0.015 0.015 0.015 0.015 0.015 0.015 0.015 0.015 0.015 0.015 0.015 0.015 0.015 0.015 0.015 0.015 0.015 0.015 0.015 0.015 0.015 0.015 0.015 0.015 0.015 0.015 0.015 0.015 0.015 0.015 0.015 0.015 0.015 0.015 0.015 0.015 0.015 0.015 0.015 0.015 0.015 0.015 0.015 0.015 0.015 0.015 0.015 0.015 0.0135781 0.015 0.015 0.015 0.015 0.015 0.015 0.015 0.015 0.015 0.0136525 0.015 0.015 0.015 0.015 0.015 0.015 0.015 0.015 0.015 0.0135883 0.015 0.015 0.015 0.015 0.015 0.015 0.015 0.015 0.015 0.0135735 0.015 0.015 0.015 0.015 0.015 0.015 0.015 0.015 0.015 0.0136496 0.015 0.015 0.015 0.015 0.015 0.015 0.015 0.015 0.015 0.0135822 0.015 0.015 0.015 0.015 0.015 0.015 0.015 0.015 0.015 0.013591 0.015 0.015 0.015 0.015 0.015 0.015 0.015 0.015 0.015 0.0136099 0.015 0.015 0.015 0.015 0.015 0.015 0.015 0.015 0.015 0.0135862 0.015 0.015 0.015 0.015 0.015 0.015 0.015 0.015 0.015 0.0136015 0.015 0.015 0.015 0.0135812 0.015 0.015 0.0136026 0.015 0.015 0.015 0.015 0.015 0.015 0.0135905 0.015 0.015 0.0135932 0.015 0.015 0.015 0.015 0.015 0.015 0.0135881 0.015 0.015 0.0136003 0.015 0.015 0.015 0.015 0.015 0.015 0.0136094 0.015 0.015 0.0135652 0.015 0.015 0.015 0.015 0.015 0.015 0.0136292 0.015 0.015 0.0136164 0.015 0.015 0.015 0.015 0.015 0.015 0.0136356 0.015 0.015 0.0135875 0.015 0.015 0.015 0.015 0.015 0.015 0.0136458 0.015 0.015 0.0136522 0.015 0.015 0.015 0.015 0.015 0.015 0.0136062 0.015 0.015 0.0136246 0.015 0.015 0.015 0.015 0.015 0.015 0.013618 0.015 0.015 0.0136066 0.015 0.015 0.015 0.015 0.015 0.015 0.0135857 0.015 0.015 0.0136504 0.015 0.015 0.015 0.015 0.015 0.015 0.015 0.015 0.015 0.015 0.015 0.015 0.015 0.015 0.015 0.015 0.015 0.015 0.015 0.015 0.015 0.015 0.015 0.015 0.015 0.015 0.015 0.015 0.015 0.015 0.015 0.015 0.015 0.015 0.015 0.015 0.015 0.015 0.015 0.015 0.015 0.015 0.015 0.015 0.015 0.015 0.015 0.015 0.015 0.015 0.015 0.015 0.015 0.015 0.015 0.015 0.015 0.015 0.015 0.015 0.015 0.015 0.015 0.015 0.015 0.015 0.015 0.015 0.015 0.015 0.015 0.015 0.015 0.015 0.015 0.015 0.015 0.015 0.015 0.015 0.015 0.015 0.015 0.015 0.015 0.015 0.015 0.015 0.015 0.015 0.015 0.015 0.015 0.015 0.015 0.015 0.015 0.015 0.015 0.015 0.015 0.015 0.015 0.015 0.015 0.015 0.015 0.015 0.015 0.015 0.015 0.015 0.0136305 0.015 0.015 0.015 0.015 0.015 0.015 0.015 0.015 0.015 0.0136223 0.015 0.015 0.015 0.015 0.015 0.015 0.015 0.015 0.015 0.0136281 0.015 0.015 0.015 0.015 0.015 0.015 0.015 0.015 0.015 0.0135701 0.015 0.015 0.015 0.015 0.015 0.015 0.015 0.015 0.015 0.0136152 0.015 0.015 0.015 0.015 0.015 0.015 0.015 0.015 0.015 0.0135663 0.015 0.015 0.015 0.015 0.015 0.015 0.015 0.015 0.015 0.0136424 0.015 0.015 0.015 0.015 0.015 0.015 0.015 0.015 0.015 0.0136266 0.015 0.015 0.015 0.015 0.015 0.015 0.015 0.015 0.015 0.0135793 0.015 0.015 0.015 0.015 0.015 0.015 0.015 0.015 0.015 0.0136263 0.015 0.015 0.015 0.015 0.015 0.015 0.015 0.015 0.015 0.0135857 0.015 0.015 0.015 0.015 0.015 0.015 0.015 0.015 0.015 0.0136177 0.015 0.015 0.015 0.015 0.015 0.015 0.015 0.015 0.015 0.0136474 0.015 0.015 0.015 0.015 0.015 0.015 0.015 0.015 0.015 0.0136012 0.015 0.015 0.015 0.015 0.015 0.015 0.015 0.015 0.015 0.0136052 0.015 0.015 0.015 0.015 0.015 0.015 0.015 0.015 0.015 0.0136536 0.015 0.015 0.015 0.015 0.015 0.015 0.015 0.015 0.015 0.0135678 0.015 0.015 0.015 0.015 0.015 0.015 0.015 0.015 0.015 0.0136157 0.015 0.015 0.015 0.015 0.015 0.015 0.015 0.015 0.015 0.0135737 0.015 0.015 0.015 0.015 0.015 0.015 0.015 0.015 0.015 0.0136244 0.015 0.015 0.015 0.0136031 0.015 0.015 0.0136475 0.015 0.015 0.015 0.015 0.015 0.015 0.013635 0.015 0.015 0.0135685 0.015 0.015 0.015 0.015 0.015 0.015 0.0136091 0.015 0.015 0.013602 0.015 0.015 0.015 0.015 0.015 0.015 0.0136109 0.015 0.015 0.0135876 0.015 0.015 0.015 0.015 0.015 0.015 0.013634 0.015 0.015 0.0135847 0.015 0.015 0.015 0.015 0.015 0.015 0.0136079 0.015 0.015 0.0135732 0.015 0.015 0.015 0.015 0.015 0.015 0.0135959 0.015 0.015 0.0136265 0.015 0.015 0.015 0.015 0.015 0.015 0.0135942 0.015 0.015 0.0136175 0.015 0.015 0.015 0.015 0.015 0.015 0.0135663 0.015 0.015 0.0136432 0.015 0.015 0.015 0.015 0.015 0.015 0.0136181 0.015 0.015 0.0136339 0.015 0.015 0.015 0.015 0.015 0.015 0.015 0.015 0.015 0.015 0.015 0.015 0.015 0.015 0.015 0.015 0.015 0.015 0.015 0.015 0.015 0.015 0.015 0.015 0.015 0.015 0.015 0.015 0.015 0.015 0.015 0.015 0.015 0.015 0.015 0.015 0.015 0.015 0.015 0.015 0.015 0.015 0.015 0.015 0.015 0.015 0.015 0.015 0.015 0.015 0.015 0.015 0.015 0.015 0.015 0.015 0.015 0.015 0.015 0.015 0.015 0.015 0.015 0.015 0.015 0.015 0.015 0.015 0.015 0.015 0.015 0.015 0.015 0.015 0.015 0.015 0.015 0.015 0.015 0.015 0.015 0.015 0.015 0.015 0.015 0.015 0.015 0.015 0.015 0.015 0.015 0.015 0.015 0.015 0.015 0.015 0.015 0.015 0.015 0.015 0.015 0.015 0.015 0.015 0.015 0.015 0.015 0.015 0.015 0.015 0.015 0.015 0.0135842 0.015 0.015 0.015 0.015 0.015 0.015 0.015 0.015 0.015 0.013611 0.015 0.015 0.015 0.015 0.015 0.015 0.015 0.015 0.015 0.0136368 0.015 0.015 0.015 0.015 0.015 0.015 0.015 0.015 0.015 0.0136017 0.015 0.015 0.015 0.015 0.015 0.015 0.015 0.015 0.015 0.0136376 0.015 0.015 0.015 0.015 0.015 0.015 0.015 0.015 0.015 0.0136318 0.015 0.015 0.015 0.015 0.015 0.015 0.015 0.015 0.015 0.013591 0.015 0.015 0.015 0.015 0.015 0.015 0.015 0.015 0.015 0.0136528 0.015 0.015 0.015 0.015 0.015 0.015 0.015 0.015 0.015 0.0136094 0.015 0.015 0.015 0.015 0.015 0.015 0.015 0.015 0.015 0.013568 0.015 0.015 0.015 0.0135655 0.015 0.015 0.0136531 0.015 0.015 0.015 0.015 0.015 0.015 0.0136342 0.015 0.015 0.0136031 0.015 0.015 0.015 0.015 0.015 0.015 0.0136292 0.015 0.015 0.0135821 0.015 0.015 0.015 0.015 0.015 0.015 0.0135824 0.015 0.015 0.0136304 0.015 0.015 0.015 0.015 0.015 0.015 0.0136332 0.015 0.015 0.0136433 0.015 0.015 0.015 0.015 0.015 0.015 0.0136171 0.015 0.015 0.0135735 0.015 0.015 0.015 0.015 0.015 0.015 0.0135893 0.015 0.015 0.0136051 0.015 0.015 0.015 0.015 0.015 0.015 0.013582 0.015 0.015 0.0136068 0.015 0.015 0.015 0.015 0.015 0.015 0.0135806 0.015 0.015 0.0135881 0.015 0.015 0.015 0.015 0.015 0.015 0.0136176 0.015 0.015 0.0136202 0.015 0.015 0.015 0.015 0.015 0.015 0.015 0.015 0.015 0.015 0.015 0.015 0.015 0.015 0.015 0.015 0.015 0.015 0.015 0.015 0.015 0.015 0.015 0.015 0.015 0.015 0.015 0.015 0.015 0.015 0.015 0.015 0.015 0.015 0.015 0.015 0.015 0.015 0.015 0.015 0.015 0.015 0.015 0.015 0.015 0.015 0.015 0.015 0.015 0.015 0.015 0.015 0.015 0.015 0.015 0.015 0.015 0.015 0.015 0.015 0.015 0.015 0.015 0.015 0.015 0.015 0.015 0.015 0.015 0.015 0.015 0.015 0.015 0.015 0.015 0.015 0.015 0.015 0.015 0.015 0.015 0.015 0.015 0.015 0.015 0.015 0.015 0.015 0.015 0.015 0.015 0.015 0.015 0.015 0.015 0.015 0.015 0.015 0.015 0.015 0.015 0.015 0.015 0.015 0.015 0.015 0.015 0.015 0.015 0.015 0.015 0.015 0.0135745 0.015 0.015 0.015 0.015 0.015 0.015 0.015 0.015 0.015 0.0136485 0.015 0.015 0.015 0.015 0.015 0.015 0.015 0.015 0.015 0.0136352 0.015 0.015 0.015 0.015 0.015 0.015 0.015 0.015 0.015 0.0135995 0.015 0.015 0.015 0.015 0.015 0.015 0.015 0.015 0.015 0.0135862 0.015 0.015 0.015 0.015 0.015 0.015 0.015 0.015 0.015 0.0135945 0.015 0.015 0.015 0.015 0.015 0.015 0.015 0.015 0.015 0.013633 0.015 0.015 0.015 0.015 0.015 0.015 0.015 0.015 0.015 0.0135739 0.015 0.015 0.015 0.015 0.015 0.015 0.015 0.015 0.015 0.0135901 0.015 0.015 0.015 0.015 0.015 0.015 0.015 0.015 0.015 0.0135657 0.015 0.015 0.015 0.013639 0.015 0.015 0.0136477 0.015 0.015 0.015 0.015 0.015 0.015 0.0136231 0.015 0.015 0.0136467 0.015 0.015 0.015 0.015 0.015 0.015 0.013596 0.015 0.015 0.0135796 0.015 0.015 0.015 0.015 0.015 0.015 0.0136545 0.015 0.015 0.0136038 0.015 0.015 0.015 0.015 0.015 0.015 0.0135816 0.015 0.015 0.0136424 0.015 0.015 0.015 0.015 0.015 0.015 0.013573 0.015 0.015 0.0135776 0.015 0.015 0.015 0.015 0.015 0.015 0.0136374 0.015 0.015 0.0136389 0.015 0.015 0.015 0.015 0.015 0.015 0.0135928 0.015 0.015 0.0135724 0.015 0.015 0.015 0.015 0.015 0.015 0.0136396 0.015 0.015 0.0135655 0.015 0.015 0.015 0.015 0.015 0.015 0.0136109 0.015 0.015 0.013566 0.015 0.015 0.015 0.015 0.015 0.015 0.015 0.015 0.015 0.015 0.015 0.015 0.015 0.015 0.015 0.015 0.015 0.015 0.015 0.015 0.015 0.015 0.015 0.015 0.015 0.015 0.015 0.015 0.015 0.015 0.015 0.015 0.015 0.015 0.015 0.015 0.015 0.015 0.015 0.015 0.015 0.015 0.015 0.015 0.015 0.015 0.015 0.015 0.015 0.015 0.015 0.015 0.015 0.015 0.015 0.015 0.015 0.015 0.015 0.015 0.015 0.015 0.015 0.015 0.015 0.015 0.015 0.015 0.015 0.015 0.015 0.015 0.015 0.015 0.015 0.015 0.015 0.015 0.015 0.015 0.015 0.015 0.015 0.015 0.015 0.015 0.015 0.015 0.015 0.015 0.015 0.015 0.015 0.015 0.015 0.015 0.015 0.015 0.015 0.015 0.015 0.015 0.015 0.015 0.015 0.015 0.015 0.015 0.015 0.015 0.015 0.015 0.013613 0.015 0.015 0.015 0.015 0.015 0.015 0.015 0.015 0.015 0.0136146 0.015 0.015 0.015 0.015 0.015 0.015 0.015 0.015 0.015 0.0136069 0.015 0.015 0.015 0.015 0.015 0.015 0.015 0.015 0.015 0.0136048 0.015 0.015 0.015 0.015 0.015 0.015 0.015 0.015 0.015 0.0135872 0.015 0.015 0.015 0.015 0.015 0.015 0.015 0.015 0.015 0.013592 0.015 0.015 0.015 0.015 0.015 0.015 0.015 0.015 0.015 0.0136473 0.015 0.015 0.015 0.015 0.015 0.015 0.015 0.015 0.015 0.0136018 0.015 0.015 0.015 0.015 0.015 0.015 0.015 0.015 0.015 0.0135673 0.015 0.015 0.015 0.015 0.015 0.015 0.015 0.015 0.015 0.013596 0.015 0.015 0.015 0.015 0.015 0.015 0.015 0.015 0.015 0.0135738 0.015 0.015 0.015 0.015 0.015 0.015 0.015 0.015 0.015 0.0136237 0.015 0.015 0.015 0.015 0.015 0.015 0.015 0.015 0.015 0.0135799 0.015 0.015 0.015 0.015 0.015 0.015 0.015 0.015 0.015 0.0135692 0.015 0.015 0.015 0.015 0.015 0.015 0.015 0.015 0.015 0.0136 0.015 0.015 0.015 0.015 0.015 0.015 0.015 0.015 0.015 0.013629 0.015 0.015 0.015 0.015 0.015 0.015 0.015 0.015 0.015 0.0135874 0.015 0.015 0.015 0.015 0.015 0.015 0.015 0.015 0.015 0.0135655 0.015 0.015 0.015 0.015 0.015 0.015 0.015 0.015 0.015 0.0136144 0.015 0.015 0.015 0.015 0.015 0.015 0.015 0.015 0.015 0.0136465 0.015 0.015 0.015 0.0136326 0.015 0.015 0.0135902 0.015 0.015 0.015 0.015 0.015 0.015 0.0136015 0.015 0.015 0.0136438 0.015 0.015 0.015 0.015 0.015 0.015 0.0136047 0.015 0.015 0.0136465 0.015 0.015 0.015 0.015 0.015 0.015 0.0136493 0.015 0.015 0.0136258 0.015 0.015 0.015 0.015 0.015 0.015 0.0135986 0.015 0.015 0.0136469 0.015 0.015 0.015 0.015 0.015 0.015 0.0136411 0.015 0.015 0.0136498 0.015 0.015 0.015 0.015 0.015 0.015 0.0136273 0.015 0.015 0.0136108 0.015 0.015 0.015 0.015 0.015 0.015 0.0135813 0.015 0.015 0.0136007 0.015 0.015 0.015 0.015 0.015 0.015 0.0136381 0.015 0.015 0.0136387 0.015 0.015 0.015 0.015 0.015 0.015 0.0136176 0.015 0.015 0.0136183 0.015 0.015 0.015 0.015 0.015 0.015 0.015 0.015 0.015 0.015 0.015 0.015 0.015 0.015 0.015 0.015 0.015 0.015 0.015 0.015 0.015 0.015 0.015 0.015 0.015 0.015 0.015 0.015 0.015 0.015 0.015 0.015 0.015 0.015 0.015 0.015 0.015 0.015 0.015 0.015 0.015 0.015 0.015 0.015 0.015 0.015 0.015 0.015 0.015 0.015 0.015 0.015 0.015 0.015 0.015 0.015 0.015 0.015 0.015 0.015 0.015 0.015 0.015 0.015 0.015 0.015 0.015 0.015 0.015 0.015 0.015 0.015 0.015 0.015 0.015 0.015 0.015 0.015 0.015 0.015 0.015 0.015 0.015 0.015 0.015 0.015 0.015 0.015 0.015 0.015 0.015 0.015 0.015 0.015 0.015 0.015 0.015 0.015 0.015 0.015 0.015 0.015 0.015 0.015 0.015 0.015 0.015 0.015 0.015 0.015 0.015 0.015 0.0136414 0.015 0.015 0.015 0.015 0.015 0.015 0.015 0.015 0.015 0.0136194 0.015 0.015 0.015 0.015 0.015 0.015 0.015 0.015 0.015 0.0135881 0.015 0.015 0.015 0.015 0.015 0.015 0.015 0.015 0.015 0.013597 0.015 0.015 0.015 0.015 0.015 0.015 0.015 0.015 0.015 0.0135776 0.015 0.015 0.015 0.015 0.015 0.015 0.015 0.015 0.015 0.0135887 0.015 0.015 0.015 0.015 0.015 0.015 0.015 0.015 0.015 0.0136312 0.015 0.015 0.015 0.015 0.015 0.015 0.015 0.015 0.015 0.0136002 0.015 0.015 0.015 0.015 0.015 0.015 0.015 0.015 0.015 0.0135683 0.015 0.015 0.015 0.015 0.015 0.015 0.015 0.015 0.015 0.0136432 0.015 0.015 0.015 0.0136404 0.015 0.015 0.0136121 0.015 0.015 0.015 0.015 0.015 0.015 0.0136209 0.015 0.015 0.0136371 0.015 0.015 0.015 0.015 0.015 0.015 0.0136185 0.015 0.015 0.0136052 0.015 0.015 0.015 0.015 0.015 0.015 0.0136254 0.015 0.015 0.013649 0.015 0.015 0.015 0.015 0.015 0.015 0.0135885 0.015 0.015 0.013575 0.015 0.015 0.015 0.015 0.015 0.015 0.0135907 0.015 0.015 0.0135911 0.015 0.015 0.015 0.015 0.015 0.015 0.0135959 0.015 0.015 0.0135757 0.015 0.015 0.015 0.015 0.015 0.015 0.0136036 0.015 0.015 0.0135691 0.015 0.015 0.015 0.015 0.015 0.015 0.0135669 0.015 0.015 0.0136425 0.015 0.015 0.015 0.015 0.015 0.015 0.013592 0.015 0.015 0.0136541 0.015 0.015 0.015 0.015 0.015 0.015 0.015 0.015 0.015 0.015 0.015 0.015 0.015 0.015 0.015 0.015 0.015 0.015 0.015 0.015 0.015 0.015 0.015 0.015 0.015 0.015 0.015 0.015 0.015 0.015 0.015 0.015 0.015 0.015 0.015 0.015 0.015 0.015 0.015 0.015 0.015 0.015 0.015 0.015 0.015 0.015 0.015 0.015 0.015 0.015 0.015 0.015 0.015 0.015 0.015 0.015 0.015 0.015 0.015 0.015 0.015 0.015 0.015 0.015 0.015 0.015 0.015 0.015 0.015 0.015 0.015 0.015 0.015 0.015 0.015 0.015 0.015 0.015 0.015 0.015 0.015 0.015 0.015 0.015 0.015 0.015 0.015 0.015 0.015 0.015 0.015 0.015 0.015 0.015 0.015 0.015 0.015 0.015 0.015 0.015 0.015 0.015 0.015 0.015 0.015 0.015 0.015 0.015 0.015 0.015 0.015 0.015 0.013567 0.015 0.015 0.015 0.015 0.015 0.015 0.015 0.015 0.015 0.0136484 0.015 0.015 0.015 0.015 0.015 0.015 0.015 0.015 0.015 0.0136455 0.015 0.015 0.015 0.015 0.015 0.015 0.015 0.015 0.015 0.0136122 0.015 0.015 0.015 0.015 0.015 0.015 0.015 0.015 0.015 0.0136299 0.015 0.015 0.015 0.015 0.015 0.015 0.015 0.015 0.015 0.0136453 0.015 0.015 0.015 0.015 0.015 0.015 0.015 0.015 0.015 0.0136263 0.015 0.015 0.015 0.015 0.015 0.015 0.015 0.015 0.015 0.0135928 0.015 0.015 0.015 0.015 0.015 0.015 0.015 0.015 0.015 0.0136501 0.015 0.015 0.015 0.015 0.015 0.015 0.015 0.015 0.015 0.0135707 0.015 0.015 0.015 0.0135721 0.015 0.015 0.0135888 0.015 0.015 0.015 0.015 0.015 0.015 0.013582 0.015 0.015 0.0135752 0.015 0.015 0.015 0.015 0.015 0.015 0.0136293 0.015 0.015 0.0136396 0.015 0.015 0.015 0.015 0.015 0.015 0.0136227 0.015 0.015 0.013652 0.015 0.015 0.015 0.015 0.015 0.015 0.0135982 0.015 0.015 0.0136476 0.015 0.015 0.015 0.015 0.015 0.015 0.013617 0.015 0.015 0.0136331 0.015 0.015 0.015 0.015 0.015 0.015 0.0135878 0.015 0.015 0.0135927 0.015 0.015 0.015 0.015 0.015 0.015 0.0135657 0.015 0.015 0.0136126 0.015 0.015 0.015 0.015 0.015 0.015 0.0135805 0.015 0.015 0.0135713 0.015 0.015 0.015 0.015 0.015 0.015 0.0136094 0.015 0.015 0.0136331 0.015 0.015 0.015 0.015 0.015 0.015 0.015 0.015 0.015 0.015 0.015 0.015 0.015 0.015 0.015 0.015 0.015 0.015 0.015 0.015 0.015 0.015 0.015 0.015 0.015 0.015 0.015 0.015 0.015 0.015 0.015 0.015 0.015 0.015 0.015 0.015 0.015 0.015 0.015 0.015 0.015 0.015 0.015 0.015 0.015 0.015 0.015 0.015 0.015 0.015 0.015 0.015 0.015 0.015 0.015 0.015 0.015 0.015 0.015 0.015 0.015 0.015 0.015 0.015 0.015 0.015 0.015 0.015 0.015 0.015 0.015 0.015 0.015 0.015 0.015 0.015 0.015 0.015 0.015 0.015 0.015 0.015 0.015 0.015 0.015 0.015 0.015 0.015 0.015 0.015 0.015 0.015 0.015 0.015 0.015 0.015 0.015 0.015 0.015 0.015 0.015 0.015 0.015 0.015 0.015 0.015 0.015 0.015 0.015 0.015 0.015 0.015 0.0136124 0.015 0.015 0.015 0.015 0.015 0.015 0.015 0.015 0.015 0.013635 0.015 0.015 0.015 0.015 0.015 0.015 0.015 0.015 0.015 0.0135843 0.015 0.015 0.015 0.015 0.015 0.015 0.015 0.015 0.015 0.0136217 0.015 0.015 0.015 0.015 0.015 0.015 0.015 0.015 0.015 0.0135662 0.015 0.015 0.015 0.015 0.015 0.015 0.015 0.015 0.015 0.013625 0.015 0.015 0.015 0.015 0.015 0.015 0.015 0.015 0.015 0.0136448 0.015 0.015 0.015 0.015 0.015 0.015 0.015 0.015 0.015 0.0136264 0.015 0.015 0.015 0.015 0.015 0.015 0.015 0.015 0.015 0.0136062 0.015 0.015 0.015 0.015 0.015 0.015 0.015 0.015 0.015 0.0136178 0.015 0.015 0.015 0.015 0.015 0.015 0.015 0.015 0.015 0.0136385 0.015 0.015 0.015 0.015 0.015 0.015 0.015 0.015 0.015 0.0136514 0.015 0.015 0.015 0.015 0.015 0.015 0.015 0.015 0.015 0.0135974 0.015 0.015 0.015 0.015 0.015 0.015 0.015 0.015 0.015 0.0136326 0.015 0.015 0.015 0.015 0.015 0.015 0.015 0.015 0.015 0.0136216 0.015 0.015 0.015 0.015 0.015 0.015 0.015 0.015 0.015 0.0136088 0.015 0.015 0.015 0.015 0.015 0.015 0.015 0.015 0.015 0.0136249 0.015 0.015 0.015 0.015 0.015 0.015 0.015 0.015 0.015 0.0135655 0.015 0.015 0.015 0.015 0.015 0.015 0.015 0.015 0.015 0.0135941 0.015 0.015 0.015 0.015 0.015 0.015 0.015 0.015 0.015 0.0135894 0.015 0.015 0.015 0.0136477 0.015 0.015 0.0136014 0.015 0.015 0.015 0.015 0.015 0.015 0.0135948 0.015 0.015 0.0135871 0.015 0.015 0.015 0.015 0.015 0.015 0.0136219 0.015 0.015 0.0136249 0.015 0.015 0.015 0.015 0.015 0.015 0.0135929 0.015 0.015 0.0136207 0.015 0.015 0.015 0.015 0.015 0.015 0.013648 0.015 0.015 0.0135809 0.015 0.015 0.015 0.015 0.015 0.015 0.0136053 0.015 0.015 0.0136364 0.015 0.015 0.015 0.015 0.015 0.015 0.0136111 0.015 0.015 0.0136396 0.015 0.015 0.015 0.015 0.015 0.015 0.0136146 0.015 0.015 0.0135876 0.015 0.015 0.015 0.015 0.015 0.015 0.0136523 0.015 0.015 0.0136077 0.015 0.015 0.015 0.015 0.015 0.015 0.0135661 0.015 0.015 0.0136257 0.015 0.015 0.015 0.015 0.015 0.015 0.015 0.015 0.015 0.015 0.015 0.015 0.015 0.015 0.015 0.015 0.015 0.015 0.015 0.015 0.015 0.015 0.015 0.015 0.015 0.015 0.015 0.015 0.015 0.015 0.015 0.015 0.015 0.015 0.015 0.015 0.015 0.015 0.015 0.015 0.015 0.015 0.015 0.015 0.015 0.015 0.015 0.015 0.015 0.015 0.015 0.015 0.015 0.015 0.015 0.015 0.015 0.015 0.015 0.015 0.015 0.015 0.015 0.015 0.015 0.015 0.015 0.015 0.015 0.015 0.015 0.015 0.015 0.015 0.015 0.015 0.015 0.015 0.015 0.015 0.015 0.015 0.015 0.015 0.015 0.015 0.015 0.015 0.015 0.015 0.015 0.015 0.015 0.015 0.015 0.015 0.015 0.015 0.015 0.015 0.015 0.015 0.015 0.015 0.015 0.015 0.015 0.015 0.015 0.015 0.015 0.015 0.0136236 0.015 0.015 0.015 0.015 0.015 0.015 0.015 0.015 0.015 0.0135985 0.015 0.015 0.015 0.015 0.015 0.015 0.015 0.015 0.015 0.0136323 0.015 0.015 0.015 0.015 0.015 0.015 0.015 0.015 0.015 0.0135897 0.015 0.015 0.015 0.015 0.015 0.015 0.015 0.015 0.015 0.0136507 0.015 0.015 0.015 0.015 0.015 0.015 0.015 0.015 0.015 0.0136119 0.015 0.015 0.015 0.015 0.015 0.015 0.015 0.015 0.015 0.0136382 0.015 0.015 0.015 0.015 0.015 0.015 0.015 0.015 0.015 0.0136466 0.015 0.015 0.015 0.015 0.015 0.015 0.015 0.015 0.015 0.0135798 0.015 0.015 0.015 0.015 0.015 0.015 0.015 0.015 0.015 0.013641 0.015 0.015 0.015 0.0135994 0.015 0.015 0.0135803 0.015 0.015 0.015 0.015 0.015 0.015 0.0135692 0.015 0.015 0.0136486 0.015 0.015 0.015 0.015 0.015 0.015 0.0135867 0.015 0.015 0.013587 0.015 0.015 0.015 0.015 0.015 0.015 0.0136229 0.015 0.015 0.0135685 0.015 0.015 0.015 0.015 0.015 0.015 0.0136036 0.015 0.015 0.0136002 0.015 0.015 0.015 0.015 0.015 0.015 0.013588 0.015 0.015 0.013651 0.015 0.015 0.015 0.015 0.015 0.015 0.0135977 0.015 0.015 0.0136358 0.015 0.015 0.015 0.015 0.015 0.015 0.0136549 0.015 0.015 0.0136462 0.015 0.015 0.015 0.015 0.015 0.015 0.0136374 0.015 0.015 0.0136148 0.015 0.015 0.015 0.015 0.015 0.015 0.0135872 0.015 0.015 0.0136069 0.015 0.015 0.015 0.015 0.015 0.015 0.015 0.015 0.015 0.015 0.015 0.015 0.015 0.015 0.015 0.015 0.015 0.015 0.015 0.015 0.015 0.015 0.015 0.015 0.015 0.015 0.015 0.015 0.015 0.015 0.015 0.015 0.015 0.015 0.015 0.015 0.015 0.015 0.015 0.015 0.015 0.015 0.015 0.015 0.015 0.015 0.015 0.015 0.015 0.015 0.015 0.015 0.015 0.015 0.015 0.015 0.015 0.015 0.015 0.015 0.015 0.015 0.015 0.015 0.015 0.015 0.015 0.015 0.015 0.015 0.015 0.015 0.015 0.015 0.015 0.015 0.015 0.015 0.015 0.015 0.015 0.015 0.015 0.015 0.015 0.015 0.015 0.015 0.015 0.015 0.015 0.015 0.015 0.015 0.015 0.015 0.015 0.015 0.015 0.015 0.015 0.015 0.015 0.015 0.015 0.015 0.015 0.015 0.015 0.015 0.015 0.015 0.0135841 0.015 0.015 0.015 0.015 0.015 0.015 0.015 0.015 0.015 0.0136224 0.015 0.015 0.015 0.015 0.015 0.015 0.015 0.015 0.015 0.0135951 0.015 0.015 0.015 0.015 0.015 0.015 0.015 0.015 0.015 0.0135984 0.015 0.015 0.015 0.015 0.015 0.015 0.015 0.015 0.015 0.0135768 0.015 0.015 0.015 0.015 0.015 0.015 0.015 0.015 0.015 0.0136253 0.015 0.015 0.015 0.015 0.015 0.015 0.015 0.015 0.015 0.0135686 0.015 0.015 0.015 0.015 0.015 0.015 0.015 0.015 0.015 0.0136265 0.015 0.015 0.015 0.015 0.015 0.015 0.015 0.015 0.015 0.0136199 0.015 0.015 0.015 0.015 0.015 0.015 0.015 0.015 0.015 0.0135661 0.015 0.015 0.015 0.0135838 0.015 0.015 0.0136151 0.015 0.015 0.015 0.015 0.015 0.015 0.0135877 0.015 0.015 0.0136204 0.015 0.015 0.015 0.015 0.015 0.015 0.0135884 0.015 0.015 0.013641 0.015 0.015 0.015 0.015 0.015 0.015 0.0136045 0.015 0.015 0.0136437 0.015 0.015 0.015 0.015 0.015 0.015 0.0136312 0.015 0.015 0.0135688 0.015 0.015 0.015 0.015 0.015 0.015 0.0135958 0.015 0.015 0.0136484 0.015 0.015 0.015 0.015 0.015 0.015 0.0136213 0.015 0.015 0.0136323 0.015 0.015 0.015 0.015 0.015 0.015 0.0136057 0.015 0.015 0.0135891 0.015 0.015 0.015 0.015 0.015 0.015 0.0136272 0.015 0.015 0.0136081 0.015 0.015 0.015 0.015 0.015 0.015 0.0135667 0.015 0.015 0.0135856 0.015 0.015 0.015 0.015 0.015 0.015 0.015 0.015 0.015 0.015 0.015 0.015 0.015 0.015 0.015 0.015 0.015 0.015 0.015 0.015 0.015 0.015 0.015 0.015 0.015 0.015 0.015 0.015 0.015 0.015 0.015 0.015 0.015 0.015 0.015 0.015 0.015 0.015 0.015 0.015 0.015 0.015 0.015 0.015 0.015 0.015 0.015 0.015 0.015 0.015 0.015 0.015 0.015 0.015 0.015 0.015 0.015 0.015 0.015 0.015 0.015 0.015 0.015 0.015 0.015 0.015 0.015 0.015 0.015 0.015 0.015 0.015 0.015 0.015 0.015 0.015 0.015 0.015 0.015 0.015 0.015 0.015 0.015 0.015 0.015 0.015 0.015 0.015 0.015 0.015 0.015 0.015 0.015 0.015 0.015 0.015 0.015 0.015 0.015 0.015 0.015 0.015 0.015 0.015 0.015 0.015 0.015 0.015 0.015 0.015 0.015 0.015 0.0135879 0.015 0.015 0.015 0.015 0.015 0.015 0.015 0.015 0.015 0.0136325 0.015 0.015 0.015 0.015 0.015 0.015 0.015 0.015 0.015 0.0136138 0.015 0.015 0.015 0.015 0.015 0.015 0.015 0.015 0.015 0.0136151 0.015 0.015 0.015 0.015 0.015 0.015 0.015 0.015 0.015 0.0136111 0.015 0.015 0.015 0.015 0.015 0.015 0.015 0.015 0.015 0.013609 0.015 0.015 0.015 0.015 0.015 0.015 0.015 0.015 0.015 0.0135658 0.015 0.015 0.015 0.015 0.015 0.015 0.015 0.015 0.015 0.013573 0.015 0.015 0.015 0.015 0.015 0.015 0.015 0.015 0.015 0.0136225 0.015 0.015 0.015 0.015 0.015 0.015 0.015 0.015 0.015 0.0136241 0.015 0.015 0.015 0.015 0.015 0.015 0.015 0.015 0.015 0.0136251 0.015 0.015 0.015 0.015 0.015 0.015 0.015 0.015 0.015 0.0136188 0.015 0.015 0.015 0.015 0.015 0.015 0.015 0.015 0.015 0.0136089 0.015 0.015 0.015 0.015 0.015 0.015 0.015 0.015 0.015 0.0135937 0.015 0.015 0.015 0.015 0.015 0.015 0.015 0.015 0.015 0.0135714 0.015 0.015 0.015 0.015 0.015 0.015 0.015 0.015 0.015 0.0136056 0.015 0.015 0.015 0.015 0.015 0.015 0.015 0.015 0.015 0.0135934 0.015 0.015 0.015 0.015 0.015 0.015 0.015 0.015 0.015 0.0136488 0.015 0.015 0.015 0.015 0.015 0.015 0.015 0.015 0.015 0.0135853 0.015 0.015 0.015 0.015 0.015 0.015 0.015 0.015 0.015 0.0136192 0.015 0.015 0.015 0.0136442 0.015 0.015 0.013597 0.015 0.015 0.015 0.015 0.015 0.015 0.0136154 0.015 0.015 0.0135689 0.015 0.015 0.015 0.015 0.015 0.015 0.0135853 0.015 0.015 0.0135747 0.015 0.015 0.015 0.015 0.015 0.015 0.0136317 0.015 0.015 0.0136333 0.015 0.015 0.015 0.015 0.015 0.015 0.0136205 0.015 0.015 0.0136479 0.015 0.015 0.015 0.015 0.015 0.015 0.0136126 0.015 0.015 0.013571 0.015 0.015 0.015 0.015 0.015 0.015 0.0136539 0.015 0.015 0.0136401 0.015 0.015 0.015 0.015 0.015 0.015 0.013587 0.015 0.015 0.0136131 0.015 0.015 0.015 0.015 0.015 0.015 0.0136398 0.015 0.015 0.0135997 0.015 0.015 0.015 0.015 0.015 0.015 0.013608 0.015 0.015 0.0136521 0.015 0.015 0.015 0.015 0.015 0.015 0.015 0.015 0.015 0.015 0.015 0.015 0.015 0.015 0.015 0.015 0.015 0.015 0.015 0.015 0.015 0.015 0.015 0.015 0.015 0.015 0.015 0.015 0.015 0.015 0.015 0.015 0.015 0.015 0.015 0.015 0.015 0.015 0.015 0.015 0.015 0.015 0.015 0.015 0.015 0.015 0.015 0.015 0.015 0.015 0.015 0.015 0.015 0.015 0.015 0.015 0.015 0.015 0.015 0.015 0.015 0.015 0.015 0.015 0.015 0.015 0.015 0.015 0.015 0.015 0.015 0.015 0.015 0.015 0.015 0.015 0.015 0.015 0.015 0.015 0.015 0.015 0.015 0.015 0.015 0.015 0.015 0.015 0.015 0.015 0.015 0.015 0.015 0.015 0.015 0.015 0.015 0.015 0.015 0.015 0.015 0.015 0.015 0.015 0.015 0.015 0.015 0.015 0.015 0.015 0.015 0.015 0.0136244 0.015 0.015 0.015 0.015 0.015 0.015 0.015 0.015 0.015 0.0135812 0.015 0.015 0.015 0.015 0.015 0.015 0.015 0.015 0.015 0.0135881 0.015 0.015 0.015 0.015 0.015 0.015 0.015 0.015 0.015 0.0136304 0.015 0.015 0.015 0.015 0.015 0.015 0.015 0.015 0.015 0.0135945 0.015 0.015 0.015 0.015 0.015 0.015 0.015 0.015 0.015 0.0135793 0.015 0.015 0.015 0.015 0.015 0.015 0.015 0.015 0.015 0.0136501 0.015 0.015 0.015 0.015 0.015 0.015 0.015 0.015 0.015 0.0135769 0.015 0.015 0.015 0.015 0.015 0.015 0.015 0.015 0.015 0.013633 0.015 0.015 0.015 0.015 0.015 0.015 0.015 0.015 0.015 0.0135652 0.015 0.015 0.015 0.0136156 0.015 0.015 0.0136342 0.015 0.015 0.015 0.015 0.015 0.015 0.0136316 0.015 0.015 0.0135694 0.015 0.015 0.015 0.015 0.015 0.015 0.0136027 0.015 0.015 0.0136151 0.015 0.015 0.015 0.015 0.015 0.015 0.013582 0.015 0.015 0.0136492 0.015 0.015 0.015 0.015 0.015 0.015 0.0135882 0.015 0.015 0.013652 0.015 0.015 0.015 0.015 0.015 0.015 0.0135998 0.015 0.015 0.0136421 0.015 0.015 0.015 0.015 0.015 0.015 0.0135712 0.015 0.015 0.0135772 0.015 0.015 0.015 0.015 0.015 0.015 0.0135785 0.015 0.015 0.0136115 0.015 0.015 0.015 0.015 0.015 0.015 0.0135733 0.015 0.015 0.0136139 0.015 0.015 0.015 0.015 0.015 0.015 0.0135879 0.015 0.015 0.0136246 0.015 0.015 0.015 0.015 0.015 0.015 0.015 0.015 0.015 0.015 0.015 0.015 0.015 0.015 0.015 0.015 0.015 0.015 0.015 0.015 0.015 0.015 0.015 0.015 0.015 0.015 0.015 0.015 0.015 0.015 0.015 0.015 0.015 0.015 0.015 0.015 0.015 0.015 0.015 0.015 0.015 0.015 0.015 0.015 0.015 0.015 0.015 0.015 0.015 0.015 0.015 0.015 0.015 0.015 0.015 0.015 0.015 0.015 0.015 0.015 0.015 0.015 0.015 0.015 0.015 0.015 0.015 0.015 0.015 0.015 0.015 0.015 0.015 0.015 0.015 0.015 0.015 0.015 0.015 0.015 0.015 0.015 0.015 0.015 0.015 0.015 0.015 0.015 0.015 0.015 0.015 0.015 0.015 0.015 0.015 0.015 0.015 0.015 0.015 0.015 0.015 0.015 0.015 0.015 0.015 0.015 0.015 0.015 0.015 0.015 0.015 0.015 0.0135666 0.015 0.015 0.015 0.015 0.015 0.015 0.015 0.015 0.015 0.0135805 0.015 0.015 0.015 0.015 0.015 0.015 0.015 0.015 0.015 0.0135802 0.015 0.015 0.015 0.015 0.015 0.015 0.015 0.015 0.015 0.0135832 0.015 0.015 0.015 0.015 0.015 0.015 0.015 0.015 0.015 0.0136353 0.015 0.015 0.015 0.015 0.015 0.015 0.015 0.015 0.015 0.0136344 0.015 0.015 0.015 0.015 0.015 0.015 0.015 0.015 0.015 0.0136419 0.015 0.015 0.015 0.015 0.015 0.015 0.015 0.015 0.015 0.0136345 0.015 0.015 0.015 0.015 0.015 0.015 0.015 0.015 0.015 0.0135711 0.015 0.015 0.015 0.015 0.015 0.015 0.015 0.015 0.015 0.0135774 0.015 0.015 0.015 0.0136502 0.015 0.015 0.0136437 0.015 0.015 0.015 0.015 0.015 0.015 0.0136401 0.015 0.015 0.0136493 0.015 0.015 0.015 0.015 0.015 0.015 0.0136355 0.015 0.015 0.0136227 0.015 0.015 0.015 0.015 0.015 0.015 0.0136087 0.015 0.015 0.0135828 0.015 0.015 0.015 0.015 0.015 0.015 0.0135958 0.015 0.015 0.0135977 0.015 0.015 0.015 0.015 0.015 0.015 0.0136041 0.015 0.015 0.0136115 0.015 0.015 0.015 0.015 0.015 0.015 0.0136178 0.015 0.015 0.0136357 0.015 0.015 0.015 0.015 0.015 0.015 0.0136001 0.015 0.015 0.0136009 0.015 0.015 0.015 0.015 0.015 0.015 0.0136328 0.015 0.015 0.0136493 0.015 0.015 0.015 0.015 0.015 0.015 0.0136299 0.015 0.015 0.0136088 0.015 0.015 0.015 0.015 0.015 0.015 0.015 0.015 0.015 0.015 0.015 0.015 0.015 0.015 0.015 0.015 0.015 0.015 0.015 0.015 0.015 0.015 0.015 0.015 0.015 0.015 0.015 0.015 0.015 0.015 0.015 0.015 0.015 0.015 0.015 0.015 0.015 0.015 0.015 0.015 0.015 0.015 0.015 0.015 0.015 0.015 0.015 0.015 0.015 0.015 0.015 0.015 0.015 0.015 0.015 0.015 0.015 0.015 0.015 0.015 0.015 0.015 0.015 0.015 0.015 0.015 0.015 0.015 0.015 0.015 0.015 0.015 0.015 0.015 0.015 0.015 0.015 0.015 0.015 0.015 0.015 0.015 0.015 0.015 0.015 0.015 0.015 0.015 0.015 0.015 0.015 0.015 0.015 0.015 0.015 0.015 0.015 0.015 0.015 0.015 0.015 0.015 0.015 0.015 0.015 0.015 0.015 0.015 0.015 0.015 0.015 0.015 0.0135875 0.015 0.015 0.015 0.015 0.015 0.015 0.015 0.015 0.015 0.0136429 0.015 0.015 0.015 0.015 0.015 0.015 0.015 0.015 0.015 0.0136424 0.015 0.015 0.015 0.015 0.015 0.015 0.015 0.015 0.015 0.0136207 0.015 0.015 0.015 0.015 0.015 0.015 0.015 0.015 0.015 0.013615 0.015 0.015 0.015 0.015 0.015 0.015 0.015 0.015 0.015 0.013609 0.015 0.015 0.015 0.015 0.015 0.015 0.015 0.015 0.015 0.0135939 0.015 0.015 0.015 0.015 0.015 0.015 0.015 0.015 0.015 0.0136144 0.015 0.015 0.015 0.015 0.015 0.015 0.015 0.015 0.015 0.0136197 0.015 0.015 0.015 0.015 0.015 0.015 0.015 0.015 0.015 0.0136076 0.015 0.015 0.015 0.015 0.015 0.015 0.015 0.015 0.015 0.0136063 0.015 0.015 0.015 0.015 0.015 0.015 0.015 0.015 0.015 0.0135935 0.015 0.015 0.015 0.015 0.015 0.015 0.015 0.015 0.015 0.0136276 0.015 0.015 0.015 0.015 0.015 0.015 0.015 0.015 0.015 0.0135728 0.015 0.015 0.015 0.015 0.015 0.015 0.015 0.015 0.015 0.0136401 0.015 0.015 0.015 0.015 0.015 0.015 0.015 0.015 0.015 0.0135996 0.015 0.015 0.015 0.015 0.015 0.015 0.015 0.015 0.015 0.0136137 0.015 0.015 0.015 0.015 0.015 0.015 0.015 0.015 0.015 0.0135705 0.015 0.015 0.015 0.015 0.015 0.015 0.015 0.015 0.015 0.0135881 0.015 0.015 0.015 0.015 0.015 0.015 0.015 0.015 0.015 0.0135942 0.015 0.015 0.015 0.0135932 0.015 0.015 0.0136517 0.015 0.015 0.015 0.015 0.015 0.015 0.0136258 0.015 0.015 0.0136155 0.015 0.015 0.015 0.015 0.015 0.015 0.0136465 0.015 0.015 0.0136282 0.015 0.015 0.015 0.015 0.015 0.015 0.0136141 0.015 0.015 0.0136102 0.015 0.015 0.015 0.015 0.015 0.015 0.0136028 0.015 0.015 0.0136355 0.015 0.015 0.015 0.015 0.015 0.015 0.0135673 0.015 0.015 0.0136006 0.015 0.015 0.015 0.015 0.015 0.015 0.0136135 0.015 0.015 0.0135846 0.015 0.015 0.015 0.015 0.015 0.015 0.0135914 0.015 0.015 0.0135816 0.015 0.015 0.015 0.015 0.015 0.015 0.0136046 0.015 0.015 0.0136378 0.015 0.015 0.015 0.015 0.015 0.015 0.0136316 0.015 0.015 0.0136058 0.015 0.015 0.015 0.015 0.015 0.015 0.015 0.015 0.015 0.015 0.015 0.015 0.015 0.015 0.015 0.015 0.015 0.015 0.015 0.015 0.015 0.015 0.015 0.015 0.015 0.015 0.015 0.015 0.015 0.015 0.015 0.015 0.015 0.015 0.015 0.015 0.015 0.015 0.015 0.015 0.015 0.015 0.015 0.015 0.015 0.015 0.015 0.015 0.015 0.015 0.015 0.015 0.015 0.015 0.015 0.015 0.015 0.015 0.015 0.015 0.015 0.015 0.015 0.015 0.015 0.015 0.015 0.015 0.015 0.015 0.015 0.015 0.015 0.015 0.015 0.015 0.015 0.015 0.015 0.015 0.015 0.015 0.015 0.015 0.015 0.015 0.015 0.015 0.015 0.015 0.015 0.015 0.015 0.015 0.015 0.015 0.015 0.015 0.015 0.015 0.015 0.015 0.015 0.015 0.015 0.015 0.015 0.015 0.015 0.015 0.015 0.015 0.0136393 0.015 0.015 0.015 0.015 0.015 0.015 0.015 0.015 0.015 0.013641 0.015 0.015 0.015 0.015 0.015 0.015 0.015 0.015 0.015 0.0136089 0.015 0.015 0.015 0.015 0.015 0.015 0.015 0.015 0.015 0.0136435 0.015 0.015 0.015 0.015 0.015 0.015 0.015 0.015 0.015 0.0136206 0.015 0.015 0.015 0.015 0.015 0.015 0.015 0.015 0.015 0.0135798 0.015 0.015 0.015 0.015 0.015 0.015 0.015 0.015 0.015 0.0136374 0.015 0.015 0.015 0.015 0.015 0.015 0.015 0.015 0.015 0.0135946 0.015 0.015 0.015 0.015 0.015 0.015 0.015 0.015 0.015 0.0136509 0.015 0.015 0.015 0.015 0.015 0.015 0.015 0.015 0.015 0.0135696 0.015 0.015 0.015 0.013646 0.015 0.015 0.0136289 0.015 0.015 0.015 0.015 0.015 0.015 0.013582 0.015 0.015 0.0136141 0.015 0.015 0.015 0.015 0.015 0.015 0.0136091 0.015 0.015 0.0136333 0.015 0.015 0.015 0.015 0.015 0.015 0.0136397 0.015 0.015 0.0136304 0.015 0.015 0.015 0.015 0.015 0.015 0.0135809 0.015 0.015 0.0136357 0.015 0.015 0.015 0.015 0.015 0.015 0.0136094 0.015 0.015 0.0136151 0.015 0.015 0.015 0.015 0.015 0.015 0.0136118 0.015 0.015 0.0135833 0.015 0.015 0.015 0.015 0.015 0.015 0.0136297 0.015 0.015 0.0136281 0.015 0.015 0.015 0.015 0.015 0.015 0.013599 0.015 0.015 0.0136186 0.015 0.015 0.015 0.015 0.015 0.015 0.0136122 0.015 0.015 0.0135732 0.015 0.015 0.015 0.015 0.015 0.015 0.015 0.015 0.015 0.015 0.015 0.015 0.015 0.015 0.015 0.015 0.015 0.015 0.015 0.015 0.015 0.015 0.015 0.015 0.015 0.015 0.015 0.015 0.015 0.015 0.015 0.015 0.015 0.015 0.015 0.015 0.015 0.015 0.015 0.015 0.015 0.015 0.015 0.015 0.015 0.015 0.015 0.015 0.015 0.015 0.015 0.015 0.015 0.015 0.015 0.015 0.015 0.015 0.015 0.015 0.015 0.015 0.015 0.015 0.015 0.015 0.015 0.015 0.015 0.015 0.015 0.015 0.015 0.015 0.015 0.015 0.015 0.015 0.015 0.015 0.015 0.015 0.015 0.015 0.015 0.015 0.015 0.015 0.015 0.015 0.015 0.015 0.015 0.015 0.015 0.015 0.015 0.015 0.015 0.015 0.015 0.015 0.015 0.015 0.015 0.015 0.015 0.015 0.015 0.015 0.015 0.015 0.013582 0.015 0.015 0.015 0.015 0.015 0.015 0.015 0.015 0.015 0.0135715 0.015 0.015 0.015 0.015 0.015 0.015 0.015 0.015 0.015 0.0135815 0.015 0.015 0.015 0.015 0.015 0.015 0.015 0.015 0.015 0.0135774 0.015 0.015 0.015 0.015 0.015 0.015 0.015 0.015 0.015 0.0135897 0.015 0.015 0.015 0.015 0.015 0.015 0.015 0.015 0.015 0.0136093 0.015 0.015 0.015 0.015 0.015 0.015 0.015 0.015 0.015 0.0135832 0.015 0.015 0.015 0.015 0.015 0.015 0.015 0.015 0.015 0.0136475 0.015 0.015 0.015 0.015 0.015 0.015 0.015 0.015 0.015 0.0136405 0.015 0.015 0.015 0.015 0.015 0.015 0.015 0.015 0.015 0.0136138 0.015 0.015 0.015 0.013648 0.015 0.015 0.0136301 0.015 0.015 0.015 0.015 0.015 0.015 0.0136036 0.015 0.015 0.0135942 0.015 0.015 0.015 0.015 0.015 0.015 0.0136349 0.015 0.015 0.0136025 0.015 0.015 0.015 0.015 0.015 0.015 0.0135976 0.015 0.015 0.0136457 0.015 0.015 0.015 0.015 0.015 0.015 0.0136146 0.015 0.015 0.013611 0.015 0.015 0.015 0.015 0.015 0.015 0.0136134 0.015 0.015 0.0136039 0.015 0.015 0.015 0.015 0.015 0.015 0.0135699 0.015 0.015 0.0136289 0.015 0.015 0.015 0.015 0.015 0.015 0.0136165 0.015 0.015 0.0136385 0.015 0.015 0.015 0.015 0.015 0.015 0.0136132 0.015 0.015 0.0135964 0.015 0.015 0.015 0.015 0.015 0.015 0.0136477 0.015 0.015 0.0136425 0.015 0.015 0.015 0.015 0.015 0.015 0.015 0.015 0.015 0.015 0.015 0.015 0.015 0.015 0.015 0.015 0.015 0.015 0.015 0.015 0.015 0.015 0.015 0.015 0.015 0.015 0.015 0.015 0.015 0.015 0.015 0.015 0.015 0.015 0.015 0.015 0.015 0.015 0.015 0.015 0.015 0.015 0.015 0.015 0.015 0.015 0.015 0.015 0.015 0.015 0.015 0.015 0.015 0.015 0.015 0.015 0.015 0.015 0.015 0.015 0.015 0.015 0.015 0.015 0.015 0.015 0.015 0.015 0.015 0.015 0.015 0.015 0.015 0.015 0.015 0.015 0.015 0.015 0.015 0.015 0.015 0.015 0.015 0.015 0.015 0.015 0.015 0.015 0.015 0.015 0.015 0.015 0.015 0.015 0.015 0.015 0.015 0.015 0.015 0.015 0.015 0.015 0.015 0.015 0.015 0.015 0.015 0.015 0.015 0.015 0.015 0.015 0.013596 0.015 0.015 0.015 0.015 0.015 0.015 0.015 0.015 0.015 0.0136506 0.015 0.015 0.015 0.015 0.015 0.015 0.015 0.015 0.015 0.0136176 0.015 0.015 0.015 0.015 0.015 0.015 0.015 0.015 0.015 0.0135957 0.015 0.015 0.015 0.015 0.015 0.015 0.015 0.015 0.015 0.0135805 0.015 0.015 0.015 0.015 0.015 0.015 0.015 0.015 0.015 0.0135966 0.015 0.015 0.015 0.015 0.015 0.015 0.015 0.015 0.015 0.0135941 0.015 0.015 0.015 0.015 0.015 0.015 0.015 0.015 0.015 0.0136076 0.015 0.015 0.015 0.015 0.015 0.015 0.015 0.015 0.015 0.0135682 0.015 0.015 0.015 0.015 0.015 0.015 0.015 0.015 0.015 0.0135697 0.015 0.015 0.015 0.015 0.015 0.015 0.015 0.015 0.015 0.0136077 0.015 0.015 0.015 0.015 0.015 0.015 0.015 0.015 0.015 0.0136146 0.015 0.015 0.015 0.015 0.015 0.015 0.015 0.015 0.015 0.01363 0.015 0.015 0.015 0.015 0.015 0.015 0.015 0.015 0.015 0.0136082 0.015 0.015 0.015 0.015 0.015 0.015 0.015 0.015 0.015 0.0136495 0.015 0.015 0.015 0.015 0.015 0.015 0.015 0.015 0.015 0.013631 0.015 0.015 0.015 0.015 0.015 0.015 0.015 0.015 0.015 0.0135871 0.015 0.015 0.015 0.015 0.015 0.015 0.015 0.015 0.015 0.0136194 0.015 0.015 0.015 0.015 0.015 0.015 0.015 0.015 0.015 0.0136495 0.015 0.015 0.015 0.015 0.015 0.015 0.015 0.015 0.015 0.0136447 0.015 0.015 0.015 0.0136317 0.015 0.015 0.0135868 0.015 0.015 0.015 0.015 0.015 0.015 0.0135737 0.015 0.015 0.0136139 0.015 0.015 0.015 0.015 0.015 0.015 0.0135724 0.015 0.015 0.0136095 0.015 0.015 0.015 0.015 0.015 0.015 0.0135656 0.015 0.015 0.0136322 0.015 0.015 0.015 0.015 0.015 0.015 0.0136349 0.015 0.015 0.013616 0.015 0.015 0.015 0.015 0.015 0.015 0.0135806 0.015 0.015 0.0136375 0.015 0.015 0.015 0.015 0.015 0.015 0.0135943 0.015 0.015 0.0136362 0.015 0.015 0.015 0.015 0.015 0.015 0.0136141 0.015 0.015 0.0136129 0.015 0.015 0.015 0.015 0.015 0.015 0.0136182 0.015 0.015 0.0135679 0.015 0.015 0.015 0.015 0.015 0.015 0.0136205 0.015 0.015 0.0136288 0.015 0.015 0.015 0.015 0.015 0.015 0.015 0.015 0.015 0.015 0.015 0.015 0.015 0.015 0.015 0.015 0.015 0.015 0.015 0.015 0.015 0.015 0.015 0.015 0.015 0.015 0.015 0.015 0.015 0.015 0.015 0.015 0.015 0.015 0.015 0.015 0.015 0.015 0.015 0.015 0.015 0.015 0.015 0.015 0.015 0.015 0.015 0.015 0.015 0.015 0.015 0.015 0.015 0.015 0.015 0.015 0.015 0.015 0.015 0.015 0.015 0.015 0.015 0.015 0.015 0.015 0.015 0.015 0.015 0.015 0.015 0.015 0.015 0.015 0.015 0.015 0.015 0.015 0.015 0.015 0.015 0.015 0.015 0.015 0.015 0.015 0.015 0.015 0.015 0.015 0.015 0.015 0.015 0.015 0.015 0.015 0.015 0.015 0.015 0.015 0.015 0.015 0.015 0.015 0.015 0.015 0.015 0.015 0.015 0.015 0.015 0.015 0.0136149 0.015 0.015 0.015 0.015 0.015 0.015 0.015 0.015 0.015 0.0136098 0.015 0.015 0.015 0.015 0.015 0.015 0.015 0.015 0.015 0.013581 0.015 0.015 0.015 0.015 0.015 0.015 0.015 0.015 0.015 0.0136131 0.015 0.015 0.015 0.015 0.015 0.015 0.015 0.015 0.015 0.0136228 0.015 0.015 0.015 0.015 0.015 0.015 0.015 0.015 0.015 0.0136156 0.015 0.015 0.015 0.015 0.015 0.015 0.015 0.015 0.015 0.0136009 0.015 0.015 0.015 0.015 0.015 0.015 0.015 0.015 0.015 0.0135702 0.015 0.015 0.015 0.015 0.015 0.015 0.015 0.015 0.015 0.0136057 0.015 0.015 0.015 0.015 0.015 0.015 0.015 0.015 0.015 0.0136125 0.015 0.015 0.015 0.013628 0.015 0.015 0.0136332 0.015 0.015 0.015 0.015 0.015 0.015 0.0136117 0.015 0.015 0.0136102 0.015 0.015 0.015 0.015 0.015 0.015 0.013631 0.015 0.015 0.013603 0.015 0.015 0.015 0.015 0.015 0.015 0.0136453 0.015 0.015 0.0136402 0.015 0.015 0.015 0.015 0.015 0.015 0.0135841 0.015 0.015 0.0136498 0.015 0.015 0.015 0.015 0.015 0.015 0.0135841 0.015 0.015 0.0136391 0.015 0.015 0.015 0.015 0.015 0.015 0.0136477 0.015 0.015 0.0136385 0.015 0.015 0.015 0.015 0.015 0.015 0.0136284 0.015 0.015 0.0136087 0.015 0.015 0.015 0.015 0.015 0.015 0.0136277 0.015 0.015 0.0135914 0.015 0.015 0.015 0.015 0.015 0.015 0.0136363 0.015 0.015 0.0135939 0.015 0.015 0.015 0.015 0.015 0.015 0.015 0.015 0.015 0.015 0.015 0.015 0.015 0.015 0.015 0.015 0.015 0.015 0.015 0.015 0.015 0.015 0.015 0.015 0.015 0.015 0.015 0.015 0.015 0.015 0.015 0.015 0.015 0.015 0.015 0.015 0.015 0.015 0.015 0.015 0.015 0.015 0.015 0.015 0.015 0.015 0.015 0.015 0.015 0.015 0.015 0.015 0.015 0.015 0.015 0.015 0.015 0.015 0.015 0.015 0.015 0.015 0.015 0.015 0.015 0.015 0.015 0.015 0.015 0.015 0.015 0.015 0.015 0.015 0.015 0.015 0.015 0.015 0.015 0.015 0.015 0.015 0.015 0.015 0.015 0.015 0.015 0.015 0.015 0.015 0.015 0.015 0.015 0.015 0.015 0.015 0.015 0.015 0.015 0.015 0.015 0.015 0.015 0.015 0.015 0.015 0.015 0.015 0.015 0.015 0.015 0.015 0.0136221 0.015 0.015 0.015 0.015 0.015 0.015 0.015 0.015 0.015 0.0136232 0.015 0.015 0.015 0.015 0.015 0.015 0.015 0.015 0.015 0.0136341 0.015 0.015 0.015 0.015 0.015 0.015 0.015 0.015 0.015 0.0136185 0.015 0.015 0.015 0.015 0.015 0.015 0.015 0.015 0.015 0.0136543 0.015 0.015 0.015 0.015 0.015 0.015 0.015 0.015 0.015 0.0136125 0.015 0.015 0.015 0.015 0.015 0.015 0.015 0.015 0.015 0.0135941 0.015 0.015 0.015 0.015 0.015 0.015 0.015 0.015 0.015 0.0135715 0.015 0.015 0.015 0.015 0.015 0.015 0.015 0.015 0.015 0.0136199 0.015 0.015 0.015 0.015 0.015 0.015 0.015 0.015 0.015 0.0136258 0.015 0.015 0.015 0.0135938 0.015 0.015 0.0136314 0.015 0.015 0.015 0.015 0.015 0.015 0.0136361 0.015 0.015 0.0135983 0.015 0.015 0.015 0.015 0.015 0.015 0.0136148 0.015 0.015 0.0136111 0.015 0.015 0.015 0.015 0.015 0.015 0.0136447 0.015 0.015 0.0136533 0.015 0.015 0.015 0.015 0.015 0.015 0.0135735 0.015 0.015 0.0136338 0.015 0.015 0.015 0.015 0.015 0.015 0.0136362 0.015 0.015 0.0136026 0.015 0.015 0.015 0.015 0.015 0.015 0.0136289 0.015 0.015 0.0136099 0.015 0.015 0.015 0.015 0.015 0.015 0.0136053 0.015 0.015 0.0136232 0.015 0.015 0.015 0.015 0.015 0.015 0.0136388 0.015 0.015 0.013596 0.015 0.015 0.015 0.015 0.015 0.015 0.013596 0.015 0.015 0.0136103 0.015 0.015 0.015 0.015 0.015 0.015 0.015 0.015 0.015 0.015 0.015 0.015 0.015 0.015 0.015 0.015 0.015 0.015 0.015 0.015 0.015 0.015 0.015 0.015 0.015 0.015 0.015 0.015 0.015 0.015 0.015 0.015 0.015 0.015 0.015 0.015 0.015 0.015 0.015 0.015 0.015 0.015 0.015 0.015 0.015 0.015 0.015 0.015 0.015 0.015 0.015 0.015 0.015 0.015 0.015 0.015 0.015 0.015 0.015 0.015 0.015 0.015 0.015 0.015 0.015 0.015 0.015 0.015 0.015 0.015 0.015 0.015 0.015 0.015 0.015 0.015 0.015 0.015 0.015 0.015 0.015 0.015 0.015 0.015 0.015 0.015 0.015 0.015 0.015 0.015 0.015 0.015 0.015 0.015 0.015 0.015 0.015 0.015 0.015 0.015 0.015 0.015 0.015 0.015 0.015 0.015 0.015 0.015 0.015 0.015 0.015 0.015 0.0135776 0.015 0.015 0.015 0.015 0.015 0.015 0.015 0.015 0.015 0.0135801 0.015 0.015 0.015 0.015 0.015 0.015 0.015 0.015 0.015 0.0136461 0.015 0.015 0.015 0.015 0.015 0.015 0.015 0.015 0.015 0.013578 0.015 0.015 0.015 0.015 0.015 0.015 0.015 0.015 0.015 0.0136438 0.015 0.015 0.015 0.015 0.015 0.015 0.015 0.015 0.015 0.0136302 0.015 0.015 0.015 0.015 0.015 0.015 0.015 0.015 0.015 0.0136071 0.015 0.015 0.015 0.015 0.015 0.015 0.015 0.015 0.015 0.0135991 0.015 0.015 0.015 0.015 0.015 0.015 0.015 0.015 0.015 0.013568 0.015 0.015 0.015 0.015 0.015 0.015 0.015 0.015 0.015 0.0136288 0.015 0.015 0.015 0.015 0.015 0.015 0.015 0.015 0.015 0.0136285 0.015 0.015 0.015 0.015 0.015 0.015 0.015 0.015 0.015 0.0136358 0.015 0.015 0.015 0.015 0.015 0.015 0.015 0.015 0.015 0.0136362 0.015 0.015 0.015 0.015 0.015 0.015 0.015 0.015 0.015 0.0136339 0.015 0.015 0.015 0.015 0.015 0.015 0.015 0.015 0.015 0.0135852 0.015 0.015 0.015 0.015 0.015 0.015 0.015 0.015 0.015 0.0135663 0.015 0.015 0.015 0.015 0.015 0.015 0.015 0.015 0.015 0.013587 0.015 0.015 0.015 0.015 0.015 0.015 0.015 0.015 0.015 0.0136351 0.015 0.015 0.015 0.015 0.015 0.015 0.015 0.015 0.015 0.0136122 0.015 0.015 0.015 0.015 0.015 0.015 0.015 0.015 0.015 0.0135801 0.015 0.015 0.015 0.0136098 0.015 0.015 0.0136424 0.015 0.015 0.015 0.015 0.015 0.015 0.013652 0.015 0.015 0.0136019 0.015 0.015 0.015 0.015 0.015 0.015 0.0136176 0.015 0.015 0.0135673 0.015 0.015 0.015 0.015 0.015 0.015 0.0135688 0.015 0.015 0.0135846 0.015 0.015 0.015 0.015 0.015 0.015 0.0135686 0.015 0.015 0.0136384 0.015 0.015 0.015 0.015 0.015 0.015 0.0136074 0.015 0.015 0.0136524 0.015 0.015 0.015 0.015 0.015 0.015 0.0136543 0.015 0.015 0.0136265 0.015 0.015 0.015 0.015 0.015 0.015 0.0136477 0.015 0.015 0.0135707 0.015 0.015 0.015 0.015 0.015 0.015 0.0136129 0.015 0.015 0.013612 0.015 0.015 0.015 0.015 0.015 0.015 0.0136362 0.015 0.015 0.0136096 0.015 0.015 0.015 0.015 0.015 0.015 0.015 0.015 0.015 0.015 0.015 0.015 0.015 0.015 0.015 0.015 0.015 0.015 0.015 0.015 0.015 0.015 0.015 0.015 0.015 0.015 0.015 0.015 0.015 0.015 0.015 0.015 0.015 0.015 0.015 0.015 0.015 0.015 0.015 0.015 0.015 0.015 0.015 0.015 0.015 0.015 0.015 0.015 0.015 0.015 0.015 0.015 0.015 0.015 0.015 0.015 0.015 0.015 0.015 0.015 0.015 0.015 0.015 0.015 0.015 0.015 0.015 0.015 0.015 0.015 0.015 0.015 0.015 0.015 0.015 0.015 0.015 0.015 0.015 0.015 0.015 0.015 0.015 0.015 0.015 0.015 0.015 0.015 0.015 0.015 0.015 0.015 0.015 0.015 0.015 0.015 0.015 0.015 0.015 0.015 0.015 0.015 0.015 0.015 0.015 0.015 0.015 0.015 0.015 0.015 0.015 0.015 0.0135905 0.015 0.015 0.015 0.015 0.015 0.015 0.015 0.015 0.015 0.0136219 0.015 0.015 0.015 0.015 0.015 0.015 0.015 0.015 0.015 0.0135696 0.015 0.015 0.015 0.015 0.015 0.015 0.015 0.015 0.015 0.0136119 0.015 0.015 0.015 0.015 0.015 0.015 0.015 0.015 0.015 0.0136448 0.015 0.015 0.015 0.015 0.015 0.015 0.015 0.015 0.015 0.0136536 0.015 0.015 0.015 0.015 0.015 0.015 0.015 0.015 0.015 0.0136475 0.015 0.015 0.015 0.015 0.015 0.015 0.015 0.015 0.015 0.0136251 0.015 0.015 0.015 0.015 0.015 0.015 0.015 0.015 0.015 0.0135963 0.015 0.015 0.015 0.015 0.015 0.015 0.015 0.015 0.015 0.0135654 0.015 0.015 0.015 0.0135683 0.015 0.015 0.0136093 0.015 0.015 0.015 0.015 0.015 0.015 0.0135937 0.015 0.015 0.0136078 0.015 0.015 0.015 0.015 0.015 0.015 0.0135824 0.015 0.015 0.0136364 0.015 0.015 0.015 0.015 0.015 0.015 0.0136009 0.015 0.015 0.0135859 0.015 0.015 0.015 0.015 0.015 0.015 0.0135921 0.015 0.015 0.0136221 0.015 0.015 0.015 0.015 0.015 0.015 0.0135737 0.015 0.015 0.0136422 0.015 0.015 0.015 0.015 0.015 0.015 0.0135786 0.015 0.015 0.0135672 0.015 0.015 0.015 0.015 0.015 0.015 0.0136523 0.015 0.015 0.0135807 0.015 0.015 0.015 0.015 0.015 0.015 0.013636 0.015 0.015 0.0135789 0.015 0.015 0.015 0.015 0.015 0.015 0.0136473 0.015 0.015 0.0136355 0.015 0.015 0.015 0.015 0.015 0.015 0.015 0.015 0.015 0.015 0.015 0.015 0.015 0.015 0.015 0.015 0.015 0.015 0.015 0.015 0.015 0.015 0.015 0.015 0.015 0.015 0.015 0.015 0.015 0.015 0.015 0.015 0.015 0.015 0.015 0.015 0.015 0.015 0.015 0.015 0.015 0.015 0.015 0.015 0.015 0.015 0.015 0.015 0.015 0.015 0.015 0.015 0.015 0.015 0.015 0.015 0.015 0.015 0.015 0.015 0.015 0.015 0.015 0.015 0.015 0.015 0.015 0.015 0.015 0.015 0.015 0.015 0.015 0.015 0.015 0.015 0.015 0.015 0.015 0.015 0.015 0.015 0.015 0.015 0.015 0.015 0.015 0.015 0.015 0.015 0.015 0.015 0.015 0.015 0.015 0.015 0.015 0.015 0.015 0.015 0.015 0.015 0.015 0.015 0.015 0.015 0.015 0.015 0.015 0.015 0.015 0.015 0.0136053 0.015 0.015 0.015 0.015 0.015 0.015 0.015 0.015 0.015 0.0135666 0.015 0.015 0.015 0.015 0.015 0.015 0.015 0.015 0.015 0.0135823 0.015 0.015 0.015 0.015 0.015 0.015 0.015 0.015 0.015 0.0135971 0.015 0.015 0.015 0.015 0.015 0.015 0.015 0.015 0.015 0.013593 0.015 0.015 0.015 0.015 0.015 0.015 0.015 0.015 0.015 0.0136306 0.015 0.015 0.015 0.015 0.015 0.015 0.015 0.015 0.015 0.013597 0.015 0.015 0.015 0.015 0.015 0.015 0.015 0.015 0.015 0.0136032 0.015 0.015 0.015 0.015 0.015 0.015 0.015 0.015 0.015 0.013619 0.015 0.015 0.015 0.015 0.015 0.015 0.015 0.015 0.015 0.013609 0.015 0.015 0.015 0.0136496 0.015 0.015 0.013614 0.015 0.015 0.015 0.015 0.015 0.015 0.0135777 0.015 0.015 0.0135729 0.015 0.015 0.015 0.015 0.015 0.015 0.0136468 0.015 0.015 0.0135802 0.015 0.015 0.015 0.015 0.015 0.015 0.0135833 0.015 0.015 0.0136108 0.015 0.015 0.015 0.015 0.015 0.015 0.0135699 0.015 0.015 0.0136236 0.015 0.015 0.015 0.015 0.015 0.015 0.0136326 0.015 0.015 0.013645 0.015 0.015 0.015 0.015 0.015 0.015 0.0135779 0.015 0.015 0.0136411 0.015 0.015 0.015 0.015 0.015 0.015 0.0135855 0.015 0.015 0.0136362 0.015 0.015 0.015 0.015 0.015 0.015 0.0136348 0.015 0.015 0.0136131 0.015 0.015 0.015 0.015 0.015 0.015 0.0136004 0.015 0.015 0.0135761 0.015 0.015 0.015 0.015 0.015 0.015 0.015 0.015 0.015 0.015 0.015 0.015 0.015 0.015 0.015 0.015 0.015 0.015 0.015 0.015 0.015 0.015 0.015 0.015 0.015 0.015 0.015 0.015 0.015 0.015 0.015 0.015 0.015 0.015 0.015 0.015 0.015 0.015 0.015 0.015 0.015 0.015 0.015 0.015 0.015 0.015 0.015 0.015 0.015 0.015 0.015 0.015 0.015 0.015 0.015 0.015 0.015 0.015 0.015 0.015 0.015 0.015 0.015 0.015 0.015 0.015 0.015 0.015 0.015 0.015 0.015 0.015 0.015 0.015 0.015 0.015 0.015 0.015 0.015 0.015 0.015 0.015 0.015 0.015 0.015 0.015 0.015 0.015 0.015 0.015 0.015 0.015 0.015 0.015 0.015 0.015 0.015 0.015 0.015 0.015 0.015 0.015 0.015 0.015 0.015 0.015 0.015 0.015 0.015 0.015 0.015 0.015 0.0136513 0.015 0.015 0.015 0.015 0.015 0.015 0.015 0.015 0.015 0.0136345 0.015 0.015 0.015 0.015 0.015 0.015 0.015 0.015 0.015 0.0136092 0.015 0.015 0.015 0.015 0.015 0.015 0.015 0.015 0.015 0.0135852 0.015 0.015 0.015 0.015 0.015 0.015 0.015 0.015 0.015 0.0136328 0.015 0.015 0.015 0.015 0.015 0.015 0.015 0.015 0.015 0.0136158 0.015 0.015 0.015 0.015 0.015 0.015 0.015 0.015 0.015 0.0136315 0.015 0.015 0.015 0.015 0.015 0.015 0.015 0.015 0.015 0.0136545 0.015 0.015 0.015 0.015 0.015 0.015 0.015 0.015 0.015 0.0136256 0.015 0.015 0.015 0.015 0.015 0.015 0.015 0.015 0.015 0.0135744 0.015 0.015 0.015 0.015 0.015 0.015 0.015 0.015 0.015 0.0136342 0.015 0.015 0.015 0.015 0.015 0.015 0.015 0.015 0.015 0.0135942 0.015 0.015 0.015 0.015 0.015 0.015 0.015 0.015 0.015 0.0136418 0.015 0.015 0.015 0.015 0.015 0.015 0.015 0.015 0.015 0.0136067 0.015 0.015 0.015 0.015 0.015 0.015 0.015 0.015 0.015 0.0136512 0.015 0.015 0.015 0.015 0.015 0.015 0.015 0.015 0.015 0.0135982 0.015 0.015 0.015 0.015 0.015 0.015 0.015 0.015 0.015 0.0136493 0.015 0.015 0.015 0.015 0.015 0.015 0.015 0.015 0.015 0.0135692 0.015 0.015 0.015 0.015 0.015 0.015 0.015 0.015 0.015 0.013649 0.015 0.015 0.015 0.015 0.015 0.015 0.015 0.015 0.015 0.0136272 0.015 0.015 0.015 0.0136301 0.015 0.015 0.0136062 0.015 0.015 0.015 0.015 0.015 0.015 0.013649 0.015 0.015 0.0136019 0.015 0.015 0.015 0.015 0.015 0.015 0.0136327 0.015 0.015 0.0135833 0.015 0.015 0.015 0.015 0.015 0.015 0.0136064 0.015 0.015 0.013611 0.015 0.015 0.015 0.015 0.015 0.015 0.0136379 0.015 0.015 0.0135722 0.015 0.015 0.015 0.015 0.015 0.015 0.0136422 0.015 0.015 0.0136189 0.015 0.015 0.015 0.015 0.015 0.015 0.0135815 0.015 0.015 0.0135765 0.015 0.015 0.015 0.015 0.015 0.015 0.0136034 0.015 0.015 0.0136061 0.015 0.015 0.015 0.015 0.015 0.015 0.0136115 0.015 0.015 0.0136232 0.015 0.015 0.015 0.015 0.015 0.015 0.0135863 0.015 0.015 0.0136455 0.015 0.015 0.015 0.015 0.015 0.015 0.015 0.015 0.015 0.015 0.015 0.015 0.015 0.015 0.015 0.015 0.015 0.015 0.015 0.015 0.015 0.015 0.015 0.015 0.015 0.015 0.015 0.015 0.015 0.015 0.015 0.015 0.015 0.015 0.015 0.015 0.015 0.015 0.015 0.015 0.015 0.015 0.015 0.015 0.015 0.015 0.015 0.015 0.015 0.015 0.015 0.015 0.015 0.015 0.015 0.015 0.015 0.015 0.015 0.015 0.015 0.015 0.015 0.015 0.015 0.015 0.015 0.015 0.015 0.015 0.015 0.015 0.015 0.015 0.015 0.015 0.015 0.015 0.015 0.015 0.015 0.015 0.015 0.015 0.015 0.015 0.015 0.015 0.015 0.015 0.015 0.015 0.015 0.015 0.015 0.015 0.015 0.015 0.015 0.015 0.015 0.015 0.015 0.015 0.015 0.015 0.015 0.015 0.015 0.015 0.015 0.015 0.0136445 0.015 0.015 0.015 0.015 0.015 0.015 0.015 0.015 0.015 0.0136199 0.015 0.015 0.015 0.015 0.015 0.015 0.015 0.015 0.015 0.0136045 0.015 0.015 0.015 0.015 0.015 0.015 0.015 0.015 0.015 0.013632 0.015 0.015 0.015 0.015 0.015 0.015 0.015 0.015 0.015 0.0136169 0.015 0.015 0.015 0.015 0.015 0.015 0.015 0.015 0.015 0.013609 0.015 0.015 0.015 0.015 0.015 0.015 0.015 0.015 0.015 0.0136216 0.015 0.015 0.015 0.015 0.015 0.015 0.015 0.015 0.015 0.0135987 0.015 0.015 0.015 0.015 0.015 0.015 0.015 0.015 0.015 0.0136463 0.015 0.015 0.015 0.015 0.015 0.015 0.015 0.015 0.015 0.0136256 0.015 0.015 0.015 0.0136175 0.015 0.015 0.0136355 0.015 0.015 0.015 0.015 0.015 0.015 0.0135712 0.015 0.015 0.0136376 0.015 0.015 0.015 0.015 0.015 0.015 0.0136166 0.015 0.015 0.0135856 0.015 0.015 0.015 0.015 0.015 0.015 0.0135863 0.015 0.015 0.0136418 0.015 0.015 0.015 0.015 0.015 0.015 0.013643 0.015 0.015 0.0135833 0.015 0.015 0.015 0.015 0.015 0.015 0.0136492 0.015 0.015 0.0135993 0.015 0.015 0.015 0.015 0.015 0.015 0.0136493 0.015 0.015 0.0136323 0.015 0.015 0.015 0.015 0.015 0.015 0.0136292 0.015 0.015 0.0136372 0.015 0.015 0.015 0.015 0.015 0.015 0.0135745 0.015 0.015 0.0136117 0.015 0.015 0.015 0.015 0.015 0.015 0.0136033 0.015 0.015 0.0135882 0.015 0.015 0.015 0.015 0.015 0.015 0.015 0.015 0.015 0.015 0.015 0.015 0.015 0.015 0.015 0.015 0.015 0.015 0.015 0.015 0.015 0.015 0.015 0.015 0.015 0.015 0.015 0.015 0.015 0.015 0.015 0.015 0.015 0.015 0.015 0.015 0.015 0.015 0.015 0.015 0.015 0.015 0.015 0.015 0.015 0.015 0.015 0.015 0.015 0.015 0.015 0.015 0.015 0.015 0.015 0.015 0.015 0.015 0.015 0.015 0.015 0.015 0.015 0.015 0.015 0.015 0.015 0.015 0.015 0.015 0.015 0.015 0.015 0.015 0.015 0.015 0.015 0.015 0.015 0.015 0.015 0.015 0.015 0.015 0.015 0.015 0.015 0.015 0.015 0.015 0.015 0.015 0.015 0.015 0.015 0.015 0.015 0.015 0.015 0.015 0.015 0.015 0.015 0.015 0.015 0.015 0.015 0.015 0.015 0.015 0.015 0.015 0.0136293 0.015 0.015 0.015 0.015 0.015 0.015 0.015 0.015 0.015 0.0136515 0.015 0.015 0.015 0.015 0.015 0.015 0.015 0.015 0.015 0.0136258 0.015 0.015 0.015 0.015 0.015 0.015 0.015 0.015 0.015 0.0135963 0.015 0.015 0.015 0.015 0.015 0.015 0.015 0.015 0.015 0.0135969 0.015 0.015 0.015 0.015 0.015 0.015 0.015 0.015 0.015 0.0136248 0.015 0.015 0.015 0.015 0.015 0.015 0.015 0.015 0.015 0.013648 0.015 0.015 0.015 0.015 0.015 0.015 0.015 0.015 0.015 0.0136501 0.015 0.015 0.015 0.015 0.015 0.015 0.015 0.015 0.015 0.0135988 0.015 0.015 0.015 0.015 0.015 0.015 0.015 0.015 0.015 0.0135737 0.015 0.015 0.015 0.0135931 0.015 0.015 0.0136355 0.015 0.015 0.015 0.015 0.015 0.015 0.0135913 0.015 0.015 0.0136458 0.015 0.015 0.015 0.015 0.015 0.015 0.0135789 0.015 0.015 0.0136346 0.015 0.015 0.015 0.015 0.015 0.015 0.013566 0.015 0.015 0.0136298 0.015 0.015 0.015 0.015 0.015 0.015 0.0136034 0.015 0.015 0.0135817 0.015 0.015 0.015 0.015 0.015 0.015 0.0136166 0.015 0.015 0.0135755 0.015 0.015 0.015 0.015 0.015 0.015 0.0136005 0.015 0.015 0.013592 0.015 0.015 0.015 0.015 0.015 0.015 0.0136171 0.015 0.015 0.013643 0.015 0.015 0.015 0.015 0.015 0.015 0.0136038 0.015 0.015 0.0135838 0.015 0.015 0.015 0.015 0.015 0.015 0.0136126 0.015 0.015 0.0135964 0.015 0.015 0.015 0.015 0.015 0.015 0.015 0.015 0.015 0.015 0.015 0.015 0.015 0.015 0.015 0.015 0.015 0.015 0.015 0.015 0.015 0.015 0.015 0.015 0.015 0.015 0.015 0.015 0.015 0.015 0.015 0.015 0.015 0.015 0.015 0.015 0.015 0.015 0.015 0.015 0.015 0.015 0.015 0.015 0.015 0.015 0.015 0.015 0.015 0.015 0.015 0.015 0.015 0.015 0.015 0.015 0.015 0.015 0.015 0.015 0.015 0.015 0.015 0.015 0.015 0.015 0.015 0.015 0.015 0.015 0.015 0.015 0.015 0.015 0.015 0.015 0.015 0.015 0.015 0.015 0.015 0.015 0.015 0.015 0.015 0.015 0.015 0.015 0.015 0.015 0.015 0.015 0.015 0.015 0.015 0.015 0.015 0.015 0.015 0.015 0.015 0.015 0.015 0.015 0.015 0.015 0.015 0.015 0.015 0.015 0.015 0.015 0.0136435 0.015 0.015 0.015 0.015 0.015 0.015 0.015 0.015 0.015 0.0136139 0.015 0.015 0.015 0.015 0.015 0.015 0.015 0.015 0.015 0.0136501 0.015 0.015 0.015 0.015 0.015 0.015 0.015 0.015 0.015 0.0136399 0.015 0.015 0.015 0.015 0.015 0.015 0.015 0.015 0.015 0.0135692 0.015 0.015 0.015 0.015 0.015 0.015 0.015 0.015 0.015 0.0135925 0.015 0.015 0.015 0.015 0.015 0.015 0.015 0.015 0.015 0.0135926 0.015 0.015 0.015 0.015 0.015 0.015 0.015 0.015 0.015 0.0135786 0.015 0.015 0.015 0.015 0.015 0.015 0.015 0.015 0.015 0.0135944 0.015 0.015 0.015 0.015 0.015 0.015 0.015 0.015 0.015 0.0136373 0.015 0.015 
</Matrix>
   <Matrix name="Tsim" type="complete" rows="1" columns="1" multiplier="1.0">
   100
</Matrix>
   <Matrix name="simulationEndTime" type="complete" rows="1" columns="1" multiplier="1.0">
   200
</Matrix>
</SimState>
