<?xml version="1.0" encoding="UTF-8" standalone="no"?>
<BGSimParams>
  <SimInfoParams name="SimInfoParams">
    <PoolSize name="PoolSize">
      <x name="x">10</x>
      <y name="y">10</y>
      <z name="z">1</z>
    </PoolSize>
    <SimParams name="SimParams">
      <epochDuration name="epochDuration">100.0</epochDuration>
      <numEpochs name="numEpochs">5</numEpochs>
    </SimParams>
    <SimConfig name="SimConfig">
      <maxFiringRate name="maxFiringRate">100</maxFiringRate>
      <maxEdgesPerVertex name="maxEdgesPerVertex">10</maxEdgesPerVertex>
    </SimConfig>
    <Seed name="Seed">
      <value name="value">1</value>
    </Seed>
    <OutputParams name="OutputParams">
      <resultFileName name="resultFileName">Output/Results/test-small-out-911.xml</resultFileName>
    </OutputParams>
  </SimInfoParams>

  <ModelParams>
    <VerticesParams class="All911Vertices" name="VerticesParams">
      <Iinject name="Iinject">
        <min name="min">13.5e-09</min>
        <max name="max">13.5e-09</max>
      </Iinject>
      <Inoise name="Inoise">
        <min name="min">1.0e-09</min>
        <max name="max">1.5e-09</max>
      </Inoise>
      <Vthresh name="Vthresh">
        <min name="min">15.0e-03</min>
        <max name="max">15.0e-03</max>
      </Vthresh>
      <Vresting name="Vresting">
        <min name="min">0.0</min>
        <max name="max">0.0</max>
      </Vresting>
      <Vreset name="Vreset">
        <min name="min">13.5e-03</min>
        <max name="max">13.5e-03</max>
      </Vreset>
      <Vinit name="Vinit">
        <min name="min">13.0e-03</min>
        <max name="max">13.0e-03</max>
      </Vinit>
      <starter_vthresh name="starter_vthresh">
        <min name="min">13.565e-3</min>
        <max name="max">13.655e-3</max>
      </starter_vthresh>
      <starter_vreset name="starter_vreset">
        <min name="min">13.0e-3</min>
        <max name="max">13.0e-3</max>
      </starter_vreset>
    </VerticesParams>

    <EdgesParams class="All911Edges" name="EdgesParams">
    </EdgesParams>

    <LayoutParams class="FixedLayout" name="LayoutParams">
      <LayoutFiles name="LayoutFiles">
        <PSAPsListFileName name="PSAPsListFileName" type="InputFile">configfiles/NList/NG911_psaps_10x10.xml</PSAPsListFileName>
        <callersListFileName name="callersListFileName" type="InputFile">configfiles/NList/NG911_callers_10x10.xml</callersListFileName>
        <respondersListFileName name="respondersListFileName" type="InputFile">configfiles/NList/NG911_responders_10x10.xml</respondersListFileName>
      </LayoutFiles>
    </LayoutParams>
    <RecorderParams class="XmlGrowthRecorder" name="RecorderParams">
      <probedListFileName name="prbListFileName" type="InputFile">configfiles/NList/NG911_probed_10x10.xml</probedListFileName>
    </RecorderParams>
  </ModelParams>
</BGSimParams>

