<?xml version="1.0" standalone="no"?>
<!-- State output file for the DCT growth modeling-->
<SimState>
   <Matrix name="radiiHistory" type="complete" rows="21" columns="900" multiplier="1.0">
   0.4 0.4 0.4 0.4 0.4 0.4 0.4 0.4 0.4 0.4 0.4 0.4 0.4 0.4 0.4 0.4 0.4 0.4 0.4 0.4 0.4 0.4 0.4 0.4 0.4 0.4 0.4 0.4 0.4 0.4 0.4 0.4 0.4 0.4 0.4 0.4 0.4 0.4 0.4 0.4 0.4 0.4 0.4 0.4 0.4 0.4 0.4 0.4 0.4 0.4 0.4 0.4 0.4 0.4 0.4 0.4 0.4 0.4 0.4 0.4 0.4 0.4 0.4 0.4 0.4 0.4 0.4 0.4 0.4 0.4 0.4 0.4 0.4 0.4 0.4 0.4 0.4 0.4 0.4 0.4 0.4 0.4 0.4 0.4 0.4 0.4 0.4 0.4 0.4 0.4 0.4 0.4 0.4 0.4 0.4 0.4 0.4 0.4 0.4 0.4 0.4 0.4 0.4 0.4 0.4 0.4 0.4 0.4 0.4 0.4 0.4 0.4 0.4 0.4 0.4 0.4 0.4 0.4 0.4 0.4 0.4 0.4 0.4 0.4 0.4 0.4 0.4 0.4 0.4 0.4 0.4 0.4 0.4 0.4 0.4 0.4 0.4 0.4 0.4 0.4 0.4 0.4 0.4 0.4 0.4 0.4 0.4 0.4 0.4 0.4 0.4 0.4 0.4 0.4 0.4 0.4 0.4 0.4 0.4 0.4 0.4 0.4 0.4 0.4 0.4 0.4 0.4 0.4 0.4 0.4 0.4 0.4 0.4 0.4 0.4 0.4 0.4 0.4 0.4 0.4 0.4 0.4 0.4 0.4 0.4 0.4 0.4 0.4 0.4 0.4 0.4 0.4 0.4 0.4 0.4 0.4 0.4 0.4 0.4 0.4 0.4 0.4 0.4 0.4 0.4 0.4 0.4 0.4 0.4 0.4 0.4 0.4 0.4 0.4 0.4 0.4 0.4 0.4 0.4 0.4 0.4 0.4 0.4 0.4 0.4 0.4 0.4 0.4 0.4 0.4 0.4 0.4 0.4 0.4 0.4 0.4 0.4 0.4 0.4 0.4 0.4 0.4 0.4 0.4 0.4 0.4 0.4 0.4 0.4 0.4 0.4 0.4 0.4 0.4 0.4 0.4 0.4 0.4 0.4 0.4 0.4 0.4 0.4 0.4 0.4 0.4 0.4 0.4 0.4 0.4 0.4 0.4 0.4 0.4 0.4 0.4 0.4 0.4 0.4 0.4 0.4 0.4 0.4 0.4 0.4 0.4 0.4 0.4 0.4 0.4 0.4 0.4 0.4 0.4 0.4 0.4 0.4 0.4 0.4 0.4 0.4 0.4 0.4 0.4 0.4 0.4 0.4 0.4 0.4 0.4 0.4 0.4 0.4 0.4 0.4 0.4 0.4 0.4 0.4 0.4 0.4 0.4 0.4 0.4 0.4 0.4 0.4 0.4 0.4 0.4 0.4 0.4 0.4 0.4 0.4 0.4 0.4 0.4 0.4 0.4 0.4 0.4 0.4 0.4 0.4 0.4 0.4 0.4 0.4 0.4 0.4 0.4 0.4 0.4 0.4 0.4 0.4 0.4 0.4 0.4 0.4 0.4 0.4 0.4 0.4 0.4 0.4 0.4 0.4 0.4 0.4 0.4 0.4 0.4 0.4 0.4 0.4 0.4 0.4 0.4 0.4 0.4 0.4 0.4 0.4 0.4 0.4 0.4 0.4 0.4 0.4 0.4 0.4 0.4 0.4 0.4 0.4 0.4 0.4 0.4 0.4 0.4 0.4 0.4 0.4 0.4 0.4 0.4 0.4 0.4 0.4 0.4 0.4 0.4 0.4 0.4 0.4 0.4 0.4 0.4 0.4 0.4 0.4 0.4 0.4 0.4 0.4 0.4 0.4 0.4 0.4 0.4 0.4 0.4 0.4 0.4 0.4 0.4 0.4 0.4 0.4 0.4 0.4 0.4 0.4 0.4 0.4 0.4 0.4 0.4 0.4 0.4 0.4 0.4 0.4 0.4 0.4 0.4 0.4 0.4 0.4 0.4 0.4 0.4 0.4 0.4 0.4 0.4 0.4 0.4 0.4 0.4 0.4 0.4 0.4 0.4 0.4 0.4 0.4 0.4 0.4 0.4 0.4 0.4 0.4 0.4 0.4 0.4 0.4 0.4 0.4 0.4 0.4 0.4 0.4 0.4 0.4 0.4 0.4 0.4 0.4 0.4 0.4 0.4 0.4 0.4 0.4 0.4 0.4 0.4 0.4 0.4 0.4 0.4 0.4 0.4 0.4 0.4 0.4 0.4 0.4 0.4 0.4 0.4 0.4 0.4 0.4 0.4 0.4 0.4 0.4 0.4 0.4 0.4 0.4 0.4 0.4 0.4 0.4 0.4 0.4 0.4 0.4 0.4 0.4 0.4 0.4 0.4 0.4 0.4 0.4 0.4 0.4 0.4 0.4 0.4 0.4 0.4 0.4 0.4 0.4 0.4 0.4 0.4 0.4 0.4 0.4 0.4 0.4 0.4 0.4 0.4 0.4 0.4 0.4 0.4 0.4 0.4 0.4 0.4 0.4 0.4 0.4 0.4 0.4 0.4 0.4 0.4 0.4 0.4 0.4 0.4 0.4 0.4 0.4 0.4 0.4 0.4 0.4 0.4 0.4 0.4 0.4 0.4 0.4 0.4 0.4 0.4 0.4 0.4 0.4 0.4 0.4 0.4 0.4 0.4 0.4 0.4 0.4 0.4 0.4 0.4 0.4 0.4 0.4 0.4 0.4 0.4 0.4 0.4 0.4 0.4 0.4 0.4 0.4 0.4 0.4 0.4 0.4 0.4 0.4 0.4 0.4 0.4 0.4 0.4 0.4 0.4 0.4 0.4 0.4 0.4 0.4 0.4 0.4 0.4 0.4 0.4 0.4 0.4 0.4 0.4 0.4 0.4 0.4 0.4 0.4 0.4 0.4 0.4 0.4 0.4 0.4 0.4 0.4 0.4 0.4 0.4 0.4 0.4 0.4 0.4 0.4 0.4 0.4 0.4 0.4 0.4 0.4 0.4 0.4 0.4 0.4 0.4 0.4 0.4 0.4 0.4 0.4 0.4 0.4 0.4 0.4 0.4 0.4 0.4 0.4 0.4 0.4 0.4 0.4 0.4 0.4 0.4 0.4 0.4 0.4 0.4 0.4 0.4 0.4 0.4 0.4 0.4 0.4 0.4 0.4 0.4 0.4 0.4 0.4 0.4 0.4 0.4 0.4 0.4 0.4 0.4 0.4 0.4 0.4 0.4 0.4 0.4 0.4 0.4 0.4 0.4 0.4 0.4 0.4 0.4 0.4 0.4 0.4 0.4 0.4 0.4 0.4 0.4 0.4 0.4 0.4 0.4 0.4 0.4 0.4 0.4 0.4 0.4 0.4 0.4 0.4 0.4 0.4 0.4 0.4 0.4 0.4 0.4 0.4 0.4 0.4 0.4 0.4 0.4 0.4 0.4 0.4 0.4 0.4 0.4 0.4 0.4 0.4 0.4 0.4 0.4 0.4 0.4 0.4 0.4 0.4 0.4 0.4 0.4 0.4 0.4 0.4 0.4 0.4 0.4 0.4 0.4 0.4 0.4 0.4 0.4 0.4 0.4 0.4 0.4 0.4 0.4 0.4 0.4 0.4 0.4 0.4 0.4 0.4 0.4 0.4 0.4 0.4 0.4 0.4 0.4 0.4 0.4 0.4 0.4 0.4 0.4 0.4 0.4 0.4 0.4 0.4 0.4 0.4 0.4 0.4 0.4 0.4 0.4 0.4 0.4 0.4 0.4 0.4 0.4 0.4 0.4 0.4 0.4 0.4 0.4 0.4 0.4 0.4 0.4 0.4 0.4 0.4 0.4 0.4 0.4 0.4 0.4 0.4 0.4 0.4 0.4 0.4 0.4 0.4 0.4 0.4 0.4 0.4 0.4 0.4 0.4 0.4 0.4 0.4 0.4 0.4 0.4 
0.409951 0.409951 0.409951 0.409951 0.409951 0.409951 0.409951 0.409209 0.409951 0.409951 0.409951 0.409951 0.409951 0.409951 0.409951 0.409951 0.409951 0.39 0.409951 0.409951 0.409951 0.409951 0.409951 0.409951 0.409951 0.409951 0.409951 0.390549 0.409951 0.409951 0.409951 0.400473 0.409951 0.409951 0.409918 0.409951 0.409951 0.409951 0.409951 0.409951 0.409951 0.409942 0.409951 0.409951 0.390005 0.409951 0.409951 0.409951 0.409951 0.409951 0.409951 0.409847 0.409951 0.409951 0.39234 0.409951 0.409951 0.409951 0.409951 0.409951 0.409951 0.409951 0.409951 0.409951 0.409951 0.409951 0.409951 0.409951 0.409951 0.409951 0.409951 0.409951 0.409951 0.409951 0.409951 0.409951 0.409951 0.409951 0.409951 0.409951 0.409951 0.409951 0.409951 0.409951 0.409951 0.409951 0.409951 0.409951 0.409951 0.409951 0.409951 0.409951 0.409951 0.409951 0.409951 0.409951 0.409951 0.392543 0.409951 0.409951 0.409951 0.409951 0.409951 0.409951 0.409951 0.409951 0.409951 0.409907 0.409951 0.409951 0.409951 0.409951 0.409951 0.409951 0.409951 0.409951 0.409951 0.408644 0.409951 0.409951 0.409951 0.404785 0.409951 0.409951 0.390001 0.409951 0.409951 0.409951 0.409951 0.409951 0.409951 0.390001 0.409951 0.409951 0.390002 0.409951 0.409951 0.409951 0.409951 0.409951 0.409951 0.399527 0.409951 0.409951 0.409655 0.409951 0.409951 0.409951 0.409951 0.409951 0.409951 0.409951 0.409951 0.409951 0.409951 0.409951 0.409951 0.409951 0.409951 0.409951 0.409951 0.409951 0.409951 0.409951 0.409951 0.409951 0.409951 0.409951 0.409951 0.409951 0.409951 0.409951 0.409951 0.409951 0.409951 0.409951 0.409951 0.409951 0.409951 0.409951 0.409951 0.409951 0.409951 0.409951 0.409951 0.409951 0.409951 0.409842 0.409951 0.409951 0.409951 0.409951 0.409951 0.409951 0.409951 0.409951 0.409951 0.396246 0.409951 0.409951 0.409951 0.409951 0.409951 0.409951 0.409951 0.409951 0.409951 0.391278 0.409951 0.409951 0.409951 0.39 0.409951 0.409951 0.390032 0.409951 0.409951 0.409951 0.409951 0.409951 0.409951 0.40611 0.409951 0.409951 0.390018 0.409951 0.409951 0.409951 0.409951 0.409951 0.409951 0.40908 0.409951 0.409951 0.390003 0.409951 0.409951 0.409951 0.409951 0.409951 0.409951 0.409951 0.409951 0.409951 0.409951 0.409951 0.409951 0.409951 0.409951 0.409951 0.409951 0.409951 0.409951 0.409951 0.409951 0.409951 0.409951 0.409951 0.409951 0.409951 0.409951 0.409951 0.409951 0.409951 0.409951 0.409951 0.409951 0.409951 0.409951 0.409951 0.409951 0.409951 0.409951 0.409951 0.409951 0.409951 0.409951 0.396801 0.409951 0.409951 0.409951 0.409951 0.409951 0.409951 0.409951 0.409951 0.409951 0.406756 0.409951 0.409951 0.409951 0.409951 0.409951 0.409951 0.409951 0.409951 0.409951 0.409676 0.409951 0.409951 0.409951 0.409951 0.409951 0.409951 0.409951 0.409951 0.409951 0.390011 0.409951 0.409951 0.409951 0.409951 0.409951 0.409951 0.409951 0.409951 0.409951 0.409571 0.409951 0.409951 0.409951 0.409951 0.409951 0.409951 0.409951 0.409951 0.409951 0.390096 0.409951 0.409951 0.409951 0.409901 0.409951 0.409951 0.409755 0.409951 0.409951 0.409951 0.409951 0.409951 0.409951 0.390002 0.409951 0.409951 0.409907 0.409951 0.409951 0.409951 0.409951 0.409951 0.409951 0.396111 0.409951 0.409951 0.390403 0.409951 0.409951 0.409951 0.409951 0.409951 0.409951 0.409951 0.409951 0.409951 0.409951 0.409951 0.409951 0.409951 0.409951 0.409951 0.409951 0.409951 0.409951 0.409951 0.409951 0.409951 0.409951 0.409951 0.409951 0.409951 0.409951 0.409951 0.409951 0.409951 0.409951 0.409951 0.409951 0.409951 0.409951 0.409951 0.409951 0.409951 0.409951 0.409951 0.409951 0.409951 0.409951 0.409873 0.409951 0.409951 0.409951 0.409951 0.409951 0.409951 0.409951 0.409951 0.409951 0.390082 0.409951 0.409951 0.409951 0.409951 0.409951 0.409951 0.409951 0.409951 0.409951 0.409777 0.409951 0.409951 0.409951 0.390144 0.409951 0.409951 0.409484 0.409951 0.409951 0.409951 0.409951 0.409951 0.409951 0.40667 0.409951 0.409951 0.390002 0.409951 0.409951 0.409951 0.409951 0.409951 0.409951 0.390002 0.409951 0.409951 0.391356 0.409951 0.409951 0.409951 0.409951 0.409951 0.409951 0.409951 0.409951 0.409951 0.409951 0.409951 0.409951 0.409951 0.409951 0.409951 0.409951 0.409951 0.409951 0.409951 0.409951 0.409951 0.409951 0.409951 0.409951 0.409951 0.409951 0.409951 0.409951 0.409951 0.409951 0.409951 0.409951 0.409951 0.409951 0.409951 0.409951 0.409951 0.409951 0.409951 0.409951 0.409951 0.409951 0.40908 0.409951 0.409951 0.409951 0.409951 0.409951 0.409951 0.409951 0.409951 0.409951 0.390001 0.409951 0.409951 0.409951 0.409951 0.409951 0.409951 0.409951 0.409951 0.409951 0.395978 0.409951 0.409951 0.409951 0.409762 0.409951 0.409951 0.401412 0.409951 0.409951 0.409951 0.409951 0.409951 0.409951 0.408519 0.409951 0.409951 0.407724 0.409951 0.409951 0.409951 0.409951 0.409951 0.409951 0.392213 0.409951 0.409951 0.391525 0.409951 0.409951 0.409951 0.409951 0.409951 0.409951 0.409951 0.409951 0.409951 0.409951 0.409951 0.409951 0.409951 0.409951 0.409951 0.409951 0.409951 0.409951 0.409951 0.409951 0.409951 0.409951 0.409951 0.409951 0.409951 0.409951 0.409951 0.409951 0.409951 0.409951 0.409951 0.409951 0.409951 0.409951 0.409951 0.409951 0.409951 0.409951 0.409951 0.409951 0.409951 0.409951 0.409686 0.409951 0.409951 0.409951 0.409951 0.409951 0.409951 0.409951 0.409951 0.409951 0.409904 0.409951 0.409951 0.409951 0.409951 0.409951 0.409951 0.409951 0.409951 0.409951 0.409803 0.409951 0.409951 0.409951 0.409951 0.409951 0.409951 0.409951 0.409951 0.409951 0.392614 0.409951 0.409951 0.409951 0.409951 0.409951 0.409951 0.409951 0.409951 0.409951 0.390001 0.409951 0.409951 0.409951 0.409951 0.409951 0.409951 0.409951 0.409951 0.409951 0.390001 0.409951 0.409951 0.409951 0.409417 0.409951 0.409951 0.409558 0.409951 0.409951 0.409951 0.409951 0.409951 0.409951 0.409399 0.409951 0.409951 0.409278 0.409951 0.409951 0.409951 0.409951 0.409951 0.409951 0.409051 0.409951 0.409951 0.409842 0.409951 0.409951 0.409951 0.409951 0.409951 0.409951 0.409951 0.409951 0.409951 0.409951 0.409951 0.409951 0.409951 0.409951 0.409951 0.409951 0.409951 0.409951 0.409951 0.409951 0.409951 0.409951 0.409951 0.409951 0.409951 0.409951 0.409951 0.409951 0.409951 0.409951 0.409951 0.409951 0.409951 0.409951 0.409951 0.409951 0.409951 0.409951 0.409951 0.409951 0.409951 0.409951 0.398899 0.409951 0.409951 0.409951 0.409951 0.409951 0.409951 0.409951 0.409951 0.409951 0.390109 0.409951 0.409951 0.409951 0.409951 0.409951 0.409951 0.409951 0.409951 0.409951 0.39 0.409951 0.409951 0.409951 0.390566 0.409951 0.409951 0.409826 0.409951 0.409951 0.409951 0.409951 0.409951 0.409951 0.390158 0.409951 0.409951 0.409873 0.409951 0.409951 0.409951 0.409951 0.409951 0.409951 0.409023 0.409951 0.409951 0.391241 0.409951 0.409951 0.409951 0.409951 0.409951 0.409951 0.409951 0.409951 0.409951 0.409951 0.409951 0.409951 0.409951 0.409951 0.409951 0.409951 0.409951 0.409951 0.409951 0.409951 0.409951 0.409951 0.409951 0.409951 0.409951 0.409951 0.409951 0.409951 0.409951 0.409951 0.409951 0.409951 0.409951 0.409951 0.409951 0.409951 0.409951 0.409951 0.409951 0.409951 0.409951 0.409951 0.390006 0.409951 0.409951 0.409951 0.409951 0.409951 0.409951 0.409951 0.409951 0.409951 0.409913 0.409951 0.409951 0.409951 0.409951 0.409951 0.409951 0.409951 0.409951 0.409951 0.404906 0.409951 0.409951 0.409951 0.390014 0.409951 0.409951 0.39652 0.409951 0.409951 0.409951 0.409951 0.409951 0.409951 0.395215 0.409951 0.409951 0.408759 0.409951 0.409951 0.409951 0.409951 0.409951 0.409951 0.409926 0.409951 0.409951 0.400788 0.409951 0.409951 0.409951 0.409951 0.409951 0.409951 0.409951 0.409951 0.409951 0.409951 0.409951 0.409951 0.409951 0.409951 0.409951 0.409951 0.409951 0.409951 0.409951 0.409951 0.409951 0.409951 0.409951 0.409951 0.409951 0.409951 0.409951 0.409951 0.409951 0.409951 0.409951 0.409951 0.409951 0.409951 0.409951 0.409951 0.409951 0.409951 0.409951 0.409951 0.409951 0.409951 0.406581 0.409951 0.409951 0.409951 0.409951 0.409951 0.409951 0.409951 0.409951 0.409951 0.409686 0.409951 0.409951 0.409951 0.409951 0.409951 0.409951 0.409951 0.409951 0.409951 0.409847 0.409951 0.409951 
0.419901 0.419901 0.419901 0.419901 0.419901 0.419901 0.419901 0.417968 0.419901 0.419901 0.419901 0.419901 0.419901 0.419901 0.419901 0.419901 0.419901 0.38 0.419901 0.419901 0.419901 0.419901 0.419901 0.419901 0.419901 0.419901 0.419901 0.382311 0.419901 0.419901 0.419901 0.396319 0.419901 0.419901 0.419828 0.419901 0.419901 0.419901 0.419901 0.419901 0.419901 0.419872 0.419901 0.419901 0.380008 0.419901 0.419901 0.419901 0.419901 0.419901 0.419901 0.419711 0.419901 0.419901 0.384746 0.419901 0.419901 0.419901 0.419901 0.419901 0.419901 0.419901 0.419901 0.419901 0.419901 0.419901 0.419901 0.419901 0.419901 0.419901 0.419901 0.419901 0.419901 0.419901 0.419901 0.419901 0.419901 0.419901 0.419901 0.419901 0.419901 0.419901 0.419901 0.419901 0.419901 0.419901 0.419901 0.419901 0.419901 0.419901 0.419901 0.419901 0.419901 0.419901 0.419901 0.419901 0.419901 0.384464 0.419901 0.419901 0.419901 0.419901 0.419901 0.419901 0.419901 0.419901 0.419901 0.419808 0.419901 0.419901 0.419901 0.419901 0.419901 0.419901 0.419901 0.419901 0.419901 0.41603 0.419901 0.419901 0.419901 0.410042 0.419901 0.419901 0.380002 0.419901 0.419901 0.419901 0.419901 0.419901 0.419901 0.380004 0.419901 0.419901 0.380003 0.419901 0.419901 0.419901 0.419901 0.419901 0.419901 0.395637 0.419901 0.419901 0.419452 0.419901 0.419901 0.419901 0.419901 0.419901 0.419901 0.419901 0.419901 0.419901 0.419901 0.419901 0.419901 0.419901 0.419901 0.419901 0.419901 0.419901 0.419901 0.419901 0.419901 0.419901 0.419901 0.419901 0.419901 0.419901 0.419901 0.419901 0.419901 0.419901 0.419901 0.419901 0.419901 0.419901 0.419901 0.419901 0.419901 0.419901 0.419901 0.419901 0.419901 0.419901 0.419901 0.419651 0.419901 0.419901 0.419901 0.419901 0.419901 0.419901 0.419901 0.419901 0.419901 0.390441 0.419901 0.419901 0.419901 0.419901 0.419901 0.419901 0.419901 0.419901 0.419901 0.381958 0.419901 0.419901 0.419901 0.380001 0.419901 0.419901 0.38006 0.419901 0.419901 0.419901 0.419901 0.419901 0.419901 0.410394 0.419901 0.419901 0.380055 0.419901 0.419901 0.419901 0.419901 0.419901 0.419901 0.417159 0.419901 0.419901 0.380007 0.419901 0.419901 0.419901 0.419901 0.419901 0.419901 0.419901 0.419901 0.419901 0.419901 0.419901 0.419901 0.419901 0.419901 0.419901 0.419901 0.419901 0.419901 0.419901 0.419901 0.419901 0.419901 0.419901 0.419901 0.419901 0.419901 0.419901 0.419901 0.419901 0.419901 0.419901 0.419901 0.419901 0.419901 0.419901 0.419901 0.419901 0.419901 0.419901 0.419901 0.419901 0.419901 0.395389 0.419901 0.419901 0.419901 0.419901 0.419901 0.419901 0.419901 0.419901 0.419901 0.413762 0.419901 0.419901 0.419901 0.419901 0.419901 0.419901 0.419901 0.419901 0.419901 0.419431 0.419901 0.419901 0.419901 0.419901 0.419901 0.419901 0.419901 0.419901 0.419901 0.380018 0.419901 0.419901 0.419901 0.419901 0.419901 0.419901 0.419901 0.419901 0.419901 0.419192 0.419901 0.419901 0.419901 0.419901 0.419901 0.419901 0.419901 0.419901 0.419901 0.380326 0.419901 0.419901 0.419901 0.419817 0.419901 0.419901 0.41957 0.419901 0.419901 0.419901 0.419901 0.419901 0.419901 0.380005 0.419901 0.419901 0.419799 0.419901 0.419901 0.419901 0.419901 0.419901 0.419901 0.390412 0.419901 0.419901 0.380619 0.419901 0.419901 0.419901 0.419901 0.419901 0.419901 0.419901 0.419901 0.419901 0.419901 0.419901 0.419901 0.419901 0.419901 0.419901 0.419901 0.419901 0.419901 0.419901 0.419901 0.419901 0.419901 0.419901 0.419901 0.419901 0.419901 0.419901 0.419901 0.419901 0.419901 0.419901 0.419901 0.419901 0.419901 0.419901 0.419901 0.419901 0.419901 0.419901 0.419901 0.419901 0.419901 0.419774 0.419901 0.419901 0.419901 0.419901 0.419901 0.419901 0.419901 0.419901 0.419901 0.380169 0.419901 0.419901 0.419901 0.419901 0.419901 0.419901 0.419901 0.419901 0.419901 0.419532 0.419901 0.419901 0.419901 0.380284 0.419901 0.419901 0.418643 0.419901 0.419901 0.419901 0.419901 0.419901 0.419901 0.413339 0.419901 0.419901 0.380003 0.419901 0.419901 0.419901 0.419901 0.419901 0.419901 0.380002 0.419901 0.419901 0.382276 0.419901 0.419901 0.419901 0.419901 0.419901 0.419901 0.419901 0.419901 0.419901 0.419901 0.419901 0.419901 0.419901 0.419901 0.419901 0.419901 0.419901 0.419901 0.419901 0.419901 0.419901 0.419901 0.419901 0.419901 0.419901 0.419901 0.419901 0.419901 0.419901 0.419901 0.419901 0.419901 0.419901 0.419901 0.419901 0.419901 0.419901 0.419901 0.419901 0.419901 0.419901 0.419901 0.418159 0.419901 0.419901 0.419901 0.419901 0.419901 0.419901 0.419901 0.419901 0.419901 0.380001 0.419901 0.419901 0.419901 0.419901 0.419901 0.419901 0.419901 0.419901 0.419901 0.394721 0.419901 0.419901 0.419901 0.419539 0.419901 0.419901 0.400311 0.419901 0.419901 0.419901 0.419901 0.419901 0.419901 0.416757 0.419901 0.419901 0.41511 0.419901 0.419901 0.419901 0.419901 0.419901 0.419901 0.383651 0.419901 0.419901 0.386043 0.419901 0.419901 0.419901 0.419901 0.419901 0.419901 0.419901 0.419901 0.419901 0.419901 0.419901 0.419901 0.419901 0.419901 0.419901 0.419901 0.419901 0.419901 0.419901 0.419901 0.419901 0.419901 0.419901 0.419901 0.419901 0.419901 0.419901 0.419901 0.419901 0.419901 0.419901 0.419901 0.419901 0.419901 0.419901 0.419901 0.419901 0.419901 0.419901 0.419901 0.419901 0.419901 0.419399 0.419901 0.419901 0.419901 0.419901 0.419901 0.419901 0.419901 0.419901 0.419901 0.419773 0.419901 0.419901 0.419901 0.419901 0.419901 0.419901 0.419901 0.419901 0.419901 0.41965 0.419901 0.419901 0.419901 0.419901 0.419901 0.419901 0.419901 0.419901 0.419901 0.38569 0.419901 0.419901 0.419901 0.419901 0.419901 0.419901 0.419901 0.419901 0.419901 0.380003 0.419901 0.419901 0.419901 0.419901 0.419901 0.419901 0.419901 0.419901 0.419901 0.380002 0.419901 0.419901 0.419901 0.418777 0.419901 0.419901 0.419073 0.419901 0.419901 0.419901 0.419901 0.419901 0.419901 0.418583 0.419901 0.419901 0.418411 0.419901 0.419901 0.419901 0.419901 0.419901 0.419901 0.418284 0.419901 0.419901 0.419693 0.419901 0.419901 0.419901 0.419901 0.419901 0.419901 0.419901 0.419901 0.419901 0.419901 0.419901 0.419901 0.419901 0.419901 0.419901 0.419901 0.419901 0.419901 0.419901 0.419901 0.419901 0.419901 0.419901 0.419901 0.419901 0.419901 0.419901 0.419901 0.419901 0.419901 0.419901 0.419901 0.419901 0.419901 0.419901 0.419901 0.419901 0.419901 0.419901 0.419901 0.419901 0.419901 0.399844 0.419901 0.419901 0.419901 0.419901 0.419901 0.419901 0.419901 0.419901 0.419901 0.380224 0.419901 0.419901 0.419901 0.419901 0.419901 0.419901 0.419901 0.419901 0.419901 0.38 0.419901 0.419901 0.419901 0.380861 0.419901 0.419901 0.419596 0.419901 0.419901 0.419901 0.419901 0.419901 0.419901 0.380463 0.419901 0.419901 0.419738 0.419901 0.419901 0.419901 0.419901 0.419901 0.419901 0.417498 0.419901 0.419901 0.383784 0.419901 0.419901 0.419901 0.419901 0.419901 0.419901 0.419901 0.419901 0.419901 0.419901 0.419901 0.419901 0.419901 0.419901 0.419901 0.419901 0.419901 0.419901 0.419901 0.419901 0.419901 0.419901 0.419901 0.419901 0.419901 0.419901 0.419901 0.419901 0.419901 0.419901 0.419901 0.419901 0.419901 0.419901 0.419901 0.419901 0.419901 0.419901 0.419901 0.419901 0.419901 0.419901 0.38003 0.419901 0.419901 0.419901 0.419901 0.419901 0.419901 0.419901 0.419901 0.419901 0.419797 0.419901 0.419901 0.419901 0.419901 0.419901 0.419901 0.419901 0.419901 0.419901 0.410276 0.419901 0.419901 0.419901 0.380027 0.419901 0.419901 0.391038 0.419901 0.419901 0.419901 0.419901 0.419901 0.419901 0.386927 0.419901 0.419901 0.41759 0.419901 0.419901 0.419901 0.419901 0.419901 0.419901 0.41982 0.419901 0.419901 0.396899 0.419901 0.419901 0.419901 0.419901 0.419901 0.419901 0.419901 0.419901 0.419901 0.419901 0.419901 0.419901 0.419901 0.419901 0.419901 0.419901 0.419901 0.419901 0.419901 0.419901 0.419901 0.419901 0.419901 0.419901 0.419901 0.419901 0.419901 0.419901 0.419901 0.419901 0.419901 0.419901 0.419901 0.419901 0.419901 0.419901 0.419901 0.419901 0.419901 0.419901 0.419901 0.419901 0.413744 0.419901 0.419901 0.419901 0.419901 0.419901 0.419901 0.419901 0.419901 0.419901 0.41933 0.419901 0.419901 0.419901 0.419901 0.419901 0.419901 0.419901 0.419901 0.419901 0.419616 0.419901 0.419901 
0.429852 0.429852 0.429852 0.429852 0.429852 0.429852 0.429852 0.426612 0.429852 0.429852 0.429852 0.429852 0.429852 0.429852 0.429852 0.429852 0.429852 0.37 0.429852 0.429852 0.429852 0.429852 0.429852 0.429852 0.429852 0.429852 0.429852 0.373349 0.429852 0.429852 0.429852 0.395375 0.429852 0.429852 0.429761 0.429852 0.429852 0.429852 0.429852 0.429852 0.429852 0.429802 0.429852 0.429852 0.370013 0.429852 0.429852 0.429852 0.429852 0.429852 0.429852 0.429514 0.429852 0.429852 0.378538 0.429852 0.429852 0.429852 0.429852 0.429852 0.429852 0.429852 0.429852 0.429852 0.429852 0.429852 0.429852 0.429852 0.429852 0.429852 0.429852 0.429852 0.429852 0.429852 0.429852 0.429852 0.429852 0.429852 0.429852 0.429852 0.429852 0.429852 0.429852 0.429852 0.429852 0.429852 0.429852 0.429852 0.429852 0.429852 0.429852 0.429852 0.429852 0.429852 0.429852 0.429852 0.429852 0.379801 0.429852 0.429852 0.429852 0.429852 0.429852 0.429852 0.429852 0.429852 0.429852 0.429706 0.429852 0.429852 0.429852 0.429852 0.429852 0.429852 0.429852 0.429852 0.429852 0.423997 0.429852 0.429852 0.429852 0.414827 0.429852 0.429852 0.370003 0.429852 0.429852 0.429852 0.429852 0.429852 0.429852 0.370006 0.429852 0.429852 0.370006 0.429852 0.429852 0.429852 0.429852 0.429852 0.429852 0.393462 0.429852 0.429852 0.429096 0.429852 0.429852 0.429852 0.429852 0.429852 0.429852 0.429852 0.429852 0.429852 0.429852 0.429852 0.429852 0.429852 0.429852 0.429852 0.429852 0.429852 0.429852 0.429852 0.429852 0.429852 0.429852 0.429852 0.429852 0.429852 0.429852 0.429852 0.429852 0.429852 0.429852 0.429852 0.429852 0.429852 0.429852 0.429852 0.429852 0.429852 0.429852 0.429852 0.429852 0.429852 0.429852 0.429355 0.429852 0.429852 0.429852 0.429852 0.429852 0.429852 0.429852 0.429852 0.429852 0.386287 0.429852 0.429852 0.429852 0.429852 0.429852 0.429852 0.429852 0.429852 0.429852 0.372799 0.429852 0.429852 0.429852 0.370001 0.429852 0.429852 0.370118 0.429852 0.429852 0.429852 0.429852 0.429852 0.429852 0.417399 0.429852 0.429852 0.370078 0.429852 0.429852 0.429852 0.429852 0.429852 0.429852 0.425678 0.429852 0.429852 0.370019 0.429852 0.429852 0.429852 0.429852 0.429852 0.429852 0.429852 0.429852 0.429852 0.429852 0.429852 0.429852 0.429852 0.429852 0.429852 0.429852 0.429852 0.429852 0.429852 0.429852 0.429852 0.429852 0.429852 0.429852 0.429852 0.429852 0.429852 0.429852 0.429852 0.429852 0.429852 0.429852 0.429852 0.429852 0.429852 0.429852 0.429852 0.429852 0.429852 0.429852 0.429852 0.429852 0.393517 0.429852 0.429852 0.429852 0.429852 0.429852 0.429852 0.429852 0.429852 0.429852 0.420343 0.429852 0.429852 0.429852 0.429852 0.429852 0.429852 0.429852 0.429852 0.429852 0.42896 0.429852 0.429852 0.429852 0.429852 0.429852 0.429852 0.429852 0.429852 0.429852 0.370028 0.429852 0.429852 0.429852 0.429852 0.429852 0.429852 0.429852 0.429852 0.429852 0.428814 0.429852 0.429852 0.429852 0.429852 0.429852 0.429852 0.429852 0.429852 0.429852 0.370542 0.429852 0.429852 0.429852 0.429715 0.429852 0.429852 0.429373 0.429852 0.429852 0.429852 0.429852 0.429852 0.429852 0.370011 0.429852 0.429852 0.4297 0.429852 0.429852 0.429852 0.429852 0.429852 0.429852 0.386523 0.429852 0.429852 0.371185 0.429852 0.429852 0.429852 0.429852 0.429852 0.429852 0.429852 0.429852 0.429852 0.429852 0.429852 0.429852 0.429852 0.429852 0.429852 0.429852 0.429852 0.429852 0.429852 0.429852 0.429852 0.429852 0.429852 0.429852 0.429852 0.429852 0.429852 0.429852 0.429852 0.429852 0.429852 0.429852 0.429852 0.429852 0.429852 0.429852 0.429852 0.429852 0.429852 0.429852 0.429852 0.429852 0.42963 0.429852 0.429852 0.429852 0.429852 0.429852 0.429852 0.429852 0.429852 0.429852 0.370288 0.429852 0.429852 0.429852 0.429852 0.429852 0.429852 0.429852 0.429852 0.429852 0.429328 0.429852 0.429852 0.429852 0.370376 0.429852 0.429852 0.427984 0.429852 0.429852 0.429852 0.429852 0.429852 0.429852 0.419449 0.429852 0.429852 0.370005 0.429852 0.429852 0.429852 0.429852 0.429852 0.429852 0.370003 0.429852 0.429852 0.373892 0.429852 0.429852 0.429852 0.429852 0.429852 0.429852 0.429852 0.429852 0.429852 0.429852 0.429852 0.429852 0.429852 0.429852 0.429852 0.429852 0.429852 0.429852 0.429852 0.429852 0.429852 0.429852 0.429852 0.429852 0.429852 0.429852 0.429852 0.429852 0.429852 0.429852 0.429852 0.429852 0.429852 0.429852 0.429852 0.429852 0.429852 0.429852 0.429852 0.429852 0.429852 0.429852 0.427211 0.429852 0.429852 0.429852 0.429852 0.429852 0.429852 0.429852 0.429852 0.429852 0.370001 0.429852 0.429852 0.429852 0.429852 0.429852 0.429852 0.429852 0.429852 0.429852 0.388711 0.429852 0.429852 0.429852 0.429342 0.429852 0.429852 0.401567 0.429852 0.429852 0.429852 0.429852 0.429852 0.429852 0.425622 0.429852 0.429852 0.423494 0.429852 0.429852 0.429852 0.429852 0.429852 0.429852 0.375927 0.429852 0.429852 0.378134 0.429852 0.429852 0.429852 0.429852 0.429852 0.429852 0.429852 0.429852 0.429852 0.429852 0.429852 0.429852 0.429852 0.429852 0.429852 0.429852 0.429852 0.429852 0.429852 0.429852 0.429852 0.429852 0.429852 0.429852 0.429852 0.429852 0.429852 0.429852 0.429852 0.429852 0.429852 0.429852 0.429852 0.429852 0.429852 0.429852 0.429852 0.429852 0.429852 0.429852 0.429852 0.429852 0.429104 0.429852 0.429852 0.429852 0.429852 0.429852 0.429852 0.429852 0.429852 0.429852 0.429658 0.429852 0.429852 0.429852 0.429852 0.429852 0.429852 0.429852 0.429852 0.429852 0.429372 0.429852 0.429852 0.429852 0.429852 0.429852 0.429852 0.429852 0.429852 0.429852 0.37761 0.429852 0.429852 0.429852 0.429852 0.429852 0.429852 0.429852 0.429852 0.429852 0.370006 0.429852 0.429852 0.429852 0.429852 0.429852 0.429852 0.429852 0.429852 0.429852 0.370003 0.429852 0.429852 0.429852 0.428098 0.429852 0.429852 0.428524 0.429852 0.429852 0.429852 0.429852 0.429852 0.429852 0.427838 0.429852 0.429852 0.427545 0.429852 0.429852 0.429852 0.429852 0.429852 0.429852 0.427644 0.429852 0.429852 0.429574 0.429852 0.429852 0.429852 0.429852 0.429852 0.429852 0.429852 0.429852 0.429852 0.429852 0.429852 0.429852 0.429852 0.429852 0.429852 0.429852 0.429852 0.429852 0.429852 0.429852 0.429852 0.429852 0.429852 0.429852 0.429852 0.429852 0.429852 0.429852 0.429852 0.429852 0.429852 0.429852 0.429852 0.429852 0.429852 0.429852 0.429852 0.429852 0.429852 0.429852 0.429852 0.429852 0.397222 0.429852 0.429852 0.429852 0.429852 0.429852 0.429852 0.429852 0.429852 0.429852 0.370409 0.429852 0.429852 0.429852 0.429852 0.429852 0.429852 0.429852 0.429852 0.429852 0.37 0.429852 0.429852 0.429852 0.371252 0.429852 0.429852 0.429484 0.429852 0.429852 0.429852 0.429852 0.429852 0.429852 0.37066 0.429852 0.429852 0.429594 0.429852 0.429852 0.429852 0.429852 0.429852 0.429852 0.425024 0.429852 0.429852 0.3743 0.429852 0.429852 0.429852 0.429852 0.429852 0.429852 0.429852 0.429852 0.429852 0.429852 0.429852 0.429852 0.429852 0.429852 0.429852 0.429852 0.429852 0.429852 0.429852 0.429852 0.429852 0.429852 0.429852 0.429852 0.429852 0.429852 0.429852 0.429852 0.429852 0.429852 0.429852 0.429852 0.429852 0.429852 0.429852 0.429852 0.429852 0.429852 0.429852 0.429852 0.429852 0.429852 0.370044 0.429852 0.429852 0.429852 0.429852 0.429852 0.429852 0.429852 0.429852 0.429852 0.429678 0.429852 0.429852 0.429852 0.429852 0.429852 0.429852 0.429852 0.429852 0.429852 0.414814 0.429852 0.429852 0.429852 0.370035 0.429852 0.429852 0.384928 0.429852 0.429852 0.429852 0.429852 0.429852 0.429852 0.378244 0.429852 0.429852 0.425974 0.429852 0.429852 0.429852 0.429852 0.429852 0.429852 0.429715 0.429852 0.429852 0.395954 0.429852 0.429852 0.429852 0.429852 0.429852 0.429852 0.429852 0.429852 0.429852 0.429852 0.429852 0.429852 0.429852 0.429852 0.429852 0.429852 0.429852 0.429852 0.429852 0.429852 0.429852 0.429852 0.429852 0.429852 0.429852 0.429852 0.429852 0.429852 0.429852 0.429852 0.429852 0.429852 0.429852 0.429852 0.429852 0.429852 0.429852 0.429852 0.429852 0.429852 0.429852 0.429852 0.419443 0.429852 0.429852 0.429852 0.429852 0.429852 0.429852 0.429852 0.429852 0.429852 0.429025 0.429852 0.429852 0.429852 0.429852 0.429852 0.429852 0.429852 0.429852 0.429852 0.429463 0.429852 0.429852 
0.439802 0.439802 0.439802 0.439802 0.439802 0.439802 0.439802 0.435477 0.439802 0.439802 0.439802 0.439802 0.439802 0.439802 0.439802 0.439802 0.439802 0.360001 0.439802 0.439802 0.439802 0.439802 0.439802 0.439802 0.439802 0.439802 0.439802 0.364553 0.439802 0.439802 0.439802 0.395059 0.439802 0.439802 0.439691 0.439802 0.439802 0.439802 0.439802 0.439802 0.439802 0.43972 0.439802 0.439802 0.360015 0.439802 0.439802 0.439802 0.439802 0.439802 0.439802 0.439361 0.439802 0.439802 0.371697 0.439802 0.439802 0.439802 0.439802 0.439802 0.439802 0.439802 0.439802 0.439802 0.439802 0.439802 0.439802 0.439802 0.439802 0.439802 0.439802 0.439802 0.439802 0.439802 0.439802 0.439802 0.439802 0.439802 0.439802 0.439802 0.439802 0.439802 0.439802 0.439802 0.439802 0.439802 0.439802 0.439802 0.439802 0.439802 0.439802 0.439802 0.439802 0.439802 0.439802 0.439802 0.439802 0.374895 0.439802 0.439802 0.439802 0.439802 0.439802 0.439802 0.439802 0.439802 0.439802 0.439594 0.439802 0.439802 0.439802 0.439802 0.439802 0.439802 0.439802 0.439802 0.439802 0.430007 0.439802 0.439802 0.439802 0.421409 0.439802 0.439802 0.360004 0.439802 0.439802 0.439802 0.439802 0.439802 0.439802 0.360009 0.439802 0.439802 0.360008 0.439802 0.439802 0.439802 0.439802 0.439802 0.439802 0.389051 0.439802 0.439802 0.438761 0.439802 0.439802 0.439802 0.439802 0.439802 0.439802 0.439802 0.439802 0.439802 0.439802 0.439802 0.439802 0.439802 0.439802 0.439802 0.439802 0.439802 0.439802 0.439802 0.439802 0.439802 0.439802 0.439802 0.439802 0.439802 0.439802 0.439802 0.439802 0.439802 0.439802 0.439802 0.439802 0.439802 0.439802 0.439802 0.439802 0.439802 0.439802 0.439802 0.439802 0.439802 0.439802 0.439197 0.439802 0.439802 0.439802 0.439802 0.439802 0.439802 0.439802 0.439802 0.439802 0.381262 0.439802 0.439802 0.439802 0.439802 0.439802 0.439802 0.439802 0.439802 0.439802 0.363566 0.439802 0.439802 0.439802 0.360002 0.439802 0.439802 0.360143 0.439802 0.439802 0.439802 0.439802 0.439802 0.439802 0.423204 0.439802 0.439802 0.360091 0.439802 0.439802 0.439802 0.439802 0.439802 0.439802 0.434198 0.439802 0.439802 0.360022 0.439802 0.439802 0.439802 0.439802 0.439802 0.439802 0.439802 0.439802 0.439802 0.439802 0.439802 0.439802 0.439802 0.439802 0.439802 0.439802 0.439802 0.439802 0.439802 0.439802 0.439802 0.439802 0.439802 0.439802 0.439802 0.439802 0.439802 0.439802 0.439802 0.439802 0.439802 0.439802 0.439802 0.439802 0.439802 0.439802 0.439802 0.439802 0.439802 0.439802 0.439802 0.439802 0.391797 0.439802 0.439802 0.439802 0.439802 0.439802 0.439802 0.439802 0.439802 0.439802 0.42813 0.439802 0.439802 0.439802 0.439802 0.439802 0.439802 0.439802 0.439802 0.439802 0.438395 0.439802 0.439802 0.439802 0.439802 0.439802 0.439802 0.439802 0.439802 0.439802 0.36003 0.439802 0.439802 0.439802 0.439802 0.439802 0.439802 0.439802 0.439802 0.439802 0.438545 0.439802 0.439802 0.439802 0.439802 0.439802 0.439802 0.439802 0.439802 0.439802 0.360812 0.439802 0.439802 0.439802 0.43963 0.439802 0.439802 0.43915 0.439802 0.439802 0.439802 0.439802 0.439802 0.439802 0.360014 0.439802 0.439802 0.439591 0.439802 0.439802 0.439802 0.439802 0.439802 0.439802 0.381152 0.439802 0.439802 0.361641 0.439802 0.439802 0.439802 0.439802 0.439802 0.439802 0.439802 0.439802 0.439802 0.439802 0.439802 0.439802 0.439802 0.439802 0.439802 0.439802 0.439802 0.439802 0.439802 0.439802 0.439802 0.439802 0.439802 0.439802 0.439802 0.439802 0.439802 0.439802 0.439802 0.439802 0.439802 0.439802 0.439802 0.439802 0.439802 0.439802 0.439802 0.439802 0.439802 0.439802 0.439802 0.439802 0.439511 0.439802 0.439802 0.439802 0.439802 0.439802 0.439802 0.439802 0.439802 0.439802 0.360344 0.439802 0.439802 0.439802 0.439802 0.439802 0.439802 0.439802 0.439802 0.439802 0.439112 0.439802 0.439802 0.439802 0.360421 0.439802 0.439802 0.437484 0.439802 0.439802 0.439802 0.439802 0.439802 0.439802 0.426835 0.439802 0.439802 0.360005 0.439802 0.439802 0.439802 0.439802 0.439802 0.439802 0.360003 0.439802 0.439802 0.365417 0.439802 0.439802 0.439802 0.439802 0.439802 0.439802 0.439802 0.439802 0.439802 0.439802 0.439802 0.439802 0.439802 0.439802 0.439802 0.439802 0.439802 0.439802 0.439802 0.439802 0.439802 0.439802 0.439802 0.439802 0.439802 0.439802 0.439802 0.439802 0.439802 0.439802 0.439802 0.439802 0.439802 0.439802 0.439802 0.439802 0.439802 0.439802 0.439802 0.439802 0.439802 0.439802 0.435595 0.439802 0.439802 0.439802 0.439802 0.439802 0.439802 0.439802 0.439802 0.439802 0.360002 0.439802 0.439802 0.439802 0.439802 0.439802 0.439802 0.439802 0.439802 0.439802 0.386991 0.439802 0.439802 0.439802 0.439119 0.439802 0.439802 0.400466 0.439802 0.439802 0.439802 0.439802 0.439802 0.439802 0.434344 0.439802 0.439802 0.431218 0.439802 0.439802 0.439802 0.439802 0.439802 0.439802 0.368541 0.439802 0.439802 0.370608 0.439802 0.439802 0.439802 0.439802 0.439802 0.439802 0.439802 0.439802 0.439802 0.439802 0.439802 0.439802 0.439802 0.439802 0.439802 0.439802 0.439802 0.439802 0.439802 0.439802 0.439802 0.439802 0.439802 0.439802 0.439802 0.439802 0.439802 0.439802 0.439802 0.439802 0.439802 0.439802 0.439802 0.439802 0.439802 0.439802 0.439802 0.439802 0.439802 0.439802 0.439802 0.439802 0.438866 0.439802 0.439802 0.439802 0.439802 0.439802 0.439802 0.439802 0.439802 0.439802 0.439562 0.439802 0.439802 0.439802 0.439802 0.439802 0.439802 0.439802 0.439802 0.439802 0.439193 0.439802 0.439802 0.439802 0.439802 0.439802 0.439802 0.439802 0.439802 0.439802 0.369644 0.439802 0.439802 0.439802 0.439802 0.439802 0.439802 0.439802 0.439802 0.439802 0.360011 0.439802 0.439802 0.439802 0.439802 0.439802 0.439802 0.439802 0.439802 0.439802 0.360004 0.439802 0.439802 0.439802 0.437682 0.439802 0.439802 0.438096 0.439802 0.439802 0.439802 0.439802 0.439802 0.439802 0.436972 0.439802 0.439802 0.436375 0.439802 0.439802 0.439802 0.439802 0.439802 0.439802 0.4369 0.439802 0.439802 0.439439 0.439802 0.439802 0.439802 0.439802 0.439802 0.439802 0.439802 0.439802 0.439802 0.439802 0.439802 0.439802 0.439802 0.439802 0.439802 0.439802 0.439802 0.439802 0.439802 0.439802 0.439802 0.439802 0.439802 0.439802 0.439802 0.439802 0.439802 0.439802 0.439802 0.439802 0.439802 0.439802 0.439802 0.439802 0.439802 0.439802 0.439802 0.439802 0.439802 0.439802 0.439802 0.439802 0.395966 0.439802 0.439802 0.439802 0.439802 0.439802 0.439802 0.439802 0.439802 0.439802 0.360475 0.439802 0.439802 0.439802 0.439802 0.439802 0.439802 0.439802 0.439802 0.439802 0.36 0.439802 0.439802 0.439802 0.361521 0.439802 0.439802 0.43934 0.439802 0.439802 0.439802 0.439802 0.439802 0.439802 0.361063 0.439802 0.439802 0.439435 0.439802 0.439802 0.439802 0.439802 0.439802 0.439802 0.434131 0.439802 0.439802 0.36522 0.439802 0.439802 0.439802 0.439802 0.439802 0.439802 0.439802 0.439802 0.439802 0.439802 0.439802 0.439802 0.439802 0.439802 0.439802 0.439802 0.439802 0.439802 0.439802 0.439802 0.439802 0.439802 0.439802 0.439802 0.439802 0.439802 0.439802 0.439802 0.439802 0.439802 0.439802 0.439802 0.439802 0.439802 0.439802 0.439802 0.439802 0.439802 0.439802 0.439802 0.439802 0.439802 0.360054 0.439802 0.439802 0.439802 0.439802 0.439802 0.439802 0.439802 0.439802 0.439802 0.439576 0.439802 0.439802 0.439802 0.439802 0.439802 0.439802 0.439802 0.439802 0.439802 0.418155 0.439802 0.439802 0.439802 0.360048 0.439802 0.439802 0.378087 0.439802 0.439802 0.439802 0.439802 0.439802 0.439802 0.371319 0.439802 0.439802 0.435133 0.439802 0.439802 0.439802 0.439802 0.439802 0.439802 0.439633 0.439802 0.439802 0.396899 0.439802 0.439802 0.439802 0.439802 0.439802 0.439802 0.439802 0.439802 0.439802 0.439802 0.439802 0.439802 0.439802 0.439802 0.439802 0.439802 0.439802 0.439802 0.439802 0.439802 0.439802 0.439802 0.439802 0.439802 0.439802 0.439802 0.439802 0.439802 0.439802 0.439802 0.439802 0.439802 0.439802 0.439802 0.439802 0.439802 0.439802 0.439802 0.439802 0.439802 0.439802 0.439802 0.424105 0.439802 0.439802 0.439802 0.439802 0.439802 0.439802 0.439802 0.439802 0.439802 0.43869 0.439802 0.439802 0.439802 0.439802 0.439802 0.439802 0.439802 0.439802 0.439802 0.439305 0.439802 0.439802 
0.449753 0.449753 0.449753 0.449753 0.449753 0.449753 0.449753 0.444499 0.449753 0.449753 0.449753 0.449753 0.449753 0.449753 0.449753 0.449753 0.449753 0.350001 0.449753 0.449753 0.449753 0.449753 0.449753 0.449753 0.449753 0.449753 0.449753 0.355531 0.449753 0.449753 0.449753 0.398259 0.449753 0.449753 0.449625 0.449753 0.449753 0.449753 0.449753 0.449753 0.449753 0.449644 0.449753 0.449753 0.350017 0.449753 0.449753 0.449753 0.449753 0.449753 0.449753 0.449208 0.449753 0.449753 0.362465 0.449753 0.449753 0.449753 0.449753 0.449753 0.449753 0.449753 0.449753 0.449753 0.449753 0.449753 0.449753 0.449753 0.449753 0.449753 0.449753 0.449753 0.449753 0.449753 0.449753 0.449753 0.449753 0.449753 0.449753 0.449753 0.449753 0.449753 0.449753 0.449753 0.449753 0.449753 0.449753 0.449753 0.449753 0.449753 0.449753 0.449753 0.449753 0.449753 0.449753 0.449753 0.449753 0.370233 0.449753 0.449753 0.449753 0.449753 0.449753 0.449753 0.449753 0.449753 0.449753 0.449504 0.449753 0.449753 0.449753 0.449753 0.449753 0.449753 0.449753 0.449753 0.449753 0.435915 0.449753 0.449753 0.449753 0.42689 0.449753 0.449753 0.350005 0.449753 0.449753 0.449753 0.449753 0.449753 0.449753 0.35001 0.449753 0.449753 0.350011 0.449753 0.449753 0.449753 0.449753 0.449753 0.449753 0.38368 0.449753 0.449753 0.448212 0.449753 0.449753 0.449753 0.449753 0.449753 0.449753 0.449753 0.449753 0.449753 0.449753 0.449753 0.449753 0.449753 0.449753 0.449753 0.449753 0.449753 0.449753 0.449753 0.449753 0.449753 0.449753 0.449753 0.449753 0.449753 0.449753 0.449753 0.449753 0.449753 0.449753 0.449753 0.449753 0.449753 0.449753 0.449753 0.449753 0.449753 0.449753 0.449753 0.449753 0.449753 0.449753 0.449 0.449753 0.449753 0.449753 0.449753 0.449753 0.449753 0.449753 0.449753 0.449753 0.375671 0.449753 0.449753 0.449753 0.449753 0.449753 0.449753 0.449753 0.449753 0.449753 0.354407 0.449753 0.449753 0.449753 0.350002 0.449753 0.449753 0.350162 0.449753 0.449753 0.449753 0.449753 0.449753 0.449753 0.43021 0.449753 0.449753 0.350136 0.449753 0.449753 0.449753 0.449753 0.449753 0.449753 0.44276 0.449753 0.449753 0.350026 0.449753 0.449753 0.449753 0.449753 0.449753 0.449753 0.449753 0.449753 0.449753 0.449753 0.449753 0.449753 0.449753 0.449753 0.449753 0.449753 0.449753 0.449753 0.449753 0.449753 0.449753 0.449753 0.449753 0.449753 0.449753 0.449753 0.449753 0.449753 0.449753 0.449753 0.449753 0.449753 0.449753 0.449753 0.449753 0.449753 0.449753 0.449753 0.449753 0.449753 0.449753 0.449753 0.392742 0.449753 0.449753 0.449753 0.449753 0.449753 0.449753 0.449753 0.449753 0.449753 0.434039 0.449753 0.449753 0.449753 0.449753 0.449753 0.449753 0.449753 0.449753 0.449753 0.448016 0.449753 0.449753 0.449753 0.449753 0.449753 0.449753 0.449753 0.449753 0.449753 0.350034 0.449753 0.449753 0.449753 0.449753 0.449753 0.449753 0.449753 0.449753 0.449753 0.447996 0.449753 0.449753 0.449753 0.449753 0.449753 0.449753 0.449753 0.449753 0.449753 0.351202 0.449753 0.449753 0.449753 0.449518 0.449753 0.449753 0.448933 0.449753 0.449753 0.449753 0.449753 0.449753 0.449753 0.350016 0.449753 0.449753 0.449483 0.449753 0.449753 0.449753 0.449753 0.449753 0.449753 0.379128 0.449753 0.449753 0.352083 0.449753 0.449753 0.449753 0.449753 0.449753 0.449753 0.449753 0.449753 0.449753 0.449753 0.449753 0.449753 0.449753 0.449753 0.449753 0.449753 0.449753 0.449753 0.449753 0.449753 0.449753 0.449753 0.449753 0.449753 0.449753 0.449753 0.449753 0.449753 0.449753 0.449753 0.449753 0.449753 0.449753 0.449753 0.449753 0.449753 0.449753 0.449753 0.449753 0.449753 0.449753 0.449753 0.449402 0.449753 0.449753 0.449753 0.449753 0.449753 0.449753 0.449753 0.449753 0.449753 0.350384 0.449753 0.449753 0.449753 0.449753 0.449753 0.449753 0.449753 0.449753 0.449753 0.448889 0.449753 0.449753 0.449753 0.350541 0.449753 0.449753 0.446762 0.449753 0.449753 0.449753 0.449753 0.449753 0.449753 0.434074 0.449753 0.449753 0.350007 0.449753 0.449753 0.449753 0.449753 0.449753 0.449753 0.350004 0.449753 0.449753 0.357393 0.449753 0.449753 0.449753 0.449753 0.449753 0.449753 0.449753 0.449753 0.449753 0.449753 0.449753 0.449753 0.449753 0.449753 0.449753 0.449753 0.449753 0.449753 0.449753 0.449753 0.449753 0.449753 0.449753 0.449753 0.449753 0.449753 0.449753 0.449753 0.449753 0.449753 0.449753 0.449753 0.449753 0.449753 0.449753 0.449753 0.449753 0.449753 0.449753 0.449753 0.449753 0.449753 0.44439 0.449753 0.449753 0.449753 0.449753 0.449753 0.449753 0.449753 0.449753 0.449753 0.350002 0.449753 0.449753 0.449753 0.449753 0.449753 0.449753 0.449753 0.449753 0.449753 0.384967 0.449753 0.449753 0.449753 0.448928 0.449753 0.449753 0.402792 0.449753 0.449753 0.449753 0.449753 0.449753 0.449753 0.442947 0.449753 0.449753 0.438304 0.449753 0.449753 0.449753 0.449753 0.449753 0.449753 0.359937 0.449753 0.449753 0.362178 0.449753 0.449753 0.449753 0.449753 0.449753 0.449753 0.449753 0.449753 0.449753 0.449753 0.449753 0.449753 0.449753 0.449753 0.449753 0.449753 0.449753 0.449753 0.449753 0.449753 0.449753 0.449753 0.449753 0.449753 0.449753 0.449753 0.449753 0.449753 0.449753 0.449753 0.449753 0.449753 0.449753 0.449753 0.449753 0.449753 0.449753 0.449753 0.449753 0.449753 0.449753 0.449753 0.448571 0.449753 0.449753 0.449753 0.449753 0.449753 0.449753 0.449753 0.449753 0.449753 0.449457 0.449753 0.449753 0.449753 0.449753 0.449753 0.449753 0.449753 0.449753 0.449753 0.449044 0.449753 0.449753 0.449753 0.449753 0.449753 0.449753 0.449753 0.449753 0.449753 0.362887 0.449753 0.449753 0.449753 0.449753 0.449753 0.449753 0.449753 0.449753 0.449753 0.350012 0.449753 0.449753 0.449753 0.449753 0.449753 0.449753 0.449753 0.449753 0.449753 0.350006 0.449753 0.449753 0.449753 0.44696 0.449753 0.449753 0.447611 0.449753 0.449753 0.449753 0.449753 0.449753 0.449753 0.446313 0.449753 0.449753 0.44596 0.449753 0.449753 0.449753 0.449753 0.449753 0.449753 0.446368 0.449753 0.449753 0.44933 0.449753 0.449753 0.449753 0.449753 0.449753 0.449753 0.449753 0.449753 0.449753 0.449753 0.449753 0.449753 0.449753 0.449753 0.449753 0.449753 0.449753 0.449753 0.449753 0.449753 0.449753 0.449753 0.449753 0.449753 0.449753 0.449753 0.449753 0.449753 0.449753 0.449753 0.449753 0.449753 0.449753 0.449753 0.449753 0.449753 0.449753 0.449753 0.449753 0.449753 0.449753 0.449753 0.390709 0.449753 0.449753 0.449753 0.449753 0.449753 0.449753 0.449753 0.449753 0.449753 0.350691 0.449753 0.449753 0.449753 0.449753 0.449753 0.449753 0.449753 0.449753 0.449753 0.35 0.449753 0.449753 0.449753 0.351888 0.449753 0.449753 0.449177 0.449753 0.449753 0.449753 0.449753 0.449753 0.449753 0.351221 0.449753 0.449753 0.449277 0.449753 0.449753 0.449753 0.449753 0.449753 0.449753 0.442419 0.449753 0.449753 0.356884 0.449753 0.449753 0.449753 0.449753 0.449753 0.449753 0.449753 0.449753 0.449753 0.449753 0.449753 0.449753 0.449753 0.449753 0.449753 0.449753 0.449753 0.449753 0.449753 0.449753 0.449753 0.449753 0.449753 0.449753 0.449753 0.449753 0.449753 0.449753 0.449753 0.449753 0.449753 0.449753 0.449753 0.449753 0.449753 0.449753 0.449753 0.449753 0.449753 0.449753 0.449753 0.449753 0.350072 0.449753 0.449753 0.449753 0.449753 0.449753 0.449753 0.449753 0.449753 0.449753 0.449471 0.449753 0.449753 0.449753 0.449753 0.449753 0.449753 0.449753 0.449753 0.449753 0.421495 0.449753 0.449753 0.449753 0.350054 0.449753 0.449753 0.372716 0.449753 0.449753 0.449753 0.449753 0.449753 0.449753 0.364738 0.449753 0.449753 0.444156 0.449753 0.449753 0.449753 0.449753 0.449753 0.449753 0.449538 0.449753 0.449753 0.393558 0.449753 0.449753 0.449753 0.449753 0.449753 0.449753 0.449753 0.449753 0.449753 0.449753 0.449753 0.449753 0.449753 0.449753 0.449753 0.449753 0.449753 0.449753 0.449753 0.449753 0.449753 0.449753 0.449753 0.449753 0.449753 0.449753 0.449753 0.449753 0.449753 0.449753 0.449753 0.449753 0.449753 0.449753 0.449753 0.449753 0.449753 0.449753 0.449753 0.449753 0.449753 0.449753 0.428259 0.449753 0.449753 0.449753 0.449753 0.449753 0.449753 0.449753 0.449753 0.449753 0.448355 0.449753 0.449753 0.449753 0.449753 0.449753 0.449753 0.449753 0.449753 0.449753 0.449161 0.449753 0.449753 
0.459703 0.459703 0.459703 0.459703 0.459703 0.459703 0.459703 0.453295 0.459703 0.459703 0.459703 0.459703 0.459703 0.459703 0.459703 0.459703 0.459703 0.340001 0.459703 0.459703 0.459703 0.459703 0.459703 0.459703 0.459703 0.459703 0.459703 0.347452 0.459703 0.459703 0.459703 0.399203 0.459703 0.459703 0.45955 0.459703 0.459703 0.459703 0.459703 0.459703 0.459703 0.459576 0.459703 0.459703 0.340022 0.459703 0.459703 0.459703 0.459703 0.459703 0.459703 0.459068 0.459703 0.459703 0.354616 0.459703 0.459703 0.459703 0.459703 0.459703 0.459703 0.459703 0.459703 0.459703 0.459703 0.459703 0.459703 0.459703 0.459703 0.459703 0.459703 0.459703 0.459703 0.459703 0.459703 0.459703 0.459703 0.459703 0.459703 0.459703 0.459703 0.459703 0.459703 0.459703 0.459703 0.459703 0.459703 0.459703 0.459703 0.459703 0.459703 0.459703 0.459703 0.459703 0.459703 0.459703 0.459703 0.364428 0.459703 0.459703 0.459703 0.459703 0.459703 0.459703 0.459703 0.459703 0.459703 0.459369 0.459703 0.459703 0.459703 0.459703 0.459703 0.459703 0.459703 0.459703 0.459703 0.442025 0.459703 0.459703 0.459703 0.431553 0.459703 0.459703 0.340007 0.459703 0.459703 0.459703 0.459703 0.459703 0.459703 0.340012 0.459703 0.459703 0.340013 0.459703 0.459703 0.459703 0.459703 0.459703 0.459703 0.380062 0.459703 0.459703 0.457926 0.459703 0.459703 0.459703 0.459703 0.459703 0.459703 0.459703 0.459703 0.459703 0.459703 0.459703 0.459703 0.459703 0.459703 0.459703 0.459703 0.459703 0.459703 0.459703 0.459703 0.459703 0.459703 0.459703 0.459703 0.459703 0.459703 0.459703 0.459703 0.459703 0.459703 0.459703 0.459703 0.459703 0.459703 0.459703 0.459703 0.459703 0.459703 0.459703 0.459703 0.459703 0.459703 0.458815 0.459703 0.459703 0.459703 0.459703 0.459703 0.459703 0.459703 0.459703 0.459703 0.373346 0.459703 0.459703 0.459703 0.459703 0.459703 0.459703 0.459703 0.459703 0.459703 0.345355 0.459703 0.459703 0.459703 0.340002 0.459703 0.459703 0.340183 0.459703 0.459703 0.459703 0.459703 0.459703 0.459703 0.436514 0.459703 0.459703 0.340156 0.459703 0.459703 0.459703 0.459703 0.459703 0.459703 0.450146 0.459703 0.459703 0.34003 0.459703 0.459703 0.459703 0.459703 0.459703 0.459703 0.459703 0.459703 0.459703 0.459703 0.459703 0.459703 0.459703 0.459703 0.459703 0.459703 0.459703 0.459703 0.459703 0.459703 0.459703 0.459703 0.459703 0.459703 0.459703 0.459703 0.459703 0.459703 0.459703 0.459703 0.459703 0.459703 0.459703 0.459703 0.459703 0.459703 0.459703 0.459703 0.459703 0.459703 0.459703 0.459703 0.394614 0.459703 0.459703 0.459703 0.459703 0.459703 0.459703 0.459703 0.459703 0.459703 0.440049 0.459703 0.459703 0.459703 0.459703 0.459703 0.459703 0.459703 0.459703 0.459703 0.457531 0.459703 0.459703 0.459703 0.459703 0.459703 0.459703 0.459703 0.459703 0.459703 0.340041 0.459703 0.459703 0.459703 0.459703 0.459703 0.459703 0.459703 0.459703 0.459703 0.457727 0.459703 0.459703 0.459703 0.459703 0.459703 0.459703 0.459703 0.459703 0.459703 0.341412 0.459703 0.459703 0.459703 0.459441 0.459703 0.459703 0.458736 0.459703 0.459703 0.459703 0.459703 0.459703 0.459703 0.340021 0.459703 0.459703 0.459367 0.459703 0.459703 0.459703 0.459703 0.459703 0.459703 0.370791 0.459703 0.459703 0.342703 0.459703 0.459703 0.459703 0.459703 0.459703 0.459703 0.459703 0.459703 0.459703 0.459703 0.459703 0.459703 0.459703 0.459703 0.459703 0.459703 0.459703 0.459703 0.459703 0.459703 0.459703 0.459703 0.459703 0.459703 0.459703 0.459703 0.459703 0.459703 0.459703 0.459703 0.459703 0.459703 0.459703 0.459703 0.459703 0.459703 0.459703 0.459703 0.459703 0.459703 0.459703 0.459703 0.459287 0.459703 0.459703 0.459703 0.459703 0.459703 0.459703 0.459703 0.459703 0.459703 0.340419 0.459703 0.459703 0.459703 0.459703 0.459703 0.459703 0.459703 0.459703 0.459703 0.458659 0.459703 0.459703 0.459703 0.340726 0.459703 0.459703 0.456061 0.459703 0.459703 0.459703 0.459703 0.459703 0.459703 0.440378 0.459703 0.459703 0.340008 0.459703 0.459703 0.459703 0.459703 0.459703 0.459703 0.340004 0.459703 0.459703 0.348161 0.459703 0.459703 0.459703 0.459703 0.459703 0.459703 0.459703 0.459703 0.459703 0.459703 0.459703 0.459703 0.459703 0.459703 0.459703 0.459703 0.459703 0.459703 0.459703 0.459703 0.459703 0.459703 0.459703 0.459703 0.459703 0.459703 0.459703 0.459703 0.459703 0.459703 0.459703 0.459703 0.459703 0.459703 0.459703 0.459703 0.459703 0.459703 0.459703 0.459703 0.459703 0.459703 0.453413 0.459703 0.459703 0.459703 0.459703 0.459703 0.459703 0.459703 0.459703 0.459703 0.340002 0.459703 0.459703 0.459703 0.459703 0.459703 0.459703 0.459703 0.459703 0.459703 0.37971 0.459703 0.459703 0.459703 0.458775 0.459703 0.459703 0.40138 0.459703 0.459703 0.459703 0.459703 0.459703 0.459703 0.450856 0.459703 0.459703 0.444608 0.459703 0.459703 0.459703 0.459703 0.459703 0.459703 0.352029 0.459703 0.459703 0.355687 0.459703 0.459703 0.459703 0.459703 0.459703 0.459703 0.459703 0.459703 0.459703 0.459703 0.459703 0.459703 0.459703 0.459703 0.459703 0.459703 0.459703 0.459703 0.459703 0.459703 0.459703 0.459703 0.459703 0.459703 0.459703 0.459703 0.459703 0.459703 0.459703 0.459703 0.459703 0.459703 0.459703 0.459703 0.459703 0.459703 0.459703 0.459703 0.459703 0.459703 0.459703 0.459703 0.458284 0.459703 0.459703 0.459703 0.459703 0.459703 0.459703 0.459703 0.459703 0.459703 0.459351 0.459703 0.459703 0.459703 0.459703 0.459703 0.459703 0.459703 0.459703 0.459703 0.458881 0.459703 0.459703 0.459703 0.459703 0.459703 0.459703 0.459703 0.459703 0.459703 0.356306 0.459703 0.459703 0.459703 0.459703 0.459703 0.459703 0.459703 0.459703 0.459703 0.340016 0.459703 0.459703 0.459703 0.459703 0.459703 0.459703 0.459703 0.459703 0.459703 0.340007 0.459703 0.459703 0.459703 0.456444 0.459703 0.459703 0.457095 0.459703 0.459703 0.459703 0.459703 0.459703 0.459703 0.455545 0.459703 0.459703 0.455358 0.459703 0.459703 0.459703 0.459703 0.459703 0.459703 0.455729 0.459703 0.459703 0.459199 0.459703 0.459703 0.459703 0.459703 0.459703 0.459703 0.459703 0.459703 0.459703 0.459703 0.459703 0.459703 0.459703 0.459703 0.459703 0.459703 0.459703 0.459703 0.459703 0.459703 0.459703 0.459703 0.459703 0.459703 0.459703 0.459703 0.459703 0.459703 0.459703 0.459703 0.459703 0.459703 0.459703 0.459703 0.459703 0.459703 0.459703 0.459703 0.459703 0.459703 0.459703 0.459703 0.389764 0.459703 0.459703 0.459703 0.459703 0.459703 0.459703 0.459703 0.459703 0.459703 0.340757 0.459703 0.459703 0.459703 0.459703 0.459703 0.459703 0.459703 0.459703 0.459703 0.34 0.459703 0.459703 0.459703 0.342184 0.459703 0.459703 0.458973 0.459703 0.459703 0.459703 0.459703 0.459703 0.459703 0.341508 0.459703 0.459703 0.459146 0.459703 0.459703 0.459703 0.459703 0.459703 0.459703 0.450755 0.459703 0.459703 0.348125 0.459703 0.459703 0.459703 0.459703 0.459703 0.459703 0.459703 0.459703 0.459703 0.459703 0.459703 0.459703 0.459703 0.459703 0.459703 0.459703 0.459703 0.459703 0.459703 0.459703 0.459703 0.459703 0.459703 0.459703 0.459703 0.459703 0.459703 0.459703 0.459703 0.459703 0.459703 0.459703 0.459703 0.459703 0.459703 0.459703 0.459703 0.459703 0.459703 0.459703 0.459703 0.459703 0.340086 0.459703 0.459703 0.459703 0.459703 0.459703 0.459703 0.459703 0.459703 0.459703 0.459378 0.459703 0.459703 0.459703 0.459703 0.459703 0.459703 0.459703 0.459703 0.459703 0.422907 0.459703 0.459703 0.459703 0.340059 0.459703 0.459703 0.366706 0.459703 0.459703 0.459703 0.459703 0.459703 0.459703 0.358068 0.459703 0.459703 0.452631 0.459703 0.459703 0.459703 0.459703 0.459703 0.459703 0.459436 0.459703 0.459703 0.394189 0.459703 0.459703 0.459703 0.459703 0.459703 0.459703 0.459703 0.459703 0.459703 0.459703 0.459703 0.459703 0.459703 0.459703 0.459703 0.459703 0.459703 0.459703 0.459703 0.459703 0.459703 0.459703 0.459703 0.459703 0.459703 0.459703 0.459703 0.459703 0.459703 0.459703 0.459703 0.459703 0.459703 0.459703 0.459703 0.459703 0.459703 0.459703 0.459703 0.459703 0.459703 0.459703 0.433741 0.459703 0.459703 0.459703 0.459703 0.459703 0.459703 0.459703 0.459703 0.459703 0.458132 0.459703 0.459703 0.459703 0.459703 0.459703 0.459703 0.459703 0.459703 0.459703 0.458992 0.459703 0.459703 
0.469654 0.469654 0.469654 0.469654 0.469654 0.469654 0.469654 0.462225 0.469654 0.469654 0.469654 0.469654 0.469654 0.469654 0.469654 0.469654 0.469654 0.330001 0.469654 0.469654 0.469654 0.469654 0.469654 0.469654 0.469654 0.469654 0.469654 0.338489 0.469654 0.469654 0.469654 0.397331 0.469654 0.469654 0.469481 0.469654 0.469654 0.469654 0.469654 0.469654 0.469654 0.469508 0.469654 0.469654 0.330025 0.469654 0.469654 0.469654 0.469654 0.469654 0.469654 0.46892 0.469654 0.469654 0.34643 0.469654 0.469654 0.469654 0.469654 0.469654 0.469654 0.469654 0.469654 0.469654 0.469654 0.469654 0.469654 0.469654 0.469654 0.469654 0.469654 0.469654 0.469654 0.469654 0.469654 0.469654 0.469654 0.469654 0.469654 0.469654 0.469654 0.469654 0.469654 0.469654 0.469654 0.469654 0.469654 0.469654 0.469654 0.469654 0.469654 0.469654 0.469654 0.469654 0.469654 0.469654 0.469654 0.35852 0.469654 0.469654 0.469654 0.469654 0.469654 0.469654 0.469654 0.469654 0.469654 0.469257 0.469654 0.469654 0.469654 0.469654 0.469654 0.469654 0.469654 0.469654 0.469654 0.449685 0.469654 0.469654 0.469654 0.43681 0.469654 0.469654 0.330007 0.469654 0.469654 0.469654 0.469654 0.469654 0.469654 0.330014 0.469654 0.469654 0.330014 0.469654 0.469654 0.469654 0.469654 0.469654 0.469654 0.374258 0.469654 0.469654 0.467612 0.469654 0.469654 0.469654 0.469654 0.469654 0.469654 0.469654 0.469654 0.469654 0.469654 0.469654 0.469654 0.469654 0.469654 0.469654 0.469654 0.469654 0.469654 0.469654 0.469654 0.469654 0.469654 0.469654 0.469654 0.469654 0.469654 0.469654 0.469654 0.469654 0.469654 0.469654 0.469654 0.469654 0.469654 0.469654 0.469654 0.469654 0.469654 0.469654 0.469654 0.469654 0.469654 0.46852 0.469654 0.469654 0.469654 0.469654 0.469654 0.469654 0.469654 0.469654 0.469654 0.369457 0.469654 0.469654 0.469654 0.469654 0.469654 0.469654 0.469654 0.469654 0.469654 0.335856 0.469654 0.469654 0.469654 0.330002 0.469654 0.469654 0.330225 0.469654 0.469654 0.469654 0.469654 0.469654 0.469654 0.439713 0.469654 0.469654 0.330178 0.469654 0.469654 0.469654 0.469654 0.469654 0.469654 0.459225 0.469654 0.469654 0.330033 0.469654 0.469654 0.469654 0.469654 0.469654 0.469654 0.469654 0.469654 0.469654 0.469654 0.469654 0.469654 0.469654 0.469654 0.469654 0.469654 0.469654 0.469654 0.469654 0.469654 0.469654 0.469654 0.469654 0.469654 0.469654 0.469654 0.469654 0.469654 0.469654 0.469654 0.469654 0.469654 0.469654 0.469654 0.469654 0.469654 0.469654 0.469654 0.469654 0.469654 0.469654 0.469654 0.393513 0.469654 0.469654 0.469654 0.469654 0.469654 0.469654 0.469654 0.469654 0.469654 0.447836 0.469654 0.469654 0.469654 0.469654 0.469654 0.469654 0.469654 0.469654 0.469654 0.467175 0.469654 0.469654 0.469654 0.469654 0.469654 0.469654 0.469654 0.469654 0.469654 0.330047 0.469654 0.469654 0.469654 0.469654 0.469654 0.469654 0.469654 0.469654 0.469654 0.467403 0.469654 0.469654 0.469654 0.469654 0.469654 0.469654 0.469654 0.469654 0.469654 0.331615 0.469654 0.469654 0.469654 0.469372 0.469654 0.469654 0.468476 0.469654 0.469654 0.469654 0.469654 0.469654 0.469654 0.330023 0.469654 0.469654 0.469248 0.469654 0.469654 0.469654 0.469654 0.469654 0.469654 0.367311 0.469654 0.469654 0.332941 0.469654 0.469654 0.469654 0.469654 0.469654 0.469654 0.469654 0.469654 0.469654 0.469654 0.469654 0.469654 0.469654 0.469654 0.469654 0.469654 0.469654 0.469654 0.469654 0.469654 0.469654 0.469654 0.469654 0.469654 0.469654 0.469654 0.469654 0.469654 0.469654 0.469654 0.469654 0.469654 0.469654 0.469654 0.469654 0.469654 0.469654 0.469654 0.469654 0.469654 0.469654 0.469654 0.469181 0.469654 0.469654 0.469654 0.469654 0.469654 0.469654 0.469654 0.469654 0.469654 0.330442 0.469654 0.469654 0.469654 0.469654 0.469654 0.469654 0.469654 0.469654 0.469654 0.468455 0.469654 0.469654 0.469654 0.330789 0.469654 0.469654 0.46522 0.469654 0.469654 0.469654 0.469654 0.469654 0.469654 0.448287 0.469654 0.469654 0.330009 0.469654 0.469654 0.469654 0.469654 0.469654 0.469654 0.330005 0.469654 0.469654 0.340027 0.469654 0.469654 0.469654 0.469654 0.469654 0.469654 0.469654 0.469654 0.469654 0.469654 0.469654 0.469654 0.469654 0.469654 0.469654 0.469654 0.469654 0.469654 0.469654 0.469654 0.469654 0.469654 0.469654 0.469654 0.469654 0.469654 0.469654 0.469654 0.469654 0.469654 0.469654 0.469654 0.469654 0.469654 0.469654 0.469654 0.469654 0.469654 0.469654 0.469654 0.469654 0.469654 0.462134 0.469654 0.469654 0.469654 0.469654 0.469654 0.469654 0.469654 0.469654 0.469654 0.330003 0.469654 0.469654 0.469654 0.469654 0.469654 0.469654 0.469654 0.469654 0.469654 0.374685 0.469654 0.469654 0.469654 0.468506 0.469654 0.469654 0.401064 0.469654 0.469654 0.469654 0.469654 0.469654 0.469654 0.45924 0.469654 0.469654 0.451994 0.469654 0.469654 0.469654 0.469654 0.469654 0.469654 0.343791 0.469654 0.469654 0.347004 0.469654 0.469654 0.469654 0.469654 0.469654 0.469654 0.469654 0.469654 0.469654 0.469654 0.469654 0.469654 0.469654 0.469654 0.469654 0.469654 0.469654 0.469654 0.469654 0.469654 0.469654 0.469654 0.469654 0.469654 0.469654 0.469654 0.469654 0.469654 0.469654 0.469654 0.469654 0.469654 0.469654 0.469654 0.469654 0.469654 0.469654 0.469654 0.469654 0.469654 0.469654 0.469654 0.467917 0.469654 0.469654 0.469654 0.469654 0.469654 0.469654 0.469654 0.469654 0.469654 0.469236 0.469654 0.469654 0.469654 0.469654 0.469654 0.469654 0.469654 0.469654 0.469654 0.468723 0.469654 0.469654 0.469654 0.469654 0.469654 0.469654 0.469654 0.469654 0.469654 0.349067 0.469654 0.469654 0.469654 0.469654 0.469654 0.469654 0.469654 0.469654 0.469654 0.330022 0.469654 0.469654 0.469654 0.469654 0.469654 0.469654 0.469654 0.469654 0.469654 0.330008 0.469654 0.469654 0.469654 0.465824 0.469654 0.469654 0.46661 0.469654 0.469654 0.469654 0.469654 0.469654 0.469654 0.464729 0.469654 0.469654 0.464567 0.469654 0.469654 0.469654 0.469654 0.469654 0.469654 0.464984 0.469654 0.469654 0.469055 0.469654 0.469654 0.469654 0.469654 0.469654 0.469654 0.469654 0.469654 0.469654 0.469654 0.469654 0.469654 0.469654 0.469654 0.469654 0.469654 0.469654 0.469654 0.469654 0.469654 0.469654 0.469654 0.469654 0.469654 0.469654 0.469654 0.469654 0.469654 0.469654 0.469654 0.469654 0.469654 0.469654 0.469654 0.469654 0.469654 0.469654 0.469654 0.469654 0.469654 0.469654 0.469654 0.389764 0.469654 0.469654 0.469654 0.469654 0.469654 0.469654 0.469654 0.469654 0.469654 0.330915 0.469654 0.469654 0.469654 0.469654 0.469654 0.469654 0.469654 0.469654 0.469654 0.33 0.469654 0.469654 0.469654 0.332369 0.469654 0.469654 0.468788 0.469654 0.469654 0.469654 0.469654 0.469654 0.469654 0.331898 0.469654 0.469654 0.469027 0.469654 0.469654 0.469654 0.469654 0.469654 0.469654 0.458604 0.469654 0.469654 0.340668 0.469654 0.469654 0.469654 0.469654 0.469654 0.469654 0.469654 0.469654 0.469654 0.469654 0.469654 0.469654 0.469654 0.469654 0.469654 0.469654 0.469654 0.469654 0.469654 0.469654 0.469654 0.469654 0.469654 0.469654 0.469654 0.469654 0.469654 0.469654 0.469654 0.469654 0.469654 0.469654 0.469654 0.469654 0.469654 0.469654 0.469654 0.469654 0.469654 0.469654 0.469654 0.469654 0.3301 0.469654 0.469654 0.469654 0.469654 0.469654 0.469654 0.469654 0.469654 0.469654 0.469282 0.469654 0.469654 0.469654 0.469654 0.469654 0.469654 0.469654 0.469654 0.469654 0.427932 0.469654 0.469654 0.469654 0.330092 0.469654 0.469654 0.362684 0.469654 0.469654 0.469654 0.469654 0.469654 0.469654 0.35022 0.469654 0.469654 0.461529 0.469654 0.469654 0.469654 0.469654 0.469654 0.469654 0.469346 0.469654 0.469654 0.392165 0.469654 0.469654 0.469654 0.469654 0.469654 0.469654 0.469654 0.469654 0.469654 0.469654 0.469654 0.469654 0.469654 0.469654 0.469654 0.469654 0.469654 0.469654 0.469654 0.469654 0.469654 0.469654 0.469654 0.469654 0.469654 0.469654 0.469654 0.469654 0.469654 0.469654 0.469654 0.469654 0.469654 0.469654 0.469654 0.469654 0.469654 0.469654 0.469654 0.469654 0.469654 0.469654 0.440232 0.469654 0.469654 0.469654 0.469654 0.469654 0.469654 0.469654 0.469654 0.469654 0.467717 0.469654 0.469654 0.469654 0.469654 0.469654 0.469654 0.469654 0.469654 0.469654 0.468813 0.469654 0.469654 
0.479604 0.479604 0.479604 0.479604 0.479604 0.479604 0.479604 0.471457 0.479604 0.479604 0.479604 0.479604 0.479604 0.479604 0.479604 0.479604 0.479604 0.320001 0.479604 0.479604 0.479604 0.479604 0.479604 0.479604 0.479604 0.479604 0.479604 0.329305 0.479604 0.479604 0.479604 0.394857 0.479604 0.479604 0.479411 0.479604 0.479604 0.479604 0.479604 0.479604 0.479604 0.479429 0.479604 0.479604 0.320029 0.479604 0.479604 0.479604 0.479604 0.479604 0.479604 0.478784 0.479604 0.479604 0.337954 0.479604 0.479604 0.479604 0.479604 0.479604 0.479604 0.479604 0.479604 0.479604 0.479604 0.479604 0.479604 0.479604 0.479604 0.479604 0.479604 0.479604 0.479604 0.479604 0.479604 0.479604 0.479604 0.479604 0.479604 0.479604 0.479604 0.479604 0.479604 0.479604 0.479604 0.479604 0.479604 0.479604 0.479604 0.479604 0.479604 0.479604 0.479604 0.479604 0.479604 0.479604 0.479604 0.351679 0.479604 0.479604 0.479604 0.479604 0.479604 0.479604 0.479604 0.479604 0.479604 0.479145 0.479604 0.479604 0.479604 0.479604 0.479604 0.479604 0.479604 0.479604 0.479604 0.455277 0.479604 0.479604 0.479604 0.442292 0.479604 0.479604 0.320008 0.479604 0.479604 0.479604 0.479604 0.479604 0.479604 0.320016 0.479604 0.479604 0.320016 0.479604 0.479604 0.479604 0.479604 0.479604 0.479604 0.372082 0.479604 0.479604 0.477316 0.479604 0.479604 0.479604 0.479604 0.479604 0.479604 0.479604 0.479604 0.479604 0.479604 0.479604 0.479604 0.479604 0.479604 0.479604 0.479604 0.479604 0.479604 0.479604 0.479604 0.479604 0.479604 0.479604 0.479604 0.479604 0.479604 0.479604 0.479604 0.479604 0.479604 0.479604 0.479604 0.479604 0.479604 0.479604 0.479604 0.479604 0.479604 0.479604 0.479604 0.479604 0.479604 0.478329 0.479604 0.479604 0.479604 0.479604 0.479604 0.479604 0.479604 0.479604 0.479604 0.365567 0.479604 0.479604 0.479604 0.479604 0.479604 0.479604 0.479604 0.479604 0.479604 0.326749 0.479604 0.479604 0.479604 0.320003 0.479604 0.479604 0.320291 0.479604 0.479604 0.479604 0.479604 0.479604 0.479604 0.445305 0.479604 0.479604 0.320187 0.479604 0.479604 0.479604 0.479604 0.479604 0.479604 0.467701 0.479604 0.479604 0.320038 0.479604 0.479604 0.479604 0.479604 0.479604 0.479604 0.479604 0.479604 0.479604 0.479604 0.479604 0.479604 0.479604 0.479604 0.479604 0.479604 0.479604 0.479604 0.479604 0.479604 0.479604 0.479604 0.479604 0.479604 0.479604 0.479604 0.479604 0.479604 0.479604 0.479604 0.479604 0.479604 0.479604 0.479604 0.479604 0.479604 0.479604 0.479604 0.479604 0.479604 0.479604 0.479604 0.393987 0.479604 0.479604 0.479604 0.479604 0.479604 0.479604 0.479604 0.479604 0.479604 0.45159 0.479604 0.479604 0.479604 0.479604 0.479604 0.479604 0.479604 0.479604 0.479604 0.476784 0.479604 0.479604 0.479604 0.479604 0.479604 0.479604 0.479604 0.479604 0.479604 0.32006 0.479604 0.479604 0.479604 0.479604 0.479604 0.479604 0.479604 0.479604 0.479604 0.476871 0.479604 0.479604 0.479604 0.479604 0.479604 0.479604 0.479604 0.479604 0.479604 0.32196 0.479604 0.479604 0.479604 0.479279 0.479604 0.479604 0.478252 0.479604 0.479604 0.479604 0.479604 0.479604 0.479604 0.320026 0.479604 0.479604 0.479099 0.479604 0.479604 0.479604 0.479604 0.479604 0.479604 0.362405 0.479604 0.479604 0.323286 0.479604 0.479604 0.479604 0.479604 0.479604 0.479604 0.479604 0.479604 0.479604 0.479604 0.479604 0.479604 0.479604 0.479604 0.479604 0.479604 0.479604 0.479604 0.479604 0.479604 0.479604 0.479604 0.479604 0.479604 0.479604 0.479604 0.479604 0.479604 0.479604 0.479604 0.479604 0.479604 0.479604 0.479604 0.479604 0.479604 0.479604 0.479604 0.479604 0.479604 0.479604 0.479604 0.479069 0.479604 0.479604 0.479604 0.479604 0.479604 0.479604 0.479604 0.479604 0.479604 0.320491 0.479604 0.479604 0.479604 0.479604 0.479604 0.479604 0.479604 0.479604 0.479604 0.478151 0.479604 0.479604 0.479604 0.320898 0.479604 0.479604 0.474619 0.479604 0.479604 0.479604 0.479604 0.479604 0.479604 0.455744 0.479604 0.479604 0.32001 0.479604 0.479604 0.479604 0.479604 0.479604 0.479604 0.320006 0.479604 0.479604 0.331268 0.479604 0.479604 0.479604 0.479604 0.479604 0.479604 0.479604 0.479604 0.479604 0.479604 0.479604 0.479604 0.479604 0.479604 0.479604 0.479604 0.479604 0.479604 0.479604 0.479604 0.479604 0.479604 0.479604 0.479604 0.479604 0.479604 0.479604 0.479604 0.479604 0.479604 0.479604 0.479604 0.479604 0.479604 0.479604 0.479604 0.479604 0.479604 0.479604 0.479604 0.479604 0.479604 0.471268 0.479604 0.479604 0.479604 0.479604 0.479604 0.479604 0.479604 0.479604 0.479604 0.320003 0.479604 0.479604 0.479604 0.479604 0.479604 0.479604 0.479604 0.479604 0.479604 0.369094 0.479604 0.479604 0.479604 0.478347 0.479604 0.479604 0.403389 0.479604 0.479604 0.479604 0.479604 0.479604 0.479604 0.46817 0.479604 0.479604 0.459902 0.479604 0.479604 0.479604 0.479604 0.479604 0.479604 0.335315 0.479604 0.479604 0.33898 0.479604 0.479604 0.479604 0.479604 0.479604 0.479604 0.479604 0.479604 0.479604 0.479604 0.479604 0.479604 0.479604 0.479604 0.479604 0.479604 0.479604 0.479604 0.479604 0.479604 0.479604 0.479604 0.479604 0.479604 0.479604 0.479604 0.479604 0.479604 0.479604 0.479604 0.479604 0.479604 0.479604 0.479604 0.479604 0.479604 0.479604 0.479604 0.479604 0.479604 0.479604 0.479604 0.477417 0.479604 0.479604 0.479604 0.479604 0.479604 0.479604 0.479604 0.479604 0.479604 0.47912 0.479604 0.479604 0.479604 0.479604 0.479604 0.479604 0.479604 0.479604 0.479604 0.478554 0.479604 0.479604 0.479604 0.479604 0.479604 0.479604 0.479604 0.479604 0.479604 0.341828 0.479604 0.479604 0.479604 0.479604 0.479604 0.479604 0.479604 0.479604 0.479604 0.320026 0.479604 0.479604 0.479604 0.479604 0.479604 0.479604 0.479604 0.479604 0.479604 0.32001 0.479604 0.479604 0.479604 0.474619 0.479604 0.479604 0.475475 0.479604 0.479604 0.479604 0.479604 0.479604 0.479604 0.473781 0.479604 0.479604 0.473432 0.479604 0.479604 0.479604 0.479604 0.479604 0.479604 0.474304 0.479604 0.479604 0.478902 0.479604 0.479604 0.479604 0.479604 0.479604 0.479604 0.479604 0.479604 0.479604 0.479604 0.479604 0.479604 0.479604 0.479604 0.479604 0.479604 0.479604 0.479604 0.479604 0.479604 0.479604 0.479604 0.479604 0.479604 0.479604 0.479604 0.479604 0.479604 0.479604 0.479604 0.479604 0.479604 0.479604 0.479604 0.479604 0.479604 0.479604 0.479604 0.479604 0.479604 0.479604 0.479604 0.389606 0.479604 0.479604 0.479604 0.479604 0.479604 0.479604 0.479604 0.479604 0.479604 0.32116 0.479604 0.479604 0.479604 0.479604 0.479604 0.479604 0.479604 0.479604 0.479604 0.32 0.479604 0.479604 0.479604 0.322566 0.479604 0.479604 0.478661 0.479604 0.479604 0.479604 0.479604 0.479604 0.479604 0.322254 0.479604 0.479604 0.4789 0.479604 0.479604 0.479604 0.479604 0.479604 0.479604 0.466452 0.479604 0.479604 0.331534 0.479604 0.479604 0.479604 0.479604 0.479604 0.479604 0.479604 0.479604 0.479604 0.479604 0.479604 0.479604 0.479604 0.479604 0.479604 0.479604 0.479604 0.479604 0.479604 0.479604 0.479604 0.479604 0.479604 0.479604 0.479604 0.479604 0.479604 0.479604 0.479604 0.479604 0.479604 0.479604 0.479604 0.479604 0.479604 0.479604 0.479604 0.479604 0.479604 0.479604 0.479604 0.479604 0.32011 0.479604 0.479604 0.479604 0.479604 0.479604 0.479604 0.479604 0.479604 0.479604 0.479186 0.479604 0.479604 0.479604 0.479604 0.479604 0.479604 0.479604 0.479604 0.479604 0.431272 0.479604 0.479604 0.479604 0.320102 0.479604 0.479604 0.357202 0.479604 0.479604 0.479604 0.479604 0.479604 0.479604 0.343057 0.479604 0.479604 0.47036 0.479604 0.479604 0.479604 0.479604 0.479604 0.479604 0.479286 0.479604 0.479604 0.388824 0.479604 0.479604 0.479604 0.479604 0.479604 0.479604 0.479604 0.479604 0.479604 0.479604 0.479604 0.479604 0.479604 0.479604 0.479604 0.479604 0.479604 0.479604 0.479604 0.479604 0.479604 0.479604 0.479604 0.479604 0.479604 0.479604 0.479604 0.479604 0.479604 0.479604 0.479604 0.479604 0.479604 0.479604 0.479604 0.479604 0.479604 0.479604 0.479604 0.479604 0.479604 0.479604 0.445257 0.479604 0.479604 0.479604 0.479604 0.479604 0.479604 0.479604 0.479604 0.479604 0.477548 0.479604 0.479604 0.479604 0.479604 0.479604 0.479604 0.479604 0.479604 0.479604 0.478622 0.479604 0.479604 
0.489555 0.489555 0.489555 0.489555 0.489555 0.489555 0.489555 0.48002 0.489555 0.489555 0.489555 0.489555 0.489555 0.489555 0.489555 0.489555 0.489555 0.310001 0.489555 0.489555 0.489555 0.489555 0.489555 0.489555 0.489555 0.489555 0.489555 0.320375 0.489555 0.489555 0.489555 0.391239 0.489555 0.489555 0.489349 0.489555 0.489555 0.489555 0.489555 0.489555 0.489555 0.489363 0.489555 0.489555 0.310031 0.489555 0.489555 0.489555 0.489555 0.489555 0.489555 0.488621 0.489555 0.489555 0.32931 0.489555 0.489555 0.489555 0.489555 0.489555 0.489555 0.489555 0.489555 0.489555 0.489555 0.489555 0.489555 0.489555 0.489555 0.489555 0.489555 0.489555 0.489555 0.489555 0.489555 0.489555 0.489555 0.489555 0.489555 0.489555 0.489555 0.489555 0.489555 0.489555 0.489555 0.489555 0.489555 0.489555 0.489555 0.489555 0.489555 0.489555 0.489555 0.489555 0.489555 0.489555 0.489555 0.346422 0.489555 0.489555 0.489555 0.489555 0.489555 0.489555 0.489555 0.489555 0.489555 0.489037 0.489555 0.489555 0.489555 0.489555 0.489555 0.489555 0.489555 0.489555 0.489555 0.459166 0.489555 0.489555 0.489555 0.446314 0.489555 0.489555 0.310009 0.489555 0.489555 0.489555 0.489555 0.489555 0.489555 0.310018 0.489555 0.489555 0.310018 0.489555 0.489555 0.489555 0.489555 0.489555 0.489555 0.367057 0.489555 0.489555 0.487021 0.489555 0.489555 0.489555 0.489555 0.489555 0.489555 0.489555 0.489555 0.489555 0.489555 0.489555 0.489555 0.489555 0.489555 0.489555 0.489555 0.489555 0.489555 0.489555 0.489555 0.489555 0.489555 0.489555 0.489555 0.489555 0.489555 0.489555 0.489555 0.489555 0.489555 0.489555 0.489555 0.489555 0.489555 0.489555 0.489555 0.489555 0.489555 0.489555 0.489555 0.489555 0.489555 0.488185 0.489555 0.489555 0.489555 0.489555 0.489555 0.489555 0.489555 0.489555 0.489555 0.359868 0.489555 0.489555 0.489555 0.489555 0.489555 0.489555 0.489555 0.489555 0.489555 0.317884 0.489555 0.489555 0.489555 0.310003 0.489555 0.489555 0.310315 0.489555 0.489555 0.489555 0.489555 0.489555 0.489555 0.452061 0.489555 0.489555 0.310198 0.489555 0.489555 0.489555 0.489555 0.489555 0.489555 0.476384 0.489555 0.489555 0.310044 0.489555 0.489555 0.489555 0.489555 0.489555 0.489555 0.489555 0.489555 0.489555 0.489555 0.489555 0.489555 0.489555 0.489555 0.489555 0.489555 0.489555 0.489555 0.489555 0.489555 0.489555 0.489555 0.489555 0.489555 0.489555 0.489555 0.489555 0.489555 0.489555 0.489555 0.489555 0.489555 0.489555 0.489555 0.489555 0.489555 0.489555 0.489555 0.489555 0.489555 0.489555 0.489555 0.395553 0.489555 0.489555 0.489555 0.489555 0.489555 0.489555 0.489555 0.489555 0.489555 0.458596 0.489555 0.489555 0.489555 0.489555 0.489555 0.489555 0.489555 0.489555 0.489555 0.486328 0.489555 0.489555 0.489555 0.489555 0.489555 0.489555 0.489555 0.489555 0.489555 0.310065 0.489555 0.489555 0.489555 0.489555 0.489555 0.489555 0.489555 0.489555 0.489555 0.48661 0.489555 0.489555 0.489555 0.489555 0.489555 0.489555 0.489555 0.489555 0.489555 0.31208 0.489555 0.489555 0.489555 0.489192 0.489555 0.489555 0.488022 0.489555 0.489555 0.489555 0.489555 0.489555 0.489555 0.310032 0.489555 0.489555 0.488994 0.489555 0.489555 0.489555 0.489555 0.489555 0.489555 0.358122 0.489555 0.489555 0.31361 0.489555 0.489555 0.489555 0.489555 0.489555 0.489555 0.489555 0.489555 0.489555 0.489555 0.489555 0.489555 0.489555 0.489555 0.489555 0.489555 0.489555 0.489555 0.489555 0.489555 0.489555 0.489555 0.489555 0.489555 0.489555 0.489555 0.489555 0.489555 0.489555 0.489555 0.489555 0.489555 0.489555 0.489555 0.489555 0.489555 0.489555 0.489555 0.489555 0.489555 0.489555 0.489555 0.488957 0.489555 0.489555 0.489555 0.489555 0.489555 0.489555 0.489555 0.489555 0.489555 0.310549 0.489555 0.489555 0.489555 0.489555 0.489555 0.489555 0.489555 0.489555 0.489555 0.487966 0.489555 0.489555 0.489555 0.310982 0.489555 0.489555 0.483939 0.489555 0.489555 0.489555 0.489555 0.489555 0.489555 0.461854 0.489555 0.489555 0.310011 0.489555 0.489555 0.489555 0.489555 0.489555 0.489555 0.310007 0.489555 0.489555 0.323301 0.489555 0.489555 0.489555 0.489555 0.489555 0.489555 0.489555 0.489555 0.489555 0.489555 0.489555 0.489555 0.489555 0.489555 0.489555 0.489555 0.489555 0.489555 0.489555 0.489555 0.489555 0.489555 0.489555 0.489555 0.489555 0.489555 0.489555 0.489555 0.489555 0.489555 0.489555 0.489555 0.489555 0.489555 0.489555 0.489555 0.489555 0.489555 0.489555 0.489555 0.489555 0.489555 0.480567 0.489555 0.489555 0.489555 0.489555 0.489555 0.489555 0.489555 0.489555 0.489555 0.310004 0.489555 0.489555 0.489555 0.489555 0.489555 0.489555 0.489555 0.489555 0.489555 0.36618 0.489555 0.489555 0.489555 0.488174 0.489555 0.489555 0.406011 0.489555 0.489555 0.489555 0.489555 0.489555 0.489555 0.476774 0.489555 0.489555 0.467811 0.489555 0.489555 0.489555 0.489555 0.489555 0.489555 0.327078 0.489555 0.489555 0.331071 0.489555 0.489555 0.489555 0.489555 0.489555 0.489555 0.489555 0.489555 0.489555 0.489555 0.489555 0.489555 0.489555 0.489555 0.489555 0.489555 0.489555 0.489555 0.489555 0.489555 0.489555 0.489555 0.489555 0.489555 0.489555 0.489555 0.489555 0.489555 0.489555 0.489555 0.489555 0.489555 0.489555 0.489555 0.489555 0.489555 0.489555 0.489555 0.489555 0.489555 0.489555 0.489555 0.487082 0.489555 0.489555 0.489555 0.489555 0.489555 0.489555 0.489555 0.489555 0.489555 0.489012 0.489555 0.489555 0.489555 0.489555 0.489555 0.489555 0.489555 0.489555 0.489555 0.488386 0.489555 0.489555 0.489555 0.489555 0.489555 0.489555 0.489555 0.489555 0.489555 0.336458 0.489555 0.489555 0.489555 0.489555 0.489555 0.489555 0.489555 0.489555 0.489555 0.310027 0.489555 0.489555 0.489555 0.489555 0.489555 0.489555 0.489555 0.489555 0.489555 0.310011 0.489555 0.489555 0.489555 0.484053 0.489555 0.489555 0.484959 0.489555 0.489555 0.489555 0.489555 0.489555 0.489555 0.48286 0.489555 0.489555 0.482511 0.489555 0.489555 0.489555 0.489555 0.489555 0.489555 0.483645 0.489555 0.489555 0.488743 0.489555 0.489555 0.489555 0.489555 0.489555 0.489555 0.489555 0.489555 0.489555 0.489555 0.489555 0.489555 0.489555 0.489555 0.489555 0.489555 0.489555 0.489555 0.489555 0.489555 0.489555 0.489555 0.489555 0.489555 0.489555 0.489555 0.489555 0.489555 0.489555 0.489555 0.489555 0.489555 0.489555 0.489555 0.489555 0.489555 0.489555 0.489555 0.489555 0.489555 0.489555 0.489555 0.388975 0.489555 0.489555 0.489555 0.489555 0.489555 0.489555 0.489555 0.489555 0.489555 0.311287 0.489555 0.489555 0.489555 0.489555 0.489555 0.489555 0.489555 0.489555 0.489555 0.310001 0.489555 0.489555 0.489555 0.312734 0.489555 0.489555 0.488508 0.489555 0.489555 0.489555 0.489555 0.489555 0.489555 0.312445 0.489555 0.489555 0.488804 0.489555 0.489555 0.489555 0.489555 0.489555 0.489555 0.474301 0.489555 0.489555 0.323401 0.489555 0.489555 0.489555 0.489555 0.489555 0.489555 0.489555 0.489555 0.489555 0.489555 0.489555 0.489555 0.489555 0.489555 0.489555 0.489555 0.489555 0.489555 0.489555 0.489555 0.489555 0.489555 0.489555 0.489555 0.489555 0.489555 0.489555 0.489555 0.489555 0.489555 0.489555 0.489555 0.489555 0.489555 0.489555 0.489555 0.489555 0.489555 0.489555 0.489555 0.489555 0.489555 0.310114 0.489555 0.489555 0.489555 0.489555 0.489555 0.489555 0.489555 0.489555 0.489555 0.489088 0.489555 0.489555 0.489555 0.489555 0.489555 0.489555 0.489555 0.489555 0.489555 0.438029 0.489555 0.489555 0.489555 0.310122 0.489555 0.489555 0.350445 0.489555 0.489555 0.489555 0.489555 0.489555 0.489555 0.336051 0.489555 0.489555 0.479519 0.489555 0.489555 0.489555 0.489555 0.489555 0.489555 0.489201 0.489555 0.489555 0.390849 0.489555 0.489555 0.489555 0.489555 0.489555 0.489555 0.489555 0.489555 0.489555 0.489555 0.489555 0.489555 0.489555 0.489555 0.489555 0.489555 0.489555 0.489555 0.489555 0.489555 0.489555 0.489555 0.489555 0.489555 0.489555 0.489555 0.489555 0.489555 0.489555 0.489555 0.489555 0.489555 0.489555 0.489555 0.489555 0.489555 0.489555 0.489555 0.489555 0.489555 0.489555 0.489555 0.449011 0.489555 0.489555 0.489555 0.489555 0.489555 0.489555 0.489555 0.489555 0.489555 0.487133 0.489555 0.489555 0.489555 0.489555 0.489555 0.489555 0.489555 0.489555 0.489555 0.488474 0.489555 0.489555 
0.499505 0.499505 0.499505 0.499505 0.499505 0.499505 0.499505 0.489319 0.499505 0.499505 0.499505 0.499505 0.499505 0.499505 0.499505 0.499505 0.499505 0.300001 0.499505 0.499505 0.499505 0.499505 0.499505 0.499505 0.499505 0.499505 0.499505 0.311142 0.499505 0.499505 0.499505 0.389982 0.499505 0.499505 0.499267 0.499505 0.499505 0.499505 0.499505 0.499505 0.499505 0.499297 0.499505 0.499505 0.300032 0.499505 0.499505 0.499505 0.499505 0.499505 0.499505 0.498494 0.499505 0.499505 0.32048 0.499505 0.499505 0.499505 0.499505 0.499505 0.499505 0.499505 0.499505 0.499505 0.499505 0.499505 0.499505 0.499505 0.499505 0.499505 0.499505 0.499505 0.499505 0.499505 0.499505 0.499505 0.499505 0.499505 0.499505 0.499505 0.499505 0.499505 0.499505 0.499505 0.499505 0.499505 0.499505 0.499505 0.499505 0.499505 0.499505 0.499505 0.499505 0.499505 0.499505 0.499505 0.499505 0.339416 0.499505 0.499505 0.499505 0.499505 0.499505 0.499505 0.499505 0.499505 0.499505 0.498921 0.499505 0.499505 0.499505 0.499505 0.499505 0.499505 0.499505 0.499505 0.499505 0.466479 0.499505 0.499505 0.499505 0.450468 0.499505 0.499505 0.30001 0.499505 0.499505 0.499505 0.499505 0.499505 0.499505 0.300021 0.499505 0.499505 0.300019 0.499505 0.499505 0.499505 0.499505 0.499505 0.499505 0.361358 0.499505 0.499505 0.496743 0.499505 0.499505 0.499505 0.499505 0.499505 0.499505 0.499505 0.499505 0.499505 0.499505 0.499505 0.499505 0.499505 0.499505 0.499505 0.499505 0.499505 0.499505 0.499505 0.499505 0.499505 0.499505 0.499505 0.499505 0.499505 0.499505 0.499505 0.499505 0.499505 0.499505 0.499505 0.499505 0.499505 0.499505 0.499505 0.499505 0.499505 0.499505 0.499505 0.499505 0.499505 0.499505 0.497962 0.499505 0.499505 0.499505 0.499505 0.499505 0.499505 0.499505 0.499505 0.499505 0.355714 0.499505 0.499505 0.499505 0.499505 0.499505 0.499505 0.499505 0.499505 0.499505 0.309364 0.499505 0.499505 0.499505 0.300003 0.499505 0.499505 0.300383 0.499505 0.499505 0.499505 0.499505 0.499505 0.499505 0.459374 0.499505 0.499505 0.300217 0.499505 0.499505 0.499505 0.499505 0.499505 0.499505 0.484721 0.499505 0.499505 0.300052 0.499505 0.499505 0.499505 0.499505 0.499505 0.499505 0.499505 0.499505 0.499505 0.499505 0.499505 0.499505 0.499505 0.499505 0.499505 0.499505 0.499505 0.499505 0.499505 0.499505 0.499505 0.499505 0.499505 0.499505 0.499505 0.499505 0.499505 0.499505 0.499505 0.499505 0.499505 0.499505 0.499505 0.499505 0.499505 0.499505 0.499505 0.499505 0.499505 0.499505 0.499505 0.499505 0.392353 0.499505 0.499505 0.499505 0.499505 0.499505 0.499505 0.499505 0.499505 0.499505 0.464995 0.499505 0.499505 0.499505 0.499505 0.499505 0.499505 0.499505 0.499505 0.499505 0.496004 0.499505 0.499505 0.499505 0.499505 0.499505 0.499505 0.499505 0.499505 0.499505 0.30007 0.499505 0.499505 0.499505 0.499505 0.499505 0.499505 0.499505 0.499505 0.499505 0.496044 0.499505 0.499505 0.499505 0.499505 0.499505 0.499505 0.499505 0.499505 0.499505 0.302522 0.499505 0.499505 0.499505 0.499102 0.499505 0.499505 0.497819 0.499505 0.499505 0.499505 0.499505 0.499505 0.499505 0.300035 0.499505 0.499505 0.498889 0.499505 0.499505 0.499505 0.499505 0.499505 0.499505 0.351914 0.499505 0.499505 0.30423 0.499505 0.499505 0.499505 0.499505 0.499505 0.499505 0.499505 0.499505 0.499505 0.499505 0.499505 0.499505 0.499505 0.499505 0.499505 0.499505 0.499505 0.499505 0.499505 0.499505 0.499505 0.499505 0.499505 0.499505 0.499505 0.499505 0.499505 0.499505 0.499505 0.499505 0.499505 0.499505 0.499505 0.499505 0.499505 0.499505 0.499505 0.499505 0.499505 0.499505 0.499505 0.499505 0.498834 0.499505 0.499505 0.499505 0.499505 0.499505 0.499505 0.499505 0.499505 0.499505 0.300603 0.499505 0.499505 0.499505 0.499505 0.499505 0.499505 0.499505 0.499505 0.499505 0.49772 0.499505 0.499505 0.499505 0.301091 0.499505 0.499505 0.493195 0.499505 0.499505 0.499505 0.499505 0.499505 0.499505 0.468695 0.499505 0.499505 0.300012 0.499505 0.499505 0.499505 0.499505 0.499505 0.499505 0.300008 0.499505 0.499505 0.315277 0.499505 0.499505 0.499505 0.499505 0.499505 0.499505 0.499505 0.499505 0.499505 0.499505 0.499505 0.499505 0.499505 0.499505 0.499505 0.499505 0.499505 0.499505 0.499505 0.499505 0.499505 0.499505 0.499505 0.499505 0.499505 0.499505 0.499505 0.499505 0.499505 0.499505 0.499505 0.499505 0.499505 0.499505 0.499505 0.499505 0.499505 0.499505 0.499505 0.499505 0.499505 0.499505 0.48959 0.499505 0.499505 0.499505 0.499505 0.499505 0.499505 0.499505 0.499505 0.499505 0.300004 0.499505 0.499505 0.499505 0.499505 0.499505 0.499505 0.499505 0.499505 0.499505 0.363855 0.499505 0.499505 0.499505 0.49801 0.499505 0.499505 0.407577 0.499505 0.499505 0.499505 0.499505 0.499505 0.499505 0.485111 0.499505 0.499505 0.476048 0.499505 0.499505 0.499505 0.499505 0.499505 0.499505 0.31884 0.499505 0.499505 0.322938 0.499505 0.499505 0.499505 0.499505 0.499505 0.499505 0.499505 0.499505 0.499505 0.499505 0.499505 0.499505 0.499505 0.499505 0.499505 0.499505 0.499505 0.499505 0.499505 0.499505 0.499505 0.499505 0.499505 0.499505 0.499505 0.499505 0.499505 0.499505 0.499505 0.499505 0.499505 0.499505 0.499505 0.499505 0.499505 0.499505 0.499505 0.499505 0.499505 0.499505 0.499505 0.499505 0.496715 0.499505 0.499505 0.499505 0.499505 0.499505 0.499505 0.499505 0.499505 0.499505 0.498919 0.499505 0.499505 0.499505 0.499505 0.499505 0.499505 0.499505 0.499505 0.499505 0.498182 0.499505 0.499505 0.499505 0.499505 0.499505 0.499505 0.499505 0.499505 0.499505 0.330866 0.499505 0.499505 0.499505 0.499505 0.499505 0.499505 0.499505 0.499505 0.499505 0.300029 0.499505 0.499505 0.499505 0.499505 0.499505 0.499505 0.499505 0.499505 0.499505 0.300012 0.499505 0.499505 0.499505 0.493262 0.499505 0.499505 0.494488 0.499505 0.499505 0.499505 0.499505 0.499505 0.499505 0.492116 0.499505 0.499505 0.491671 0.499505 0.499505 0.499505 0.499505 0.499505 0.499505 0.493113 0.499505 0.499505 0.498585 0.499505 0.499505 0.499505 0.499505 0.499505 0.499505 0.499505 0.499505 0.499505 0.499505 0.499505 0.499505 0.499505 0.499505 0.499505 0.499505 0.499505 0.499505 0.499505 0.499505 0.499505 0.499505 0.499505 0.499505 0.499505 0.499505 0.499505 0.499505 0.499505 0.499505 0.499505 0.499505 0.499505 0.499505 0.499505 0.499505 0.499505 0.499505 0.499505 0.499505 0.499505 0.499505 0.388345 0.499505 0.499505 0.499505 0.499505 0.499505 0.499505 0.499505 0.499505 0.499505 0.301467 0.499505 0.499505 0.499505 0.499505 0.499505 0.499505 0.499505 0.499505 0.499505 0.300001 0.499505 0.499505 0.499505 0.302972 0.499505 0.499505 0.498373 0.499505 0.499505 0.499505 0.499505 0.499505 0.499505 0.302861 0.499505 0.499505 0.498677 0.499505 0.499505 0.499505 0.499505 0.499505 0.499505 0.482539 0.499505 0.499505 0.314146 0.499505 0.499505 0.499505 0.499505 0.499505 0.499505 0.499505 0.499505 0.499505 0.499505 0.499505 0.499505 0.499505 0.499505 0.499505 0.499505 0.499505 0.499505 0.499505 0.499505 0.499505 0.499505 0.499505 0.499505 0.499505 0.499505 0.499505 0.499505 0.499505 0.499505 0.499505 0.499505 0.499505 0.499505 0.499505 0.499505 0.499505 0.499505 0.499505 0.499505 0.499505 0.499505 0.300124 0.499505 0.499505 0.499505 0.499505 0.499505 0.499505 0.499505 0.499505 0.499505 0.499006 0.499505 0.499505 0.499505 0.499505 0.499505 0.499505 0.499505 0.499505 0.499505 0.439748 0.499505 0.499505 0.499505 0.300162 0.499505 0.499505 0.342537 0.499505 0.499505 0.499505 0.499505 0.499505 0.499505 0.329295 0.499505 0.499505 0.487757 0.499505 0.499505 0.499505 0.499505 0.499505 0.499505 0.499117 0.499505 0.499505 0.387935 0.499505 0.499505 0.499505 0.499505 0.499505 0.499505 0.499505 0.499505 0.499505 0.499505 0.499505 0.499505 0.499505 0.499505 0.499505 0.499505 0.499505 0.499505 0.499505 0.499505 0.499505 0.499505 0.499505 0.499505 0.499505 0.499505 0.499505 0.499505 0.499505 0.499505 0.499505 0.499505 0.499505 0.499505 0.499505 0.499505 0.499505 0.499505 0.499505 0.499505 0.499505 0.499505 0.452068 0.499505 0.499505 0.499505 0.499505 0.499505 0.499505 0.499505 0.499505 0.499505 0.496798 0.499505 0.499505 0.499505 0.499505 0.499505 0.499505 0.499505 0.499505 0.499505 0.498325 0.499505 0.499505 
0.509456 0.509456 0.509456 0.509456 0.509456 0.509456 0.509456 0.498341 0.509456 0.509456 0.509456 0.509456 0.509456 0.509456 0.509456 0.509456 0.509456 0.290001 0.509456 0.509456 0.509456 0.509456 0.509456 0.509456 0.509456 0.509456 0.509456 0.301843 0.509456 0.509456 0.509456 0.392158 0.509456 0.509456 0.509197 0.509456 0.509456 0.509456 0.509456 0.509456 0.509456 0.509228 0.509456 0.509456 0.290035 0.509456 0.509456 0.509456 0.509456 0.509456 0.509456 0.508359 0.509456 0.509456 0.312954 0.509456 0.509456 0.509456 0.509456 0.509456 0.509456 0.509456 0.509456 0.509456 0.509456 0.509456 0.509456 0.509456 0.509456 0.509456 0.509456 0.509456 0.509456 0.509456 0.509456 0.509456 0.509456 0.509456 0.509456 0.509456 0.509456 0.509456 0.509456 0.509456 0.509456 0.509456 0.509456 0.509456 0.509456 0.509456 0.509456 0.509456 0.509456 0.509456 0.509456 0.509456 0.509456 0.33203 0.509456 0.509456 0.509456 0.509456 0.509456 0.509456 0.509456 0.509456 0.509456 0.508834 0.509456 0.509456 0.509456 0.509456 0.509456 0.509456 0.509456 0.509456 0.509456 0.473936 0.509456 0.509456 0.509456 0.45595 0.509456 0.509456 0.29001 0.509456 0.509456 0.509456 0.509456 0.509456 0.509456 0.290022 0.509456 0.509456 0.29002 0.509456 0.509456 0.509456 0.509456 0.509456 0.509456 0.359947 0.509456 0.509456 0.506429 0.509456 0.509456 0.509456 0.509456 0.509456 0.509456 0.509456 0.509456 0.509456 0.509456 0.509456 0.509456 0.509456 0.509456 0.509456 0.509456 0.509456 0.509456 0.509456 0.509456 0.509456 0.509456 0.509456 0.509456 0.509456 0.509456 0.509456 0.509456 0.509456 0.509456 0.509456 0.509456 0.509456 0.509456 0.509456 0.509456 0.509456 0.509456 0.509456 0.509456 0.509456 0.509456 0.507738 0.509456 0.509456 0.509456 0.509456 0.509456 0.509456 0.509456 0.509456 0.509456 0.350809 0.509456 0.509456 0.509456 0.509456 0.509456 0.509456 0.509456 0.509456 0.509456 0.300132 0.509456 0.509456 0.509456 0.290003 0.509456 0.509456 0.290401 0.509456 0.509456 0.509456 0.509456 0.509456 0.509456 0.465956 0.509456 0.509456 0.290233 0.509456 0.509456 0.509456 0.509456 0.509456 0.509456 0.493516 0.509456 0.509456 0.290055 0.509456 0.509456 0.509456 0.509456 0.509456 0.509456 0.509456 0.509456 0.509456 0.509456 0.509456 0.509456 0.509456 0.509456 0.509456 0.509456 0.509456 0.509456 0.509456 0.509456 0.509456 0.509456 0.509456 0.509456 0.509456 0.509456 0.509456 0.509456 0.509456 0.509456 0.509456 0.509456 0.509456 0.509456 0.509456 0.509456 0.509456 0.509456 0.509456 0.509456 0.509456 0.509456 0.393454 0.509456 0.509456 0.509456 0.509456 0.509456 0.509456 0.509456 0.509456 0.509456 0.472 0.509456 0.509456 0.509456 0.509456 0.509456 0.509456 0.509456 0.509456 0.509456 0.505344 0.509456 0.509456 0.509456 0.509456 0.509456 0.509456 0.509456 0.509456 0.509456 0.290073 0.509456 0.509456 0.509456 0.509456 0.509456 0.509456 0.509456 0.509456 0.509456 0.505677 0.509456 0.509456 0.509456 0.509456 0.509456 0.509456 0.509456 0.509456 0.509456 0.292719 0.509456 0.509456 0.509456 0.509009 0.509456 0.509456 0.507679 0.509456 0.509456 0.509456 0.509456 0.509456 0.509456 0.290039 0.509456 0.509456 0.50879 0.509456 0.509456 0.509456 0.509456 0.509456 0.509456 0.350813 0.509456 0.509456 0.294598 0.509456 0.509456 0.509456 0.509456 0.509456 0.509456 0.509456 0.509456 0.509456 0.509456 0.509456 0.509456 0.509456 0.509456 0.509456 0.509456 0.509456 0.509456 0.509456 0.509456 0.509456 0.509456 0.509456 0.509456 0.509456 0.509456 0.509456 0.509456 0.509456 0.509456 0.509456 0.509456 0.509456 0.509456 0.509456 0.509456 0.509456 0.509456 0.509456 0.509456 0.509456 0.509456 0.508744 0.509456 0.509456 0.509456 0.509456 0.509456 0.509456 0.509456 0.509456 0.509456 0.290661 0.509456 0.509456 0.509456 0.509456 0.509456 0.509456 0.509456 0.509456 0.509456 0.50749 0.509456 0.509456 0.509456 0.291181 0.509456 0.509456 0.502157 0.509456 0.509456 0.509456 0.509456 0.509456 0.509456 0.474903 0.509456 0.509456 0.290014 0.509456 0.509456 0.509456 0.509456 0.509456 0.509456 0.290009 0.509456 0.509456 0.306758 0.509456 0.509456 0.509456 0.509456 0.509456 0.509456 0.509456 0.509456 0.509456 0.509456 0.509456 0.509456 0.509456 0.509456 0.509456 0.509456 0.509456 0.509456 0.509456 0.509456 0.509456 0.509456 0.509456 0.509456 0.509456 0.509456 0.509456 0.509456 0.509456 0.509456 0.509456 0.509456 0.509456 0.509456 0.509456 0.509456 0.509456 0.509456 0.509456 0.509456 0.509456 0.509456 0.498488 0.509456 0.509456 0.509456 0.509456 0.509456 0.509456 0.509456 0.509456 0.509456 0.290005 0.509456 0.509456 0.509456 0.509456 0.509456 0.509456 0.509456 0.509456 0.509456 0.362911 0.509456 0.509456 0.509456 0.507825 0.509456 0.509456 0.407735 0.509456 0.509456 0.509456 0.509456 0.509456 0.509456 0.493398 0.509456 0.509456 0.483773 0.509456 0.509456 0.509456 0.509456 0.509456 0.509456 0.310932 0.509456 0.509456 0.317029 0.509456 0.509456 0.509456 0.509456 0.509456 0.509456 0.509456 0.509456 0.509456 0.509456 0.509456 0.509456 0.509456 0.509456 0.509456 0.509456 0.509456 0.509456 0.509456 0.509456 0.509456 0.509456 0.509456 0.509456 0.509456 0.509456 0.509456 0.509456 0.509456 0.509456 0.509456 0.509456 0.509456 0.509456 0.509456 0.509456 0.509456 0.509456 0.509456 0.509456 0.509456 0.509456 0.506348 0.509456 0.509456 0.509456 0.509456 0.509456 0.509456 0.509456 0.509456 0.509456 0.508826 0.509456 0.509456 0.509456 0.509456 0.509456 0.509456 0.509456 0.509456 0.509456 0.507992 0.509456 0.509456 0.509456 0.509456 0.509456 0.509456 0.509456 0.509456 0.509456 0.322436 0.509456 0.509456 0.509456 0.509456 0.509456 0.509456 0.509456 0.509456 0.509456 0.290031 0.509456 0.509456 0.509456 0.509456 0.509456 0.509456 0.509456 0.509456 0.509456 0.290013 0.509456 0.509456 0.509456 0.502562 0.509456 0.509456 0.50406 0.509456 0.509456 0.509456 0.509456 0.509456 0.509456 0.5005 0.509456 0.509456 0.501087 0.509456 0.509456 0.509456 0.509456 0.509456 0.509456 0.502391 0.509456 0.509456 0.508422 0.509456 0.509456 0.509456 0.509456 0.509456 0.509456 0.509456 0.509456 0.509456 0.509456 0.509456 0.509456 0.509456 0.509456 0.509456 0.509456 0.509456 0.509456 0.509456 0.509456 0.509456 0.509456 0.509456 0.509456 0.509456 0.509456 0.509456 0.509456 0.509456 0.509456 0.509456 0.509456 0.509456 0.509456 0.509456 0.509456 0.509456 0.509456 0.509456 0.509456 0.509456 0.509456 0.386933 0.509456 0.509456 0.509456 0.509456 0.509456 0.509456 0.509456 0.509456 0.509456 0.291541 0.509456 0.509456 0.509456 0.509456 0.509456 0.509456 0.509456 0.509456 0.509456 0.290001 0.509456 0.509456 0.509456 0.293125 0.509456 0.509456 0.50825 0.509456 0.509456 0.509456 0.509456 0.509456 0.509456 0.293077 0.509456 0.509456 0.508554 0.509456 0.509456 0.509456 0.509456 0.509456 0.509456 0.491698 0.509456 0.509456 0.305066 0.509456 0.509456 0.509456 0.509456 0.509456 0.509456 0.509456 0.509456 0.509456 0.509456 0.509456 0.509456 0.509456 0.509456 0.509456 0.509456 0.509456 0.509456 0.509456 0.509456 0.509456 0.509456 0.509456 0.509456 0.509456 0.509456 0.509456 0.509456 0.509456 0.509456 0.509456 0.509456 0.509456 0.509456 0.509456 0.509456 0.509456 0.509456 0.509456 0.509456 0.509456 0.509456 0.290137 0.509456 0.509456 0.509456 0.509456 0.509456 0.509456 0.509456 0.509456 0.509456 0.508875 0.509456 0.509456 0.509456 0.509456 0.509456 0.509456 0.509456 0.509456 0.509456 0.440064 0.509456 0.509456 0.509456 0.290179 0.509456 0.509456 0.336629 0.509456 0.509456 0.509456 0.509456 0.509456 0.509456 0.323087 0.509456 0.509456 0.496516 0.509456 0.509456 0.509456 0.509456 0.509456 0.509456 0.509038 0.509456 0.509456 0.386835 0.509456 0.509456 0.509456 0.509456 0.509456 0.509456 0.509456 0.509456 0.509456 0.509456 0.509456 0.509456 0.509456 0.509456 0.509456 0.509456 0.509456 0.509456 0.509456 0.509456 0.509456 0.509456 0.509456 0.509456 0.509456 0.509456 0.509456 0.509456 0.509456 0.509456 0.509456 0.509456 0.509456 0.509456 0.509456 0.509456 0.509456 0.509456 0.509456 0.509456 0.509456 0.509456 0.457977 0.509456 0.509456 0.509456 0.509456 0.509456 0.509456 0.509456 0.509456 0.509456 0.506453 0.509456 0.509456 0.509456 0.509456 0.509456 0.509456 0.509456 0.509456 0.509456 0.508181 0.509456 0.509456 
0.519407 0.519407 0.519407 0.519407 0.519407 0.519407 0.519407 0.507574 0.519407 0.519407 0.519407 0.519407 0.519407 0.519407 0.519407 0.519407 0.519407 0.280001 0.519407 0.519407 0.519407 0.519407 0.519407 0.519407 0.519407 0.519407 0.519407 0.292565 0.519407 0.519407 0.519407 0.393414 0.519407 0.519407 0.519113 0.519407 0.519407 0.519407 0.519407 0.519407 0.519407 0.519153 0.519407 0.519407 0.280036 0.519407 0.519407 0.519407 0.519407 0.519407 0.519407 0.518179 0.519407 0.519407 0.304987 0.519407 0.519407 0.519407 0.519407 0.519407 0.519407 0.519407 0.519407 0.519407 0.519407 0.519407 0.519407 0.519407 0.519407 0.519407 0.519407 0.519407 0.519407 0.519407 0.519407 0.519407 0.519407 0.519407 0.519407 0.519407 0.519407 0.519407 0.519407 0.519407 0.519407 0.519407 0.519407 0.519407 0.519407 0.519407 0.519407 0.519407 0.519407 0.519407 0.519407 0.519407 0.519407 0.325106 0.519407 0.519407 0.519407 0.519407 0.519407 0.519407 0.519407 0.519407 0.519407 0.518711 0.519407 0.519407 0.519407 0.519407 0.519407 0.519407 0.519407 0.519407 0.519407 0.48153 0.519407 0.519407 0.519407 0.458863 0.519407 0.519407 0.280011 0.519407 0.519407 0.519407 0.519407 0.519407 0.519407 0.280027 0.519407 0.519407 0.280025 0.519407 0.519407 0.519407 0.519407 0.519407 0.519407 0.356467 0.519407 0.519407 0.516038 0.519407 0.519407 0.519407 0.519407 0.519407 0.519407 0.519407 0.519407 0.519407 0.519407 0.519407 0.519407 0.519407 0.519407 0.519407 0.519407 0.519407 0.519407 0.519407 0.519407 0.519407 0.519407 0.519407 0.519407 0.519407 0.519407 0.519407 0.519407 0.519407 0.519407 0.519407 0.519407 0.519407 0.519407 0.519407 0.519407 0.519407 0.519407 0.519407 0.519407 0.519407 0.519407 0.517529 0.519407 0.519407 0.519407 0.519407 0.519407 0.519407 0.519407 0.519407 0.519407 0.348335 0.519407 0.519407 0.519407 0.519407 0.519407 0.519407 0.519407 0.519407 0.519407 0.29141 0.519407 0.519407 0.519407 0.280003 0.519407 0.519407 0.280425 0.519407 0.519407 0.519407 0.519407 0.519407 0.519407 0.472446 0.519407 0.519407 0.280242 0.519407 0.519407 0.519407 0.519407 0.519407 0.519407 0.500973 0.519407 0.519407 0.280061 0.519407 0.519407 0.519407 0.519407 0.519407 0.519407 0.519407 0.519407 0.519407 0.519407 0.519407 0.519407 0.519407 0.519407 0.519407 0.519407 0.519407 0.519407 0.519407 0.519407 0.519407 0.519407 0.519407 0.519407 0.519407 0.519407 0.519407 0.519407 0.519407 0.519407 0.519407 0.519407 0.519407 0.519407 0.519407 0.519407 0.519407 0.519407 0.519407 0.519407 0.519407 0.519407 0.391129 0.519407 0.519407 0.519407 0.519407 0.519407 0.519407 0.519407 0.519407 0.519407 0.480024 0.519407 0.519407 0.519407 0.519407 0.519407 0.519407 0.519407 0.519407 0.519407 0.51504 0.519407 0.519407 0.519407 0.519407 0.519407 0.519407 0.519407 0.519407 0.519407 0.280084 0.519407 0.519407 0.519407 0.519407 0.519407 0.519407 0.519407 0.519407 0.519407 0.515298 0.519407 0.519407 0.519407 0.519407 0.519407 0.519407 0.519407 0.519407 0.519407 0.282922 0.519407 0.519407 0.519407 0.518913 0.519407 0.519407 0.517494 0.519407 0.519407 0.519407 0.519407 0.519407 0.519407 0.280042 0.519407 0.519407 0.518663 0.519407 0.519407 0.519407 0.519407 0.519407 0.519407 0.343807 0.519407 0.519407 0.285114 0.519407 0.519407 0.519407 0.519407 0.519407 0.519407 0.519407 0.519407 0.519407 0.519407 0.519407 0.519407 0.519407 0.519407 0.519407 0.519407 0.519407 0.519407 0.519407 0.519407 0.519407 0.519407 0.519407 0.519407 0.519407 0.519407 0.519407 0.519407 0.519407 0.519407 0.519407 0.519407 0.519407 0.519407 0.519407 0.519407 0.519407 0.519407 0.519407 0.519407 0.519407 0.519407 0.518617 0.519407 0.519407 0.519407 0.519407 0.519407 0.519407 0.519407 0.519407 0.519407 0.280702 0.519407 0.519407 0.519407 0.519407 0.519407 0.519407 0.519407 0.519407 0.519407 0.517316 0.519407 0.519407 0.519407 0.2813 0.519407 0.519407 0.511456 0.519407 0.519407 0.519407 0.519407 0.519407 0.519407 0.480708 0.519407 0.519407 0.280015 0.519407 0.519407 0.519407 0.519407 0.519407 0.519407 0.280009 0.519407 0.519407 0.29852 0.519407 0.519407 0.519407 0.519407 0.519407 0.519407 0.519407 0.519407 0.519407 0.519407 0.519407 0.519407 0.519407 0.519407 0.519407 0.519407 0.519407 0.519407 0.519407 0.519407 0.519407 0.519407 0.519407 0.519407 0.519407 0.519407 0.519407 0.519407 0.519407 0.519407 0.519407 0.519407 0.519407 0.519407 0.519407 0.519407 0.519407 0.519407 0.519407 0.519407 0.519407 0.519407 0.507247 0.519407 0.519407 0.519407 0.519407 0.519407 0.519407 0.519407 0.519407 0.519407 0.280005 0.519407 0.519407 0.519407 0.519407 0.519407 0.519407 0.519407 0.519407 0.519407 0.360586 0.519407 0.519407 0.519407 0.517622 0.519407 0.519407 0.408991 0.519407 0.519407 0.519407 0.519407 0.519407 0.519407 0.50196 0.519407 0.519407 0.490171 0.519407 0.519407 0.519407 0.519407 0.519407 0.519407 0.302173 0.519407 0.519407 0.310273 0.519407 0.519407 0.519407 0.519407 0.519407 0.519407 0.519407 0.519407 0.519407 0.519407 0.519407 0.519407 0.519407 0.519407 0.519407 0.519407 0.519407 0.519407 0.519407 0.519407 0.519407 0.519407 0.519407 0.519407 0.519407 0.519407 0.519407 0.519407 0.519407 0.519407 0.519407 0.519407 0.519407 0.519407 0.519407 0.519407 0.519407 0.519407 0.519407 0.519407 0.519407 0.519407 0.51607 0.519407 0.519407 0.519407 0.519407 0.519407 0.519407 0.519407 0.519407 0.519407 0.51873 0.519407 0.519407 0.519407 0.519407 0.519407 0.519407 0.519407 0.519407 0.519407 0.517818 0.519407 0.519407 0.519407 0.519407 0.519407 0.519407 0.519407 0.519407 0.519407 0.315855 0.519407 0.519407 0.519407 0.519407 0.519407 0.519407 0.519407 0.519407 0.519407 0.280032 0.519407 0.519407 0.519407 0.519407 0.519407 0.519407 0.519407 0.519407 0.519407 0.280014 0.519407 0.519407 0.519407 0.511817 0.519407 0.519407 0.51342 0.519407 0.519407 0.519407 0.519407 0.519407 0.519407 0.508788 0.519407 0.519407 0.510343 0.519407 0.519407 0.519407 0.519407 0.519407 0.519407 0.511808 0.519407 0.519407 0.518299 0.519407 0.519407 0.519407 0.519407 0.519407 0.519407 0.519407 0.519407 0.519407 0.519407 0.519407 0.519407 0.519407 0.519407 0.519407 0.519407 0.519407 0.519407 0.519407 0.519407 0.519407 0.519407 0.519407 0.519407 0.519407 0.519407 0.519407 0.519407 0.519407 0.519407 0.519407 0.519407 0.519407 0.519407 0.519407 0.519407 0.519407 0.519407 0.519407 0.519407 0.519407 0.519407 0.386775 0.519407 0.519407 0.519407 0.519407 0.519407 0.519407 0.519407 0.519407 0.519407 0.28172 0.519407 0.519407 0.519407 0.519407 0.519407 0.519407 0.519407 0.519407 0.519407 0.280001 0.519407 0.519407 0.519407 0.283363 0.519407 0.519407 0.518076 0.519407 0.519407 0.519407 0.519407 0.519407 0.519407 0.283493 0.519407 0.519407 0.518438 0.519407 0.519407 0.519407 0.519407 0.519407 0.519407 0.499777 0.519407 0.519407 0.295933 0.519407 0.519407 0.519407 0.519407 0.519407 0.519407 0.519407 0.519407 0.519407 0.519407 0.519407 0.519407 0.519407 0.519407 0.519407 0.519407 0.519407 0.519407 0.519407 0.519407 0.519407 0.519407 0.519407 0.519407 0.519407 0.519407 0.519407 0.519407 0.519407 0.519407 0.519407 0.519407 0.519407 0.519407 0.519407 0.519407 0.519407 0.519407 0.519407 0.519407 0.519407 0.519407 0.280143 0.519407 0.519407 0.519407 0.519407 0.519407 0.519407 0.519407 0.519407 0.519407 0.518748 0.519407 0.519407 0.519407 0.519407 0.519407 0.519407 0.519407 0.519407 0.519407 0.443682 0.519407 0.519407 0.519407 0.280196 0.519407 0.519407 0.329787 0.519407 0.519407 0.519407 0.519407 0.519407 0.519407 0.3153 0.519407 0.519407 0.504364 0.519407 0.519407 0.519407 0.519407 0.519407 0.519407 0.518922 0.519407 0.519407 0.38901 0.519407 0.519407 0.519407 0.519407 0.519407 0.519407 0.519407 0.519407 0.519407 0.519407 0.519407 0.519407 0.519407 0.519407 0.519407 0.519407 0.519407 0.519407 0.519407 0.519407 0.519407 0.519407 0.519407 0.519407 0.519407 0.519407 0.519407 0.519407 0.519407 0.519407 0.519407 0.519407 0.519407 0.519407 0.519407 0.519407 0.519407 0.519407 0.519407 0.519407 0.519407 0.519407 0.464281 0.519407 0.519407 0.519407 0.519407 0.519407 0.519407 0.519407 0.519407 0.519407 0.516108 0.519407 0.519407 0.519407 0.519407 0.519407 0.519407 0.519407 0.519407 0.519407 0.517965 0.519407 0.519407 
0.529357 0.529357 0.529357 0.529357 0.529357 0.529357 0.529357 0.516758 0.529357 0.529357 0.529357 0.529357 0.529357 0.529357 0.529357 0.529357 0.529357 0.270002 0.529357 0.529357 0.529357 0.529357 0.529357 0.529357 0.529357 0.529357 0.529357 0.283962 0.529357 0.529357 0.529357 0.39498 0.529357 0.529357 0.529045 0.529357 0.529357 0.529357 0.529357 0.529357 0.529357 0.529085 0.529357 0.529357 0.270038 0.529357 0.529357 0.529357 0.529357 0.529357 0.529357 0.52806 0.529357 0.529357 0.295994 0.529357 0.529357 0.529357 0.529357 0.529357 0.529357 0.529357 0.529357 0.529357 0.529357 0.529357 0.529357 0.529357 0.529357 0.529357 0.529357 0.529357 0.529357 0.529357 0.529357 0.529357 0.529357 0.529357 0.529357 0.529357 0.529357 0.529357 0.529357 0.529357 0.529357 0.529357 0.529357 0.529357 0.529357 0.529357 0.529357 0.529357 0.529357 0.529357 0.529357 0.529357 0.529357 0.318615 0.529357 0.529357 0.529357 0.529357 0.529357 0.529357 0.529357 0.529357 0.529357 0.528618 0.529357 0.529357 0.529357 0.529357 0.529357 0.529357 0.529357 0.529357 0.529357 0.489378 0.529357 0.529357 0.529357 0.466026 0.529357 0.529357 0.270012 0.529357 0.529357 0.529357 0.529357 0.529357 0.529357 0.270031 0.529357 0.529357 0.270027 0.529357 0.529357 0.529357 0.529357 0.529357 0.529357 0.350876 0.529357 0.529357 0.525793 0.529357 0.529357 0.529357 0.529357 0.529357 0.529357 0.529357 0.529357 0.529357 0.529357 0.529357 0.529357 0.529357 0.529357 0.529357 0.529357 0.529357 0.529357 0.529357 0.529357 0.529357 0.529357 0.529357 0.529357 0.529357 0.529357 0.529357 0.529357 0.529357 0.529357 0.529357 0.529357 0.529357 0.529357 0.529357 0.529357 0.529357 0.529357 0.529357 0.529357 0.529357 0.529357 0.527385 0.529357 0.529357 0.529357 0.529357 0.529357 0.529357 0.529357 0.529357 0.529357 0.346462 0.529357 0.529357 0.529357 0.529357 0.529357 0.529357 0.529357 0.529357 0.529357 0.28258 0.529357 0.529357 0.529357 0.270004 0.529357 0.529357 0.270448 0.529357 0.529357 0.529357 0.529357 0.529357 0.529357 0.479531 0.529357 0.529357 0.270264 0.529357 0.529357 0.529357 0.529357 0.529357 0.529357 0.508996 0.529357 0.529357 0.270063 0.529357 0.529357 0.529357 0.529357 0.529357 0.529357 0.529357 0.529357 0.529357 0.529357 0.529357 0.529357 0.529357 0.529357 0.529357 0.529357 0.529357 0.529357 0.529357 0.529357 0.529357 0.529357 0.529357 0.529357 0.529357 0.529357 0.529357 0.529357 0.529357 0.529357 0.529357 0.529357 0.529357 0.529357 0.529357 0.529357 0.529357 0.529357 0.529357 0.529357 0.529357 0.529357 0.390813 0.529357 0.529357 0.529357 0.529357 0.529357 0.529357 0.529357 0.529357 0.529357 0.48755 0.529357 0.529357 0.529357 0.529357 0.529357 0.529357 0.529357 0.529357 0.529357 0.524672 0.529357 0.529357 0.529357 0.529357 0.529357 0.529357 0.529357 0.529357 0.529357 0.270091 0.529357 0.529357 0.529357 0.529357 0.529357 0.529357 0.529357 0.529357 0.529357 0.525012 0.529357 0.529357 0.529357 0.529357 0.529357 0.529357 0.529357 0.529357 0.529357 0.273217 0.529357 0.529357 0.529357 0.528831 0.529357 0.529357 0.527291 0.529357 0.529357 0.529357 0.529357 0.529357 0.529357 0.270045 0.529357 0.529357 0.528536 0.529357 0.529357 0.529357 0.529357 0.529357 0.529357 0.342551 0.529357 0.529357 0.27547 0.529357 0.529357 0.529357 0.529357 0.529357 0.529357 0.529357 0.529357 0.529357 0.529357 0.529357 0.529357 0.529357 0.529357 0.529357 0.529357 0.529357 0.529357 0.529357 0.529357 0.529357 0.529357 0.529357 0.529357 0.529357 0.529357 0.529357 0.529357 0.529357 0.529357 0.529357 0.529357 0.529357 0.529357 0.529357 0.529357 0.529357 0.529357 0.529357 0.529357 0.529357 0.529357 0.528515 0.529357 0.529357 0.529357 0.529357 0.529357 0.529357 0.529357 0.529357 0.529357 0.270722 0.529357 0.529357 0.529357 0.529357 0.529357 0.529357 0.529357 0.529357 0.529357 0.527163 0.529357 0.529357 0.529357 0.271382 0.529357 0.529357 0.520855 0.529357 0.529357 0.529357 0.529357 0.529357 0.529357 0.48619 0.529357 0.529357 0.270016 0.529357 0.529357 0.529357 0.529357 0.529357 0.529357 0.27001 0.529357 0.529357 0.29009 0.529357 0.529357 0.529357 0.529357 0.529357 0.529357 0.529357 0.529357 0.529357 0.529357 0.529357 0.529357 0.529357 0.529357 0.529357 0.529357 0.529357 0.529357 0.529357 0.529357 0.529357 0.529357 0.529357 0.529357 0.529357 0.529357 0.529357 0.529357 0.529357 0.529357 0.529357 0.529357 0.529357 0.529357 0.529357 0.529357 0.529357 0.529357 0.529357 0.529357 0.529357 0.529357 0.516456 0.529357 0.529357 0.529357 0.529357 0.529357 0.529357 0.529357 0.529357 0.529357 0.270005 0.529357 0.529357 0.529357 0.529357 0.529357 0.529357 0.529357 0.529357 0.529357 0.356048 0.529357 0.529357 0.529357 0.527419 0.529357 0.529357 0.411613 0.529357 0.529357 0.529357 0.529357 0.529357 0.529357 0.510522 0.529357 0.529357 0.498357 0.529357 0.529357 0.529357 0.529357 0.529357 0.529357 0.293789 0.529357 0.529357 0.302035 0.529357 0.529357 0.529357 0.529357 0.529357 0.529357 0.529357 0.529357 0.529357 0.529357 0.529357 0.529357 0.529357 0.529357 0.529357 0.529357 0.529357 0.529357 0.529357 0.529357 0.529357 0.529357 0.529357 0.529357 0.529357 0.529357 0.529357 0.529357 0.529357 0.529357 0.529357 0.529357 0.529357 0.529357 0.529357 0.529357 0.529357 0.529357 0.529357 0.529357 0.529357 0.529357 0.525714 0.529357 0.529357 0.529357 0.529357 0.529357 0.529357 0.529357 0.529357 0.529357 0.528628 0.529357 0.529357 0.529357 0.529357 0.529357 0.529357 0.529357 0.529357 0.529357 0.527674 0.529357 0.529357 0.529357 0.529357 0.529357 0.529357 0.529357 0.529357 0.529357 0.308616 0.529357 0.529357 0.529357 0.529357 0.529357 0.529357 0.529357 0.529357 0.529357 0.270034 0.529357 0.529357 0.529357 0.529357 0.529357 0.529357 0.529357 0.529357 0.529357 0.270016 0.529357 0.529357 0.529357 0.520897 0.529357 0.529357 0.522761 0.529357 0.529357 0.529357 0.529357 0.529357 0.529357 0.517686 0.529357 0.529357 0.519811 0.529357 0.529357 0.529357 0.529357 0.529357 0.529357 0.521292 0.529357 0.529357 0.528155 0.529357 0.529357 0.529357 0.529357 0.529357 0.529357 0.529357 0.529357 0.529357 0.529357 0.529357 0.529357 0.529357 0.529357 0.529357 0.529357 0.529357 0.529357 0.529357 0.529357 0.529357 0.529357 0.529357 0.529357 0.529357 0.529357 0.529357 0.529357 0.529357 0.529357 0.529357 0.529357 0.529357 0.529357 0.529357 0.529357 0.529357 0.529357 0.529357 0.529357 0.529357 0.529357 0.383157 0.529357 0.529357 0.529357 0.529357 0.529357 0.529357 0.529357 0.529357 0.529357 0.271782 0.529357 0.529357 0.529357 0.529357 0.529357 0.529357 0.529357 0.529357 0.529357 0.270001 0.529357 0.529357 0.529357 0.27356 0.529357 0.529357 0.527918 0.529357 0.529357 0.529357 0.529357 0.529357 0.529357 0.273807 0.529357 0.529357 0.52829 0.529357 0.529357 0.529357 0.529357 0.529357 0.529357 0.507801 0.529357 0.529357 0.2867 0.529357 0.529357 0.529357 0.529357 0.529357 0.529357 0.529357 0.529357 0.529357 0.529357 0.529357 0.529357 0.529357 0.529357 0.529357 0.529357 0.529357 0.529357 0.529357 0.529357 0.529357 0.529357 0.529357 0.529357 0.529357 0.529357 0.529357 0.529357 0.529357 0.529357 0.529357 0.529357 0.529357 0.529357 0.529357 0.529357 0.529357 0.529357 0.529357 0.529357 0.529357 0.529357 0.270158 0.529357 0.529357 0.529357 0.529357 0.529357 0.529357 0.529357 0.529357 0.529357 0.528632 0.529357 0.529357 0.529357 0.529357 0.529357 0.529357 0.529357 0.529357 0.529357 0.447436 0.529357 0.529357 0.529357 0.27021 0.529357 0.529357 0.323031 0.529357 0.529357 0.529357 0.529357 0.529357 0.529357 0.307062 0.529357 0.529357 0.513195 0.529357 0.529357 0.529357 0.529357 0.529357 0.529357 0.528806 0.529357 0.529357 0.386986 0.529357 0.529357 0.529357 0.529357 0.529357 0.529357 0.529357 0.529357 0.529357 0.529357 0.529357 0.529357 0.529357 0.529357 0.529357 0.529357 0.529357 0.529357 0.529357 0.529357 0.529357 0.529357 0.529357 0.529357 0.529357 0.529357 0.529357 0.529357 0.529357 0.529357 0.529357 0.529357 0.529357 0.529357 0.529357 0.529357 0.529357 0.529357 0.529357 0.529357 0.529357 0.529357 0.469423 0.529357 0.529357 0.529357 0.529357 0.529357 0.529357 0.529357 0.529357 0.529357 0.525729 0.529357 0.529357 0.529357 0.529357 0.529357 0.529357 0.529357 0.529357 0.529357 0.527829 0.529357 0.529357 
0.539308 0.539308 0.539308 0.539308 0.539308 0.539308 0.539308 0.525189 0.539308 0.539308 0.539308 0.539308 0.539308 0.539308 0.539308 0.539308 0.539308 0.260002 0.539308 0.539308 0.539308 0.539308 0.539308 0.539308 0.539308 0.539308 0.539308 0.275031 0.539308 0.539308 0.539308 0.397893 0.539308 0.539308 0.538971 0.539308 0.539308 0.539308 0.539308 0.539308 0.539308 0.539015 0.539308 0.539308 0.260039 0.539308 0.539308 0.539308 0.539308 0.539308 0.539308 0.537902 0.539308 0.539308 0.288608 0.539308 0.539308 0.539308 0.539308 0.539308 0.539308 0.539308 0.539308 0.539308 0.539308 0.539308 0.539308 0.539308 0.539308 0.539308 0.539308 0.539308 0.539308 0.539308 0.539308 0.539308 0.539308 0.539308 0.539308 0.539308 0.539308 0.539308 0.539308 0.539308 0.539308 0.539308 0.539308 0.539308 0.539308 0.539308 0.539308 0.539308 0.539308 0.539308 0.539308 0.539308 0.539308 0.310429 0.539308 0.539308 0.539308 0.539308 0.539308 0.539308 0.539308 0.539308 0.539308 0.538528 0.539308 0.539308 0.539308 0.539308 0.539308 0.539308 0.539308 0.539308 0.539308 0.496904 0.539308 0.539308 0.539308 0.470811 0.539308 0.539308 0.260013 0.539308 0.539308 0.539308 0.539308 0.539308 0.539308 0.260032 0.539308 0.539308 0.260027 0.539308 0.539308 0.539308 0.539308 0.539308 0.539308 0.345177 0.539308 0.539308 0.535364 0.539308 0.539308 0.539308 0.539308 0.539308 0.539308 0.539308 0.539308 0.539308 0.539308 0.539308 0.539308 0.539308 0.539308 0.539308 0.539308 0.539308 0.539308 0.539308 0.539308 0.539308 0.539308 0.539308 0.539308 0.539308 0.539308 0.539308 0.539308 0.539308 0.539308 0.539308 0.539308 0.539308 0.539308 0.539308 0.539308 0.539308 0.539308 0.539308 0.539308 0.539308 0.539308 0.537221 0.539308 0.539308 0.539308 0.539308 0.539308 0.539308 0.539308 0.539308 0.539308 0.3418 0.539308 0.539308 0.539308 0.539308 0.539308 0.539308 0.539308 0.539308 0.539308 0.273421 0.539308 0.539308 0.539308 0.260004 0.539308 0.539308 0.260485 0.539308 0.539308 0.539308 0.539308 0.539308 0.539308 0.486845 0.539308 0.539308 0.260286 0.539308 0.539308 0.539308 0.539308 0.539308 0.539308 0.517234 0.539308 0.539308 0.260069 0.539308 0.539308 0.539308 0.539308 0.539308 0.539308 0.539308 0.539308 0.539308 0.539308 0.539308 0.539308 0.539308 0.539308 0.539308 0.539308 0.539308 0.539308 0.539308 0.539308 0.539308 0.539308 0.539308 0.539308 0.539308 0.539308 0.539308 0.539308 0.539308 0.539308 0.539308 0.539308 0.539308 0.539308 0.539308 0.539308 0.539308 0.539308 0.539308 0.539308 0.539308 0.539308 0.393287 0.539308 0.539308 0.539308 0.539308 0.539308 0.539308 0.539308 0.539308 0.539308 0.495399 0.539308 0.539308 0.539308 0.539308 0.539308 0.539308 0.539308 0.539308 0.539308 0.534124 0.539308 0.539308 0.539308 0.539308 0.539308 0.539308 0.539308 0.539308 0.539308 0.260097 0.539308 0.539308 0.539308 0.539308 0.539308 0.539308 0.539308 0.539308 0.539308 0.534677 0.539308 0.539308 0.539308 0.539308 0.539308 0.539308 0.539308 0.539308 0.539308 0.263513 0.539308 0.539308 0.539308 0.538729 0.539308 0.539308 0.537182 0.539308 0.539308 0.539308 0.539308 0.539308 0.539308 0.260048 0.539308 0.539308 0.53844 0.539308 0.539308 0.539308 0.539308 0.539308 0.539308 0.335388 0.539308 0.539308 0.26594 0.539308 0.539308 0.539308 0.539308 0.539308 0.539308 0.539308 0.539308 0.539308 0.539308 0.539308 0.539308 0.539308 0.539308 0.539308 0.539308 0.539308 0.539308 0.539308 0.539308 0.539308 0.539308 0.539308 0.539308 0.539308 0.539308 0.539308 0.539308 0.539308 0.539308 0.539308 0.539308 0.539308 0.539308 0.539308 0.539308 0.539308 0.539308 0.539308 0.539308 0.539308 0.539308 0.538428 0.539308 0.539308 0.539308 0.539308 0.539308 0.539308 0.539308 0.539308 0.539308 0.260824 0.539308 0.539308 0.539308 0.539308 0.539308 0.539308 0.539308 0.539308 0.539308 0.536918 0.539308 0.539308 0.539308 0.261487 0.539308 0.539308 0.530271 0.539308 0.539308 0.539308 0.539308 0.539308 0.539308 0.493783 0.539308 0.539308 0.260017 0.539308 0.539308 0.539308 0.539308 0.539308 0.539308 0.260011 0.539308 0.539308 0.281192 0.539308 0.539308 0.539308 0.539308 0.539308 0.539308 0.539308 0.539308 0.539308 0.539308 0.539308 0.539308 0.539308 0.539308 0.539308 0.539308 0.539308 0.539308 0.539308 0.539308 0.539308 0.539308 0.539308 0.539308 0.539308 0.539308 0.539308 0.539308 0.539308 0.539308 0.539308 0.539308 0.539308 0.539308 0.539308 0.539308 0.539308 0.539308 0.539308 0.539308 0.539308 0.539308 0.525563 0.539308 0.539308 0.539308 0.539308 0.539308 0.539308 0.539308 0.539308 0.539308 0.260006 0.539308 0.539308 0.539308 0.539308 0.539308 0.539308 0.539308 0.539308 0.539308 0.353135 0.539308 0.539308 0.539308 0.537084 0.539308 0.539308 0.414953 0.539308 0.539308 0.539308 0.539308 0.539308 0.539308 0.519244 0.539308 0.539308 0.505198 0.539308 0.539308 0.539308 0.539308 0.539308 0.539308 0.286262 0.539308 0.539308 0.292956 0.539308 0.539308 0.539308 0.539308 0.539308 0.539308 0.539308 0.539308 0.539308 0.539308 0.539308 0.539308 0.539308 0.539308 0.539308 0.539308 0.539308 0.539308 0.539308 0.539308 0.539308 0.539308 0.539308 0.539308 0.539308 0.539308 0.539308 0.539308 0.539308 0.539308 0.539308 0.539308 0.539308 0.539308 0.539308 0.539308 0.539308 0.539308 0.539308 0.539308 0.539308 0.539308 0.535369 0.539308 0.539308 0.539308 0.539308 0.539308 0.539308 0.539308 0.539308 0.539308 0.53852 0.539308 0.539308 0.539308 0.539308 0.539308 0.539308 0.539308 0.539308 0.539308 0.537543 0.539308 0.539308 0.539308 0.539308 0.539308 0.539308 0.539308 0.539308 0.539308 0.301453 0.539308 0.539308 0.539308 0.539308 0.539308 0.539308 0.539308 0.539308 0.539308 0.260036 0.539308 0.539308 0.539308 0.539308 0.539308 0.539308 0.539308 0.539308 0.539308 0.260018 0.539308 0.539308 0.539308 0.529976 0.539308 0.539308 0.532276 0.539308 0.539308 0.539308 0.539308 0.539308 0.539308 0.526894 0.539308 0.539308 0.528918 0.539308 0.539308 0.539308 0.539308 0.539308 0.539308 0.530807 0.539308 0.539308 0.537992 0.539308 0.539308 0.539308 0.539308 0.539308 0.539308 0.539308 0.539308 0.539308 0.539308 0.539308 0.539308 0.539308 0.539308 0.539308 0.539308 0.539308 0.539308 0.539308 0.539308 0.539308 0.539308 0.539308 0.539308 0.539308 0.539308 0.539308 0.539308 0.539308 0.539308 0.539308 0.539308 0.539308 0.539308 0.539308 0.539308 0.539308 0.539308 0.539308 0.539308 0.539308 0.539308 0.381133 0.539308 0.539308 0.539308 0.539308 0.539308 0.539308 0.539308 0.539308 0.539308 0.261866 0.539308 0.539308 0.539308 0.539308 0.539308 0.539308 0.539308 0.539308 0.539308 0.260001 0.539308 0.539308 0.539308 0.263837 0.539308 0.539308 0.537759 0.539308 0.539308 0.539308 0.539308 0.539308 0.539308 0.264142 0.539308 0.539308 0.538154 0.539308 0.539308 0.539308 0.539308 0.539308 0.539308 0.516699 0.539308 0.539308 0.277516 0.539308 0.539308 0.539308 0.539308 0.539308 0.539308 0.539308 0.539308 0.539308 0.539308 0.539308 0.539308 0.539308 0.539308 0.539308 0.539308 0.539308 0.539308 0.539308 0.539308 0.539308 0.539308 0.539308 0.539308 0.539308 0.539308 0.539308 0.539308 0.539308 0.539308 0.539308 0.539308 0.539308 0.539308 0.539308 0.539308 0.539308 0.539308 0.539308 0.539308 0.539308 0.539308 0.260167 0.539308 0.539308 0.539308 0.539308 0.539308 0.539308 0.539308 0.539308 0.539308 0.538509 0.539308 0.539308 0.539308 0.539308 0.539308 0.539308 0.539308 0.539308 0.539308 0.44712 0.539308 0.539308 0.539308 0.260221 0.539308 0.539308 0.315645 0.539308 0.539308 0.539308 0.539308 0.539308 0.539308 0.299095 0.539308 0.539308 0.521714 0.539308 0.539308 0.539308 0.539308 0.539308 0.539308 0.538698 0.539308 0.539308 0.383786 0.539308 0.539308 0.539308 0.539308 0.539308 0.539308 0.539308 0.539308 0.539308 0.539308 0.539308 0.539308 0.539308 0.539308 0.539308 0.539308 0.539308 0.539308 0.539308 0.539308 0.539308 0.539308 0.539308 0.539308 0.539308 0.539308 0.539308 0.539308 0.539308 0.539308 0.539308 0.539308 0.539308 0.539308 0.539308 0.539308 0.539308 0.539308 0.539308 0.539308 0.539308 0.539308 0.474793 0.539308 0.539308 0.539308 0.539308 0.539308 0.539308 0.539308 0.539308 0.539308 0.535433 0.539308 0.539308 0.539308 0.539308 0.539308 0.539308 0.539308 0.539308 0.539308 0.537638 0.539308 0.539308 
0.549258 0.549258 0.549258 0.549258 0.549258 0.549258 0.549258 0.534087 0.549258 0.549258 0.549258 0.549258 0.549258 0.549258 0.549258 0.549258 0.549258 0.250002 0.549258 0.549258 0.549258 0.549258 0.549258 0.549258 0.549258 0.549258 0.549258 0.2661 0.549258 0.549258 0.549258 0.396021 0.549258 0.549258 0.548896 0.549258 0.549258 0.549258 0.549258 0.549258 0.549258 0.548934 0.549258 0.549258 0.250042 0.549258 0.549258 0.549258 0.549258 0.549258 0.549258 0.547711 0.549258 0.549258 0.281603 0.549258 0.549258 0.549258 0.549258 0.549258 0.549258 0.549258 0.549258 0.549258 0.549258 0.549258 0.549258 0.549258 0.549258 0.549258 0.549258 0.549258 0.549258 0.549258 0.549258 0.549258 0.549258 0.549258 0.549258 0.549258 0.549258 0.549258 0.549258 0.549258 0.549258 0.549258 0.549258 0.549258 0.549258 0.549258 0.549258 0.549258 0.549258 0.549258 0.549258 0.549258 0.549258 0.304319 0.549258 0.549258 0.549258 0.549258 0.549258 0.549258 0.549258 0.549258 0.549258 0.548429 0.549258 0.549258 0.549258 0.549258 0.549258 0.549258 0.549258 0.549258 0.549258 0.503395 0.549258 0.549258 0.549258 0.475095 0.549258 0.549258 0.250014 0.549258 0.549258 0.549258 0.549258 0.549258 0.549258 0.250034 0.549258 0.549258 0.25003 0.549258 0.549258 0.549258 0.549258 0.549258 0.549258 0.338171 0.549258 0.549258 0.545095 0.549258 0.549258 0.549258 0.549258 0.549258 0.549258 0.549258 0.549258 0.549258 0.549258 0.549258 0.549258 0.549258 0.549258 0.549258 0.549258 0.549258 0.549258 0.549258 0.549258 0.549258 0.549258 0.549258 0.549258 0.549258 0.549258 0.549258 0.549258 0.549258 0.549258 0.549258 0.549258 0.549258 0.549258 0.549258 0.549258 0.549258 0.549258 0.549258 0.549258 0.549258 0.549258 0.547048 0.549258 0.549258 0.549258 0.549258 0.549258 0.549258 0.549258 0.549258 0.549258 0.334637 0.549258 0.549258 0.549258 0.549258 0.549258 0.549258 0.549258 0.549258 0.549258 0.264022 0.549258 0.549258 0.549258 0.250004 0.549258 0.549258 0.250507 0.549258 0.549258 0.549258 0.549258 0.549258 0.549258 0.493686 0.549258 0.549258 0.250321 0.549258 0.549258 0.549258 0.549258 0.549258 0.549258 0.525522 0.549258 0.549258 0.25008 0.549258 0.549258 0.549258 0.549258 0.549258 0.549258 0.549258 0.549258 0.549258 0.549258 0.549258 0.549258 0.549258 0.549258 0.549258 0.549258 0.549258 0.549258 0.549258 0.549258 0.549258 0.549258 0.549258 0.549258 0.549258 0.549258 0.549258 0.549258 0.549258 0.549258 0.549258 0.549258 0.549258 0.549258 0.549258 0.549258 0.549258 0.549258 0.549258 0.549258 0.549258 0.549258 0.389533 0.549258 0.549258 0.549258 0.549258 0.549258 0.549258 0.549258 0.549258 0.549258 0.503478 0.549258 0.549258 0.549258 0.549258 0.549258 0.549258 0.549258 0.549258 0.549258 0.543768 0.549258 0.549258 0.549258 0.549258 0.549258 0.549258 0.549258 0.549258 0.549258 0.250116 0.549258 0.549258 0.549258 0.549258 0.549258 0.549258 0.549258 0.549258 0.549258 0.544261 0.549258 0.549258 0.549258 0.549258 0.549258 0.549258 0.549258 0.549258 0.549258 0.253791 0.549258 0.549258 0.549258 0.548639 0.549258 0.549258 0.546887 0.549258 0.549258 0.549258 0.549258 0.549258 0.549258 0.25005 0.549258 0.549258 0.548341 0.549258 0.549258 0.549258 0.549258 0.549258 0.549258 0.328989 0.549258 0.549258 0.256331 0.549258 0.549258 0.549258 0.549258 0.549258 0.549258 0.549258 0.549258 0.549258 0.549258 0.549258 0.549258 0.549258 0.549258 0.549258 0.549258 0.549258 0.549258 0.549258 0.549258 0.549258 0.549258 0.549258 0.549258 0.549258 0.549258 0.549258 0.549258 0.549258 0.549258 0.549258 0.549258 0.549258 0.549258 0.549258 0.549258 0.549258 0.549258 0.549258 0.549258 0.549258 0.549258 0.548338 0.549258 0.549258 0.549258 0.549258 0.549258 0.549258 0.549258 0.549258 0.549258 0.250885 0.549258 0.549258 0.549258 0.549258 0.549258 0.549258 0.549258 0.549258 0.549258 0.546702 0.549258 0.549258 0.549258 0.251592 0.549258 0.549258 0.539456 0.549258 0.549258 0.549258 0.549258 0.549258 0.549258 0.500182 0.549258 0.549258 0.250017 0.549258 0.549258 0.549258 0.549258 0.549258 0.549258 0.250012 0.549258 0.549258 0.271692 0.549258 0.549258 0.549258 0.549258 0.549258 0.549258 0.549258 0.549258 0.549258 0.549258 0.549258 0.549258 0.549258 0.549258 0.549258 0.549258 0.549258 0.549258 0.549258 0.549258 0.549258 0.549258 0.549258 0.549258 0.549258 0.549258 0.549258 0.549258 0.549258 0.549258 0.549258 0.549258 0.549258 0.549258 0.549258 0.549258 0.549258 0.549258 0.549258 0.549258 0.549258 0.549258 0.534642 0.549258 0.549258 0.549258 0.549258 0.549258 0.549258 0.549258 0.549258 0.549258 0.250006 0.549258 0.549258 0.549258 0.549258 0.549258 0.549258 0.549258 0.549258 0.549258 0.346553 0.549258 0.549258 0.549258 0.546916 0.549258 0.549258 0.418294 0.549258 0.549258 0.549258 0.549258 0.549258 0.549258 0.528039 0.549258 0.549258 0.512655 0.549258 0.549258 0.549258 0.549258 0.549258 0.549258 0.279421 0.549258 0.549258 0.284822 0.549258 0.549258 0.549258 0.549258 0.549258 0.549258 0.549258 0.549258 0.549258 0.549258 0.549258 0.549258 0.549258 0.549258 0.549258 0.549258 0.549258 0.549258 0.549258 0.549258 0.549258 0.549258 0.549258 0.549258 0.549258 0.549258 0.549258 0.549258 0.549258 0.549258 0.549258 0.549258 0.549258 0.549258 0.549258 0.549258 0.549258 0.549258 0.549258 0.549258 0.549258 0.549258 0.545024 0.549258 0.549258 0.549258 0.549258 0.549258 0.549258 0.549258 0.549258 0.549258 0.548427 0.549258 0.549258 0.549258 0.549258 0.549258 0.549258 0.549258 0.549258 0.549258 0.547312 0.549258 0.549258 0.549258 0.549258 0.549258 0.549258 0.549258 0.549258 0.549258 0.294696 0.549258 0.549258 0.549258 0.549258 0.549258 0.549258 0.549258 0.549258 0.549258 0.250037 0.549258 0.549258 0.549258 0.549258 0.549258 0.549258 0.549258 0.549258 0.549258 0.250021 0.549258 0.549258 0.549258 0.539297 0.549258 0.549258 0.541656 0.549258 0.549258 0.549258 0.549258 0.549258 0.549258 0.536172 0.549258 0.549258 0.537748 0.549258 0.549258 0.549258 0.549258 0.549258 0.549258 0.540223 0.549258 0.549258 0.547879 0.549258 0.549258 0.549258 0.549258 0.549258 0.549258 0.549258 0.549258 0.549258 0.549258 0.549258 0.549258 0.549258 0.549258 0.549258 0.549258 0.549258 0.549258 0.549258 0.549258 0.549258 0.549258 0.549258 0.549258 0.549258 0.549258 0.549258 0.549258 0.549258 0.549258 0.549258 0.549258 0.549258 0.549258 0.549258 0.549258 0.549258 0.549258 0.549258 0.549258 0.549258 0.549258 0.380817 0.549258 0.549258 0.549258 0.549258 0.549258 0.549258 0.549258 0.549258 0.549258 0.251954 0.549258 0.549258 0.549258 0.549258 0.549258 0.549258 0.549258 0.549258 0.549258 0.250001 0.549258 0.549258 0.549258 0.254162 0.549258 0.549258 0.547632 0.549258 0.549258 0.549258 0.549258 0.549258 0.549258 0.254438 0.549258 0.549258 0.548067 0.549258 0.549258 0.549258 0.549258 0.549258 0.549258 0.525421 0.549258 0.549258 0.268832 0.549258 0.549258 0.549258 0.549258 0.549258 0.549258 0.549258 0.549258 0.549258 0.549258 0.549258 0.549258 0.549258 0.549258 0.549258 0.549258 0.549258 0.549258 0.549258 0.549258 0.549258 0.549258 0.549258 0.549258 0.549258 0.549258 0.549258 0.549258 0.549258 0.549258 0.549258 0.549258 0.549258 0.549258 0.549258 0.549258 0.549258 0.549258 0.549258 0.549258 0.549258 0.549258 0.250182 0.549258 0.549258 0.549258 0.549258 0.549258 0.549258 0.549258 0.549258 0.549258 0.5484 0.549258 0.549258 0.549258 0.549258 0.549258 0.549258 0.549258 0.549258 0.549258 0.449296 0.549258 0.549258 0.549258 0.250237 0.549258 0.549258 0.310054 0.549258 0.549258 0.549258 0.549258 0.549258 0.549258 0.290909 0.549258 0.549258 0.530947 0.549258 0.549258 0.549258 0.549258 0.549258 0.549258 0.548605 0.549258 0.549258 0.380032 0.549258 0.549258 0.549258 0.549258 0.549258 0.549258 0.549258 0.549258 0.549258 0.549258 0.549258 0.549258 0.549258 0.549258 0.549258 0.549258 0.549258 0.549258 0.549258 0.549258 0.549258 0.549258 0.549258 0.549258 0.549258 0.549258 0.549258 0.549258 0.549258 0.549258 0.549258 0.549258 0.549258 0.549258 0.549258 0.549258 0.549258 0.549258 0.549258 0.549258 0.549258 0.549258 0.478947 0.549258 0.549258 0.549258 0.549258 0.549258 0.549258 0.549258 0.549258 0.549258 0.545129 0.549258 0.549258 0.549258 0.549258 0.549258 0.549258 0.549258 0.549258 0.549258 0.547494 0.549258 0.549258 
0.559209 0.559209 0.559209 0.559209 0.559209 0.559209 0.559209 0.543271 0.559209 0.559209 0.559209 0.559209 0.559209 0.559209 0.559209 0.559209 0.559209 0.240002 0.559209 0.559209 0.559209 0.559209 0.559209 0.559209 0.559209 0.559209 0.559209 0.256868 0.559209 0.559209 0.559209 0.396179 0.559209 0.559209 0.558826 0.559209 0.559209 0.559209 0.559209 0.559209 0.559209 0.558849 0.559209 0.559209 0.240044 0.559209 0.559209 0.559209 0.559209 0.559209 0.559209 0.55758 0.559209 0.559209 0.274933 0.559209 0.559209 0.559209 0.559209 0.559209 0.559209 0.559209 0.559209 0.559209 0.559209 0.559209 0.559209 0.559209 0.559209 0.559209 0.559209 0.559209 0.559209 0.559209 0.559209 0.559209 0.559209 0.559209 0.559209 0.559209 0.559209 0.559209 0.559209 0.559209 0.559209 0.559209 0.559209 0.559209 0.559209 0.559209 0.559209 0.559209 0.559209 0.559209 0.559209 0.559209 0.559209 0.298208 0.559209 0.559209 0.559209 0.559209 0.559209 0.559209 0.559209 0.559209 0.559209 0.558342 0.559209 0.559209 0.559209 0.559209 0.559209 0.559209 0.559209 0.559209 0.559209 0.510401 0.559209 0.559209 0.559209 0.479633 0.559209 0.559209 0.240015 0.559209 0.559209 0.559209 0.559209 0.559209 0.559209 0.240036 0.559209 0.559209 0.240031 0.559209 0.559209 0.559209 0.559209 0.559209 0.559209 0.333146 0.559209 0.559209 0.55479 0.559209 0.559209 0.559209 0.559209 0.559209 0.559209 0.559209 0.559209 0.559209 0.559209 0.559209 0.559209 0.559209 0.559209 0.559209 0.559209 0.559209 0.559209 0.559209 0.559209 0.559209 0.559209 0.559209 0.559209 0.559209 0.559209 0.559209 0.559209 0.559209 0.559209 0.559209 0.559209 0.559209 0.559209 0.559209 0.559209 0.559209 0.559209 0.559209 0.559209 0.559209 0.559209 0.556824 0.559209 0.559209 0.559209 0.559209 0.559209 0.559209 0.559209 0.559209 0.559209 0.329155 0.559209 0.559209 0.559209 0.559209 0.559209 0.559209 0.559209 0.559209 0.559209 0.255124 0.559209 0.559209 0.559209 0.240004 0.559209 0.559209 0.240525 0.559209 0.559209 0.559209 0.559209 0.559209 0.559209 0.49999 0.559209 0.559209 0.240352 0.559209 0.559209 0.559209 0.559209 0.559209 0.559209 0.533997 0.559209 0.559209 0.240088 0.559209 0.559209 0.559209 0.559209 0.559209 0.559209 0.559209 0.559209 0.559209 0.559209 0.559209 0.559209 0.559209 0.559209 0.559209 0.559209 0.559209 0.559209 0.559209 0.559209 0.559209 0.559209 0.559209 0.559209 0.559209 0.559209 0.559209 0.559209 0.559209 0.559209 0.559209 0.559209 0.559209 0.559209 0.559209 0.559209 0.559209 0.559209 0.559209 0.559209 0.559209 0.559209 0.389217 0.559209 0.559209 0.559209 0.559209 0.559209 0.559209 0.559209 0.559209 0.559209 0.511138 0.559209 0.559209 0.559209 0.559209 0.559209 0.559209 0.559209 0.559209 0.559209 0.553252 0.559209 0.559209 0.559209 0.559209 0.559209 0.559209 0.559209 0.559209 0.559209 0.240122 0.559209 0.559209 0.559209 0.559209 0.559209 0.559209 0.559209 0.559209 0.559209 0.553833 0.559209 0.559209 0.559209 0.559209 0.559209 0.559209 0.559209 0.559209 0.559209 0.244095 0.559209 0.559209 0.559209 0.558572 0.559209 0.559209 0.556657 0.559209 0.559209 0.559209 0.559209 0.559209 0.559209 0.240052 0.559209 0.559209 0.558167 0.559209 0.559209 0.559209 0.559209 0.559209 0.559209 0.322408 0.559209 0.559209 0.246561 0.559209 0.559209 0.559209 0.559209 0.559209 0.559209 0.559209 0.559209 0.559209 0.559209 0.559209 0.559209 0.559209 0.559209 0.559209 0.559209 0.559209 0.559209 0.559209 0.559209 0.559209 0.559209 0.559209 0.559209 0.559209 0.559209 0.559209 0.559209 0.559209 0.559209 0.559209 0.559209 0.559209 0.559209 0.559209 0.559209 0.559209 0.559209 0.559209 0.559209 0.559209 0.559209 0.558233 0.559209 0.559209 0.559209 0.559209 0.559209 0.559209 0.559209 0.559209 0.559209 0.240923 0.559209 0.559209 0.559209 0.559209 0.559209 0.559209 0.559209 0.559209 0.559209 0.556533 0.559209 0.559209 0.559209 0.241652 0.559209 0.559209 0.548449 0.559209 0.559209 0.559209 0.559209 0.559209 0.559209 0.508261 0.559209 0.559209 0.240018 0.559209 0.559209 0.559209 0.559209 0.559209 0.559209 0.240013 0.559209 0.559209 0.263844 0.559209 0.559209 0.559209 0.559209 0.559209 0.559209 0.559209 0.559209 0.559209 0.559209 0.559209 0.559209 0.559209 0.559209 0.559209 0.559209 0.559209 0.559209 0.559209 0.559209 0.559209 0.559209 0.559209 0.559209 0.559209 0.559209 0.559209 0.559209 0.559209 0.559209 0.559209 0.559209 0.559209 0.559209 0.559209 0.559209 0.559209 0.559209 0.559209 0.559209 0.559209 0.559209 0.543604 0.559209 0.559209 0.559209 0.559209 0.559209 0.559209 0.559209 0.559209 0.559209 0.240007 0.559209 0.559209 0.559209 0.559209 0.559209 0.559209 0.559209 0.559209 0.559209 0.34608 0.559209 0.559209 0.559209 0.556706 0.559209 0.559209 0.416421 0.559209 0.559209 0.559209 0.559209 0.559209 0.559209 0.535948 0.559209 0.559209 0.519818 0.559209 0.559209 0.559209 0.559209 0.559209 0.559209 0.271964 0.559209 0.559209 0.278518 0.559209 0.559209 0.559209 0.559209 0.559209 0.559209 0.559209 0.559209 0.559209 0.559209 0.559209 0.559209 0.559209 0.559209 0.559209 0.559209 0.559209 0.559209 0.559209 0.559209 0.559209 0.559209 0.559209 0.559209 0.559209 0.559209 0.559209 0.559209 0.559209 0.559209 0.559209 0.559209 0.559209 0.559209 0.559209 0.559209 0.559209 0.559209 0.559209 0.559209 0.559209 0.559209 0.554582 0.559209 0.559209 0.559209 0.559209 0.559209 0.559209 0.559209 0.559209 0.559209 0.55834 0.559209 0.559209 0.559209 0.559209 0.559209 0.559209 0.559209 0.559209 0.559209 0.557115 0.559209 0.559209 0.559209 0.559209 0.559209 0.559209 0.559209 0.559209 0.559209 0.288027 0.559209 0.559209 0.559209 0.559209 0.559209 0.559209 0.559209 0.559209 0.559209 0.240038 0.559209 0.559209 0.559209 0.559209 0.559209 0.559209 0.559209 0.559209 0.559209 0.240021 0.559209 0.559209 0.559209 0.548529 0.559209 0.559209 0.551055 0.559209 0.559209 0.559209 0.559209 0.559209 0.559209 0.545427 0.559209 0.559209 0.547069 0.559209 0.559209 0.559209 0.559209 0.559209 0.559209 0.549622 0.559209 0.559209 0.557752 0.559209 0.559209 0.559209 0.559209 0.559209 0.559209 0.559209 0.559209 0.559209 0.559209 0.559209 0.559209 0.559209 0.559209 0.559209 0.559209 0.559209 0.559209 0.559209 0.559209 0.559209 0.559209 0.559209 0.559209 0.559209 0.559209 0.559209 0.559209 0.559209 0.559209 0.559209 0.559209 0.559209 0.559209 0.559209 0.559209 0.559209 0.559209 0.559209 0.559209 0.559209 0.559209 0.379098 0.559209 0.559209 0.559209 0.559209 0.559209 0.559209 0.559209 0.559209 0.559209 0.242056 0.559209 0.559209 0.559209 0.559209 0.559209 0.559209 0.559209 0.559209 0.559209 0.240001 0.559209 0.559209 0.559209 0.244518 0.559209 0.559209 0.557517 0.559209 0.559209 0.559209 0.559209 0.559209 0.559209 0.244783 0.559209 0.559209 0.557965 0.559209 0.559209 0.559209 0.559209 0.559209 0.559209 0.534286 0.559209 0.559209 0.260037 0.559209 0.559209 0.559209 0.559209 0.559209 0.559209 0.559209 0.559209 0.559209 0.559209 0.559209 0.559209 0.559209 0.559209 0.559209 0.559209 0.559209 0.559209 0.559209 0.559209 0.559209 0.559209 0.559209 0.559209 0.559209 0.559209 0.559209 0.559209 0.559209 0.559209 0.559209 0.559209 0.559209 0.559209 0.559209 0.559209 0.559209 0.559209 0.559209 0.559209 0.559209 0.559209 0.240203 0.559209 0.559209 0.559209 0.559209 0.559209 0.559209 0.559209 0.559209 0.559209 0.55831 0.559209 0.559209 0.559209 0.559209 0.559209 0.559209 0.559209 0.559209 0.559209 0.454321 0.559209 0.559209 0.559209 0.240247 0.559209 0.559209 0.303845 0.559209 0.559209 0.559209 0.559209 0.559209 0.559209 0.282723 0.559209 0.559209 0.53963 0.559209 0.559209 0.559209 0.559209 0.559209 0.559209 0.558512 0.559209 0.559209 0.379244 0.559209 0.559209 0.559209 0.559209 0.559209 0.559209 0.559209 0.559209 0.559209 0.559209 0.559209 0.559209 0.559209 0.559209 0.559209 0.559209 0.559209 0.559209 0.559209 0.559209 0.559209 0.559209 0.559209 0.559209 0.559209 0.559209 0.559209 0.559209 0.559209 0.559209 0.559209 0.559209 0.559209 0.559209 0.559209 0.559209 0.559209 0.559209 0.559209 0.559209 0.559209 0.559209 0.485155 0.559209 0.559209 0.559209 0.559209 0.559209 0.559209 0.559209 0.559209 0.559209 0.554773 0.559209 0.559209 0.559209 0.559209 0.559209 0.559209 0.559209 0.559209 0.559209 0.557297 0.559209 0.559209 
0.569159 0.569159 0.569159 0.569159 0.569159 0.569159 0.569159 0.552405 0.569159 0.569159 0.569159 0.569159 0.569159 0.569159 0.569159 0.569159 0.569159 0.230002 0.569159 0.569159 0.569159 0.569159 0.569159 0.569159 0.569159 0.569159 0.569159 0.247488 0.569159 0.569159 0.569159 0.394613 0.569159 0.569159 0.568742 0.569159 0.569159 0.569159 0.569159 0.569159 0.569159 0.568775 0.569159 0.569159 0.230048 0.569159 0.569159 0.569159 0.569159 0.569159 0.569159 0.56744 0.569159 0.569159 0.266549 0.569159 0.569159 0.569159 0.569159 0.569159 0.569159 0.569159 0.569159 0.569159 0.569159 0.569159 0.569159 0.569159 0.569159 0.569159 0.569159 0.569159 0.569159 0.569159 0.569159 0.569159 0.569159 0.569159 0.569159 0.569159 0.569159 0.569159 0.569159 0.569159 0.569159 0.569159 0.569159 0.569159 0.569159 0.569159 0.569159 0.569159 0.569159 0.569159 0.569159 0.569159 0.569159 0.291627 0.569159 0.569159 0.569159 0.569159 0.569159 0.569159 0.569159 0.569159 0.569159 0.568246 0.569159 0.569159 0.569159 0.569159 0.569159 0.569159 0.569159 0.569159 0.569159 0.516705 0.569159 0.569159 0.569159 0.483655 0.569159 0.569159 0.230016 0.569159 0.569159 0.569159 0.569159 0.569159 0.569159 0.230037 0.569159 0.569159 0.230032 0.569159 0.569159 0.569159 0.569159 0.569159 0.569159 0.327775 0.569159 0.569159 0.564361 0.569159 0.569159 0.569159 0.569159 0.569159 0.569159 0.569159 0.569159 0.569159 0.569159 0.569159 0.569159 0.569159 0.569159 0.569159 0.569159 0.569159 0.569159 0.569159 0.569159 0.569159 0.569159 0.569159 0.569159 0.569159 0.569159 0.569159 0.569159 0.569159 0.569159 0.569159 0.569159 0.569159 0.569159 0.569159 0.569159 0.569159 0.569159 0.569159 0.569159 0.569159 0.569159 0.566666 0.569159 0.569159 0.569159 0.569159 0.569159 0.569159 0.569159 0.569159 0.569159 0.325401 0.569159 0.569159 0.569159 0.569159 0.569159 0.569159 0.569159 0.569159 0.569159 0.246017 0.569159 0.569159 0.569159 0.230005 0.569159 0.569159 0.230554 0.569159 0.569159 0.569159 0.569159 0.569159 0.569159 0.5061 0.569159 0.569159 0.230371 0.569159 0.569159 0.569159 0.569159 0.569159 0.569159 0.542517 0.569159 0.569159 0.230093 0.569159 0.569159 0.569159 0.569159 0.569159 0.569159 0.569159 0.569159 0.569159 0.569159 0.569159 0.569159 0.569159 0.569159 0.569159 0.569159 0.569159 0.569159 0.569159 0.569159 0.569159 0.569159 0.569159 0.569159 0.569159 0.569159 0.569159 0.569159 0.569159 0.569159 0.569159 0.569159 0.569159 0.569159 0.569159 0.569159 0.569159 0.569159 0.569159 0.569159 0.569159 0.569159 0.386304 0.569159 0.569159 0.569159 0.569159 0.569159 0.569159 0.569159 0.569159 0.569159 0.518451 0.569159 0.569159 0.569159 0.569159 0.569159 0.569159 0.569159 0.569159 0.569159 0.562991 0.569159 0.569159 0.569159 0.569159 0.569159 0.569159 0.569159 0.569159 0.569159 0.230128 0.569159 0.569159 0.569159 0.569159 0.569159 0.569159 0.569159 0.569159 0.569159 0.563564 0.569159 0.569159 0.569159 0.569159 0.569159 0.569159 0.569159 0.569159 0.569159 0.234305 0.569159 0.569159 0.569159 0.568495 0.569159 0.569159 0.566433 0.569159 0.569159 0.569159 0.569159 0.569159 0.569159 0.230056 0.569159 0.569159 0.568078 0.569159 0.569159 0.569159 0.569159 0.569159 0.569159 0.317623 0.569159 0.569159 0.237109 0.569159 0.569159 0.569159 0.569159 0.569159 0.569159 0.569159 0.569159 0.569159 0.569159 0.569159 0.569159 0.569159 0.569159 0.569159 0.569159 0.569159 0.569159 0.569159 0.569159 0.569159 0.569159 0.569159 0.569159 0.569159 0.569159 0.569159 0.569159 0.569159 0.569159 0.569159 0.569159 0.569159 0.569159 0.569159 0.569159 0.569159 0.569159 0.569159 0.569159 0.569159 0.569159 0.568089 0.569159 0.569159 0.569159 0.569159 0.569159 0.569159 0.569159 0.569159 0.569159 0.230954 0.569159 0.569159 0.569159 0.569159 0.569159 0.569159 0.569159 0.569159 0.569159 0.56637 0.569159 0.569159 0.569159 0.231729 0.569159 0.569159 0.557847 0.569159 0.569159 0.569159 0.569159 0.569159 0.569159 0.513853 0.569159 0.569159 0.23002 0.569159 0.569159 0.569159 0.569159 0.569159 0.569159 0.230014 0.569159 0.569159 0.254684 0.569159 0.569159 0.569159 0.569159 0.569159 0.569159 0.569159 0.569159 0.569159 0.569159 0.569159 0.569159 0.569159 0.569159 0.569159 0.569159 0.569159 0.569159 0.569159 0.569159 0.569159 0.569159 0.569159 0.569159 0.569159 0.569159 0.569159 0.569159 0.569159 0.569159 0.569159 0.569159 0.569159 0.569159 0.569159 0.569159 0.569159 0.569159 0.569159 0.569159 0.569159 0.569159 0.552124 0.569159 0.569159 0.569159 0.569159 0.569159 0.569159 0.569159 0.569159 0.569159 0.230007 0.569159 0.569159 0.569159 0.569159 0.569159 0.569159 0.569159 0.569159 0.569159 0.342881 0.569159 0.569159 0.569159 0.566497 0.569159 0.569159 0.417987 0.569159 0.569159 0.569159 0.569159 0.569159 0.569159 0.544332 0.569159 0.569159 0.526981 0.569159 0.569159 0.569159 0.569159 0.569159 0.569159 0.263402 0.569159 0.569159 0.270992 0.569159 0.569159 0.569159 0.569159 0.569159 0.569159 0.569159 0.569159 0.569159 0.569159 0.569159 0.569159 0.569159 0.569159 0.569159 0.569159 0.569159 0.569159 0.569159 0.569159 0.569159 0.569159 0.569159 0.569159 0.569159 0.569159 0.569159 0.569159 0.569159 0.569159 0.569159 0.569159 0.569159 0.569159 0.569159 0.569159 0.569159 0.569159 0.569159 0.569159 0.569159 0.569159 0.564126 0.569159 0.569159 0.569159 0.569159 0.569159 0.569159 0.569159 0.569159 0.569159 0.568238 0.569159 0.569159 0.569159 0.569159 0.569159 0.569159 0.569159 0.569159 0.569159 0.566976 0.569159 0.569159 0.569159 0.569159 0.569159 0.569159 0.569159 0.569159 0.569159 0.281185 0.569159 0.569159 0.569159 0.569159 0.569159 0.569159 0.569159 0.569159 0.569159 0.230039 0.569159 0.569159 0.569159 0.569159 0.569159 0.569159 0.569159 0.569159 0.569159 0.230022 0.569159 0.569159 0.569159 0.55746 0.569159 0.569159 0.560453 0.569159 0.569159 0.569159 0.569159 0.569159 0.569159 0.554788 0.569159 0.569159 0.556368 0.569159 0.569159 0.569159 0.569159 0.569159 0.569159 0.559137 0.569159 0.569159 0.567604 0.569159 0.569159 0.569159 0.569159 0.569159 0.569159 0.569159 0.569159 0.569159 0.569159 0.569159 0.569159 0.569159 0.569159 0.569159 0.569159 0.569159 0.569159 0.569159 0.569159 0.569159 0.569159 0.569159 0.569159 0.569159 0.569159 0.569159 0.569159 0.569159 0.569159 0.569159 0.569159 0.569159 0.569159 0.569159 0.569159 0.569159 0.569159 0.569159 0.569159 0.569159 0.569159 0.375757 0.569159 0.569159 0.569159 0.569159 0.569159 0.569159 0.569159 0.569159 0.569159 0.2322 0.569159 0.569159 0.569159 0.569159 0.569159 0.569159 0.569159 0.569159 0.569159 0.230001 0.569159 0.569159 0.569159 0.234778 0.569159 0.569159 0.567326 0.569159 0.569159 0.569159 0.569159 0.569159 0.569159 0.234927 0.569159 0.569159 0.567866 0.569159 0.569159 0.569159 0.569159 0.569159 0.569159 0.542134 0.569159 0.569159 0.250828 0.569159 0.569159 0.569159 0.569159 0.569159 0.569159 0.569159 0.569159 0.569159 0.569159 0.569159 0.569159 0.569159 0.569159 0.569159 0.569159 0.569159 0.569159 0.569159 0.569159 0.569159 0.569159 0.569159 0.569159 0.569159 0.569159 0.569159 0.569159 0.569159 0.569159 0.569159 0.569159 0.569159 0.569159 0.569159 0.569159 0.569159 0.569159 0.569159 0.569159 0.569159 0.569159 0.230217 0.569159 0.569159 0.569159 0.569159 0.569159 0.569159 0.569159 0.569159 0.569159 0.568191 0.569159 0.569159 0.569159 0.569159 0.569159 0.569159 0.569159 0.569159 0.569159 0.45752 0.569159 0.569159 0.569159 0.230265 0.569159 0.569159 0.298041 0.569159 0.569159 0.569159 0.569159 0.569159 0.569159 0.273892 0.569159 0.569159 0.548425 0.569159 0.569159 0.569159 0.569159 0.569159 0.569159 0.568416 0.569159 0.569159 0.378613 0.569159 0.569159 0.569159 0.569159 0.569159 0.569159 0.569159 0.569159 0.569159 0.569159 0.569159 0.569159 0.569159 0.569159 0.569159 0.569159 0.569159 0.569159 0.569159 0.569159 0.569159 0.569159 0.569159 0.569159 0.569159 0.569159 0.569159 0.569159 0.569159 0.569159 0.569159 0.569159 0.569159 0.569159 0.569159 0.569159 0.569159 0.569159 0.569159 0.569159 0.569159 0.569159 0.490412 0.569159 0.569159 0.569159 0.569159 0.569159 0.569159 0.569159 0.569159 0.569159 0.564448 0.569159 0.569159 0.569159 0.569159 0.569159 0.569159 0.569159 0.569159 0.569159 0.567134 0.569159 0.569159 
0.57911 0.57911 0.57911 0.57911 0.57911 0.57911 0.57911 0.561049 0.57911 0.57911 0.57911 0.57911 0.57911 0.57911 0.57911 0.57911 0.57911 0.220002 0.57911 0.57911 0.57911 0.57911 0.57911 0.57911 0.57911 0.57911 0.57911 0.23802 0.57911 0.57911 0.57911 0.395401 0.57911 0.57911 0.578667 0.57911 0.57911 0.57911 0.57911 0.57911 0.57911 0.578709 0.57911 0.57911 0.220052 0.57911 0.57911 0.57911 0.57911 0.57911 0.57911 0.577249 0.57911 0.57911 0.25864 0.57911 0.57911 0.57911 0.57911 0.57911 0.57911 0.57911 0.57911 0.57911 0.57911 0.57911 0.57911 0.57911 0.57911 0.57911 0.57911 0.57911 0.57911 0.57911 0.57911 0.57911 0.57911 0.57911 0.57911 0.57911 0.57911 0.57911 0.57911 0.57911 0.57911 0.57911 0.57911 0.57911 0.57911 0.57911 0.57911 0.57911 0.57911 0.57911 0.57911 0.57911 0.57911 0.284622 0.57911 0.57911 0.57911 0.57911 0.57911 0.57911 0.57911 0.57911 0.57911 0.578134 0.57911 0.57911 0.57911 0.57911 0.57911 0.57911 0.57911 0.57911 0.57911 0.523103 0.57911 0.57911 0.57911 0.486277 0.57911 0.57911 0.220016 0.57911 0.57911 0.57911 0.57911 0.57911 0.57911 0.22004 0.57911 0.57911 0.220034 0.57911 0.57911 0.57911 0.57911 0.57911 0.57911 0.323886 0.57911 0.57911 0.574066 0.57911 0.57911 0.57911 0.57911 0.57911 0.57911 0.57911 0.57911 0.57911 0.57911 0.57911 0.57911 0.57911 0.57911 0.57911 0.57911 0.57911 0.57911 0.57911 0.57911 0.57911 0.57911 0.57911 0.57911 0.57911 0.57911 0.57911 0.57911 0.57911 0.57911 0.57911 0.57911 0.57911 0.57911 0.57911 0.57911 0.57911 0.57911 0.57911 0.57911 0.57911 0.57911 0.576503 0.57911 0.57911 0.57911 0.57911 0.57911 0.57911 0.57911 0.57911 0.57911 0.319492 0.57911 0.57911 0.57911 0.57911 0.57911 0.57911 0.57911 0.57911 0.57911 0.237373 0.57911 0.57911 0.57911 0.220005 0.57911 0.57911 0.220562 0.57911 0.57911 0.57911 0.57911 0.57911 0.57911 0.512681 0.57911 0.57911 0.22039 0.57911 0.57911 0.57911 0.57911 0.57911 0.57911 0.549973 0.57911 0.57911 0.220103 0.57911 0.57911 0.57911 0.57911 0.57911 0.57911 0.57911 0.57911 0.57911 0.57911 0.57911 0.57911 0.57911 0.57911 0.57911 0.57911 0.57911 0.57911 0.57911 0.57911 0.57911 0.57911 0.57911 0.57911 0.57911 0.57911 0.57911 0.57911 0.57911 0.57911 0.57911 0.57911 0.57911 0.57911 0.57911 0.57911 0.57911 0.57911 0.57911 0.57911 0.57911 0.57911 0.383104 0.57911 0.57911 0.57911 0.57911 0.57911 0.57911 0.57911 0.57911 0.57911 0.525293 0.57911 0.57911 0.57911 0.57911 0.57911 0.57911 0.57911 0.57911 0.57911 0.572575 0.57911 0.57911 0.57911 0.57911 0.57911 0.57911 0.57911 0.57911 0.57911 0.220132 0.57911 0.57911 0.57911 0.57911 0.57911 0.57911 0.57911 0.57911 0.57911 0.573121 0.57911 0.57911 0.57911 0.57911 0.57911 0.57911 0.57911 0.57911 0.57911 0.224484 0.57911 0.57911 0.57911 0.578402 0.57911 0.57911 0.57628 0.57911 0.57911 0.57911 0.57911 0.57911 0.57911 0.220061 0.57911 0.57911 0.57795 0.57911 0.57911 0.57911 0.57911 0.57911 0.57911 0.311042 0.57911 0.57911 0.2275 0.57911 0.57911 0.57911 0.57911 0.57911 0.57911 0.57911 0.57911 0.57911 0.57911 0.57911 0.57911 0.57911 0.57911 0.57911 0.57911 0.57911 0.57911 0.57911 0.57911 0.57911 0.57911 0.57911 0.57911 0.57911 0.57911 0.57911 0.57911 0.57911 0.57911 0.57911 0.57911 0.57911 0.57911 0.57911 0.57911 0.57911 0.57911 0.57911 0.57911 0.57911 0.57911 0.57797 0.57911 0.57911 0.57911 0.57911 0.57911 0.57911 0.57911 0.57911 0.57911 0.221044 0.57911 0.57911 0.57911 0.57911 0.57911 0.57911 0.57911 0.57911 0.57911 0.576125 0.57911 0.57911 0.57911 0.221825 0.57911 0.57911 0.566899 0.57911 0.57911 0.57911 0.57911 0.57911 0.57911 0.521577 0.57911 0.57911 0.220021 0.57911 0.57911 0.57911 0.57911 0.57911 0.57911 0.220016 0.57911 0.57911 0.245385 0.57911 0.57911 0.57911 0.57911 0.57911 0.57911 0.57911 0.57911 0.57911 0.57911 0.57911 0.57911 0.57911 0.57911 0.57911 0.57911 0.57911 0.57911 0.57911 0.57911 0.57911 0.57911 0.57911 0.57911 0.57911 0.57911 0.57911 0.57911 0.57911 0.57911 0.57911 0.57911 0.57911 0.57911 0.57911 0.57911 0.57911 0.57911 0.57911 0.57911 0.57911 0.57911 0.561146 0.57911 0.57911 0.57911 0.57911 0.57911 0.57911 0.57911 0.57911 0.57911 0.220007 0.57911 0.57911 0.57911 0.57911 0.57911 0.57911 0.57911 0.57911 0.57911 0.340259 0.57911 0.57911 0.57911 0.5763 0.57911 0.57911 0.416731 0.57911 0.57911 0.57911 0.57911 0.57911 0.57911 0.552119 0.57911 0.57911 0.533823 0.57911 0.57911 0.57911 0.57911 0.57911 0.57911 0.255678 0.57911 0.57911 0.263466 0.57911 0.57911 0.57911 0.57911 0.57911 0.57911 0.57911 0.57911 0.57911 0.57911 0.57911 0.57911 0.57911 0.57911 0.57911 0.57911 0.57911 0.57911 0.57911 0.57911 0.57911 0.57911 0.57911 0.57911 0.57911 0.57911 0.57911 0.57911 0.57911 0.57911 0.57911 0.57911 0.57911 0.57911 0.57911 0.57911 0.57911 0.57911 0.57911 0.57911 0.57911 0.57911 0.573895 0.57911 0.57911 0.57911 0.57911 0.57911 0.57911 0.57911 0.57911 0.57911 0.578132 0.57911 0.57911 0.57911 0.57911 0.57911 0.57911 0.57911 0.57911 0.57911 0.576779 0.57911 0.57911 0.57911 0.57911 0.57911 0.57911 0.57911 0.57911 0.57911 0.273659 0.57911 0.57911 0.57911 0.57911 0.57911 0.57911 0.57911 0.57911 0.57911 0.22004 0.57911 0.57911 0.57911 0.57911 0.57911 0.57911 0.57911 0.57911 0.57911 0.220024 0.57911 0.57911 0.57911 0.566759 0.57911 0.57911 0.569814 0.57911 0.57911 0.57911 0.57911 0.57911 0.57911 0.56402 0.57911 0.57911 0.565577 0.57911 0.57911 0.57911 0.57911 0.57911 0.57911 0.568517 0.57911 0.57911 0.577508 0.57911 0.57911 0.57911 0.57911 0.57911 0.57911 0.57911 0.57911 0.57911 0.57911 0.57911 0.57911 0.57911 0.57911 0.57911 0.57911 0.57911 0.57911 0.57911 0.57911 0.57911 0.57911 0.57911 0.57911 0.57911 0.57911 0.57911 0.57911 0.57911 0.57911 0.57911 0.57911 0.57911 0.57911 0.57911 0.57911 0.57911 0.57911 0.57911 0.57911 0.57911 0.57911 0.371603 0.57911 0.57911 0.57911 0.57911 0.57911 0.57911 0.57911 0.57911 0.57911 0.222254 0.57911 0.57911 0.57911 0.57911 0.57911 0.57911 0.57911 0.57911 0.57911 0.220001 0.57911 0.57911 0.57911 0.225065 0.57911 0.57911 0.577147 0.57911 0.57911 0.57911 0.57911 0.57911 0.57911 0.22518 0.57911 0.57911 0.577743 0.57911 0.57911 0.57911 0.57911 0.57911 0.57911 0.550043 0.57911 0.57911 0.242444 0.57911 0.57911 0.57911 0.57911 0.57911 0.57911 0.57911 0.57911 0.57911 0.57911 0.57911 0.57911 0.57911 0.57911 0.57911 0.57911 0.57911 0.57911 0.57911 0.57911 0.57911 0.57911 0.57911 0.57911 0.57911 0.57911 0.57911 0.57911 0.57911 0.57911 0.57911 0.57911 0.57911 0.57911 0.57911 0.57911 0.57911 0.57911 0.57911 0.57911 0.57911 0.57911 0.220225 0.57911 0.57911 0.57911 0.57911 0.57911 0.57911 0.57911 0.57911 0.57911 0.578086 0.57911 0.57911 0.57911 0.57911 0.57911 0.57911 0.57911 0.57911 0.57911 0.461542 0.57911 0.57911 0.57911 0.220275 0.57911 0.57911 0.29267 0.57911 0.57911 0.57911 0.57911 0.57911 0.57911 0.266968 0.57911 0.57911 0.556612 0.57911 0.57911 0.57911 0.57911 0.57911 0.57911 0.578304 0.57911 0.57911 0.380638 0.57911 0.57911 0.57911 0.57911 0.57911 0.57911 0.57911 0.57911 0.57911 0.57911 0.57911 0.57911 0.57911 0.57911 0.57911 0.57911 0.57911 0.57911 0.57911 0.57911 0.57911 0.57911 0.57911 0.57911 0.57911 0.57911 0.57911 0.57911 0.57911 0.57911 0.57911 0.57911 0.57911 0.57911 0.57911 0.57911 0.57911 0.57911 0.57911 0.57911 0.57911 0.57911 0.495197 0.57911 0.57911 0.57911 0.57911 0.57911 0.57911 0.57911 0.57911 0.57911 0.574153 0.57911 0.57911 0.57911 0.57911 0.57911 0.57911 0.57911 0.57911 0.57911 0.576966 0.57911 0.57911 
0.58906 0.58906 0.58906 0.58906 0.58906 0.58906 0.58906 0.569979 0.58906 0.58906 0.58906 0.58906 0.58906 0.58906 0.58906 0.58906 0.58906 0.210003 0.58906 0.58906 0.58906 0.58906 0.58906 0.58906 0.58906 0.58906 0.58906 0.229261 0.58906 0.58906 0.58906 0.394456 0.58906 0.58906 0.58858 0.58906 0.58906 0.58906 0.58906 0.58906 0.58906 0.588632 0.58906 0.58906 0.210055 0.58906 0.58906 0.58906 0.58906 0.58906 0.58906 0.587076 0.58906 0.58906 0.249996 0.58906 0.58906 0.58906 0.58906 0.58906 0.58906 0.58906 0.58906 0.58906 0.58906 0.58906 0.58906 0.58906 0.58906 0.58906 0.58906 0.58906 0.58906 0.58906 0.58906 0.58906 0.58906 0.58906 0.58906 0.58906 0.58906 0.58906 0.58906 0.58906 0.58906 0.58906 0.58906 0.58906 0.58906 0.58906 0.58906 0.58906 0.58906 0.58906 0.58906 0.58906 0.58906 0.278223 0.58906 0.58906 0.58906 0.58906 0.58906 0.58906 0.58906 0.58906 0.58906 0.588052 0.58906 0.58906 0.58906 0.58906 0.58906 0.58906 0.58906 0.58906 0.58906 0.53056 0.58906 0.58906 0.58906 0.491534 0.58906 0.58906 0.210017 0.58906 0.58906 0.58906 0.58906 0.58906 0.58906 0.210042 0.58906 0.58906 0.210036 0.58906 0.58906 0.58906 0.58906 0.58906 0.58906 0.31898 0.58906 0.58906 0.583675 0.58906 0.58906 0.58906 0.58906 0.58906 0.58906 0.58906 0.58906 0.58906 0.58906 0.58906 0.58906 0.58906 0.58906 0.58906 0.58906 0.58906 0.58906 0.58906 0.58906 0.58906 0.58906 0.58906 0.58906 0.58906 0.58906 0.58906 0.58906 0.58906 0.58906 0.58906 0.58906 0.58906 0.58906 0.58906 0.58906 0.58906 0.58906 0.58906 0.58906 0.58906 0.58906 0.586306 0.58906 0.58906 0.58906 0.58906 0.58906 0.58906 0.58906 0.58906 0.58906 0.31401 0.58906 0.58906 0.58906 0.58906 0.58906 0.58906 0.58906 0.58906 0.58906 0.228052 0.58906 0.58906 0.58906 0.210005 0.58906 0.58906 0.210586 0.58906 0.58906 0.58906 0.58906 0.58906 0.58906 0.519995 0.58906 0.58906 0.210417 0.58906 0.58906 0.58906 0.58906 0.58906 0.58906 0.55831 0.58906 0.58906 0.210108 0.58906 0.58906 0.58906 0.58906 0.58906 0.58906 0.58906 0.58906 0.58906 0.58906 0.58906 0.58906 0.58906 0.58906 0.58906 0.58906 0.58906 0.58906 0.58906 0.58906 0.58906 0.58906 0.58906 0.58906 0.58906 0.58906 0.58906 0.58906 0.58906 0.58906 0.58906 0.58906 0.58906 0.58906 0.58906 0.58906 0.58906 0.58906 0.58906 0.58906 0.58906 0.58906 0.382631 0.58906 0.58906 0.58906 0.58906 0.58906 0.58906 0.58906 0.58906 0.58906 0.531501 0.58906 0.58906 0.58906 0.58906 0.58906 0.58906 0.58906 0.58906 0.58906 0.58216 0.58906 0.58906 0.58906 0.58906 0.58906 0.58906 0.58906 0.58906 0.58906 0.210139 0.58906 0.58906 0.58906 0.58906 0.58906 0.58906 0.58906 0.58906 0.58906 0.582754 0.58906 0.58906 0.58906 0.58906 0.58906 0.58906 0.58906 0.58906 0.58906 0.214722 0.58906 0.58906 0.58906 0.588323 0.58906 0.58906 0.586106 0.58906 0.58906 0.58906 0.58906 0.58906 0.58906 0.210063 0.58906 0.58906 0.587827 0.58906 0.58906 0.58906 0.58906 0.58906 0.58906 0.303957 0.58906 0.58906 0.21764 0.58906 0.58906 0.58906 0.58906 0.58906 0.58906 0.58906 0.58906 0.58906 0.58906 0.58906 0.58906 0.58906 0.58906 0.58906 0.58906 0.58906 0.58906 0.58906 0.58906 0.58906 0.58906 0.58906 0.58906 0.58906 0.58906 0.58906 0.58906 0.58906 0.58906 0.58906 0.58906 0.58906 0.58906 0.58906 0.58906 0.58906 0.58906 0.58906 0.58906 0.58906 0.58906 0.58788 0.58906 0.58906 0.58906 0.58906 0.58906 0.58906 0.58906 0.58906 0.58906 0.211091 0.58906 0.58906 0.58906 0.58906 0.58906 0.58906 0.58906 0.58906 0.58906 0.585887 0.58906 0.58906 0.58906 0.211892 0.58906 0.58906 0.576279 0.58906 0.58906 0.58906 0.58906 0.58906 0.58906 0.528662 0.58906 0.58906 0.210022 0.58906 0.58906 0.58906 0.58906 0.58906 0.58906 0.210016 0.58906 0.58906 0.236333 0.58906 0.58906 0.58906 0.58906 0.58906 0.58906 0.58906 0.58906 0.58906 0.58906 0.58906 0.58906 0.58906 0.58906 0.58906 0.58906 0.58906 0.58906 0.58906 0.58906 0.58906 0.58906 0.58906 0.58906 0.58906 0.58906 0.58906 0.58906 0.58906 0.58906 0.58906 0.58906 0.58906 0.58906 0.58906 0.58906 0.58906 0.58906 0.58906 0.58906 0.58906 0.58906 0.570077 0.58906 0.58906 0.58906 0.58906 0.58906 0.58906 0.58906 0.58906 0.58906 0.210007 0.58906 0.58906 0.58906 0.58906 0.58906 0.58906 0.58906 0.58906 0.58906 0.337638 0.58906 0.58906 0.58906 0.586115 0.58906 0.58906 0.418906 0.58906 0.58906 0.58906 0.58906 0.58906 0.58906 0.560638 0.58906 0.58906 0.540986 0.58906 0.58906 0.58906 0.58906 0.58906 0.58906 0.247829 0.58906 0.58906 0.256227 0.58906 0.58906 0.58906 0.58906 0.58906 0.58906 0.58906 0.58906 0.58906 0.58906 0.58906 0.58906 0.58906 0.58906 0.58906 0.58906 0.58906 0.58906 0.58906 0.58906 0.58906 0.58906 0.58906 0.58906 0.58906 0.58906 0.58906 0.58906 0.58906 0.58906 0.58906 0.58906 0.58906 0.58906 0.58906 0.58906 0.58906 0.58906 0.58906 0.58906 0.58906 0.58906 0.583658 0.58906 0.58906 0.58906 0.58906 0.58906 0.58906 0.58906 0.58906 0.58906 0.58802 0.58906 0.58906 0.58906 0.58906 0.58906 0.58906 0.58906 0.58906 0.58906 0.586588 0.58906 0.58906 0.58906 0.58906 0.58906 0.58906 0.58906 0.58906 0.58906 0.265872 0.58906 0.58906 0.58906 0.58906 0.58906 0.58906 0.58906 0.58906 0.58906 0.210042 0.58906 0.58906 0.58906 0.58906 0.58906 0.58906 0.58906 0.58906 0.58906 0.210026 0.58906 0.58906 0.58906 0.575991 0.58906 0.58906 0.579282 0.58906 0.58906 0.58906 0.58906 0.58906 0.58906 0.57332 0.58906 0.58906 0.574761 0.58906 0.58906 0.58906 0.58906 0.58906 0.58906 0.577837 0.58906 0.58906 0.58734 0.58906 0.58906 0.58906 0.58906 0.58906 0.58906 0.58906 0.58906 0.58906 0.58906 0.58906 0.58906 0.58906 0.58906 0.58906 0.58906 0.58906 0.58906 0.58906 0.58906 0.58906 0.58906 0.58906 0.58906 0.58906 0.58906 0.58906 0.58906 0.58906 0.58906 0.58906 0.58906 0.58906 0.58906 0.58906 0.58906 0.58906 0.58906 0.58906 0.58906 0.58906 0.58906 0.372077 0.58906 0.58906 0.58906 0.58906 0.58906 0.58906 0.58906 0.58906 0.58906 0.212412 0.58906 0.58906 0.58906 0.58906 0.58906 0.58906 0.58906 0.58906 0.58906 0.210001 0.58906 0.58906 0.58906 0.215379 0.58906 0.58906 0.586993 0.58906 0.58906 0.58906 0.58906 0.58906 0.58906 0.215504 0.58906 0.58906 0.587616 0.58906 0.58906 0.58906 0.58906 0.58906 0.58906 0.558908 0.58906 0.58906 0.233046 0.58906 0.58906 0.58906 0.58906 0.58906 0.58906 0.58906 0.58906 0.58906 0.58906 0.58906 0.58906 0.58906 0.58906 0.58906 0.58906 0.58906 0.58906 0.58906 0.58906 0.58906 0.58906 0.58906 0.58906 0.58906 0.58906 0.58906 0.58906 0.58906 0.58906 0.58906 0.58906 0.58906 0.58906 0.58906 0.58906 0.58906 0.58906 0.58906 0.58906 0.58906 0.58906 0.210236 0.58906 0.58906 0.58906 0.58906 0.58906 0.58906 0.58906 0.58906 0.58906 0.587977 0.58906 0.58906 0.58906 0.58906 0.58906 0.58906 0.58906 0.58906 0.58906 0.465565 0.58906 0.58906 0.58906 0.210296 0.58906 0.58906 0.28666 0.58906 0.58906 0.58906 0.58906 0.58906 0.58906 0.257861 0.58906 0.58906 0.565174 0.58906 0.58906 0.58906 0.58906 0.58906 0.58906 0.588217 0.58906 0.58906 0.377724 0.58906 0.58906 0.58906 0.58906 0.58906 0.58906 0.58906 0.58906 0.58906 0.58906 0.58906 0.58906 0.58906 0.58906 0.58906 0.58906 0.58906 0.58906 0.58906 0.58906 0.58906 0.58906 0.58906 0.58906 0.58906 0.58906 0.58906 0.58906 0.58906 0.58906 0.58906 0.58906 0.58906 0.58906 0.58906 0.58906 0.58906 0.58906 0.58906 0.58906 0.58906 0.58906 0.500339 0.58906 0.58906 0.58906 0.58906 0.58906 0.58906 0.58906 0.58906 0.58906 0.583884 0.58906 0.58906 0.58906 0.58906 0.58906 0.58906 0.58906 0.58906 0.58906 0.586786 0.58906 0.58906 
0.599011 0.599011 0.599011 0.599011 0.599011 0.599011 0.599011 0.578878 0.599011 0.599011 0.599011 0.599011 0.599011 0.599011 0.599011 0.599011 0.599011 0.200003 0.599011 0.599011 0.599011 0.599011 0.599011 0.599011 0.599011 0.599011 0.599011 0.220209 0.599011 0.599011 0.599011 0.394614 0.599011 0.599011 0.598514 0.599011 0.599011 0.599011 0.599011 0.599011 0.599011 0.598572 0.599011 0.599011 0.200058 0.599011 0.599011 0.599011 0.599011 0.599011 0.599011 0.59694 0.599011 0.599011 0.242757 0.599011 0.599011 0.599011 0.599011 0.599011 0.599011 0.599011 0.599011 0.599011 0.599011 0.599011 0.599011 0.599011 0.599011 0.599011 0.599011 0.599011 0.599011 0.599011 0.599011 0.599011 0.599011 0.599011 0.599011 0.599011 0.599011 0.599011 0.599011 0.599011 0.599011 0.599011 0.599011 0.599011 0.599011 0.599011 0.599011 0.599011 0.599011 0.599011 0.599011 0.599011 0.599011 0.271382 0.599011 0.599011 0.599011 0.599011 0.599011 0.599011 0.599011 0.599011 0.599011 0.597925 0.599011 0.599011 0.599011 0.599011 0.599011 0.599011 0.599011 0.599011 0.599011 0.536768 0.599011 0.599011 0.599011 0.496197 0.599011 0.599011 0.200018 0.599011 0.599011 0.599011 0.599011 0.599011 0.599011 0.200044 0.599011 0.599011 0.200039 0.599011 0.599011 0.599011 0.599011 0.599011 0.599011 0.313176 0.599011 0.599011 0.593478 0.599011 0.599011 0.599011 0.599011 0.599011 0.599011 0.599011 0.599011 0.599011 0.599011 0.599011 0.599011 0.599011 0.599011 0.599011 0.599011 0.599011 0.599011 0.599011 0.599011 0.599011 0.599011 0.599011 0.599011 0.599011 0.599011 0.599011 0.599011 0.599011 0.599011 0.599011 0.599011 0.599011 0.599011 0.599011 0.599011 0.599011 0.599011 0.599011 0.599011 0.599011 0.599011 0.596138 0.599011 0.599011 0.599011 0.599011 0.599011 0.599011 0.599011 0.599011 0.599011 0.308528 0.599011 0.599011 0.599011 0.599011 0.599011 0.599011 0.599011 0.599011 0.599011 0.21903 0.599011 0.599011 0.599011 0.200005 0.599011 0.599011 0.200604 0.599011 0.599011 0.599011 0.599011 0.599011 0.599011 0.526836 0.599011 0.599011 0.200428 0.599011 0.599011 0.599011 0.599011 0.599011 0.599011 0.566218 0.599011 0.599011 0.200119 0.599011 0.599011 0.599011 0.599011 0.599011 0.599011 0.599011 0.599011 0.599011 0.599011 0.599011 0.599011 0.599011 0.599011 0.599011 0.599011 0.599011 0.599011 0.599011 0.599011 0.599011 0.599011 0.599011 0.599011 0.599011 0.599011 0.599011 0.599011 0.599011 0.599011 0.599011 0.599011 0.599011 0.599011 0.599011 0.599011 0.599011 0.599011 0.599011 0.599011 0.599011 0.599011 0.382473 0.599011 0.599011 0.599011 0.599011 0.599011 0.599011 0.599011 0.599011 0.599011 0.536871 0.599011 0.599011 0.599011 0.599011 0.599011 0.599011 0.599011 0.599011 0.599011 0.591815 0.599011 0.599011 0.599011 0.599011 0.599011 0.599011 0.599011 0.599011 0.599011 0.200142 0.599011 0.599011 0.599011 0.599011 0.599011 0.599011 0.599011 0.599011 0.599011 0.592351 0.599011 0.599011 0.599011 0.599011 0.599011 0.599011 0.599011 0.599011 0.599011 0.204991 0.599011 0.599011 0.599011 0.598251 0.599011 0.599011 0.595897 0.599011 0.599011 0.599011 0.599011 0.599011 0.599011 0.200067 0.599011 0.599011 0.597715 0.599011 0.599011 0.599011 0.599011 0.599011 0.599011 0.301782 0.599011 0.599011 0.207784 0.599011 0.599011 0.599011 0.599011 0.599011 0.599011 0.599011 0.599011 0.599011 0.599011 0.599011 0.599011 0.599011 0.599011 0.599011 0.599011 0.599011 0.599011 0.599011 0.599011 0.599011 0.599011 0.599011 0.599011 0.599011 0.599011 0.599011 0.599011 0.599011 0.599011 0.599011 0.599011 0.599011 0.599011 0.599011 0.599011 0.599011 0.599011 0.599011 0.599011 0.599011 0.599011 0.597778 0.599011 0.599011 0.599011 0.599011 0.599011 0.599011 0.599011 0.599011 0.599011 0.201134 0.599011 0.599011 0.599011 0.599011 0.599011 0.599011 0.599011 0.599011 0.599011 0.595678 0.599011 0.599011 0.599011 0.201991 0.599011 0.599011 0.58573 0.599011 0.599011 0.599011 0.599011 0.599011 0.599011 0.535503 0.599011 0.599011 0.200024 0.599011 0.599011 0.599011 0.599011 0.599011 0.599011 0.200017 0.599011 0.599011 0.227574 0.599011 0.599011 0.599011 0.599011 0.599011 0.599011 0.599011 0.599011 0.599011 0.599011 0.599011 0.599011 0.599011 0.599011 0.599011 0.599011 0.599011 0.599011 0.599011 0.599011 0.599011 0.599011 0.599011 0.599011 0.599011 0.599011 0.599011 0.599011 0.599011 0.599011 0.599011 0.599011 0.599011 0.599011 0.599011 0.599011 0.599011 0.599011 0.599011 0.599011 0.599011 0.599011 0.578799 0.599011 0.599011 0.599011 0.599011 0.599011 0.599011 0.599011 0.599011 0.599011 0.200008 0.599011 0.599011 0.599011 0.599011 0.599011 0.599011 0.599011 0.599011 0.599011 0.337164 0.599011 0.599011 0.599011 0.59593 0.599011 0.599011 0.419379 0.599011 0.599011 0.599011 0.599011 0.599011 0.599011 0.569503 0.599011 0.599011 0.547742 0.599011 0.599011 0.599011 0.599011 0.599011 0.599011 0.239399 0.599011 0.599011 0.248503 0.599011 0.599011 0.599011 0.599011 0.599011 0.599011 0.599011 0.599011 0.599011 0.599011 0.599011 0.599011 0.599011 0.599011 0.599011 0.599011 0.599011 0.599011 0.599011 0.599011 0.599011 0.599011 0.599011 0.599011 0.599011 0.599011 0.599011 0.599011 0.599011 0.599011 0.599011 0.599011 0.599011 0.599011 0.599011 0.599011 0.599011 0.599011 0.599011 0.599011 0.599011 0.599011 0.593267 0.599011 0.599011 0.599011 0.599011 0.599011 0.599011 0.599011 0.599011 0.599011 0.597946 0.599011 0.599011 0.599011 0.599011 0.599011 0.599011 0.599011 0.599011 0.599011 0.59643 0.599011 0.599011 0.599011 0.599011 0.599011 0.599011 0.599011 0.599011 0.599011 0.258346 0.599011 0.599011 0.599011 0.599011 0.599011 0.599011 0.599011 0.599011 0.599011 0.200044 0.599011 0.599011 0.599011 0.599011 0.599011 0.599011 0.599011 0.599011 0.599011 0.200029 0.599011 0.599011 0.599011 0.585506 0.599011 0.599011 0.588623 0.599011 0.599011 0.599011 0.599011 0.599011 0.599011 0.582504 0.599011 0.599011 0.583592 0.599011 0.599011 0.599011 0.599011 0.599011 0.599011 0.586917 0.599011 0.599011 0.597149 0.599011 0.599011 0.599011 0.599011 0.599011 0.599011 0.599011 0.599011 0.599011 0.599011 0.599011 0.599011 0.599011 0.599011 0.599011 0.599011 0.599011 0.599011 0.599011 0.599011 0.599011 0.599011 0.599011 0.599011 0.599011 0.599011 0.599011 0.599011 0.599011 0.599011 0.599011 0.599011 0.599011 0.599011 0.599011 0.599011 0.599011 0.599011 0.599011 0.599011 0.599011 0.599011 0.37082 0.599011 0.599011 0.599011 0.599011 0.599011 0.599011 0.599011 0.599011 0.599011 0.202566 0.599011 0.599011 0.599011 0.599011 0.599011 0.599011 0.599011 0.599011 0.599011 0.200001 0.599011 0.599011 0.599011 0.205576 0.599011 0.599011 0.596849 0.599011 0.599011 0.599011 0.599011 0.599011 0.599011 0.205765 0.599011 0.599011 0.597458 0.599011 0.599011 0.599011 0.599011 0.599011 0.599011 0.567195 0.599011 0.599011 0.224484 0.599011 0.599011 0.599011 0.599011 0.599011 0.599011 0.599011 0.599011 0.599011 0.599011 0.599011 0.599011 0.599011 0.599011 0.599011 0.599011 0.599011 0.599011 0.599011 0.599011 0.599011 0.599011 0.599011 0.599011 0.599011 0.599011 0.599011 0.599011 0.599011 0.599011 0.599011 0.599011 0.599011 0.599011 0.599011 0.599011 0.599011 0.599011 0.599011 0.599011 0.599011 0.599011 0.200246 0.599011 0.599011 0.599011 0.599011 0.599011 0.599011 0.599011 0.599011 0.599011 0.597898 0.599011 0.599011 0.599011 0.599011 0.599011 0.599011 0.599011 0.599011 0.599011 0.468622 0.599011 0.599011 0.599011 0.200305 0.599011 0.599011 0.28318 0.599011 0.599011 0.599011 0.599011 0.599011 0.599011 0.249139 0.599011 0.599011 0.573307 0.599011 0.599011 0.599011 0.599011 0.599011 0.599011 0.598086 0.599011 0.599011 0.376937 0.599011 0.599011 0.599011 0.599011 0.599011 0.599011 0.599011 0.599011 0.599011 0.599011 0.599011 0.599011 0.599011 0.599011 0.599011 0.599011 0.599011 0.599011 0.599011 0.599011 0.599011 0.599011 0.599011 0.599011 0.599011 0.599011 0.599011 0.599011 0.599011 0.599011 0.599011 0.599011 0.599011 0.599011 0.599011 0.599011 0.599011 0.599011 0.599011 0.599011 0.599011 0.599011 0.508188 0.599011 0.599011 0.599011 0.599011 0.599011 0.599011 0.599011 0.599011 0.599011 0.593441 0.599011 0.599011 0.599011 0.599011 0.599011 0.599011 0.599011 0.599011 0.599011 0.596618 0.599011 0.599011 

</Matrix>
   <Matrix name="ratesHistory" type="complete" rows="21" columns="900" multiplier="1.0">
   0 0 0 0 0 0 0 0 0 0 0 0 0 0 0 0 0 0 0 0 0 0 0 0 0 0 0 0 0 0 0 0 0 0 0 0 0 0 0 0 0 0 0 0 0 0 0 0 0 0 0 0 0 0 0 0 0 0 0 0 0 0 0 0 0 0 0 0 0 0 0 0 0 0 0 0 0 0 0 0 0 0 0 0 0 0 0 0 0 0 0 0 0 0 0 0 0 0 0 0 0 0 0 0 0 0 0 0 0 0 0 0 0 0 0 0 0 0 0 0 0 0 0 0 0 0 0 0 0 0 0 0 0 0 0 0 0 0 0 0 0 0 0 0 0 0 0 0 0 0 0 0 0 0 0 0 0 0 0 0 0 0 0 0 0 0 0 0 0 0 0 0 0 0 0 0 0 0 0 0 0 0 0 0 0 0 0 0 0 0 0 0 0 0 0 0 0 0 0 0 0 0 0 0 0 0 0 0 0 0 0 0 0 0 0 0 0 0 0 0 0 0 0 0 0 0 0 0 0 0 0 0 0 0 0 0 0 0 0 0 0 0 0 0 0 0 0 0 0 0 0 0 0 0 0 0 0 0 0 0 0 0 0 0 0 0 0 0 0 0 0 0 0 0 0 0 0 0 0 0 0 0 0 0 0 0 0 0 0 0 0 0 0 0 0 0 0 0 0 0 0 0 0 0 0 0 0 0 0 0 0 0 0 0 0 0 0 0 0 0 0 0 0 0 0 0 0 0 0 0 0 0 0 0 0 0 0 0 0 0 0 0 0 0 0 0 0 0 0 0 0 0 0 0 0 0 0 0 0 0 0 0 0 0 0 0 0 0 0 0 0 0 0 0 0 0 0 0 0 0 0 0 0 0 0 0 0 0 0 0 0 0 0 0 0 0 0 0 0 0 0 0 0 0 0 0 0 0 0 0 0 0 0 0 0 0 0 0 0 0 0 0 0 0 0 0 0 0 0 0 0 0 0 0 0 0 0 0 0 0 0 0 0 0 0 0 0 0 0 0 0 0 0 0 0 0 0 0 0 0 0 0 0 0 0 0 0 0 0 0 0 0 0 0 0 0 0 0 0 0 0 0 0 0 0 0 0 0 0 0 0 0 0 0 0 0 0 0 0 0 0 0 0 0 0 0 0 0 0 0 0 0 0 0 0 0 0 0 0 0 0 0 0 0 0 0 0 0 0 0 0 0 0 0 0 0 0 0 0 0 0 0 0 0 0 0 0 0 0 0 0 0 0 0 0 0 0 0 0 0 0 0 0 0 0 0 0 0 0 0 0 0 0 0 0 0 0 0 0 0 0 0 0 0 0 0 0 0 0 0 0 0 0 0 0 0 0 0 0 0 0 0 0 0 0 0 0 0 0 0 0 0 0 0 0 0 0 0 0 0 0 0 0 0 0 0 0 0 0 0 0 0 0 0 0 0 0 0 0 0 0 0 0 0 0 0 0 0 0 0 0 0 0 0 0 0 0 0 0 0 0 0 0 0 0 0 0 0 0 0 0 0 0 0 0 0 0 0 0 0 0 0 0 0 0 0 0 0 0 0 0 0 0 0 0 0 0 0 0 0 0 0 0 0 0 0 0 0 0 0 0 0 0 0 0 0 0 0 0 0 0 0 0 0 0 0 0 0 0 0 0 0 0 0 0 0 0 0 0 0 0 0 0 0 0 0 0 0 0 0 0 0 0 0 0 0 0 0 0 0 0 0 0 0 0 0 0 0 0 0 0 0 0 0 0 0 0 0 0 0 0 0 0 0 0 0 0 0 0 0 0 0 0 0 0 0 0 0 0 0 0 0 0 0 0 0 0 0 0 0 0 0 0 0 0 0 0 0 0 0 0 0 0 0 0 0 0 0 0 0 0 0 0 0 0 0 0 0 0 0 0 0 0 0 0 0 0 0 0 0 0 0 0 0 0 0 0 0 0 0 0 0 0 0 0 0 0 0 0 0 0 0 0 0 0 0 0 0 0 0 0 0 0 0 0 0 0 0 0 0 0 0 0 0 0 0 0 0 0 0 
0 0 0 0 0 0 0 0.89 0 0 0 0 0 0 0 0 0 5.78 0 0 0 0 0 0 0 0 0 3.03 0 0 0 1.87 0 0 0.16 0 0 0 0 0 0 0.05 0 0 4.56 0 0 0 0 0 0 0.36 0 0 2.54 0 0 0 0 0 0 0 0 0 0 0 0 0 0 0 0 0 0 0 0 0 0 0 0 0 0 0 0 0 0 0 0 0 0 0 0 0 0 0 0 0 0 2.51 0 0 0 0 0 0 0 0 0 0.2 0 0 0 0 0 0 0 0 0 1.07 0 0 0 1.57 0 0 5.23 0 0 0 0 0 0 4.96 0 0 4.88 0 0 0 0 0 0 1.93 0 0 0.62 0 0 0 0 0 0 0 0 0 0 0 0 0 0 0 0 0 0 0 0 0 0 0 0 0 0 0 0 0 0 0 0 0 0 0 0 0 0 0 0 0 0 0.37 0 0 0 0 0 0 0 0 0 2.15 0 0 0 0 0 0 0 0 0 2.75 0 0 0 5.48 0 0 3.94 0 0 0 0 0 0 1.45 0 0 4.12 0 0 0 0 0 0 0.94 0 0 4.67 0 0 0 0 0 0 0 0 0 0 0 0 0 0 0 0 0 0 0 0 0 0 0 0 0 0 0 0 0 0 0 0 0 0 0 0 0 0 0 0 0 0 2.11 0 0 0 0 0 0 0 0 0 1.38 0 0 0 0 0 0 0 0 0 0.6 0 0 0 0 0 0 0 0 0 4.28 0 0 0 0 0 0 0 0 0 0.69 0 0 0 0 0 0 0 0 0 3.59 0 0 0 0.22 0 0 0.51 0 0 0 0 0 0 4.81 0 0 0.2 0 0 0 0 0 0 2.16 0 0 3.13 0 0 0 0 0 0 0 0 0 0 0 0 0 0 0 0 0 0 0 0 0 0 0 0 0 0 0 0 0 0 0 0 0 0 0 0 0 0 0 0 0 0 0.3 0 0 0 0 0 0 0 0 0 3.64 0 0 0 0 0 0 0 0 0 0.48 0 0 0 3.46 0 0 0.75 0 0 0 0 0 0 1.39 0 0 4.89 0 0 0 0 0 0 4.84 0 0 2.73 0 0 0 0 0 0 0 0 0 0 0 0 0 0 0 0 0 0 0 0 0 0 0 0 0 0 0 0 0 0 0 0 0 0 0 0 0 0 0 0 0 0 0.94 0 0 0 0 0 0 0 0 0 5.18 0 0 0 0 0 0 0 0 0 2.17 0 0 0 0.5 0 0 1.81 0 0 0 0 0 0 1.1 0 0 1.25 0 0 0 0 0 0 2.56 0 0 2.69 0 0 0 0 0 0 0 0 0 0 0 0 0 0 0 0 0 0 0 0 0 0 0 0 0 0 0 0 0 0 0 0 0 0 0 0 0 0 0 0 0 0 0.59 0 0 0 0 0 0 0 0 0 0.21 0 0 0 0 0 0 0 0 0 0.44 0 0 0 0 0 0 0 0 0 2.5 0 0 0 0 0 0 0 0 0 4.97 0 0 0 0 0 0 0 0 0 4.98 0 0 0 0.79 0 0 0.7 0 0 0 0 0 0 0.8 0 0 0.86 0 0 0 0 0 0 0.95 0 0 0.37 0 0 0 0 0 0 0 0 0 0 0 0 0 0 0 0 0 0 0 0 0 0 0 0 0 0 0 0 0 0 0 0 0 0 0 0 0 0 0 0 0 0 1.97 0 0 0 0 0 0 0 0 0 3.55 0 0 0 0 0 0 0 0 0 5.91 0 0 0 3.02 0 0 0.4 0 0 0 0 0 0 3.43 0 0 0.3 0 0 0 0 0 0 0.96 0 0 2.76 0 0 0 0 0 0 0 0 0 0 0 0 0 0 0 0 0 0 0 0 0 0 0 0 0 0 0 0 0 0 0 0 0 0 0 0 0 0 0 0 0 0 4.49 0 0 0 0 0 0 0 0 0 0.18 0 0 0 0 0 0 0 0 0 1.56 0 0 0 4.2 0 0 2.13 0 0 0 0 0 0 2.23 0 0 1.04 0 0 0 0 0 0 0.13 0 0 1.85 0 0 0 0 0 0 0 0 0 0 0 0 0 0 0 0 0 0 0 0 0 0 0 0 0 0 0 0 0 0 0 0 0 0 0 0 0 0 0 0 0 0 1.4 0 0 0 0 0 0 0 0 0 0.59 0 0 0 0 0 0 0 0 0 0.36 0 0 
0 0 0 0 0 0 0 1.04 0 0 0 0 0 0 0 0 0 5.56 0 0 0 0 0 0 0 0 0 2.64 0 0 0 2.18 0 0 0.19 0 0 0 0 0 0 0.11 0 0 4.68 0 0 0 0 0 0 0.32 0 0 2.53 0 0 0 0 0 0 0 0 0 0 0 0 0 0 0 0 0 0 0 0 0 0 0 0 0 0 0 0 0 0 0 0 0 0 0 0 0 0 0 0 0 0 2.61 0 0 0 0 0 0 0 0 0 0.22 0 0 0 0 0 0 0 0 0 1.3 0 0 0 1.53 0 0 4.97 0 0 0 0 0 0 4.73 0 0 4.86 0 0 0 0 0 0 2.16 0 0 0.45 0 0 0 0 0 0 0 0 0 0 0 0 0 0 0 0 0 0 0 0 0 0 0 0 0 0 0 0 0 0 0 0 0 0 0 0 0 0 0 0 0 0 0.43 0 0 0 0 0 0 0 0 0 2.32 0 0 0 0 0 0 0 0 0 2.96 0 0 0 5.13 0 0 3.98 0 0 0 0 0 0 1.61 0 0 3.89 0 0 0 0 0 0 1.19 0 0 4.59 0 0 0 0 0 0 0 0 0 0 0 0 0 0 0 0 0 0 0 0 0 0 0 0 0 0 0 0 0 0 0 0 0 0 0 0 0 0 0 0 0 0 1.99 0 0 0 0 0 0 0 0 0 1.35 0 0 0 0 0 0 0 0 0 0.51 0 0 0 0 0 0 0 0 0 4.41 0 0 0 0 0 0 0 0 0 0.65 0 0 0 0 0 0 0 0 0 3.31 0 0 0 0.17 0 0 0.42 0 0 0 0 0 0 4.72 0 0 0.25 0 0 0 0 0 0 2.31 0 0 3.33 0 0 0 0 0 0 0 0 0 0 0 0 0 0 0 0 0 0 0 0 0 0 0 0 0 0 0 0 0 0 0 0 0 0 0 0 0 0 0 0 0 0 0.22 0 0 0 0 0 0 0 0 0 3.62 0 0 0 0 0 0 0 0 0 0.51 0 0 0 3.47 0 0 0.91 0 0 0 0 0 0 1.39 0 0 4.87 0 0 0 0 0 0 5.25 0 0 2.86 0 0 0 0 0 0 0 0 0 0 0 0 0 0 0 0 0 0 0 0 0 0 0 0 0 0 0 0 0 0 0 0 0 0 0 0 0 0 0 0 0 0 0.94 0 0 0 0 0 0 0 0 0 5.42 0 0 0 0 0 0 0 0 0 1.98 0 0 0 0.48 0 0 1.97 0 0 0 0 0 0 1.16 0 0 1.3 0 0 0 0 0 0 2.71 0 0 2.29 0 0 0 0 0 0 0 0 0 0 0 0 0 0 0 0 0 0 0 0 0 0 0 0 0 0 0 0 0 0 0 0 0 0 0 0 0 0 0 0 0 0 0.56 0 0 0 0 0 0 0 0 0 0.31 0 0 0 0 0 0 0 0 0 0.36 0 0 0 0 0 0 0 0 0 2.44 0 0 0 0 0 0 0 0 0 4.84 0 0 0 0 0 0 0 0 0 5.03 0 0 0 0.82 0 0 0.73 0 0 0 0 0 0 0.9 0 0 0.92 0 0 0 0 0 0 0.88 0 0 0.35 0 0 0 0 0 0 0 0 0 0 0 0 0 0 0 0 0 0 0 0 0 0 0 0 0 0 0 0 0 0 0 0 0 0 0 0 0 0 0 0 0 0 1.84 0 0 0 0 0 0 0 0 0 3.53 0 0 0 0 0 0 0 0 0 5.86 0 0 0 3.23 0 0 0.49 0 0 0 0 0 0 3.22 0 0 0.32 0 0 0 0 0 0 1.11 0 0 2.51 0 0 0 0 0 0 0 0 0 0 0 0 0 0 0 0 0 0 0 0 0 0 0 0 0 0 0 0 0 0 0 0 0 0 0 0 0 0 0 0 0 0 4.02 0 0 0 0 0 0 0 0 0 0.27 0 0 0 0 0 0 0 0 0 1.52 0 0 0 4.23 0 0 2.29 0 0 0 0 0 0 2.65 0 0 1.02 0 0 0 0 0 0 0.24 0 0 2.16 0 0 0 0 0 0 0 0 0 0 0 0 0 0 0 0 0 0 0 0 0 0 0 0 0 0 0 0 0 0 0 0 0 0 0 0 0 0 0 0 0 0 1.33 0 0 0 0 0 0 0 0 0 0.63 0 0 0 0 0 0 0 0 0 0.49 0 0 
0 0 0 0 0 0 0 1.07 0 0 0 0 0 0 0 0 0 5.61 0 0 0 0 0 0 0 0 0 2.82 0 0 0 1.96 0 0 0.1 0 0 0 0 0 0 0.11 0 0 4.49 0 0 0 0 0 0 0.44 0 0 2.36 0 0 0 0 0 0 0 0 0 0 0 0 0 0 0 0 0 0 0 0 0 0 0 0 0 0 0 0 0 0 0 0 0 0 0 0 0 0 0 0 0 0 2.22 0 0 0 0 0 0 0 0 0 0.23 0 0 0 0 0 0 0 0 0 1.21 0 0 0 1.57 0 0 4.88 0 0 0 0 0 0 4.87 0 0 4.79 0 0 0 0 0 0 2.04 0 0 0.63 0 0 0 0 0 0 0 0 0 0 0 0 0 0 0 0 0 0 0 0 0 0 0 0 0 0 0 0 0 0 0 0 0 0 0 0 0 0 0 0 0 0 0.57 0 0 0 0 0 0 0 0 0 2.18 0 0 0 0 0 0 0 0 0 2.89 0 0 0 5.3 0 0 3.75 0 0 0 0 0 0 1.35 0 0 4.05 0 0 0 0 0 0 1.1 0 0 4.25 0 0 0 0 0 0 0 0 0 0 0 0 0 0 0 0 0 0 0 0 0 0 0 0 0 0 0 0 0 0 0 0 0 0 0 0 0 0 0 0 0 0 2.02 0 0 0 0 0 0 0 0 0 1.4 0 0 0 0 0 0 0 0 0 0.72 0 0 0 0 0 0 0 0 0 4.31 0 0 0 0 0 0 0 0 0 0.65 0 0 0 0 0 0 0 0 0 3.33 0 0 0 0.23 0 0 0.44 0 0 0 0 0 0 4.47 0 0 0.22 0 0 0 0 0 0 2.16 0 0 3.02 0 0 0 0 0 0 0 0 0 0 0 0 0 0 0 0 0 0 0 0 0 0 0 0 0 0 0 0 0 0 0 0 0 0 0 0 0 0 0 0 0 0 0.34 0 0 0 0 0 0 0 0 0 3.52 0 0 0 0 0 0 0 0 0 0.45 0 0 0 3.6 0 0 0.83 0 0 0 0 0 0 1.45 0 0 4.92 0 0 0 0 0 0 5.55 0 0 2.67 0 0 0 0 0 0 0 0 0 0 0 0 0 0 0 0 0 0 0 0 0 0 0 0 0 0 0 0 0 0 0 0 0 0 0 0 0 0 0 0 0 0 0.95 0 0 0 0 0 0 0 0 0 5.48 0 0 0 0 0 0 0 0 0 2.34 0 0 0 0.44 0 0 1.82 0 0 0 0 0 0 1.01 0 0 1.13 0 0 0 0 0 0 2.55 0 0 2.58 0 0 0 0 0 0 0 0 0 0 0 0 0 0 0 0 0 0 0 0 0 0 0 0 0 0 0 0 0 0 0 0 0 0 0 0 0 0 0 0 0 0 0.57 0 0 0 0 0 0 0 0 0 0.27 0 0 0 0 0 0 0 0 0 0.55 0 0 0 0 0 0 0 0 0 2.61 0 0 0 0 0 0 0 0 0 4.72 0 0 0 0 0 0 0 0 0 5.02 0 0 0 0.84 0 0 0.77 0 0 0 0 0 0 0.87 0 0 0.92 0 0 0 0 0 0 0.82 0 0 0.28 0 0 0 0 0 0 0 0 0 0 0 0 0 0 0 0 0 0 0 0 0 0 0 0 0 0 0 0 0 0 0 0 0 0 0 0 0 0 0 0 0 0 2.07 0 0 0 0 0 0 0 0 0 3.38 0 0 0 0 0 0 0 0 0 5.89 0 0 0 3.14 0 0 0.26 0 0 0 0 0 0 3.36 0 0 0.34 0 0 0 0 0 0 1.28 0 0 3.05 0 0 0 0 0 0 0 0 0 0 0 0 0 0 0 0 0 0 0 0 0 0 0 0 0 0 0 0 0 0 0 0 0 0 0 0 0 0 0 0 0 0 4.21 0 0 0 0 0 0 0 0 0 0.28 0 0 0 0 0 0 0 0 0 1.59 0 0 0 4.36 0 0 2.35 0 0 0 0 0 0 2.74 0 0 1.13 0 0 0 0 0 0 0.24 0 0 1.96 0 0 0 0 0 0 0 0 0 0 0 0 0 0 0 0 0 0 0 0 0 0 0 0 0 0 0 0 0 0 0 0 0 0 0 0 0 0 0 0 0 0 1.49 0 0 0 0 0 0 0 0 0 0.58 0 0 0 0 0 0 0 0 0 0.36 0 0 
0 0 0 0 0 0 0 1.01 0 0 0 0 0 0 0 0 0 5.64 0 0 0 0 0 0 0 0 0 2.77 0 0 0 1.92 0 0 0.11 0 0 0 0 0 0 0.16 0 0 4.79 0 0 0 0 0 0 0.36 0 0 2.43 0 0 0 0 0 0 0 0 0 0 0 0 0 0 0 0 0 0 0 0 0 0 0 0 0 0 0 0 0 0 0 0 0 0 0 0 0 0 0 0 0 0 2.24 0 0 0 0 0 0 0 0 0 0.26 0 0 0 0 0 0 0 0 0 1.46 0 0 0 1.4 0 0 5.16 0 0 0 0 0 0 4.67 0 0 4.72 0 0 0 0 0 0 2.2 0 0 0.61 0 0 0 0 0 0 0 0 0 0 0 0 0 0 0 0 0 0 0 0 0 0 0 0 0 0 0 0 0 0 0 0 0 0 0 0 0 0 0 0 0 0 0.37 0 0 0 0 0 0 0 0 0 2.25 0 0 0 0 0 0 0 0 0 2.92 0 0 0 5.69 0 0 4.01 0 0 0 0 0 0 1.48 0 0 4.22 0 0 0 0 0 0 1.1 0 0 4.73 0 0 0 0 0 0 0 0 0 0 0 0 0 0 0 0 0 0 0 0 0 0 0 0 0 0 0 0 0 0 0 0 0 0 0 0 0 0 0 0 0 0 2.01 0 0 0 0 0 0 0 0 0 1.24 0 0 0 0 0 0 0 0 0 0.78 0 0 0 0 0 0 0 0 0 4.84 0 0 0 0 0 0 0 0 0 0.54 0 0 0 0 0 0 0 0 0 3.26 0 0 0 0.17 0 0 0.48 0 0 0 0 0 0 4.71 0 0 0.25 0 0 0 0 0 0 2.28 0 0 3.09 0 0 0 0 0 0 0 0 0 0 0 0 0 0 0 0 0 0 0 0 0 0 0 0 0 0 0 0 0 0 0 0 0 0 0 0 0 0 0 0 0 0 0.28 0 0 0 0 0 0 0 0 0 3.76 0 0 0 0 0 0 0 0 0 0.47 0 0 0 3.83 0 0 0.74 0 0 0 0 0 0 1.3 0 0 5.26 0 0 0 0 0 0 5.12 0 0 2.69 0 0 0 0 0 0 0 0 0 0 0 0 0 0 0 0 0 0 0 0 0 0 0 0 0 0 0 0 0 0 0 0 0 0 0 0 0 0 0 0 0 0 1.13 0 0 0 0 0 0 0 0 0 5.32 0 0 0 0 0 0 0 0 0 2.01 0 0 0 0.48 0 0 1.97 0 0 0 0 0 0 1.05 0 0 1.25 0 0 0 0 0 0 2.5 0 0 2.52 0 0 0 0 0 0 0 0 0 0 0 0 0 0 0 0 0 0 0 0 0 0 0 0 0 0 0 0 0 0 0 0 0 0 0 0 0 0 0 0 0 0 0.5 0 0 0 0 0 0 0 0 0 0.21 0 0 0 0 0 0 0 0 0 0.41 0 0 0 0 0 0 0 0 0 2.59 0 0 0 0 0 0 0 0 0 4.54 0 0 0 0 0 0 0 0 0 4.98 0 0 0 0.68 0 0 0.69 0 0 0 0 0 0 0.92 0 0 1.02 0 0 0 0 0 0 0.87 0 0 0.32 0 0 0 0 0 0 0 0 0 0 0 0 0 0 0 0 0 0 0 0 0 0 0 0 0 0 0 0 0 0 0 0 0 0 0 0 0 0 0 0 0 0 1.98 0 0 0 0 0 0 0 0 0 3.71 0 0 0 0 0 0 0 0 0 6.05 0 0 0 3.26 0 0 0.34 0 0 0 0 0 0 3.13 0 0 0.37 0 0 0 0 0 0 0.93 0 0 2.86 0 0 0 0 0 0 0 0 0 0 0 0 0 0 0 0 0 0 0 0 0 0 0 0 0 0 0 0 0 0 0 0 0 0 0 0 0 0 0 0 0 0 4.32 0 0 0 0 0 0 0 0 0 0.23 0 0 0 0 0 0 0 0 0 1.68 0 0 0 4.23 0 0 2.43 0 0 0 0 0 0 2.44 0 0 0.91 0 0 0 0 0 0 0.16 0 0 1.84 0 0 0 0 0 0 0 0 0 0 0 0 0 0 0 0 0 0 0 0 0 0 0 0 0 0 0 0 0 0 0 0 0 0 0 0 0 0 0 0 0 0 1.58 0 0 0 0 0 0 0 0 0 0.61 0 0 0 0 0 0 0 0 0 0.37 0 0 
0 0 0 0 0 0 0 0.96 0 0 0 0 0 0 0 0 0 5.68 0 0 0 0 0 0 0 0 0 2.84 0 0 0 1.69 0 0 0.09 0 0 0 0 0 0 0.14 0 0 4.89 0 0 0 0 0 0 0.36 0 0 2.92 0 0 0 0 0 0 0 0 0 0 0 0 0 0 0 0 0 0 0 0 0 0 0 0 0 0 0 0 0 0 0 0 0 0 0 0 0 0 0 0 0 0 2.22 0 0 0 0 0 0 0 0 0 0.19 0 0 0 0 0 0 0 0 0 1.47 0 0 0 1.51 0 0 5.07 0 0 0 0 0 0 4.91 0 0 4.7 0 0 0 0 0 0 2.28 0 0 0.77 0 0 0 0 0 0 0 0 0 0 0 0 0 0 0 0 0 0 0 0 0 0 0 0 0 0 0 0 0 0 0 0 0 0 0 0 0 0 0 0 0 0 0.44 0 0 0 0 0 0 0 0 0 2.3 0 0 0 0 0 0 0 0 0 2.89 0 0 0 5.35 0 0 4.1 0 0 0 0 0 0 1.35 0 0 3.83 0 0 0 0 0 0 1.09 0 0 4.57 0 0 0 0 0 0 0 0 0 0 0 0 0 0 0 0 0 0 0 0 0 0 0 0 0 0 0 0 0 0 0 0 0 0 0 0 0 0 0 0 0 0 1.84 0 0 0 0 0 0 0 0 0 1.47 0 0 0 0 0 0 0 0 0 0.65 0 0 0 0 0 0 0 0 0 4.57 0 0 0 0 0 0 0 0 0 0.77 0 0 0 0 0 0 0 0 0 3.14 0 0 0 0.26 0 0 0.47 0 0 0 0 0 0 4.74 0 0 0.25 0 0 0 0 0 0 2.03 0 0 3.1 0 0 0 0 0 0 0 0 0 0 0 0 0 0 0 0 0 0 0 0 0 0 0 0 0 0 0 0 0 0 0 0 0 0 0 0 0 0 0 0 0 0 0.25 0 0 0 0 0 0 0 0 0 3.87 0 0 0 0 0 0 0 0 0 0.48 0 0 0 3.52 0 0 0.86 0 0 0 0 0 0 1.32 0 0 4.95 0 0 0 0 0 0 5.32 0 0 2.6 0 0 0 0 0 0 0 0 0 0 0 0 0 0 0 0 0 0 0 0 0 0 0 0 0 0 0 0 0 0 0 0 0 0 0 0 0 0 0 0 0 0 1.03 0 0 0 0 0 0 0 0 0 5.2 0 0 0 0 0 0 0 0 0 2.03 0 0 0 0.43 0 0 1.75 0 0 0 0 0 0 1.08 0 0 1.34 0 0 0 0 0 0 2.72 0 0 2.68 0 0 0 0 0 0 0 0 0 0 0 0 0 0 0 0 0 0 0 0 0 0 0 0 0 0 0 0 0 0 0 0 0 0 0 0 0 0 0 0 0 0 0.57 0 0 0 0 0 0 0 0 0 0.24 0 0 0 0 0 0 0 0 0 0.35 0 0 0 0 0 0 0 0 0 2.42 0 0 0 0 0 0 0 0 0 4.87 0 0 0 0 0 0 0 0 0 4.87 0 0 0 0.86 0 0 0.73 0 0 0 0 0 0 0.83 0 0 0.68 0 0 0 0 0 0 0.76 0 0 0.25 0 0 0 0 0 0 0 0 0 0 0 0 0 0 0 0 0 0 0 0 0 0 0 0 0 0 0 0 0 0 0 0 0 0 0 0 0 0 0 0 0 0 2.27 0 0 0 0 0 0 0 0 0 3.33 0 0 0 0 0 0 0 0 0 5.64 0 0 0 3.16 0 0 0.38 0 0 0 0 0 0 3.43 0 0 0.37 0 0 0 0 0 0 1.15 0 0 2.66 0 0 0 0 0 0 0 0 0 0 0 0 0 0 0 0 0 0 0 0 0 0 0 0 0 0 0 0 0 0 0 0 0 0 0 0 0 0 0 0 0 0 4.12 0 0 0 0 0 0 0 0 0 0.24 0 0 0 0 0 0 0 0 0 1.68 0 0 0 4.47 0 0 2.28 0 0 0 0 0 0 2.4 0 0 0.96 0 0 0 0 0 0 0.21 0 0 2.12 0 0 0 0 0 0 0 0 0 0 0 0 0 0 0 0 0 0 0 0 0 0 0 0 0 0 0 0 0 0 0 0 0 0 0 0 0 0 0 0 0 0 1.62 0 0 0 0 0 0 0 0 0 0.61 0 0 0 0 0 0 0 0 0 0.34 0 0 
0 0 0 0 0 0 0 1.03 0 0 0 0 0 0 0 0 0 5.59 0 0 0 0 0 0 0 0 0 2.61 0 0 0 1.84 0 0 0.13 0 0 0 0 0 0 0.1 0 0 4.55 0 0 0 0 0 0 0.33 0 0 2.57 0 0 0 0 0 0 0 0 0 0 0 0 0 0 0 0 0 0 0 0 0 0 0 0 0 0 0 0 0 0 0 0 0 0 0 0 0 0 0 0 0 0 2.32 0 0 0 0 0 0 0 0 0 0.32 0 0 0 0 0 0 0 0 0 1.45 0 0 0 1.58 0 0 4.87 0 0 0 0 0 0 4.91 0 0 4.87 0 0 0 0 0 0 2.14 0 0 0.56 0 0 0 0 0 0 0 0 0 0 0 0 0 0 0 0 0 0 0 0 0 0 0 0 0 0 0 0 0 0 0 0 0 0 0 0 0 0 0 0 0 0 0.42 0 0 0 0 0 0 0 0 0 2.05 0 0 0 0 0 0 0 0 0 2.85 0 0 0 5.39 0 0 4.08 0 0 0 0 0 0 1.43 0 0 4.09 0 0 0 0 0 0 1.3 0 0 4.64 0 0 0 0 0 0 0 0 0 0 0 0 0 0 0 0 0 0 0 0 0 0 0 0 0 0 0 0 0 0 0 0 0 0 0 0 0 0 0 0 0 0 1.78 0 0 0 0 0 0 0 0 0 1.46 0 0 0 0 0 0 0 0 0 0.73 0 0 0 0 0 0 0 0 0 4.43 0 0 0 0 0 0 0 0 0 0.54 0 0 0 0 0 0 0 0 0 3.34 0 0 0 0.14 0 0 0.44 0 0 0 0 0 0 4.52 0 0 0.27 0 0 0 0 0 0 2.66 0 0 2.99 0 0 0 0 0 0 0 0 0 0 0 0 0 0 0 0 0 0 0 0 0 0 0 0 0 0 0 0 0 0 0 0 0 0 0 0 0 0 0 0 0 0 0.27 0 0 0 0 0 0 0 0 0 3.91 0 0 0 0 0 0 0 0 0 0.49 0 0 0 3.38 0 0 0.85 0 0 0 0 0 0 1.43 0 0 5.04 0 0 0 0 0 0 5.13 0 0 2.92 0 0 0 0 0 0 0 0 0 0 0 0 0 0 0 0 0 0 0 0 0 0 0 0 0 0 0 0 0 0 0 0 0 0 0 0 0 0 0 0 0 0 0.96 0 0 0 0 0 0 0 0 0 5.48 0 0 0 0 0 0 0 0 0 2.27 0 0 0 0.36 0 0 1.99 0 0 0 0 0 0 1.22 0 0 1.43 0 0 0 0 0 0 2.58 0 0 2.39 0 0 0 0 0 0 0 0 0 0 0 0 0 0 0 0 0 0 0 0 0 0 0 0 0 0 0 0 0 0 0 0 0 0 0 0 0 0 0 0 0 0 0.56 0 0 0 0 0 0 0 0 0 0.24 0 0 0 0 0 0 0 0 0 0.38 0 0 0 0 0 0 0 0 0 2.4 0 0 0 0 0 0 0 0 0 4.59 0 0 0 0 0 0 0 0 0 5.13 0 0 0 0.75 0 0 0.75 0 0 0 0 0 0 0.88 0 0 0.8 0 0 0 0 0 0 0.82 0 0 0.31 0 0 0 0 0 0 0 0 0 0 0 0 0 0 0 0 0 0 0 0 0 0 0 0 0 0 0 0 0 0 0 0 0 0 0 0 0 0 0 0 0 0 1.96 0 0 0 0 0 0 0 0 0 3.71 0 0 0 0 0 0 0 0 0 6.04 0 0 0 3.23 0 0 0.45 0 0 0 0 0 0 3.24 0 0 0.31 0 0 0 0 0 0 1.14 0 0 2.76 0 0 0 0 0 0 0 0 0 0 0 0 0 0 0 0 0 0 0 0 0 0 0 0 0 0 0 0 0 0 0 0 0 0 0 0 0 0 0 0 0 0 4.19 0 0 0 0 0 0 0 0 0 0.2 0 0 0 0 0 0 0 0 0 1.81 0 0 0 4.55 0 0 2.34 0 0 0 0 0 0 2.41 0 0 1.11 0 0 0 0 0 0 0.23 0 0 1.86 0 0 0 0 0 0 0 0 0 0 0 0 0 0 0 0 0 0 0 0 0 0 0 0 0 0 0 0 0 0 0 0 0 0 0 0 0 0 0 0 0 0 1.51 0 0 0 0 0 0 0 0 0 0.48 0 0 0 0 0 0 0 0 0 0.39 0 0 
0 0 0 0 0 0 0 0.99 0 0 0 0 0 0 0 0 0 5.81 0 0 0 0 0 0 0 0 0 2.82 0 0 0 2.02 0 0 0.11 0 0 0 0 0 0 0.1 0 0 4.62 0 0 0 0 0 0 0.35 0 0 2.63 0 0 0 0 0 0 0 0 0 0 0 0 0 0 0 0 0 0 0 0 0 0 0 0 0 0 0 0 0 0 0 0 0 0 0 0 0 0 0 0 0 0 2.33 0 0 0 0 0 0 0 0 0 0.26 0 0 0 0 0 0 0 0 0 1.26 0 0 0 1.53 0 0 5.25 0 0 0 0 0 0 4.77 0 0 4.97 0 0 0 0 0 0 2.32 0 0 0.59 0 0 0 0 0 0 0 0 0 0 0 0 0 0 0 0 0 0 0 0 0 0 0 0 0 0 0 0 0 0 0 0 0 0 0 0 0 0 0 0 0 0 0.57 0 0 0 0 0 0 0 0 0 2.16 0 0 0 0 0 0 0 0 0 3.06 0 0 0 5.65 0 0 3.85 0 0 0 0 0 0 1.69 0 0 4.05 0 0 0 0 0 0 0.94 0 0 4.65 0 0 0 0 0 0 0 0 0 0 0 0 0 0 0 0 0 0 0 0 0 0 0 0 0 0 0 0 0 0 0 0 0 0 0 0 0 0 0 0 0 0 1.97 0 0 0 0 0 0 0 0 0 1.24 0 0 0 0 0 0 0 0 0 0.63 0 0 0 0 0 0 0 0 0 4.45 0 0 0 0 0 0 0 0 0 0.6 0 0 0 0 0 0 0 0 0 3.35 0 0 0 0.11 0 0 0.53 0 0 0 0 0 0 4.88 0 0 0.28 0 0 0 0 0 0 2.13 0 0 3.3 0 0 0 0 0 0 0 0 0 0 0 0 0 0 0 0 0 0 0 0 0 0 0 0 0 0 0 0 0 0 0 0 0 0 0 0 0 0 0 0 0 0 0.24 0 0 0 0 0 0 0 0 0 4.05 0 0 0 0 0 0 0 0 0 0.45 0 0 0 3.72 0 0 0.91 0 0 0 0 0 0 1.22 0 0 5.04 0 0 0 0 0 0 5.03 0 0 2.62 0 0 0 0 0 0 0 0 0 0 0 0 0 0 0 0 0 0 0 0 0 0 0 0 0 0 0 0 0 0 0 0 0 0 0 0 0 0 0 0 0 0 1.05 0 0 0 0 0 0 0 0 0 5.17 0 0 0 0 0 0 0 0 0 2.25 0 0 0 0.54 0 0 1.92 0 0 0 0 0 0 1.13 0 0 1.3 0 0 0 0 0 0 2.64 0 0 2.74 0 0 0 0 0 0 0 0 0 0 0 0 0 0 0 0 0 0 0 0 0 0 0 0 0 0 0 0 0 0 0 0 0 0 0 0 0 0 0 0 0 0 0.64 0 0 0 0 0 0 0 0 0 0.27 0 0 0 0 0 0 0 0 0 0.37 0 0 0 0 0 0 0 0 0 2.48 0 0 0 0 0 0 0 0 0 4.47 0 0 0 0 0 0 0 0 0 5.13 0 0 0 0.81 0 0 0.73 0 0 0 0 0 0 0.9 0 0 0.89 0 0 0 0 0 0 0.87 0 0 0.34 0 0 0 0 0 0 0 0 0 0 0 0 0 0 0 0 0 0 0 0 0 0 0 0 0 0 0 0 0 0 0 0 0 0 0 0 0 0 0 0 0 0 1.9 0 0 0 0 0 0 0 0 0 3.43 0 0 0 0 0 0 0 0 0 6.25 0 0 0 3.38 0 0 0.42 0 0 0 0 0 0 3.14 0 0 0.28 0 0 0 0 0 0 1.23 0 0 2.51 0 0 0 0 0 0 0 0 0 0 0 0 0 0 0 0 0 0 0 0 0 0 0 0 0 0 0 0 0 0 0 0 0 0 0 0 0 0 0 0 0 0 4.19 0 0 0 0 0 0 0 0 0 0.21 0 0 0 0 0 0 0 0 0 1.55 0 0 0 3.92 0 0 2.17 0 0 0 0 0 0 2.57 0 0 1 0 0 0 0 0 0 0.19 0 0 2.03 0 0 0 0 0 0 0 0 0 0 0 0 0 0 0 0 0 0 0 0 0 0 0 0 0 0 0 0 0 0 0 0 0 0 0 0 0 0 0 0 0 0 1.41 0 0 0 0 0 0 0 0 0 0.68 0 0 0 0 0 0 0 0 0 0.41 0 0 
0 0 0 0 0 0 0 0.88 0 0 0 0 0 0 0 0 0 5.87 0 0 0 0 0 0 0 0 0 2.9 0 0 0 2.06 0 0 0.11 0 0 0 0 0 0 0.15 0 0 4.66 0 0 0 0 0 0 0.32 0 0 2.69 0 0 0 0 0 0 0 0 0 0 0 0 0 0 0 0 0 0 0 0 0 0 0 0 0 0 0 0 0 0 0 0 0 0 0 0 0 0 0 0 0 0 2.43 0 0 0 0 0 0 0 0 0 0.26 0 0 0 0 0 0 0 0 0 1.5 0 0 0 1.51 0 0 5.04 0 0 0 0 0 0 4.89 0 0 4.83 0 0 0 0 0 0 2.04 0 0 0.57 0 0 0 0 0 0 0 0 0 0 0 0 0 0 0 0 0 0 0 0 0 0 0 0 0 0 0 0 0 0 0 0 0 0 0 0 0 0 0 0 0 0 0.43 0 0 0 0 0 0 0 0 0 2.16 0 0 0 0 0 0 0 0 0 2.87 0 0 0 5.49 0 0 3.71 0 0 0 0 0 0 1.5 0 0 4.35 0 0 0 0 0 0 1.11 0 0 4.53 0 0 0 0 0 0 0 0 0 0 0 0 0 0 0 0 0 0 0 0 0 0 0 0 0 0 0 0 0 0 0 0 0 0 0 0 0 0 0 0 0 0 1.87 0 0 0 0 0 0 0 0 0 1.65 0 0 0 0 0 0 0 0 0 0.66 0 0 0 0 0 0 0 0 0 4.24 0 0 0 0 0 0 0 0 0 0.76 0 0 0 0 0 0 0 0 0 3.18 0 0 0 0.2 0 0 0.48 0 0 0 0 0 0 4.69 0 0 0.35 0 0 0 0 0 0 2.24 0 0 3.18 0 0 0 0 0 0 0 0 0 0 0 0 0 0 0 0 0 0 0 0 0 0 0 0 0 0 0 0 0 0 0 0 0 0 0 0 0 0 0 0 0 0 0.26 0 0 0 0 0 0 0 0 0 3.8 0 0 0 0 0 0 0 0 0 0.58 0 0 0 3.55 0 0 0.8 0 0 0 0 0 0 1.29 0 0 4.9 0 0 0 0 0 0 5.25 0 0 2.76 0 0 0 0 0 0 0 0 0 0 0 0 0 0 0 0 0 0 0 0 0 0 0 0 0 0 0 0 0 0 0 0 0 0 0 0 0 0 0 0 0 0 0.92 0 0 0 0 0 0 0 0 0 5.48 0 0 0 0 0 0 0 0 0 2.3 0 0 0 0.37 0 0 1.75 0 0 0 0 0 0 0.99 0 0 1.22 0 0 0 0 0 0 2.69 0 0 2.6 0 0 0 0 0 0 0 0 0 0 0 0 0 0 0 0 0 0 0 0 0 0 0 0 0 0 0 0 0 0 0 0 0 0 0 0 0 0 0 0 0 0 0.74 0 0 0 0 0 0 0 0 0 0.27 0 0 0 0 0 0 0 0 0 0.39 0 0 0 0 0 0 0 0 0 2.48 0 0 0 0 0 0 0 0 0 4.63 0 0 0 0 0 0 0 0 0 4.82 0 0 0 1.03 0 0 1.01 0 0 0 0 0 0 0.95 0 0 1.01 0 0 0 0 0 0 0.84 0 0 0.36 0 0 0 0 0 0 0 0 0 0 0 0 0 0 0 0 0 0 0 0 0 0 0 0 0 0 0 0 0 0 0 0 0 0 0 0 0 0 0 0 0 0 1.91 0 0 0 0 0 0 0 0 0 3.29 0 0 0 0 0 0 0 0 0 5.98 0 0 0 3.36 0 0 0.3 0 0 0 0 0 0 3.17 0 0 0.3 0 0 0 0 0 0 1.23 0 0 2.88 0 0 0 0 0 0 0 0 0 0 0 0 0 0 0 0 0 0 0 0 0 0 0 0 0 0 0 0 0 0 0 0 0 0 0 0 0 0 0 0 0 0 4.32 0 0 0 0 0 0 0 0 0 0.21 0 0 0 0 0 0 0 0 0 1.68 0 0 0 4.33 0 0 2.29 0 0 0 0 0 0 2.47 0 0 1.02 0 0 0 0 0 0 0.06 0 0 2.12 0 0 0 0 0 0 0 0 0 0 0 0 0 0 0 0 0 0 0 0 0 0 0 0 0 0 0 0 0 0 0 0 0 0 0 0 0 0 0 0 0 0 1.55 0 0 0 0 0 0 0 0 0 0.39 0 0 0 0 0 0 0 0 0 0.43 0 0 
0 0 0 0 0 0 0 1.09 0 0 0 0 0 0 0 0 0 5.72 0 0 0 0 0 0 0 0 0 2.81 0 0 0 2.14 0 0 0.07 0 0 0 0 0 0 0.09 0 0 4.82 0 0 0 0 0 0 0.38 0 0 2.73 0 0 0 0 0 0 0 0 0 0 0 0 0 0 0 0 0 0 0 0 0 0 0 0 0 0 0 0 0 0 0 0 0 0 0 0 0 0 0 0 0 0 2.27 0 0 0 0 0 0 0 0 0 0.25 0 0 0 0 0 0 0 0 0 1.64 0 0 0 1.63 0 0 5.11 0 0 0 0 0 0 4.79 0 0 4.91 0 0 0 0 0 0 2.25 0 0 0.57 0 0 0 0 0 0 0 0 0 0 0 0 0 0 0 0 0 0 0 0 0 0 0 0 0 0 0 0 0 0 0 0 0 0 0 0 0 0 0 0 0 0 0.34 0 0 0 0 0 0 0 0 0 2.31 0 0 0 0 0 0 0 0 0 2.79 0 0 0 5.42 0 0 4.03 0 0 0 0 0 0 1.38 0 0 4.27 0 0 0 0 0 0 1.06 0 0 4.47 0 0 0 0 0 0 0 0 0 0 0 0 0 0 0 0 0 0 0 0 0 0 0 0 0 0 0 0 0 0 0 0 0 0 0 0 0 0 0 0 0 0 1.8 0 0 0 0 0 0 0 0 0 1.35 0 0 0 0 0 0 0 0 0 0.71 0 0 0 0 0 0 0 0 0 4.51 0 0 0 0 0 0 0 0 0 0.53 0 0 0 0 0 0 0 0 0 3.52 0 0 0 0.18 0 0 0.49 0 0 0 0 0 0 4.48 0 0 0.24 0 0 0 0 0 0 2.19 0 0 3.2 0 0 0 0 0 0 0 0 0 0 0 0 0 0 0 0 0 0 0 0 0 0 0 0 0 0 0 0 0 0 0 0 0 0 0 0 0 0 0 0 0 0 0.26 0 0 0 0 0 0 0 0 0 3.75 0 0 0 0 0 0 0 0 0 0.42 0 0 0 3.63 0 0 0.84 0 0 0 0 0 0 1.45 0 0 5.1 0 0 0 0 0 0 5.06 0 0 2.59 0 0 0 0 0 0 0 0 0 0 0 0 0 0 0 0 0 0 0 0 0 0 0 0 0 0 0 0 0 0 0 0 0 0 0 0 0 0 0 0 0 0 0.85 0 0 0 0 0 0 0 0 0 5.36 0 0 0 0 0 0 0 0 0 2.09 0 0 0 0.4 0 0 1.73 0 0 0 0 0 0 1.08 0 0 1.22 0 0 0 0 0 0 2.64 0 0 2.58 0 0 0 0 0 0 0 0 0 0 0 0 0 0 0 0 0 0 0 0 0 0 0 0 0 0 0 0 0 0 0 0 0 0 0 0 0 0 0 0 0 0 0.61 0 0 0 0 0 0 0 0 0 0.25 0 0 0 0 0 0 0 0 0 0.39 0 0 0 0 0 0 0 0 0 2.28 0 0 0 0 0 0 0 0 0 4.91 0 0 0 0 0 0 0 0 0 4.89 0 0 0 0.78 0 0 0.75 0 0 0 0 0 0 0.94 0 0 0.94 0 0 0 0 0 0 0.83 0 0 0.37 0 0 0 0 0 0 0 0 0 0 0 0 0 0 0 0 0 0 0 0 0 0 0 0 0 0 0 0 0 0 0 0 0 0 0 0 0 0 0 0 0 0 1.94 0 0 0 0 0 0 0 0 0 3.5 0 0 0 0 0 0 0 0 0 5.72 0 0 0 3.41 0 0 0.36 0 0 0 0 0 0 3.37 0 0 0.21 0 0 0 0 0 0 1.23 0 0 2.62 0 0 0 0 0 0 0 0 0 0 0 0 0 0 0 0 0 0 0 0 0 0 0 0 0 0 0 0 0 0 0 0 0 0 0 0 0 0 0 0 0 0 4.59 0 0 0 0 0 0 0 0 0 0.22 0 0 0 0 0 0 0 0 0 1.38 0 0 0 4.08 0 0 2.42 0 0 0 0 0 0 2.45 0 0 0.91 0 0 0 0 0 0 0.17 0 0 1.77 0 0 0 0 0 0 0 0 0 0 0 0 0 0 0 0 0 0 0 0 0 0 0 0 0 0 0 0 0 0 0 0 0 0 0 0 0 0 0 0 0 0 1.65 0 0 0 0 0 0 0 0 0 0.68 0 0 0 0 0 0 0 0 0 0.35 0 0 
0 0 0 0 0 0 0 0.85 0 0 0 0 0 0 0 0 0 5.68 0 0 0 0 0 0 0 0 0 2.92 0 0 0 1.98 0 0 0.16 0 0 0 0 0 0 0.09 0 0 5.06 0 0 0 0 0 0 0.3 0 0 2.78 0 0 0 0 0 0 0 0 0 0 0 0 0 0 0 0 0 0 0 0 0 0 0 0 0 0 0 0 0 0 0 0 0 0 0 0 0 0 0 0 0 0 2.45 0 0 0 0 0 0 0 0 0 0.27 0 0 0 0 0 0 0 0 0 1.31 0 0 0 1.62 0 0 5.16 0 0 0 0 0 0 4.69 0 0 5.01 0 0 0 0 0 0 2.31 0 0 0.55 0 0 0 0 0 0 0 0 0 0 0 0 0 0 0 0 0 0 0 0 0 0 0 0 0 0 0 0 0 0 0 0 0 0 0 0 0 0 0 0 0 0 0.48 0 0 0 0 0 0 0 0 0 2.18 0 0 0 0 0 0 0 0 0 2.7 0 0 0 5.59 0 0 3.7 0 0 0 0 0 0 1.31 0 0 4.11 0 0 0 0 0 0 1.14 0 0 4.36 0 0 0 0 0 0 0 0 0 0 0 0 0 0 0 0 0 0 0 0 0 0 0 0 0 0 0 0 0 0 0 0 0 0 0 0 0 0 0 0 0 0 2.11 0 0 0 0 0 0 0 0 0 1.42 0 0 0 0 0 0 0 0 0 0.6 0 0 0 0 0 0 0 0 0 4.51 0 0 0 0 0 0 0 0 0 0.78 0 0 0 0 0 0 0 0 0 3.1 0 0 0 0.19 0 0 0.45 0 0 0 0 0 0 4.63 0 0 0.24 0 0 0 0 0 0 2.36 0 0 2.99 0 0 0 0 0 0 0 0 0 0 0 0 0 0 0 0 0 0 0 0 0 0 0 0 0 0 0 0 0 0 0 0 0 0 0 0 0 0 0 0 0 0 0.29 0 0 0 0 0 0 0 0 0 3.77 0 0 0 0 0 0 0 0 0 0.51 0 0 0 3.55 0 0 0.87 0 0 0 0 0 0 1.37 0 0 4.99 0 0 0 0 0 0 5.01 0 0 2.6 0 0 0 0 0 0 0 0 0 0 0 0 0 0 0 0 0 0 0 0 0 0 0 0 0 0 0 0 0 0 0 0 0 0 0 0 0 0 0 0 0 0 0.96 0 0 0 0 0 0 0 0 0 5.31 0 0 0 0 0 0 0 0 0 2.05 0 0 0 0.38 0 0 1.8 0 0 0 0 0 0 1.14 0 0 1.16 0 0 0 0 0 0 2.64 0 0 2.62 0 0 0 0 0 0 0 0 0 0 0 0 0 0 0 0 0 0 0 0 0 0 0 0 0 0 0 0 0 0 0 0 0 0 0 0 0 0 0 0 0 0 0.64 0 0 0 0 0 0 0 0 0 0.2 0 0 0 0 0 0 0 0 0 0.45 0 0 0 0 0 0 0 0 0 2.3 0 0 0 0 0 0 0 0 0 4.9 0 0 0 0 0 0 0 0 0 4.96 0 0 0 0.89 0 0 0.72 0 0 0 0 0 0 0.87 0 0 0.91 0 0 0 0 0 0 0.76 0 0 0.37 0 0 0 0 0 0 0 0 0 0 0 0 0 0 0 0 0 0 0 0 0 0 0 0 0 0 0 0 0 0 0 0 0 0 0 0 0 0 0 0 0 0 1.94 0 0 0 0 0 0 0 0 0 3.39 0 0 0 0 0 0 0 0 0 5.82 0 0 0 3.3 0 0 0.32 0 0 0 0 0 0 3.12 0 0 0.3 0 0 0 0 0 0 1.16 0 0 2.93 0 0 0 0 0 0 0 0 0 0 0 0 0 0 0 0 0 0 0 0 0 0 0 0 0 0 0 0 0 0 0 0 0 0 0 0 0 0 0 0 0 0 4.32 0 0 0 0 0 0 0 0 0 0.16 0 0 0 0 0 0 0 0 0 1.79 0 0 0 3.87 0 0 2.58 0 0 0 0 0 0 2.42 0 0 1.16 0 0 0 0 0 0 0.17 0 0 2.09 0 0 0 0 0 0 0 0 0 0 0 0 0 0 0 0 0 0 0 0 0 0 0 0 0 0 0 0 0 0 0 0 0 0 0 0 0 0 0 0 0 0 1.7 0 0 0 0 0 0 0 0 0 0.61 0 0 0 0 0 0 0 0 0 0.35 0 0 
0 0 0 0 0 0 0 0.96 0 0 0 0 0 0 0 0 0 5.98 0 0 0 0 0 0 0 0 0 2.95 0 0 0 1.76 0 0 0.11 0 0 0 0 0 0 0.11 0 0 4.69 0 0 0 0 0 0 0.32 0 0 2.52 0 0 0 0 0 0 0 0 0 0 0 0 0 0 0 0 0 0 0 0 0 0 0 0 0 0 0 0 0 0 0 0 0 0 0 0 0 0 0 0 0 0 2.5 0 0 0 0 0 0 0 0 0 0.18 0 0 0 0 0 0 0 0 0 1.29 0 0 0 1.51 0 0 5.2 0 0 0 0 0 0 5.13 0 0 4.92 0 0 0 0 0 0 1.99 0 0 0.59 0 0 0 0 0 0 0 0 0 0 0 0 0 0 0 0 0 0 0 0 0 0 0 0 0 0 0 0 0 0 0 0 0 0 0 0 0 0 0 0 0 0 0.48 0 0 0 0 0 0 0 0 0 2.24 0 0 0 0 0 0 0 0 0 2.92 0 0 0 5.65 0 0 4.12 0 0 0 0 0 0 1.4 0 0 4.16 0 0 0 0 0 0 1.03 0 0 4.7 0 0 0 0 0 0 0 0 0 0 0 0 0 0 0 0 0 0 0 0 0 0 0 0 0 0 0 0 0 0 0 0 0 0 0 0 0 0 0 0 0 0 1.83 0 0 0 0 0 0 0 0 0 1.35 0 0 0 0 0 0 0 0 0 0.83 0 0 0 0 0 0 0 0 0 4.69 0 0 0 0 0 0 0 0 0 0.64 0 0 0 0 0 0 0 0 0 3.36 0 0 0 0.2 0 0 0.33 0 0 0 0 0 0 4.63 0 0 0.22 0 0 0 0 0 0 1.97 0 0 3.16 0 0 0 0 0 0 0 0 0 0 0 0 0 0 0 0 0 0 0 0 0 0 0 0 0 0 0 0 0 0 0 0 0 0 0 0 0 0 0 0 0 0 0.19 0 0 0 0 0 0 0 0 0 3.75 0 0 0 0 0 0 0 0 0 0.49 0 0 0 3.61 0 0 0.98 0 0 0 0 0 0 1.44 0 0 4.89 0 0 0 0 0 0 5.21 0 0 2.7 0 0 0 0 0 0 0 0 0 0 0 0 0 0 0 0 0 0 0 0 0 0 0 0 0 0 0 0 0 0 0 0 0 0 0 0 0 0 0 0 0 0 1 0 0 0 0 0 0 0 0 0 5.31 0 0 0 0 0 0 0 0 0 1.96 0 0 0 0.42 0 0 1.89 0 0 0 0 0 0 1.15 0 0 1.25 0 0 0 0 0 0 2.58 0 0 2.33 0 0 0 0 0 0 0 0 0 0 0 0 0 0 0 0 0 0 0 0 0 0 0 0 0 0 0 0 0 0 0 0 0 0 0 0 0 0 0 0 0 0 0.64 0 0 0 0 0 0 0 0 0 0.2 0 0 0 0 0 0 0 0 0 0.43 0 0 0 0 0 0 0 0 0 2.68 0 0 0 0 0 0 0 0 0 4.79 0 0 0 0 0 0 0 0 0 5.05 0 0 0 0.85 0 0 0.69 0 0 0 0 0 0 1.13 0 0 0.79 0 0 0 0 0 0 0.86 0 0 0.38 0 0 0 0 0 0 0 0 0 0 0 0 0 0 0 0 0 0 0 0 0 0 0 0 0 0 0 0 0 0 0 0 0 0 0 0 0 0 0 0 0 0 1.99 0 0 0 0 0 0 0 0 0 3.67 0 0 0 0 0 0 0 0 0 5.86 0 0 0 3.44 0 0 0.29 0 0 0 0 0 0 3.33 0 0 0.29 0 0 0 0 0 0 0.91 0 0 2.86 0 0 0 0 0 0 0 0 0 0 0 0 0 0 0 0 0 0 0 0 0 0 0 0 0 0 0 0 0 0 0 0 0 0 0 0 0 0 0 0 0 0 4.22 0 0 0 0 0 0 0 0 0 0.31 0 0 0 0 0 0 0 0 0 1.88 0 0 0 4.14 0 0 2.33 0 0 0 0 0 0 2.36 0 0 1.04 0 0 0 0 0 0 0.15 0 0 1.97 0 0 0 0 0 0 0 0 0 0 0 0 0 0 0 0 0 0 0 0 0 0 0 0 0 0 0 0 0 0 0 0 0 0 0 0 0 0 0 0 0 0 1.47 0 0 0 0 0 0 0 0 0 0.62 0 0 0 0 0 0 0 0 0 0.34 0 0 
0 0 0 0 0 0 0 0.88 0 0 0 0 0 0 0 0 0 5.78 0 0 0 0 0 0 0 0 0 2.94 0 0 0 1.82 0 0 0.17 0 0 0 0 0 0 0.13 0 0 4.83 0 0 0 0 0 0 0.41 0 0 2.59 0 0 0 0 0 0 0 0 0 0 0 0 0 0 0 0 0 0 0 0 0 0 0 0 0 0 0 0 0 0 0 0 0 0 0 0 0 0 0 0 0 0 2.44 0 0 0 0 0 0 0 0 0 0.29 0 0 0 0 0 0 0 0 0 1.27 0 0 0 1.71 0 0 5.13 0 0 0 0 0 0 4.52 0 0 4.52 0 0 0 0 0 0 2.13 0 0 0.66 0 0 0 0 0 0 0 0 0 0 0 0 0 0 0 0 0 0 0 0 0 0 0 0 0 0 0 0 0 0 0 0 0 0 0 0 0 0 0 0 0 0 0.46 0 0 0 0 0 0 0 0 0 2.06 0 0 0 0 0 0 0 0 0 2.75 0 0 0 5.63 0 0 4.02 0 0 0 0 0 0 1.41 0 0 4.33 0 0 0 0 0 0 1.29 0 0 4.48 0 0 0 0 0 0 0 0 0 0 0 0 0 0 0 0 0 0 0 0 0 0 0 0 0 0 0 0 0 0 0 0 0 0 0 0 0 0 0 0 0 0 2.05 0 0 0 0 0 0 0 0 0 1.2 0 0 0 0 0 0 0 0 0 0.58 0 0 0 0 0 0 0 0 0 4.28 0 0 0 0 0 0 0 0 0 0.65 0 0 0 0 0 0 0 0 0 3.35 0 0 0 0.21 0 0 0.42 0 0 0 0 0 0 4.68 0 0 0.3 0 0 0 0 0 0 2.45 0 0 3.05 0 0 0 0 0 0 0 0 0 0 0 0 0 0 0 0 0 0 0 0 0 0 0 0 0 0 0 0 0 0 0 0 0 0 0 0 0 0 0 0 0 0 0.3 0 0 0 0 0 0 0 0 0 3.86 0 0 0 0 0 0 0 0 0 0.4 0 0 0 3.52 0 0 0.85 0 0 0 0 0 0 1.48 0 0 4.94 0 0 0 0 0 0 5.08 0 0 2.64 0 0 0 0 0 0 0 0 0 0 0 0 0 0 0 0 0 0 0 0 0 0 0 0 0 0 0 0 0 0 0 0 0 0 0 0 0 0 0 0 0 0 1.04 0 0 0 0 0 0 0 0 0 5.24 0 0 0 0 0 0 0 0 0 2.05 0 0 0 0.45 0 0 1.82 0 0 0 0 0 0 1.09 0 0 1.42 0 0 0 0 0 0 2.76 0 0 2.42 0 0 0 0 0 0 0 0 0 0 0 0 0 0 0 0 0 0 0 0 0 0 0 0 0 0 0 0 0 0 0 0 0 0 0 0 0 0 0 0 0 0 0.55 0 0 0 0 0 0 0 0 0 0.21 0 0 0 0 0 0 0 0 0 0.4 0 0 0 0 0 0 0 0 0 2.4 0 0 0 0 0 0 0 0 0 5.01 0 0 0 0 0 0 0 0 0 5.07 0 0 0 0.87 0 0 0.82 0 0 0 0 0 0 1.15 0 0 0.87 0 0 0 0 0 0 0.79 0 0 0.29 0 0 0 0 0 0 0 0 0 0 0 0 0 0 0 0 0 0 0 0 0 0 0 0 0 0 0 0 0 0 0 0 0 0 0 0 0 0 0 0 0 0 1.91 0 0 0 0 0 0 0 0 0 3.39 0 0 0 0 0 0 0 0 0 6.15 0 0 0 3.3 0 0 0.4 0 0 0 0 0 0 3.12 0 0 0.27 0 0 0 0 0 0 1.19 0 0 2.88 0 0 0 0 0 0 0 0 0 0 0 0 0 0 0 0 0 0 0 0 0 0 0 0 0 0 0 0 0 0 0 0 0 0 0 0 0 0 0 0 0 0 4.49 0 0 0 0 0 0 0 0 0 0.3 0 0 0 0 0 0 0 0 0 1.66 0 0 0 4.14 0 0 2.43 0 0 0 0 0 0 2.56 0 0 1.23 0 0 0 0 0 0 0.27 0 0 1.76 0 0 0 0 0 0 0 0 0 0 0 0 0 0 0 0 0 0 0 0 0 0 0 0 0 0 0 0 0 0 0 0 0 0 0 0 0 0 0 0 0 0 1.43 0 0 0 0 0 0 0 0 0 0.62 0 0 0 0 0 0 0 0 0 0.47 0 0 
0 0 0 0 0 0 0 0.9 0 0 0 0 0 0 0 0 0 5.76 0 0 0 0 0 0 0 0 0 2.72 0 0 0 1.8 0 0 0.1 0 0 0 0 0 0 0.1 0 0 4.83 0 0 0 0 0 0 0.28 0 0 2.83 0 0 0 0 0 0 0 0 0 0 0 0 0 0 0 0 0 0 0 0 0 0 0 0 0 0 0 0 0 0 0 0 0 0 0 0 0 0 0 0 0 0 2.39 0 0 0 0 0 0 0 0 0 0.2 0 0 0 0 0 0 0 0 0 1.23 0 0 0 1.33 0 0 5.08 0 0 0 0 0 0 4.59 0 0 4.9 0 0 0 0 0 0 2.3 0 0 0.51 0 0 0 0 0 0 0 0 0 0 0 0 0 0 0 0 0 0 0 0 0 0 0 0 0 0 0 0 0 0 0 0 0 0 0 0 0 0 0 0 0 0 0.34 0 0 0 0 0 0 0 0 0 2.02 0 0 0 0 0 0 0 0 0 2.78 0 0 0 5.53 0 0 4.05 0 0 0 0 0 0 1.34 0 0 4.06 0 0 0 0 0 0 1.2 0 0 4.8 0 0 0 0 0 0 0 0 0 0 0 0 0 0 0 0 0 0 0 0 0 0 0 0 0 0 0 0 0 0 0 0 0 0 0 0 0 0 0 0 0 0 1.92 0 0 0 0 0 0 0 0 0 1.28 0 0 0 0 0 0 0 0 0 0.64 0 0 0 0 0 0 0 0 0 4.44 0 0 0 0 0 0 0 0 0 0.56 0 0 0 0 0 0 0 0 0 3.23 0 0 0 0.16 0 0 0.45 0 0 0 0 0 0 4.64 0 0 0.3 0 0 0 0 0 0 1.98 0 0 3.17 0 0 0 0 0 0 0 0 0 0 0 0 0 0 0 0 0 0 0 0 0 0 0 0 0 0 0 0 0 0 0 0 0 0 0 0 0 0 0 0 0 0 0.23 0 0 0 0 0 0 0 0 0 4.09 0 0 0 0 0 0 0 0 0 0.36 0 0 0 3.64 0 0 0.8 0 0 0 0 0 0 1.51 0 0 5.02 0 0 0 0 0 0 5.1 0 0 2.68 0 0 0 0 0 0 0 0 0 0 0 0 0 0 0 0 0 0 0 0 0 0 0 0 0 0 0 0 0 0 0 0 0 0 0 0 0 0 0 0 0 0 0.89 0 0 0 0 0 0 0 0 0 5.33 0 0 0 0 0 0 0 0 0 2.21 0 0 0 0.45 0 0 1.73 0 0 0 0 0 0 1.09 0 0 1.17 0 0 0 0 0 0 2.67 0 0 2.64 0 0 0 0 0 0 0 0 0 0 0 0 0 0 0 0 0 0 0 0 0 0 0 0 0 0 0 0 0 0 0 0 0 0 0 0 0 0 0 0 0 0 0.63 0 0 0 0 0 0 0 0 0 0.23 0 0 0 0 0 0 0 0 0 0.34 0 0 0 0 0 0 0 0 0 2.48 0 0 0 0 0 0 0 0 0 4.8 0 0 0 0 0 0 0 0 0 4.82 0 0 0 0.94 0 0 0.83 0 0 0 0 0 0 1 0 0 0.76 0 0 0 0 0 0 0.75 0 0 0.34 0 0 0 0 0 0 0 0 0 0 0 0 0 0 0 0 0 0 0 0 0 0 0 0 0 0 0 0 0 0 0 0 0 0 0 0 0 0 0 0 0 0 2.14 0 0 0 0 0 0 0 0 0 3.73 0 0 0 0 0 0 0 0 0 6 0 0 0 3.36 0 0 0.37 0 0 0 0 0 0 3.21 0 0 0.35 0 0 0 0 0 0 1.2 0 0 2.92 0 0 0 0 0 0 0 0 0 0 0 0 0 0 0 0 0 0 0 0 0 0 0 0 0 0 0 0 0 0 0 0 0 0 0 0 0 0 0 0 0 0 4.16 0 0 0 0 0 0 0 0 0 0.27 0 0 0 0 0 0 0 0 0 1.65 0 0 0 4.2 0 0 2.42 0 0 0 0 0 0 2.64 0 0 1.02 0 0 0 0 0 0 0.27 0 0 2.03 0 0 0 0 0 0 0 0 0 0 0 0 0 0 0 0 0 0 0 0 0 0 0 0 0 0 0 0 0 0 0 0 0 0 0 0 0 0 0 0 0 0 1.54 0 0 0 0 0 0 0 0 0 0.65 0 0 0 0 0 0 0 0 0 0.32 0 0 
0 0 0 0 0 0 0 1.12 0 0 0 0 0 0 0 0 0 5.41 0 0 0 0 0 0 0 0 0 2.81 0 0 0 1.71 0 0 0.13 0 0 0 0 0 0 0.11 0 0 5.02 0 0 0 0 0 0 0.37 0 0 2.5 0 0 0 0 0 0 0 0 0 0 0 0 0 0 0 0 0 0 0 0 0 0 0 0 0 0 0 0 0 0 0 0 0 0 0 0 0 0 0 0 0 0 2.63 0 0 0 0 0 0 0 0 0 0.19 0 0 0 0 0 0 0 0 0 1.28 0 0 0 1.57 0 0 5.15 0 0 0 0 0 0 5.04 0 0 5.11 0 0 0 0 0 0 2.31 0 0 0.69 0 0 0 0 0 0 0 0 0 0 0 0 0 0 0 0 0 0 0 0 0 0 0 0 0 0 0 0 0 0 0 0 0 0 0 0 0 0 0 0 0 0 0.38 0 0 0 0 0 0 0 0 0 2.22 0 0 0 0 0 0 0 0 0 2.89 0 0 0 5.63 0 0 3.89 0 0 0 0 0 0 1.31 0 0 4.05 0 0 0 0 0 0 1.16 0 0 4.48 0 0 0 0 0 0 0 0 0 0 0 0 0 0 0 0 0 0 0 0 0 0 0 0 0 0 0 0 0 0 0 0 0 0 0 0 0 0 0 0 0 0 1.74 0 0 0 0 0 0 0 0 0 1.23 0 0 0 0 0 0 0 0 0 0.77 0 0 0 0 0 0 0 0 0 4.46 0 0 0 0 0 0 0 0 0 0.61 0 0 0 0 0 0 0 0 0 3.23 0 0 0 0.23 0 0 0.25 0 0 0 0 0 0 4.76 0 0 0.21 0 0 0 0 0 0 2.47 0 0 3.08 0 0 0 0 0 0 0 0 0 0 0 0 0 0 0 0 0 0 0 0 0 0 0 0 0 0 0 0 0 0 0 0 0 0 0 0 0 0 0 0 0 0 0.18 0 0 0 0 0 0 0 0 0 3.57 0 0 0 0 0 0 0 0 0 0.51 0 0 0 3.56 0 0 0.79 0 0 0 0 0 0 1.27 0 0 5 0 0 0 0 0 0 5.06 0 0 2.8 0 0 0 0 0 0 0 0 0 0 0 0 0 0 0 0 0 0 0 0 0 0 0 0 0 0 0 0 0 0 0 0 0 0 0 0 0 0 0 0 0 0 0.93 0 0 0 0 0 0 0 0 0 5.23 0 0 0 0 0 0 0 0 0 2.09 0 0 0 0.61 0 0 1.68 0 0 0 0 0 0 1.05 0 0 1.37 0 0 0 0 0 0 2.52 0 0 2.86 0 0 0 0 0 0 0 0 0 0 0 0 0 0 0 0 0 0 0 0 0 0 0 0 0 0 0 0 0 0 0 0 0 0 0 0 0 0 0 0 0 0 0.62 0 0 0 0 0 0 0 0 0 0.25 0 0 0 0 0 0 0 0 0 0.31 0 0 0 0 0 0 0 0 0 2.47 0 0 0 0 0 0 0 0 0 4.93 0 0 0 0 0 0 0 0 0 4.96 0 0 0 0.94 0 0 0.73 0 0 0 0 0 0 0.89 0 0 0.93 0 0 0 0 0 0 0.73 0 0 0.38 0 0 0 0 0 0 0 0 0 0 0 0 0 0 0 0 0 0 0 0 0 0 0 0 0 0 0 0 0 0 0 0 0 0 0 0 0 0 0 0 0 0 2.03 0 0 0 0 0 0 0 0 0 3.63 0 0 0 0 0 0 0 0 0 5.84 0 0 0 3.25 0 0 0.37 0 0 0 0 0 0 3.19 0 0 0.32 0 0 0 0 0 0 1 0 0 2.9 0 0 0 0 0 0 0 0 0 0 0 0 0 0 0 0 0 0 0 0 0 0 0 0 0 0 0 0 0 0 0 0 0 0 0 0 0 0 0 0 0 0 4.36 0 0 0 0 0 0 0 0 0 0.29 0 0 0 0 0 0 0 0 0 1.92 0 0 0 4.27 0 0 2.5 0 0 0 0 0 0 2.59 0 0 1.1 0 0 0 0 0 0 0.25 0 0 2.11 0 0 0 0 0 0 0 0 0 0 0 0 0 0 0 0 0 0 0 0 0 0 0 0 0 0 0 0 0 0 0 0 0 0 0 0 0 0 0 0 0 0 1.52 0 0 0 0 0 0 0 0 0 0.57 0 0 0 0 0 0 0 0 0 0.43 0 0 
0 0 0 0 0 0 0 1 0 0 0 0 0 0 0 0 0 5.71 0 0 0 0 0 0 0 0 0 2.81 0 0 0 2.02 0 0 0.13 0 0 0 0 0 0 0.16 0 0 4.77 0 0 0 0 0 0 0.43 0 0 2.45 0 0 0 0 0 0 0 0 0 0 0 0 0 0 0 0 0 0 0 0 0 0 0 0 0 0 0 0 0 0 0 0 0 0 0 0 0 0 0 0 0 0 2.35 0 0 0 0 0 0 0 0 0 0.22 0 0 0 0 0 0 0 0 0 1.41 0 0 0 1.61 0 0 4.94 0 0 0 0 0 0 4.73 0 0 4.73 0 0 0 0 0 0 2.45 0 0 0.54 0 0 0 0 0 0 0 0 0 0 0 0 0 0 0 0 0 0 0 0 0 0 0 0 0 0 0 0 0 0 0 0 0 0 0 0 0 0 0 0 0 0 0.4 0 0 0 0 0 0 0 0 0 2.47 0 0 0 0 0 0 0 0 0 3 0 0 0 5.51 0 0 4.06 0 0 0 0 0 0 1.37 0 0 3.91 0 0 0 0 0 0 1.15 0 0 4.28 0 0 0 0 0 0 0 0 0 0 0 0 0 0 0 0 0 0 0 0 0 0 0 0 0 0 0 0 0 0 0 0 0 0 0 0 0 0 0 0 0 0 2.15 0 0 0 0 0 0 0 0 0 1.19 0 0 0 0 0 0 0 0 0 0.63 0 0 0 0 0 0 0 0 0 4.1 0 0 0 0 0 0 0 0 0 0.68 0 0 0 0 0 0 0 0 0 3.25 0 0 0 0.19 0 0 0.57 0 0 0 0 0 0 4.83 0 0 0.22 0 0 0 0 0 0 2.38 0 0 3.14 0 0 0 0 0 0 0 0 0 0 0 0 0 0 0 0 0 0 0 0 0 0 0 0 0 0 0 0 0 0 0 0 0 0 0 0 0 0 0 0 0 0 0.19 0 0 0 0 0 0 0 0 0 3.73 0 0 0 0 0 0 0 0 0 0.47 0 0 0 3.56 0 0 0.9 0 0 0 0 0 0 1.42 0 0 5.34 0 0 0 0 0 0 4.97 0 0 3.06 0 0 0 0 0 0 0 0 0 0 0 0 0 0 0 0 0 0 0 0 0 0 0 0 0 0 0 0 0 0 0 0 0 0 0 0 0 0 0 0 0 0 0.94 0 0 0 0 0 0 0 0 0 5.41 0 0 0 0 0 0 0 0 0 2.4 0 0 0 0.39 0 0 1.68 0 0 0 0 0 0 1.03 0 0 1.29 0 0 0 0 0 0 2.43 0 0 2.62 0 0 0 0 0 0 0 0 0 0 0 0 0 0 0 0 0 0 0 0 0 0 0 0 0 0 0 0 0 0 0 0 0 0 0 0 0 0 0 0 0 0 0.62 0 0 0 0 0 0 0 0 0 0.2 0 0 0 0 0 0 0 0 0 0.49 0 0 0 0 0 0 0 0 0 2.42 0 0 0 0 0 0 0 0 0 4.89 0 0 0 0 0 0 0 0 0 4.7 0 0 0 0.84 0 0 0.81 0 0 0 0 0 0 0.86 0 0 1.02 0 0 0 0 0 0 0.79 0 0 0.26 0 0 0 0 0 0 0 0 0 0 0 0 0 0 0 0 0 0 0 0 0 0 0 0 0 0 0 0 0 0 0 0 0 0 0 0 0 0 0 0 0 0 1.92 0 0 0 0 0 0 0 0 0 3.62 0 0 0 0 0 0 0 0 0 6.03 0 0 0 3.2 0 0 0.3 0 0 0 0 0 0 3.23 0 0 0.18 0 0 0 0 0 0 1.05 0 0 2.74 0 0 0 0 0 0 0 0 0 0 0 0 0 0 0 0 0 0 0 0 0 0 0 0 0 0 0 0 0 0 0 0 0 0 0 0 0 0 0 0 0 0 4.18 0 0 0 0 0 0 0 0 0 0.25 0 0 0 0 0 0 0 0 0 1.76 0 0 0 4.15 0 0 2.3 0 0 0 0 0 0 2.63 0 0 0.88 0 0 0 0 0 0 0.2 0 0 2.15 0 0 0 0 0 0 0 0 0 0 0 0 0 0 0 0 0 0 0 0 0 0 0 0 0 0 0 0 0 0 0 0 0 0 0 0 0 0 0 0 0 0 1.62 0 0 0 0 0 0 0 0 0 0.58 0 0 0 0 0 0 0 0 0 0.34 0 0 
0 0 0 0 0 0 0 0.9 0 0 0 0 0 0 0 0 0 5.69 0 0 0 0 0 0 0 0 0 2.92 0 0 0 1.89 0 0 0.11 0 0 0 0 0 0 0.17 0 0 4.8 0 0 0 0 0 0 0.31 0 0 2.41 0 0 0 0 0 0 0 0 0 0 0 0 0 0 0 0 0 0 0 0 0 0 0 0 0 0 0 0 0 0 0 0 0 0 0 0 0 0 0 0 0 0 2.35 0 0 0 0 0 0 0 0 0 0.18 0 0 0 0 0 0 0 0 0 1.35 0 0 0 1.59 0 0 5.18 0 0 0 0 0 0 4.95 0 0 5.05 0 0 0 0 0 0 2.25 0 0 0.58 0 0 0 0 0 0 0 0 0 0 0 0 0 0 0 0 0 0 0 0 0 0 0 0 0 0 0 0 0 0 0 0 0 0 0 0 0 0 0 0 0 0 0.48 0 0 0 0 0 0 0 0 0 2.29 0 0 0 0 0 0 0 0 0 2.8 0 0 0 5.53 0 0 4.12 0 0 0 0 0 0 1.43 0 0 3.95 0 0 0 0 0 0 1.11 0 0 4.37 0 0 0 0 0 0 0 0 0 0 0 0 0 0 0 0 0 0 0 0 0 0 0 0 0 0 0 0 0 0 0 0 0 0 0 0 0 0 0 0 0 0 1.92 0 0 0 0 0 0 0 0 0 1.26 0 0 0 0 0 0 0 0 0 0.75 0 0 0 0 0 0 0 0 0 4.48 0 0 0 0 0 0 0 0 0 0.69 0 0 0 0 0 0 0 0 0 3.22 0 0 0 0.1 0 0 0.49 0 0 0 0 0 0 4.77 0 0 0.4 0 0 0 0 0 0 2.4 0 0 3.31 0 0 0 0 0 0 0 0 0 0 0 0 0 0 0 0 0 0 0 0 0 0 0 0 0 0 0 0 0 0 0 0 0 0 0 0 0 0 0 0 0 0 0.24 0 0 0 0 0 0 0 0 0 3.89 0 0 0 0 0 0 0 0 0 0.39 0 0 0 3.74 0 0 0.97 0 0 0 0 0 0 1.19 0 0 5.24 0 0 0 0 0 0 5.22 0 0 2.57 0 0 0 0 0 0 0 0 0 0 0 0 0 0 0 0 0 0 0 0 0 0 0 0 0 0 0 0 0 0 0 0 0 0 0 0 0 0 0 0 0 0 0.98 0 0 0 0 0 0 0 0 0 5.44 0 0 0 0 0 0 0 0 0 1.93 0 0 0 0.46 0 0 2.02 0 0 0 0 0 0 1.22 0 0 1.33 0 0 0 0 0 0 2.51 0 0 2.37 0 0 0 0 0 0 0 0 0 0 0 0 0 0 0 0 0 0 0 0 0 0 0 0 0 0 0 0 0 0 0 0 0 0 0 0 0 0 0 0 0 0 0.7 0 0 0 0 0 0 0 0 0 0.18 0 0 0 0 0 0 0 0 0 0.44 0 0 0 0 0 0 0 0 0 2.41 0 0 0 0 0 0 0 0 0 5 0 0 0 0 0 0 0 0 0 5.21 0 0 0 0.88 0 0 0.8 0 0 0 0 0 0 0.87 0 0 0.84 0 0 0 0 0 0 0.8 0 0 0.3 0 0 0 0 0 0 0 0 0 0 0 0 0 0 0 0 0 0 0 0 0 0 0 0 0 0 0 0 0 0 0 0 0 0 0 0 0 0 0 0 0 0 2.01 0 0 0 0 0 0 0 0 0 3.57 0 0 0 0 0 0 0 0 0 5.67 0 0 0 3.17 0 0 0.27 0 0 0 0 0 0 3.18 0 0 0.23 0 0 0 0 0 0 1.01 0 0 2.77 0 0 0 0 0 0 0 0 0 0 0 0 0 0 0 0 0 0 0 0 0 0 0 0 0 0 0 0 0 0 0 0 0 0 0 0 0 0 0 0 0 0 4.07 0 0 0 0 0 0 0 0 0 0.19 0 0 0 0 0 0 0 0 0 1.55 0 0 0 4.32 0 0 2.36 0 0 0 0 0 0 2.63 0 0 1.06 0 0 0 0 0 0 0.2 0 0 1.95 0 0 0 0 0 0 0 0 0 0 0 0 0 0 0 0 0 0 0 0 0 0 0 0 0 0 0 0 0 0 0 0 0 0 0 0 0 0 0 0 0 0 1.44 0 0 0 0 0 0 0 0 0 0.63 0 0 0 0 0 0 0 0 0 0.44 0 0 
0 0 0 0 0 0 0 0.92 0 0 0 0 0 0 0 0 0 5.79 0 0 0 0 0 0 0 0 0 2.99 0 0 0 2 0 0 0.17 0 0 0 0 0 0 0.13 0 0 4.59 0 0 0 0 0 0 0.33 0 0 2.67 0 0 0 0 0 0 0 0 0 0 0 0 0 0 0 0 0 0 0 0 0 0 0 0 0 0 0 0 0 0 0 0 0 0 0 0 0 0 0 0 0 0 2.4 0 0 0 0 0 0 0 0 0 0.21 0 0 0 0 0 0 0 0 0 1.43 0 0 0 1.63 0 0 4.99 0 0 0 0 0 0 4.88 0 0 5.01 0 0 0 0 0 0 2.28 0 0 0.69 0 0 0 0 0 0 0 0 0 0 0 0 0 0 0 0 0 0 0 0 0 0 0 0 0 0 0 0 0 0 0 0 0 0 0 0 0 0 0 0 0 0 0.37 0 0 0 0 0 0 0 0 0 2.15 0 0 0 0 0 0 0 0 0 2.87 0 0 0 5.25 0 0 3.97 0 0 0 0 0 0 1.45 0 0 4.11 0 0 0 0 0 0 1.1 0 0 4.51 0 0 0 0 0 0 0 0 0 0 0 0 0 0 0 0 0 0 0 0 0 0 0 0 0 0 0 0 0 0 0 0 0 0 0 0 0 0 0 0 0 0 2.09 0 0 0 0 0 0 0 0 0 1.31 0 0 0 0 0 0 0 0 0 0.53 0 0 0 0 0 0 0 0 0 4.45 0 0 0 0 0 0 0 0 0 0.54 0 0 0 0 0 0 0 0 0 3.34 0 0 0 0.14 0 0 0.48 0 0 0 0 0 0 4.62 0 0 0.19 0 0 0 0 0 0 2.23 0 0 3.03 0 0 0 0 0 0 0 0 0 0 0 0 0 0 0 0 0 0 0 0 0 0 0 0 0 0 0 0 0 0 0 0 0 0 0 0 0 0 0 0 0 0 0.34 0 0 0 0 0 0 0 0 0 3.94 0 0 0 0 0 0 0 0 0 0.38 0 0 0 3.66 0 0 0.8 0 0 0 0 0 0 1.5 0 0 4.81 0 0 0 0 0 0 4.96 0 0 2.89 0 0 0 0 0 0 0 0 0 0 0 0 0 0 0 0 0 0 0 0 0 0 0 0 0 0 0 0 0 0 0 0 0 0 0 0 0 0 0 0 0 0 1.1 0 0 0 0 0 0 0 0 0 5.58 0 0 0 0 0 0 0 0 0 2.11 0 0 0 0.46 0 0 1.8 0 0 0 0 0 0 1.13 0 0 1.33 0 0 0 0 0 0 2.71 0 0 2.52 0 0 0 0 0 0 0 0 0 0 0 0 0 0 0 0 0 0 0 0 0 0 0 0 0 0 0 0 0 0 0 0 0 0 0 0 0 0 0 0 0 0 0.71 0 0 0 0 0 0 0 0 0 0.23 0 0 0 0 0 0 0 0 0 0.33 0 0 0 0 0 0 0 0 0 2.43 0 0 0 0 0 0 0 0 0 5.09 0 0 0 0 0 0 0 0 0 5.02 0 0 0 0.99 0 0 0.8 0 0 0 0 0 0 0.82 0 0 0.85 0 0 0 0 0 0 0.73 0 0 0.35 0 0 0 0 0 0 0 0 0 0 0 0 0 0 0 0 0 0 0 0 0 0 0 0 0 0 0 0 0 0 0 0 0 0 0 0 0 0 0 0 0 0 2.12 0 0 0 0 0 0 0 0 0 3.46 0 0 0 0 0 0 0 0 0 5.77 0 0 0 3.27 0 0 0.43 0 0 0 0 0 0 3.46 0 0 0.22 0 0 0 0 0 0 1.23 0 0 2.91 0 0 0 0 0 0 0 0 0 0 0 0 0 0 0 0 0 0 0 0 0 0 0 0 0 0 0 0 0 0 0 0 0 0 0 0 0 0 0 0 0 0 4.2 0 0 0 0 0 0 0 0 0 0.28 0 0 0 0 0 0 0 0 0 1.69 0 0 0 4.12 0 0 2.32 0 0 0 0 0 0 2.78 0 0 1.03 0 0 0 0 0 0 0.21 0 0 1.94 0 0 0 0 0 0 0 0 0 0 0 0 0 0 0 0 0 0 0 0 0 0 0 0 0 0 0 0 0 0 0 0 0 0 0 0 0 0 0 0 0 0 1.53 0 0 0 0 0 0 0 0 0 0.6 0 0 0 0 0 0 0 0 0 0.38 0 0 
0 0 0 0 0 0 0 1.07 0 0 0 0 0 0 0 0 0 5.74 0 0 0 0 0 0 0 0 0 3.04 0 0 0 1.85 0 0 0.13 0 0 0 0 0 0 0.09 0 0 4.57 0 0 0 0 0 0 0.43 0 0 2.58 0 0 0 0 0 0 0 0 0 0 0 0 0 0 0 0 0 0 0 0 0 0 0 0 0 0 0 0 0 0 0 0 0 0 0 0 0 0 0 0 0 0 2.45 0 0 0 0 0 0 0 0 0 0.26 0 0 0 0 0 0 0 0 0 1.42 0 0 0 1.73 0 0 5.17 0 0 0 0 0 0 4.75 0 0 4.82 0 0 0 0 0 0 2.16 0 0 0.57 0 0 0 0 0 0 0 0 0 0 0 0 0 0 0 0 0 0 0 0 0 0 0 0 0 0 0 0 0 0 0 0 0 0 0 0 0 0 0 0 0 0 0.38 0 0 0 0 0 0 0 0 0 2.33 0 0 0 0 0 0 0 0 0 2.73 0 0 0 5.55 0 0 4.37 0 0 0 0 0 0 1.4 0 0 4.09 0 0 0 0 0 0 1.29 0 0 4.33 0 0 0 0 0 0 0 0 0 0 0 0 0 0 0 0 0 0 0 0 0 0 0 0 0 0 0 0 0 0 0 0 0 0 0 0 0 0 0 0 0 0 2.11 0 0 0 0 0 0 0 0 0 1.37 0 0 0 0 0 0 0 0 0 0.68 0 0 0 0 0 0 0 0 0 4.6 0 0 0 0 0 0 0 0 0 0.7 0 0 0 0 0 0 0 0 0 3.39 0 0 0 0.2 0 0 0.36 0 0 0 0 0 0 4.52 0 0 0.3 0 0 0 0 0 0 2.4 0 0 3.14 0 0 0 0 0 0 0 0 0 0 0 0 0 0 0 0 0 0 0 0 0 0 0 0 0 0 0 0 0 0 0 0 0 0 0 0 0 0 0 0 0 0 0.28 0 0 0 0 0 0 0 0 0 3.61 0 0 0 0 0 0 0 0 0 0.51 0 0 0 3.59 0 0 0.95 0 0 0 0 0 0 1.25 0 0 4.97 0 0 0 0 0 0 4.87 0 0 2.95 0 0 0 0 0 0 0 0 0 0 0 0 0 0 0 0 0 0 0 0 0 0 0 0 0 0 0 0 0 0 0 0 0 0 0 0 0 0 0 0 0 0 0.96 0 0 0 0 0 0 0 0 0 5.39 0 0 0 0 0 0 0 0 0 2.07 0 0 0 0.44 0 0 1.98 0 0 0 0 0 0 1.24 0 0 1.37 0 0 0 0 0 0 2.55 0 0 2.52 0 0 0 0 0 0 0 0 0 0 0 0 0 0 0 0 0 0 0 0 0 0 0 0 0 0 0 0 0 0 0 0 0 0 0 0 0 0 0 0 0 0 0.49 0 0 0 0 0 0 0 0 0 0.24 0 0 0 0 0 0 0 0 0 0.44 0 0 0 0 0 0 0 0 0 2.52 0 0 0 0 0 0 0 0 0 4.99 0 0 0 0 0 0 0 0 0 4.8 0 0 0 0.85 0 0 0.82 0 0 0 0 0 0 0.88 0 0 0.89 0 0 0 0 0 0 0.81 0 0 0.21 0 0 0 0 0 0 0 0 0 0 0 0 0 0 0 0 0 0 0 0 0 0 0 0 0 0 0 0 0 0 0 0 0 0 0 0 0 0 0 0 0 0 2.18 0 0 0 0 0 0 0 0 0 3.77 0 0 0 0 0 0 0 0 0 5.95 0 0 0 3.24 0 0 0.41 0 0 0 0 0 0 3.28 0 0 0.29 0 0 0 0 0 0 1.22 0 0 2.67 0 0 0 0 0 0 0 0 0 0 0 0 0 0 0 0 0 0 0 0 0 0 0 0 0 0 0 0 0 0 0 0 0 0 0 0 0 0 0 0 0 0 4.38 0 0 0 0 0 0 0 0 0 0.24 0 0 0 0 0 0 0 0 0 1.63 0 0 0 4.3 0 0 2.28 0 0 0 0 0 0 2.44 0 0 1.17 0 0 0 0 0 0 0.26 0 0 1.77 0 0 0 0 0 0 0 0 0 0 0 0 0 0 0 0 0 0 0 0 0 0 0 0 0 0 0 0 0 0 0 0 0 0 0 0 0 0 0 0 0 0 1.57 0 0 0 0 0 0 0 0 0 0.57 0 0 0 0 0 0 0 0 0 0.39 0 0 
0 0 0 0 0 0 0 0.99 0 0 0 0 0 0 0 0 0 5.58 0 0 0 0 0 0 0 0 0 2.76 0 0 0 1.96 0 0 0.18 0 0 0 0 0 0 0.14 0 0 4.71 0 0 0 0 0 0 0.4 0 0 2.73 0 0 0 0 0 0 0 0 0 0 0 0 0 0 0 0 0 0 0 0 0 0 0 0 0 0 0 0 0 0 0 0 0 0 0 0 0 0 0 0 0 0 2.38 0 0 0 0 0 0 0 0 0 0.16 0 0 0 0 0 0 0 0 0 1.29 0 0 0 1.53 0 0 5.14 0 0 0 0 0 0 4.86 0 0 4.85 0 0 0 0 0 0 2.24 0 0 0.66 0 0 0 0 0 0 0 0 0 0 0 0 0 0 0 0 0 0 0 0 0 0 0 0 0 0 0 0 0 0 0 0 0 0 0 0 0 0 0 0 0 0 0.44 0 0 0 0 0 0 0 0 0 2.29 0 0 0 0 0 0 0 0 0 2.96 0 0 0 5.51 0 0 4.03 0 0 0 0 0 0 1.31 0 0 4 0 0 0 0 0 0 1.14 0 0 4.48 0 0 0 0 0 0 0 0 0 0 0 0 0 0 0 0 0 0 0 0 0 0 0 0 0 0 0 0 0 0 0 0 0 0 0 0 0 0 0 0 0 0 1.93 0 0 0 0 0 0 0 0 0 1.44 0 0 0 0 0 0 0 0 0 0.68 0 0 0 0 0 0 0 0 0 4.42 0 0 0 0 0 0 0 0 0 0.64 0 0 0 0 0 0 0 0 0 3.3 0 0 0 0.15 0 0 0.4 0 0 0 0 0 0 4.75 0 0 0.29 0 0 0 0 0 0 2.46 0 0 3.47 0 0 0 0 0 0 0 0 0 0 0 0 0 0 0 0 0 0 0 0 0 0 0 0 0 0 0 0 0 0 0 0 0 0 0 0 0 0 0 0 0 0 0.19 0 0 0 0 0 0 0 0 0 3.82 0 0 0 0 0 0 0 0 0 0.5 0 0 0 3.7 0 0 0.81 0 0 0 0 0 0 1.34 0 0 5.19 0 0 0 0 0 0 5.27 0 0 2.85 0 0 0 0 0 0 0 0 0 0 0 0 0 0 0 0 0 0 0 0 0 0 0 0 0 0 0 0 0 0 0 0 0 0 0 0 0 0 0 0 0 0 0.99 0 0 0 0 0 0 0 0 0 5.36 0 0 0 0 0 0 0 0 0 2.07 0 0 0 0.42 0 0 1.76 0 0 0 0 0 0 1.1 0 0 1.33 0 0 0 0 0 0 2.57 0 0 2.48 0 0 0 0 0 0 0 0 0 0 0 0 0 0 0 0 0 0 0 0 0 0 0 0 0 0 0 0 0 0 0 0 0 0 0 0 0 0 0 0 0 0 0.5 0 0 0 0 0 0 0 0 0 0.26 0 0 0 0 0 0 0 0 0 0.43 0 0 0 0 0 0 0 0 0 2.56 0 0 0 0 0 0 0 0 0 4.87 0 0 0 0 0 0 0 0 0 4.86 0 0 0 0.88 0 0 0.76 0 0 0 0 0 0 0.85 0 0 0.9 0 0 0 0 0 0 0.84 0 0 0.39 0 0 0 0 0 0 0 0 0 0 0 0 0 0 0 0 0 0 0 0 0 0 0 0 0 0 0 0 0 0 0 0 0 0 0 0 0 0 0 0 0 0 1.87 0 0 0 0 0 0 0 0 0 3.43 0 0 0 0 0 0 0 0 0 6.12 0 0 0 3.21 0 0 0.36 0 0 0 0 0 0 3.2 0 0 0.3 0 0 0 0 0 0 1.01 0 0 3 0 0 0 0 0 0 0 0 0 0 0 0 0 0 0 0 0 0 0 0 0 0 0 0 0 0 0 0 0 0 0 0 0 0 0 0 0 0 0 0 0 0 4.28 0 0 0 0 0 0 0 0 0 0.25 0 0 0 0 0 0 0 0 0 1.63 0 0 0 4.07 0 0 2.34 0 0 0 0 0 0 2.87 0 0 1.09 0 0 0 0 0 0 0.18 0 0 2.09 0 0 0 0 0 0 0 0 0 0 0 0 0 0 0 0 0 0 0 0 0 0 0 0 0 0 0 0 0 0 0 0 0 0 0 0 0 0 0 0 0 0 1.54 0 0 0 0 0 0 0 0 0 0.54 0 0 0 0 0 0 0 0 0 0.41 0 0 
0 0 0 0 0 0 0 1 0 0 0 0 0 0 0 0 0 5.99 0 0 0 0 0 0 0 0 0 2.85 0 0 0 1.89 0 0 0.09 0 0 0 0 0 0 0.06 0 0 4.73 0 0 0 0 0 0 0.32 0 0 2.48 0 0 0 0 0 0 0 0 0 0 0 0 0 0 0 0 0 0 0 0 0 0 0 0 0 0 0 0 0 0 0 0 0 0 0 0 0 0 0 0 0 0 2.43 0 0 0 0 0 0 0 0 0 0.3 0 0 0 0 0 0 0 0 0 1.44 0 0 0 1.58 0 0 5.13 0 0 0 0 0 0 4.72 0 0 4.72 0 0 0 0 0 0 2.32 0 0 0.44 0 0 0 0 0 0 0 0 0 0 0 0 0 0 0 0 0 0 0 0 0 0 0 0 0 0 0 0 0 0 0 0 0 0 0 0 0 0 0 0 0 0 0.39 0 0 0 0 0 0 0 0 0 2.29 0 0 0 0 0 0 0 0 0 2.84 0 0 0 5.46 0 0 4.12 0 0 0 0 0 0 1.37 0 0 4.26 0 0 0 0 0 0 1.22 0 0 4.3 0 0 0 0 0 0 0 0 0 0 0 0 0 0 0 0 0 0 0 0 0 0 0 0 0 0 0 0 0 0 0 0 0 0 0 0 0 0 0 0 0 0 1.91 0 0 0 0 0 0 0 0 0 1.52 0 0 0 0 0 0 0 0 0 0.62 0 0 0 0 0 0 0 0 0 4.66 0 0 0 0 0 0 0 0 0 0.67 0 0 0 0 0 0 0 0 0 3.26 0 0 0 0.12 0 0 0.46 0 0 0 0 0 0 4.67 0 0 0.26 0 0 0 0 0 0 2.04 0 0 3.46 0 0 0 0 0 0 0 0 0 0 0 0 0 0 0 0 0 0 0 0 0 0 0 0 0 0 0 0 0 0 0 0 0 0 0 0 0 0 0 0 0 0 0.23 0 0 0 0 0 0 0 0 0 3.84 0 0 0 0 0 0 0 0 0 0.46 0 0 0 3.58 0 0 0.77 0 0 0 0 0 0 1.37 0 0 4.86 0 0 0 0 0 0 5.34 0 0 2.76 0 0 0 0 0 0 0 0 0 0 0 0 0 0 0 0 0 0 0 0 0 0 0 0 0 0 0 0 0 0 0 0 0 0 0 0 0 0 0 0 0 0 1.05 0 0 0 0 0 0 0 0 0 5.47 0 0 0 0 0 0 0 0 0 1.93 0 0 0 0.42 0 0 1.87 0 0 0 0 0 0 1.01 0 0 1.38 0 0 0 0 0 0 2.68 0 0 2.55 0 0 0 0 0 0 0 0 0 0 0 0 0 0 0 0 0 0 0 0 0 0 0 0 0 0 0 0 0 0 0 0 0 0 0 0 0 0 0 0 0 0 0.66 0 0 0 0 0 0 0 0 0 0.13 0 0 0 0 0 0 0 0 0 0.37 0 0 0 0 0 0 0 0 0 2.52 0 0 0 0 0 0 0 0 0 4.81 0 0 0 0 0 0 0 0 0 4.66 0 0 0 0.73 0 0 0.83 0 0 0 0 0 0 0.9 0 0 1.02 0 0 0 0 0 0 0.94 0 0 0.43 0 0 0 0 0 0 0 0 0 0 0 0 0 0 0 0 0 0 0 0 0 0 0 0 0 0 0 0 0 0 0 0 0 0 0 0 0 0 0 0 0 0 1.98 0 0 0 0 0 0 0 0 0 3.44 0 0 0 0 0 0 0 0 0 5.9 0 0 0 3.36 0 0 0.34 0 0 0 0 0 0 3.27 0 0 0.37 0 0 0 0 0 0 1.15 0 0 2.71 0 0 0 0 0 0 0 0 0 0 0 0 0 0 0 0 0 0 0 0 0 0 0 0 0 0 0 0 0 0 0 0 0 0 0 0 0 0 0 0 0 0 4.3 0 0 0 0 0 0 0 0 0 0.15 0 0 0 0 0 0 0 0 0 1.7 0 0 0 4.37 0 0 2.13 0 0 0 0 0 0 2.75 0 0 1.18 0 0 0 0 0 0 0.31 0 0 1.95 0 0 0 0 0 0 0 0 0 0 0 0 0 0 0 0 0 0 0 0 0 0 0 0 0 0 0 0 0 0 0 0 0 0 0 0 0 0 0 0 0 0 1.23 0 0 0 0 0 0 0 0 0 0.7 0 0 0 0 0 0 0 0 0 0.39 0 0 

</Matrix>
   <Matrix name="burstinessHist" type="complete" rows="1" columns="2000" multiplier="1.0">
   170 175 206 191 208 194 193 190 188 192 181 194 196 196 198 199 183 205 188 185 189 191 197 183 198 203 195 181 202 194 207 198 188 203 180 190 198 187 197 190 188 196 190 186 204 198 206 200 209 181 207 190 185 178 194 185 188 193 202 200 204 207 197 168 195 188 175 207 207 199 209 210 192 203 197 163 185 199 188 194 180 201 190 199 175 179 180 195 192 201 176 202 202 207 201 192 187 183 202 192 194 184 207 199 200 200 179 199 182 186 194 194 193 205 201 193 200 188 205 200 190 178 203 193 191 204 203 201 190 205 175 187 197 192 184 190 182 198 186 214 185 200 197 186 184 193 190 189 184 192 184 187 211 189 195 200 191 199 191 215 196 203 199 205 189 188 215 195 199 209 197 199 219 206 172 201 198 200 206 183 195 174 199 199 194 185 179 192 201 191 186 197 190 195 179 204 179 193 183 183 195 204 201 186 208 197 197 202 181 214 176 182 204 176 205 191 214 200 188 176 202 194 201 204 174 194 196 207 190 211 194 209 211 187 201 209 203 192 194 194 193 191 199 165 174 184 184 173 190 196 184 205 197 201 205 179 185 190 188 186 185 205 211 188 199 194 193 207 193 181 216 195 190 192 193 197 195 201 192 210 192 177 209 186 174 199 180 198 204 192 169 200 191 189 192 197 196 187 175 197 199 203 200 194 191 188 175 206 185 200 196 189 228 193 186 204 198 203 186 192 199 196 186 202 197 217 206 179 203 180 192 196 194 209 205 209 193 215 188 205 209 190 187 184 194 206 208 189 190 186 185 200 205 203 209 202 169 212 197 183 188 190 194 200 195 201 189 205 188 184 205 202 173 185 176 196 210 183 181 198 194 197 200 198 193 192 193 206 183 193 204 188 183 205 167 203 201 206 190 183 197 188 194 205 203 219 186 190 207 198 182 197 193 180 187 200 192 193 185 193 197 185 189 181 217 201 192 197 193 212 184 188 203 177 186 202 180 190 184 199 193 192 211 185 195 191 201 199 193 193 197 194 194 202 191 190 201 199 199 183 190 198 186 200 196 199 192 174 190 188 202 207 204 190 184 198 195 193 182 195 205 207 192 185 193 188 185 198 181 207 180 202 190 184 185 195 216 201 218 196 201 204 187 205 204 194 189 198 196 195 189 207 192 197 204 186 199 193 181 183 173 177 196 201 180 197 197 206 180 189 207 184 204 197 177 190 195 205 191 188 192 180 209 199 202 191 198 187 185 193 212 186 206 206 198 185 187 203 199 202 196 177 188 192 183 191 197 199 201 192 196 210 189 194 176 205 189 179 192 182 205 197 195 201 192 224 201 192 208 202 184 191 206 193 193 205 203 205 186 226 214 192 198 194 193 202 181 187 171 204 185 183 200 192 192 196 211 186 187 187 189 187 194 180 201 202 174 194 200 202 198 194 188 192 197 194 198 189 199 195 204 196 185 185 198 217 196 201 197 208 178 197 184 203 195 211 218 199 213 198 175 202 197 190 205 174 191 193 195 211 194 194 197 187 200 189 198 209 176 204 191 198 205 202 198 195 211 194 186 201 209 200 206 195 202 198 203 201 177 203 197 204 199 190 174 194 213 186 196 197 185 210 201 184 203 191 201 204 185 183 186 202 212 202 193 180 209 183 178 194 197 203 199 184 201 211 195 187 195 205 199 196 191 200 206 213 200 206 184 198 206 189 205 187 198 190 175 185 193 183 184 199 199 181 204 192 199 187 210 206 206 209 201 215 200 193 189 192 191 190 216 185 211 190 195 191 176 206 202 200 198 191 174 194 196 194 194 179 211 202 197 194 190 192 204 192 196 197 195 191 216 196 188 189 199 201 198 207 199 205 186 185 198 186 187 190 186 202 187 192 190 179 185 211 200 195 191 185 192 196 191 214 175 197 187 174 212 208 175 195 216 199 207 193 195 199 185 201 213 192 205 201 188 190 193 187 196 208 190 187 206 190 193 201 193 188 184 187 185 196 191 189 184 196 197 195 198 189 187 203 195 210 173 213 182 187 201 201 199 201 194 206 187 199 193 211 200 215 192 198 187 187 207 208 191 217 189 218 187 210 167 195 193 185 216 195 217 194 197 195 197 191 175 197 202 181 204 199 207 189 192 198 181 191 207 185 201 183 177 193 182 189 191 190 181 214 179 190 187 195 179 192 179 202 201 195 194 206 199 188 212 197 192 195 200 196 196 182 194 190 185 198 192 200 194 196 202 188 203 198 198 189 196 179 203 179 187 188 202 199 202 199 182 222 186 182 191 186 187 195 196 191 225 195 197 198 190 197 201 201 209 186 184 200 208 194 201 189 197 185 200 208 199 205 206 183 191 182 201 194 210 209 174 204 181 195 199 196 195 207 202 199 207 213 204 195 202 197 202 213 208 192 191 183 198 181 193 181 174 199 184 184 186 187 206 196 204 185 193 204 181 187 214 204 198 216 179 206 183 196 187 175 193 203 205 199 185 198 205 181 201 194 197 196 194 189 204 199 187 184 190 204 187 193 198 198 207 204 201 193 206 191 199 206 185 185 200 185 196 188 204 196 196 193 200 190 195 201 193 192 195 218 204 194 185 206 166 203 191 190 191 226 208 203 200 182 194 176 200 201 195 190 183 191 208 192 185 203 194 198 183 190 200 184 196 197 196 202 205 194 191 204 189 190 192 195 196 191 208 204 194 191 187 203 208 191 204 213 195 177 189 190 192 205 195 196 200 192 201 200 193 200 188 208 187 197 185 195 204 178 183 190 199 193 199 181 203 189 178 194 212 201 205 200 210 210 201 193 195 197 190 203 195 197 197 196 217 193 177 191 205 189 214 194 189 194 189 197 198 198 189 193 189 199 186 178 179 194 211 182 180 191 194 195 192 205 193 184 197 197 193 196 178 201 185 192 196 211 195 187 196 217 179 183 198 219 187 199 194 187 208 201 199 190 198 192 196 191 174 191 201 214 213 195 181 220 169 193 202 216 208 185 194 206 200 187 210 204 202 180 194 190 178 192 192 181 209 208 190 181 196 176 187 202 191 196 205 194 208 193 200 190 195 194 198 201 189 193 198 191 211 199 205 183 197 173 191 219 185 176 211 215 209 186 200 185 207 205 198 194 179 204 213 185 197 199 206 192 179 183 182 205 188 209 181 214 213 188 188 200 176 201 190 194 189 176 193 177 189 207 189 187 201 197 200 187 196 206 196 208 177 209 186 197 212 183 200 191 205 195 183 191 198 188 170 204 212 210 196 206 184 190 202 187 169 186 174 177 190 194 193 187 207 213 204 216 188 204 214 207 198 173 195 175 193 184 204 180 193 217 187 199 196 216 193 191 197 206 207 211 183 187 217 208 185 196 199 187 201 202 193 190 175 192 213 209 182 187 211 208 190 203 201 174 204 204 193 188 192 200 192 182 209 204 202 197 192 201 205 175 189 200 197 183 189 186 203 196 196 218 198 203 199 183 191 181 178 199 203 217 194 179 203 192 183 194 202 190 200 200 182 204 208 199 199 181 188 200 184 194 208 206 182 181 192 189 206 219 193 211 189 194 209 193 193 176 180 195 196 195 202 194 180 197 185 187 187 210 210 204 203 192 201 216 212 195 191 187 210 178 188 200 184 186 178 203 196 179 199 200 197 200 199 194 197 196 201 199 192 172 202 208 177 208 211 189 196 211 199 190 194 213 189 179 199 210 199 199 201 183 210 192 193 200 186 224 181 227 180 206 188 203 188 202 220 187 196 187 185 207 189 207 200 197 185 207 184 183 208 203 201 184 201 208 212 195 178 174 191 191 198 186 191 199 188 211 201 198 195 206 201 198 190 180 198 199 198 190 205 207 199 214 212 201 202 182 200 191 205 206 198 198 192 198 199 200 208 188 194 192 212 192 190 176 188 199 208 173 201 197 195 207 197 214 204 177 215 193 195 198 195 202 175 214 190 203 187 192 202 194 204 209 201 192 189 184 192 211 202 223 194 198 184 191 186 231 179 199 213 186 195 186 213 189 195 200 185 196 200 182 193 178 186 195 203 191 208 192 182 204 184 204 195 202 197 200 193 177 192 203 187 202 193 199 202 190 169 196 196 203 197 195 215 212 184 206 204 190 191 209 180 210 204 195 214 198 183 187 197 195 192 195 187 208 191 180 193 193 195 203 205 187 205 200 198 205 197 195 184 182 199 209 186 186 215 209 209 180 202 177 211 200 185 183 193 199 179 210 204 203 203 194 197 181 229 188 188 214 200 201 186 194 201 189 194 184 187 184 206 196 199 194 201 196 191 207 198 194 205 191 193 192 209 196 203 209 189 206 184 197 194 180 196 210 220 204 201 184 204 187 184 197 195 178 173 206 173 184 197 194 212 200 192 186 201 200 184 193 195 201 199 197 201 205 197 189 189 216 195 203 199 191 184 183 209 184 190 204 205 192 203 191 185 197 209 191 185 187 192 208 188 196 208 184 211 190 203 182 190 189 188 204 213 192 196 193 184 200 200 210 179 201 196 202 201 213 195 195 197 181 
</Matrix>
   <Matrix name="spikesHistory" type="complete" rows="1" columns="200000" multiplier="1.0">
   0 0 0 0 1 0 1 1 2 3 0 2 2 1 1 3 0 1 1 0 1 2 3 1 3 4 2 2 2 4 1 2 0 3 1 0 2 3 3 0 3 1 1 3 2 0 3 2 0 2 2 2 1 1 4 2 0 0 2 3 1 1 3 5 2 2 3 2 1 0 0 2 1 1 3 3 4 1 1 3 3 1 0 1 1 2 1 3 2 5 0 3 1 3 2 1 2 2 2 4 3 3 1 2 2 0 2 2 2 3 3 0 1 1 2 2 2 1 2 3 2 2 0 1 1 0 1 1 2 2 0 1 1 2 4 0 3 0 4 0 1 0 0 1 2 2 4 2 1 2 2 0 3 1 1 2 2 4 1 1 3 1 2 1 0 0 5 1 3 2 2 1 2 2 4 1 3 2 6 0 1 3 2 2 2 2 2 1 1 4 2 0 2 3 1 2 3 1 1 3 0 2 3 2 5 3 0 2 2 2 2 4 1 1 0 2 4 4 4 1 3 2 0 1 3 0 4 4 3 0 5 3 1 3 1 0 2 5 1 4 4 0 4 2 3 0 1 0 3 0 2 5 3 2 2 0 1 3 2 5 0 4 0 3 2 1 2 1 1 2 3 0 4 3 3 2 1 3 1 1 2 1 6 1 1 3 0 2 5 1 2 2 1 0 3 3 2 2 1 0 1 5 0 3 1 1 1 1 2 1 2 1 2 6 4 3 4 1 2 2 0 0 2 1 4 1 4 3 3 3 3 0 2 2 0 1 1 0 4 2 2 3 1 3 2 4 1 0 1 0 3 2 3 2 3 3 2 2 5 1 2 2 4 3 3 0 0 1 4 0 2 1 1 5 2 3 1 1 1 2 1 2 2 1 3 2 1 3 0 0 5 0 3 1 0 2 0 1 1 3 4 2 3 2 2 3 2 1 3 3 2 3 1 1 8 0 0 0 3 1 1 1 1 2 0 3 3 1 3 2 1 3 2 0 1 0 4 2 4 0 1 1 0 4 0 3 1 3 4 4 1 2 4 1 2 1 1 4 4 2 5 0 1 1 3 3 1 2 3 1 1 2 2 0 2 2 3 0 1 3 3 0 2 4 4 3 3 2 2 4 3 2 0 4 2 3 3 2 4 1 0 1 2 1 2 4 2 1 1 1 2 1 2 4 1 2 1 0 1 1 3 2 2 1 5 3 5 1 1 1 1 2 0 2 4 1 2 3 3 4 2 4 2 0 2 2 1 2 1 1 2 0 3 5 1 1 2 3 0 3 1 2 3 5 1 1 1 3 1 2 3 0 2 3 3 4 4 0 3 2 2 5 0 1 1 0 0 2 3 3 1 5 1 3 2 3 1 1 0 3 4 2 2 1 1 4 1 2 2 0 1 1 4 4 2 1 4 0 2 4 2 2 2 2 1 2 2 0 3 2 2 1 4 1 0 4 3 1 1 3 3 1 3 1 1 2 3 1 1 5 2 2 4 2 0 2 3 2 3 2 1 1 1 3 2 1 1 3 2 2 0 1 1 2 1 2 3 2 3 1 1 2 2 1 2 1 1 0 2 2 4 5 1 0 1 2 3 3 2 2 4 3 1 0 2 4 1 4 2 4 3 3 1 2 0 0 3 0 0 0 0 4 1 2 3 2 1 2 0 0 1 3 1 3 1 3 4 2 1 3 1 5 2 3 0 1 2 3 1 1 5 4 1 2 2 1 3 3 1 2 4 2 3 0 0 1 1 1 1 3 2 2 1 2 3 0 3 4 4 0 2 2 2 1 3 2 0 3 2 0 2 2 2 3 4 1 0 1 0 4 3 1 4 3 0 4 0 4 2 0 0 1 2 1 0 4 2 4 0 1 2 1 2 1 5 1 0 2 2 3 0 3 3 1 3 0 2 3 1 0 1 5 2 2 2 2 0 7 0 2 0 3 3 1 1 3 3 0 2 0 0 0 5 1 5 1 1 4 2 2 3 0 2 2 4 1 0 2 2 1 1 2 2 1 2 3 2 3 1 3 1 0 1 1 2 3 2 5 2 3 1 0 0 2 2 1 1 4 4 1 2 3 2 3 2 1 3 4 0 6 2 1 2 1 0 1 5 2 2 1 0 0 3 2 6 1 0 2 0 3 1 2 2 3 1 2 2 2 2 1 3 0 2 6 2 2 2 3 0 2 1 3 2 2 2 1 2 1 3 3 3 1 0 3 3 2 0 2 2 1 3 1 1 1 0 1 1 1 4 4 1 3 3 0 2 3 1 5 3 1 2 1 0 2 0 1 1 4 4 2 2 0 2 1 2 1 3 4 1 0 3 5 2 0 2 5 2 1 2 0 0 1 4 0 6 3 1 0 2 0 0 1 3 3 5 1 1 0 4 4 3 3 2 2 3 1 1 1 3 2 1 1 0 3 0 3 3 3 2 0 3 1 2 2 1 1 1 1 1 0 1 0 2 3 3 1 1 1 4 1 1 0 3 1 0 3 1 7 1 3 0 1 2 3 3 1 0 0 4 0 0 2 5 1 5 1 2 1 2 2 3 1 3 1 5 0 0 2 1 3 0 3 5 1 2 1 1 4 2 0 3 2 2 2 5 2 1 3 2 3 1 2 1 3 2 1 3 2 0 2 0 3 1 2 5 1 3 0 1 0 3 2 1 4 4 1 2 2 4 3 1 2 1 0 5 3 5 1 2 0 0 0 1 1 4 1 3 0 4 3 3 0 2 1 0 0 3 2 5 3 4 1 1 1 3 0 1 5 2 2 1 5 0 2 0 2 1 2 2 1 2 2 2 3 0 3 1 1 1 3 0 1 0 1 4 2 2 1 2 5 1 1 3 3 0 0 5 1 4 5 3 1 0 1 0 1 0 3 3 2 5 5 3 1 5 0 3 1 1 0 3 2 1 1 3 4 1 1 3 3 1 1 1 2 2 1 4 5 4 1 1 4 0 0 1 3 3 0 2 2 0 3 2 3 0 3 2 0 4 2 2 1 4 3 5 2 2 1 4 1 1 3 2 3 2 2 4 3 1 4 2 1 1 4 2 2 3 1 1 2 0 0 0 1 2 0 3 3 3 1 4 2 2 3 3 0 0 1 2 1 2 2 2 2 3 3 3 5 2 4 3 2 2 0 1 2 0 2 1 3 1 2 2 1 3 2 1 0 3 2 2 1 4 1 3 1 2 3 3 0 3 0 2 1 0 0 4 3 0 3 3 3 2 2 0 3 3 1 2 3 1 1 3 5 3 3 0 2 2 2 1 2 0 2 2 2 0 3 2 2 2 2 3 2 2 4 0 5 0 0 1 2 1 2 1 3 3 1 3 1 3 3 0 1 2 1 0 7 2 2 0 3 1 1 2 4 2 3 5 3 2 0 3 2 3 0 3 1 1 4 3 1 1 1 1 3 1 0 2 4 1 2 1 0 2 3 1 0 1 3 2 3 4 0 2 0 3 4 2 7 6 4 0 2 2 0 0 0 3 0 0 2 2 2 3 4 3 1 2 1 3 2 0 3 1 3 3 2 1 2 1 0 2 3 2 4 5 1 0 0 3 4 2 3 1 3 3 1 3 4 1 0 2 1 0 3 3 3 0 4 3 0 2 2 0 4 2 4 2 3 2 3 0 0 1 4 2 3 4 2 6 2 1 0 1 0 0 0 3 1 1 1 2 1 0 3 0 2 4 0 2 3 0 2 4 2 1 4 2 0 0 0 2 1 4 4 4 1 1 0 3 0 2 4 2 1 2 0 0 6 2 3 4 2 2 1 2 1 1 2 1 2 5 1 3 2 0 5 3 3 0 2 3 1 0 2 1 2 1 4 2 1 3 5 1 1 0 2 0 1 1 2 2 2 0 1 0 5 2 7 1 3 4 0 3 2 6 4 0 3 2 3 1 3 1 2 3 2 2 5 1 1 1 2 3 1 2 1 3 1 4 0 1 0 0 3 3 1 1 2 4 4 0 5 4 2 1 2 0 0 3 1 1 0 1 2 2 1 1 1 4 3 1 4 2 2 1 3 2 0 9 2 2 0 0 0 3 2 1 3 5 1 2 0 4 2 1 3 2 3 0 0 5 3 2 3 2 2 0 3 1 3 1 2 4 2 2 2 0 1 2 0 3 2 3 1 3 0 2 1 1 0 1 0 2 1 4 1 0 1 3 4 4 1 1 4 1 0 0 2 1 1 3 2 2 2 2 2 2 3 1 1 0 3 1 3 3 2 2 3 1 2 1 3 2 2 1 2 1 1 5 4 5 1 2 2 2 4 1 2 1 5 2 0 3 4 1 2 1 0 1 1 2 1 3 1 1 0 1 3 1 3 1 2 5 1 1 1 1 3 1 3 3 5 3 1 0 2 2 4 1 0 3 1 1 2 0 3 4 1 3 5 0 2 1 3 0 2 2 2 2 1 2 1 2 3 2 0 3 2 2 1 2 3 2 2 1 3 1 5 2 0 1 1 2 2 2 4 3 1 1 0 3 4 2 3 2 3 2 1 0 1 5 3 2 0 0 1 0 1 0 3 1 3 3 3 5 6 1 2 2 0 1 1 2 2 1 2 2 1 3 2 1 1 4 2 2 0 4 0 1 1 1 1 1 2 2 2 2 5 4 2 1 1 2 2 0 1 3 1 1 4 2 3 3 0 3 3 1 4 2 1 3 0 1 4 0 1 4 1 1 3 3 2 0 1 5 3 0 0 2 2 4 1 1 3 0 3 2 3 1 2 2 1 4 3 0 0 1 0 2 1 2 2 0 2 1 3 2 0 0 1 3 3 2 2 1 5 4 4 3 0 2 1 4 3 4 1 1 1 3 3 1 2 3 2 3 3 1 1 0 3 2 0 1 0 3 3 0 1 0 1 2 4 3 3 3 1 1 4 0 2 1 2 0 1 4 1 1 4 5 1 3 5 3 1 0 3 1 1 2 6 2 4 1 0 1 1 0 4 0 1 5 2 0 2 0 1 2 1 1 5 1 3 4 3 1 5 2 1 2 2 3 0 0 2 2 2 1 6 1 0 2 0 1 1 1 1 2 2 3 0 2 1 1 2 1 1 1 2 3 1 2 3 6 3 1 1 1 2 1 1 7 2 0 0 0 3 0 4 2 2 4 3 1 1 1 1 1 1 3 3 1 2 1 2 5 1 3 2 4 2 4 1 3 1 3 3 1 2 3 1 4 4 1 0 3 1 2 2 5 1 4 1 2 2 1 2 2 4 2 3 0 4 1 1 2 2 2 2 2 2 1 4 1 1 3 0 5 1 3 2 0 2 2 2 3 2 0 3 1 0 3 0 1 2 1 1 3 2 4 3 1 1 2 1 2 3 0 2 2 1 3 0 1 2 1 1 3 0 4 1 0 2 2 1 2 2 1 0 2 2 6 1 3 2 0 1 2 3 2 2 1 1 0 3 2 3 3 0 2 3 1 2 0 2 3 4 5 2 2 2 1 2 1 2 2 2 4 1 3 3 1 1 0 3 2 2 1 2 1 0 2 3 2 0 0 5 1 4 2 3 2 1 4 1 1 4 0 3 2 2 7 0 0 3 1 2 1 2 1 0 1 2 2 2 5 2 1 0 2 2 1 1 2 4 2 2 6 4 3 0 2 2 0 3 2 2 2 0 1 3 1 3 3 2 2 1 3 1 1 3 4 3 3 2 1 2 3 0 1 4 4 0 3 1 2 1 1 3 3 2 1 1 2 1 0 2 1 1 2 2 2 2 3 3 2 3 2 1 1 4 2 2 4 5 1 2 0 2 4 0 4 3 2 1 2 4 3 1 2 0 1 4 5 0 1 1 3 3 4 1 4 0 1 7 2 0 0 1 3 2 2 2 3 3 3 0 1 3 1 4 0 2 1 0 4 2 2 0 2 1 1 1 4 3 4 4 1 1 3 2 1 3 2 0 1 4 2 1 1 1 1 2 4 0 0 3 6 1 4 2 2 1 1 2 1 2 2 0 2 2 4 2 3 0 0 1 3 1 3 2 4 1 1 1 5 1 2 0 5 3 2 0 0 2 2 0 4 3 2 1 1 1 0 3 2 4 1 1 3 7 4 0 1 2 0 5 2 0 0 2 6 2 0 2 1 1 2 3 2 2 0 2 2 0 3 2 2 1 4 1 5 3 1 3 2 1 3 1 2 2 4 4 2 0 3 3 1 1 2 0 0 3 1 4 0 1 0 4 1 0 3 0 1 0 2 3 2 4 2 1 1 3 1 3 3 2 1 0 3 1 1 3 0 0 1 2 3 1 3 3 1 1 3 2 2 2 2 3 0 1 2 1 3 0 3 1 3 1 0 0 3 3 4 4 2 1 0 2 0 2 3 3 1 2 1 4 2 0 2 2 1 2 4 0 2 5 2 1 2 2 7 2 3 2 2 2 1 2 1 3 2 2 2 2 2 2 0 2 0 3 2 0 0 1 2 5 2 4 2 0 1 2 4 1 2 1 2 2 4 4 0 4 2 0 1 4 2 2 2 2 3 2 2 0 4 6 3 2 1 0 1 1 2 3 2 1 3 2 3 2 2 1 1 0 3 4 2 1 3 2 2 5 3 2 2 2 3 2 1 1 0 2 2 3 1 2 1 4 2 4 2 3 2 3 2 2 2 2 1 1 2 2 3 1 2 0 1 2 2 2 3 1 3 2 1 0 8 1 2 2 3 1 3 1 1 2 2 2 3 2 2 1 1 0 3 5 2 3 4 2 2 1 1 2 1 1 1 0 0 4 2 1 0 3 2 1 1 0 2 1 2 2 2 1 3 0 3 3 1 0 5 1 3 2 6 4 4 3 1 2 1 3 4 4 1 1 3 2 1 2 2 5 0 5 2 0 5 1 0 2 1 0 2 3 2 1 4 1 3 2 1 1 3 2 0 2 1 3 3 3 2 2 1 0 0 2 1 1 2 2 3 1 0 3 5 3 1 0 6 1 3 1 1 2 3 1 4 4 3 3 0 3 1 2 4 2 3 2 2 1 3 0 1 2 1 3 1 1 1 3 4 3 2 4 1 2 1 1 2 0 2 3 2 4 1 3 5 4 0 2 1 1 3 4 1 4 2 0 0 2 3 1 1 1 1 1 2 0 3 0 3 3 1 3 2 2 1 2 1 2 2 4 0 1 1 1 1 5 1 2 2 3 2 2 3 1 3 2 2 0 4 2 2 1 2 4 0 3 0 5 3 2 0 2 2 4 3 1 1 2 1 1 2 2 2 3 3 2 3 0 4 0 2 1 1 1 1 2 2 2 3 1 0 3 1 3 2 1 1 1 1 1 3 4 0 4 2 2 1 1 3 1 1 0 1 1 3 5 3 3 2 2 1 3 1 2 2 1 0 1 2 2 2 1 3 3 0 1 3 3 2 2 2 2 3 2 4 1 0 1 3 1 2 4 3 0 3 2 3 2 2 3 4 2 3 1 0 4 4 3 0 1 2 0 1 1 2 3 2 0 1 0 3 1 1 1 1 2 4 5 0 0 4 3 3 1 1 3 3 1 2 2 1 4 2 4 4 2 3 0 2 0 1 0 1 3 2 1 1 2 1 2 3 1 2 3 1 5 1 4 2 5 1 4 0 0 0 3 5 1 0 0 3 3 3 1 3 1 3 3 1 3 5 3 0 3 3 1 1 2 1 1 1 4 1 3 2 3 3 2 3 2 1 2 3 3 2 3 0 2 1 3 3 2 2 2 1 4 3 0 3 2 4 0 3 4 0 2 1 0 0 1 1 0 1 3 4 1 2 3 2 0 0 4 3 0 2 2 3 2 1 0 2 0 2 3 1 0 5 0 2 1 0 1 2 3 4 0 4 1 2 1 3 2 1 3 3 1 2 1 1 2 1 0 2 1 6 3 3 1 0 0 2 3 1 2 2 3 2 1 3 2 5 1 1 1 4 0 2 2 1 2 0 3 4 3 1 3 3 1 1 2 2 1 1 3 3 0 2 2 3 3 3 1 3 2 3 0 2 4 0 0 1 2 6 1 3 3 2 0 2 2 5 2 3 4 0 5 1 2 1 0 1 1 0 1 2 2 1 1 2 2 3 3 3 3 1 4 2 2 2 4 5 1 0 0 1 1 3 1 2 3 0 2 1 0 2 2 0 1 0 1 4 2 2 2 2 1 3 2 3 2 1 1 2 3 1 2 3 3 0 2 2 2 1 1 1 3 1 1 2 1 2 0 4 2 1 3 3 4 2 2 1 1 1 3 3 4 1 2 1 0 3 3 4 3 0 1 2 0 2 4 2 0 3 1 1 6 1 2 1 3 1 3 3 2 1 1 3 6 1 4 0 0 3 1 3 1 3 3 2 1 1 3 2 0 1 2 1 1 2 3 0 5 2 4 0 4 3 2 1 1 1 0 2 2 3 2 2 1 3 0 3 3 1 2 0 6 2 2 1 4 3 1 1 3 0 2 1 3 0 4 2 4 0 0 0 0 1 3 5 3 2 1 5 1 2 0 0 2 2 1 0 4 5 2 4 2 4 2 2 2 3 1 1 0 1 0 2 3 2 1 1 1 3 6 4 0 1 0 2 2 4 0 2 0 1 2 2 3 1 1 2 0 2 1 3 3 3 0 0 2 1 0 1 1 4 3 1 2 3 4 3 3 3 5 0 2 4 0 2 1 1 3 3 3 0 3 1 5 0 1 1 2 0 1 5 1 3 0 5 2 4 2 4 1 1 2 3 1 3 2 1 2 4 0 4 1 2 0 1 1 1 0 2 1 2 5 0 2 1 2 0 2 2 4 2 1 3 1 1 3 3 1 3 3 1 1 2 2 3 1 3 2 2 4 1 3 0 1 1 0 3 3 0 2 2 1 5 4 1 3 1 2 3 0 0 3 2 3 3 3 2 0 2 3 1 3 0 1 2 2 0 1 1 5 2 1 4 3 3 2 1 3 6 2 2 1 0 1 3 2 1 1 2 2 3 5 1 2 2 3 1 1 0 1 1 1 1 2 2 2 3 3 3 0 3 1 3 3 2 3 2 2 1 2 1 3 3 1 1 2 1 1 2 1 1 3 1 2 1 5 2 3 0 5 2 2 1 1 1 1 1 4 1 4 1 0 4 1 3 1 4 2 2 2 1 4 1 1 3 2 0 2 1 4 1 4 2 0 4 0 6 3 2 1 0 0 1 4 3 1 2 3 3 1 0 1 1 1 3 3 0 4 1 1 0 2 2 0 1 2 1 1 2 1 1 4 5 0 3 2 3 0 3 0 1 3 3 2 1 1 1 4 2 0 5 0 0 4 2 1 2 1 0 3 1 0 3 0 0 2 1 3 3 2 2 1 3 0 2 2 4 2 3 1 3 1 2 1 0 1 4 0 2 4 0 1 1 3 2 2 1 2 2 2 7 4 1 2 0 4 0 2 3 4 2 0 2 2 2 2 2 1 3 2 2 2 2 3 1 1 1 3 0 3 2 2 2 2 2 5 5 0 4 2 0 2 1 3 4 3 1 0 1 5 3 2 0 2 2 2 3 2 2 3 1 2 1 3 3 0 0 4 0 2 2 1 3 1 1 2 4 2 4 2 4 3 3 1 3 1 2 2 4 1 2 2 1 0 3 2 0 0 3 2 0 2 2 1 6 1 1 0 2 3 2 2 2 2 2 3 2 0 2 4 3 2 2 2 1 1 0 3 2 1 3 4 1 1 2 2 2 1 2 2 1 2 2 3 1 4 0 1 2 0 2 3 2 1 2 3 1 2 3 2 1 0 6 0 2 2 0 3 2 4 3 1 2 0 7 3 3 1 0 2 3 2 1 0 4 1 0 4 3 0 0 1 3 1 5 1 1 2 2 0 3 4 4 0 1 1 2 1 1 1 3 0 4 4 1 1 1 3 1 1 2 1 2 4 4 3 2 1 2 1 3 1 1 2 4 3 2 0 2 0 1 4 2 2 0 2 0 1 1 0 3 1 3 2 1 1 2 3 2 2 3 1 1 1 1 3 1 2 5 3 1 1 1 3 2 1 1 2 1 0 3 4 0 2 3 5 2 2 2 3 3 1 3 0 1 4 0 1 3 2 3 2 2 4 4 1 1 1 4 2 2 5 2 6 3 3 2 2 3 1 2 1 0 3 4 3 4 3 2 1 1 0 0 3 3 3 2 3 1 0 1 2 3 0 3 2 1 1 3 1 0 1 1 1 2 3 3 2 1 2 3 4 1 2 3 1 4 2 6 2 1 1 0 1 4 1 7 2 0 2 1 3 0 0 0 0 2 1 2 2 1 1 1 2 3 1 2 2 0 0 3 4 2 3 3 0 4 1 3 2 0 1 1 1 2 4 3 1 5 1 3 0 0 1 2 2 2 2 3 2 7 3 1 1 1 1 2 2 3 3 0 1 3 3 3 2 1 1 3 3 1 6 4 0 3 1 2 2 1 0 2 2 5 2 2 1 1 2 2 0 2 1 4 2 3 4 1 2 0 1 2 1 1 3 5 4 0 3 1 3 2 4 4 1 1 2 3 1 0 0 0 3 3 1 2 3 4 1 4 0 2 1 1 0 0 0 2 2 2 4 4 4 0 2 1 2 2 4 3 5 3 2 2 3 1 2 3 2 2 0 3 3 5 3 3 1 0 3 1 1 6 2 2 2 5 1 4 2 3 0 1 3 0 3 2 4 3 1 1 3 0 1 4 1 2 2 2 2 2 1 4 2 2 1 2 3 2 4 1 1 1 3 3 1 1 1 1 3 4 1 4 3 2 4 2 3 0 3 1 1 2 5 0 0 4 3 1 3 0 1 3 3 4 1 1 3 2 2 3 0 0 0 2 1 5 2 5 4 1 0 4 1 0 2 2 2 1 1 3 0 2 0 8 0 1 4 1 2 2 1 0 3 1 2 1 3 2 1 4 4 2 1 2 1 2 2 3 0 4 2 1 2 2 3 2 6 1 1 1 1 1 3 1 5 2 2 2 2 0 4 2 2 2 4 4 1 1 3 1 2 4 2 5 2 2 3 2 0 3 1 1 0 1 0 3 7 1 2 2 2 2 1 2 3 3 2 1 1 1 1 1 3 4 3 3 2 0 2 0 1 3 4 1 1 1 3 1 1 3 0 3 4 2 1 0 4 1 2 1 2 1 1 5 1 1 1 1 2 0 1 1 0 2 4 2 2 3 4 2 0 1 4 1 3 4 2 1 3 1 1 3 4 4 1 1 0 2 1 1 4 3 2 6 3 2 1 0 1 1 3 0 0 1 0 2 3 3 1 5 2 1 3 1 1 1 5 1 1 1 1 1 2 1 1 1 1 3 2 1 1 5 0 3 2 1 0 5 4 1 0 3 1 1 2 1 2 1 3 2 0 3 1 6 1 2 0 3 0 0 6 1 1 3 0 0 6 3 2 2 1 4 0 1 3 1 2 2 1 5 4 3 1 0 0 2 4 4 5 0 7 1 0 3 1 2 2 2 3 3 3 1 2 2 2 1 0 3 3 1 0 1 4 2 1 3 3 4 4 5 2 1 4 3 1 0 0 1 2 3 3 2 1 1 2 3 3 0 0 3 2 0 0 1 1 3 1 2 4 2 2 1 1 3 0 8 1 2 5 0 0 0 0 1 2 3 1 1 3 3 1 2 3 1 4 2 1 2 2 1 2 3 2 3 1 2 2 3 2 0 2 2 2 0 3 0 2 1 1 3 3 3 1 0 3 3 1 2 2 1 3 2 2 2 0 0 3 3 0 1 4 2 1 3 3 4 2 4 3 5 0 1 3 0 2 1 1 1 1 5 2 1 3 2 0 0 0 2 3 2 2 6 0 3 1 0 1 1 1 3 5 0 3 1 3 3 1 0 0 2 2 4 1 3 0 3 2 5 4 2 3 2 3 0 1 3 4 0 1 3 3 2 1 2 1 2 2 0 2 3 1 3 1 2 1 0 0 2 1 1 2 3 2 1 0 3 3 6 5 0 3 2 2 1 0 0 3 0 4 3 0 3 1 3 2 1 1 0 3 1 1 1 1 3 2 1 3 0 1 2 2 2 1 1 0 3 5 0 5 1 1 2 1 0 3 2 5 1 2 2 2 1 0 2 2 2 1 1 0 3 0 3 0 5 2 5 3 2 1 0 4 2 3 2 5 3 1 0 1 1 3 0 3 2 2 1 2 3 0 2 2 2 0 0 2 1 3 6 1 4 2 1 2 1 1 1 1 1 2 0 2 1 2 2 2 5 1 1 1 3 2 2 2 2 0 1 2 2 4 1 0 3 0 3 2 4 4 0 5 1 1 1 4 2 1 2 5 1 1 0 1 1 1 2 0 3 3 2 1 3 1 5 3 3 0 0 1 0 2 5 2 1 3 2 1 1 1 1 4 4 2 1 0 2 0 2 2 1 2 2 1 2 1 2 4 3 1 2 1 0 0 2 5 2 5 3 1 0 0 4 4 2 5 2 0 2 1 1 4 1 1 2 2 1 3 2 3 2 2 2 2 2 2 2 0 2 2 5 1 0 0 2 1 2 0 0 3 4 2 2 0 1 3 1 2 1 1 1 1 2 2 3 2 3 2 2 1 2 3 4 1 3 1 0 3 2 3 1 5 2 0 1 1 4 3 2 1 3 2 2 0 3 1 3 3 0 3 3 1 1 1 3 0 4 1 2 2 2 5 1 0 3 1 3 2 1 2 2 4 1 3 1 1 1 0 2 2 3 6 1 2 2 2 1 2 1 3 5 2 1 0 4 4 1 0 0 2 3 4 1 2 1 2 0 2 0 2 1 1 1 1 2 2 1 2 1 3 2 2 2 4 2 2 1 0 1 0 4 1 1 0 4 1 4 4 0 1 2 2 2 4 1 2 2 1 2 4 0 1 2 4 2 3 5 4 1 2 2 3 0 2 0 0 3 2 3 2 2 2 2 6 0 2 1 2 3 0 2 3 0 3 1 2 0 4 1 2 1 5 2 1 2 1 4 2 4 1 1 5 0 1 2 2 3 1 1 4 3 2 2 0 0 2 4 4 2 2 2 0 2 3 0 1 2 3 4 3 1 1 0 1 4 1 1 1 2 3 1 5 4 2 3 2 0 1 1 1 1 1 3 1 2 2 2 1 2 2 0 3 1 0 1 4 2 1 2 2 2 0 2 4 4 6 2 2 3 1 3 3 3 2 3 2 0 2 0 3 2 1 5 1 2 3 2 2 4 3 1 2 0 2 3 4 1 1 1 2 1 3 1 2 0 1 2 3 2 1 3 2 1 1 2 3 1 2 4 0 3 1 1 3 6 2 0 1 1 2 0 3 4 4 1 1 3 4 3 3 1 0 2 2 1 3 0 0 3 5 0 1 1 2 2 2 1 3 4 2 1 4 1 3 1 1 2 3 1 0 3 1 0 6 0 4 0 1 2 2 2 1 3 5 2 2 1 0 0 0 1 4 0 0 1 4 2 2 4 3 4 2 1 6 2 2 2 3 2 3 2 0 1 2 3 3 2 1 3 3 2 2 2 0 1 0 1 1 2 2 4 2 2 3 0 1 1 1 3 0 4 1 2 4 2 1 2 1 3 2 6 4 1 1 4 2 3 1 2 2 0 4 1 2 4 4 1 2 1 1 5 0 1 3 2 1 0 0 3 3 4 1 1 4 3 0 1 4 2 2 1 2 4 1 1 3 3 1 1 2 2 4 1 1 2 1 4 2 2 3 1 1 2 1 2 5 1 2 3 3 2 3 1 1 2 2 3 2 1 5 0 0 1 2 3 3 2 4 0 4 5 0 2 3 3 2 1 2 1 3 3 2 2 1 1 2 2 2 0 3 5 4 2 1 2 1 7 0 3 1 1 3 2 5 2 1 2 2 3 0 0 0 2 3 1 2 3 2 4 0 5 1 2 1 3 0 5 3 2 4 2 3 0 0 1 1 3 1 5 4 6 1 0 1 3 3 0 1 2 3 4 2 3 3 0 2 2 1 2 2 2 2 2 1 3 2 2 0 2 2 4 1 0 2 0 2 6 1 0 4 0 2 3 4 1 1 1 4 1 5 1 1 2 1 2 2 2 1 4 2 2 2 1 3 5 2 1 0 1 2 2 4 0 3 3 1 2 1 3 4 4 1 3 1 1 2 2 2 3 1 2 2 1 5 3 2 0 3 0 2 1 2 3 4 1 2 2 1 3 2 3 3 3 1 2 2 1 1 3 4 2 1 1 2 4 3 1 1 0 0 3 1 0 0 2 2 3 1 4 3 0 2 4 1 1 0 3 1 0 2 1 1 3 1 2 1 1 1 4 3 1 2 1 3 1 0 4 3 3 4 0 1 5 2 1 2 1 5 2 1 0 2 1 2 1 2 0 1 0 2 1 7 2 4 1 2 2 0 1 1 0 4 1 1 2 1 2 3 0 0 1 0 3 0 4 4 3 1 0 1 1 2 0 2 0 4 1 2 2 1 2 0 3 0 3 2 3 1 2 1 0 2 2 2 1 0 8 1 1 1 1 1 2 1 2 2 1 1 6 3 4 2 0 0 4 2 1 0 3 2 5 1 3 0 2 0 3 1 1 2 2 4 1 1 0 2 4 2 3 2 1 2 2 1 0 3 3 5 2 2 2 0 4 1 2 2 0 0 3 2 4 4 1 0 0 2 4 4 1 1 3 3 3 1 2 4 2 1 2 2 0 3 2 0 1 2 1 2 2 3 2 0 2 1 2 3 1 0 0 1 1 2 4 2 0 2 2 1 1 1 1 1 0 3 2 1 1 1 1 1 5 2 2 1 5 2 5 3 4 0 1 1 4 4 1 2 0 1 0 3 3 5 4 2 0 4 0 1 1 4 2 1 4 1 2 2 1 3 1 1 0 2 2 3 4 3 2 4 1 3 2 2 1 4 1 3 2 1 1 1 1 4 2 1 2 0 1 4 2 2 3 1 0 3 2 0 2 1 1 2 0 1 1 0 3 2 3 2 3 0 0 1 3 4 2 3 4 3 1 0 1 1 3 1 1 0 2 2 3 8 2 3 1 2 1 2 2 2 2 1 1 3 0 3 2 0 4 1 3 1 1 4 1 1 0 3 1 2 4 0 0 2 2 1 3 0 1 1 0 2 1 1 1 1 3 3 3 1 2 1 3 2 1 0 2 1 1 2 0 2 4 1 1 2 4 3 2 0 1 2 3 2 1 1 2 4 0 2 4 1 0 3 4 2 3 2 1 5 2 1 0 3 3 4 3 0 0 0 4 2 2 2 3 4 2 2 1 2 2 2 2 3 4 6 1 3 1 3 2 1 3 1 3 2 1 2 1 0 4 2 2 1 4 1 0 1 1 1 2 3 2 4 3 4 2 0 0 2 0 3 3 1 7 2 2 1 1 0 1 1 3 2 2 3 5 3 4 1 1 3 3 2 4 2 1 3 1 3 3 1 0 1 2 2 1 2 0 5 2 0 1 4 1 5 1 3 3 2 2 4 2 2 1 1 2 3 3 2 1 3 2 3 3 3 1 0 2 2 3 1 2 1 1 2 2 3 2 4 5 3 3 1 1 1 1 0 5 3 0 1 1 1 2 3 2 4 1 1 1 3 1 2 2 3 3 2 2 1 0 5 4 2 1 2 4 0 0 1 0 4 3 0 0 1 6 3 2 3 2 0 2 2 2 2 2 2 3 2 0 1 1 1 3 2 0 2 2 2 0 3 2 3 6 4 4 0 3 4 5 1 1 2 3 1 1 2 1 1 4 3 5 2 1 2 0 2 5 0 0 3 0 0 4 1 4 2 2 2 2 3 3 2 0 1 1 3 2 1 6 0 3 2 2 2 2 1 4 2 0 3 0 3 1 1 2 2 3 3 1 1 0 2 0 0 1 3 4 2 0 2 4 4 1 5 2 3 2 3 2 2 2 1 3 4 1 0 1 0 3 2 1 3 4 3 4 0 4 1 1 1 1 3 2 3 2 4 3 1 2 3 2 3 2 1 1 3 0 3 0 1 1 3 3 0 4 2 3 0 2 0 4 2 3 2 2 5 2 3 3 1 0 4 1 1 4 3 1 2 2 3 2 2 5 1 2 2 0 0 2 3 1 3 4 0 3 1 2 2 1 3 0 2 2 1 2 1 4 3 2 2 0 4 0 1 1 2 2 2 4 1 1 1 2 2 2 5 2 1 1 1 2 0 2 2 2 3 1 1 5 6 4 2 4 1 1 4 5 5 1 2 5 1 1 4 4 2 0 1 3 2 4 2 1 0 6 3 2 1 3 1 2 4 2 0 2 3 1 2 1 3 2 0 2 5 1 2 0 2 2 4 3 2 3 2 0 3 2 0 3 2 1 3 3 2 2 2 1 0 3 1 4 3 7 2 2 0 2 2 2 3 0 2 1 2 1 3 3 0 0 1 2 2 2 5 0 2 4 2 0 2 2 2 0 1 0 2 3 4 1 0 2 0 2 2 2 0 2 4 3 2 2 1 1 2 3 3 0 1 1 0 2 3 4 1 2 3 1 2 2 3 2 3 2 2 3 2 0 1 3 3 2 1 3 2 3 3 2 2 1 4 2 2 2 1 2 1 1 2 0 2 1 3 4 2 2 0 2 1 1 3 2 1 3 0 2 2 2 1 0 3 0 1 2 2 1 3 2 3 1 4 5 2 3 3 1 1 2 1 1 1 1 2 3 4 2 3 1 1 1 3 2 3 2 8 5 2 1 4 1 3 1 1 2 2 1 2 3 2 6 1 1 4 1 0 1 4 2 2 1 4 1 1 1 5 2 2 3 2 2 2 1 2 2 3 2 1 0 4 2 3 3 3 2 4 2 1 1 3 1 2 1 2 0 4 0 3 3 1 1 0 3 1 2 3 0 1 1 5 1 3 3 1 2 4 4 3 2 1 3 1 5 5 0 3 3 1 1 1 0 3 2 0 5 4 1 1 1 1 1 2 3 1 3 0 2 2 1 2 2 3 1 2 1 0 2 1 0 3 2 3 0 1 2 2 2 3 1 1 1 2 0 3 1 2 3 2 1 1 1 2 1 1 0 2 2 1 2 1 1 1 3 2 0 3 1 2 0 2 0 1 3 3 4 0 2 1 3 1 3 2 4 1 1 4 3 1 1 3 1 3 2 1 0 1 2 1 3 2 2 1 2 2 2 1 2 0 6 0 1 0 1 2 2 0 2 2 0 3 0 2 0 1 1 1 3 3 2 2 2 1 2 2 4 1 1 1 2 3 1 0 2 5 4 2 2 4 0 4 1 0 1 2 0 3 2 1 0 1 4 1 4 1 2 0 0 2 2 1 0 2 0 1 1 3 3 3 1 4 4 2 4 0 1 3 4 2 2 3 3 1 0 2 2 1 1 3 2 2 2 2 4 1 2 1 1 2 3 3 3 0 1 2 2 2 2 3 0 2 3 1 1 1 0 3 1 2 6 3 3 2 1 3 2 2 3 1 4 1 5 2 3 2 0 2 1 1 2 2 2 4 1 3 3 1 1 2 3 0 0 1 2 5 3 1 2 1 1 3 2 4 2 1 1 1 5 3 1 4 0 1 3 4 1 3 0 2 2 2 3 3 3 3 1 2 1 2 0 1 1 2 2 3 2 1 1 2 2 2 0 0 4 1 1 2 4 2 3 1 1 2 0 1 3 3 2 0 1 1 2 2 0 3 3 2 0 3 4 4 1 1 3 1 4 3 2 3 1 0 1 4 3 0 1 3 2 2 3 0 2 2 4 0 2 5 2 3 2 1 2 2 1 1 3 1 2 2 3 2 2 0 0 1 2 2 2 1 0 1 1 0 0 2 3 0 3 3 0 2 2 2 2 3 1 0 4 2 3 2 2 1 3 4 2 4 1 1 0 1 2 0 4 1 2 2 3 4 2 1 1 1 4 2 3 2 2 1 2 3 0 1 4 5 2 3 0 1 3 3 2 5 2 1 4 0 1 0 3 1 2 3 1 5 1 3 3 3 2 5 2 1 1 2 1 0 2 2 2 2 2 3 0 1 3 0 3 0 0 2 1 1 2 4 0 2 0 2 3 2 3 3 0 1 2 0 2 0 1 4 1 5 3 0 4 1 1 7 1 2 2 1 2 1 1 1 4 2 1 2 2 4 2 1 0 0 1 1 3 1 4 0 4 3 1 2 1 1 3 2 4 2 3 1 3 1 1 4 0 1 5 1 2 2 1 0 3 3 0 2 2 2 3 0 1 2 4 2 1 2 1 2 3 1 4 2 1 1 1 4 1 1 3 2 2 1 1 2 1 1 2 2 0 1 3 3 2 2 2 2 1 4 1 0 3 2 3 1 1 1 3 0 0 0 5 0 3 1 0 2 2 2 2 4 2 3 4 1 4 2 1 3 2 2 0 0 2 2 2 6 2 1 1 3 2 2 1 2 5 0 1 1 2 4 4 2 2 2 1 3 2 1 1 3 2 3 1 3 1 0 2 1 1 1 3 1 1 4 4 3 3 2 1 0 0 2 5 2 1 1 4 1 4 3 0 3 1 3 3 1 1 3 1 0 4 6 0 1 5 4 3 0 1 0 0 1 1 3 1 1 1 1 3 4 3 3 2 1 1 3 1 1 3 3 4 3 2 0 1 1 1 4 3 1 2 4 1 1 1 0 0 1 1 0 2 2 5 3 1 1 0 1 5 4 1 4 2 1 0 2 0 3 1 1 3 2 0 3 3 2 3 2 2 1 1 3 3 0 2 1 1 2 3 1 2 3 1 2 4 0 2 3 1 1 2 3 2 1 2 1 0 5 2 3 1 1 4 4 1 1 2 0 1 2 1 5 3 3 1 2 3 3 2 3 3 1 1 2 1 3 2 2 0 2 1 3 4 0 0 4 4 1 1 2 3 3 2 2 1 0 1 2 3 2 6 2 3 2 1 2 2 0 4 5 2 1 1 4 0 1 3 3 2 2 2 5 1 3 1 0 1 5 2 1 4 0 2 0 2 2 0 2 2 3 1 2 1 2 2 0 0 2 2 2 1 3 5 3 1 2 1 0 0 1 3 1 1 2 2 2 2 1 2 2 4 2 3 2 2 2 2 2 3 1 0 0 0 3 2 5 0 3 2 2 1 1 2 0 1 1 3 3 0 2 2 2 3 2 1 0 6 2 1 3 2 1 1 3 4 2 1 2 5 0 1 3 2 2 4 0 0 4 1 0 3 2 1 2 3 2 2 1 3 2 0 1 1 4 1 0 2 1 1 0 1 0 1 4 1 0 1 2 1 0 2 0 2 1 4 2 0 1 2 2 1 2 4 4 2 0 1 0 4 5 3 2 1 2 1 0 2 2 1 7 1 1 3 1 1 1 2 4 2 0 1 1 1 2 2 1 1 0 4 2 1 1 2 4 0 1 1 0 2 3 4 1 4 3 2 3 0 2 2 2 4 0 2 0 2 1 1 1 1 4 2 0 2 2 1 0 1 3 3 3 4 1 4 3 0 2 2 1 0 3 0 1 1 2 4 1 2 1 5 4 0 0 2 0 3 1 2 1 1 2 4 2 1 1 3 0 3 3 1 2 1 2 2 3 1 3 2 2 1 1 3 1 2 2 3 1 1 3 3 3 2 0 3 3 2 4 4 2 3 1 3 1 2 0 2 2 0 0 3 1 3 1 2 3 2 1 1 2 3 1 2 2 3 2 1 0 0 1 0 1 4 0 3 3 0 3 1 3 1 3 2 1 4 2 0 3 3 4 2 1 1 1 4 2 3 0 0 0 4 0 3 2 1 6 2 3 2 3 0 2 2 2 2 2 1 1 2 2 6 2 1 0 1 5 1 2 2 0 2 1 2 1 1 1 1 2 1 3 2 2 2 3 8 1 1 0 1 0 3 0 3 2 4 2 1 1 3 3 5 3 2 1 1 1 0 1 1 1 3 1 2 3 2 5 1 1 1 2 2 3 2 2 1 1 3 2 3 1 1 3 1 4 1 0 3 2 2 2 1 3 3 4 0 1 2 2 1 1 3 3 3 0 3 2 4 1 3 2 0 0 3 2 3 1 2 1 0 1 2 1 2 3 2 5 3 1 1 1 3 4 3 1 2 1 4 2 2 1 1 1 1 2 1 2 0 4 3 1 1 3 2 2 2 0 4 1 1 2 2 5 5 1 2 0 2 2 2 2 2 1 1 1 2 3 4 2 2 0 1 2 1 2 3 2 0 4 4 2 0 2 4 3 1 5 1 2 1 2 2 0 3 2 3 2 6 2 4 2 1 6 1 3 1 2 3 2 2 4 4 2 3 2 2 2 0 3 0 2 2 2 2 4 3 3 1 2 4 1 1 0 5 2 2 0 3 1 1 0 3 3 1 1 0 2 0 0 0 4 1 1 1 2 0 4 2 4 0 0 1 1 1 1 4 1 2 2 4 1 8 3 1 0 2 0 1 2 3 2 2 0 1 1 3 2 3 2 2 2 1 2 0 2 0 3 2 1 2 1 3 2 0 2 2 2 7 2 4 1 4 0 2 0 0 1 1 3 2 3 1 3 0 1 1 3 2 2 2 0 1 2 4 0 2 2 1 1 3 5 0 1 2 1 2 1 0 1 2 4 0 3 1 1 1 1 1 1 1 1 1 3 2 4 0 2 3 0 3 5 1 2 3 3 1 4 3 2 3 3 4 0 2 1 3 2 4 2 2 0 3 4 1 2 1 1 4 2 3 4 1 2 2 1 1 1 2 0 2 3 1 1 3 2 2 4 3 3 1 3 0 1 0 1 5 2 3 2 0 0 0 2 2 1 3 1 3 3 3 2 2 5 0 0 5 2 5 0 0 1 0 2 4 1 4 2 3 2 4 2 3 2 2 0 6 1 2 0 2 3 4 2 1 3 3 1 2 2 4 1 4 1 4 1 3 1 3 4 0 0 2 4 3 1 1 4 3 3 1 4 0 1 0 1 1 0 1 1 4 3 2 0 5 1 1 1 1 3 5 4 1 3 0 2 0 3 2 0 2 2 3 2 1 3 0 3 3 3 2 1 2 2 1 1 4 4 1 1 2 0 0 3 4 2 0 2 1 4 3 1 0 1 2 2 3 0 5 5 2 4 1 0 6 1 2 2 3 0 4 4 2 3 3 2 1 2 1 1 1 4 3 5 4 0 2 2 4 0 3 4 1 2 1 2 1 1 1 3 3 2 1 3 1 1 4 0 2 2 0 2 1 1 0 3 2 2 3 3 3 4 1 3 2 4 1 2 1 0 1 2 1 1 4 1 2 4 2 0 0 3 1 4 3 1 4 1 0 2 4 0 1 1 3 4 0 0 2 4 1 3 1 0 2 3 2 2 2 5 0 1 4 4 5 4 1 3 1 3 0 0 3 5 1 3 1 3 2 5 3 1 2 2 1 1 4 4 5 1 2 0 0 1 1 4 2 1 0 2 5 1 1 1 2 3 1 1 2 3 4 2 1 1 2 2 2 3 2 4 2 5 3 0 3 0 1 1 0 1 0 2 2 1 3 2 2 2 4 3 4 1 4 0 1 1 0 2 3 2 1 1 2 1 0 2 1 1 3 0 0 2 4 3 1 3 2 3 3 1 1 2 1 1 1 0 1 2 1 0 2 2 3 1 0 2 4 2 0 5 5 2 4 1 4 3 3 0 1 1 0 3 2 0 3 0 1 2 2 4 0 2 4 1 3 3 1 0 2 3 0 2 1 2 1 4 4 1 2 4 3 1 2 3 4 3 4 1 3 0 2 1 4 1 7 1 0 1 5 2 2 0 2 3 1 2 2 1 2 1 2 3 3 1 2 3 0 2 2 2 1 2 3 3 0 2 0 4 1 2 2 0 2 0 1 4 1 1 1 3 1 1 2 1 4 0 4 2 0 5 3 4 2 0 1 3 1 0 1 4 2 4 1 3 2 3 1 3 1 2 1 4 3 1 4 0 0 3 0 0 1 4 3 1 2 0 3 0 1 1 3 1 0 2 0 2 0 1 1 2 4 4 1 1 5 1 3 3 0 1 3 0 0 1 0 0 1 2 0 4 1 2 0 1 4 4 0 2 2 1 3 1 4 2 0 2 3 0 1 1 0 7 1 1 5 0 3 1 2 0 3 2 5 2 4 2 4 4 1 1 2 4 3 2 1 0 0 2 1 3 0 5 0 3 1 3 1 0 2 3 4 2 4 3 1 1 2 0 4 3 3 5 2 3 1 0 1 2 1 2 0 1 6 0 1 2 4 0 2 3 5 2 1 2 1 3 0 2 1 2 2 1 5 6 4 2 2 3 4 2 1 1 1 3 2 4 1 2 1 0 0 3 1 4 0 2 3 2 3 3 1 3 1 2 0 5 2 3 0 5 1 2 1 2 3 2 2 2 3 0 2 2 2 3 1 3 3 2 0 0 0 1 4 0 0 1 4 1 1 3 0 4 2 0 1 1 1 2 4 3 2 1 0 3 1 1 2 3 1 4 2 3 1 1 1 1 2 3 2 3 2 0 3 3 1 1 2 1 2 4 3 2 4 0 3 1 3 1 2 3 2 0 2 1 3 2 2 2 2 1 1 2 4 1 2 2 2 4 4 4 2 2 1 1 2 2 3 1 2 1 3 3 0 1 0 4 1 1 2 1 1 1 2 6 2 1 0 3 3 0 4 1 2 2 0 3 2 4 1 3 3 3 2 5 1 1 3 5 1 5 2 1 2 1 3 1 2 0 3 0 2 4 5 2 2 0 4 1 2 4 1 2 0 1 0 3 1 3 3 3 2 4 1 3 2 1 1 1 1 3 1 1 2 2 2 2 2 1 1 1 3 3 0 3 2 1 5 1 0 0 1 1 0 0 1 2 1 2 1 7 0 1 2 3 4 2 2 0 4 1 4 0 0 2 2 3 5 3 1 1 1 1 1 1 1 1 2 2 2 2 2 3 4 1 1 1 1 4 1 2 2 3 1 2 2 2 1 2 1 5 4 5 1 0 1 1 9 0 0 3 2 0 0 2 0 1 1 2 2 0 2 4 1 1 2 1 1 2 1 5 1 3 2 2 3 1 2 3 1 1 1 2 3 3 1 3 1 0 2 1 1 2 1 3 0 0 3 3 1 2 2 1 4 1 2 4 2 3 0 1 0 0 4 0 7 2 4 2 1 2 4 2 4 0 4 1 3 1 0 0 2 3 2 3 0 0 3 3 1 2 6 1 1 0 2 1 2 2 4 1 3 5 4 0 5 2 1 2 0 2 3 1 5 5 3 1 3 0 1 2 2 1 3 3 2 1 3 2 0 3 5 1 2 1 2 2 1 3 2 1 1 3 3 0 2 3 3 1 2 4 1 3 2 1 1 3 0 3 1 3 3 1 2 4 2 0 0 6 2 1 4 2 1 3 1 1 3 0 2 2 1 2 5 2 3 3 2 4 2 2 2 4 2 3 1 1 1 1 3 1 2 1 2 3 2 2 2 1 2 2 4 0 3 0 1 2 1 0 1 0 2 1 2 1 2 5 4 1 5 1 2 0 3 2 2 5 3 4 1 1 1 1 1 1 2 4 1 1 2 1 1 3 2 5 2 2 1 1 2 1 0 1 1 3 0 2 2 0 1 2 3 2 4 5 2 2 1 2 3 1 2 2 3 1 3 1 2 1 2 1 5 2 1 1 3 4 4 2 0 3 0 2 2 0 3 1 2 0 3 2 1 2 3 2 2 0 2 5 1 2 1 7 3 1 2 1 3 2 2 2 1 1 1 2 1 4 2 1 2 3 2 3 4 3 4 2 1 1 2 2 4 1 3 1 3 4 1 3 1 2 4 5 1 2 1 1 1 2 0 1 2 5 0 3 3 3 1 0 3 3 1 2 1 1 4 3 0 2 0 3 0 0 5 3 0 2 4 2 3 2 2 1 1 1 1 3 2 5 3 3 1 2 2 0 1 2 3 0 3 3 2 1 4 1 1 3 6 1 0 4 0 3 2 5 3 0 0 2 4 3 1 1 3 1 2 0 1 1 1 5 1 1 1 1 0 1 0 5 4 0 1 1 2 3 1 1 2 0 1 6 1 2 5 0 2 3 1 1 1 1 0 2 4 3 2 0 0 2 2 3 2 1 3 2 4 1 0 0 2 1 3 1 2 0 4 2 0 2 3 1 2 2 0 1 5 2 3 1 3 2 3 3 3 2 3 1 2 3 1 2 1 2 2 1 2 0 2 1 1 4 1 1 1 0 3 3 0 3 2 4 2 2 2 2 2 2 2 3 5 4 3 3 0 1 0 3 3 2 3 0 0 2 3 2 0 4 1 2 4 4 2 3 0 1 2 3 2 3 1 0 1 5 1 2 2 1 3 2 2 1 2 2 2 2 1 2 1 0 1 1 0 1 6 4 2 1 2 0 3 3 0 3 0 1 2 2 1 3 2 3 2 0 3 1 1 1 2 2 2 4 1 2 2 5 2 2 2 3 2 5 1 3 1 2 1 2 2 0 2 2 4 3 1 3 2 2 2 1 1 6 2 3 2 2 3 3 2 2 0 4 1 1 0 1 4 0 3 0 3 1 4 2 4 1 2 1 1 0 1 4 1 0 1 1 2 2 0 0 0 2 2 1 0 5 0 3 1 1 5 0 0 2 2 2 6 2 0 3 1 3 2 2 1 4 1 1 3 0 1 0 2 1 5 1 2 1 1 1 0 2 3 0 4 0 2 2 2 3 1 0 1 1 2 4 0 4 0 1 2 3 2 4 3 4 2 1 2 2 4 1 1 0 1 0 1 2 2 5 4 4 2 1 3 0 2 0 1 4 0 0 3 2 2 4 2 1 3 3 1 2 0 2 1 1 1 1 1 5 0 3 3 0 2 2 0 1 2 1 1 3 4 3 2 2 0 2 3 1 1 0 3 2 3 3 3 4 0 2 3 0 0 2 1 4 1 1 4 3 1 3 2 1 0 4 4 2 0 3 1 1 4 4 2 1 4 2 2 3 2 1 2 3 1 0 4 4 0 2 3 2 2 2 0 3 1 1 2 3 2 1 2 4 2 2 2 1 1 1 2 0 4 4 0 1 2 0 2 1 0 6 4 1 1 4 1 0 2 4 0 4 2 2 3 4 1 1 1 1 2 2 2 1 4 2 0 2 0 2 1 1 4 4 2 2 4 2 0 1 1 3 3 1 1 1 0 1 1 1 3 4 2 1 3 1 1 1 2 3 3 0 2 1 3 0 2 2 2 3 1 2 1 1 2 2 3 1 2 4 2 2 0 1 1 0 5 3 1 3 4 2 4 1 2 1 4 4 5 1 1 2 1 1 0 2 1 2 1 5 1 2 2 2 2 0 3 2 5 0 3 1 3 1 0 4 4 0 3 2 1 0 6 1 0 1 1 2 2 3 2 1 4 3 2 1 2 2 1 1 0 5 3 4 1 2 1 1 2 1 0 2 2 4 3 3 1 3 0 4 1 4 1 1 3 6 1 0 3 5 3 2 2 1 2 2 5 2 1 0 0 2 2 1 1 2 4 2 1 2 4 2 2 3 1 1 2 4 1 1 0 1 1 1 2 0 8 0 1 4 2 3 1 2 2 0 1 1 1 1 1 4 2 1 4 3 3 3 1 2 1 1 5 4 2 1 4 1 2 3 0 4 3 3 1 1 1 0 3 3 4 3 2 1 3 3 2 1 2 1 4 2 1 2 2 1 0 5 2 2 1 0 3 1 1 2 4 1 2 1 1 1 2 1 3 2 2 5 4 2 0 3 1 1 2 3 1 2 2 3 2 1 3 1 3 1 0 2 3 3 2 2 2 3 1 4 1 1 1 2 4 1 3 2 1 3 4 3 1 2 2 5 0 0 2 0 1 1 2 1 6 0 1 2 5 4 1 1 5 3 2 1 4 2 1 1 2 1 0 2 2 3 1 2 3 2 3 2 1 2 1 2 3 1 4 1 1 1 1 0 0 1 0 1 1 5 1 2 2 4 2 1 4 2 0 5 3 1 2 2 3 2 3 1 2 2 2 1 2 4 3 1 3 3 1 2 3 2 0 4 1 1 1 2 2 3 3 2 1 0 4 0 3 3 1 4 0 1 2 0 2 2 1 2 6 3 2 0 4 2 1 1 3 3 1 2 3 3 1 3 2 0 3 2 4 0 6 1 4 1 2 1 1 3 1 0 0 2 1 0 1 2 3 0 1 1 2 2 3 2 3 3 1 0 0 3 2 6 1 3 1 2 2 3 2 3 1 3 2 4 1 3 0 0 1 2 2 1 4 4 1 6 3 2 1 1 3 2 2 1 1 1 1 0 2 0 4 4 1 1 3 1 1 3 1 1 6 2 2 2 3 2 1 0 6 2 0 2 2 3 1 3 0 1 1 2 3 1 2 6 1 3 2 2 2 2 2 4 2 2 2 2 5 1 0 1 2 6 2 1 2 3 2 0 2 1 3 4 3 1 2 0 3 1 2 2 1 3 0 1 2 3 2 1 0 5 1 3 1 2 0 1 1 1 5 1 2 3 0 1 0 2 3 1 3 4 2 2 1 4 1 1 6 3 2 2 3 0 0 0 2 3 2 4 2 1 2 1 2 3 1 1 4 2 1 2 2 0 1 5 2 2 4 1 2 1 4 1 1 1 2 3 1 1 3 0 1 2 4 4 4 2 1 0 1 1 2 0 2 2 1 2 5 4 2 2 1 2 1 1 0 3 2 1 0 1 2 1 2 4 1 4 0 4 1 2 1 4 3 0 1 0 2 1 1 3 2 2 3 2 1 0 2 2 0 8 2 2 3 2 3 3 0 2 1 2 1 2 4 4 1 1 3 3 1 2 1 1 4 2 4 3 1 0 1 5 0 5 2 2 4 2 0 1 4 4 6 0 3 3 2 0 2 2 2 1 1 4 2 3 0 1 4 0 1 3 2 4 2 1 2 2 1 1 1 3 3 2 1 2 3 0 0 3 2 2 0 1 1 2 3 1 1 3 3 1 6 0 2 3 2 1 2 2 1 0 0 4 2 2 2 2 3 4 1 1 2 2 1 3 2 4 1 2 3 3 2 2 1 0 3 2 1 4 3 2 2 4 1 3 3 1 2 3 0 2 1 4 1 0 3 3 3 2 1 2 0 2 1 0 5 3 1 1 3 5 4 2 4 2 2 2 2 2 1 1 3 3 0 1 1 4 1 2 1 1 5 1 4 0 2 2 5 0 0 2 1 1 2 3 1 2 6 4 1 1 4 0 0 3 4 1 3 4 2 0 1 3 2 1 0 0 2 2 1 0 4 4 2 2 2 0 2 0 2 3 1 4 2 0 1 4 2 1 1 3 3 2 0 0 2 1 0 3 3 3 6 1 1 3 1 2 2 0 0 4 0 3 3 2 2 0 3 0 2 3 3 2 4 0 1 2 0 0 2 0 0 2 2 4 3 0 6 0 0 3 3 4 2 1 0 2 2 1 2 3 1 1 3 3 2 0 2 3 0 0 2 3 1 1 7 1 1 1 1 0 0 2 2 3 1 2 3 4 2 1 1 0 1 2 1 1 5 2 3 4 1 3 1 0 3 1 1 2 4 2 1 0 3 1 1 1 3 2 1 3 1 1 2 1 2 3 5 1 2 3 2 0 0 3 3 1 0 4 5 1 5 2 2 3 1 4 1 0 3 0 1 5 3 2 3 2 5 1 1 1 2 0 2 2 2 1 3 1 1 4 0 1 2 2 1 4 1 4 2 0 1 1 1 3 4 3 2 3 0 1 3 2 2 0 1 1 1 1 4 3 1 2 0 2 2 3 3 3 2 5 2 0 2 3 4 0 0 3 2 2 4 3 1 3 5 2 0 1 0 2 4 2 3 1 1 3 1 3 2 2 2 0 2 1 3 2 3 1 1 4 1 3 2 1 6 2 1 0 1 0 2 3 2 1 4 3 2 0 2 3 0 1 1 0 2 1 3 2 3 1 2 3 3 1 1 2 3 1 3 2 0 1 4 0 1 2 3 3 3 1 3 1 2 3 6 3 2 3 0 1 2 2 2 2 2 3 2 3 0 2 1 3 1 0 2 0 4 1 3 1 3 3 2 2 1 4 2 3 1 3 1 1 3 4 3 0 1 1 0 3 0 1 4 4 4 2 1 0 1 2 2 0 3 3 3 2 2 4 2 1 2 1 0 3 2 1 0 2 3 1 1 2 2 3 2 1 2 4 2 0 0 1 3 1 2 3 1 1 0 1 1 1 1 1 4 9 2 0 1 1 0 2 3 2 6 2 2 1 2 2 4 0 1 1 3 1 2 2 4 1 4 4 0 2 2 2 3 2 2 5 2 0 2 2 4 1 1 0 1 1 0 4 3 4 4 3 5 2 0 2 2 1 1 1 0 2 1 1 4 6 3 2 3 1 2 1 4 3 1 2 2 4 0 5 2 3 0 6 0 5 2 3 1 1 1 4 0 0 4 1 4 2 1 3 0 3 3 3 2 4 2 1 0 2 1 1 3 0 0 0 4 1 2 2 1 3 3 2 2 0 2 2 2 1 2 3 4 0 0 2 2 1 2 3 2 2 2 3 1 2 3 1 2 0 2 3 1 1 3 3 2 5 1 1 2 1 1 3 2 3 1 3 0 2 3 2 2 4 3 1 2 3 0 0 0 0 3 7 2 2 1 2 3 1 5 2 3 5 2 4 2 0 2 3 0 1 4 1 1 1 2 0 4 1 3 0 1 3 1 4 3 3 2 1 1 4 2 1 0 5 1 2 2 3 3 3 0 6 1 2 3 0 1 1 2 1 1 1 1 3 2 4 2 0 2 3 0 2 1 3 2 3 2 2 2 2 2 3 1 4 2 3 0 0 1 2 1 1 3 1 3 3 3 2 2 1 4 4 1 1 2 0 2 2 0 2 0 3 2 3 1 2 6 0 2 0 0 3 2 2 4 2 2 2 1 0 6 4 4 0 1 5 2 3 2 2 4 2 2 1 1 3 5 0 0 1 4 4 2 2 2 3 3 3 1 1 1 4 0 2 2 1 4 2 0 2 2 3 1 3 1 3 3 0 2 1 6 2 0 2 0 1 1 1 2 3 2 3 1 3 1 3 2 3 1 0 3 3 2 3 2 3 1 1 1 3 3 1 3 3 2 1 5 4 1 1 1 1 1 0 1 0 3 1 5 2 3 2 1 0 1 0 2 2 3 0 1 2 1 2 3 1 1 4 2 3 2 2 4 1 1 2 2 3 2 2 0 5 2 1 1 2 1 3 5 3 5 2 2 0 3 2 1 2 2 2 4 2 2 1 5 1 0 4 3 3 0 0 3 0 1 2 2 3 0 3 4 2 2 4 2 2 2 2 1 1 0 1 4 4 2 1 2 5 0 2 3 5 2 1 0 4 0 1 3 2 3 2 3 1 3 1 0 3 3 1 1 1 0 3 1 4 0 2 0 3 1 1 0 0 1 0 5 2 1 2 2 2 0 3 0 1 1 3 2 2 0 0 2 4 3 0 0 3 2 3 0 2 2 1 1 0 2 4 2 4 3 1 1 3 1 0 2 2 4 0 1 3 3 1 0 0 2 3 3 0 3 2 2 1 1 0 2 1 4 0 2 2 3 1 1 3 3 3 2 1 0 1 3 3 3 1 2 3 1 2 4 4 0 1 0 4 4 2 0 0 3 1 3 1 0 3 3 1 2 0 2 2 2 3 1 1 4 1 1 6 1 1 4 2 2 3 0 0 1 2 4 2 3 3 2 1 3 1 3 0 2 2 1 1 1 2 1 3 2 3 3 4 2 2 3 4 0 0 0 1 3 3 2 1 0 1 1 2 6 1 1 1 3 3 1 1 1 2 2 1 2 2 0 1 1 3 2 1 3 3 1 4 4 5 0 1 1 2 1 1 3 4 1 2 3 1 1 4 2 1 6 3 5 1 0 5 1 4 0 0 1 2 2 1 3 3 3 1 3 0 2 3 2 2 4 4 3 1 0 5 2 2 2 2 1 0 1 1 1 4 2 1 8 2 3 2 2 1 2 1 1 1 1 2 2 5 1 2 3 0 1 1 0 2 2 1 1 2 2 1 1 3 1 3 3 3 2 2 0 0 2 0 2 2 1 6 1 0 4 0 0 2 3 1 0 3 2 1 2 0 3 2 2 3 0 3 2 5 5 1 2 2 4 1 0 1 0 1 4 1 2 1 2 2 2 2 1 5 2 2 1 1 1 2 4 2 1 0 4 3 1 1 2 3 1 3 0 2 2 4 0 2 2 1 5 3 1 1 1 1 0 1 6 5 3 1 1 1 1 4 2 1 2 2 2 1 1 3 3 3 2 1 4 1 1 1 1 2 3 5 1 2 1 1 2 3 0 0 2 1 0 3 0 2 1 1 0 4 2 0 0 3 2 1 0 3 2 0 1 5 1 5 2 3 0 0 1 2 2 2 2 0 1 1 2 2 6 2 2 0 0 2 1 2 1 4 2 3 5 4 1 1 1 2 0 1 2 5 2 2 1 4 3 3 3 1 2 0 3 0 4 2 2 1 0 1 1 3 5 1 4 1 2 2 4 1 0 2 3 0 0 1 2 1 3 1 2 2 1 1 2 2 3 1 2 2 1 4 4 1 2 1 1 0 2 3 2 4 1 2 1 0 0 1 2 0 1 2 0 5 3 2 2 3 2 6 5 2 1 0 4 3 1 3 1 2 3 1 3 4 1 1 5 4 1 0 0 3 1 1 4 2 4 3 0 2 0 2 3 4 2 2 1 0 0 3 2 1 1 4 2 1 3 3 2 1 0 1 3 1 2 2 1 1 2 1 2 4 2 4 0 1 3 2 2 0 3 4 2 4 0 2 2 2 1 4 1 3 1 1 3 0 1 2 3 1 2 0 0 2 2 3 1 0 3 1 2 2 0 2 1 3 2 2 2 0 1 1 4 3 1 1 0 6 0 2 1 2 1 3 3 3 3 1 2 3 2 2 2 3 0 0 0 1 3 1 2 3 1 4 0 5 0 1 2 3 1 2 1 2 2 3 0 3 2 0 3 2 1 2 2 3 0 1 2 3 0 1 4 4 2 0 1 3 3 2 2 2 0 3 1 2 1 2 0 7 2 7 5 0 1 0 3 2 3 2 1 1 3 2 3 3 0 3 2 1 3 0 2 0 0 1 4 1 2 6 2 3 3 0 1 4 1 1 1 1 5 0 3 1 2 3 6 0 4 2 2 1 2 0 1 1 2 1 3 1 2 4 3 1 1 2 1 1 3 2 4 1 2 5 1 1 3 1 2 1 4 0 0 2 4 2 2 2 3 0 1 0 3 1 1 6 5 0 0 2 2 0 2 3 4 1 0 0 1 3 2 2 2 2 2 1 2 2 2 2 1 1 2 2 2 1 2 4 2 2 2 2 6 1 2 4 1 3 2 1 1 0 1 3 1 2 2 3 0 2 3 1 2 1 4 0 1 3 3 0 2 0 3 2 2 0 3 2 3 1 2 0 1 2 4 3 1 0 1 2 1 2 1 2 0 6 4 3 2 1 0 5 3 6 0 2 3 2 3 2 4 1 4 0 2 1 4 0 5 3 1 2 1 0 2 4 4 0 0 4 3 3 2 1 3 0 1 2 2 1 0 1 3 2 4 1 3 2 4 4 3 1 3 1 2 1 2 1 2 1 2 5 2 2 3 1 4 3 2 4 2 3 2 1 2 1 3 2 0 2 2 1 3 2 2 1 2 2 1 2 1 3 2 1 0 0 2 2 2 2 3 2 1 4 4 2 1 0 4 1 2 3 2 0 2 1 3 3 1 5 3 1 0 0 0 1 4 1 3 6 3 1 1 2 3 1 1 2 0 1 3 0 2 1 1 3 3 1 3 1 2 0 3 3 5 5 1 2 1 1 2 3 0 2 0 2 5 0 1 1 3 1 2 3 2 2 1 0 1 3 1 2 6 3 1 1 1 1 1 1 0 1 4 2 4 2 4 1 2 1 1 1 3 3 1 2 4 1 4 2 2 1 4 0 3 0 2 1 1 0 4 1 5 3 1 3 4 1 3 4 2 2 1 1 1 1 3 6 5 1 1 0 0 4 3 0 3 2 1 1 1 1 2 0 2 1 2 2 3 4 3 2 0 3 3 1 1 2 3 1 5 2 2 0 1 0 4 2 3 3 2 2 3 3 1 2 1 4 1 1 3 4 2 2 2 3 1 2 2 2 2 5 4 1 1 0 4 2 1 0 1 2 2 1 4 2 1 2 1 3 3 1 0 3 3 3 3 2 2 2 0 2 3 1 4 1 2 1 4 3 0 1 4 1 1 1 1 2 1 2 3 3 1 1 1 3 2 4 1 2 1 1 2 4 2 2 4 3 1 0 2 0 4 3 1 2 1 2 3 0 5 3 1 1 3 1 2 5 5 4 2 0 1 2 2 5 1 4 3 0 1 0 1 0 2 2 4 0 1 2 2 2 2 1 0 1 0 2 2 3 2 4 3 2 1 3 3 1 4 2 2 4 0 0 0 2 0 1 1 3 1 3 0 1 3 2 1 2 4 2 1 2 2 0 0 1 3 1 3 3 2 1 2 1 1 3 3 1 2 1 1 1 5 2 1 2 1 1 2 1 4 1 1 1 1 1 3 1 1 2 0 3 3 0 4 3 2 2 3 1 3 0 2 2 0 1 4 1 1 1 1 2 3 4 2 0 2 2 0 1 0 2 3 3 3 4 1 3 1 2 2 3 1 4 0 0 3 2 4 1 2 4 0 2 2 1 5 1 1 3 1 1 2 0 0 1 2 0 2 2 1 4 1 4 5 3 2 0 3 0 2 1 1 1 1 0 4 3 0 1 4 1 1 1 2 2 0 4 5 2 4 0 3 0 0 1 0 2 2 3 2 1 1 2 1 2 2 2 1 2 1 1 1 1 2 4 1 1 4 4 2 2 0 6 2 0 3 0 2 0 2 0 1 8 1 2 2 3 1 2 3 4 3 3 2 0 3 1 3 1 3 2 0 3 2 2 0 6 0 3 3 5 3 2 2 3 0 2 2 0 1 3 1 1 0 0 1 0 3 0 3 3 1 3 1 1 4 0 4 1 3 2 1 1 2 2 1 2 0 3 2 1 4 2 1 0 3 4 3 2 2 2 2 2 1 3 5 2 0 2 3 1 3 0 1 3 0 1 3 0 1 0 3 5 5 1 1 2 4 2 0 4 1 2 3 2 5 0 2 3 0 1 2 2 0 2 6 2 2 1 1 4 4 1 1 3 3 1 0 1 2 3 2 2 3 2 4 2 1 0 2 1 2 3 1 0 1 2 2 5 2 1 2 2 1 2 2 1 0 5 2 2 2 1 0 1 2 3 1 2 0 1 3 2 0 5 2 3 2 0 3 1 3 1 1 3 2 4 2 2 4 2 4 2 0 5 0 1 3 1 2 2 2 3 0 2 2 1 3 0 1 2 1 1 2 1 4 1 3 1 1 1 3 2 5 0 2 2 3 1 0 4 0 5 1 4 0 2 0 4 2 0 1 2 0 1 2 4 2 1 1 3 2 2 4 0 2 4 3 0 2 1 2 2 2 1 4 5 0 3 1 3 3 3 0 0 2 3 4 1 0 0 2 1 1 0 2 1 2 2 2 0 2 1 2 0 3 4 2 1 1 2 1 2 3 3 0 3 1 2 4 0 1 2 3 4 1 4 0 2 7 2 1 2 4 0 1 1 2 1 1 1 2 3 3 1 1 1 3 1 3 5 1 1 1 1 1 3 3 2 2 1 4 2 2 0 0 0 1 0 1 2 1 2 4 2 1 2 5 3 3 1 2 0 5 0 1 2 2 2 2 2 0 5 2 0 3 3 1 1 5 6 3 0 1 0 2 0 0 0 1 5 1 0 0 4 2 2 2 3 4 2 3 2 2 0 3 8 1 3 1 2 3 1 1 3 1 1 5 0 0 1 4 2 1 1 1 0 1 0 5 2 6 2 2 2 0 2 0 1 2 3 2 2 2 2 2 2 2 1 0 4 3 3 1 1 3 0 1 0 2 4 3 1 5 1 4 0 0 1 0 3 0 4 0 0 1 1 0 2 5 3 3 1 4 2 2 2 0 4 0 1 1 3 1 4 1 0 3 1 4 1 1 1 4 1 3 2 1 2 4 1 2 1 1 4 1 4 2 1 1 1 2 5 2 3 1 0 2 4 1 2 6 2 3 1 3 2 2 3 2 1 0 5 1 1 2 0 2 2 2 2 0 1 3 1 0 0 2 4 0 4 2 0 5 2 3 0 2 1 1 2 3 2 0 3 5 1 2 1 3 2 0 1 1 2 2 3 2 1 2 1 3 0 2 3 2 2 2 2 2 3 1 0 2 1 5 2 1 0 0 1 3 0 1 3 1 1 1 3 1 5 2 2 2 0 3 3 4 1 5 2 1 1 0 4 1 2 4 0 2 2 2 2 4 5 1 4 4 0 1 0 1 3 2 0 2 1 0 2 3 5 1 3 2 1 1 3 0 1 1 4 3 1 2 1 5 2 4 3 3 2 4 1 1 0 3 0 0 0 2 2 3 5 3 6 0 2 5 3 0 1 3 1 2 3 2 3 0 0 3 3 2 0 3 2 3 2 0 3 5 4 1 1 0 1 3 3 4 1 1 2 1 2 1 1 1 4 3 0 2 1 1 2 0 2 3 2 0 1 7 1 2 1 0 0 8 1 2 0 1 3 2 1 1 0 1 3 1 7 2 3 2 1 2 1 4 1 2 2 2 1 0 3 3 2 2 1 4 2 1 4 0 2 4 1 1 0 2 0 5 3 0 2 0 2 5 2 2 2 2 2 2 1 3 2 2 2 2 3 2 2 1 0 0 0 1 2 1 3 4 0 1 0 1 1 2 2 1 2 1 2 1 2 4 0 3 2 2 3 3 1 3 2 1 3 5 2 2 2 3 1 5 1 3 2 1 0 2 0 7 0 0 3 3 4 1 3 2 2 0 0 3 0 3 1 1 1 2 1 0 4 4 4 1 2 2 1 3 4 1 2 4 0 1 1 2 2 1 2 1 1 4 3 4 4 1 1 0 4 4 6 1 2 1 2 2 3 3 1 1 2 1 2 4 1 2 5 5 0 2 2 2 0 0 1 0 0 3 2 2 0 3 2 1 2 1 1 1 3 2 2 1 1 1 4 0 3 1 2 1 1 0 5 2 2 1 3 1 1 7 2 2 1 3 4 1 5 1 2 2 0 2 2 1 2 5 1 5 3 1 2 2 3 0 4 1 3 2 1 3 1 4 5 2 2 4 1 3 1 2 2 2 2 0 3 2 2 3 0 6 5 2 0 2 2 0 1 2 0 2 2 2 2 1 4 0 0 3 2 0 2 4 0 3 1 3 0 2 3 2 3 1 0 3 3 3 2 2 2 2 1 1 1 2 1 0 4 4 1 0 3 3 3 3 2 2 1 1 4 5 2 2 1 2 0 2 2 0 3 2 3 0 1 2 2 2 2 1 3 2 4 0 1 2 3 1 3 3 2 2 1 0 4 2 1 1 1 1 1 4 2 0 4 3 2 0 2 2 3 1 2 1 2 6 2 1 2 3 2 3 1 1 4 1 0 2 1 5 0 1 3 2 0 1 2 0 2 2 2 3 2 3 3 2 1 1 2 3 1 3 3 0 0 0 2 5 1 2 2 2 0 1 1 4 3 2 3 3 4 1 1 2 3 1 1 5 2 5 6 0 3 4 1 3 1 2 2 1 2 2 1 2 0 2 0 2 0 4 2 1 2 1 4 1 3 1 1 2 1 2 2 1 4 5 2 3 0 0 2 2 1 1 2 1 5 2 4 1 2 1 1 1 4 2 5 0 2 0 2 1 1 1 0 0 2 3 3 1 5 2 3 1 1 2 1 2 3 1 5 2 3 3 2 0 2 0 1 3 2 2 2 0 3 5 2 3 0 2 1 3 0 2 7 5 3 2 0 0 1 0 3 1 4 1 3 4 2 4 0 2 2 1 4 1 3 0 4 3 0 1 1 2 2 2 0 2 2 1 1 3 2 1 2 1 4 2 5 0 6 1 1 2 7 2 0 1 2 3 3 5 1 1 2 2 5 5 3 3 1 1 4 4 1 4 0 3 1 2 1 3 2 1 1 1 4 3 0 5 3 4 3 2 1 1 2 1 1 2 3 1 2 2 2 1 1 3 2 1 3 1 3 3 4 3 1 3 4 1 1 0 3 4 1 3 0 7 0 1 2 3 5 4 1 3 1 1 2 0 3 5 4 1 1 1 1 0 4 0 0 3 1 3 0 1 3 2 1 6 2 2 2 1 3 1 2 0 3 4 3 1 1 1 3 0 3 3 2 2 1 2 2 1 2 1 5 2 1 1 1 1 2 1 0 2 1 4 1 3 2 0 6 1 1 2 2 0 2 2 1 1 2 2 2 1 4 5 2 1 5 1 2 3 1 0 2 2 3 0 0 3 3 1 4 1 1 2 2 3 3 3 4 3 1 1 2 1 1 1 3 3 1 3 2 1 2 1 1 0 0 3 3 1 3 3 3 3 4 1 0 3 1 1 3 3 1 0 1 2 5 0 3 3 2 1 4 2 1 1 4 3 3 0 2 0 2 1 3 1 3 1 1 1 2 2 4 2 2 4 2 3 3 1 1 1 2 0 0 1 4 2 1 4 5 1 2 2 1 1 1 1 1 1 3 2 3 1 0 4 5 1 3 3 0 1 4 1 1 3 1 1 1 3 3 1 2 3 3 2 2 1 4 2 1 3 4 0 2 1 3 2 4 4 3 4 0 2 5 4 1 4 0 2 0 2 1 1 3 2 0 3 1 1 0 4 3 2 4 2 2 1 1 0 3 3 1 0 1 6 2 2 2 1 3 1 0 4 1 2 3 0 2 1 4 3 1 2 4 0 1 2 1 2 1 4 5 2 1 3 6 2 1 1 1 3 4 4 1 4 3 2 0 1 5 2 3 1 1 3 0 3 1 0 3 3 1 2 1 2 3 2 1 1 0 3 2 3 3 2 2 4 1 2 2 2 2 2 2 1 0 3 1 2 1 3 2 4 5 3 0 0 2 4 5 0 2 3 5 1 0 0 1 1 5 1 3 1 2 1 1 3 1 1 1 1 2 1 2 2 0 0 0 3 2 3 4 3 2 0 3 2 0 1 1 2 6 1 1 2 0 1 2 1 1 1 3 1 2 2 1 1 4 3 3 0 2 1 5 1 1 3 3 4 4 2 2 2 2 4 3 1 1 1 2 4 2 2 0 2 1 1 2 2 2 3 3 0 3 1 3 1 2 1 4 0 2 3 0 1 3 2 4 1 2 4 3 2 1 2 1 0 1 1 1 3 1 1 1 4 3 0 6 1 3 3 1 3 0 4 3 1 2 0 1 2 3 3 2 1 1 5 1 3 0 2 2 0 2 0 3 0 4 2 0 0 2 2 1 1 2 5 0 4 0 1 3 0 3 3 1 0 3 0 4 3 1 1 2 1 1 1 5 3 4 2 4 1 1 3 4 3 6 0 2 1 2 0 2 0 3 0 1 1 1 2 0 3 1 1 1 3 3 2 1 1 1 1 5 1 4 3 2 2 3 4 2 2 5 4 4 1 4 1 2 1 2 0 5 0 1 4 3 3 2 0 3 2 2 3 2 2 2 0 6 2 1 1 3 3 2 1 1 4 3 4 3 3 0 2 2 1 0 1 2 4 0 3 1 0 2 4 3 1 1 6 3 4 2 3 2 3 1 4 0 3 1 0 0 2 5 2 2 0 0 1 2 2 0 4 1 2 0 2 0 4 1 2 2 5 2 1 6 1 2 0 2 3 0 4 3 2 1 0 5 0 0 3 1 3 3 3 1 1 1 4 2 2 1 3 1 6 1 1 5 3 1 2 1 0 3 1 0 3 0 1 2 0 4 1 2 5 4 1 2 1 3 3 0 1 1 2 0 4 3 4 1 2 2 1 1 1 3 2 2 3 3 1 3 3 2 3 2 2 3 1 3 1 0 2 2 3 0 2 0 5 3 1 3 1 1 3 2 3 3 2 3 1 2 5 2 1 1 4 1 1 1 1 1 2 3 3 4 2 2 2 1 4 2 1 1 1 1 5 1 4 2 3 2 0 1 4 1 1 0 1 3 3 2 1 2 0 0 0 5 2 1 1 2 4 2 3 3 3 1 4 1 1 2 3 2 3 3 2 1 4 1 3 0 5 1 0 1 5 0 4 1 2 4 1 1 1 3 1 3 1 0 2 4 3 1 1 0 3 1 0 3 1 1 2 1 0 2 2 4 0 2 3 4 1 4 3 2 1 3 1 2 1 2 2 2 2 3 2 3 3 0 2 3 1 3 2 2 1 4 4 2 3 1 4 2 2 7 2 1 1 0 0 2 4 0 2 1 8 0 3 2 1 3 1 0 5 3 0 2 4 3 3 1 1 1 2 6 3 1 0 1 0 2 0 2 0 1 1 2 2 5 6 4 4 0 3 2 2 1 3 1 1 5 1 1 4 0 3 0 2 3 5 0 2 2 3 1 2 2 2 1 3 3 2 1 4 0 1 2 6 2 0 3 3 2 0 4 5 1 1 5 1 2 0 2 2 0 2 0 1 2 2 0 0 1 3 2 0 1 1 1 3 1 1 2 1 5 1 3 7 1 2 0 1 8 3 1 2 2 3 2 3 1 1 2 2 2 2 2 4 1 4 0 0 3 4 1 1 3 2 0 1 1 2 2 2 3 1 2 6 0 1 0 3 1 2 1 1 5 0 3 2 2 4 1 3 3 1 2 0 4 2 4 2 1 3 1 1 3 2 1 6 3 4 2 1 5 0 2 0 1 0 2 2 3 1 3 1 3 1 4 4 1 3 1 1 3 4 3 1 1 1 1 0 1 2 2 4 6 0 4 0 0 3 4 2 2 1 2 1 2 2 3 1 1 0 0 4 3 3 2 0 4 2 3 3 1 2 3 1 2 2 1 5 2 4 2 2 4 0 0 1 1 2 2 2 2 2 2 3 4 3 2 2 2 1 1 5 3 3 3 0 2 1 3 2 2 2 1 2 2 4 4 4 1 3 2 1 2 1 2 2 3 4 2 3 3 2 2 2 1 3 3 2 4 0 3 0 0 2 4 1 6 5 0 4 1 2 0 2 2 4 3 4 2 2 2 2 3 3 1 1 2 2 4 3 2 1 2 2 2 1 3 2 2 2 2 2 0 1 3 1 0 3 1 2 5 0 3 1 2 1 4 6 5 2 2 0 2 1 2 2 2 1 2 1 1 5 4 2 3 3 4 2 0 3 1 3 1 4 5 1 3 1 1 3 0 2 4 0 1 1 0 0 1 1 1 0 2 5 2 4 1 0 1 2 0 2 1 2 0 0 3 2 1 5 0 2 1 2 2 4 0 2 0 1 2 2 0 1 3 2 1 6 1 0 0 1 2 2 4 3 3 1 3 3 1 1 5 2 3 1 1 2 1 0 0 1 1 4 3 4 2 0 3 0 2 1 0 0 1 4 3 1 1 1 1 3 2 2 0 1 0 0 3 3 0 2 3 4 2 1 1 3 1 3 1 4 3 1 2 1 1 3 5 2 1 3 3 3 1 2 3 2 1 0 4 1 1 5 1 2 3 1 1 0 1 5 1 1 2 1 3 1 1 1 1 1 3 0 2 2 2 0 2 2 3 1 3 4 1 2 1 4 2 1 4 1 3 3 0 0 3 2 2 1 0 9 1 0 6 2 1 2 3 1 2 2 3 3 2 1 1 1 4 3 3 3 2 1 2 1 1 3 1 1 3 2 0 3 3 3 5 3 0 1 1 3 1 2 2 2 2 4 2 2 1 4 4 3 2 1 5 2 1 3 1 0 1 3 4 2 3 1 1 1 3 1 1 1 1 3 1 1 3 1 3 1 1 0 0 1 4 0 5 2 2 1 1 2 5 0 1 3 3 1 0 3 3 1 2 1 3 2 3 3 1 0 0 3 4 1 2 1 3 1 2 5 2 3 2 2 0 1 4 2 2 1 3 0 2 0 3 3 4 0 2 4 5 0 2 1 4 1 1 2 3 1 3 4 2 0 0 0 2 1 1 3 2 1 2 1 1 1 3 0 2 3 3 1 3 0 4 3 2 6 2 3 2 1 2 2 1 2 3 3 3 2 3 1 1 2 4 1 2 2 0 1 3 1 1 1 3 2 4 0 2 4 2 2 4 1 2 2 2 2 3 2 0 2 4 1 2 1 2 3 3 4 3 0 0 5 1 3 0 1 2 0 3 3 3 4 2 1 4 4 2 0 3 3 2 2 3 3 0 0 2 3 3 3 3 2 3 2 1 1 1 2 1 2 2 2 1 2 2 0 1 3 2 4 1 3 1 1 2 1 0 2 2 3 1 4 3 1 4 1 2 1 2 1 4 0 3 0 2 1 4 1 2 4 2 2 3 3 1 1 1 5 4 1 4 3 5 1 2 2 0 4 3 1 0 1 0 3 1 2 3 1 3 1 1 2 2 2 1 4 2 1 1 0 2 2 0 0 4 2 3 3 4 2 0 3 1 3 3 2 0 4 3 2 1 1 1 6 4 2 2 1 2 1 1 0 3 3 0 1 1 0 3 2 1 0 2 3 0 3 5 3 2 3 2 0 0 3 0 2 1 1 2 0 2 3 3 2 2 3 2 3 0 0 0 2 4 1 3 2 1 0 6 1 1 1 2 1 2 0 1 1 3 2 3 2 1 3 1 3 2 2 1 3 1 0 1 3 2 3 3 5 1 2 2 5 2 1 4 5 3 2 1 3 0 2 4 1 1 2 2 0 3 1 4 1 3 3 4 1 2 2 4 3 0 4 1 1 2 2 2 5 2 1 0 1 2 4 3 3 0 2 1 1 1 2 1 1 2 2 2 2 0 3 3 1 2 0 0 1 1 1 1 2 4 4 2 4 3 1 3 1 1 1 4 2 4 1 0 0 3 3 1 3 0 1 0 3 0 2 2 1 1 0 3 3 2 6 0 1 2 1 5 2 2 1 4 1 2 0 3 0 1 0 1 3 1 2 1 1 3 1 4 2 1 1 1 2 1 2 2 0 1 2 0 4 0 1 2 2 0 2 1 2 3 0 3 3 1 0 1 3 3 0 3 1 4 3 2 0 0 1 5 3 1 4 3 2 1 3 2 4 0 2 2 0 2 4 2 4 6 0 2 3 2 3 2 4 2 3 1 3 2 3 1 3 0 6 3 2 1 0 1 1 1 0 3 1 1 1 1 1 5 2 1 3 5 2 1 2 1 1 1 1 4 1 2 2 3 3 2 2 3 1 0 1 2 3 0 5 0 2 3 0 1 2 3 3 1 0 3 2 1 1 1 1 2 2 2 1 1 3 1 3 1 2 2 3 4 4 0 1 0 1 2 6 3 1 1 2 3 2 4 3 3 1 2 1 2 2 1 3 1 3 2 2 2 3 3 4 1 1 1 1 2 4 0 2 1 0 0 3 1 0 1 3 2 1 4 2 3 2 2 2 2 1 0 3 2 1 2 4 3 2 2 1 1 0 1 2 0 3 2 5 3 6 1 0 1 1 1 1 3 2 4 0 2 3 4 2 2 0 1 0 1 2 3 2 2 1 1 2 3 4 3 2 2 3 0 0 0 1 5 2 2 5 1 1 6 0 1 1 0 3 2 5 2 0 3 2 3 2 0 2 1 0 1 3 5 2 2 1 0 2 0 4 0 0 2 3 4 5 4 1 3 0 2 2 3 1 0 1 3 3 1 0 1 3 1 3 3 6 2 2 0 2 1 1 1 4 4 1 2 2 4 2 4 1 4 0 0 4 1 1 3 1 2 1 3 1 1 3 4 1 1 2 4 0 2 1 2 6 1 0 1 0 0 4 3 1 2 1 5 0 1 3 1 2 1 3 2 1 2 1 1 2 2 2 2 2 3 3 6 2 0 1 0 2 0 3 2 2 3 0 0 1 2 3 1 0 2 3 1 2 2 2 1 2 3 2 3 0 1 2 3 1 2 2 0 2 1 3 1 6 4 2 0 1 4 2 1 2 1 3 2 2 1 0 2 1 2 0 0 1 1 3 1 4 3 4 4 1 1 1 1 0 3 1 4 1 3 2 3 1 4 4 1 1 1 1 5 2 2 0 2 0 1 2 1 0 3 3 3 1 2 4 0 0 5 2 0 1 3 2 2 2 0 0 3 3 1 0 5 0 0 2 1 2 3 2 2 2 2 1 4 1 3 1 0 1 1 1 2 2 2 3 2 2 1 1 4 0 2 3 1 1 1 1 3 3 2 1 6 1 1 2 2 2 1 0 1 3 2 4 1 0 3 2 1 1 1 0 1 0 1 3 1 3 4 0 1 2 1 3 1 4 4 1 1 1 3 1 0 2 2 2 2 2 4 1 2 3 1 1 1 3 2 2 1 3 2 1 2 0 3 3 1 4 0 3 3 4 3 2 4 2 5 2 2 1 1 1 3 0 4 2 3 3 1 2 3 4 2 0 5 2 2 1 1 6 3 3 2 2 6 2 2 1 2 2 1 1 0 2 1 5 3 2 0 2 1 4 0 1 3 1 2 0 1 4 2 1 2 0 2 0 1 5 1 2 1 4 0 1 1 4 2 1 1 5 2 2 2 1 1 1 2 3 2 2 2 0 0 3 0 1 4 2 5 5 3 1 4 1 3 0 4 0 1 3 1 2 0 3 1 4 3 3 2 4 0 6 1 0 0 1 1 1 3 3 1 1 0 4 0 2 1 1 3 1 3 2 2 3 3 1 3 2 2 2 2 1 2 4 3 4 2 1 1 1 3 4 1 1 0 3 2 1 3 1 6 0 3 4 3 2 0 2 0 4 2 2 0 2 0 2 1 3 2 2 3 2 2 1 2 2 0 3 1 2 3 2 4 4 2 1 0 3 0 3 2 0 2 1 4 1 1 3 1 1 2 1 3 4 4 2 1 2 4 1 0 1 3 0 2 1 1 1 2 4 2 3 2 1 4 1 0 2 1 1 3 0 2 3 2 2 0 0 2 2 2 1 1 2 4 2 3 0 2 0 5 0 1 1 1 4 4 1 1 0 4 1 3 3 0 5 1 0 1 2 1 2 2 1 1 2 2 6 4 2 2 1 3 0 3 2 0 2 3 4 2 1 0 1 4 1 2 1 2 1 3 0 2 0 0 3 4 3 2 5 0 0 1 2 0 2 1 2 5 0 1 1 2 0 4 3 3 2 5 5 2 2 0 4 1 1 2 1 2 0 2 4 3 1 0 3 0 1 1 2 0 3 2 1 5 0 2 3 1 3 2 2 1 2 1 3 1 2 1 2 3 3 1 2 0 1 1 3 1 5 2 1 3 0 4 2 1 5 2 2 5 5 0 1 0 5 2 2 4 2 2 1 2 2 1 2 3 3 0 1 2 3 2 3 3 4 3 0 3 4 0 2 2 0 2 2 2 3 2 3 1 3 2 1 1 2 1 4 2 1 1 0 2 3 5 1 0 1 0 4 4 3 1 5 0 5 1 2 2 6 1 2 1 4 1 1 0 1 1 0 0 1 4 0 0 3 2 3 4 5 2 2 0 2 0 3 2 0 1 4 0 3 0 1 1 2 3 2 2 1 1 4 4 3 2 3 2 0 2 1 2 2 1 0 0 2 4 0 5 3 2 2 0 2 2 1 3 1 3 3 3 2 0 4 1 0 3 2 1 3 0 3 3 2 1 3 3 1 1 1 4 3 3 2 0 1 3 3 1 1 0 1 1 0 1 2 4 1 1 0 0 3 2 0 2 0 7 5 0 4 1 3 3 1 5 4 5 0 0 3 1 1 2 0 1 5 3 2 4 0 0 0 1 2 0 3 4 2 2 2 1 2 1 2 2 1 3 5 2 1 2 4 3 2 3 0 0 4 1 1 1 1 2 1 1 2 1 0 0 1 2 4 4 1 2 1 4 1 0 1 0 1 3 0 2 0 0 2 2 0 0 3 4 2 0 3 2 3 1 1 4 3 1 4 1 6 2 1 1 4 1 1 1 3 2 2 1 2 1 2 1 2 2 3 2 2 1 2 2 1 3 5 4 1 4 2 2 3 2 1 1 2 2 0 4 3 2 2 3 1 1 2 2 2 2 4 1 4 0 1 3 3 1 6 0 5 0 0 2 2 2 1 1 1 1 0 1 2 4 1 3 0 4 2 1 3 2 2 0 0 1 4 2 1 2 2 6 0 1 1 4 1 1 1 0 1 3 0 2 3 2 4 4 1 0 3 4 5 3 2 2 3 3 0 1 3 1 4 3 1 3 2 4 4 1 2 0 1 1 3 2 0 1 2 1 4 4 1 1 1 1 6 3 0 2 1 2 1 2 2 2 2 1 1 2 2 0 2 2 3 1 0 3 2 1 3 2 1 1 0 3 2 3 2 3 3 4 1 3 0 3 1 3 0 0 3 1 0 3 2 1 0 3 1 1 3 4 0 1 2 0 0 2 5 2 0 2 0 0 2 3 2 2 2 4 2 0 4 1 3 1 1 6 0 2 2 3 2 2 0 2 1 2 1 1 4 5 0 2 0 0 1 2 2 2 3 0 4 0 3 3 1 1 2 2 2 2 1 5 1 3 1 1 0 2 3 3 1 2 2 1 2 1 4 2 1 2 2 2 3 0 0 2 3 3 3 2 1 2 4 0 0 3 3 1 1 4 2 2 4 3 3 2 0 2 3 1 2 3 1 3 1 0 0 2 5 4 3 1 1 2 3 0 2 1 3 3 2 5 1 1 1 1 2 0 2 2 3 4 3 3 2 2 1 1 2 2 2 1 1 1 0 0 2 0 4 0 1 2 2 4 2 3 3 3 3 3 1 2 0 0 3 1 4 0 0 2 1 2 1 2 0 2 1 2 3 3 1 2 2 1 3 2 2 1 1 3 2 2 1 2 5 3 1 3 1 2 3 2 3 0 0 0 7 3 0 2 1 2 0 1 3 0 2 0 0 7 1 2 1 2 2 2 3 1 2 1 2 3 2 1 1 0 1 2 2 1 5 3 2 1 2 1 0 1 2 1 0 4 1 3 1 2 2 0 2 0 2 1 2 1 8 0 1 5 0 3 2 2 3 2 2 0 2 4 1 1 1 0 2 3 2 1 4 0 5 4 0 4 3 1 2 0 2 3 1 2 2 0 1 2 0 3 0 2 5 1 3 2 1 2 1 1 1 4 1 1 2 0 1 1 2 2 3 0 1 4 0 3 1 1 3 2 5 3 1 3 0 2 2 3 2 2 1 3 1 2 0 3 3 1 0 1 2 3 1 3 2 2 3 1 2 2 4 2 2 3 4 1 1 0 2 4 2 5 1 2 1 2 0 1 0 3 4 3 4 4 0 4 1 1 2 5 3 1 3 0 0 1 2 3 0 2 4 3 1 2 0 2 3 3 2 2 5 4 1 2 0 2 1 4 5 0 3 3 2 3 0 2 1 1 1 1 0 3 2 0 2 1 4 2 2 2 1 3 1 1 2 3 2 7 1 4 2 1 0 1 1 1 2 2 1 3 0 2 2 2 4 2 1 2 3 1 0 3 1 7 2 5 0 5 0 1 1 4 2 1 2 1 2 2 2 5 3 1 4 2 0 3 4 3 2 3 2 2 1 2 2 1 2 0 4 3 1 1 0 3 3 3 4 0 1 4 1 4 2 0 3 1 1 3 3 2 1 1 4 2 1 1 0 3 3 1 3 3 3 1 4 0 1 2 3 3 1 0 0 2 1 3 3 1 4 2 1 2 0 0 5 1 0 1 1 2 3 3 2 3 2 2 4 2 2 0 3 2 3 1 2 3 2 2 1 2 2 4 3 3 1 4 2 3 0 2 0 1 0 3 4 2 2 4 1 4 3 1 1 1 4 1 1 3 1 1 4 3 1 1 0 6 4 1 2 2 4 0 2 3 3 1 2 1 1 1 1 1 5 2 3 2 0 1 1 2 1 3 2 3 2 1 0 3 3 1 1 4 1 1 0 3 0 1 4 3 4 0 1 2 6 1 1 2 2 2 2 2 3 3 1 1 2 1 3 3 0 1 3 2 2 2 2 1 0 0 0 4 0 3 3 0 0 2 2 2 5 3 1 2 0 4 2 1 2 1 3 0 2 3 1 2 1 2 3 1 2 3 2 0 2 2 2 3 0 0 5 1 1 1 4 2 0 0 5 2 3 2 3 0 2 3 3 5 3 1 1 3 0 3 3 4 3 2 1 3 1 1 0 1 1 3 0 4 5 3 2 2 3 1 2 0 3 1 5 2 5 4 1 1 4 2 2 2 5 3 2 1 4 2 1 0 1 0 3 1 2 2 2 1 3 3 1 3 3 4 0 4 0 0 1 1 1 2 2 2 3 2 5 2 2 0 3 3 3 1 4 0 5 2 0 0 3 0 1 2 2 5 0 2 1 2 0 2 4 0 2 1 2 0 0 0 3 3 2 0 2 2 4 2 1 0 3 3 3 2 3 3 4 0 2 1 2 2 1 3 2 2 1 2 7 4 3 0 1 3 0 2 3 2 1 2 4 2 3 2 1 2 2 0 1 1 3 3 2 3 3 2 0 3 0 6 0 3 1 5 6 2 1 1 0 1 1 1 2 7 1 1 1 1 2 1 2 3 2 3 1 2 4 1 3 4 0 2 0 3 2 1 3 2 0 6 1 2 0 2 1 2 4 1 1 4 0 4 0 3 1 1 2 1 1 1 2 2 3 5 2 1 2 1 3 2 2 2 6 2 1 1 3 2 1 1 1 1 4 3 0 1 3 2 1 0 0 1 1 1 1 3 1 4 0 2 3 2 2 3 7 2 0 0 1 1 2 3 4 1 1 0 4 5 2 4 2 1 3 1 2 3 4 1 3 1 2 1 3 3 1 3 3 2 1 5 4 3 3 1 1 1 3 0 1 1 0 4 2 5 2 3 0 2 3 1 1 1 1 3 2 1 2 4 1 3 4 1 1 1 3 4 2 2 2 2 1 0 2 3 0 1 1 0 2 3 2 2 2 1 2 0 0 1 3 1 1 2 2 4 1 1 3 1 2 1 4 2 4 1 1 1 2 1 0 0 3 0 2 1 5 5 3 3 3 2 0 2 3 0 2 0 2 1 2 0 4 2 2 1 5 1 1 2 2 3 2 3 2 2 0 2 4 2 0 0 2 1 3 1 1 3 2 4 2 4 2 0 4 1 2 2 3 0 1 0 2 2 2 1 3 1 2 0 4 4 0 2 1 3 1 4 3 2 3 1 3 3 1 2 4 3 4 2 1 2 2 3 3 4 2 1 2 3 0 2 4 0 4 1 4 2 2 1 1 2 5 1 2 0 2 2 1 4 4 4 1 0 3 1 1 5 1 0 0 4 2 5 0 3 3 1 2 1 2 2 2 1 2 3 2 1 0 4 3 1 4 2 1 1 1 2 3 2 5 6 1 0 0 3 1 0 4 2 0 0 1 2 0 3 6 0 2 2 1 3 1 2 3 2 2 4 3 1 0 0 2 3 1 0 2 1 4 2 4 3 0 2 0 1 3 2 0 0 3 2 3 3 1 2 1 2 3 0 2 0 1 2 3 3 4 0 0 1 1 3 2 1 1 3 2 2 2 6 0 0 1 0 1 2 2 4 0 2 2 3 1 0 3 0 0 4 3 2 2 1 4 2 1 2 0 2 2 4 2 0 0 4 3 1 4 2 0 1 0 2 3 1 1 1 4 0 3 2 1 0 1 0 2 2 3 3 3 0 1 2 1 2 2 1 2 0 2 3 2 3 2 2 3 3 2 3 3 3 1 1 0 3 4 1 2 1 3 3 2 3 3 3 1 0 2 1 2 3 2 2 1 4 1 1 1 3 3 3 0 0 2 2 1 3 2 0 0 2 3 1 1 3 2 3 3 1 3 3 4 1 1 2 2 2 2 2 2 2 1 2 2 1 3 1 1 0 4 2 3 5 2 3 0 0 2 3 1 2 1 2 4 2 1 1 5 1 2 5 1 0 1 2 1 3 0 0 3 4 2 3 1 4 2 5 3 1 3 0 3 1 1 0 1 1 1 1 3 3 4 2 1 3 2 1 2 2 0 3 3 1 5 3 4 3 0 3 2 0 2 3 3 1 1 3 0 0 2 1 3 1 1 1 6 0 2 2 1 0 1 2 2 0 2 4 2 3 1 3 0 0 5 2 2 1 2 0 2 2 0 2 0 1 1 2 1 2 3 2 3 0 2 3 1 2 2 1 1 1 1 2 2 2 0 3 1 0 3 3 2 2 1 1 2 3 1 0 4 1 4 4 1 4 2 1 0 2 2 3 1 1 1 3 2 2 3 1 4 2 2 5 2 0 2 4 3 1 3 3 3 2 2 2 7 1 1 0 4 3 2 0 4 4 2 1 1 3 3 2 2 2 1 1 1 4 3 3 3 3 3 2 2 0 2 3 1 2 2 1 1 5 2 1 5 2 3 2 3 0 2 4 2 1 2 2 1 1 2 2 4 1 1 2 4 3 1 1 2 2 2 0 1 0 0 2 1 1 0 3 2 3 1 5 2 3 3 3 1 0 2 0 1 1 1 2 3 1 1 2 2 2 1 2 3 0 2 1 4 3 3 1 1 0 1 1 0 2 3 2 5 0 2 2 2 1 1 4 1 2 1 1 1 1 0 2 2 3 3 2 0 1 2 0 2 3 1 4 2 2 1 1 3 3 3 1 2 2 2 3 3 3 2 2 3 4 1 2 1 2 0 2 3 4 2 1 2 0 2 3 6 0 3 1 3 2 0 3 4 1 2 2 3 1 0 1 3 3 1 1 1 3 1 2 1 2 1 5 1 2 4 2 3 2 1 1 4 2 3 2 1 2 1 1 1 4 3 2 1 6 0 2 3 3 1 4 0 3 2 2 2 2 2 5 0 0 2 1 3 1 3 5 3 3 2 1 3 2 3 2 4 2 1 2 3 2 4 4 2 0 0 2 3 3 4 3 0 0 3 1 3 4 3 2 4 0 1 2 2 0 0 2 4 5 0 1 4 3 4 2 1 1 3 0 2 0 0 3 2 0 5 1 0 2 5 1 3 1 1 3 2 1 4 0 4 2 2 1 3 2 1 3 2 1 3 0 4 4 2 3 2 1 1 2 1 2 2 1 1 3 2 5 1 1 1 1 2 3 1 2 3 3 4 3 3 4 1 1 2 1 2 3 1 2 0 3 2 3 1 1 0 3 1 5 2 1 3 1 1 2 4 1 2 4 2 1 1 0 1 2 0 1 2 0 0 2 2 5 3 0 3 3 2 4 2 1 2 2 1 0 3 2 3 2 2 2 2 4 1 2 4 2 0 1 1 2 5 1 3 2 0 2 1 4 2 2 3 2 3 2 1 2 1 3 2 3 0 3 2 1 0 2 1 2 3 1 2 3 3 3 1 3 1 2 4 2 0 4 1 3 0 1 2 2 1 1 0 1 4 1 1 5 1 2 4 0 2 3 1 1 1 0 2 0 3 0 1 2 6 5 1 0 2 2 2 1 0 2 2 1 1 1 1 2 3 0 1 1 2 0 4 2 0 2 0 3 3 0 2 4 5 2 1 3 2 0 0 1 0 7 1 1 1 0 4 3 1 2 1 0 1 4 0 0 2 1 2 2 3 2 4 1 1 1 1 2 3 4 1 2 3 4 0 1 4 1 1 1 1 2 4 3 0 3 3 4 0 0 2 4 2 4 3 1 2 2 0 1 0 1 4 4 1 2 2 0 3 1 1 2 1 3 1 1 3 2 2 3 1 2 1 0 1 4 7 1 4 0 4 2 1 2 3 3 1 4 4 3 1 0 2 0 4 5 1 1 1 2 1 6 0 1 1 1 1 4 2 1 0 4 2 2 2 0 2 1 2 3 0 2 3 1 1 4 1 2 2 1 3 2 0 3 7 4 2 1 1 2 2 2 3 1 1 2 3 1 1 3 3 1 1 2 2 1 1 1 5 0 3 3 1 1 2 0 4 2 1 2 2 4 2 2 2 2 2 1 2 2 1 3 2 3 0 3 1 1 2 0 2 3 1 1 1 2 2 3 1 3 3 1 1 2 3 3 1 5 4 0 1 1 1 2 7 3 2 1 2 4 2 1 2 1 2 1 4 3 2 3 0 3 1 0 5 0 6 2 2 4 0 2 2 1 1 1 2 2 2 2 2 2 3 1 1 4 1 1 1 2 1 1 2 1 3 1 0 3 3 1 2 5 0 6 1 3 1 2 2 2 1 2 0 1 5 5 0 1 2 2 5 0 3 1 2 2 3 3 1 4 2 1 3 1 0 3 2 1 2 3 0 2 1 2 6 2 2 0 4 1 1 4 3 0 3 1 2 1 1 2 2 1 2 2 4 4 0 2 4 2 5 4 1 1 2 1 2 0 1 2 2 5 2 4 2 1 2 2 4 1 0 2 1 2 1 2 1 0 0 2 5 0 1 1 3 2 1 2 2 2 2 2 1 7 1 1 2 2 4 3 1 4 3 1 1 0 4 2 1 4 0 3 4 0 1 4 6 3 2 2 2 2 4 3 1 1 2 2 3 1 1 2 3 2 1 2 5 2 1 1 2 2 1 1 2 2 2 2 1 0 2 0 3 1 3 1 1 1 2 2 1 1 1 1 2 0 2 1 5 3 3 2 2 2 1 0 3 2 0 1 3 2 3 2 3 0 0 1 1 3 4 3 3 2 2 3 3 0 0 2 2 0 6 2 1 1 1 2 2 1 1 1 0 1 3 0 1 2 3 2 1 0 1 2 2 1 4 0 1 4 1 3 2 0 1 4 1 2 2 4 2 1 1 4 2 2 4 1 1 0 3 1 2 2 0 5 2 3 4 2 0 0 3 4 2 1 1 3 1 2 2 1 4 1 1 3 0 0 2 4 1 1 2 0 0 2 3 2 4 1 2 4 5 2 1 1 0 1 1 5 1 6 1 2 1 2 4 1 3 3 2 2 2 2 2 1 2 2 3 1 1 0 3 2 2 2 3 0 3 3 2 2 1 5 0 1 3 2 2 0 0 2 4 1 2 2 2 1 3 1 3 0 2 3 2 2 2 1 0 1 2 4 1 1 4 5 1 3 2 1 3 4 4 0 2 3 0 1 2 2 0 4 1 2 2 1 1 2 4 3 1 0 5 2 3 0 2 5 1 0 2 3 1 3 1 7 2 0 3 3 1 3 0 0 1 2 3 3 3 3 3 1 2 1 1 2 3 0 2 2 5 1 1 1 2 5 1 1 3 1 0 0 1 1 3 2 0 4 1 2 0 3 3 2 3 0 5 4 1 3 5 1 1 2 3 2 4 2 2 0 1 3 4 2 3 0 2 1 2 2 1 2 3 2 5 1 1 4 1 2 2 1 3 2 3 2 1 3 1 2 2 2 1 4 2 4 2 2 5 2 4 1 1 2 1 1 1 1 2 3 0 3 4 2 2 2 4 0 2 0 0 3 1 1 2 2 4 2 0 1 1 3 1 3 3 3 1 1 1 0 1 0 4 2 4 5 2 2 0 1 3 2 2 0 1 0 4 2 2 2 3 0 1 4 2 3 3 3 0 3 1 1 1 2 1 2 2 0 3 2 5 4 4 3 2 0 2 1 1 3 1 0 2 1 1 2 3 6 0 0 1 2 3 3 2 4 3 2 1 0 0 3 2 2 1 2 3 2 1 2 2 2 3 0 4 3 1 1 5 1 0 2 3 1 1 2 0 2 5 1 3 5 2 2 3 1 1 1 2 5 7 2 0 2 2 0 1 4 0 3 1 2 1 4 2 1 1 1 1 3 1 2 3 0 4 1 2 3 6 1 2 4 1 1 2 1 4 4 0 5 4 4 2 3 3 0 2 1 1 1 2 0 2 2 2 5 1 4 2 0 1 2 2 1 2 3 2 5 2 2 2 1 0 1 2 3 1 6 3 1 3 4 0 0 2 1 1 1 2 5 1 3 0 2 1 0 2 1 2 3 2 2 1 0 3 2 2 2 3 1 1 1 3 1 1 2 2 1 2 1 2 1 2 5 1 2 2 3 3 1 2 3 4 3 0 0 3 0 1 2 0 2 2 3 1 3 2 1 1 4 1 3 2 2 4 2 2 1 2 4 2 2 3 3 0 3 2 2 3 1 2 2 2 1 3 2 1 0 4 5 3 1 3 0 0 5 1 0 3 7 2 2 2 2 1 1 4 0 2 2 1 2 4 1 3 0 2 2 1 6 2 3 4 1 2 3 2 2 3 0 2 1 4 4 1 3 1 2 1 1 1 5 1 3 4 4 0 2 4 2 3 5 2 6 0 0 4 3 1 1 1 1 1 1 3 4 2 0 3 4 2 3 0 0 1 3 3 3 1 2 0 0 0 2 3 2 1 2 2 1 2 2 5 2 2 1 3 1 4 4 5 3 1 3 2 2 2 0 4 2 3 0 1 2 5 0 2 4 1 1 2 1 4 2 3 0 3 1 2 0 1 4 0 3 2 2 0 1 4 6 1 1 4 2 3 1 2 5 4 3 0 4 1 3 2 4 3 0 3 0 0 4 3 2 2 1 2 3 4 3 1 2 2 2 2 1 2 3 1 1 2 1 1 3 2 1 2 1 1 4 2 4 2 0 1 1 4 2 1 1 5 5 0 1 3 1 2 1 2 1 0 3 0 2 1 5 2 1 2 1 2 2 0 3 1 2 3 1 1 1 2 1 2 3 1 2 0 3 3 0 5 2 0 1 2 2 1 3 2 1 5 3 2 2 2 2 0 0 3 0 2 2 1 3 2 2 5 4 1 2 1 1 1 2 1 3 0 4 4 2 0 2 2 1 3 0 2 4 0 1 2 0 3 3 3 1 1 2 3 1 1 4 5 0 4 1 1 2 0 4 3 3 2 1 5 3 1 0 0 0 4 1 5 2 3 1 0 1 3 0 0 1 4 1 3 3 7 2 1 2 2 3 2 2 3 1 3 2 2 2 2 1 6 0 2 0 1 0 4 2 3 4 4 0 2 3 3 1 3 0 0 1 2 1 4 0 0 1 1 2 1 2 3 2 2 0 4 1 3 2 3 2 3 3 2 2 0 2 2 3 1 1 2 0 3 4 2 3 4 5 1 1 4 2 1 3 6 3 3 6 2 0 2 1 1 1 3 1 4 3 0 4 4 1 1 4 2 0 2 1 0 2 4 1 3 4 2 0 3 4 2 2 3 1 2 2 1 1 3 1 1 4 3 1 0 2 2 2 4 0 2 0 4 1 4 1 1 4 1 3 1 2 2 2 1 0 1 0 2 2 4 5 1 0 2 4 2 0 1 1 2 0 3 3 4 1 1 2 1 2 1 0 1 4 3 3 3 4 1 1 2 1 1 3 2 0 3 2 1 3 2 3 3 0 4 3 3 1 3 1 1 0 3 3 3 2 1 2 2 3 1 2 4 2 4 1 1 3 2 5 1 1 1 0 3 1 4 3 3 2 1 3 2 1 1 3 1 4 2 7 2 3 1 0 0 1 1 3 3 4 2 4 3 0 0 2 3 1 1 1 0 4 2 2 2 1 4 2 4 6 2 2 1 2 5 3 1 2 0 3 1 1 2 2 2 1 3 0 2 3 1 0 3 3 1 3 2 1 0 3 0 3 4 0 1 1 0 4 1 0 4 4 1 4 1 0 2 1 1 3 0 4 1 2 0 1 6 1 3 1 1 3 1 2 1 2 3 2 1 2 1 2 3 1 2 1 3 2 1 0 5 4 1 2 3 1 2 2 2 3 1 4 2 0 0 1 2 2 1 0 1 2 3 3 1 2 3 1 2 4 3 1 0 1 2 3 4 4 3 2 4 1 0 3 0 5 3 2 3 1 4 1 1 2 1 3 2 1 3 3 1 2 1 4 0 1 2 2 1 0 0 3 1 3 6 2 2 0 1 2 2 1 2 1 0 3 1 2 0 1 1 1 7 1 2 2 2 2 2 5 2 3 0 3 2 2 2 1 1 4 2 2 1 1 1 0 3 4 4 3 3 2 1 3 1 1 1 3 1 4 4 3 1 3 5 2 3 1 5 2 0 2 1 2 3 3 2 3 0 2 1 3 2 5 1 2 4 0 3 0 4 0 2 0 3 2 4 2 3 1 4 1 1 0 2 1 0 2 3 2 1 1 2 1 1 1 3 1 1 3 2 2 1 2 0 4 3 0 2 3 1 1 2 0 1 1 0 1 1 5 1 4 0 1 3 1 1 3 1 1 2 4 5 2 1 2 3 1 2 1 2 1 2 1 3 2 0 2 1 0 0 3 3 2 1 3 0 4 5 0 1 2 3 1 1 2 2 0 3 3 2 1 0 1 1 3 1 0 3 4 3 1 3 3 2 4 1 1 3 2 2 1 2 0 5 1 0 2 4 4 0 1 1 1 3 1 4 3 4 2 3 1 3 2 3 2 1 2 1 2 1 1 6 6 1 1 1 0 2 1 3 0 4 3 1 1 2 1 1 1 2 1 1 0 2 1 2 5 1 2 3 0 2 5 0 2 1 2 1 3 2 1 2 2 3 4 0 3 1 0 4 2 3 3 1 1 2 6 1 1 3 3 0 6 1 1 1 0 0 3 1 5 0 2 2 4 3 1 2 4 1 1 1 1 2 1 2 2 4 4 1 3 2 1 1 1 0 1 3 1 1 3 3 1 5 1 2 1 1 1 0 2 3 4 2 1 2 2 2 3 4 1 1 4 2 2 0 2 5 5 1 2 3 1 0 2 0 2 0 1 4 4 1 1 3 3 0 4 4 3 1 2 1 2 2 3 5 3 4 1 2 2 0 2 3 0 0 1 2 1 1 3 6 3 1 2 3 3 2 2 0 1 1 2 1 2 0 3 2 4 3 0 1 3 0 3 6 2 2 3 1 1 4 1 1 2 1 3 2 5 1 1 1 1 0 2 1 0 1 0 1 2 1 0 3 1 0 3 2 2 2 2 2 1 1 1 2 0 1 2 3 1 1 4 2 2 1 2 0 3 4 0 1 1 2 0 2 4 2 1 2 1 2 3 4 1 1 4 2 1 1 0 1 1 2 0 4 2 0 0 2 1 1 1 4 3 0 4 1 3 1 1 2 0 0 2 1 3 3 1 0 3 0 1 2 1 2 2 0 3 2 1 0 2 2 3 1 0 0 1 2 0 4 1 4 0 4 2 2 2 2 0 1 1 3 2 5 1 2 0 4 3 2 2 2 2 1 2 2 1 2 3 1 2 3 1 2 3 1 0 3 2 3 2 0 2 2 2 3 4 1 1 3 1 1 3 0 4 3 2 1 1 0 1 2 3 2 1 0 2 1 2 1 1 3 0 7 1 2 2 1 0 1 0 3 1 2 2 2 3 1 2 1 1 0 1 1 2 4 4 2 1 1 0 1 2 2 1 2 2 2 0 6 0 4 1 1 4 1 2 3 1 2 3 0 0 5 1 0 3 2 3 0 3 3 1 1 3 3 0 2 2 1 4 2 2 2 0 4 1 2 2 2 2 3 1 1 3 0 1 2 1 5 3 1 2 1 5 2 0 0 1 2 3 1 2 1 0 0 1 3 1 1 2 2 2 1 1 4 1 0 1 1 2 2 2 3 3 1 2 2 3 0 2 4 1 0 2 3 5 0 2 4 1 3 4 5 4 1 4 1 4 1 1 0 1 2 2 4 0 4 4 1 1 1 2 0 0 1 4 2 2 0 2 1 3 2 4 3 4 4 5 0 0 0 0 0 1 3 6 1 2 0 0 1 2 4 2 1 0 1 0 0 1 3 3 1 1 0 1 2 2 0 3 1 2 1 1 3 4 2 1 1 3 1 3 1 0 1 0 0 1 1 1 3 3 2 3 4 0 1 1 3 1 3 0 4 1 4 3 1 2 5 0 3 0 1 3 0 0 1 3 2 2 2 2 1 3 3 4 1 1 0 2 2 2 1 5 3 0 2 0 0 2 1 2 0 4 2 0 3 0 2 3 1 3 2 2 1 1 2 3 1 2 1 4 1 2 2 1 0 6 0 1 2 4 1 3 2 1 0 0 5 2 0 1 1 1 1 3 2 3 2 5 0 3 3 3 3 1 2 3 0 3 1 2 2 4 3 3 0 2 2 1 3 5 0 3 1 3 0 1 2 2 1 2 0 5 0 2 2 1 0 0 2 2 2 3 1 0 2 2 3 1 2 3 2 1 1 3 4 2 2 1 2 0 2 0 2 3 2 5 3 3 2 1 2 1 3 1 3 2 3 2 2 2 3 1 2 0 0 3 0 0 3 3 1 6 3 1 0 2 1 1 4 1 3 3 1 2 3 1 2 3 3 1 3 3 1 1 3 1 2 1 1 0 2 5 0 0 8 2 2 3 1 0 1 1 2 3 5 0 5 0 1 2 2 0 1 2 5 2 2 3 0 1 1 3 1 2 0 3 3 0 5 2 1 1 1 1 3 4 3 2 2 3 2 0 1 1 3 3 6 4 0 0 2 0 0 0 2 0 1 5 3 1 0 2 4 4 2 1 2 2 2 5 1 1 3 1 3 1 2 1 2 0 0 0 2 1 4 0 5 3 1 1 1 3 2 3 2 3 1 5 1 4 1 0 3 3 2 2 2 2 0 4 1 2 3 0 1 2 3 4 4 2 1 2 1 0 1 1 3 0 1 0 1 1 1 3 1 1 2 2 5 1 2 2 0 4 0 0 0 2 2 3 1 1 3 1 2 4 1 4 2 5 0 1 3 3 0 4 2 1 0 3 2 2 0 1 1 2 4 2 1 4 1 1 1 3 1 3 1 2 2 0 2 3 2 4 4 1 4 3 2 0 2 4 2 3 1 0 4 3 2 5 2 4 3 3 3 0 4 2 3 6 2 0 4 2 0 3 2 1 0 1 3 0 4 2 0 1 4 0 3 2 3 3 3 1 1 1 0 3 2 2 2 0 0 2 0 4 3 2 1 2 2 0 3 0 3 0 5 1 0 5 4 1 2 1 4 1 1 3 4 0 3 1 3 1 0 3 0 1 0 3 2 2 2 2 1 2 1 3 1 4 1 3 1 3 3 2 2 4 0 3 1 2 3 1 1 1 3 5 1 4 1 2 0 5 0 1 0 0 2 3 3 2 4 2 5 1 1 1 7 3 0 0 0 2 0 0 2 4 5 1 3 1 1 6 1 1 3 2 0 5 1 3 4 1 4 1 3 0 2 1 0 3 3 4 1 2 0 1 4 2 3 0 2 3 4 3 0 2 2 1 3 0 0 0 0 3 1 2 2 2 5 0 2 2 3 1 1 4 2 2 1 1 2 1 2 5 3 2 1 1 3 1 4 4 4 2 6 2 3 1 1 3 1 1 2 1 3 3 3 2 2 0 3 2 3 3 1 1 1 2 2 2 1 0 4 0 6 2 3 2 3 0 1 1 7 1 4 2 6 2 0 0 1 0 3 4 2 2 1 3 2 0 3 3 2 3 5 1 1 1 3 1 4 1 1 3 4 3 1 1 1 1 3 1 3 3 3 2 4 1 1 1 0 2 1 3 2 0 2 2 2 4 1 2 2 1 4 3 0 2 3 2 2 1 3 0 2 1 2 6 2 2 3 0 3 1 1 2 1 0 1 0 0 1 5 4 3 3 0 0 0 3 2 4 3 2 2 5 0 3 1 0 0 4 2 3 2 2 1 0 2 2 1 1 1 2 3 1 0 2 2 2 0 1 1 3 4 1 1 1 3 0 0 2 5 1 2 0 3 1 3 0 2 1 4 1 2 0 3 2 2 3 2 3 3 3 2 3 1 1 1 0 1 3 3 1 2 1 2 5 0 1 1 1 2 1 4 0 2 2 3 2 1 1 2 2 2 1 1 2 1 3 0 3 1 1 2 0 2 2 1 3 6 3 4 2 1 4 2 2 1 1 0 2 1 1 2 2 2 3 2 1 3 1 0 1 3 0 3 2 2 1 0 4 2 2 7 1 2 1 1 2 0 1 4 0 2 1 4 2 1 2 2 1 0 2 1 0 2 1 4 2 0 3 3 3 2 1 5 6 1 4 2 1 0 2 1 2 3 3 1 1 0 3 2 2 1 1 4 3 2 2 2 0 0 2 1 4 3 2 0 2 0 5 2 2 3 2 3 3 2 1 0 3 1 4 1 2 4 2 0 2 3 1 1 1 0 2 3 2 4 1 2 3 3 3 1 2 1 1 2 0 3 0 0 4 8 3 0 2 4 0 0 2 0 2 4 0 2 0 1 2 3 2 3 2 1 2 3 2 1 0 2 2 2 3 1 3 1 5 1 0 5 1 3 2 3 1 5 3 2 2 0 1 2 2 1 2 0 2 4 2 2 2 1 5 5 1 1 2 1 1 0 2 0 3 5 1 1 2 1 2 1 4 1 1 1 2 2 3 5 2 1 0 3 1 4 3 2 3 0 0 2 0 5 3 0 4 0 2 3 1 2 2 2 0 0 0 4 3 3 4 1 0 0 1 1 1 2 1 2 2 3 3 1 1 3 1 1 2 1 1 1 3 1 2 2 1 1 3 2 1 2 1 1 1 0 2 0 1 2 1 2 2 3 3 4 1 1 3 1 2 3 2 1 3 1 0 2 4 1 3 4 0 3 3 3 2 3 1 3 1 1 2 2 1 1 0 1 1 3 4 2 1 3 1 1 2 3 2 0 3 1 5 2 3 0 4 0 1 1 3 6 3 0 1 1 3 2 2 0 0 5 2 2 2 1 2 3 2 3 3 0 4 2 0 1 3 4 1 0 0 3 2 6 2 3 0 1 2 2 2 1 0 2 1 2 4 0 1 0 3 1 0 2 7 2 0 3 6 1 2 0 0 1 0 0 2 1 5 4 2 2 1 0 1 1 5 2 2 2 2 0 5 3 0 4 4 1 1 1 3 1 3 1 4 0 2 2 0 1 2 0 3 2 2 1 2 0 3 4 1 2 1 1 0 2 5 4 2 4 2 0 1 3 6 3 2 1 2 3 2 1 4 1 3 2 2 2 2 2 1 2 0 3 2 3 1 1 1 1 5 1 3 2 1 1 0 4 1 2 3 2 1 2 3 0 2 2 1 1 6 2 2 0 1 3 3 1 1 3 1 5 1 3 2 1 2 3 2 3 2 0 2 3 4 0 2 1 3 6 2 3 0 2 2 1 1 1 3 2 4 4 1 2 3 1 1 5 3 3 1 2 2 4 1 3 2 2 3 2 1 1 2 2 4 2 1 1 2 2 1 2 2 5 1 1 2 0 2 5 3 5 2 3 3 1 4 3 1 1 1 1 4 4 6 1 0 1 3 3 2 2 1 1 3 1 0 2 2 0 4 1 0 1 3 2 2 4 2 2 2 1 3 3 2 0 3 0 2 3 1 3 4 3 0 2 2 1 1 0 1 4 0 1 2 4 3 2 0 3 3 1 2 2 1 3 2 2 1 1 3 3 0 1 1 5 4 1 1 1 1 0 1 2 2 4 1 3 1 1 2 2 4 1 1 1 0 4 3 2 3 3 5 3 0 1 3 1 1 1 0 1 3 3 0 0 1 3 5 0 1 3 2 3 3 2 1 3 2 5 2 1 1 2 1 2 1 1 0 2 4 3 2 1 0 6 2 0 1 1 1 5 2 2 1 1 3 1 3 0 1 3 3 3 0 1 3 1 0 1 2 2 4 4 1 4 3 1 1 1 2 1 3 6 1 1 4 4 3 1 3 3 0 2 1 0 3 4 3 3 2 1 2 0 5 0 2 4 5 5 0 1 3 2 2 2 0 3 1 1 1 1 3 1 2 4 1 5 0 1 1 2 2 1 3 3 2 0 0 4 1 2 4 0 2 2 1 2 0 3 1 1 1 1 1 3 0 4 2 0 5 3 1 4 4 0 1 3 0 2 1 0 0 5 5 0 1 5 2 1 2 2 3 1 2 3 4 0 0 1 1 2 5 2 1 2 3 3 1 1 4 1 3 2 2 1 0 2 2 1 0 3 3 2 1 4 1 2 1 0 1 0 4 3 3 2 2 4 2 0 3 1 3 0 1 1 1 3 1 0 1 2 5 4 3 4 1 2 3 1 4 2 2 1 1 0 2 4 8 4 0 1 1 2 3 1 6 1 1 0 2 4 1 3 1 1 0 4 1 1 1 2 1 2 0 4 2 4 3 1 2 2 0 1 0 2 1 5 0 3 2 2 2 4 1 1 3 1 0 2 1 0 4 1 2 2 1 2 5 4 3 1 1 1 4 0 3 4 0 1 1 5 2 1 0 0 3 2 1 6 2 1 3 2 0 1 0 4 2 5 1 3 2 3 2 2 1 1 5 3 2 2 3 1 1 3 1 1 5 1 0 0 2 2 4 6 5 2 1 2 3 2 2 2 0 2 1 2 0 3 2 3 0 1 4 2 2 3 2 3 1 2 1 2 3 4 0 1 0 2 2 3 3 0 1 1 3 1 4 2 2 3 2 2 4 2 1 0 2 1 1 2 3 2 2 2 1 3 2 3 2 1 1 2 2 2 2 4 4 1 3 0 1 2 3 3 3 1 1 2 4 5 1 4 3 1 1 2 3 2 1 0 2 1 4 2 4 1 0 3 2 3 2 2 2 4 2 0 0 2 1 3 0 1 3 4 1 1 2 0 3 2 1 4 1 2 1 4 4 2 3 0 1 2 3 1 0 1 0 3 0 0 3 6 1 3 0 2 0 1 2 4 3 2 2 1 1 1 2 2 3 1 3 1 1 2 5 1 3 2 0 1 2 1 3 3 5 1 4 0 2 3 0 2 1 0 1 4 2 2 1 1 0 2 2 3 3 1 2 0 3 2 2 1 2 2 3 4 1 4 2 1 2 0 1 1 3 1 2 0 2 0 3 1 0 4 4 2 2 0 2 2 1 2 1 1 2 2 3 2 4 0 0 2 3 0 0 1 2 3 1 2 2 2 1 2 4 2 1 3 1 1 3 2 2 5 1 1 3 1 4 2 3 2 3 3 3 2 2 2 0 1 1 2 1 3 2 4 3 1 1 2 0 2 3 3 3 2 1 2 2 2 2 1 1 2 3 3 1 3 2 2 2 1 4 3 4 1 2 3 6 4 4 3 3 0 0 1 3 0 2 2 3 0 1 6 2 2 0 4 4 5 1 0 2 8 2 0 4 0 4 1 2 0 2 0 1 2 4 4 1 2 2 1 3 2 3 1 1 0 2 0 4 1 5 0 3 2 1 1 4 1 1 1 2 2 2 2 4 1 2 2 1 2 4 0 3 3 1 2 1 1 4 4 1 5 6 2 1 1 1 1 1 0 5 1 4 2 1 2 1 1 2 3 2 2 4 5 2 0 2 2 0 2 1 3 3 1 2 2 4 3 0 0 2 1 3 3 1 1 3 1 3 4 1 4 0 1 1 1 1 1 3 4 0 1 1 4 0 2 1 2 2 1 3 2 0 2 0 0 4 2 0 1 3 1 3 1 2 0 3 3 2 4 0 3 3 2 0 0 2 2 1 5 2 2 4 3 3 1 1 6 0 2 1 2 2 3 3 2 0 3 1 1 2 2 5 1 1 2 2 1 0 4 0 2 1 4 2 1 2 2 1 2 3 3 2 0 1 2 3 2 0 1 1 4 2 3 2 2 1 1 0 0 3 2 4 2 5 2 1 2 2 1 5 1 1 3 3 3 1 0 1 0 0 2 1 1 2 2 3 1 3 2 0 2 2 1 1 2 5 2 4 0 2 6 3 1 1 1 1 3 0 2 2 1 4 0 3 2 3 1 0 1 2 3 0 0 4 4 0 2 3 3 1 0 3 4 1 4 0 3 2 3 4 3 0 4 3 1 1 0 1 3 1 1 2 2 3 3 3 3 2 2 3 2 2 2 0 2 3 1 3 1 1 2 1 0 0 3 2 2 1 0 4 3 1 6 1 1 4 2 1 2 2 0 4 0 1 2 2 2 4 2 2 1 0 2 4 2 1 1 3 3 6 3 1 1 1 1 3 1 1 0 2 1 4 1 1 3 1 1 2 3 2 3 3 0 2 1 3 1 2 0 0 3 3 5 1 4 3 1 0 0 0 2 1 3 1 1 3 2 2 6 2 2 2 5 2 1 3 2 1 4 4 6 2 1 1 1 4 0 0 0 1 1 2 3 2 2 2 2 2 3 1 4 2 2 0 2 2 0 0 4 1 3 2 3 3 2 5 1 0 3 2 3 3 1 3 4 2 1 1 2 1 5 2 2 0 1 1 3 3 2 2 1 2 3 5 1 0 2 0 6 0 0 0 1 3 2 2 3 4 2 0 1 1 2 1 0 3 2 4 1 2 2 4 0 3 0 1 1 1 3 4 0 3 2 1 0 6 1 2 2 2 1 2 1 2 1 2 0 2 6 1 3 2 4 4 1 1 2 1 4 0 4 4 1 4 2 0 3 1 2 2 1 4 1 2 0 3 1 0 2 0 3 3 3 0 2 3 1 2 4 3 2 1 2 2 1 1 2 2 0 3 3 4 3 0 3 1 1 1 1 1 4 1 3 2 2 3 0 4 2 2 3 0 1 4 1 3 4 3 2 1 0 0 3 1 2 3 1 3 1 4 2 2 0 1 3 1 2 0 2 3 1 2 1 4 1 2 0 1 3 3 1 5 2 0 4 0 4 2 0 3 1 4 1 2 3 2 1 0 1 5 2 0 5 3 1 4 0 1 0 1 2 3 3 0 4 1 1 4 0 2 1 2 4 2 4 3 2 1 1 3 2 1 1 4 2 5 1 4 5 1 1 3 0 4 3 3 4 3 2 0 2 2 1 0 0 4 2 2 0 3 2 6 3 2 0 2 2 4 1 0 3 1 1 2 1 3 2 1 3 2 0 0 0 3 2 3 0 2 3 4 2 5 1 0 3 2 3 3 1 1 1 4 2 2 4 0 0 1 1 0 4 2 2 1 2 2 1 0 3 1 1 4 4 2 2 0 3 3 4 0 2 1 0 5 3 4 1 1 3 2 0 1 2 1 2 3 1 1 2 3 0 2 1 1 3 2 3 3 1 2 0 2 1 2 5 2 1 3 3 2 3 3 0 1 2 2 7 3 2 2 2 1 3 1 0 1 4 1 4 1 1 3 2 2 2 6 1 3 2 3 1 1 2 0 6 0 2 2 5 0 3 3 1 2 2 6 3 1 1 0 2 1 1 3 3 2 5 1 1 0 3 4 2 2 0 2 1 1 2 6 2 2 1 3 3 1 2 0 2 1 1 2 5 1 2 1 2 2 1 0 5 1 2 3 1 2 3 2 3 1 1 2 3 2 1 1 3 1 1 1 3 3 1 3 3 2 1 2 2 3 3 1 0 4 1 0 2 3 3 8 0 2 1 1 0 6 2 3 2 2 1 0 3 1 3 1 2 3 1 1 1 1 2 1 4 2 0 3 4 2 2 0 2 2 0 2 3 0 4 1 3 2 1 2 1 2 1 1 1 1 2 1 2 2 2 4 4 2 1 2 4 3 0 2 1 2 2 1 4 1 1 2 1 0 1 1 2 2 3 3 2 1 2 2 0 1 1 1 1 2 3 0 0 3 3 3 2 0 0 2 2 1 1 5 2 2 2 1 5 3 0 2 0 1 1 2 0 5 1 1 3 1 1 2 2 4 1 0 2 0 3 4 3 3 2 0 3 3 1 1 1 0 5 1 1 1 2 1 5 3 1 3 1 4 2 1 2 0 2 2 0 3 3 2 1 2 2 2 4 2 1 0 1 4 3 5 2 0 4 1 1 3 6 0 4 1 3 5 4 0 4 1 2 1 2 3 2 3 2 1 3 3 1 0 1 3 3 0 1 1 5 4 2 3 2 0 2 1 4 3 5 1 3 2 0 1 2 4 1 2 1 1 4 1 2 3 2 2 3 1 1 1 1 2 1 3 2 1 1 2 1 0 1 3 1 0 0 3 0 3 1 2 3 5 1 2 2 2 1 2 2 1 2 3 0 5 3 0 4 0 3 3 3 2 2 2 3 1 3 2 2 1 2 1 0 3 2 1 1 1 1 4 3 0 5 2 0 1 2 1 1 0 5 4 0 4 2 3 2 0 4 3 1 0 2 1 4 2 1 5 1 0 0 3 1 1 3 1 3 1 1 3 3 1 2 1 0 1 2 2 2 2 4 1 0 2 2 1 1 3 1 3 3 1 2 4 1 2 3 2 4 3 1 4 1 1 1 1 1 3 0 2 2 1 2 2 1 1 1 1 1 2 1 0 2 1 0 4 3 1 6 2 1 1 1 1 2 0 1 1 2 1 4 4 2 4 0 1 2 1 2 2 1 1 4 3 3 0 2 5 0 0 2 2 2 0 3 1 0 2 1 2 0 3 1 1 3 1 2 2 2 0 1 2 2 3 2 1 4 4 1 1 2 3 1 2 0 2 5 1 6 2 0 1 2 3 1 3 4 1 2 2 1 2 3 1 2 7 3 1 3 3 2 0 4 0 0 1 4 3 2 2 1 1 1 2 2 2 2 3 3 5 1 0 3 3 3 2 3 3 0 3 3 1 2 0 2 1 1 1 1 0 3 3 2 1 2 1 1 3 5 0 2 1 3 1 1 1 4 5 1 2 0 2 3 2 1 1 2 1 2 2 0 5 1 4 1 1 3 1 1 3 3 1 2 3 2 2 1 1 1 1 3 1 1 1 5 0 2 2 1 2 1 1 0 1 0 2 3 2 2 1 1 4 2 3 2 0 3 1 1 1 1 4 1 2 1 1 1 2 3 3 1 2 2 3 1 1 1 2 3 0 1 1 3 4 0 3 4 1 2 2 2 2 1 2 3 1 2 0 1 2 2 2 1 2 3 0 3 2 1 2 2 2 3 2 2 5 1 2 3 1 2 3 0 2 0 3 3 3 1 0 5 2 3 1 2 3 1 1 3 2 0 2 3 3 1 0 0 2 2 2 2 2 2 1 5 1 4 1 1 6 0 2 2 2 5 1 1 3 3 2 2 0 1 2 2 2 3 2 1 2 1 3 5 0 3 1 3 2 3 3 3 0 1 5 0 0 0 3 1 1 3 0 2 0 2 4 1 3 2 0 5 3 2 4 1 1 2 5 2 1 1 6 0 4 2 2 1 2 3 2 2 4 1 1 0 2 2 2 2 6 2 1 2 2 3 3 2 3 1 3 0 1 1 2 2 2 3 5 1 2 4 4 1 0 0 1 3 1 3 4 2 3 2 5 1 4 1 0 1 1 0 2 2 2 2 1 1 2 6 1 0 4 3 1 1 2 2 0 0 1 3 2 2 1 0 0 4 1 4 5 0 2 1 3 1 2 2 1 2 4 2 1 3 2 1 1 2 3 5 2 4 3 0 2 1 1 1 2 0 3 1 2 2 1 2 7 4 1 4 4 1 0 2 1 0 1 1 3 0 3 3 1 3 1 1 3 2 1 1 1 3 2 0 4 3 0 0 1 2 4 5 1 1 2 2 1 1 3 3 2 2 4 0 4 2 1 2 0 3 1 0 5 2 3 0 1 3 3 1 3 0 3 0 1 3 0 2 2 2 1 3 7 2 2 0 1 1 1 2 1 0 3 4 0 1 2 2 0 0 1 1 1 1 1 2 2 1 0 1 3 2 3 3 1 1 2 1 2 1 2 2 1 1 2 2 1 3 2 3 7 1 1 0 3 0 0 2 3 1 2 1 1 2 3 0 4 3 2 1 0 2 1 4 3 1 2 3 2 3 2 4 0 3 3 2 1 2 2 2 0 5 2 1 2 5 2 4 0 1 1 2 1 2 2 1 4 2 0 2 4 2 5 2 4 0 0 1 2 2 2 2 2 2 2 0 1 0 1 7 1 2 2 4 0 2 2 4 7 2 2 4 2 0 4 2 3 0 2 2 2 1 3 0 2 4 3 0 1 1 1 1 3 0 3 2 0 0 2 3 1 0 1 1 3 2 2 3 0 1 2 0 1 2 0 3 3 0 2 4 4 3 0 1 1 2 0 3 2 2 2 2 1 3 3 2 5 3 4 1 3 2 0 2 2 1 1 0 3 3 0 2 0 3 0 4 3 2 2 1 1 0 2 1 4 1 2 1 4 1 2 2 1 7 1 1 1 2 3 2 0 2 1 2 2 3 4 2 5 1 1 1 1 3 1 2 2 3 3 3 0 3 0 2 1 4 0 4 3 2 1 2 2 3 1 2 0 2 3 2 1 1 2 1 2 1 4 2 4 3 2 2 0 2 1 1 1 2 1 2 1 1 3 2 0 1 1 0 2 2 2 2 5 1 0 1 2 1 0 1 1 0 3 3 2 1 2 2 2 0 6 3 1 3 3 1 3 2 2 1 0 4 5 3 2 1 4 2 3 2 3 0 1 4 1 2 2 1 4 2 2 2 1 2 3 1 1 1 4 0 1 2 2 1 0 5 0 3 1 2 4 0 1 2 1 3 1 5 4 0 2 1 2 1 2 1 2 1 3 2 1 1 2 0 3 6 2 0 1 1 3 4 1 4 0 3 1 1 1 1 1 0 2 1 1 3 2 6 1 2 3 1 3 0 2 3 0 6 3 3 2 2 1 1 2 2 2 3 1 3 4 3 3 2 1 0 2 4 2 2 0 1 3 1 2 3 1 0 0 1 2 3 3 2 1 1 1 1 6 2 3 3 0 2 0 1 2 0 6 8 1 0 2 2 1 1 1 3 2 1 0 4 3 4 4 1 0 2 1 4 2 6 2 2 3 2 1 0 1 1 2 1 1 1 0 3 0 4 3 3 1 0 4 3 4 2 0 3 0 0 6 2 3 1 2 1 2 2 0 6 2 1 1 1 5 2 2 3 2 1 0 0 5 3 0 1 0 6 2 1 3 3 0 5 2 6 3 2 1 1 2 1 1 1 1 1 2 2 1 4 3 4 1 3 0 2 1 1 2 2 2 2 2 2 1 4 2 1 1 3 2 2 2 2 1 1 1 2 2 0 6 2 2 3 0 0 3 1 2 1 1 6 2 2 0 4 1 4 6 0 2 0 4 0 3 2 2 2 0 2 2 0 1 6 2 0 2 3 2 2 0 2 2 6 3 2 3 0 1 3 2 4 1 3 0 2 5 0 3 1 3 2 0 2 0 2 1 1 3 2 4 2 2 0 0 2 0 3 2 6 3 2 0 2 1 2 0 1 3 3 1 3 3 0 2 3 3 0 0 3 3 2 3 1 1 1 6 1 3 2 2 2 2 1 2 1 1 2 0 2 1 1 2 2 1 3 3 2 0 1 1 1 0 1 2 4 3 3 1 1 2 2 1 1 1 0 3 1 1 3 3 2 4 2 0 0 2 3 5 2 3 2 3 0 3 2 1 1 4 4 1 4 1 0 4 1 2 2 5 1 0 2 0 1 2 4 2 0 4 3 2 1 0 2 0 1 2 1 1 2 0 1 1 2 2 2 2 2 1 0 1 3 1 2 1 1 0 1 3 2 4 1 1 2 4 2 1 1 1 1 4 1 1 0 0 1 4 0 4 0 3 1 3 1 1 1 3 3 2 0 0 2 2 4 2 1 1 0 2 5 1 6 3 5 2 2 0 3 3 1 1 3 1 2 1 2 3 2 1 5 5 4 2 1 0 0 1 1 4 4 4 3 1 1 2 2 6 1 2 1 1 0 0 1 1 1 0 0 3 3 3 2 2 3 2 1 2 2 3 3 0 3 2 1 2 2 0 2 2 1 3 4 3 2 1 0 0 1 3 2 3 5 0 1 3 1 1 1 2 0 1 3 2 4 4 0 2 0 1 4 3 0 3 0 2 4 1 1 2 2 2 2 3 2 0 3 0 5 2 0 2 2 5 1 4 4 3 2 1 2 1 2 0 6 3 1 1 1 4 2 2 2 1 2 1 4 2 1 2 1 4 1 4 2 2 1 3 1 4 0 3 1 0 1 4 2 4 1 2 0 2 0 1 2 1 1 3 2 4 5 3 0 3 2 1 2 5 0 2 1 3 0 2 2 4 3 2 2 1 3 2 3 3 1 4 5 2 3 0 0 1 3 3 4 1 2 2 3 4 2 2 1 2 1 3 3 2 1 2 3 3 2 2 3 3 4 1 3 1 0 0 4 2 3 3 2 1 1 3 2 0 0 3 3 3 2 0 2 2 2 1 1 0 2 0 0 1 4 6 2 3 2 2 1 0 4 2 1 3 0 1 1 3 2 1 1 0 0 3 1 5 2 2 0 1 0 5 3 1 2 2 3 1 2 1 1 2 3 2 3 4 2 4 0 5 3 2 2 3 1 1 2 2 0 1 5 4 2 0 0 3 3 2 3 1 3 1 2 3 3 2 2 4 3 0 2 1 4 1 3 5 1 0 1 4 0 0 0 3 2 4 2 2 1 4 1 1 1 1 3 2 2 2 0 3 4 0 2 4 2 0 3 2 1 2 1 4 1 1 3 4 2 2 1 2 2 1 0 1 3 3 5 1 1 3 1 5 1 4 2 1 4 2 3 1 0 2 1 0 4 1 1 3 6 4 5 1 1 4 4 3 0 1 0 1 1 2 0 1 1 2 0 0 1 2 3 0 3 4 0 4 1 2 2 0 5 0 1 2 4 1 1 3 4 2 1 1 4 1 1 2 1 3 1 3 1 4 0 1 0 3 4 1 2 1 0 0 4 3 4 1 0 3 2 1 2 2 1 1 3 3 3 2 2 1 4 1 2 5 2 1 0 2 3 3 3 1 0 3 2 1 5 3 1 4 1 4 0 0 2 3 2 1 0 2 1 1 2 2 2 6 1 0 2 1 0 2 1 4 3 2 2 3 2 1 1 2 3 2 2 1 2 2 1 5 2 2 2 2 2 0 2 2 1 1 0 3 1 1 1 2 4 2 1 2 4 5 3 2 1 3 2 2 2 2 0 3 1 4 1 1 0 1 2 2 3 1 2 3 5 2 3 0 1 2 1 4 3 0 1 0 1 3 4 3 0 1 0 4 4 2 0 2 0 3 1 1 2 0 2 5 3 0 3 2 2 4 1 2 1 1 1 1 2 2 6 1 3 1 1 1 1 2 1 1 4 1 2 0 1 1 1 1 1 3 3 0 1 3 3 2 0 5 1 0 0 1 1 2 4 3 1 2 3 3 0 1 2 0 2 1 5 1 0 1 1 4 2 2 1 1 2 3 1 2 0 4 1 0 0 0 3 2 3 1 4 1 2 3 4 4 1 1 2 2 2 3 2 3 0 0 2 2 2 0 5 0 2 0 3 0 1 3 1 0 2 2 1 5 1 2 2 0 1 2 1 0 1 1 2 3 4 2 1 3 1 3 0 3 5 4 0 1 2 2 2 1 4 3 4 2 1 2 0 2 2 4 1 3 1 4 1 3 3 2 1 0 2 3 2 3 1 1 4 2 3 1 0 2 4 1 3 0 4 1 2 4 2 0 0 4 2 3 2 5 0 2 4 1 1 2 1 5 3 1 1 0 3 1 1 1 2 1 2 4 3 0 3 1 6 2 0 1 3 5 4 1 2 1 2 1 2 4 1 2 3 1 0 2 0 5 1 3 1 2 1 2 2 2 2 0 0 3 3 0 3 3 3 4 4 2 4 0 2 2 2 2 3 1 1 3 3 4 1 0 1 3 4 4 4 1 1 1 0 2 1 1 1 1 1 3 3 1 4 3 4 0 2 0 0 4 1 1 2 2 2 2 1 2 1 0 1 2 1 1 2 3 1 3 1 1 1 1 0 3 3 3 2 3 2 2 1 1 1 2 4 2 0 2 2 2 2 1 0 2 3 3 0 4 4 2 2 4 3 1 2 1 3 2 2 0 4 2 4 2 2 2 2 3 4 0 1 1 5 2 5 5 0 1 2 4 1 1 4 3 3 1 2 2 1 0 1 3 1 2 5 1 3 3 0 0 0 1 4 1 0 3 2 1 2 3 4 1 1 2 1 0 3 5 2 1 3 1 2 1 1 1 3 1 4 4 1 0 2 2 2 2 2 0 0 2 1 2 1 3 3 1 1 3 1 2 0 1 2 1 3 3 2 2 2 2 3 2 2 2 0 5 3 0 1 2 4 1 4 1 6 3 2 1 2 1 5 1 1 2 3 2 4 1 3 0 2 1 1 0 1 1 0 3 4 3 0 1 3 2 3 2 2 2 4 2 0 4 4 1 2 0 2 1 1 2 3 4 4 1 1 1 0 0 1 3 0 4 1 1 2 2 4 3 2 4 1 0 1 2 2 0 1 2 5 4 2 4 1 2 4 0 1 2 0 5 5 3 3 3 1 3 0 2 2 1 0 2 1 1 3 3 2 1 1 2 1 2 2 2 1 3 2 0 1 0 1 1 0 2 4 5 2 1 3 0 0 2 0 1 0 3 3 1 4 2 2 0 3 0 2 3 2 4 1 0 3 0 0 4 2 2 4 1 5 2 2 1 0 2 0 4 2 1 2 4 2 3 3 1 2 2 2 2 2 2 0 1 6 4 4 2 3 1 5 3 2 2 1 2 1 2 3 3 2 0 2 3 4 4 1 1 3 3 2 2 1 1 3 1 2 6 2 2 0 0 3 4 1 3 4 5 2 3 3 4 0 2 1 1 1 2 1 6 5 3 2 5 2 1 2 0 0 4 3 1 4 2 2 4 3 0 0 2 1 3 6 1 5 2 2 2 4 1 1 2 1 0 0 1 3 1 1 5 1 4 2 4 2 1 1 1 0 3 0 2 3 1 5 1 1 1 0 1 1 3 3 1 1 2 2 2 4 0 3 0 2 2 1 7 2 1 1 3 2 2 1 2 1 0 1 4 3 2 1 1 1 0 0 3 2 2 0 0 5 3 1 2 3 2 3 4 2 4 2 1 2 2 2 0 3 1 2 3 2 1 3 1 3 3 3 2 1 3 1 4 0 5 1 2 0 0 1 3 2 3 2 3 3 1 1 1 3 0 0 1 1 3 4 2 1 2 2 2 2 0 5 1 3 2 2 2 1 0 1 2 3 4 1 3 2 2 5 0 1 3 1 2 1 0 1 4 3 4 4 1 2 1 1 1 0 0 3 1 1 2 1 5 0 2 2 2 1 2 1 3 2 1 1 2 6 3 2 0 4 1 3 1 0 0 2 1 2 2 2 5 1 4 3 1 2 3 2 1 1 0 1 3 2 3 1 4 1 1 3 1 2 0 2 2 0 1 3 3 2 4 3 2 1 1 2 4 5 3 4 0 2 1 1 4 2 0 0 2 3 2 3 1 3 0 2 2 2 2 4 2 0 5 1 2 3 3 4 1 4 2 2 7 0 1 1 3 0 2 0 3 3 2 0 4 0 3 1 5 3 0 2 1 6 0 2 0 5 4 1 0 1 2 0 3 1 2 3 5 1 1 0 3 0 2 2 1 1 3 2 1 2 0 2 2 3 3 3 2 3 1 5 4 0 2 4 2 1 1 2 3 2 1 0 2 1 1 2 8 3 1 3 2 2 2 1 2 4 1 1 1 3 1 2 2 2 4 1 2 0 4 2 2 3 1 3 1 3 4 2 4 1 0 1 0 0 3 3 3 1 5 1 1 1 3 4 3 0 0 1 3 1 1 1 3 2 1 2 2 1 2 3 2 2 2 1 5 1 0 1 3 3 4 1 4 0 0 2 0 3 4 3 5 1 2 1 2 3 3 1 2 2 4 3 2 3 2 3 1 2 3 2 2 2 0 0 3 4 0 4 1 2 4 1 1 1 2 1 2 1 0 4 2 2 0 4 1 2 4 2 2 5 2 0 2 2 0 4 5 3 0 2 2 2 2 3 0 1 1 1 3 4 0 2 1 1 2 2 1 2 3 0 3 1 4 0 2 1 2 0 2 2 2 2 4 1 1 2 2 0 2 2 4 1 2 2 2 1 2 2 1 6 2 3 2 3 5 3 0 2 1 2 1 3 1 1 2 0 1 2 3 2 1 2 4 1 2 4 3 4 1 1 1 3 1 3 1 3 1 2 2 1 1 0 4 2 4 1 0 2 1 2 0 0 3 1 1 3 2 3 0 3 1 0 3 1 2 4 1 2 4 1 4 3 2 1 3 2 1 1 2 0 0 2 3 4 1 2 2 1 0 2 2 1 2 0 1 1 3 2 4 1 4 3 3 2 2 1 2 1 0 2 0 3 2 2 5 1 1 5 1 3 3 1 1 2 1 1 1 3 4 1 1 2 3 2 2 0 1 1 6 1 4 0 2 0 6 3 2 1 0 1 1 2 2 4 2 0 4 1 1 3 2 1 1 2 0 0 1 4 4 2 1 4 3 1 1 0 3 4 1 5 2 4 2 4 0 1 0 1 3 4 2 1 1 2 3 3 0 4 3 1 3 0 7 0 0 2 1 3 2 1 0 2 2 5 1 4 2 2 3 0 1 2 4 1 0 3 0 1 3 2 2 4 1 3 3 2 2 3 2 1 1 1 2 2 3 2 4 4 2 1 1 1 2 0 1 1 3 3 2 3 1 1 2 2 4 1 3 2 1 4 2 3 1 3 2 3 3 3 4 2 1 3 1 2 4 2 2 1 1 2 1 0 4 1 1 4 2 2 2 0 2 3 2 0 1 1 2 0 1 3 1 0 2 1 1 3 2 0 5 2 2 5 1 1 4 4 2 0 2 0 4 1 2 1 4 4 3 5 0 3 2 3 4 0 1 0 4 1 1 4 2 1 1 2 3 0 1 2 0 1 1 3 2 1 2 2 1 0 4 1 1 0 0 0 1 0 4 3 3 1 4 3 1 2 4 1 1 5 2 0 0 4 2 2 3 2 1 0 3 0 2 3 0 2 1 5 0 3 0 1 2 2 1 4 0 3 1 2 5 1 4 0 1 2 2 0 4 1 0 0 1 2 3 3 2 1 1 2 3 4 2 0 0 0 0 2 5 4 2 1 5 7 1 0 4 2 2 1 0 2 3 1 1 1 3 2 2 0 0 1 6 1 2 4 3 2 3 0 2 2 1 1 0 3 2 2 3 3 3 0 0 0 1 3 2 4 6 1 2 2 1 4 3 0 2 4 2 0 3 2 0 2 1 2 7 2 3 4 2 3 2 0 2 1 3 5 0 3 2 4 0 0 4 1 1 4 2 0 1 1 0 2 2 3 1 5 2 2 2 0 5 4 2 3 2 1 2 2 2 1 1 7 0 4 2 2 3 3 0 3 1 3 4 2 1 2 2 2 4 1 2 0 2 1 3 1 2 0 2 2 0 4 3 0 2 3 1 1 3 4 3 2 3 1 6 1 2 1 1 3 1 2 1 2 3 4 2 1 2 0 1 2 3 2 1 0 0 1 1 3 3 4 0 3 1 1 3 3 2 1 1 1 0 0 2 0 2 3 3 1 5 1 2 0 2 2 4 4 0 2 4 0 2 2 3 3 0 2 2 2 1 3 3 0 3 1 3 2 0 1 3 3 3 4 1 3 4 2 1 1 1 4 1 5 0 1 1 1 1 2 1 7 3 4 3 4 1 1 1 0 0 3 5 4 4 3 4 5 0 3 1 2 5 1 3 3 3 0 2 1 4 2 1 1 1 0 5 1 4 2 3 2 5 2 1 3 2 2 2 1 1 0 6 1 2 1 1 1 2 3 3 4 6 1 3 0 2 0 3 2 2 5 3 2 2 2 2 3 2 1 0 2 1 1 2 2 5 4 6 0 3 1 4 1 2 2 2 1 4 1 2 2 1 0 2 1 1 4 2 2 1 1 2 1 2 0 1 1 3 3 3 2 2 2 1 2 2 2 3 3 3 0 3 2 1 3 1 2 3 1 3 3 0 3 0 0 0 1 2 0 1 3 3 4 2 2 0 5 1 5 6 7 4 1 2 1 0 3 0 0 1 2 4 2 1 1 1 3 1 1 0 2 3 3 2 3 1 1 1 0 2 0 4 1 3 4 1 2 2 1 1 1 4 2 1 3 4 1 2 2 1 1 3 2 3 1 1 1 1 2 4 3 3 0 1 0 0 2 3 0 3 4 1 2 1 0 4 0 2 1 1 2 1 3 0 3 2 1 4 0 3 1 5 2 1 1 1 1 2 2 1 0 1 2 1 3 3 5 4 1 3 3 2 4 3 1 2 0 3 0 4 3 0 1 0 4 4 1 2 0 3 1 2 2 1 4 2 3 1 2 3 1 2 3 1 0 2 0 2 1 3 2 1 3 0 3 3 2 2 1 3 5 2 1 0 1 1 3 2 3 1 1 3 5 3 0 2 3 3 0 0 2 1 3 4 2 1 4 1 3 1 1 3 2 3 3 0 5 1 1 4 1 3 1 1 1 0 4 2 1 0 1 2 1 2 1 1 2 3 3 2 0 1 1 2 0 1 2 1 3 2 3 1 2 3 1 1 2 0 4 1 4 2 2 3 3 2 1 1 3 1 3 1 0 0 2 1 1 3 2 0 0 3 3 2 5 5 3 0 0 1 2 3 4 2 3 2 1 2 1 1 1 2 2 2 3 3 1 1 2 5 2 1 2 1 3 2 1 2 0 3 0 3 0 2 6 0 3 0 4 1 3 3 1 2 2 2 4 4 1 2 0 4 4 1 0 1 2 1 1 2 5 2 3 0 2 1 1 2 0 3 0 1 1 2 0 2 1 0 2 2 3 4 0 2 1 1 5 3 0 1 1 1 1 3 1 1 0 4 7 2 0 2 2 2 3 2 1 4 1 4 1 1 1 0 3 3 1 2 2 2 2 4 2 3 4 2 3 2 2 1 1 1 2 0 2 4 2 0 3 3 0 3 4 2 3 0 1 3 5 1 0 3 1 2 1 3 4 2 1 4 0 1 1 2 2 3 2 6 1 1 0 1 0 1 2 2 1 0 3 5 3 2 4 1 1 2 0 4 1 0 3 0 4 3 3 2 2 2 3 1 2 2 2 0 3 4 1 1 6 1 1 2 5 1 2 0 6 0 3 2 2 1 1 2 1 3 1 2 2 1 0 1 4 2 0 4 0 2 2 1 1 3 1 1 3 3 2 2 3 2 0 3 1 1 2 1 2 2 4 3 2 3 2 1 3 3 2 1 3 2 1 3 3 4 2 3 2 2 2 3 1 1 3 3 2 7 3 1 1 1 3 2 5 1 0 2 1 0 2 3 2 2 0 1 0 1 6 2 0 0 5 1 0 4 3 3 1 1 2 1 0 1 3 1 0 0 3 3 2 1 1 3 3 3 1 0 3 2 2 3 0 1 3 4 1 1 2 2 3 1 2 2 4 5 2 0 5 0 1 1 4 1 1 0 5 2 0 0 3 1 1 2 3 2 2 2 3 4 4 0 2 2 1 4 1 1 6 1 1 2 2 2 2 2 3 2 4 1 2 0 1 2 1 1 0 3 2 3 2 2 1 3 2 3 2 1 6 4 6 2 3 1 2 5 0 2 1 3 2 1 5 0 0 2 0 1 1 2 2 3 4 4 3 3 3 1 1 2 4 1 2 2 1 0 4 2 3 4 1 1 1 3 2 3 4 1 1 0 2 4 5 2 2 2 2 0 1 5 2 2 2 1 1 1 2 2 1 1 1 2 3 3 0 6 5 3 3 1 2 1 3 0 2 1 2 2 0 1 2 2 3 2 4 7 2 3 0 3 2 1 1 1 4 2 0 0 1 3 3 1 1 1 2 2 4 0 4 1 1 2 0 2 2 2 0 4 4 4 4 2 1 5 2 0 1 1 2 1 3 1 4 4 3 3 1 1 3 2 1 2 3 0 2 1 1 1 1 2 4 3 0 5 3 2 2 2 1 2 2 1 3 2 0 2 5 3 1 1 4 0 2 1 0 4 3 1 3 3 2 2 2 1 3 1 6 4 2 1 1 0 0 4 4 3 3 3 1 1 2 4 1 2 3 0 2 0 2 1 4 3 1 1 3 1 2 2 3 3 1 3 2 0 4 2 2 1 4 3 0 1 1 2 4 1 3 2 3 2 0 2 6 0 3 2 2 4 1 5 1 1 0 1 2 2 1 2 2 2 3 2 3 0 2 4 1 3 2 4 2 2 2 1 4 1 1 2 0 3 0 1 2 1 1 4 0 4 0 2 1 0 3 2 2 1 2 4 3 0 1 3 2 2 3 1 0 2 5 2 1 1 0 2 2 1 3 3 0 4 3 1 1 1 5 3 0 2 4 2 2 2 3 1 3 1 1 4 2 3 1 1 5 3 3 1 4 1 2 3 0 2 4 3 3 1 0 2 1 3 3 3 2 5 4 1 2 1 1 2 1 5 3 1 1 0 2 3 2 0 3 6 1 4 4 3 2 0 1 4 3 1 1 4 3 1 0 2 2 0 3 4 1 2 1 0 2 1 4 0 1 1 0 1 1 4 0 3 2 3 2 0 5 1 2 3 0 2 4 1 3 3 1 2 1 3 4 4 0 2 2 0 4 2 0 2 5 2 1 3 1 1 1 4 3 2 1 3 1 1 4 1 3 1 3 0 1 0 3 1 3 5 3 0 3 1 1 3 1 2 0 1 2 4 1 5 1 1 2 2 0 3 0 6 3 1 2 1 0 0 3 2 1 3 4 4 1 2 1 0 2 4 0 1 3 5 6 2 1 3 4 1 1 3 1 1 1 5 1 3 3 1 3 1 1 2 2 1 0 3 0 3 2 0 3 1 3 4 3 1 2 3 2 1 0 1 3 4 3 0 2 1 3 1 2 2 4 1 1 2 0 2 2 2 2 6 3 2 0 2 2 2 2 0 4 1 2 2 1 3 3 3 2 2 1 2 4 4 1 2 0 2 0 1 0 1 2 4 0 4 1 1 5 3 1 2 2 2 2 2 1 2 4 1 1 2 1 2 0 2 1 2 1 2 3 4 1 1 4 4 3 0 1 3 2 1 1 2 1 1 1 2 3 2 1 3 2 4 1 2 2 3 4 5 2 0 1 4 2 3 1 1 4 1 3 4 6 1 0 0 2 1 2 2 6 5 2 5 0 2 3 1 3 3 3 2 2 2 2 1 2 3 1 3 2 3 2 2 3 3 2 3 2 3 0 2 1 1 4 2 2 5 2 2 0 1 2 5 2 2 2 3 4 0 1 3 5 5 1 3 4 0 3 1 2 1 0 1 0 3 2 2 3 2 1 1 2 2 1 0 1 0 2 1 2 2 2 0 4 2 2 1 2 3 1 2 3 1 3 4 1 1 3 0 1 3 2 2 0 1 3 2 1 2 2 0 3 0 1 2 1 1 3 3 3 3 1 3 5 2 2 1 3 2 2 0 3 3 3 1 3 4 1 2 2 6 1 0 2 1 3 1 4 0 3 1 1 1 4 2 4 3 2 1 1 2 0 1 2 1 0 0 1 2 3 4 2 1 3 2 0 2 0 2 0 1 2 0 1 1 3 3 1 0 3 2 1 3 2 2 2 0 2 0 1 2 1 1 1 2 3 4 1 2 2 1 4 3 1 1 2 2 4 0 1 1 2 3 2 1 2 3 1 1 2 1 1 1 2 3 4 3 1 0 0 1 3 2 4 1 3 0 1 0 1 3 0 1 5 1 1 0 4 3 4 3 4 3 0 1 0 0 2 1 3 0 0 2 1 4 5 2 1 4 2 1 2 1 2 1 1 2 4 1 3 2 5 1 3 1 2 2 1 2 2 0 1 0 3 1 5 3 1 2 5 1 1 1 0 2 1 3 3 2 1 0 1 2 4 1 1 1 1 1 2 3 3 1 0 1 3 0 0 2 0 4 2 0 2 0 1 1 1 7 4 3 1 2 1 3 3 1 2 3 2 1 2 3 0 3 4 3 1 0 2 1 3 5 2 0 0 3 2 0 2 1 2 2 4 2 3 2 0 4 2 2 4 3 3 3 0 1 1 2 4 1 4 1 3 0 1 3 3 1 2 2 1 1 3 2 3 5 4 1 1 0 1 1 1 2 5 3 4 1 1 5 1 3 4 0 2 4 3 1 3 1 3 1 0 2 2 1 2 1 4 0 2 0 2 2 1 2 4 3 0 4 0 4 3 2 3 1 3 0 1 0 4 3 5 0 2 1 1 6 1 2 2 4 1 3 0 2 1 5 3 1 1 1 3 2 1 3 2 2 3 3 3 3 2 2 0 1 1 2 3 4 3 2 2 0 2 3 2 1 4 2 2 2 0 3 3 0 1 1 0 2 2 1 3 2 1 3 3 2 0 2 1 0 3 3 2 1 2 6 1 3 2 1 2 4 2 2 1 0 1 0 3 2 3 3 6 1 4 1 0 3 3 4 1 0 3 3 2 4 2 1 2 1 2 2 3 1 5 1 1 6 1 2 2 1 1 3 5 0 3 3 3 1 2 3 0 3 1 1 1 4 3 4 1 3 1 4 2 0 0 2 2 1 2 0 3 3 3 2 1 2 2 2 0 3 1 4 3 3 3 1 5 3 5 2 1 1 0 3 1 4 1 1 3 4 1 2 2 4 1 0 2 1 2 1 2 1 1 0 3 2 4 2 1 0 2 0 0 2 5 1 1 3 3 0 2 2 2 4 3 0 1 1 3 2 2 2 3 1 1 1 3 2 2 2 2 2 2 0 2 1 1 3 3 3 1 2 1 0 1 4 0 4 4 1 2 3 2 1 3 1 4 0 2 1 3 3 1 3 1 1 2 0 6 3 2 2 1 2 1 2 0 2 6 1 1 0 2 1 1 3 3 2 1 3 3 4 3 2 2 2 0 0 2 3 2 0 3 1 1 3 1 1 3 3 1 2 3 1 0 1 1 2 0 0 2 3 2 2 5 1 1 4 2 3 1 3 1 2 1 5 0 3 0 2 1 3 1 5 2 2 2 1 1 1 1 3 3 4 1 2 2 1 2 1 3 0 2 1 1 2 0 3 1 3 2 1 3 1 2 2 0 1 2 2 3 0 0 1 1 3 2 1 2 1 3 0 0 1 1 2 2 1 1 2 3 0 2 2 3 1 0 6 5 1 3 1 3 1 0 7 2 3 6 2 2 1 4 1 3 1 3 1 3 0 0 2 2 2 0 2 2 3 2 3 2 2 2 2 4 3 3 3 0 3 3 2 1 1 1 0 3 1 0 2 1 0 2 2 2 4 1 1 1 0 2 1 3 3 0 1 2 1 2 2 3 0 0 1 2 2 1 0 3 2 1 2 3 5 0 0 3 2 2 2 1 2 3 2 1 1 7 3 1 3 2 3 2 2 3 3 3 2 3 2 0 1 1 0 1 0 1 2 4 2 1 2 3 2 1 1 1 3 4 4 1 2 1 0 2 0 1 3 2 2 2 3 1 2 1 1 4 1 2 2 5 1 1 1 1 1 4 1 4 1 1 2 1 2 1 1 5 3 3 3 3 1 1 1 3 1 5 1 4 2 0 2 2 4 2 3 5 5 0 1 2 1 1 4 1 2 1 1 2 6 3 0 1 1 2 0 2 3 0 2 2 6 3 2 2 0 2 0 4 0 2 3 0 3 1 2 4 2 2 1 3 3 2 4 2 3 1 0 3 7 2 1 2 3 1 1 3 0 1 1 4 2 1 0 4 4 1 4 1 2 2 1 3 4 1 4 4 2 0 1 1 0 0 7 3 4 0 2 2 1 3 0 1 2 2 3 2 1 0 1 2 2 2 2 1 2 2 1 5 2 1 1 0 0 2 2 2 1 0 5 5 2 1 3 0 2 2 1 3 2 2 4 5 1 2 2 0 2 5 3 5 1 1 2 2 0 3 2 2 1 2 3 0 5 1 2 1 3 0 2 6 2 1 1 1 1 1 2 1 2 6 3 1 5 0 1 2 2 6 3 0 1 0 1 6 1 1 4 3 1 1 3 2 1 2 2 2 2 0 0 1 0 4 2 1 6 3 2 0 7 1 1 4 1 2 1 3 3 1 2 2 1 3 1 2 4 0 1 2 2 2 0 0 4 4 3 3 3 3 4 1 1 2 0 2 4 2 3 3 2 2 1 2 5 2 4 1 3 3 0 2 1 1 3 4 4 1 4 2 1 1 2 2 3 2 1 3 0 4 3 2 4 0 0 1 2 1 2 1 1 2 4 1 2 2 1 1 1 1 8 1 2 5 6 0 1 2 2 1 3 2 3 1 2 1 1 2 3 3 2 2 2 1 1 3 4 1 6 1 1 1 1 4 4 1 1 1 1 4 2 1 1 1 1 3 3 0 1 3 3 2 3 3 2 4 0 0 2 2 0 2 0 2 2 2 3 0 1 0 0 2 7 3 1 1 4 1 1 1 5 0 4 1 4 2 2 5 3 2 0 2 1 1 1 4 3 2 0 1 4 2 1 1 2 3 1 3 0 0 5 4 3 3 0 3 2 1 1 1 2 2 2 3 1 1 2 3 1 0 4 1 1 4 3 2 5 4 1 3 4 2 2 0 1 1 1 2 1 2 1 2 1 4 1 2 2 2 3 1 2 1 3 2 1 1 6 0 1 1 0 4 2 2 2 4 0 1 3 0 4 2 1 0 2 0 1 1 1 3 0 1 0 0 3 0 3 1 3 2 1 2 3 7 0 2 1 2 1 1 6 2 2 1 2 2 1 1 3 4 0 2 1 3 3 2 2 1 1 1 2 1 0 2 1 1 3 1 1 2 0 2 2 2 3 2 2 3 4 1 4 0 3 2 3 1 1 2 1 4 3 3 3 2 2 0 1 0 4 2 4 0 2 2 2 1 0 1 4 4 1 3 2 3 3 1 2 2 4 2 1 3 0 1 2 1 3 3 1 3 4 4 2 2 2 1 3 4 0 1 3 3 2 3 4 1 3 1 0 2 2 5 0 1 3 1 0 0 2 6 2 2 2 2 1 3 4 1 2 2 2 2 3 2 4 4 1 1 0 1 3 1 1 1 1 0 3 1 4 2 0 1 3 1 3 3 1 2 2 1 3 4 2 3 0 2 1 1 4 1 5 1 4 1 4 2 0 2 0 2 2 4 0 4 2 4 2 3 2 0 4 2 1 1 0 1 1 2 0 3 1 4 1 2 1 2 2 1 1 2 1 2 2 5 4 3 1 1 1 0 1 1 7 1 2 2 3 5 2 4 1 2 2 1 1 3 2 1 0 5 6 2 1 1 1 4 3 0 3 1 0 0 0 1 2 1 1 3 4 2 0 3 2 2 0 1 3 2 1 1 2 3 0 0 2 3 3 1 2 1 4 4 2 0 1 2 5 0 0 1 1 1 5 0 2 3 3 1 1 6 1 2 4 0 2 5 1 3 2 0 3 2 2 1 1 0 3 3 2 3 2 1 1 1 3 0 5 0 1 1 2 1 2 2 3 1 2 1 2 3 2 2 5 0 1 1 1 2 2 2 1 2 3 6 1 2 6 1 0 3 6 3 1 0 1 1 1 2 3 5 3 2 0 1 1 2 2 1 1 2 3 4 2 0 2 2 4 1 1 1 1 2 2 1 3 3 2 4 2 1 1 3 1 3 2 1 1 1 1 2 1 1 2 2 1 2 1 0 3 0 2 1 0 1 1 3 2 5 2 3 1 0 2 4 3 1 3 1 0 1 1 3 0 3 1 2 1 1 1 2 2 3 3 1 0 1 3 3 1 3 3 2 0 0 2 2 4 2 2 2 4 0 2 1 1 6 5 2 4 1 1 3 1 0 0 3 3 2 0 1 2 2 3 5 1 1 2 2 2 0 2 0 4 1 4 0 1 0 3 3 1 2 3 2 2 0 2 0 5 3 1 3 1 1 3 1 2 1 2 1 4 2 3 1 1 2 2 3 0 5 1 3 2 2 3 1 1 3 1 3 2 2 2 3 2 0 1 0 0 2 2 1 2 1 1 3 2 1 1 2 0 1 1 5 1 2 1 6 2 0 4 3 1 2 3 3 3 1 2 2 1 0 3 0 0 0 3 4 5 1 4 3 1 2 0 2 3 2 2 5 3 1 1 0 2 1 6 0 4 3 3 2 3 0 1 0 1 1 2 3 5 1 3 0 1 0 2 2 1 3 2 3 2 4 2 1 1 3 1 1 2 3 3 3 2 1 2 5 4 4 0 1 1 2 0 0 1 1 2 4 3 3 1 4 2 3 0 1 3 2 3 3 3 0 0 1 4 5 3 1 0 2 0 0 1 3 1 2 3 4 5 2 4 2 2 1 4 1 4 1 2 0 3 1 0 4 1 0 2 4 2 0 1 0 5 4 3 1 1 0 3 4 2 0 2 2 5 3 2 1 2 1 1 3 4 1 4 1 2 2 1 5 1 0 3 2 5 1 0 3 2 1 2 5 1 4 1 3 1 1 4 1 1 1 3 2 1 3 4 3 1 1 4 2 1 3 4 0 4 0 1 1 4 0 2 1 1 1 2 1 4 1 4 0 2 4 3 1 0 0 0 2 0 1 2 4 2 1 4 3 2 0 1 2 4 2 2 3 3 0 1 1 1 1 0 6 1 2 3 2 5 2 2 2 1 1 2 4 1 2 4 1 4 0 1 2 3 0 3 0 1 3 4 3 2 1 1 3 2 1 2 3 1 3 0 0 3 3 0 1 2 3 2 1 2 1 3 5 2 0 0 3 0 3 2 1 2 3 2 2 4 3 4 2 1 0 2 3 1 0 1 1 3 5 4 1 3 5 0 0 2 0 5 1 2 0 0 2 3 4 3 5 0 1 2 2 1 1 3 1 3 2 2 3 0 3 1 2 0 3 2 2 0 2 2 1 1 1 1 1 2 6 2 0 0 6 5 1 4 1 3 1 0 3 0 1 1 3 4 1 2 4 1 1 1 2 1 3 4 3 3 2 1 1 0 3 2 3 2 2 2 1 1 2 2 1 5 3 1 3 0 4 2 1 2 2 1 3 3 2 0 3 2 2 3 1 2 1 0 2 2 1 1 1 1 2 2 1 3 5 2 2 0 2 2 2 4 4 1 0 2 1 2 2 2 1 3 4 2 3 3 3 3 1 3 3 0 0 3 0 2 1 3 2 3 0 1 2 2 1 6 1 0 2 1 4 1 2 2 2 2 2 1 2 3 3 2 3 4 6 1 2 0 1 2 1 0 2 3 5 2 3 6 3 0 1 1 1 1 1 1 2 3 2 3 2 2 2 0 2 3 5 1 3 1 2 5 2 3 1 4 0 3 2 2 0 1 2 3 0 1 3 4 0 2 3 1 2 0 1 1 1 1 2 4 3 3 1 3 1 1 1 4 0 1 2 1 1 1 1 1 0 5 5 3 1 1 2 1 2 1 3 3 3 4 2 2 1 1 0 1 3 2 4 3 0 1 1 0 1 3 2 1 3 2 2 1 2 1 2 3 2 1 2 3 3 4 3 2 1 2 1 1 3 1 1 2 2 2 2 1 2 2 3 1 1 2 1 0 3 2 4 1 2 1 2 2 1 3 2 1 2 1 3 2 3 2 1 3 0 1 1 1 0 2 1 2 5 2 6 0 2 4 1 3 3 1 3 1 1 3 0 3 1 2 1 3 0 2 2 2 1 3 0 0 4 1 3 3 1 2 2 0 2 0 2 2 1 4 3 1 3 3 4 1 1 0 1 1 4 1 3 1 1 2 2 2 1 3 4 3 2 1 0 2 3 1 3 1 4 2 1 2 1 1 4 3 2 2 3 3 1 5 3 1 1 0 2 1 4 4 1 2 3 2 0 2 3 2 2 4 4 1 2 2 1 1 1 0 3 4 2 3 4 1 0 1 3 0 1 1 3 2 3 1 3 1 2 2 4 1 1 3 2 1 0 3 3 1 1 4 1 1 1 2 2 3 4 3 2 4 4 0 1 0 3 4 3 3 3 3 4 1 1 4 2 1 0 1 4 6 3 1 2 1 2 2 2 1 4 0 1 2 4 1 1 2 1 3 1 1 2 4 5 1 5 3 1 2 4 0 2 3 2 1 1 3 1 1 3 1 3 2 1 0 1 0 4 2 0 2 1 1 1 1 0 3 1 4 3 3 3 0 0 2 2 2 1 2 3 1 3 6 1 3 2 0 3 0 4 3 1 3 4 2 0 3 2 3 1 2 1 0 1 2 3 2 1 2 1 0 1 0 0 2 3 2 4 2 0 1 0 1 3 2 0 0 3 3 2 0 0 5 1 2 0 0 1 4 1 3 3 1 2 4 0 2 1 1 1 3 1 1 3 3 5 2 1 0 1 2 2 2 1 1 1 0 3 2 2 3 3 1 0 2 2 0 2 4 0 2 3 3 4 4 1 2 1 1 1 0 3 4 4 2 3 1 1 1 0 0 3 0 2 1 3 4 4 2 0 1 2 4 3 2 1 3 2 1 1 2 1 0 1 0 1 1 2 2 3 5 6 0 1 0 2 1 1 2 1 0 1 3 2 3 2 2 1 2 2 3 2 3 1 3 1 5 2 4 1 1 2 3 1 1 2 2 0 4 1 0 4 3 2 2 1 0 1 1 1 3 3 0 1 3 2 2 4 1 1 1 3 3 1 1 0 2 2 4 2 1 3 1 0 0 0 0 5 2 4 2 3 1 0 3 0 1 1 1 4 3 0 0 0 2 1 2 3 1 0 2 3 0 3 1 3 0 3 5 2 1 1 1 2 1 3 1 2 2 1 3 3 2 1 2 2 2 0 0 3 3 2 0 1 4 4 0 2 2 2 4 4 1 3 1 2 2 0 3 0 2 0 1 3 1 3 2 2 2 2 4 2 1 0 3 3 1 3 1 1 1 3 3 3 1 1 5 5 0 1 1 0 3 2 0 3 1 4 1 2 3 1 3 0 3 2 1 2 1 0 5 4 2 2 1 3 0 2 1 0 1 2 4 3 2 1 3 0 1 1 2 2 0 5 3 2 0 2 2 2 0 1 2 4 4 3 1 1 8 5 1 1 3 0 1 0 2 2 5 4 1 3 2 4 1 1 2 0 1 0 1 4 2 0 2 3 3 1 3 4 0 3 3 2 2 2 2 3 4 0 1 2 1 1 3 5 3 4 2 4 1 0 0 5 2 2 1 3 0 2 1 2 1 2 3 3 5 0 2 3 0 0 3 2 3 2 2 3 2 2 1 3 1 0 0 0 2 3 1 7 2 1 1 0 2 2 2 3 4 2 3 6 4 4 2 1 2 2 1 0 1 2 2 2 1 5 0 2 4 0 3 1 5 3 3 2 4 3 4 2 1 2 1 0 1 2 3 2 3 1 2 4 4 0 0 2 2 2 2 1 4 0 1 4 2 1 0 2 1 1 0 1 0 0 1 1 2 1 3 2 3 4 2 0 1 0 2 1 4 2 0 1 1 3 1 2 3 4 6 0 1 3 0 0 3 3 1 4 2 1 2 2 3 4 0 1 4 1 1 1 1 1 3 0 3 1 1 3 2 1 2 2 3 4 0 1 0 1 2 2 1 2 3 0 6 3 5 2 2 1 1 0 2 2 2 2 2 2 1 3 1 3 1 0 2 0 2 4 2 1 0 1 4 2 1 3 1 6 1 3 0 1 2 1 4 1 1 0 0 0 4 0 2 2 3 1 3 1 2 1 3 3 3 1 1 2 1 5 4 3 1 2 3 3 1 0 1 2 2 2 0 2 2 1 2 4 2 0 1 1 1 0 3 0 2 0 0 2 2 1 5 3 3 3 3 2 1 1 2 2 3 0 0 3 4 0 2 3 2 0 1 3 4 4 2 3 2 1 1 3 3 2 2 4 1 3 3 2 1 2 2 4 3 3 3 1 1 2 2 2 0 1 5 2 4 6 1 1 4 0 2 2 1 2 1 3 3 1 0 2 1 1 1 1 3 2 0 5 0 2 0 1 2 1 2 1 3 3 0 1 2 3 3 1 2 2 4 4 1 0 3 3 3 0 1 3 3 2 0 1 2 0 1 2 1 0 5 3 0 3 2 2 1 1 2 3 3 3 1 0 3 1 5 0 3 4 2 2 0 1 2 4 1 3 2 3 2 0 1 3 1 3 0 4 1 3 2 0 0 6 2 3 0 3 5 2 2 0 3 2 0 3 2 1 2 2 0 2 2 3 2 1 0 2 2 6 3 3 1 2 0 2 1 2 1 2 2 2 3 4 3 3 0 3 2 1 3 2 1 2 2 1 2 1 5 3 0 1 0 0 2 2 1 2 3 1 2 3 1 2 1 1 1 4 2 2 2 1 1 2 0 1 2 2 3 2 3 2 0 2 1 2 1 2 0 1 1 3 1 3 1 2 2 5 2 5 2 2 2 1 2 3 2 2 2 2 1 2 3 2 2 1 0 4 3 1 3 2 5 0 3 6 3 3 2 2 1 4 0 0 3 1 0 2 2 1 3 2 3 3 3 4 1 1 4 2 3 0 2 1 3 5 2 1 1 2 0 3 0 2 5 4 2 2 1 0 3 3 1 2 3 0 0 4 0 0 5 2 2 1 2 4 5 6 1 1 1 0 0 1 4 3 3 2 1 0 0 1 2 1 3 2 4 1 5 5 0 2 2 2 0 1 2 3 3 2 0 4 0 1 2 2 4 2 2 2 4 1 2 1 2 3 3 1 3 2 1 4 1 0 0 5 0 2 3 0 1 2 3 1 1 0 3 1 2 1 0 3 3 0 1 3 2 3 1 3 1 7 3 3 0 3 0 2 3 2 3 1 1 6 2 0 3 1 4 2 2 0 4 2 2 2 2 2 2 4 1 0 1 5 1 6 0 4 1 4 0 1 3 1 1 2 3 4 0 2 1 0 2 4 1 3 0 0 0 5 3 1 1 1 0 0 3 4 1 1 1 3 1 2 2 4 3 1 0 4 0 2 5 2 2 4 1 1 1 0 4 3 2 4 1 3 4 2 1 0 1 2 1 3 1 2 2 1 1 2 1 1 3 2 2 3 3 1 2 1 1 2 2 1 1 5 2 2 2 3 3 1 1 2 0 0 2 0 2 4 4 2 3 2 1 5 4 1 3 0 1 1 3 1 2 3 3 1 0 2 4 3 1 2 5 2 2 4 1 0 3 0 0 1 3 3 1 4 2 1 1 5 1 4 2 4 1 1 1 1 1 3 2 4 1 3 2 0 4 1 3 1 2 2 2 1 1 4 0 3 0 1 3 0 1 4 1 3 1 3 1 5 3 1 2 1 0 2 1 2 6 2 0 2 1 0 2 4 1 1 2 3 2 1 2 2 0 1 2 2 1 1 2 1 4 3 3 1 2 2 6 2 0 3 2 3 2 1 1 2 0 0 1 1 3 2 4 1 3 4 2 2 1 3 0 2 2 1 4 0 2 2 2 3 2 3 3 5 3 1 1 1 1 4 0 2 2 2 1 1 3 0 2 2 2 1 6 1 1 1 1 2 1 6 4 0 2 1 0 2 1 3 3 3 1 3 2 0 2 2 2 0 3 2 3 2 0 2 5 2 1 3 0 1 2 2 1 3 1 1 4 2 2 2 2 3 3 1 1 2 1 2 2 3 1 2 3 1 1 1 1 1 3 3 2 4 1 6 4 2 1 1 4 2 6 2 2 3 0 1 2 1 0 3 3 1 4 3 3 2 1 1 1 3 1 1 1 1 1 1 2 1 2 2 2 1 3 0 4 4 1 2 3 1 2 4 1 5 3 3 2 3 2 1 1 4 2 2 1 2 4 1 1 0 3 1 3 2 2 0 1 2 1 1 0 5 0 0 2 2 3 1 1 2 3 4 2 2 5 1 3 2 1 1 2 1 2 5 2 2 5 3 2 1 2 2 1 1 2 2 1 1 3 3 1 2 2 0 0 1 1 2 0 0 1 3 0 1 3 1 0 2 3 5 3 1 2 1 2 2 1 1 1 4 0 0 4 1 3 2 2 2 2 2 2 1 2 5 2 1 4 1 1 2 3 1 2 2 0 1 2 3 1 0 2 1 3 2 2 0 2 4 1 2 0 2 0 3 3 3 4 2 2 1 1 1 3 2 2 0 3 2 2 1 2 3 2 4 1 2 2 5 4 1 1 0 2 0 1 0 3 4 3 4 1 2 0 2 1 3 2 4 5 3 2 1 1 0 2 1 3 2 4 1 1 2 3 1 4 0 2 1 3 3 1 3 2 1 4 2 1 2 2 0 3 3 0 2 1 5 1 2 1 2 0 1 2 5 3 4 1 0 3 1 3 1 3 6 2 1 1 0 5 3 1 3 1 3 2 1 4 3 0 0 2 3 1 3 3 4 1 2 2 3 4 2 0 1 3 2 0 2 5 1 4 3 0 0 1 2 4 3 4 4 0 1 0 1 1 2 0 1 2 1 3 3 3 3 2 4 0 4 1 1 1 4 3 3 1 1 4 1 1 1 1 3 1 1 1 2 3 2 2 2 2 3 2 1 2 0 1 3 2 1 5 1 2 1 1 1 3 0 6 2 3 0 2 2 5 2 4 1 0 1 2 3 1 0 4 3 2 1 3 2 1 3 5 3 2 0 0 1 2 2 0 1 1 1 1 4 2 4 0 2 2 2 2 0 2 5 1 4 2 2 0 3 2 4 1 0 1 2 1 3 2 2 2 0 1 2 1 2 1 3 2 2 1 4 2 1 1 1 5 2 0 3 1 2 0 4 2 4 1 1 1 3 3 1 3 3 1 0 3 3 0 1 2 0 4 2 1 0 3 1 1 3 3 0 0 2 3 3 2 0 2 2 1 2 1 1 0 3 0 2 1 3 0 1 2 3 0 0 1 3 0 2 2 2 1 1 3 1 4 1 2 2 2 2 3 4 3 0 1 1 2 5 1 4 3 1 0 0 4 1 4 3 4 3 2 0 6 1 2 2 1 1 1 4 2 0 2 2 2 3 0 2 1 1 2 3 3 2 3 1 1 2 1 2 2 3 1 3 2 1 0 2 2 2 3 1 2 0 3 4 1 1 1 3 1 2 2 0 1 3 2 4 3 2 2 2 4 3 2 4 0 2 2 1 4 5 0 2 3 3 2 0 4 1 2 1 1 3 4 1 2 3 3 4 1 2 1 1 1 1 4 5 4 0 1 0 3 2 1 4 4 3 2 1 1 1 2 2 0 1 3 2 1 5 3 4 1 1 1 0 5 2 1 0 3 1 1 0 1 0 2 1 1 2 4 1 1 0 2 1 1 1 2 1 2 1 0 1 2 3 0 1 1 2 2 1 4 1 1 3 0 1 2 2 3 3 3 1 1 3 1 3 2 3 2 1 1 0 1 1 3 2 4 0 2 1 1 3 2 1 2 2 2 2 1 3 3 2 1 6 2 0 1 1 3 0 4 3 4 1 2 1 3 1 1 0 0 0 0 3 2 3 2 4 3 5 1 3 2 1 1 3 3 4 2 0 5 2 3 1 0 3 1 1 4 3 3 2 2 1 0 3 1 1 2 4 3 0 2 3 2 3 3 2 1 1 2 2 3 3 2 2 3 3 0 3 3 1 1 0 3 3 2 2 3 1 3 1 2 3 2 0 1 4 3 1 3 1 3 2 2 3 3 4 4 6 4 1 1 0 3 1 1 1 5 2 2 1 0 3 4 2 0 3 1 1 4 2 0 1 4 2 2 3 2 4 2 2 1 5 3 2 2 3 0 0 0 1 1 2 3 1 1 2 2 0 1 1 3 3 1 2 2 3 3 0 3 1 4 3 2 3 1 3 1 2 2 0 2 0 1 6 0 2 3 1 3 1 1 3 0 1 1 3 1 2 3 1 3 2 3 0 0 2 1 5 2 2 3 2 1 4 3 5 5 1 2 4 1 3 1 4 1 3 1 0 3 1 3 4 2 4 2 2 1 1 2 4 2 1 1 2 5 1 2 3 3 3 4 3 3 0 0 1 1 0 4 2 0 1 1 2 2 2 3 0 0 2 3 0 2 5 1 3 2 1 2 3 1 2 2 2 4 0 3 0 0 1 2 2 3 2 3 2 4 2 3 0 3 1 6 1 2 2 3 2 2 1 1 2 3 6 2 1 1 5 1 2 2 2 2 3 2 1 2 1 4 1 2 0 1 1 1 2 1 5 2 0 2 1 2 1 7 2 1 0 4 4 0 1 2 3 1 0 0 1 1 1 4 1 0 4 1 0 1 2 2 1 2 3 0 1 1 1 2 1 1 3 5 2 0 1 3 1 2 3 3 1 0 4 2 3 2 2 1 1 0 3 3 1 1 1 4 1 0 4 0 1 1 3 0 2 2 2 1 3 2 3 5 2 5 1 3 3 2 1 1 2 0 3 1 0 2 2 1 0 4 1 2 0 2 2 2 2 3 2 1 2 2 3 3 4 0 2 1 2 0 3 3 0 0 3 1 2 0 1 1 3 4 1 3 2 3 0 1 3 2 3 0 2 4 2 2 2 1 0 1 2 0 2 4 2 4 3 1 2 3 2 1 2 3 2 1 3 2 0 4 2 0 2 2 2 1 2 2 1 2 2 0 3 4 0 4 4 3 1 0 2 2 2 0 2 3 4 2 2 3 2 4 2 0 1 1 1 3 3 3 2 1 4 4 3 0 1 1 3 7 1 1 2 2 1 1 1 1 0 7 2 1 0 3 2 4 0 1 3 2 0 3 0 3 2 2 0 1 1 3 1 3 2 3 2 2 0 2 0 2 3 2 3 2 3 1 2 1 2 2 5 3 5 1 2 1 2 3 3 1 2 1 0 3 4 1 1 1 1 4 1 1 5 1 3 0 2 2 0 1 3 1 2 1 3 4 0 1 3 1 4 0 3 0 2 1 1 1 3 3 1 5 2 4 3 2 3 0 3 1 0 0 2 2 0 3 2 0 2 1 0 0 2 2 1 2 3 1 2 5 1 2 3 1 1 4 2 4 4 3 5 2 0 1 1 2 4 3 1 2 0 0 1 2 1 2 1 2 1 1 3 1 1 4 2 2 2 3 2 1 2 2 2 4 3 4 1 0 1 2 2 3 2 1 2 3 1 1 1 1 1 0 2 3 1 4 4 2 2 1 3 1 2 1 1 2 3 0 2 2 1 4 3 3 1 2 0 0 1 1 3 7 2 4 1 0 3 0 0 5 3 2 3 2 1 1 0 2 2 3 0 0 0 2 2 0 5 2 0 1 2 2 3 3 3 2 0 1 3 0 2 4 2 2 3 1 1 2 5 1 5 1 0 1 1 3 1 1 2 2 2 2 3 1 1 1 1 5 1 1 2 3 3 2 0 2 1 3 4 0 2 7 5 0 6 0 2 2 2 1 1 1 3 5 6 2 3 1 3 3 3 1 2 4 1 1 1 3 1 1 4 2 3 2 2 3 2 1 1 0 2 2 1 2 3 2 4 0 1 2 1 3 3 0 2 3 1 1 3 3 4 5 1 3 1 3 3 1 2 1 3 4 2 3 1 3 2 1 3 1 1 1 1 4 2 7 1 0 1 3 2 2 1 3 3 3 2 3 3 2 1 4 5 2 2 0 4 1 0 2 1 0 1 0 4 3 2 2 0 4 2 2 3 3 2 2 0 2 2 1 2 1 4 2 1 1 4 2 5 1 1 1 2 1 2 1 3 3 2 2 4 0 3 0 3 4 2 1 4 1 2 0 3 1 3 1 0 1 1 0 5 3 4 5 2 2 1 2 1 5 2 2 1 3 5 2 1 2 3 3 3 1 1 0 0 3 4 7 2 2 3 2 5 3 3 0 2 2 1 2 1 2 2 2 3 1 2 0 3 4 1 3 1 3 0 1 3 1 5 3 3 3 3 3 1 1 0 3 1 1 3 2 1 5 1 3 0 0 2 3 3 3 1 4 0 1 2 3 3 4 1 2 4 2 3 1 1 2 1 4 3 2 1 2 2 2 2 0 2 2 3 3 0 2 3 1 5 1 0 0 2 1 0 0 3 1 1 3 2 3 3 3 3 3 2 2 1 2 2 0 0 4 2 0 2 1 2 2 2 3 1 4 1 0 0 4 1 1 1 2 2 2 1 0 2 3 2 2 0 3 2 2 2 2 1 2 2 4 1 2 2 3 3 1 0 1 0 1 7 5 1 3 2 2 2 1 2 2 1 1 1 1 3 0 0 2 1 3 4 2 1 2 0 2 3 2 2 4 0 5 1 2 3 2 2 1 0 2 4 0 3 2 0 1 2 1 1 2 2 2 2 1 1 2 0 1 2 4 5 2 3 1 1 0 6 4 2 2 1 1 7 0 1 0 2 1 5 1 1 2 1 2 1 2 4 3 1 2 0 0 5 1 0 2 0 2 1 3 2 2 7 3 2 1 2 1 0 3 3 1 1 1 2 3 3 2 1 2 0 3 3 0 3 2 4 2 3 5 3 2 0 5 1 3 4 0 2 2 0 1 2 1 3 2 0 3 2 2 1 2 3 3 4 2 2 3 2 3 3 3 1 1 2 3 3 1 2 2 2 1 3 1 1 5 1 3 0 4 1 4 1 3 3 2 4 1 4 1 1 1 0 0 2 3 1 1 2 1 2 1 3 6 2 2 1 0 0 2 0 3 3 1 2 3 6 2 4 0 4 4 2 3 2 3 2 1 3 0 5 1 0 2 4 0 2 1 5 2 3 0 0 3 2 0 2 0 1 2 3 1 2 2 0 1 3 0 1 2 1 4 2 1 2 3 3 2 1 5 1 3 2 2 3 1 3 2 3 4 1 1 3 1 1 0 0 1 2 0 3 2 2 2 0 2 1 4 2 1 4 6 1 2 3 0 1 2 3 4 2 0 2 1 2 1 2 1 1 4 2 3 3 2 1 2 1 0 1 0 1 0 1 4 1 3 2 1 1 1 3 0 1 4 0 0 4 3 1 1 1 3 2 3 2 5 4 0 1 2 0 2 1 1 3 2 2 2 3 2 3 1 0 6 2 1 2 1 0 1 1 1 1 1 4 2 3 2 1 7 0 4 4 2 0 2 1 1 0 1 2 3 2 1 3 1 1 1 1 0 1 3 2 4 2 0 1 2 5 1 1 0 5 2 3 1 2 4 3 2 1 4 1 2 1 4 1 1 5 3 4 1 1 0 2 3 3 3 4 1 3 1 2 1 0 1 4 1 1 0 2 4 4 3 2 2 0 1 3 1 1 1 5 1 2 2 3 3 1 2 1 3 3 1 2 1 3 2 3 0 1 1 2 3 3 3 2 1 2 2 4 5 1 2 4 4 1 1 1 0 0 1 1 2 2 4 0 2 1 5 1 3 2 2 0 4 0 3 4 1 0 1 1 2 6 0 3 2 2 2 2 4 0 2 1 4 0 1 0 1 1 2 3 2 2 1 5 1 1 0 1 1 0 2 3 1 6 2 4 4 0 0 1 0 2 4 3 4 2 2 2 3 0 1 2 1 3 2 2 2 0 2 1 3 3 0 2 4 2 1 2 1 1 1 0 4 2 4 2 0 5 2 1 1 0 2 3 2 1 2 1 2 5 0 2 0 4 0 2 4 4 1 2 1 2 1 2 1 0 4 3 3 1 2 0 1 0 3 0 3 3 0 1 1 2 1 6 3 0 2 4 1 3 1 3 1 1 1 3 0 2 0 1 1 3 2 1 3 3 0 4 2 2 2 1 2 2 2 4 0 0 2 3 3 2 1 3 2 3 0 0 1 1 1 4 3 1 1 2 1 0 1 5 4 2 1 3 6 1 2 2 1 1 3 5 0 3 1 5 3 0 1 0 0 2 6 0 2 1 2 1 1 2 1 1 0 2 2 3 2 3 1 2 1 0 2 1 3 3 7 2 1 1 0 5 2 0 1 0 1 3 2 4 1 2 1 0 2 3 3 2 1 0 2 2 2 4 1 1 3 2 2 2 1 1 2 2 5 4 1 1 2 3 1 1 2 2 4 5 5 1 1 2 1 1 2 3 3 4 2 2 2 1 4 2 3 1 5 1 4 7 1 0 0 0 0 2 3 2 2 1 0 7 0 3 1 0 2 2 3 2 1 1 4 1 2 0 1 2 0 1 4 3 3 2 0 0 2 2 2 5 1 3 2 1 1 1 0 4 2 3 1 2 4 1 4 2 3 2 1 2 0 1 2 3 1 1 0 0 2 3 3 3 3 1 0 5 0 2 3 1 2 1 2 3 2 0 2 2 1 2 2 2 1 2 2 1 5 3 3 1 2 0 2 2 3 1 2 2 3 3 2 3 1 1 0 2 1 3 2 0 2 2 2 1 1 5 1 2 0 2 5 4 1 4 1 2 0 1 2 3 3 2 2 3 0 2 0 1 2 2 1 1 0 2 3 3 3 2 2 1 5 1 3 3 4 2 1 1 2 0 1 1 3 2 2 0 1 0 2 3 0 2 2 4 3 0 0 2 3 1 0 3 2 4 1 3 4 6 7 3 4 1 1 1 2 0 2 1 3 1 3 3 2 3 3 0 1 0 4 1 2 2 2 0 3 1 1 1 3 1 1 1 2 4 2 1 3 1 2 1 1 2 0 1 3 5 1 0 1 2 3 1 4 3 1 0 2 2 4 2 3 3 2 0 2 1 2 3 0 2 2 3 0 3 3 1 1 1 1 1 6 5 1 1 3 1 0 0 2 2 2 1 1 2 5 1 2 2 1 2 3 1 3 1 2 4 3 1 0 1 1 1 2 1 3 1 4 1 0 3 0 3 5 2 2 2 1 2 1 1 1 1 1 0 2 4 2 4 4 4 1 1 2 0 1 1 2 2 2 3 3 2 1 1 3 4 3 1 1 1 1 0 4 2 1 1 0 2 2 0 2 1 1 2 4 2 2 0 5 2 1 1 1 4 0 2 1 3 2 2 1 4 2 3 0 1 3 3 1 3 6 1 3 1 2 1 3 2 1 2 5 0 0 2 0 1 5 5 0 4 5 1 1 4 2 2 1 2 4 0 5 0 0 2 0 2 2 6 2 1 2 1 0 0 2 2 1 1 1 1 1 4 5 1 5 1 3 1 1 1 3 2 1 1 3 1 2 2 2 0 3 2 4 2 0 4 1 3 1 3 3 3 1 1 2 4 1 2 4 1 1 2 0 1 1 2 4 1 1 2 5 3 1 2 0 4 2 2 2 2 3 3 2 1 1 0 4 2 2 2 4 2 1 3 2 3 2 3 3 0 1 0 0 5 2 1 4 0 0 2 3 1 1 0 4 3 1 2 3 1 0 3 3 2 3 1 6 5 4 0 2 1 2 5 1 2 0 1 0 2 0 3 1 6 1 0 1 2 1 2 1 2 1 1 3 5 3 0 0 2 2 0 5 3 2 1 1 1 5 1 4 0 0 1 3 3 1 1 3 2 1 2 3 0 0 3 3 2 1 2 2 3 2 3 1 1 3 2 2 3 1 0 1 1 1 0 1 1 2 2 4 4 1 2 1 1 0 3 2 1 3 2 0 1 3 1 1 1 3 1 2 3 1 3 1 1 3 2 2 2 0 1 2 4 2 0 1 2 3 2 1 3 0 3 3 2 1 6 0 2 2 2 3 2 1 1 4 0 3 2 3 1 1 2 4 1 1 0 4 1 3 2 4 1 2 2 4 1 3 2 4 2 2 0 2 1 2 2 1 1 2 1 1 2 2 2 3 3 3 1 0 1 2 3 2 1 1 2 1 6 2 3 1 4 4 3 1 2 2 2 0 3 2 1 3 2 1 0 2 1 1 1 5 2 0 2 1 2 0 5 2 2 2 2 2 1 1 2 1 3 0 3 1 2 5 3 0 1 0 2 1 0 2 3 0 5 0 1 2 3 0 1 4 3 2 1 3 3 1 2 3 2 2 3 1 0 0 0 3 1 2 1 1 0 3 1 1 1 3 3 1 1 4 1 2 0 2 1 2 5 3 2 1 3 4 0 2 1 1 4 3 2 1 3 0 5 3 1 0 2 3 2 3 6 0 1 5 4 3 4 2 1 1 2 3 2 0 1 3 0 4 0 1 1 2 1 0 2 1 5 3 2 3 2 3 1 0 2 1 2 6 0 2 3 2 2 3 1 2 6 1 2 5 1 2 2 1 2 3 3 1 2 4 1 1 2 2 3 7 1 3 0 5 1 1 2 1 3 1 1 2 1 1 3 2 6 2 0 1 3 3 2 3 5 2 2 2 4 0 0 1 1 2 1 1 1 0 1 0 2 4 2 4 2 2 0 1 4 2 5 0 3 0 0 2 3 1 2 0 3 1 4 1 2 1 3 2 3 2 3 1 1 4 2 1 0 2 2 4 2 3 1 0 4 5 4 1 1 1 1 4 2 3 0 4 2 5 3 2 3 0 2 5 1 0 1 3 3 1 5 0 1 3 2 1 1 1 1 2 3 2 3 4 1 1 5 3 2 2 3 0 2 4 0 0 4 1 2 3 4 1 2 1 3 1 1 2 1 2 2 3 0 3 2 1 0 1 4 2 0 4 4 1 1 4 0 2 1 3 2 0 0 3 1 0 5 1 1 3 1 1 1 0 3 3 1 3 3 6 0 1 3 4 1 2 2 2 3 0 2 2 2 0 2 3 1 2 1 2 3 0 0 2 3 1 4 1 2 4 0 1 2 4 3 0 1 3 2 2 5 1 2 1 1 3 0 2 1 4 3 1 0 2 1 3 0 1 2 2 5 2 1 2 1 1 0 3 5 0 3 1 3 3 0 2 1 1 1 0 6 2 5 4 3 1 2 1 2 0 3 2 0 1 2 2 0 4 3 0 2 2 4 3 0 3 5 2 2 2 2 3 3 2 2 3 0 3 2 0 0 3 3 2 2 2 0 1 0 3 1 2 3 1 3 5 2 1 2 0 0 2 1 4 2 1 2 2 4 0 2 3 2 5 2 2 1 5 2 1 3 2 1 1 2 4 2 0 4 1 1 2 1 4 3 3 1 1 2 3 1 1 3 1 2 3 2 2 2 0 4 1 2 2 2 3 0 2 0 1 3 3 0 3 0 2 2 0 2 3 4 1 4 0 0 2 5 3 2 1 1 1 3 0 2 5 2 6 2 2 0 1 3 1 2 1 3 2 1 2 3 1 3 1 1 3 1 1 2 0 4 0 3 1 4 4 1 4 2 1 3 1 0 2 4 1 4 2 1 3 3 1 1 1 3 1 3 1 2 4 3 3 0 3 3 1 3 1 1 5 2 2 0 3 5 0 3 2 2 1 4 4 1 5 1 3 2 1 5 2 1 4 2 1 1 2 4 2 1 2 2 3 0 3 1 1 0 3 1 3 2 4 1 4 3 1 2 0 1 4 5 0 1 1 3 1 0 0 3 2 4 1 0 1 2 1 3 2 2 0 3 3 3 1 1 1 1 2 2 1 2 2 2 3 2 2 2 1 0 0 3 2 2 1 1 2 3 1 0 2 0 1 0 2 1 4 3 1 2 2 3 2 2 5 1 2 3 3 3 1 0 0 3 3 4 1 4 3 3 0 2 0 1 1 1 1 3 2 3 0 3 1 2 4 4 1 3 0 2 1 3 1 3 0 4 1 1 1 2 5 0 0 3 4 3 2 0 2 0 1 2 2 7 1 3 2 3 3 2 1 1 0 1 1 1 0 2 2 1 0 2 3 3 2 2 4 1 1 0 4 2 2 1 3 1 1 0 4 2 1 1 1 4 5 3 0 1 2 3 1 3 5 1 2 4 1 1 2 1 1 2 2 2 2 0 0 0 0 3 2 4 7 1 0 4 2 0 2 1 0 4 2 1 2 5 1 3 2 2 2 0 3 4 1 2 5 2 1 3 3 2 0 2 3 0 3 2 2 3 3 0 1 0 1 2 3 4 2 2 3 3 3 0 2 2 1 0 2 0 4 2 2 2 2 4 4 3 1 3 1 1 5 5 1 1 0 0 2 3 2 1 2 5 5 2 4 0 1 2 1 0 2 1 1 1 2 3 2 0 2 1 2 2 1 1 3 1 1 2 0 1 1 7 3 2 2 1 1 2 2 2 4 2 3 0 2 1 1 1 1 4 1 2 1 3 1 2 3 3 2 1 1 1 2 4 6 1 1 3 3 3 0 1 2 0 2 4 1 1 1 1 1 1 3 2 1 2 3 2 1 2 0 3 2 2 0 1 1 1 5 4 2 1 2 1 2 1 0 1 0 2 2 1 2 2 3 2 1 0 2 2 0 5 2 2 2 2 1 1 3 2 2 0 1 1 5 2 1 2 1 2 0 2 1 2 4 3 1 1 1 1 4 2 1 1 3 2 0 3 1 1 1 0 7 2 1 1 2 3 2 1 1 3 2 3 2 2 5 0 3 3 3 0 2 2 2 3 4 2 1 2 0 2 3 0 1 2 1 0 4 1 1 2 2 5 2 1 3 2 2 2 1 1 3 1 0 4 1 4 3 2 2 0 1 3 5 0 1 4 1 3 2 1 0 3 0 0 3 4 2 2 0 2 3 1 4 3 1 0 3 4 4 1 1 4 0 3 2 3 0 1 1 2 3 5 2 1 4 1 3 2 2 2 1 1 2 4 3 0 3 3 1 0 1 1 2 2 0 1 3 2 3 0 2 5 0 1 1 5 2 4 2 1 3 4 3 2 3 1 1 0 0 6 2 2 1 3 2 0 2 0 0 1 3 2 3 1 4 0 2 4 1 2 1 2 0 2 0 5 1 2 3 3 0 3 3 5 2 1 2 1 2 1 3 1 4 3 2 2 1 3 0 4 2 2 3 0 2 2 0 1 5 1 2 1 2 0 4 4 0 2 2 3 3 0 0 2 4 0 2 1 2 3 1 0 0 2 0 1 2 3 3 1 1 4 0 0 2 1 3 0 3 2 1 3 0 1 3 1 2 1 0 1 2 3 4 2 1 2 3 1 2 0 2 4 4 3 3 1 1 1 0 1 4 4 1 1 1 1 4 3 4 3 2 2 1 0 1 4 0 1 1 1 5 0 6 1 2 2 2 1 3 0 1 2 1 3 2 1 2 2 3 2 3 3 1 2 1 0 2 3 2 1 2 1 4 0 2 4 1 3 1 0 6 1 1 1 3 0 1 1 2 3 2 3 1 3 2 2 0 1 0 0 3 2 1 3 2 2 2 1 6 0 1 2 2 0 1 1 1 0 2 1 0 3 4 2 1 7 2 0 3 1 0 0 1 2 2 2 4 2 2 3 0 1 1 2 1 2 2 0 0 4 4 1 1 2 1 2 5 1 3 3 1 0 3 0 2 2 7 2 3 1 3 0 2 2 2 2 3 4 6 1 2 1 2 1 1 5 3 2 1 3 1 5 1 2 0 3 3 1 2 2 3 3 4 2 3 0 2 1 2 3 3 2 2 1 3 2 1 1 2 2 1 3 3 1 4 1 3 1 2 2 3 2 1 0 3 1 2 4 0 0 1 6 6 0 3 4 1 2 3 2 2 1 0 1 2 5 2 2 1 2 1 4 1 3 0 0 1 2 4 0 6 0 1 2 0 0 1 4 2 4 1 1 0 1 1 3 0 2 1 5 4 1 2 3 3 1 1 3 0 6 3 2 2 1 6 0 2 2 0 1 1 3 2 0 1 0 1 1 3 1 1 2 2 3 1 3 1 3 4 1 1 4 3 1 1 1 1 1 1 2 4 2 1 1 2 2 2 3 1 1 3 1 1 0 1 1 1 1 0 2 1 2 0 2 5 5 3 1 2 1 4 2 1 4 2 2 3 3 5 2 0 2 2 3 2 0 4 3 5 1 2 2 1 0 2 0 1 1 3 2 2 2 1 0 3 7 1 0 3 4 1 2 1 5 2 2 1 1 2 0 1 3 1 1 0 1 3 4 2 3 0 3 1 2 2 0 4 2 0 2 3 1 3 1 0 1 2 4 2 1 4 4 1 1 1 5 2 0 2 1 1 3 4 2 2 2 1 2 4 2 3 1 0 0 4 0 3 2 2 3 0 2 3 3 2 4 2 1 4 1 0 1 1 0 4 2 2 3 2 3 3 1 2 4 2 2 2 2 0 3 1 5 1 2 7 1 3 2 3 4 1 3 1 2 5 4 2 3 4 1 0 1 5 3 1 2 4 3 2 0 2 2 1 1 1 3 2 4 2 4 2 1 1 1 2 1 1 0 1 1 2 0 2 2 4 2 3 1 4 1 0 1 2 2 4 1 2 3 0 1 7 2 1 2 2 1 3 1 0 2 1 1 3 2 3 0 0 2 2 1 2 3 0 2 5 1 2 0 0 2 2 4 3 2 3 1 5 2 3 1 2 5 3 0 1 2 0 2 1 2 2 1 2 4 3 0 2 3 4 2 1 1 1 2 2 3 1 2 2 2 2 2 2 0 3 0 2 2 1 3 1 2 4 1 2 1 2 0 2 3 3 4 1 1 0 0 2 1 3 2 2 1 3 3 1 1 2 0 2 3 1 1 0 1 3 1 1 4 2 0 2 1 5 2 1 1 2 4 2 3 1 0 1 2 4 2 1 1 3 2 2 1 0 7 2 4 1 2 0 1 1 1 2 4 5 1 2 1 1 3 0 0 2 2 2 3 2 3 4 0 0 1 1 2 0 3 4 1 3 3 3 1 0 2 0 5 2 2 2 7 2 3 0 2 1 4 0 3 3 4 3 2 1 4 0 3 3 1 3 1 2 3 0 3 2 3 3 2 3 1 1 2 1 2 2 1 1 0 4 1 1 1 0 2 0 1 1 0 3 2 2 1 3 4 2 2 2 2 0 4 0 2 0 3 4 1 2 2 3 4 2 1 1 2 3 2 2 3 2 1 1 0 1 3 1 0 4 1 1 3 3 3 1 1 2 1 2 2 0 2 2 2 2 5 3 2 2 3 2 4 1 2 1 2 5 1 3 2 2 2 1 2 1 5 1 4 1 1 2 2 0 3 4 3 0 2 5 1 2 1 2 0 3 3 2 5 0 2 1 1 2 1 1 1 4 4 1 2 1 3 2 2 2 1 0 3 1 2 3 1 2 3 4 0 3 0 2 2 1 6 3 2 1 3 1 0 0 1 3 2 4 3 2 3 3 1 1 4 2 0 1 2 4 1 3 3 2 0 2 3 2 2 2 2 3 2 4 1 2 2 3 2 3 3 1 1 1 1 6 3 6 1 0 1 0 0 4 1 4 0 4 2 1 4 3 1 1 3 1 1 3 2 3 2 2 1 2 1 1 0 1 3 2 0 1 2 5 0 4 1 0 1 3 0 1 3 0 2 1 1 5 0 0 2 3 4 6 3 1 0 2 1 2 2 3 1 4 4 2 1 3 1 2 6 3 0 4 2 1 2 1 0 2 3 2 3 3 3 1 1 4 3 3 1 0 1 1 0 2 1 2 5 5 4 2 2 2 1 2 3 1 2 1 0 2 5 2 2 1 0 1 2 1 3 3 3 2 0 3 1 0 3 0 0 2 2 2 0 0 3 2 1 3 2 3 1 3 1 3 0 1 2 2 2 3 2 1 2 1 3 0 1 2 5 4 0 1 2 1 3 1 1 2 5 5 1 1 0 3 3 2 3 2 3 2 4 3 2 1 4 5 2 3 1 1 2 4 2 1 2 0 4 1 4 1 2 2 2 1 4 2 3 2 0 2 0 0 2 0 4 1 0 2 4 1 2 1 0 2 1 3 4 1 1 0 0 3 1 3 2 4 1 3 3 2 2 2 3 1 1 3 2 1 3 1 2 2 4 4 2 2 4 1 0 0 3 2 2 0 1 5 0 1 2 3 2 0 3 2 2 1 2 2 2 0 0 1 3 2 1 2 2 0 2 7 1 0 2 0 1 2 1 3 4 2 0 2 0 2 3 4 4 3 1 4 4 0 1 4 3 4 3 4 0 1 2 1 5 2 2 1 3 3 2 2 1 2 2 1 2 0 3 2 4 1 1 3 2 0 0 0 5 2 4 0 2 0 3 1 1 3 1 4 1 3 2 2 1 2 2 3 1 3 2 1 1 4 1 1 4 2 1 1 2 1 0 3 1 1 4 4 0 2 2 3 2 2 1 4 0 0 1 2 1 1 2 1 4 1 4 1 0 3 2 3 3 1 1 1 0 2 2 2 3 5 3 1 1 1 3 1 2 3 0 2 1 0 2 3 2 4 3 4 3 3 0 2 2 1 3 2 0 3 1 3 6 2 4 2 1 4 3 3 1 3 3 0 0 3 1 2 2 2 2 3 2 0 3 2 2 0 2 1 1 0 0 4 4 2 1 6 2 1 1 4 2 3 1 0 0 0 1 3 1 4 2 0 2 1 1 1 1 2 4 0 1 1 0 5 4 0 1 0 3 3 2 1 1 1 1 1 1 1 3 3 3 1 2 4 2 1 0 3 1 3 2 3 2 1 2 3 1 2 6 2 1 1 2 1 2 1 2 2 5 2 3 2 4 5 1 2 1 3 2 3 2 1 3 3 1 2 2 1 1 2 1 1 6 5 5 2 2 0 3 1 1 3 1 1 4 1 1 1 1 4 0 1 4 1 3 1 2 4 0 3 2 2 1 1 5 3 2 1 1 0 0 3 2 2 3 2 5 1 2 2 1 6 4 4 3 0 4 0 1 1 1 3 0 2 1 1 1 3 2 2 3 2 1 2 1 3 4 1 0 0 3 1 3 2 3 1 2 1 0 3 2 3 3 2 4 2 2 2 2 1 0 1 3 1 3 3 3 1 3 3 0 0 2 2 2 1 4 1 2 4 1 2 3 0 1 3 0 0 1 2 3 0 3 2 4 3 0 1 2 3 1 0 4 1 2 4 5 4 2 1 2 1 2 4 3 1 0 4 1 2 1 1 3 3 3 4 1 1 0 1 3 0 1 2 2 0 1 1 2 3 2 0 2 2 2 3 7 2 1 1 1 0 3 1 1 3 1 5 2 2 2 0 3 2 4 2 2 2 2 2 1 1 4 0 3 1 1 0 1 2 3 3 2 2 2 1 1 2 1 2 5 0 4 5 0 1 3 4 1 4 2 1 0 5 2 1 1 1 3 1 0 2 6 2 2 2 1 1 2 1 1 0 1 0 3 2 3 3 2 3 2 1 2 2 0 0 1 3 1 3 2 2 4 2 1 1 2 3 4 1 0 2 4 4 3 2 1 0 1 1 4 3 2 2 0 2 3 5 1 1 2 1 0 1 1 2 2 2 2 2 1 3 2 2 3 0 0 1 1 1 2 2 3 2 2 2 1 5 3 1 1 4 2 4 2 2 3 2 3 1 3 3 1 3 1 3 0 2 3 1 2 3 3 0 2 1 1 3 2 3 2 1 1 1 5 0 4 0 2 3 1 1 6 3 0 3 2 0 2 2 4 1 1 0 5 2 1 3 2 4 2 2 4 0 2 3 1 1 2 1 5 1 4 3 3 6 0 0 0 2 0 1 5 3 2 2 0 2 2 2 3 3 2 1 5 3 1 0 2 1 3 2 2 3 2 0 3 1 2 0 0 1 2 1 5 1 0 1 3 4 2 1 4 1 2 2 4 2 5 1 5 0 1 2 2 1 2 3 4 1 1 2 3 2 1 2 0 1 3 3 1 3 1 1 2 1 1 4 1 3 3 0 3 1 1 3 3 2 2 3 0 4 1 2 1 2 2 2 5 2 4 0 3 1 3 2 0 1 0 1 5 3 0 1 2 1 2 4 2 1 1 1 4 1 3 2 0 4 3 1 2 1 3 1 5 1 5 0 2 1 3 1 2 0 0 1 1 1 1 0 2 1 4 4 4 3 0 3 2 2 3 2 1 5 3 4 1 2 1 3 2 2 4 0 3 1 1 3 2 2 1 3 0 1 0 3 2 4 3 0 4 3 2 3 0 1 2 0 2 0 1 3 0 3 2 1 1 2 2 3 1 1 2 1 1 3 2 2 1 1 0 3 1 2 4 4 2 4 4 1 0 2 4 1 0 4 1 2 3 5 2 2 2 3 1 4 1 2 1 1 4 1 1 2 0 0 2 1 2 0 2 2 1 1 4 2 2 0 2 1 1 1 2 3 3 4 1 2 0 3 3 3 3 2 1 1 2 2 4 1 0 2 3 1 1 4 1 2 3 2 1 1 2 1 1 2 4 2 2 3 2 2 2 2 1 2 2 1 3 1 1 3 0 2 3 4 3 3 4 5 2 0 1 1 1 3 0 2 1 4 2 1 1 0 1 1 4 3 2 2 1 2 3 2 0 4 2 2 3 3 0 2 0 3 1 2 0 2 1 3 1 2 3 1 2 1 2 0 2 2 4 2 2 2 2 2 1 1 2 2 1 0 2 0 5 2 1 4 3 1 3 1 1 4 3 1 2 4 1 1 0 5 0 1 1 1 0 3 0 4 4 1 2 3 1 2 2 0 2 2 0 7 0 2 3 3 3 2 3 1 0 1 3 3 2 3 2 1 1 3 2 1 1 0 0 0 3 0 6 1 3 1 4 3 2 3 1 2 4 2 0 3 1 3 2 2 5 2 4 0 0 1 2 1 3 2 3 0 1 1 0 1 3 2 0 1 6 1 4 1 2 4 3 2 2 2 2 0 2 1 2 4 1 1 2 3 2 1 1 2 1 3 2 3 0 3 4 3 2 3 2 1 2 2 0 4 2 3 2 1 3 1 3 2 2 2 2 0 2 2 1 3 1 2 1 1 2 5 2 2 2 4 1 1 3 1 1 0 0 0 2 3 1 2 1 2 2 3 0 3 1 1 5 1 1 3 1 1 3 5 2 4 3 0 2 3 2 3 0 1 2 3 2 3 0 2 1 1 4 1 1 4 1 2 3 2 4 6 2 1 0 2 1 0 0 1 4 4 1 2 4 3 3 1 3 2 2 2 1 0 1 5 4 0 0 1 1 2 3 4 2 0 5 1 0 3 3 0 1 3 4 1 1 0 2 0 2 3 2 2 1 0 1 3 3 4 2 3 3 1 0 4 4 1 3 2 2 4 3 0 2 1 2 2 1 2 1 2 1 4 1 3 2 2 2 2 1 5 1 0 3 1 3 2 1 1 2 2 4 3 3 0 2 3 2 3 1 3 6 3 3 3 0 1 0 1 3 3 1 4 4 2 0 0 0 2 0 0 4 0 0 3 2 3 1 3 1 4 0 1 3 1 0 2 1 1 3 1 1 3 0 1 0 4 3 6 3 2 2 2 4 2 2 2 2 3 0 5 1 0 3 1 1 2 3 0 2 2 0 1 2 3 1 1 2 2 2 3 0 1 1 1 0 3 4 0 1 1 1 0 2 1 4 0 2 2 2 4 4 2 1 5 1 2 4 0 6 2 3 2 1 1 2 1 1 3 1 1 0 2 4 1 3 3 3 2 1 1 2 5 3 2 1 4 2 0 1 3 1 1 1 3 0 3 3 3 2 1 6 7 0 0 7 0 3 2 1 1 4 1 3 1 3 2 2 1 3 3 2 3 0 2 3 1 2 2 4 0 1 0 1 2 1 6 2 4 2 3 1 0 1 1 2 3 0 5 7 2 3 2 2 3 3 3 1 1 0 5 0 2 1 3 1 2 2 1 4 2 3 0 3 1 3 0 2 1 1 3 4 4 2 0 1 2 0 1 1 0 2 1 0 6 1 2 1 3 2 0 0 1 3 1 0 5 5 0 3 3 2 1 3 1 1 1 1 4 4 2 0 2 1 2 2 1 4 2 3 2 1 3 0 1 1 0 2 1 1 2 3 1 3 1 4 1 2 0 0 1 2 0 1 0 1 5 4 4 0 2 2 1 1 3 0 4 2 0 1 1 1 1 3 2 1 1 2 1 2 2 2 1 2 1 1 1 0 0 0 2 2 4 2 1 0 2 2 1 4 6 0 3 2 1 1 2 2 5 3 3 1 1 0 1 0 0 2 3 1 1 4 1 3 3 2 3 2 0 3 1 5 2 0 4 5 0 1 2 1 1 1 2 2 1 0 0 4 3 1 1 1 2 1 5 1 2 0 2 2 0 2 3 1 2 2 3 3 1 1 1 1 2 5 1 4 3 4 1 1 1 0 2 2 4 1 1 1 7 1 4 6 1 3 0 2 3 1 1 0 2 0 3 2 1 3 1 0 3 4 2 1 2 1 0 1 0 1 1 4 2 2 2 1 2 2 2 4 3 3 1 0 2 0 4 2 0 2 1 2 1 3 2 1 2 4 5 2 1 3 1 2 1 1 2 2 1 2 3 2 0 2 1 2 0 5 0 1 1 3 1 1 2 2 0 2 5 4 2 2 1 3 0 1 3 4 4 2 5 0 1 2 4 3 1 1 1 0 1 5 1 2 2 1 2 5 3 2 2 1 4 2 1 2 5 3 1 3 2 2 1 3 3 1 1 3 1 3 5 3 0 1 0 0 3 1 5 1 3 3 3 1 2 1 3 3 2 2 0 1 2 2 0 1 3 2 3 2 5 2 4 4 2 3 2 1 2 1 2 3 2 4 4 3 3 1 0 0 3 0 2 0 1 1 3 4 0 0 0 0 0 1 3 3 3 3 1 5 0 0 2 2 2 3 2 1 3 2 3 1 2 2 2 3 0 1 2 3 1 1 0 2 1 1 5 2 4 3 4 1 1 1 1 0 6 4 2 3 2 1 1 2 5 2 4 4 4 2 2 1 2 1 3 2 0 0 2 3 1 3 0 1 0 3 1 2 2 4 2 1 1 3 3 2 3 2 3 1 0 0 3 0 5 0 4 3 5 2 2 1 2 2 4 1 1 3 2 2 2 1 2 4 2 0 2 0 4 3 3 1 3 3 1 0 2 2 1 0 1 1 2 3 3 3 2 1 1 4 3 2 4 0 0 1 3 2 0 7 3 2 1 2 2 4 2 2 5 4 1 3 2 0 2 3 2 1 2 3 3 1 0 0 2 0 2 1 1 3 2 4 5 2 1 3 2 3 2 2 3 0 1 2 3 2 3 3 3 3 3 5 2 1 1 1 1 1 2 3 1 2 0 4 1 5 2 2 3 2 0 2 1 1 2 3 1 3 1 2 2 2 2 4 2 1 0 2 3 4 2 3 1 2 2 3 0 3 1 2 4 2 0 1 4 1 3 2 1 1 4 1 2 3 1 1 3 2 1 3 4 1 0 1 2 3 2 1 0 2 2 3 4 2 0 4 1 0 1 1 4 3 2 3 1 2 0 1 0 1 0 4 3 1 2 3 1 4 4 0 1 1 0 3 1 2 1 2 3 2 0 5 0 2 5 2 0 3 1 2 3 3 2 4 2 0 1 0 3 2 1 2 0 2 3 4 3 0 0 1 3 1 5 1 2 0 3 2 3 0 2 0 3 2 4 1 1 1 3 1 5 3 2 1 1 3 2 3 1 3 4 0 2 1 0 0 4 4 1 1 2 3 1 1 1 1 1 2 3 2 2 0 1 4 2 1 0 2 3 1 1 2 1 2 0 3 2 0 3 6 0 3 0 0 3 0 1 6 2 5 2 2 2 2 3 1 1 0 1 2 2 0 1 2 1 3 2 6 5 1 1 2 1 3 5 1 2 0 0 3 1 3 1 1 1 2 2 2 2 2 4 0 0 0 2 1 5 1 2 0 4 3 4 3 0 1 3 1 1 1 2 2 3 3 3 5 1 2 2 3 2 0 2 2 2 5 0 1 1 5 1 2 1 1 3 0 2 2 6 2 0 2 2 2 0 5 2 2 3 2 2 2 1 1 1 2 2 1 4 4 4 1 1 1 1 0 1 3 1 2 4 0 5 2 2 2 2 3 3 1 0 1 1 1 0 1 2 2 2 4 2 2 0 2 5 1 2 3 3 0 1 4 3 0 0 3 4 2 1 3 4 1 2 1 1 2 0 1 4 4 1 2 2 0 3 1 3 3 0 2 0 3 3 3 3 1 3 4 3 2 4 0 0 2 1 3 2 1 2 3 2 3 2 4 2 1 2 1 1 3 2 0 3 2 1 1 2 5 0 1 1 3 0 1 4 4 1 2 6 1 1 0 2 4 3 0 3 0 1 4 3 0 1 3 2 3 3 2 0 4 4 2 1 2 1 1 2 0 0 3 2 1 3 3 2 2 2 0 2 2 1 1 1 1 2 3 2 3 5 0 2 3 1 1 1 2 2 1 2 2 1 5 1 3 2 2 4 0 2 4 0 5 1 3 1 1 3 3 1 2 3 1 1 5 0 4 1 0 2 4 0 0 3 0 4 0 0 1 2 5 0 1 3 2 5 3 2 1 2 1 0 0 2 3 1 6 0 1 3 1 1 3 1 1 4 2 0 1 0 2 2 2 1 3 1 1 3 0 0 2 2 2 2 0 3 5 1 3 0 2 1 2 2 0 1 4 1 3 4 2 2 1 4 0 4 1 1 3 4 0 0 1 0 1 3 3 2 2 6 0 4 3 6 1 0 0 1 1 4 2 1 6 3 1 0 3 1 1 4 3 1 0 2 3 0 3 3 5 0 0 2 2 3 0 2 1 0 2 0 4 3 3 0 1 1 3 1 2 0 2 2 4 3 0 3 3 0 2 2 2 2 0 1 1 4 3 2 3 1 1 2 1 1 1 5 3 1 2 3 1 2 2 1 5 4 2 1 1 6 1 1 3 2 1 3 2 1 2 0 2 3 2 1 2 4 5 5 1 1 0 4 1 2 0 2 2 2 0 4 3 2 1 0 3 1 2 2 3 2 2 3 0 4 2 6 5 0 3 1 2 2 0 0 1 3 1 4 0 4 4 2 2 1 2 1 1 5 0 5 1 1 3 2 1 0 1 2 2 3 2 2 1 2 2 2 2 2 3 0 2 2 5 2 2 0 0 2 0 1 2 3 4 2 3 4 2 1 0 3 4 3 3 4 0 1 2 3 3 1 3 1 2 1 2 1 3 1 2 4 3 3 2 0 3 4 1 4 0 2 1 2 3 2 4 4 2 2 1 0 3 2 1 4 3 1 2 1 1 3 3 1 3 3 0 0 2 1 3 0 3 4 3 1 1 0 3 0 3 5 4 1 3 3 0 2 3 0 1 4 2 1 1 0 3 3 0 0 1 1 1 5 1 2 2 1 1 6 2 2 1 1 1 1 0 1 5 5 3 1 2 3 3 1 1 1 2 1 2 2 2 4 3 0 2 3 1 3 1 2 4 2 1 5 2 1 3 2 2 0 1 1 1 4 1 3 2 3 1 4 0 2 3 1 2 3 0 1 1 0 2 0 1 2 3 2 2 4 3 1 2 2 6 1 2 2 0 1 0 1 1 1 1 3 1 1 2 3 0 2 2 0 2 3 2 2 3 1 2 4 3 1 3 1 1 0 1 2 3 1 2 2 0 0 2 2 1 1 0 1 6 3 1 3 2 2 1 1 0 3 4 3 1 2 2 3 3 5 1 0 3 2 2 3 1 1 1 3 3 3 4 1 1 4 3 3 2 2 3 2 1 1 2 2 1 0 2 2 1 1 2 2 4 4 1 1 3 0 1 0 0 2 1 2 1 4 0 4 1 1 1 0 2 3 1 1 2 0 3 1 2 0 5 3 2 1 1 3 3 2 4 2 2 2 4 3 2 1 0 2 1 1 2 3 0 0 0 1 4 3 4 1 5 2 5 4 1 2 2 1 1 2 2 3 1 1 2 2 3 4 1 3 2 1 1 0 3 2 2 2 5 2 2 0 3 4 3 1 0 3 2 2 1 2 3 2 3 1 2 5 2 2 1 3 5 1 0 0 2 4 3 1 1 2 0 2 1 0 3 3 0 1 1 3 4 1 1 2 2 1 1 1 2 2 1 4 0 3 0 3 2 4 4 2 2 1 1 2 3 5 0 1 1 1 2 1 2 3 1 1 4 3 3 0 2 2 4 1 4 2 0 1 0 1 1 2 0 2 4 1 1 2 3 2 3 1 1 3 5 3 0 1 3 1 0 3 1 2 3 1 0 5 0 0 2 0 2 0 2 1 3 1 3 0 1 2 2 4 1 1 1 1 2 0 1 2 3 1 3 3 3 1 1 2 0 1 1 2 5 1 5 3 0 0 2 2 3 0 2 2 1 1 5 4 0 1 2 0 2 2 1 2 2 0 1 5 2 2 0 1 4 2 2 2 3 1 1 2 3 1 3 3 3 5 0 2 1 3 2 2 3 4 2 0 2 5 1 2 4 3 3 3 1 0 2 3 1 3 1 1 3 3 1 1 1 3 2 2 1 2 0 2 1 5 2 1 2 1 1 3 2 1 2 2 0 2 1 3 2 1 0 4 2 1 2 4 2 4 1 2 3 5 1 3 5 2 2 2 0 0 2 0 4 2 3 3 1 1 3 1 3 0 0 2 1 2 2 1 1 1 4 4 3 2 3 0 0 3 1 1 3 4 4 4 1 2 2 1 3 2 2 2 1 1 2 4 4 2 2 1 0 3 4 3 1 1 2 2 4 3 0 1 3 1 0 1 1 3 4 0 3 1 0 2 2 2 5 2 4 1 2 4 0 0 1 2 1 1 1 4 0 1 3 2 2 3 3 1 1 3 0 3 1 2 3 2 1 2 3 0 0 2 2 3 1 4 2 3 2 0 2 3 2 0 0 2 1 1 2 3 3 0 1 2 0 0 3 0 0 4 1 2 3 2 4 2 3 2 0 2 2 3 1 2 6 2 1 1 0 4 2 0 1 4 1 1 3 2 2 3 3 2 1 3 0 3 1 3 2 0 3 2 3 3 3 1 1 4 2 7 0 0 3 2 1 0 5 4 1 3 1 2 1 1 1 3 3 1 1 2 2 5 2 0 3 4 1 1 2 1 1 4 2 1 1 1 2 3 2 1 3 3 1 3 3 4 1 1 3 2 1 2 0 2 5 5 3 1 3 2 2 3 0 2 1 2 0 1 2 1 0 1 1 1 4 3 2 3 2 0 1 1 0 1 2 2 3 2 2 3 4 2 1 2 0 1 2 4 0 1 1 2 1 4 2 1 0 2 2 1 2 0 3 0 2 0 4 1 2 0 2 1 1 2 2 1 4 2 1 3 0 2 1 2 1 2 0 3 4 2 5 3 1 3 4 2 1 2 3 3 1 3 2 2 1 2 5 2 2 0 1 1 1 0 0 1 4 3 1 2 6 3 1 2 0 3 0 4 1 2 2 4 2 3 2 1 1 3 2 3 3 1 2 2 1 2 0 2 0 1 1 2 4 2 3 0 3 2 3 3 3 2 1 1 1 4 4 3 0 1 5 1 0 5 1 1 3 2 2 5 1 1 3 2 1 3 1 2 5 2 2 0 2 1 2 4 3 2 2 4 2 1 0 0 1 4 5 0 2 3 1 2 1 1 0 5 1 2 2 1 0 5 1 4 1 1 3 3 0 1 4 1 0 1 2 5 3 1 3 5 0 0 3 0 2 3 3 2 0 2 2 2 1 2 1 3 0 1 3 2 1 1 2 2 1 1 1 2 2 4 3 2 0 2 2 4 2 2 2 2 3 1 3 2 3 3 1 0 4 3 2 0 1 1 2 2 4 2 5 2 2 1 1 3 1 4 3 1 2 0 0 5 3 3 2 0 1 2 0 4 1 2 1 1 4 2 2 2 0 0 1 4 2 1 1 2 0 2 4 2 1 2 0 1 1 5 1 2 2 2 0 3 5 0 3 2 0 4 4 0 2 1 2 2 0 0 0 1 2 2 1 2 0 1 4 2 1 1 4 4 2 2 1 1 1 0 2 1 3 4 0 2 4 4 1 1 2 3 2 1 2 0 3 3 5 4 3 0 1 0 4 3 0 3 0 2 4 0 1 3 0 2 3 1 3 2 1 2 4 1 3 3 2 3 1 2 1 2 0 1 2 3 2 6 0 2 3 3 3 1 3 0 3 2 0 2 0 3 4 2 1 4 0 2 2 2 1 2 1 1 0 1 4 2 1 0 3 1 1 1 0 2 2 2 1 3 3 0 0 1 2 2 1 2 2 2 1 2 4 2 2 2 2 1 1 1 3 3 2 2 0 2 0 2 4 0 1 2 1 1 3 4 3 0 2 2 0 1 2 2 2 4 0 3 2 1 2 4 2 2 2 0 2 4 0 2 1 2 1 3 4 3 0 1 7 2 2 3 1 2 1 1 0 4 1 2 0 2 2 0 1 2 1 1 4 4 3 4 1 1 2 0 3 2 2 4 4 1 2 1 4 3 5 1 1 1 2 2 4 3 6 1 4 2 3 3 3 2 1 0 1 4 2 1 1 3 3 1 3 3 1 1 2 2 2 2 2 3 2 4 0 3 1 3 6 2 2 3 0 2 2 0 1 2 0 0 2 1 3 2 1 4 4 3 1 3 3 3 1 1 1 2 0 2 1 2 0 3 3 2 3 1 4 1 2 4 4 3 0 0 3 3 2 1 2 3 2 2 3 5 3 3 2 2 3 1 2 2 3 1 2 3 1 1 0 1 2 2 2 1 0 1 1 2 5 1 3 3 0 2 0 1 0 0 5 1 0 1 1 2 1 0 3 1 2 4 2 2 2 1 2 3 3 1 0 0 2 2 2 3 3 4 3 0 3 3 0 4 3 2 4 3 5 2 2 0 2 3 3 4 2 1 1 3 6 1 2 3 1 0 2 4 2 3 1 5 2 3 4 2 0 1 2 5 3 1 1 1 1 1 4 3 3 4 3 1 3 0 2 2 4 0 0 3 1 5 2 0 6 0 2 6 0 2 2 1 0 3 3 0 2 2 3 3 3 1 5 2 3 4 3 3 4 2 4 2 2 0 2 0 2 1 4 5 4 2 3 2 0 3 1 3 2 3 0 2 2 1 3 5 1 0 4 2 0 1 3 1 2 2 2 3 3 2 1 1 3 2 2 1 1 3 6 3 0 2 2 1 1 7 1 4 3 3 3 1 4 2 1 1 0 1 4 1 2 0 5 1 2 2 3 2 2 1 0 2 0 2 2 3 3 1 3 3 3 2 3 2 1 0 1 1 2 2 0 4 1 0 2 2 1 3 2 2 2 2 0 2 1 3 4 1 2 2 0 2 1 2 0 4 3 0 3 2 2 0 2 3 1 1 1 4 0 1 1 2 3 2 4 4 2 2 2 4 4 2 0 2 1 4 2 3 1 3 3 3 0 4 3 4 2 2 2 0 3 1 2 5 3 4 1 3 2 4 4 4 6 1 1 1 2 3 1 2 4 2 1 3 0 2 0 4 0 2 1 2 0 1 6 1 1 0 3 3 4 1 4 1 1 1 3 2 0 0 2 3 1 2 4 1 2 4 0 2 3 2 0 4 1 1 1 1 3 2 4 0 4 0 1 0 1 1 0 3 1 2 3 0 2 1 1 4 1 3 3 3 2 0 1 2 5 3 2 0 2 2 3 3 3 2 1 7 5 2 2 0 0 2 2 1 2 3 5 3 2 2 1 1 0 1 5 3 2 3 1 0 2 1 1 3 2 0 5 2 1 2 1 3 2 6 1 4 1 1 1 0 3 2 3 0 2 3 2 3 2 2 2 5 0 4 1 0 1 1 0 4 4 1 2 2 1 2 3 0 1 2 1 3 1 1 1 0 3 2 1 2 2 2 3 3 0 3 1 1 1 2 2 0 2 1 1 2 2 4 4 1 3 3 2 1 2 1 3 2 2 4 2 2 1 1 0 1 4 1 2 1 2 2 2 6 0 1 2 1 2 1 2 2 1 2 1 3 2 3 2 2 3 3 4 2 2 2 1 1 4 2 0 2 1 5 1 1 5 1 4 0 2 1 0 2 1 2 0 2 1 3 3 4 0 4 1 5 2 1 1 0 1 0 4 2 2 2 1 2 2 1 2 3 0 2 3 5 2 0 0 3 3 2 0 5 2 1 3 2 3 2 2 0 4 1 2 2 4 1 1 2 3 2 2 2 2 3 0 6 3 2 2 2 0 1 1 2 2 4 6 4 1 1 1 1 3 1 5 4 1 2 2 0 1 4 3 0 4 3 3 1 3 1 0 2 2 0 1 3 0 3 4 1 3 2 1 2 3 2 1 1 3 2 3 0 1 4 1 0 1 2 1 1 2 2 2 3 4 2 2 1 2 0 2 2 1 2 0 3 0 0 3 1 2 3 3 1 4 0 0 3 1 2 2 3 0 2 3 1 3 3 2 5 3 2 0 4 2 2 2 1 4 0 3 1 5 1 3 2 4 5 0 0 3 4 2 3 2 5 4 1 2 1 3 3 1 2 0 1 4 3 2 1 1 6 2 1 4 2 1 2 1 4 1 3 2 1 2 2 2 2 3 1 2 2 0 2 5 0 2 2 0 3 1 4 2 2 2 1 2 1 2 3 0 1 5 1 2 1 2 1 3 1 3 2 1 0 0 3 1 1 0 2 1 0 0 6 2 4 1 3 1 5 1 1 4 2 3 2 4 3 1 2 1 3 0 3 0 3 2 2 2 3 3 1 3 0 0 3 2 3 1 2 2 4 2 2 1 3 1 5 4 0 3 1 3 0 2 0 3 1 1 3 3 4 2 1 5 1 3 2 5 0 1 0 1 3 1 2 1 0 3 2 3 1 2 0 3 2 1 3 1 2 4 3 2 3 1 4 3 2 1 3 1 0 3 0 2 3 3 4 3 1 0 1 1 1 1 2 1 2 0 4 1 0 4 1 2 1 0 2 0 0 1 3 2 0 4 3 1 3 2 1 1 2 1 2 2 0 3 3 1 2 6 2 1 6 2 1 2 3 1 0 3 1 1 3 3 4 3 2 3 2 2 2 1 2 2 3 3 0 2 2 2 2 2 3 1 1 0 4 1 5 0 1 3 4 0 2 1 0 2 0 2 0 6 0 2 4 2 2 2 0 2 2 1 1 1 0 2 2 2 3 1 2 2 2 2 3 1 5 1 3 1 2 5 5 2 1 0 2 2 2 0 2 5 0 1 0 1 3 1 3 1 3 1 2 1 2 7 3 2 5 1 1 1 1 2 1 2 1 0 5 1 1 2 3 1 3 3 1 1 2 0 0 5 1 2 2 4 3 1 3 4 3 3 0 1 0 0 1 4 0 2 4 1 3 4 2 3 4 4 2 2 3 2 0 1 2 3 0 2 3 1 2 0 0 2 3 0 1 4 1 1 1 3 1 4 3 1 4 2 1 4 1 2 2 2 2 2 2 2 1 2 0 2 0 3 1 3 5 2 3 3 3 2 2 2 0 3 0 2 2 3 3 3 1 3 1 2 3 3 3 1 2 1 1 0 1 2 2 2 2 3 2 2 0 1 3 1 4 1 2 0 5 1 3 3 1 1 1 1 2 3 3 4 3 3 2 3 0 1 2 0 2 4 1 0 1 1 3 3 1 4 2 1 3 1 1 2 2 2 3 0 4 1 2 2 2 5 2 1 3 0 0 1 2 4 1 0 3 3 4 0 1 3 2 2 5 0 1 3 0 3 0 2 2 4 4 0 2 0 1 2 0 4 0 2 4 1 2 1 1 3 4 0 1 2 0 0 1 1 3 0 3 3 1 3 1 1 1 2 0 3 4 3 0 2 3 4 4 3 1 2 5 1 1 2 2 2 2 0 1 1 4 2 0 6 1 1 2 3 3 3 2 1 1 3 0 1 1 1 3 1 4 5 1 4 2 2 0 4 1 2 1 5 2 0 2 1 0 3 1 1 1 1 2 0 2 1 6 2 2 3 1 7 0 2 1 1 3 1 3 3 0 2 4 4 3 0 3 0 4 1 1 2 2 4 0 4 1 1 2 4 2 2 0 2 3 2 1 5 1 3 4 5 0 1 2 0 0 3 3 4 3 2 1 1 2 4 3 2 1 2 3 3 2 1 2 1 2 1 1 1 0 0 4 4 0 0 3 1 2 1 0 3 3 2 2 0 4 2 1 1 3 0 2 1 0 2 1 2 2 0 0 4 2 3 1 2 4 1 4 4 1 1 1 4 2 4 0 1 3 3 1 0 4 3 1 3 0 1 1 2 3 8 3 1 0 4 5 2 2 3 1 2 0 0 1 3 2 1 1 3 5 4 1 2 4 1 1 1 2 1 2 3 0 2 5 2 4 2 4 2 1 1 2 1 3 3 2 0 0 2 2 2 2 2 6 1 0 2 3 1 0 2 0 4 4 3 4 1 1 3 2 1 2 0 3 0 3 2 3 2 2 0 1 1 5 2 2 3 0 1 0 5 2 3 1 3 3 1 1 2 2 4 1 0 2 1 0 2 1 1 6 1 3 3 5 4 1 1 2 2 1 0 2 3 3 2 0 1 1 0 1 2 2 1 2 2 1 3 2 2 1 2 4 2 5 1 2 2 2 1 2 1 1 4 2 2 4 1 1 0 2 4 1 0 1 4 1 1 3 3 0 3 2 1 0 6 3 2 1 5 3 3 2 1 2 1 1 2 4 3 4 2 4 2 0 0 1 3 3 5 3 3 4 0 1 1 2 5 1 1 2 0 3 0 4 0 2 2 2 4 4 2 3 2 2 0 2 2 0 2 0 1 4 3 1 0 2 4 0 3 0 0 1 1 2 1 1 0 4 2 3 2 0 2 1 2 5 3 0 0 1 2 3 0 2 2 2 1 2 0 2 2 2 0 2 2 1 4 0 2 3 0 3 2 2 3 2 3 1 0 4 3 3 2 2 0 4 5 2 3 2 3 2 3 4 1 1 3 2 1 3 1 2 2 3 3 3 1 1 3 1 2 0 2 4 2 0 1 3 5 1 4 2 4 1 5 1 5 1 0 2 2 0 3 1 1 1 2 0 3 3 2 3 3 2 2 1 1 3 1 1 0 0 3 2 2 2 6 4 0 2 1 0 2 2 2 3 3 1 2 1 3 3 0 4 2 2 1 0 2 3 5 3 4 0 2 1 4 0 1 3 1 2 1 0 5 4 2 0 4 3 1 4 3 2 2 0 0 3 1 0 2 1 3 3 1 0 1 2 3 0 2 2 1 1 2 3 3 2 1 2 2 1 3 2 2 0 1 5 0 3 1 3 5 2 2 2 1 3 3 1 1 0 0 3 1 4 5 2 2 2 4 0 0 3 1 4 1 1 1 2 2 0 3 2 1 2 4 1 3 1 3 1 0 2 0 2 2 2 5 1 2 3 1 0 1 0 2 6 4 3 2 0 5 0 1 2 2 3 2 1 4 1 3 1 3 0 4 2 1 2 1 0 2 0 2 2 3 1 2 1 1 2 1 2 2 2 2 3 5 3 2 0 4 2 2 1 5 1 0 3 0 3 3 0 1 4 0 2 0 0 5 2 1 2 2 2 2 2 1 0 2 2 1 3 1 3 1 3 4 1 1 2 1 2 2 3 1 4 0 4 1 2 4 2 1 3 2 1 1 0 3 1 1 2 0 1 2 2 0 3 1 2 0 3 4 0 1 2 5 1 1 1 2 2 0 1 3 1 3 5 3 2 2 2 0 0 1 4 3 1 1 2 2 2 3 3 0 2 3 2 1 1 1 2 1 2 2 1 6 1 2 1 1 3 1 2 2 2 2 0 1 1 2 1 1 1 2 1 5 1 1 2 1 0 2 4 1 2 1 4 0 2 1 4 2 4 0 2 3 3 0 6 2 2 2 1 1 4 0 0 2 2 1 3 1 1 3 1 1 2 2 5 1 2 4 0 2 2 0 1 4 2 2 0 3 2 0 2 2 2 3 2 4 1 3 0 1 2 0 3 0 1 0 1 0 3 2 1 5 0 2 1 0 0 2 1 1 1 1 0 1 2 2 2 0 5 2 6 2 1 0 5 2 1 3 0 3 3 3 1 2 1 2 2 1 1 1 2 0 2 5 4 1 2 0 1 3 1 0 0 1 2 1 3 2 3 1 0 1 1 3 1 0 2 3 0 2 2 2 3 2 2 2 1 1 1 3 3 1 2 3 2 0 2 2 1 0 2 3 3 0 0 2 5 2 0 0 0 1 2 2 6 1 3 3 1 4 2 0 2 2 1 1 3 0 4 3 2 2 2 1 1 0 0 0 2 1 1 2 3 4 1 2 3 2 3 2 3 2 2 0 4 0 3 1 2 1 1 0 2 3 3 0 1 3 5 0 2 5 2 2 1 3 2 1 3 1 1 1 3 3 5 3 3 2 1 1 3 1 1 2 3 1 1 1 5 2 2 5 2 3 2 2 2 0 1 2 3 2 0 0 1 2 3 1 4 1 0 3 3 0 2 3 1 1 1 1 1 3 0 3 0 5 1 3 0 1 1 1 2 8 1 1 3 1 3 1 0 2 2 2 2 3 3 1 4 2 2 3 3 1 2 0 1 2 4 2 4 2 1 0 2 4 3 3 1 1 1 4 3 5 2 1 1 1 0 2 2 2 5 2 0 3 2 1 3 2 1 1 3 1 3 5 2 1 2 1 1 4 2 3 2 0 1 2 1 3 0 1 2 4 3 2 4 1 1 1 1 2 2 0 2 1 5 0 1 3 2 7 1 1 2 1 1 2 0 2 5 2 0 0 0 1 3 2 1 4 3 0 3 1 3 1 1 7 5 0 2 2 1 3 2 2 2 1 1 1 1 3 3 2 1 2 1 0 3 2 2 3 2 1 1 1 1 0 1 4 3 3 2 2 1 0 3 4 0 3 2 4 4 2 2 0 3 3 2 2 1 0 3 1 3 5 2 1 1 2 2 3 0 0 0 1 1 0 1 2 0 2 1 1 3 0 5 2 2 1 3 0 1 1 2 2 2 3 1 2 2 0 3 3 2 3 3 2 3 2 2 0 1 5 2 3 1 5 2 2 1 1 2 1 5 2 0 2 2 2 1 0 3 5 2 2 1 4 1 2 1 1 1 1 2 2 1 4 2 4 2 5 1 3 1 4 2 2 1 1 1 1 2 1 1 1 2 1 2 2 3 3 3 1 0 1 3 2 2 2 2 2 2 1 4 1 3 2 3 2 1 0 2 3 1 3 1 2 3 5 1 2 1 2 3 1 2 3 0 3 5 5 2 0 2 2 3 2 3 3 0 4 4 1 0 1 2 1 1 1 2 0 5 3 2 2 1 1 2 1 0 2 5 1 3 2 1 5 4 1 1 1 0 1 1 3 2 0 2 0 1 2 6 1 0 1 2 2 5 1 1 2 1 1 4 2 1 0 2 1 3 2 2 4 2 4 1 2 2 4 3 5 2 2 1 2 3 2 1 2 3 0 2 0 4 0 0 2 2 2 1 2 3 2 1 4 2 2 4 2 5 1 1 1 3 4 2 1 0 2 3 2 2 4 2 2 2 0 3 0 3 3 1 4 3 1 2 2 2 1 1 1 2 3 1 1 4 3 4 2 3 2 2 2 1 4 4 4 0 1 0 0 2 0 2 1 2 2 2 3 4 2 2 2 0 2 2 0 2 3 4 4 1 1 4 3 1 0 1 4 1 3 5 1 0 2 3 0 3 3 4 4 2 1 1 0 1 1 0 1 0 2 4 0 2 0 2 2 5 3 4 1 0 1 1 2 3 1 0 0 2 1 1 3 2 1 3 1 0 3 1 2 3 1 2 2 2 3 1 1 0 2 3 3 2 3 2 2 5 3 1 4 1 0 2 1 2 5 2 0 2 1 0 1 2 3 0 3 1 3 3 3 3 0 2 1 1 1 1 3 1 3 3 4 0 1 2 1 2 1 3 4 1 1 1 2 1 5 1 1 0 2 2 0 2 4 5 3 3 1 2 2 1 2 1 4 3 4 2 0 1 3 3 0 5 1 1 2 1 1 0 2 2 5 2 2 2 1 1 3 4 2 1 1 1 1 2 2 2 1 0 3 0 1 2 4 1 2 2 0 5 0 1 3 3 2 1 3 2 4 0 3 1 2 2 2 2 4 0 1 1 2 0 2 1 2 3 2 1 0 1 2 4 3 0 0 2 4 0 2 1 3 2 2 2 4 1 2 2 2 3 1 1 1 4 1 3 0 2 2 2 0 2 1 3 1 2 4 2 4 3 3 2 3 1 3 4 0 6 1 0 5 3 1 1 2 2 1 3 1 4 1 4 3 3 1 1 3 1 3 3 3 4 3 1 2 2 0 5 1 2 1 3 3 1 0 0 2 2 3 2 2 3 3 1 1 3 1 3 2 1 3 1 1 1 1 2 2 4 3 1 1 0 0 2 1 5 1 0 2 3 3 4 2 4 2 2 2 0 1 1 1 1 4 1 2 0 1 2 1 2 3 2 2 0 1 1 2 0 1 0 3 1 5 2 2 1 3 0 0 2 1 2 4 0 1 2 3 0 3 4 6 5 2 3 2 1 0 3 2 2 4 1 2 1 1 0 1 5 1 3 1 2 3 2 1 1 1 4 3 2 3 0 0 1 0 2 1 1 2 2 2 3 2 2 5 3 1 3 2 2 0 1 1 2 3 0 4 3 3 0 0 2 1 0 3 5 4 4 0 3 2 4 1 4 1 2 2 1 0 1 3 1 2 3 2 2 2 1 2 3 4 1 5 1 3 1 1 2 3 2 3 2 3 3 0 2 2 0 1 0 0 3 1 4 2 5 2 4 3 1 4 3 3 1 2 2 5 0 1 1 1 3 1 1 2 1 3 0 2 1 1 3 3 3 3 2 3 1 3 2 2 0 0 3 3 2 0 2 1 2 4 1 3 1 3 2 4 2 1 4 2 1 1 1 3 4 2 2 0 0 1 4 1 1 1 2 4 2 2 4 2 1 3 3 0 4 3 1 0 2 3 2 4 1 4 0 2 3 4 0 1 4 1 2 1 2 3 1 2 2 2 4 2 2 2 0 4 1 2 1 1 1 1 1 2 2 0 1 1 1 4 2 1 1 1 3 1 4 0 0 0 0 1 3 2 2 4 2 1 0 1 2 4 1 0 3 1 5 1 1 2 0 1 2 3 4 0 2 4 3 1 2 0 2 0 4 2 1 5 1 3 3 1 1 4 0 3 1 1 2 3 1 1 5 1 1 0 2 3 1 2 4 1 4 0 3 1 2 1 3 1 1 0 4 3 1 3 2 3 2 3 1 1 2 0 1 2 2 3 1 1 1 3 4 3 4 1 0 3 2 1 1 2 1 1 4 4 2 2 2 1 3 4 1 3 2 1 0 0 2 5 1 1 4 2 5 3 3 0 1 1 1 0 5 2 1 3 7 3 1 1 0 2 1 3 2 0 3 1 0 1 2 1 1 2 3 5 1 3 1 1 2 3 1 2 0 2 2 3 2 3 1 0 1 2 1 2 0 2 5 1 3 0 3 1 1 0 2 5 1 2 2 2 1 3 0 1 2 2 5 3 2 1 4 4 2 2 6 2 1 1 3 1 2 1 2 4 2 2 4 3 3 1 1 0 1 0 2 2 1 1 5 1 1 1 0 3 2 4 4 2 1 4 0 3 1 1 2 1 5 3 3 0 3 0 3 0 2 1 2 3 0 1 1 0 2 2 1 0 5 0 5 0 1 2 1 4 1 0 1 0 1 2 3 3 3 3 1 3 1 1 2 4 6 1 2 1 0 4 4 1 2 2 2 2 3 2 3 1 0 2 2 1 2 1 5 4 1 4 2 2 2 2 1 1 1 2 4 0 1 2 3 3 0 1 1 1 0 2 0 3 5 5 1 2 3 2 2 1 3 1 5 5 2 3 3 0 2 2 0 1 2 3 5 0 0 0 2 3 3 2 4 1 4 2 4 2 0 3 5 3 2 3 1 1 2 2 3 2 1 5 1 1 3 0 2 2 0 1 2 0 2 2 2 2 1 1 1 0 1 4 1 1 1 3 2 3 2 2 1 1 2 4 2 4 0 2 2 2 0 3 1 3 1 3 0 2 0 0 0 4 3 3 1 2 1 3 2 0 1 2 3 0 0 3 3 5 3 3 3 0 2 4 1 2 0 4 1 1 2 4 1 4 1 4 2 1 3 0 0 0 2 4 1 3 0 1 3 2 0 2 1 5 1 0 5 1 1 1 0 3 0 1 3 2 1 2 2 4 2 1 0 2 2 4 3 1 5 2 3 3 1 1 1 4 0 3 3 3 2 1 0 2 1 3 0 0 4 1 4 3 2 1 1 2 1 1 0 4 2 1 0 1 0 4 1 6 4 3 3 3 1 0 1 2 3 4 3 1 0 0 6 1 0 4 3 3 0 1 1 1 3 0 0 1 4 1 4 1 5 0 5 2 0 3 1 2 0 1 4 2 3 3 2 0 2 0 0 4 2 2 1 0 1 3 2 4 0 0 2 1 5 1 2 2 1 3 1 2 2 3 3 1 3 3 0 3 2 1 4 3 2 1 1 3 1 2 3 0 1 2 3 2 1 1 1 4 3 0 2 4 1 2 1 0 2 0 7 0 1 1 6 3 3 1 5 1 2 2 1 0 1 4 1 1 1 2 2 3 0 5 0 2 2 1 2 2 1 1 0 3 3 0 1 2 3 3 1 0 1 3 1 2 4 3 4 1 3 2 4 2 1 1 3 1 1 2 2 2 1 2 1 4 2 1 2 5 2 1 3 2 0 2 1 5 4 1 1 3 1 0 0 1 1 4 1 3 2 2 3 4 1 0 1 0 1 2 1 0 0 0 5 1 2 3 1 3 1 1 2 1 2 2 2 0 3 0 3 2 1 6 1 2 3 0 3 2 1 1 1 3 0 2 1 1 9 2 0 1 2 1 4 4 0 1 2 1 5 3 3 2 1 4 2 3 0 1 1 3 2 1 3 2 1 3 1 4 2 4 6 3 4 1 1 0 2 5 2 3 2 2 2 1 1 5 1 2 2 1 1 1 1 2 2 4 0 3 3 2 3 3 1 0 2 3 1 3 4 0 1 1 5 1 3 0 4 3 2 0 2 1 4 1 2 3 2 2 2 2 0 0 4 2 3 2 1 2 3 2 5 4 0 1 1 1 0 2 1 2 4 1 3 2 2 2 0 3 2 2 3 4 1 2 2 1 1 3 3 3 3 0 2 1 2 1 5 1 5 1 3 1 1 3 3 0 5 1 5 3 2 2 0 5 1 1 1 2 0 1 2 2 3 2 0 1 4 3 0 1 1 3 2 1 3 2 2 1 2 3 0 3 2 2 3 1 1 1 3 4 3 1 4 4 2 2 0 6 2 2 1 2 0 4 1 2 4 2 2 0 1 1 4 1 2 0 2 1 1 0 1 3 3 0 0 5 0 2 1 4 3 3 0 4 3 1 1 6 2 2 0 4 1 1 2 1 1 3 4 2 4 3 1 0 1 2 3 2 3 4 3 4 2 4 3 0 1 0 1 4 2 0 1 3 0 2 5 1 0 2 3 1 1 4 2 2 0 1 2 3 2 2 3 2 1 3 0 3 4 1 1 3 2 0 2 5 1 3 0 4 3 0 2 0 1 1 0 4 3 4 2 2 0 2 4 1 1 4 0 2 3 2 2 1 1 4 2 2 1 0 3 2 1 1 0 4 4 1 4 1 0 1 2 2 2 1 3 1 1 2 2 5 1 4 2 0 3 2 1 1 2 2 2 1 2 4 2 3 3 3 3 1 3 1 0 3 2 2 2 0 1 0 1 2 3 3 1 2 2 2 1 3 4 0 2 3 2 5 3 3 3 2 3 0 2 1 3 2 1 2 3 4 1 1 4 1 1 3 0 4 1 2 4 4 2 4 2 0 1 3 2 0 4 2 2 2 2 1 1 3 0 4 3 2 0 0 3 1 0 1 2 2 3 1 4 0 1 1 2 3 1 1 1 1 1 2 0 4 6 1 1 0 1 2 1 3 0 1 0 2 1 1 2 4 5 3 2 2 1 2 1 5 4 1 1 0 0 1 2 1 1 2 2 1 0 1 2 3 1 2 1 2 2 1 0 1 1 0 3 5 4 5 5 1 1 2 1 4 1 4 0 3 1 2 1 0 4 3 1 2 3 0 2 1 3 2 1 2 1 0 2 5 4 3 1 5 0 2 3 0 1 1 2 3 4 0 3 3 0 1 2 2 1 2 2 2 1 1 2 1 2 2 4 2 2 2 1 2 1 2 2 1 7 2 1 1 1 2 2 1 2 1 2 0 3 3 3 2 3 2 0 4 3 1 3 2 0 0 0 2 4 2 3 2 3 2 1 4 4 1 4 2 1 2 1 2 5 2 1 2 3 1 1 3 1 0 1 2 1 3 2 3 1 1 1 1 1 0 1 5 1 1 4 1 2 3 1 1 0 2 3 5 1 4 1 4 4 1 3 2 2 1 3 0 1 5 2 2 8 1 0 0 3 1 0 2 5 0 0 2 1 1 0 3 6 2 2 1 2 1 3 1 0 0 1 2 3 1 1 1 4 1 0 2 2 3 3 1 3 4 3 1 1 5 1 1 1 2 3 3 1 0 1 0 2 1 2 1 2 8 2 0 0 5 1 1 2 0 1 3 4 2 3 0 1 2 1 4 2 0 2 5 1 4 0 4 3 1 5 1 2 0 1 2 2 4 2 2 0 5 4 1 1 4 4 0 0 4 5 2 1 2 5 2 2 1 5 4 5 1 2 1 0 2 1 2 3 3 1 4 2 1 1 0 1 2 1 4 2 6 1 3 4 1 2 0 2 3 1 2 1 2 3 3 0 1 2 0 2 0 3 1 0 1 4 3 2 2 3 3 4 1 1 2 3 3 1 0 2 0 0 1 4 6 1 3 3 0 5 2 1 1 6 2 3 2 4 1 2 1 0 2 0 0 1 4 2 3 1 2 3 2 0 0 1 2 1 1 2 1 0 5 3 3 1 2 1 2 2 1 4 3 3 2 2 0 2 0 5 1 1 1 1 1 2 0 2 0 1 3 0 3 3 1 3 1 3 2 1 3 5 1 1 3 0 1 1 1 3 2 4 3 1 2 0 0 2 1 5 0 2 1 0 2 0 4 3 3 5 2 2 2 2 5 1 1 0 2 0 4 1 4 5 2 1 1 5 2 1 1 2 1 2 1 1 2 6 4 5 0 1 0 0 2 3 1 3 1 3 2 1 3 3 2 2 2 2 1 3 0 3 3 0 4 6 1 2 3 2 1 0 5 1 0 0 1 4 3 3 0 2 2 3 2 2 2 2 5 1 1 0 2 1 2 5 1 0 1 3 3 3 4 2 2 2 1 3 2 1 2 1 2 1 4 0 2 2 0 3 2 2 4 5 3 3 4 1 0 0 1 3 1 1 2 1 1 2 1 2 0 5 3 0 1 2 0 3 1 3 3 1 5 2 2 2 0 2 3 2 4 1 1 3 3 2 1 1 5 1 0 2 2 1 5 2 2 1 2 3 2 5 2 4 4 3 1 1 1 6 4 1 2 3 0 0 3 1 2 1 1 0 1 4 1 0 2 1 0 4 2 2 1 0 1 4 2 2 2 3 3 1 3 1 4 3 1 3 2 2 3 1 0 2 3 2 4 4 3 3 4 2 3 1 2 1 1 1 3 1 3 1 3 3 0 1 2 3 0 3 1 2 1 0 4 2 1 2 1 3 2 2 3 4 1 3 1 3 3 1 2 1 4 3 2 2 1 1 1 5 3 4 3 2 2 3 1 2 2 2 2 1 1 1 3 1 4 0 2 0 1 2 3 3 3 0 3 2 1 0 2 4 1 0 1 0 2 1 2 1 2 3 0 3 3 1 2 3 1 0 2 2 1 0 2 0 4 2 2 1 1 2 3 2 4 3 1 2 2 3 1 1 0 2 3 1 5 3 3 1 2 4 2 2 1 3 2 1 3 4 0 2 1 1 2 1 3 2 0 1 0 3 1 0 2 1 1 2 3 4 1 2 3 2 1 2 2 0 1 0 0 2 1 1 2 2 2 0 5 1 2 2 3 0 5 1 1 1 1 6 1 2 1 0 2 2 1 2 1 0 6 3 2 1 2 4 1 4 2 0 2 2 2 4 0 1 2 0 4 3 3 5 2 4 1 1 1 0 3 0 5 1 3 2 2 0 0 3 2 1 5 5 2 3 0 2 1 0 3 1 1 1 4 4 3 1 2 2 2 2 4 3 2 3 3 2 2 2 3 2 2 4 1 0 1 2 1 1 1 1 2 4 2 2 4 1 2 1 1 1 4 2 2 4 1 5 1 2 0 2 2 2 2 2 0 0 2 2 3 2 1 6 3 2 2 0 3 1 3 1 3 2 2 5 2 3 3 1 1 1 1 2 0 5 1 1 2 0 2 6 5 1 0 2 1 2 1 2 1 1 0 1 4 4 1 3 3 4 4 3 2 2 2 2 1 1 2 0 0 1 1 6 2 2 2 1 2 3 4 3 1 1 3 2 2 4 1 0 1 1 1 2 1 2 3 2 2 4 4 1 2 0 4 1 1 1 1 2 3 0 3 3 0 2 1 2 1 0 1 2 2 1 3 2 1 0 2 3 3 3 3 1 1 2 2 3 5 1 1 2 1 1 4 2 1 3 4 2 5 1 3 2 1 2 2 3 3 1 0 0 2 2 3 2 3 4 4 0 3 4 4 0 1 2 3 2 3 0 1 2 1 6 3 1 2 1 4 1 1 2 1 4 1 4 2 0 1 2 2 1 2 2 1 2 1 1 3 3 3 3 2 4 1 2 3 2 1 4 3 2 0 2 3 1 0 2 0 2 2 2 1 2 2 1 2 4 4 1 1 1 1 4 1 1 3 3 4 0 2 3 0 3 3 2 2 3 0 2 2 2 4 3 2 2 4 2 1 1 5 0 2 0 1 4 3 2 1 2 0 4 3 2 2 1 3 2 1 1 1 0 5 0 3 2 2 0 5 3 2 2 2 2 2 2 0 0 4 2 1 1 3 1 5 2 1 2 2 2 0 0 3 1 2 4 5 2 3 3 1 2 2 0 1 1 2 1 2 3 2 1 4 1 2 2 2 4 1 2 1 0 2 2 4 0 0 2 0 4 0 2 3 2 2 0 1 5 2 0 2 1 2 1 1 3 0 2 1 2 1 2 2 4 1 4 1 0 0 3 3 0 1 3 4 1 3 0 3 2 3 2 2 4 3 0 1 1 0 1 3 1 1 0 2 1 3 2 0 2 2 3 0 1 3 2 0 2 4 3 1 1 2 3 1 2 2 1 3 2 1 3 1 3 1 6 2 0 1 2 1 2 2 3 4 5 3 2 2 1 0 0 0 2 5 0 2 1 2 3 4 1 0 2 0 3 0 3 2 3 0 1 2 1 2 1 1 2 1 3 1 6 2 7 2 0 1 1 2 2 1 4 1 0 1 0 0 4 4 2 4 0 1 1 2 4 1 1 3 5 1 1 1 2 1 4 5 3 3 1 0 2 1 3 1 2 2 1 1 2 0 2 2 2 1 0 4 1 1 0 2 4 0 1 2 1 1 2 4 3 1 2 2 1 2 3 2 1 1 1 2 2 5 6 2 2 2 2 2 2 0 1 3 1 5 3 2 3 2 2 1 2 1 3 4 1 1 1 5 2 2 1 1 2 1 2 3 4 1 1 0 1 3 1 4 3 0 2 2 1 2 2 2 2 2 1 4 1 5 0 1 2 0 0 4 1 1 0 0 5 2 4 1 3 1 1 1 2 2 3 1 1 2 3 2 3 2 2 0 1 2 1 1 5 2 1 3 3 1 2 2 3 1 0 1 5 2 1 2 2 4 0 1 4 1 3 3 1 5 1 2 3 0 0 1 0 1 1 0 3 2 1 1 1 3 2 4 1 1 1 0 2 0 2 2 1 3 1 1 2 4 2 2 1 4 0 0 2 2 1 0 1 2 3 2 2 3 5 1 1 2 1 2 4 1 0 4 2 2 2 2 3 1 3 4 2 0 2 2 2 3 2 5 0 1 2 1 2 1 3 1 4 2 4 0 2 3 2 4 2 2 3 2 2 2 1 1 2 1 2 1 1 0 4 3 2 2 1 3 0 1 3 2 3 0 5 2 0 0 1 2 2 6 1 2 3 0 2 2 1 0 2 2 1 1 2 2 3 2 3 2 0 2 1 3 2 3 2 1 0 2 3 1 1 3 0 4 4 1 4 1 0 2 1 3 0 1 1 4 0 3 2 7 3 2 1 0 0 1 4 3 1 2 2 3 2 2 2 2 3 3 2 0 0 3 2 1 2 0 1 1 2 3 1 3 1 2 3 3 4 2 4 2 1 2 0 3 0 3 1 4 3 1 2 3 1 1 0 3 5 1 1 2 4 2 2 1 2 2 4 0 9 0 0 1 1 4 0 2 1 0 0 2 4 3 2 1 5 1 0 3 2 2 3 1 2 1 0 1 1 3 1 3 1 2 1 4 1 2 4 1 1 1 2 3 1 1 3 2 0 3 2 3 0 2 3 0 4 2 1 1 3 5 2 1 4 1 1 2 1 6 2 1 4 4 1 0 0 5 0 0 2 1 3 2 0 3 4 2 4 0 2 1 0 4 1 3 7 1 1 2 2 2 3 3 0 2 0 1 2 4 1 3 3 0 2 5 0 4 1 1 5 2 3 2 1 1 1 3 3 2 0 2 0 2 0 5 2 2 1 2 2 1 2 2 2 2 2 2 1 2 1 1 0 2 4 4 4 4 1 1 1 1 2 2 1 3 1 3 0 2 1 2 2 0 3 5 2 2 5 2 0 0 1 2 4 2 3 1 1 2 3 2 2 3 2 2 5 4 2 1 1 1 2 1 2 2 5 3 0 3 2 0 3 4 1 0 3 3 0 5 4 1 1 4 2 3 1 4 3 3 4 2 0 0 4 2 4 1 2 0 0 2 5 3 2 1 3 3 2 2 0 2 1 4 1 6 3 2 0 3 5 3 2 0 2 0 2 0 0 1 3 2 1 3 1 3 1 2 1 3 2 1 1 1 2 5 2 2 1 0 1 2 1 2 1 3 2 1 1 3 2 1 3 1 0 3 5 1 2 3 1 2 3 1 1 1 2 0 1 3 1 3 1 0 2 0 3 0 4 0 1 3 3 2 2 3 5 3 1 4 2 1 2 1 2 3 2 1 1 4 1 2 0 4 2 2 2 3 2 4 2 0 2 3 0 2 1 2 4 1 3 3 0 2 2 0 3 1 2 3 2 2 2 1 6 1 4 2 1 1 2 2 2 0 1 3 1 4 3 1 1 2 2 1 1 1 2 5 2 1 1 4 3 0 1 2 2 0 2 2 3 2 1 3 1 4 1 1 7 0 5 2 3 2 2 0 6 2 3 1 4 0 1 1 2 1 2 2 3 3 1 4 1 4 2 0 5 3 2 2 2 1 2 2 2 1 1 0 2 5 1 0 1 2 3 6 6 2 1 1 2 1 3 0 2 1 3 6 1 1 2 1 0 4 3 2 4 1 3 2 2 1 3 2 1 1 1 0 3 2 4 1 2 4 0 2 3 1 2 1 2 2 0 7 1 2 1 1 1 0 3 1 1 4 0 2 1 2 1 0 0 3 2 2 3 5 3 2 2 2 2 4 3 0 2 0 3 2 4 0 3 1 1 1 2 3 5 2 1 1 1 0 3 3 2 1 1 1 1 0 6 1 1 4 2 3 2 3 4 1 2 0 1 2 1 3 1 1 5 1 3 2 1 0 0 1 3 3 3 1 1 2 3 4 1 3 3 0 0 2 2 5 4 1 0 0 2 1 2 2 2 0 3 1 2 2 3 1 6 1 2 3 1 0 0 2 3 4 0 2 2 0 3 2 4 2 2 3 1 1 1 1 1 0 1 5 3 2 2 3 0 0 3 3 4 0 3 2 2 1 1 2 0 3 2 5 4 3 1 2 0 3 2 2 2 1 4 2 0 1 5 4 1 0 1 3 2 2 2 1 1 1 1 0 4 1 3 1 4 2 3 1 3 0 0 1 0 1 2 1 3 3 4 0 0 0 3 1 2 4 3 1 2 1 2 1 3 2 1 2 2 2 2 0 3 0 1 3 2 3 1 1 2 2 2 2 1 1 1 2 3 4 2 0 1 1 3 4 0 0 2 4 3 0 2 2 2 2 1 0 1 2 2 3 1 2 2 1 1 3 1 0 1 4 2 3 0 3 2 5 1 1 3 0 2 3 3 1 3 3 1 3 2 5 3 2 2 5 2 0 1 1 2 4 1 2 5 1 3 4 1 2 1 2 2 2 2 5 3 1 0 2 1 1 1 2 0 4 2 1 2 3 0 3 4 2 4 3 2 3 2 1 1 2 0 0 2 2 1 3 2 3 2 3 4 0 1 1 2 4 0 4 2 2 1 3 2 1 3 1 4 1 1 5 3 3 0 2 1 1 3 3 0 1 2 0 2 1 3 4 1 3 3 0 6 5 0 1 1 2 2 2 2 3 0 1 1 1 3 3 0 3 3 2 2 4 4 1 2 1 2 1 1 3 1 4 1 3 2 2 0 0 0 1 0 1 3 1 3 3 2 1 3 1 1 1 3 2 5 2 1 3 1 3 3 3 4 0 6 0 0 0 2 3 3 0 1 0 0 2 1 4 4 3 2 1 4 2 2 3 1 2 2 0 2 2 0 1 2 0 2 6 0 0 6 0 2 3 1 1 4 1 1 1 0 2 4 2 2 1 1 1 1 0 2 0 4 1 4 2 1 0 1 0 3 2 3 1 1 0 4 2 1 2 0 6 2 1 0 2 2 2 2 5 2 1 0 1 2 5 5 1 2 2 1 2 3 4 2 0 2 1 2 1 1 0 2 2 4 2 2 4 1 2 1 0 0 0 1 2 2 2 4 1 1 0 2 0 3 3 2 3 0 0 1 2 2 2 1 3 1 3 3 8 3 2 1 2 1 3 1 1 1 4 0 3 2 2 3 1 0 7 2 1 0 3 3 1 1 4 3 3 1 3 2 2 1 2 2 2 0 1 1 2 3 1 2 1 1 3 5 3 3 2 1 3 1 1 0 4 0 3 4 2 0 1 1 1 1 2 1 5 3 0 1 1 3 3 1 1 5 2 0 1 4 2 1 0 2 0 1 4 4 1 1 3 2 2 3 0 2 0 0 2 4 3 2 3 3 3 0 1 1 0 0 1 0 3 3 1 2 2 0 0 2 2 2 0 2 1 2 2 4 3 2 2 0 4 4 4 2 0 1 2 1 0 5 1 0 1 1 4 2 4 2 3 2 3 2 1 2 1 0 2 1 2 3 3 1 1 2 0 4 2 2 3 2 2 1 0 1 2 2 2 2 2 3 1 2 2 0 2 2 2 3 1 0 1 2 2 2 4 4 3 3 2 2 0 0 1 1 3 2 3 2 6 4 0 1 1 1 1 4 2 3 2 3 0 2 6 0 4 2 1 1 3 1 1 2 1 2 4 1 2 2 3 1 3 2 0 4 1 3 1 4 3 3 2 1 0 2 4 0 3 6 1 1 1 2 2 2 3 1 3 1 2 2 3 0 0 1 2 4 0 3 2 2 2 3 4 2 1 0 0 3 5 1 3 2 4 2 2 1 3 6 2 2 3 1 0 2 1 1 3 3 1 2 1 3 0 3 1 1 2 2 1 1 1 5 6 1 0 0 2 2 0 1 3 1 3 2 1 1 0 2 1 3 1 1 3 1 4 2 2 3 2 0 2 1 1 4 2 6 3 1 4 2 0 3 2 2 2 2 1 3 0 2 3 6 1 2 3 0 0 2 3 4 1 0 3 3 0 2 2 1 2 4 1 3 3 2 2 3 1 2 0 1 3 1 2 1 2 1 3 3 3 1 2 4 2 3 4 2 1 2 5 0 2 3 3 2 0 3 0 1 1 2 2 2 0 5 0 0 4 1 1 1 2 1 3 3 2 2 4 2 1 3 2 2 0 0 2 1 2 1 1 0 4 6 2 2 1 1 3 0 3 1 3 0 2 2 2 3 1 2 1 3 5 1 3 3 3 2 0 0 0 4 4 1 0 3 2 2 3 1 1 2 5 2 1 1 2 2 2 3 3 4 0 2 4 0 3 3 1 3 4 2 0 2 4 3 1 1 2 2 2 3 2 4 0 3 1 1 2 0 1 1 3 0 2 1 3 7 1 0 3 2 2 2 2 1 0 2 4 2 2 4 3 3 1 2 7 1 2 2 2 2 2 3 2 0 4 2 2 1 1 2 1 1 1 1 1 2 2 2 0 5 0 1 1 3 2 3 2 4 1 2 1 1 2 2 1 1 1 1 3 5 1 1 2 3 3 0 0 0 3 3 4 1 2 3 2 0 3 0 3 3 3 1 1 6 0 3 3 2 0 4 3 4 4 2 0 1 5 2 2 1 0 1 3 2 2 3 2 3 1 1 2 3 2 0 1 1 1 2 2 4 3 2 0 1 1 3 3 4 0 1 1 0 2 2 3 5 2 6 1 1 2 1 5 2 0 5 4 2 1 3 1 2 4 1 1 0 5 2 1 4 0 1 7 3 2 2 2 1 1 0 3 6 3 3 3 4 2 2 1 0 1 4 4 0 2 5 1 4 2 3 3 0 0 0 3 4 3 3 2 0 1 4 1 4 4 6 1 0 1 0 0 2 2 3 4 6 3 1 1 1 1 2 2 3 1 0 4 0 1 6 0 2 3 0 2 2 2 1 1 1 2 2 1 3 3 3 3 0 3 1 2 3 3 3 1 3 4 1 2 2 1 2 3 3 4 1 2 3 1 1 6 1 2 2 1 2 0 1 2 1 1 2 1 5 2 0 3 2 1 2 3 3 3 1 4 1 0 4 1 2 2 1 3 3 2 1 2 3 2 3 2 1 0 3 1 5 2 2 3 2 0 2 3 2 1 3 4 0 3 4 0 1 1 0 0 2 3 0 1 2 2 0 3 4 3 0 2 3 2 3 1 1 1 1 3 1 4 2 3 3 0 3 1 3 2 2 1 5 2 4 1 2 5 0 4 0 2 1 2 0 5 4 5 5 0 1 1 2 2 1 5 1 1 2 3 0 0 1 1 2 2 0 1 2 4 1 2 1 0 0 1 3 7 1 1 0 2 2 3 3 0 1 4 0 3 2 1 0 4 2 0 0 7 0 1 2 1 3 3 1 3 1 2 4 2 2 1 2 1 1 1 1 2 2 4 2 5 0 3 2 5 1 1 3 2 2 1 2 1 2 2 1 2 1 1 4 3 3 2 1 3 2 2 0 1 4 1 3 2 1 2 1 2 6 3 3 1 0 3 2 0 1 1 1 5 6 1 4 4 3 2 3 1 5 2 3 2 1 3 1 0 1 0 3 2 1 3 0 1 2 4 2 1 5 1 1 3 2 2 2 1 1 2 1 1 1 3 2 3 3 2 1 1 2 1 3 3 2 2 0 5 1 3 2 1 3 5 2 0 3 0 1 2 2 2 2 1 8 0 1 3 5 2 1 2 3 3 2 0 1 2 0 2 2 1 0 1 3 3 1 2 1 1 3 3 3 0 1 3 1 2 4 2 5 4 1 4 2 2 2 2 0 1 1 3 2 5 2 3 2 1 2 1 4 0 1 1 0 0 4 1 3 2 3 3 2 3 1 0 1 1 3 0 2 3 2 1 4 3 2 5 0 2 4 1 1 3 1 1 3 3 0 1 1 2 0 0 7 0 2 2 0 2 4 0 2 2 3 2 1 0 4 0 4 1 3 4 1 2 2 0 0 1 4 3 0 2 2 4 3 0 3 2 2 1 3 1 3 0 4 1 1 1 4 2 0 0 1 2 1 2 2 3 4 2 3 5 2 2 1 1 4 3 0 1 3 2 1 3 1 1 2 2 5 1 4 1 0 1 4 1 3 2 3 0 3 3 4 3 1 3 1 2 0 1 2 0 1 0 1 1 5 0 3 3 2 3 2 2 2 3 1 3 3 1 1 3 1 1 2 2 2 3 0 2 4 0 4 4 2 1 2 3 0 4 3 1 1 1 0 0 1 1 2 2 2 3 1 0 1 1 1 2 4 3 1 1 1 3 3 3 1 5 2 3 2 1 4 0 2 1 8 2 3 2 2 2 2 0 2 0 0 3 6 2 1 2 2 4 5 0 1 3 1 2 1 1 0 1 6 1 1 2 1 3 4 1 4 1 1 5 3 0 1 3 0 1 2 0 1 3 2 2 2 1 3 4 1 1 3 1 2 3 2 1 0 0 5 0 3 0 2 1 3 3 2 3 1 3 3 2 2 4 3 1 2 1 1 3 1 5 1 2 3 0 1 0 2 0 3 2 1 4 2 1 4 2 5 3 0 1 2 3 0 3 1 2 5 1 0 4 2 1 3 2 1 3 3 2 4 1 4 0 2 2 1 0 3 0 2 3 1 1 4 1 1 0 3 2 1 2 5 5 2 2 3 1 4 0 1 1 0 0 2 4 4 1 3 2 1 3 0 2 1 3 2 3 0 2 2 2 1 3 1 0 1 0 5 3 0 4 1 4 1 1 2 1 2 3 0 2 1 0 3 1 1 3 3 2 2 2 1 3 3 3 0 2 5 4 1 2 1 3 3 2 1 1 2 5 3 4 5 0 0 2 0 2 2 1 0 3 3 3 2 1 3 1 2 1 3 1 4 1 0 2 0 1 3 2 1 2 2 5 4 1 1 1 0 3 2 2 3 3 4 0 0 1 1 1 1 3 2 1 4 1 2 2 3 1 1 2 1 4 2 0 2 2 3 3 3 1 2 3 3 2 4 2 4 2 1 0 2 1 2 2 3 2 3 3 1 2 3 1 1 4 6 1 1 1 2 2 0 0 3 1 2 4 2 1 2 2 3 3 5 2 1 0 1 1 0 2 1 2 1 2 2 6 2 3 3 2 3 1 1 1 1 1 0 4 2 2 1 2 4 2 2 1 1 2 1 4 2 5 4 3 1 1 1 3 1 1 3 2 1 1 2 0 4 2 4 2 0 1 2 1 2 1 0 3 1 2 2 2 3 2 4 0 7 5 4 1 2 2 2 2 1 1 1 4 3 0 0 0 1 1 6 2 5 4 8 0 1 0 3 1 1 3 1 2 1 3 0 2 1 1 3 4 2 2 2 1 1 3 3 1 3 0 7 1 3 5 0 1 2 0 1 0 3 1 2 4 2 1 5 3 3 2 2 1 5 2 1 3 2 0 3 5 0 2 2 2 1 0 4 4 5 2 0 4 0 1 2 2 0 3 3 5 1 2 2 0 2 1 3 1 4 2 1 3 1 3 3 7 2 0 0 0 2 1 2 4 1 3 2 1 1 2 3 1 1 3 5 0 4 0 2 1 3 3 0 3 1 2 3 0 3 1 3 1 4 0 3 2 1 3 2 2 2 0 4 2 3 3 0 3 1 6 1 1 1 2 4 1 4 1 1 4 3 2 2 1 1 1 3 3 4 0 1 4 3 2 2 3 4 0 2 0 3 3 3 1 2 2 1 2 3 0 3 1 1 1 3 5 1 1 2 3 2 0 2 0 3 1 1 3 2 0 2 2 1 1 3 1 2 1 1 4 1 2 2 1 0 1 3 2 0 1 1 5 0 1 6 1 0 1 0 1 1 5 2 0 1 2 2 1 3 4 1 3 3 1 0 5 2 1 1 3 2 1 3 3 3 2 2 3 2 3 4 3 4 1 3 1 7 3 3 3 3 0 1 1 3 1 3 4 1 2 2 5 1 3 2 2 3 3 1 2 3 2 2 0 2 1 1 2 4 5 2 2 0 1 1 3 2 2 2 1 0 0 2 4 3 2 0 3 5 4 3 2 1 1 0 3 2 5 2 2 2 2 0 5 3 1 4 1 3 1 1 1 4 3 2 6 1 4 1 3 2 2 1 0 1 2 3 3 2 4 2 2 2 1 2 2 2 1 2 4 1 2 2 3 1 5 1 2 0 1 0 2 3 4 1 0 4 2 2 2 5 2 2 3 1 2 2 1 3 3 1 4 1 1 1 2 3 2 1 3 0 1 4 3 1 3 6 1 1 5 1 2 3 3 1 5 1 3 0 3 4 1 4 1 2 3 0 1 4 0 3 0 4 1 4 2 3 3 0 2 2 1 5 1 2 1 3 0 1 2 5 2 3 2 5 0 1 1 2 2 3 1 4 2 5 1 2 0 3 3 1 2 1 5 1 1 2 2 1 0 1 2 2 6 2 1 4 0 2 2 0 1 3 1 2 1 1 1 3 0 0 1 3 1 2 1 0 0 3 1 2 3 1 2 2 4 5 1 0 2 2 2 1 4 1 4 1 1 0 2 4 1 4 2 3 2 0 1 0 2 2 3 2 1 2 1 2 1 4 3 2 1 0 2 1 3 0 2 4 4 1 1 4 3 3 1 3 1 2 3 1 2 4 2 1 2 3 1 2 1 5 3 4 1 2 2 0 2 1 2 1 1 4 1 2 2 2 3 1 4 1 1 0 1 3 2 1 2 3 2 3 4 2 2 1 0 2 5 1 4 2 1 2 0 0 6 1 5 2 2 1 1 2 2 2 0 1 0 3 1 2 2 1 0 2 1 1 4 1 3 1 1 0 0 1 4 1 3 2 2 4 2 1 2 2 4 3 1 2 3 4 3 0 4 1 3 2 2 2 2 5 2 2 3 1 1 2 2 3 1 3 1 1 4 1 1 2 3 2 3 1 1 0 3 1 3 2 1 2 1 1 6 1 1 2 1 3 1 1 8 2 2 4 0 1 0 1 2 3 0 4 5 2 4 1 2 3 2 0 2 3 1 3 2 1 3 3 1 1 3 1 1 0 1 1 1 1 4 2 6 3 3 1 0 1 3 0 2 2 1 1 4 3 2 1 1 3 2 1 1 3 4 2 1 2 3 0 2 2 4 3 4 1 0 4 1 0 2 0 4 2 3 0 4 1 1 1 2 3 1 1 1 0 2 1 1 4 3 2 1 2 2 0 1 3 5 0 3 1 0 3 3 2 1 3 3 3 3 4 0 2 0 2 0 2 3 3 0 5 2 2 3 3 3 0 3 2 3 3 2 1 3 3 1 2 1 1 1 1 1 2 1 2 5 2 1 1 1 2 0 1 5 1 4 1 4 1 4 2 2 2 3 0 3 3 2 0 2 0 5 2 4 1 1 1 1 2 3 1 2 3 1 2 2 4 4 4 0 3 0 1 1 0 5 0 3 2 2 2 3 3 2 1 3 0 1 1 1 3 3 0 2 2 2 0 4 2 2 3 1 3 1 2 1 3 1 0 2 4 2 2 2 3 1 3 1 5 3 1 2 2 1 3 2 1 2 0 1 3 0 3 2 1 0 5 4 1 1 2 1 1 2 2 4 2 2 0 3 2 0 0 1 4 0 1 0 2 1 3 4 2 4 2 1 5 1 3 2 0 0 0 0 1 1 3 0 2 2 1 2 5 2 2 3 5 0 2 0 0 0 1 1 2 0 6 1 2 3 2 3 2 0 2 1 3 1 1 3 2 1 2 2 1 0 1 1 3 3 2 1 3 1 3 2 4 2 0 1 4 3 1 3 3 2 3 0 3 1 2 0 1 1 4 3 2 1 1 4 4 2 1 2 3 0 3 1 2 3 2 3 1 2 0 1 3 2 1 6 3 0 2 0 1 2 0 0 2 0 1 7 3 0 0 0 3 1 2 1 2 2 0 2 2 4 1 1 1 2 0 2 1 0 1 2 3 3 1 2 5 1 1 1 2 1 0 0 3 3 1 2 1 0 2 1 4 1 0 3 1 0 4 3 3 0 3 3 3 2 3 3 3 1 2 1 3 1 3 2 0 3 1 1 1 4 0 1 1 2 2 0 0 2 4 1 0 2 1 1 3 2 4 0 0 2 2 3 2 2 0 3 2 2 2 3 0 2 5 1 1 5 4 0 2 2 0 2 4 3 4 1 2 2 2 1 1 3 2 1 1 3 2 0 3 1 5 2 0 3 3 1 2 3 3 0 2 2 2 2 3 1 2 1 2 1 3 2 4 2 2 3 1 3 2 2 3 2 2 1 3 2 2 2 1 2 2 0 2 0 1 1 4 3 2 3 2 4 1 0 0 4 2 1 3 2 3 2 4 0 2 4 1 3 0 1 1 5 2 0 1 2 1 1 2 2 3 2 1 2 2 1 2 1 3 1 2 0 2 1 2 3 1 0 3 4 1 1 2 2 2 2 1 1 0 4 2 0 3 0 3 2 2 5 0 4 1 2 2 1 1 1 1 0 3 1 1 2 4 2 2 4 4 2 2 4 0 1 0 1 3 4 1 3 1 2 4 2 0 1 1 3 3 0 3 1 4 3 3 2 2 4 1 2 2 0 2 4 0 1 1 2 2 1 3 4 3 1 0 1 1 3 3 2 3 1 0 3 2 1 3 2 1 2 4 2 2 0 2 2 2 0 3 0 0 2 3 3 3 1 4 5 1 3 2 2 2 6 1 1 1 6 1 1 2 3 1 2 3 3 1 5 0 1 1 0 3 0 1 2 1 1 0 0 7 2 2 1 0 0 2 2 0 1 0 1 1 1 3 4 3 4 2 2 1 4 1 2 2 3 1 3 0 0 1 5 1 2 5 2 2 1 2 1 4 1 1 2 0 2 1 2 2 1 3 3 2 3 3 2 1 2 2 3 0 1 1 2 0 3 4 1 4 4 0 0 3 0 3 3 1 3 5 3 2 1 2 2 4 2 2 2 3 4 1 2 1 2 0 0 1 2 1 0 5 3 1 1 5 0 2 1 0 2 0 3 2 4 2 1 1 3 2 0 1 2 2 1 4 0 2 3 1 2 3 1 1 2 1 2 2 3 1 0 3 0 1 4 1 5 1 6 3 2 1 5 0 2 3 1 3 1 2 3 3 2 2 0 0 3 1 3 0 1 1 1 2 0 3 1 2 5 2 5 2 2 0 0 2 1 1 1 2 4 2 4 2 3 2 2 2 1 2 4 3 1 0 0 4 3 2 3 1 1 1 4 1 2 2 2 0 1 4 3 2 2 3 0 1 3 3 6 0 2 1 1 2 1 1 1 1 0 3 3 2 0 0 2 2 1 1 3 3 4 1 2 3 1 3 3 2 1 1 3 2 2 2 2 0 2 1 5 5 3 2 2 3 0 2 4 1 1 1 1 4 3 4 4 3 1 3 0 1 1 1 1 1 3 3 0 4 3 1 1 5 0 3 1 1 2 0 4 0 2 2 3 0 1 1 2 2 0 2 4 2 1 1 0 3 0 2 4 0 2 2 3 4 0 1 1 2 2 1 2 2 1 3 2 7 3 3 0 1 2 0 3 3 6 4 2 3 2 2 0 3 2 3 1 2 2 5 1 1 3 0 0 4 2 0 3 6 2 3 1 1 2 1 2 0 1 2 3 0 3 1 1 5 1 2 4 3 0 3 0 3 3 4 1 2 0 2 0 2 1 2 0 1 1 3 1 3 5 0 1 2 3 2 5 3 5 1 2 1 3 3 1 3 2 3 2 1 3 2 3 3 1 0 1 2 5 0 3 3 4 3 2 5 2 1 2 2 3 0 1 2 1 1 5 3 1 1 5 1 4 0 3 1 1 1 2 3 2 3 2 1 5 2 2 1 1 3 1 2 0 2 1 0 2 3 3 2 0 0 1 1 4 1 4 1 4 2 1 2 1 1 5 3 2 2 2 1 3 3 3 2 4 3 2 1 2 3 4 3 2 2 4 1 1 1 0 2 0 1 1 3 3 1 5 2 1 0 0 1 2 3 3 3 0 0 3 0 1 2 0 0 1 4 0 4 3 1 3 2 2 0 2 2 2 2 2 1 2 2 0 3 1 2 2 2 1 3 2 2 0 2 5 3 1 0 4 0 2 3 4 1 1 1 0 0 2 5 2 4 4 1 1 1 2 0 5 2 1 3 2 1 2 3 1 1 1 1 2 1 1 4 1 4 1 2 2 1 1 3 2 2 2 1 1 2 2 1 4 3 4 4 1 4 2 2 2 1 0 3 0 0 3 1 0 3 3 1 3 1 1 1 1 0 2 2 0 3 2 0 2 3 0 2 1 3 3 4 1 4 0 2 3 1 3 1 4 1 2 3 0 3 0 0 1 1 3 5 3 2 1 2 1 3 3 0 3 3 1 0 0 1 3 0 2 3 4 4 1 1 2 1 1 2 2 1 1 1 3 2 2 0 1 2 2 0 3 4 1 2 4 1 1 2 1 3 3 2 3 3 1 1 2 2 1 0 2 5 2 0 0 3 1 2 3 0 4 2 4 0 1 2 2 1 5 1 1 3 0 2 3 1 3 2 2 1 2 3 1 2 3 1 2 5 1 4 2 0 2 2 1 2 0 6 0 1 0 1 3 3 0 2 2 1 3 4 1 2 0 5 1 1 2 1 1 3 0 1 4 1 2 0 2 2 3 1 1 4 2 4 1 1 0 3 0 0 2 3 5 1 1 1 2 5 1 0 1 1 4 5 1 2 2 3 2 2 1 1 2 1 0 1 4 2 2 1 1 3 4 1 1 4 1 4 0 1 3 1 1 2 1 3 3 2 2 2 2 1 5 1 2 3 2 0 4 2 3 1 1 0 4 1 2 4 2 4 1 2 2 1 1 1 2 0 1 2 1 2 1 0 2 2 0 5 4 4 3 2 1 1 1 0 4 2 2 2 1 2 1 0 0 3 1 2 1 5 1 0 4 1 1 1 2 0 2 2 3 2 4 2 0 0 1 3 1 3 1 0 1 5 1 1 2 1 5 0 0 3 2 2 3 1 1 6 3 1 3 3 0 2 3 2 4 1 2 5 2 3 1 4 1 1 3 2 1 1 4 4 1 1 1 3 2 3 1 1 2 1 2 2 1 0 1 1 2 3 0 4 1 4 2 1 1 2 2 2 1 0 2 1 2 1 2 4 3 2 1 1 3 2 4 5 1 0 0 4 2 1 2 3 2 1 4 3 4 2 3 1 1 2 1 1 2 3 0 5 3 3 1 2 2 2 2 2 1 2 1 2 1 1 2 2 3 2 3 1 0 3 1 1 1 3 0 2 2 5 2 3 3 0 1 0 1 3 1 3 2 3 1 2 1 4 2 5 2 4 0 1 2 3 3 1 1 3 1 1 2 1 1 1 1 4 1 2 1 2 1 3 0 0 1 4 2 1 1 1 2 0 2 2 3 2 3 2 1 2 0 4 1 1 3 1 2 4 2 1 2 2 2 2 0 3 1 1 3 2 2 2 2 6 0 0 0 1 2 2 0 0 0 4 2 2 2 2 3 0 2 1 1 4 0 2 1 6 3 2 4 5 1 2 1 1 3 0 3 2 1 2 2 4 4 1 1 1 2 1 2 1 3 2 1 1 1 1 1 2 3 7 2 1 4 1 0 1 4 4 3 1 4 2 2 0 2 2 2 0 1 2 1 3 1 6 4 1 0 3 4 3 1 2 0 4 3 2 1 0 4 3 1 2 1 1 2 4 2 1 2 1 2 1 0 1 4 4 3 0 0 5 0 3 0 4 2 4 3 1 2 5 1 1 0 2 2 3 3 1 1 1 3 3 2 3 0 0 3 2 2 2 0 2 3 1 2 3 3 0 4 4 3 3 1 0 0 3 2 5 2 1 1 3 2 5 2 1 1 2 2 2 2 5 2 2 4 3 0 1 0 3 1 1 1 1 3 1 4 2 1 5 1 0 1 1 3 0 5 4 2 1 3 1 2 3 1 1 2 3 1 1 2 0 1 0 2 1 0 0 3 3 6 1 0 0 1 0 4 1 3 1 3 4 3 1 2 1 2 2 1 3 0 3 1 5 1 3 0 2 1 1 1 0 0 1 2 0 6 2 0 1 5 2 1 4 1 2 2 2 4 3 0 3 2 0 2 1 2 0 3 2 2 4 0 2 1 1 3 1 3 1 2 2 0 0 2 3 1 3 2 2 2 2 3 0 0 2 2 5 1 1 1 2 3 1 0 3 2 1 4 1 2 3 1 2 2 1 2 2 2 4 3 1 1 1 1 1 1 0 1 3 3 0 1 2 3 2 1 1 2 2 2 1 1 3 3 4 2 2 2 3 1 2 2 0 2 4 1 2 1 1 3 2 2 1 2 1 2 7 5 2 1 0 5 2 0 1 1 2 3 2 5 4 2 2 1 2 4 0 2 1 3 5 2 0 2 2 3 3 4 2 4 2 0 1 0 4 4 0 3 4 2 2 3 2 3 2 3 2 0 0 3 0 1 0 5 1 2 1 4 0 5 4 0 5 1 0 1 1 2 3 1 0 1 1 1 2 1 3 3 3 2 4 3 4 1 0 1 2 1 1 2 0 2 5 2 2 1 1 3 3 2 2 2 4 1 2 2 2 2 3 2 1 1 1 3 1 0 4 3 3 3 1 1 6 3 1 1 3 1 0 3 4 0 1 4 3 1 4 1 4 2 2 1 0 3 2 2 2 2 2 3 1 0 2 0 5 4 0 3 1 1 0 2 2 1 4 1 6 1 1 1 2 2 3 1 3 4 4 4 0 2 0 1 1 3 2 0 3 4 4 2 0 2 1 1 0 1 3 4 2 1 2 4 1 1 4 3 5 1 4 1 0 1 0 1 0 4 2 0 4 2 1 4 3 0 0 3 0 3 1 0 0 2 0 1 2 4 2 3 3 2 2 2 2 2 0 1 3 0 3 7 2 0 0 2 1 1 8 1 4 2 1 1 3 4 3 1 1 1 1 1 2 3 1 3 1 1 1 4 2 1 1 1 3 2 3 0 2 1 3 3 2 2 5 2 3 2 2 2 0 2 1 2 3 3 2 0 2 4 1 4 3 2 4 1 2 2 2 2 0 2 4 2 1 1 1 2 2 3 5 2 2 1 0 1 1 3 4 2 1 3 2 1 0 3 1 3 2 2 3 3 0 2 2 2 1 1 1 5 3 2 1 0 1 1 4 3 1 2 0 1 0 4 2 2 2 2 0 3 4 1 3 2 1 1 2 3 1 0 0 3 1 0 2 5 0 2 2 3 4 5 2 1 3 0 2 3 4 4 0 2 3 2 4 1 1 2 2 3 1 4 3 3 3 0 0 2 0 2 0 1 1 4 3 0 1 3 0 1 4 1 1 2 3 1 2 0 1 4 2 2 2 2 1 4 3 3 2 2 2 2 2 3 3 3 1 3 2 3 3 0 1 0 2 2 2 5 3 1 0 0 2 3 3 3 1 2 1 2 0 0 2 6 0 2 2 1 0 3 0 2 2 1 2 2 3 3 1 3 2 3 4 1 3 0 0 1 2 2 2 0 2 4 3 3 1 7 2 2 2 1 1 1 1 0 1 0 4 2 0 2 4 1 2 2 3 1 3 2 3 5 2 0 1 0 3 2 1 2 3 3 2 3 2 0 0 2 1 1 2 1 5 1 0 1 3 1 2 2 3 1 4 1 3 1 1 4 3 2 2 1 0 1 1 3 2 5 4 1 5 1 1 0 2 0 1 1 2 5 3 0 3 0 4 0 2 2 2 1 1 0 3 1 3 0 4 4 2 0 1 2 2 2 2 2 4 0 4 2 3 3 0 1 2 1 3 1 2 7 1 0 1 2 1 3 0 0 2 1 3 2 0 1 2 6 5 3 1 3 4 4 1 2 1 2 1 3 3 0 2 4 1 0 2 1 2 0 6 0 0 3 2 3 1 3 0 1 2 3 1 1 4 1 2 2 4 2 3 2 2 1 3 1 2 2 5 1 1 0 0 2 3 3 1 2 5 5 2 0 2 1 3 0 4 1 1 1 1 1 2 0 2 3 3 1 1 1 0 2 1 1 5 3 1 3 3 0 3 0 2 2 1 2 1 2 3 1 0 1 4 3 2 1 0 3 2 3 2 4 2 4 2 0 4 1 1 3 4 2 1 0 2 1 3 3 2 0 5 0 3 0 1 3 2 2 2 3 1 5 2 0 3 1 1 1 2 5 5 2 1 3 3 0 1 1 1 3 1 1 1 3 1 1 2 3 2 2 3 3 0 3 1 0 2 2 2 2 1 3 5 2 1 2 1 3 2 1 2 1 4 1 3 2 2 1 3 1 3 3 3 1 3 2 0 2 2 2 3 1 2 4 3 1 4 0 5 3 0 4 1 4 1 3 3 2 1 1 1 3 3 3 1 3 2 2 1 2 2 2 4 1 0 1 4 1 1 1 2 1 0 2 2 2 1 0 5 4 0 2 2 3 2 2 0 2 2 1 1 1 2 4 1 0 3 1 3 1 1 1 1 3 1 1 0 2 3 3 3 1 8 2 1 1 1 4 1 3 0 1 2 6 5 0 4 0 0 6 4 3 1 0 1 6 2 2 1 2 4 0 1 2 1 2 2 3 0 4 1 0 1 1 1 0 2 0 1 3 1 2 1 4 1 2 3 1 3 2 3 2 0 2 1 2 2 5 3 1 2 2 1 2 1 2 4 1 3 3 2 2 1 4 1 2 1 0 2 2 3 2 4 4 3 1 3 2 4 1 3 1 0 4 2 0 0 5 5 1 3 0 4 2 1 1 4 1 2 1 2 1 1 5 2 0 2 0 2 4 3 2 1 1 2 0 3 0 5 0 4 1 2 1 0 2 3 5 1 1 5 1 3 0 0 2 0 2 1 2 4 1 5 2 3 4 2 1 4 1 1 4 0 1 0 3 0 1 0 4 3 3 1 2 1 1 2 1 1 2 2 3 3 4 2 1 3 4 1 1 1 4 1 1 1 1 1 1 2 2 2 2 2 3 2 2 1 2 1 1 2 2 2 2 3 3 1 1 2 2 3 2 2 0 4 2 1 3 3 4 3 0 2 2 3 6 1 3 4 2 0 0 1 2 0 5 0 1 4 1 0 2 2 3 5 3 2 3 2 1 0 3 0 2 3 4 2 5 1 0 1 0 1 2 4 0 1 4 5 2 1 5 3 1 1 0 3 2 0 2 1 2 2 1 2 4 2 4 3 1 1 2 1 1 2 2 2 2 2 1 2 0 2 2 2 2 3 1 1 1 5 2 2 2 2 2 1 2 0 2 2 0 2 1 4 3 6 4 3 2 1 1 2 5 3 0 1 1 3 1 4 2 0 4 1 2 2 2 2 2 5 1 1 3 1 1 3 0 5 3 1 3 2 1 4 2 1 1 2 1 1 1 4 4 1 1 0 1 1 1 1 4 2 0 2 3 0 3 0 2 1 0 3 2 1 2 2 1 3 2 2 2 1 4 2 3 1 0 7 0 2 1 4 3 2 3 1 3 3 2 3 3 1 0 3 1 2 1 2 4 4 0 3 0 4 2 2 3 4 0 1 2 2 2 0 3 3 3 1 1 0 2 2 1 3 1 2 1 4 1 1 0 2 5 1 4 0 2 4 0 5 1 0 0 3 2 2 4 1 4 1 1 1 1 2 2 1 0 3 2 1 1 3 2 1 1 2 2 2 4 1 3 2 0 0 1 1 5 1 2 1 0 4 6 0 2 0 3 4 3 3 0 1 2 3 1 0 2 4 1 4 0 3 2 2 2 1 3 2 1 1 2 3 3 2 2 0 3 0 3 0 4 2 4 2 0 2 3 2 3 1 0 2 3 2 3 4 1 3 2 0 1 1 1 1 1 0 0 1 3 4 2 1 2 5 2 5 1 1 5 0 2 1 1 2 1 2 2 1 2 1 2 3 1 3 1 0 2 0 2 2 1 2 2 1 1 3 2 3 2 4 0 1 2 2 2 2 2 1 2 2 1 2 2 3 5 1 1 0 2 2 1 2 2 1 2 0 0 0 1 3 1 1 3 1 3 2 1 3 2 1 1 4 3 1 1 1 2 3 0 1 2 3 3 2 3 0 4 0 3 3 2 5 5 1 3 0 2 2 1 3 3 1 2 0 2 2 0 4 3 2 1 1 4 1 2 0 4 1 5 2 0 3 2 3 4 3 1 2 3 1 2 3 3 1 0 2 4 0 1 4 0 2 2 3 2 4 3 1 3 2 3 2 5 3 4 0 1 5 3 1 6 3 0 1 1 3 2 1 4 1 2 0 1 1 5 4 4 2 1 1 0 0 4 2 3 2 3 3 1 2 1 3 4 2 1 2 2 2 1 2 1 4 1 5 1 2 3 1 4 3 0 2 0 1 3 1 2 2 2 2 2 3 3 0 2 5 5 0 2 2 2 4 3 0 0 4 3 2 2 1 2 1 0 6 2 2 4 1 3 1 3 0 1 3 1 2 0 3 3 1 2 2 0 4 3 3 6 2 2 3 5 0 1 1 0 2 2 2 1 3 0 1 4 1 1 1 1 1 0 2 4 2 1 2 2 2 4 0 2 3 3 2 0 2 2 1 3 3 3 5 3 2 2 0 2 2 3 1 1 2 6 3 1 2 1 2 2 1 2 3 2 2 1 1 1 1 1 5 1 4 3 1 3 2 0 2 2 1 2 1 2 3 2 2 1 0 0 2 0 1 2 2 4 4 6 2 2 1 1 3 2 2 3 1 4 2 1 3 1 7 1 2 4 0 3 2 1 2 4 3 2 4 3 1 2 1 2 3 4 2 3 0 3 2 1 0 4 4 1 2 3 3 1 2 0 1 3 0 0 3 4 6 2 2 0 0 4 1 3 2 1 1 0 1 1 1 1 0 2 5 1 1 2 4 3 0 3 1 0 1 5 2 5 1 2 0 1 2 1 2 2 3 3 4 1 0 1 2 2 2 2 2 4 2 1 1 0 0 2 5 2 3 0 2 2 1 1 3 3 3 1 1 3 5 3 1 1 3 2 1 1 5 5 1 1 3 0 2 2 3 0 2 3 3 3 1 0 5 0 0 1 1 0 2 3 1 3 6 2 0 2 2 4 2 2 1 1 2 2 2 4 3 1 0 4 1 1 2 1 0 7 1 2 1 2 4 4 0 1 3 1 1 0 1 2 3 3 1 3 4 1 3 4 0 2 0 4 4 1 1 2 0 6 1 2 0 3 1 1 1 0 4 1 4 1 2 1 3 0 2 1 2 2 0 3 4 4 0 1 2 1 2 2 2 0 3 3 3 0 0 2 2 2 1 5 1 3 0 3 6 4 2 1 4 4 3 0 2 1 4 3 2 1 2 3 2 3 1 4 3 0 2 0 3 1 0 0 1 4 1 0 4 1 3 4 1 1 4 2 1 2 0 2 1 2 1 2 2 0 3 2 3 1 1 2 1 2 2 2 2 1 3 2 0 4 1 4 0 4 2 0 0 1 3 1 1 3 0 1 2 2 3 0 3 1 0 0 2 2 4 3 2 3 2 5 1 3 2 1 2 2 1 3 2 3 0 5 2 3 0 3 3 2 1 2 1 2 0 1 2 2 4 2 6 2 1 1 1 2 2 0 4 1 0 3 3 2 3 5 2 1 2 3 1 0 0 0 3 0 5 1 3 0 5 0 3 1 0 3 1 1 1 3 2 5 1 2 2 2 0 2 3 0 2 1 1 1 1 2 3 1 1 1 3 2 1 4 2 5 3 2 2 0 4 3 0 5 0 2 0 1 0 4 2 1 0 2 2 5 4 3 2 2 1 2 2 1 3 3 3 2 3 2 1 3 2 1 1 0 3 2 1 3 2 3 0 0 3 5 1 3 5 3 1 2 2 0 2 0 2 0 2 1 4 3 0 1 3 3 3 1 2 4 2 1 1 0 3 1 0 3 0 3 1 3 3 3 1 3 0 3 2 3 1 3 1 2 2 2 3 2 2 1 3 1 0 1 2 2 2 0 1 3 1 3 4 0 1 2 1 0 2 3 1 4 1 1 1 0 4 2 2 1 1 1 2 1 1 1 1 4 4 2 1 1 4 5 2 2 3 3 2 3 4 2 1 0 3 1 2 2 2 1 2 3 4 1 5 1 1 1 5 1 3 5 1 1 4 1 2 2 2 0 1 0 5 0 3 3 2 1 4 4 2 3 1 3 0 3 4 1 0 4 0 3 2 4 1 2 1 3 2 2 1 1 0 1 2 2 4 3 1 3 1 2 1 3 0 2 0 3 1 2 2 1 3 2 4 2 1 2 2 0 2 3 3 1 1 3 1 2 3 1 2 0 1 0 4 0 3 2 4 5 2 0 2 2 3 3 4 1 2 2 0 2 3 2 1 1 1 3 2 2 1 3 1 0 1 1 1 0 3 3 4 3 2 3 1 1 1 2 5 0 4 2 2 3 2 2 1 2 3 2 1 2 3 2 1 3 3 1 1 2 2 3 1 0 2 4 1 1 1 3 1 3 2 0 1 2 1 1 3 1 1 3 3 1 3 1 4 1 2 7 2 3 0 0 3 1 2 3 3 2 0 0 1 1 4 1 2 3 1 2 3 2 0 0 2 2 3 5 2 5 1 4 3 2 2 3 1 1 2 3 2 1 1 2 4 4 0 4 4 3 4 2 1 2 1 4 2 2 2 2 5 4 0 0 2 2 2 1 1 2 0 3 3 5 4 2 2 2 1 2 1 1 2 0 2 2 1 1 1 0 4 3 3 2 3 3 2 3 0 3 3 1 4 2 2 4 2 2 2 4 5 1 3 2 2 2 2 3 1 4 3 2 4 3 1 2 1 1 1 2 4 3 4 1 2 3 2 3 1 3 0 3 3 2 2 5 2 0 1 3 4 1 1 1 3 2 2 3 0 6 2 1 2 1 3 3 6 1 1 2 2 1 2 2 3 1 2 4 1 1 0 3 3 2 0 0 4 0 0 2 2 2 1 1 2 3 2 2 3 1 3 5 2 1 1 4 2 1 6 2 0 4 1 2 1 2 5 1 1 1 1 4 1 2 2 1 0 3 1 1 1 3 1 4 1 1 1 7 1 1 2 3 1 3 3 1 2 3 2 3 2 3 1 3 1 2 3 2 1 2 0 3 1 3 7 2 2 2 1 2 0 1 3 1 5 1 1 4 1 2 6 2 5 0 2 1 2 4 5 0 2 0 2 2 3 1 2 1 0 4 6 4 3 3 1 3 1 0 2 4 1 3 0 1 2 0 2 2 0 7 3 2 2 3 4 0 2 0 2 1 1 3 3 3 3 2 2 3 4 2 3 1 1 1 2 3 0 1 1 3 5 4 2 0 1 2 5 1 1 3 3 1 0 2 4 4 3 4 4 2 0 0 0 2 0 1 2 5 0 2 3 0 1 4 1 2 2 3 1 2 0 2 3 4 2 2 1 4 1 4 2 1 1 1 4 2 1 3 4 0 0 2 3 0 1 3 4 2 1 2 3 0 2 0 2 1 2 5 0 3 0 2 3 1 2 3 3 0 2 5 4 4 3 1 2 1 1 1 2 0 1 2 1 3 1 0 1 6 3 0 1 1 2 2 4 4 2 0 1 5 0 3 1 2 5 2 1 2 6 2 0 1 2 2 0 3 1 2 2 0 0 2 5 2 5 1 4 1 0 3 2 0 1 2 0 0 1 2 4 1 4 0 1 1 2 3 0 2 1 1 2 0 0 4 1 6 0 3 0 2 1 2 1 2 0 1 0 2 3 1 3 1 4 3 2 0 0 0 6 1 1 1 3 1 1 3 5 0 2 1 0 2 1 3 3 2 1 0 5 2 0 2 3 2 3 1 2 2 1 1 1 1 3 3 3 1 0 7 1 2 2 1 1 4 1 0 4 1 3 2 4 0 0 1 0 5 2 1 0 5 2 2 0 2 2 2 1 2 1 2 3 5 3 1 5 0 5 2 0 2 0 1 4 1 2 2 1 4 2 2 1 1 1 3 2 3 1 1 0 0 4 4 5 5 1 3 1 3 2 2 4 0 3 0 3 1 4 2 1 2 2 2 1 0 1 2 7 1 3 2 4 1 2 1 0 2 1 1 1 1 2 3 1 1 6 2 2 1 1 2 2 3 3 3 2 2 5 2 4 2 2 2 2 1 2 3 2 1 4 1 4 1 0 0 1 3 3 3 3 2 1 1 1 2 2 2 2 1 2 0 1 3 5 0 3 2 2 1 3 2 0 0 2 1 1 3 3 1 2 3 3 3 1 2 2 3 1 3 1 2 2 2 2 0 2 3 4 0 4 2 4 1 0 3 0 3 0 5 3 1 2 0 1 1 2 3 2 3 2 0 2 2 1 2 0 1 1 2 1 1 3 3 1 0 2 1 3 4 3 0 2 2 1 2 1 1 0 0 2 2 1 3 5 2 2 2 3 1 2 1 1 1 2 6 6 0 2 0 0 1 1 4 2 2 3 0 1 2 2 7 0 4 1 2 0 2 3 2 3 3 0 2 4 6 3 1 1 3 2 2 1 3 1 3 3 1 1 4 1 1 2 0 1 1 2 5 2 4 2 5 1 1 0 2 5 2 3 0 1 3 3 3 0 2 5 5 2 2 4 2 4 0 1 2 1 2 1 2 4 2 3 1 1 1 1 2 1 4 3 2 4 1 2 0 1 1 2 2 4 4 1 0 0 1 2 0 3 1 2 1 4 2 3 4 2 2 1 0 1 5 1 0 1 5 3 3 2 1 2 1 1 0 2 3 1 0 2 2 4 1 1 4 1 3 3 3 1 2 0 2 6 1 2 0 3 5 3 0 1 4 2 2 2 0 2 1 2 2 1 2 0 2 3 0 4 2 2 1 1 2 4 1 3 1 1 0 1 0 2 4 1 2 3 0 3 1 2 3 4 3 0 1 1 2 1 3 2 1 4 1 0 0 3 1 2 2 0 1 2 2 0 1 2 2 0 1 2 1 3 3 0 1 3 2 1 3 0 3 1 2 2 1 0 3 3 3 2 0 1 4 3 4 1 0 1 1 2 3 1 1 4 1 0 3 3 1 3 2 3 1 0 1 4 2 3 1 3 1 0 5 2 0 4 2 3 0 1 2 3 1 0 2 3 3 1 4 1 1 2 3 3 2 2 1 0 2 2 2 4 0 3 1 3 1 2 2 1 3 4 1 1 1 1 1 6 1 3 2 2 3 0 2 3 3 4 4 1 1 0 0 0 1 0 2 0 5 3 3 0 3 1 0 1 2 2 3 2 4 0 1 2 2 2 2 1 3 1 4 2 2 2 2 0 1 3 0 4 1 4 1 2 3 3 2 1 2 4 2 3 3 2 2 0 1 1 2 3 2 2 4 2 1 3 4 3 0 1 0 4 2 1 4 2 0 3 0 2 2 2 3 1 2 4 2 3 0 1 1 3 1 1 2 2 3 2 3 1 1 2 4 2 1 2 1 4 3 0 1 0 2 2 0 1 1 4 1 2 5 2 0 2 0 3 1 1 3 0 4 1 1 1 0 4 4 4 0 1 2 3 3 1 1 1 0 0 5 2 1 3 2 1 3 5 0 3 3 0 1 2 3 2 1 2 3 1 4 4 2 5 3 2 0 3 1 1 1 2 1 3 1 1 2 2 1 3 3 6 1 2 2 1 3 3 1 5 2 3 1 1 3 5 2 2 5 1 0 3 0 3 1 2 2 3 1 2 1 4 2 1 4 2 1 2 3 4 1 4 4 0 3 2 0 5 4 1 1 1 3 2 2 3 3 2 3 2 3 1 0 1 3 4 2 4 4 1 1 0 2 4 2 0 1 2 1 2 2 6 4 3 2 1 1 1 1 3 0 3 2 3 0 1 3 1 3 0 1 2 2 3 3 2 2 2 2 2 2 3 0 3 1 2 1 3 2 0 2 4 0 3 3 2 3 4 2 2 1 1 2 1 1 1 2 0 4 4 1 2 2 3 4 3 1 1 2 1 4 4 1 3 2 2 2 2 4 1 1 3 1 0 3 1 1 1 3 3 1 1 3 0 1 3 2 1 2 1 2 0 2 1 1 2 3 2 4 3 2 1 0 2 2 2 1 2 1 4 0 3 4 1 2 1 3 1 3 2 2 0 4 2 3 2 2 0 2 2 0 3 1 3 3 1 1 2 3 2 3 4 5 2 2 4 1 2 0 3 3 0 0 1 0 2 0 0 3 3 1 6 3 2 5 1 1 1 5 4 2 2 1 2 3 1 2 1 1 1 2 3 2 1 4 1 4 1 3 2 2 3 2 0 1 3 1 2 0 2 2 3 0 3 3 1 2 0 0 1 0 2 3 4 3 2 3 4 1 0 2 2 2 2 2 2 0 2 0 2 2 5 1 0 3 2 2 1 0 4 3 2 2 0 2 0 1 2 2 2 3 5 2 0 5 1 2 1 0 1 1 1 2 4 0 3 3 5 2 0 0 2 4 2 2 1 2 2 3 1 2 3 2 0 3 2 0 1 2 1 0 6 2 3 3 2 1 0 1 1 6 1 4 2 0 4 1 2 2 1 4 3 1 2 3 1 0 1 0 1 1 3 4 2 0 0 0 2 0 1 4 2 2 2 6 2 0 1 3 3 1 1 2 5 2 1 3 4 2 2 2 5 1 0 3 1 1 1 3 3 3 2 1 1 1 1 2 2 1 1 2 1 1 3 0 1 1 1 2 1 1 4 3 4 3 2 0 3 2 1 2 4 1 4 2 5 1 3 1 1 1 1 0 1 4 2 0 1 3 3 2 4 3 3 1 0 3 1 1 1 4 2 5 1 1 1 0 1 2 1 2 2 4 2 2 3 2 3 2 2 4 2 1 0 5 4 2 1 1 1 1 2 1 3 3 2 2 0 1 1 0 4 3 1 5 0 4 1 1 4 1 3 3 2 2 0 1 2 2 1 3 2 2 3 1 5 2 1 1 1 2 0 3 1 1 3 2 1 2 3 0 2 4 4 3 3 0 1 6 3 2 1 2 3 2 1 4 1 3 0 2 1 1 0 2 1 3 4 2 2 2 1 3 4 1 2 3 2 0 4 0 0 1 1 2 3 2 4 0 2 2 0 3 2 1 3 4 1 0 3 0 2 3 3 3 2 4 3 6 2 1 1 1 2 1 3 2 4 2 3 0 2 3 2 3 0 3 0 0 4 3 2 1 2 1 1 0 1 2 1 0 2 1 1 2 0 2 2 3 3 2 2 2 1 3 1 4 2 1 2 4 3 2 3 0 2 1 4 1 3 2 2 0 1 0 2 1 2 4 2 2 0 2 2 6 5 2 2 4 0 1 0 2 1 1 2 0 6 5 1 1 2 1 5 5 3 0 2 2 0 1 2 1 0 5 5 2 2 2 2 0 2 0 2 2 3 1 5 2 5 0 0 1 3 3 2 2 1 0 1 3 2 2 0 1 4 2 0 1 2 2 2 6 0 3 1 3 1 1 1 2 3 3 2 1 2 2 1 2 3 3 2 1 2 2 0 0 3 2 2 2 2 4 4 1 2 2 5 1 2 3 4 2 4 1 0 3 2 3 0 1 2 2 1 1 2 2 4 2 3 1 4 1 1 4 2 3 3 4 1 2 2 1 2 6 4 1 2 1 2 0 6 2 2 1 1 2 1 1 3 3 1 2 4 1 4 2 1 1 2 0 1 3 1 0 3 0 4 2 2 4 0 2 4 3 4 1 3 2 2 1 0 3 1 4 1 1 1 2 2 1 1 2 1 1 3 4 2 2 0 0 1 2 1 1 2 2 1 2 3 3 3 3 0 2 1 2 3 0 2 3 1 3 3 0 1 1 2 2 2 3 2 1 1 2 1 1 4 2 0 1 1 0 1 0 0 1 3 3 3 2 1 2 0 2 1 3 1 2 1 3 3 2 1 0 2 3 5 2 3 0 1 3 4 0 0 2 1 3 3 3 8 2 1 2 2 1 4 2 1 2 2 0 5 2 0 1 1 4 2 1 0 1 4 3 0 4 4 3 4 5 0 1 1 4 2 1 2 5 2 0 0 2 2 2 4 0 2 2 3 2 3 1 4 2 1 1 2 1 0 2 4 3 2 1 3 1 3 2 3 4 3 0 0 1 2 2 1 0 2 2 2 2 1 0 2 5 2 0 2 1 2 2 1 3 3 3 1 1 4 2 1 1 2 2 2 2 2 2 4 3 2 1 3 0 1 4 0 3 2 0 2 1 3 2 0 1 2 2 2 5 3 0 0 3 2 1 3 1 3 1 1 4 0 3 4 1 4 2 4 4 0 0 2 3 1 2 2 1 1 1 3 2 0 5 1 2 1 1 4 2 1 0 2 1 4 3 2 3 0 1 2 4 1 2 4 2 0 3 0 4 3 2 2 1 2 1 4 3 0 1 4 2 0 0 2 2 2 4 1 4 0 2 1 1 2 2 0 0 6 2 1 1 3 2 4 3 2 3 0 2 2 3 4 1 1 2 2 4 1 2 0 3 2 0 0 5 2 0 2 2 3 1 1 3 1 4 1 3 3 3 0 2 1 1 3 3 4 1 2 0 3 2 2 4 1 2 1 4 1 1 2 2 3 3 4 0 2 1 2 2 1 3 1 5 1 1 1 3 3 3 3 3 2 2 1 1 2 0 1 3 4 2 1 3 0 2 2 2 1 5 1 2 3 0 1 1 3 2 1 3 4 0 2 1 1 2 1 0 2 3 1 1 4 2 1 2 8 2 2 2 3 2 2 1 1 2 1 1 3 4 3 2 3 4 4 4 1 0 4 2 1 2 2 0 2 4 2 2 3 1 0 3 6 1 1 2 3 2 1 0 2 1 3 2 1 0 2 3 1 2 5 2 1 2 1 5 2 1 2 2 0 2 3 5 4 2 2 1 1 4 5 1 0 1 1 3 1 2 1 3 3 3 3 0 2 3 3 0 4 0 1 4 2 1 0 2 3 0 3 5 1 1 2 1 1 2 2 4 1 4 1 1 0 1 2 5 2 3 2 2 1 1 2 1 0 2 4 3 0 4 3 2 3 0 2 4 3 4 3 0 2 1 2 3 0 2 2 2 1 1 2 1 3 2 2 5 4 0 1 2 3 4 3 0 5 2 1 5 2 1 3 0 3 0 2 4 2 3 1 1 2 3 1 5 1 1 1 0 0 1 1 3 4 3 2 1 3 3 2 4 1 1 0 1 0 3 2 0 0 3 2 1 1 2 2 2 1 3 0 3 4 4 1 0 2 1 3 2 0 1 7 1 4 2 5 1 3 0 3 2 2 4 4 3 0 4 0 2 2 3 2 2 1 0 2 4 0 0 1 4 0 4 3 3 2 1 1 3 0 2 1 1 1 3 4 2 3 1 1 1 2 2 1 1 5 0 3 4 0 2 3 1 1 3 1 0 1 3 2 3 3 2 1 7 0 0 3 0 3 4 2 1 6 0 0 2 1 1 5 0 0 3 0 2 1 1 0 3 3 2 3 3 1 4 2 1 1 4 1 1 1 5 2 4 3 0 2 0 1 0 6 1 2 6 1 2 3 4 1 2 2 5 1 5 0 2 2 2 0 3 0 3 3 0 4 2 1 0 4 1 5 0 5 0 2 3 1 2 3 1 3 1 0 3 2 3 1 2 3 0 3 2 0 2 6 2 0 3 3 1 1 1 3 1 0 2 3 1 2 3 3 2 0 2 2 5 3 5 3 2 1 2 1 1 0 1 3 0 2 1 5 2 2 1 1 1 1 4 6 1 1 2 4 1 4 0 2 4 2 2 1 2 3 1 1 5 0 0 4 2 2 1 1 2 1 4 4 2 1 2 2 1 1 0 2 2 0 1 5 2 2 3 2 1 1 2 4 5 3 1 0 6 0 0 1 1 2 2 3 1 2 3 5 2 2 2 0 1 1 2 2 2 2 3 1 3 2 1 3 1 2 2 4 2 0 4 2 1 1 6 4 0 1 0 1 3 3 4 2 4 3 2 2 3 1 4 2 1 2 0 1 1 2 2 2 5 2 1 0 1 0 1 0 0 3 3 2 4 3 1 3 2 1 3 3 0 0 1 0 0 1 1 4 3 3 2 3 1 2 1 3 1 1 2 4 1 1 4 3 1 2 2 0 1 0 2 1 3 2 3 0 3 2 1 0 2 5 1 1 0 2 0 1 0 1 0 4 2 2 2 2 3 2 2 3 1 3 6 1 2 4 3 1 1 2 1 3 2 2 4 2 5 2 1 1 4 0 0 7 1 2 3 1 2 2 2 2 2 2 0 5 0 3 0 3 2 1 0 2 3 3 2 2 3 1 2 1 1 3 1 2 2 4 1 2 1 1 1 4 2 2 2 2 2 2 2 0 0 3 1 1 2 2 2 1 3 4 5 2 3 1 3 2 4 4 4 4 2 1 0 4 3 1 2 2 2 0 2 0 1 1 1 2 0 2 4 0 1 3 4 3 1 5 0 0 2 3 1 3 4 0 5 1 3 2 4 5 0 1 4 1 2 2 5 3 4 1 2 1 2 0 2 1 4 2 2 1 1 1 1 5 4 0 1 1 4 1 2 2 3 2 1 3 1 2 4 3 3 1 3 1 1 2 2 2 3 0 1 3 2 2 3 3 6 0 0 1 4 1 1 0 1 1 1 6 2 6 0 2 1 1 2 0 4 2 5 0 3 1 2 1 1 3 0 2 1 0 4 1 3 3 3 0 2 3 2 1 5 0 2 3 2 2 1 3 2 3 4 2 2 1 5 1 1 2 2 2 3 3 1 3 1 4 2 0 1 1 3 1 4 3 4 1 0 3 3 3 1 2 3 1 1 1 4 0 1 3 0 0 4 1 4 0 1 2 3 0 3 2 2 4 2 2 1 1 4 2 2 3 5 1 1 1 3 1 5 1 0 3 2 3 2 1 2 0 1 5 1 4 1 0 3 3 0 3 3 1 0 0 3 4 1 2 4 1 2 2 3 2 4 2 2 0 2 1 4 3 5 1 2 4 2 2 1 2 0 3 2 0 1 3 2 5 5 1 0 1 2 1 2 1 0 4 3 4 1 1 2 3 1 3 2 1 1 2 4 2 3 1 2 2 1 2 0 4 2 2 4 3 3 4 1 2 0 2 2 1 3 1 4 2 1 0 0 4 4 2 0 0 6 2 3 1 1 4 2 2 1 2 0 1 3 5 4 0 2 3 2 1 1 6 3 2 1 1 0 2 3 3 1 2 3 2 2 2 2 3 1 3 2 5 3 0 2 1 1 2 2 0 2 2 1 2 0 1 2 1 2 2 0 0 5 3 0 1 2 3 1 3 2 1 2 1 2 2 4 1 1 2 2 1 2 2 1 1 2 2 1 1 2 2 0 3 2 3 2 2 1 2 2 1 2 1 0 1 6 4 3 5 2 0 0 2 1 2 2 2 4 1 0 0 3 2 1 4 2 2 1 2 1 1 4 5 5 1 0 4 2 2 1 1 0 5 5 4 1 1 3 2 2 2 3 2 1 3 4 4 0 2 0 3 1 3 1 2 2 2 3 4 3 4 3 1 2 2 2 4 0 0 1 2 3 2 1 2 1 1 3 5 4 0 1 1 0 3 0 1 3 1 2 4 2 3 1 1 3 2 2 2 2 0 1 4 4 1 3 1 0 3 0 0 0 5 2 3 2 1 2 1 3 2 4 3 0 2 1 4 2 4 1 0 3 1 3 2 2 0 3 2 1 4 1 3 0 2 2 1 2 3 0 6 3 3 2 0 3 3 2 1 2 4 3 2 0 2 1 2 4 3 1 3 0 1 2 1 2 2 2 3 3 1 5 3 3 1 1 3 1 4 3 1 4 3 1 2 1 2 3 3 0 3 3 2 1 1 0 4 0 1 3 2 2 1 0 0 0 1 0 4 2 2 2 3 1 2 0 4 4 2 4 1 3 3 1 0 1 2 2 4 2 3 1 2 1 1 1 3 4 4 0 5 5 2 0 4 1 2 3 1 3 0 0 1 3 1 0 2 4 5 3 2 0 3 1 2 1 5 3 1 4 1 3 2 1 2 0 2 3 1 3 2 2 1 0 3 1 2 1 1 1 3 0 4 0 2 2 1 3 5 3 2 3 2 3 2 3 2 0 2 0 1 1 3 1 1 3 3 0 5 1 3 3 1 3 3 3 2 5 0 3 3 1 4 1 1 3 2 1 2 0 2 3 1 0 1 3 2 5 0 2 3 1 2 0 1 1 2 0 2 4 0 4 3 2 1 1 2 2 1 2 2 2 2 2 2 2 2 4 2 2 1 4 2 0 4 4 0 2 3 0 0 1 2 0 1 0 2 2 3 0 3 5 2 2 3 1 3 0 0 2 2 0 4 2 0 2 3 2 1 2 2 0 5 1 2 2 3 2 1 2 0 2 2 0 1 3 0 2 3 1 0 3 2 2 2 3 1 3 4 3 2 2 2 2 3 1 1 4 1 2 1 1 2 1 3 2 4 2 1 3 2 0 3 1 0 2 1 3 1 0 0 3 2 4 4 1 3 4 0 3 2 3 2 0 3 2 2 0 1 3 3 2 4 1 1 2 2 2 2 2 0 2 1 3 4 2 2 5 1 4 2 4 2 0 0 4 4 4 1 1 1 1 1 0 2 2 1 2 3 2 3 5 0 1 1 1 0 2 1 0 3 1 2 4 3 5 2 2 1 2 2 1 0 0 5 3 4 2 2 3 1 0 3 0 1 0 5 3 2 1 3 3 0 0 1 2 1 2 1 3 3 3 2 4 1 2 5 1 2 1 0 1 2 2 0 3 4 2 3 1 1 2 3 0 1 3 2 2 1 2 2 3 2 2 2 4 1 2 1 2 3 1 3 1 2 4 4 1 4 1 3 0 3 3 0 2 5 1 3 2 4 1 2 1 1 4 5 1 2 1 5 1 2 5 1 1 2 1 2 1 2 4 4 3 1 1 3 3 0 3 0 3 2 3 1 2 1 3 2 0 1 2 4 0 1 1 2 2 2 3 3 2 1 1 1 4 2 2 4 1 1 2 3 3 4 4 3 0 3 3 3 1 1 2 0 2 1 3 1 3 1 4 0 3 3 2 1 2 0 1 2 1 2 1 1 0 1 2 0 1 4 3 2 3 1 0 3 2 3 3 2 0 3 5 0 1 4 2 2 0 0 1 2 3 1 1 4 1 0 2 2 3 2 3 2 2 0 3 3 1 2 3 1 1 1 3 2 4 2 2 1 4 4 2 3 1 2 2 1 3 4 4 2 2 3 0 3 2 1 0 0 1 2 3 2 3 0 4 4 2 3 0 2 2 2 1 6 2 1 3 3 2 2 3 1 1 2 0 2 2 0 0 1 0 3 2 2 2 3 3 0 2 2 3 0 1 1 1 2 4 2 1 2 1 3 2 6 0 5 2 0 3 3 2 2 2 2 4 3 0 5 1 1 2 3 1 2 1 4 0 2 1 3 3 2 3 2 1 0 1 2 2 1 1 2 1 3 2 3 2 1 2 4 4 1 2 2 0 3 2 3 2 2 1 2 1 4 0 2 1 2 3 1 4 1 0 0 3 0 1 1 0 3 4 1 3 4 0 1 3 4 0 1 1 2 2 1 3 2 2 3 4 1 2 2 1 2 1 2 4 2 3 3 1 1 0 0 1 2 0 4 1 2 2 3 1 3 1 3 2 0 4 1 1 3 2 0 1 1 2 2 3 1 2 2 1 0 2 3 0 3 2 2 1 1 3 1 0 1 0 3 2 5 1 2 3 2 0 1 1 1 4 0 2 2 4 3 1 0 3 3 1 2 4 1 2 2 2 1 3 1 0 3 4 4 2 1 2 1 1 0 2 1 0 2 3 1 1 2 3 2 1 1 0 3 4 2 0 2 2 3 3 6 1 1 0 1 1 1 3 4 2 3 3 2 0 1 3 2 3 1 2 0 3 4 3 2 3 3 0 1 3 2 1 3 4 1 2 2 1 1 1 4 3 1 3 1 1 2 1 1 4 1 3 6 3 4 2 1 2 2 3 0 4 1 3 4 0 0 2 3 3 5 0 3 1 1 0 5 1 1 2 1 2 1 1 3 2 1 3 3 2 1 3 1 3 3 5 0 1 3 0 4 1 3 2 2 1 1 1 2 1 4 1 3 4 3 2 3 2 2 1 1 2 3 2 2 3 4 0 2 2 1 0 5 4 0 2 0 5 1 1 4 1 1 2 3 0 4 5 1 0 1 1 0 2 2 6 2 0 4 4 0 1 2 3 2 2 3 1 2 1 5 1 2 2 3 2 2 5 0 1 0 1 2 2 1 2 3 3 0 1 4 3 2 1 5 5 3 1 0 1 1 0 3 3 2 1 0 4 1 4 0 0 4 3 3 2 2 2 1 0 2 0 1 1 1 1 3 1 0 1 2 4 2 3 0 1 3 0 2 4 1 2 2 3 1 2 2 0 3 3 2 1 3 1 4 1 5 3 1 1 1 0 0 1 1 1 3 2 1 4 2 6 2 3 0 2 1 0 1 2 1 3 2 3 3 3 2 1 2 3 0 4 3 1 2 1 1 3 2 2 3 0 1 5 1 3 0 1 3 4 2 2 2 4 1 0 4 1 2 1 3 4 1 2 3 3 1 1 2 3 1 0 1 1 2 3 0 2 2 3 2 1 6 1 1 2 1 3 1 3 2 4 2 1 2 1 2 3 2 2 0 1 3 2 1 0 0 1 1 6 3 0 1 3 2 0 1 3 2 0 0 0 2 0 3 1 3 2 4 1 0 4 1 3 3 1 1 2 4 4 2 3 3 3 2 2 2 0 2 0 2 2 1 3 2 2 4 6 1 0 0 1 0 3 2 3 7 2 0 2 1 2 1 9 0 0 1 2 2 1 3 3 2 3 2 5 2 2 1 4 2 2 2 2 2 1 1 2 1 0 2 1 1 0 2 1 2 1 0 2 1 1 1 1 3 1 0 2 1 3 2 0 1 1 3 3 2 3 1 6 2 3 3 2 1 2 1 1 3 1 1 2 2 2 2 1 2 1 1 2 4 1 3 2 2 0 3 1 3 3 1 3 1 4 3 1 1 0 6 0 1 3 3 3 1 1 1 3 1 2 3 2 5 5 1 3 1 2 0 0 4 0 4 0 3 2 2 3 1 2 3 1 2 1 3 0 1 5 4 2 1 2 3 1 2 3 4 3 1 4 3 2 1 2 1 1 6 3 5 0 0 2 2 2 2 1 3 3 2 3 3 2 2 2 2 4 3 3 0 0 2 1 3 2 0 2 1 3 0 3 5 2 1 3 2 1 2 0 5 1 4 0 5 1 1 3 0 1 1 2 1 5 2 4 1 4 0 1 3 1 0 1 1 3 3 2 0 2 2 1 1 3 1 0 1 3 4 1 2 2 1 2 2 1 4 0 3 1 3 0 2 1 1 3 2 1 3 0 2 1 4 3 2 3 1 2 4 2 0 2 4 3 1 2 6 2 2 0 2 0 4 2 2 3 2 0 1 2 4 1 4 2 2 6 2 1 1 4 3 2 3 3 0 3 4 3 0 2 2 2 0 1 2 3 3 4 2 2 2 1 1 1 5 1 3 3 2 3 2 2 2 3 3 1 1 2 0 2 0 3 7 3 1 0 0 1 3 2 1 2 1 2 2 2 2 1 2 3 2 1 2 2 1 1 0 5 2 4 4 1 2 3 0 2 3 2 1 5 1 0 2 0 2 1 0 1 6 3 3 1 3 3 0 2 1 1 2 1 3 2 2 1 1 1 0 3 1 1 1 1 1 3 1 3 0 0 4 2 1 1 1 1 4 3 0 0 2 2 1 1 2 3 2 5 0 3 4 2 3 1 0 3 1 4 5 2 1 2 3 2 4 2 0 3 0 0 2 1 1 5 2 2 2 2 1 4 1 1 5 3 4 0 0 0 2 2 2 1 0 3 4 1 1 3 5 1 1 1 3 4 2 0 3 1 2 3 2 3 2 3 2 2 3 2 0 0 3 2 3 0 5 4 1 2 2 3 2 1 2 3 2 1 3 2 3 1 2 3 2 2 1 1 3 0 2 2 2 5 3 2 1 0 2 2 2 2 4 2 3 0 1 2 0 5 1 2 3 1 2 0 2 1 2 4 2 0 0 2 1 0 3 5 2 1 2 2 1 0 4 2 3 2 1 3 2 3 3 0 3 2 1 5 1 1 0 2 6 1 2 3 3 2 3 1 3 0 1 0 0 2 2 1 1 5 2 2 0 0 3 5 2 1 3 1 2 7 0 1 0 2 2 1 3 0 3 2 2 2 4 4 1 5 1 1 5 2 1 0 3 0 3 2 1 0 2 4 1 3 2 4 0 2 3 2 4 3 5 1 1 1 0 5 3 2 0 5 2 1 1 1 0 2 3 2 3 1 3 1 3 1 3 2 0 2 2 3 0 1 2 2 5 4 2 1 1 1 1 2 1 1 3 2 1 4 1 1 2 0 2 3 2 3 3 2 0 0 4 2 4 2 3 1 3 3 5 1 2 0 0 0 4 4 1 0 2 1 1 3 0 2 2 1 1 7 1 0 0 3 3 0 6 0 0 5 5 2 2 3 0 2 1 1 2 0 1 3 1 3 3 2 5 2 2 4 2 2 6 2 0 1 0 1 3 1 1 2 2 1 4 4 1 3 4 1 1 2 2 3 2 3 1 0 0 3 2 4 1 1 4 2 3 2 0 0 3 1 3 3 0 2 3 1 0 2 2 1 3 0 2 2 5 4 2 2 2 1 2 2 3 2 0 2 0 2 0 3 1 1 1 5 1 4 2 3 0 1 0 5 2 4 1 2 2 3 0 2 3 2 2 0 1 0 1 0 4 2 1 3 1 2 2 1 3 0 6 1 1 5 0 2 1 3 3 2 1 1 2 0 2 1 0 3 1 2 0 4 1 2 6 2 1 2 0 1 1 1 2 1 5 1 2 0 1 3 0 1 4 2 1 1 2 2 1 4 0 0 2 3 1 6 2 1 2 1 1 3 3 1 1 4 1 0 1 4 2 3 1 2 2 1 1 2 0 3 1 0 1 2 1 2 2 5 1 1 3 1 1 3 1 3 0 2 0 1 2 4 5 1 1 2 1 3 2 4 7 1 1 2 5 1 0 2 2 1 3 0 1 3 3 0 2 1 1 3 2 1 0 2 2 1 1 2 0 1 4 1 3 2 3 0 0 3 2 1 2 4 1 2 2 1 0 2 3 1 0 2 0 1 2 1 5 1 1 0 2 0 7 2 0 2 4 3 4 2 1 0 1 3 1 4 1 1 5 3 3 2 3 1 1 3 4 1 5 1 2 2 1 3 0 1 5 4 2 1 2 1 3 3 5 0 0 4 1 1 1 2 2 0 1 3 3 2 2 0 2 3 3 2 1 3 0 4 2 1 2 5 3 1 3 2 1 1 4 1 3 3 4 1 0 3 0 4 0 1 2 1 3 0 1 1 2 2 2 3 4 4 1 2 1 0 3 6 3 2 1 1 3 3 2 1 2 2 2 2 2 2 1 4 0 3 1 2 1 5 1 2 2 1 3 0 4 1 2 2 0 1 3 2 3 5 2 2 0 3 0 3 1 3 0 4 1 0 3 3 0 4 2 1 2 0 3 2 1 3 4 4 0 0 3 1 0 1 4 2 3 3 7 0 1 2 3 1 4 2 2 3 1 1 2 4 0 3 8 2 1 0 2 3 4 0 6 2 3 2 0 2 3 0 3 1 3 4 3 2 2 2 3 1 1 1 4 0 5 3 3 4 2 0 1 3 2 3 1 4 4 1 2 4 2 1 1 1 2 0 1 2 0 0 2 1 4 4 1 2 3 1 2 0 1 2 3 2 1 2 0 0 2 3 1 5 4 2 2 1 1 2 2 4 2 3 3 3 1 4 2 2 2 4 2 1 2 0 1 2 5 0 3 1 2 3 3 2 0 2 1 2 1 4 2 1 1 2 2 2 0 1 1 1 7 3 1 3 3 1 1 3 3 1 3 1 1 1 4 2 4 0 2 3 4 1 2 1 2 0 5 0 1 5 0 7 1 1 1 3 1 4 1 1 3 2 0 4 3 1 1 3 1 1 1 1 0 3 2 4 3 3 1 1 1 0 2 1 2 2 2 2 2 0 2 4 4 1 2 3 1 0 4 5 2 4 0 2 0 2 2 2 2 4 0 0 3 0 2 2 3 4 2 6 3 1 2 2 2 1 0 1 2 1 2 0 4 1 2 0 1 4 1 0 3 3 2 2 1 1 4 2 0 2 3 0 2 0 3 2 1 2 3 3 2 4 2 0 2 2 4 1 0 5 1 1 0 2 3 1 3 2 3 3 2 1 0 0 0 2 3 4 0 3 2 0 1 1 2 2 1 1 1 5 1 0 2 0 3 2 4 4 3 0 6 2 2 3 3 0 3 0 1 4 3 2 1 0 0 3 3 0 3 3 0 2 1 1 2 0 2 2 1 0 1 1 1 3 4 2 1 0 2 0 5 2 1 0 0 3 4 3 2 0 5 2 2 0 0 2 1 2 1 3 0 5 4 2 0 2 2 3 1 3 4 2 3 4 1 2 4 2 4 1 2 1 3 4 2 3 4 2 1 0 2 1 2 1 2 0 3 0 3 2 4 3 1 1 1 1 2 2 3 2 4 1 1 4 2 1 3 4 4 3 2 4 2 1 4 1 1 0 1 4 4 2 1 1 2 4 2 2 2 1 1 2 1 0 2 0 3 4 2 2 2 0 0 3 0 1 5 3 3 3 3 0 0 3 1 2 1 5 2 4 2 0 4 1 1 0 1 0 0 2 1 2 2 4 1 2 2 3 1 2 4 1 0 4 0 1 2 3 2 1 1 1 4 4 1 3 2 4 1 0 1 1 3 3 5 2 0 1 1 2 1 2 1 3 3 2 1 2 0 2 4 1 1 0 4 1 1 1 3 2 2 2 1 4 2 0 3 2 1 3 1 0 5 4 3 0 2 1 1 4 2 2 1 3 1 2 3 3 1 6 1 1 1 1 3 2 1 3 3 0 2 2 1 2 3 2 3 3 0 2 0 1 1 4 0 2 2 1 1 0 2 1 0 1 0 2 2 5 3 5 0 0 0 1 1 2 0 3 2 3 4 3 3 0 2 1 1 1 1 2 5 0 0 2 1 1 1 1 1 2 2 3 2 1 5 0 1 0 3 4 2 2 3 3 1 1 3 1 0 1 2 1 0 0 1 4 2 4 4 3 3 3 2 0 2 1 0 0 4 2 1 1 2 2 4 2 2 1 3 0 3 1 5 3 0 1 3 2 1 2 1 4 1 4 2 2 0 3 2 1 2 1 1 2 2 2 3 3 0 1 0 4 2 1 2 1 1 2 2 1 3 1 0 2 0 0 2 5 4 6 5 3 1 0 1 2 2 1 3 0 1 3 5 4 3 2 1 3 2 2 2 0 2 3 1 3 1 2 3 1 1 1 4 1 1 1 1 4 3 2 1 1 0 2 5 1 2 1 1 3 3 2 1 0 2 1 4 1 2 5 0 3 3 2 0 1 1 0 3 4 2 2 3 1 2 7 0 1 1 1 2 2 2 3 0 3 2 2 2 1 1 2 4 3 4 1 5 1 3 2 1 3 2 2 2 1 1 3 10 2 1 3 2 0 1 0 3 0 3 6 3 5 6 0 1 0 3 1 3 3 1 1 0 3 2 0 2 2 2 4 0 3 3 1 2 2 0 2 1 0 2 5 4 2 4 1 1 1 2 1 1 3 2 1 2 2 3 5 4 2 1 1 3 3 1 1 1 0 2 2 1 1 2 1 0 3 0 0 3 3 4 1 1 0 3 2 3 2 6 0 3 4 4 3 5 1 2 2 2 0 0 3 2 6 3 2 2 3 1 2 4 2 2 2 3 1 2 4 1 3 1 3 2 1 2 0 2 0 1 2 1 2 1 2 1 3 3 0 1 0 0 2 0 1 0 1 3 4 3 2 2 0 2 3 0 4 5 2 0 0 1 3 3 3 3 2 4 3 0 1 2 2 1 1 2 1 4 1 4 1 1 3 2 3 2 2 1 4 2 0 4 0 2 3 0 0 2 0 3 2 2 5 2 0 0 1 0 2 4 3 2 2 4 1 2 1 2 1 3 2 4 4 0 2 2 1 3 1 1 1 3 1 0 0 2 5 1 3 2 3 0 2 2 1 4 1 1 2 3 2 1 1 4 2 4 3 0 0 4 0 3 3 1 1 3 1 1 2 1 1 1 1 1 4 2 2 1 3 0 2 2 1 1 5 3 1 0 1 4 2 3 2 1 1 3 2 2 3 1 2 4 1 2 2 1 2 2 2 3 3 2 3 5 1 0 0 1 4 1 0 3 1 1 5 2 1 0 2 2 2 1 3 3 2 1 3 0 2 2 0 1 1 0 2 1 6 3 1 0 0 1 1 3 2 2 0 0 2 3 2 3 4 1 4 2 2 3 1 5 2 3 2 2 2 4 2 2 3 2 0 5 2 5 0 1 1 2 3 1 2 7 3 2 0 0 3 1 6 3 1 6 1 1 0 2 1 3 4 2 2 0 3 3 1 1 6 1 2 3 2 0 1 1 5 2 0 5 2 4 1 3 1 0 4 2 1 1 0 1 5 2 0 0 2 5 3 2 1 0 2 0 0 3 1 3 5 4 3 4 2 3 0 1 1 3 3 1 2 4 1 0 2 4 1 3 2 5 4 2 0 4 0 4 3 0 3 0 4 1 3 3 0 2 1 3 2 4 3 0 1 2 1 1 3 4 4 1 3 3 2 1 2 3 4 2 1 3 0 3 3 2 1 3 2 1 2 3 3 3 1 2 2 2 1 1 0 1 6 1 7 1 3 2 2 2 2 0 2 1 1 3 1 1 2 0 4 2 1 0 3 1 2 2 4 0 2 1 1 0 0 2 2 4 5 4 3 1 1 1 1 2 1 0 1 2 0 1 3 5 1 3 3 3 0 2 2 1 0 2 1 3 2 1 4 1 2 1 4 3 3 2 2 2 2 1 2 2 4 3 0 2 1 3 1 2 2 1 0 0 0 2 3 1 3 2 3 1 1 2 1 1 0 2 0 5 3 1 1 2 4 1 1 1 2 1 2 3 2 2 4 2 2 2 2 1 2 3 3 0 1 0 4 0 1 2 3 3 2 1 2 2 1 2 2 2 0 2 3 3 1 6 2 2 2 2 2 3 1 1 3 1 0 3 1 1 3 2 2 4 1 1 3 1 3 4 4 0 0 5 5 1 3 2 0 1 0 5 1 2 3 1 2 1 2 4 0 2 2 3 0 6 1 5 2 3 0 1 3 3 2 1 4 1 4 1 1 3 1 0 3 1 2 3 1 2 2 1 1 2 2 2 5 1 0 1 1 1 2 0 2 3 1 4 1 1 2 3 1 0 1 4 3 6 1 0 1 4 2 2 4 3 2 1 3 2 4 2 1 1 0 3 5 3 1 2 2 0 3 2 2 3 3 1 0 1 3 3 4 2 2 3 0 0 2 2 1 3 0 0 2 1 3 1 0 2 3 0 4 2 3 2 2 1 1 3 5 1 3 1 4 2 0 3 2 4 0 1 2 5 3 4 1 3 0 2 1 1 0 3 4 2 5 0 4 1 1 1 2 3 3 0 1 3 4 2 1 0 2 3 3 3 3 0 2 1 0 3 0 3 3 4 2 1 2 2 2 3 4 2 3 1 2 1 2 2 3 3 3 2 2 2 2 2 4 1 2 2 2 4 1 2 0 0 0 2 3 1 2 3 0 1 1 2 2 5 1 1 1 1 2 2 1 3 1 0 1 1 2 2 6 3 1 2 1 2 1 2 2 2 3 2 3 4 3 4 0 2 3 2 0 3 0 2 2 5 4 0 1 1 3 3 2 2 0 2 1 6 1 1 1 1 3 1 2 0 1 0 6 4 1 3 5 1 2 3 3 1 2 0 2 3 3 1 3 1 3 1 1 1 1 2 1 2 2 0 3 5 1 2 1 2 4 3 2 4 2 0 5 4 3 1 1 0 2 3 1 2 2 2 1 1 0 5 0 0 3 2 0 0 1 4 3 3 3 3 1 3 0 1 3 1 1 2 5 0 2 1 1 4 3 3 1 3 2 1 3 1 0 0 3 3 2 1 6 1 2 5 2 3 2 0 0 2 4 2 2 4 3 2 0 3 3 0 2 0 1 1 3 3 0 3 1 2 3 3 0 2 0 2 1 3 1 2 3 2 3 1 0 4 1 0 2 1 2 2 1 1 3 4 0 4 3 1 0 3 2 0 4 1 1 1 1 2 4 2 0 2 2 3 1 3 2 2 2 3 1 1 4 2 1 4 2 0 1 6 2 1 3 0 2 2 1 2 1 0 6 3 4 2 4 1 2 2 2 3 3 1 4 2 1 1 4 0 0 0 3 2 1 1 3 3 4 0 1 2 1 2 0 4 2 3 2 4 0 1 1 4 4 1 1 1 0 3 0 3 0 2 2 2 3 4 3 1 1 1 5 2 2 1 1 2 2 1 3 2 4 0 3 0 3 3 2 2 3 2 1 0 3 1 5 2 2 3 2 2 4 1 0 1 4 2 5 2 1 1 1 2 2 3 1 3 5 0 1 1 2 1 1 1 0 3 5 2 2 0 2 2 2 2 6 2 2 3 1 2 1 3 2 1 2 3 3 2 2 0 1 3 2 2 2 1 1 2 1 4 4 0 2 0 1 0 1 2 3 1 1 1 2 2 5 5 2 4 3 3 1 4 3 2 5 0 1 2 4 3 4 2 1 1 1 2 1 0 4 1 3 5 4 1 2 0 1 1 2 0 0 1 1 2 2 1 5 5 4 1 2 3 2 2 1 2 3 0 2 2 3 2 4 2 2 0 4 2 2 4 2 1 1 2 0 2 0 4 6 2 3 1 0 2 3 2 3 2 0 3 1 1 4 1 2 2 2 0 2 1 4 3 1 3 1 4 4 0 2 3 3 3 5 5 1 4 2 2 1 4 4 3 0 2 0 2 1 2 4 1 2 3 1 2 4 1 2 2 0 0 4 2 3 4 3 2 2 1 4 2 2 2 5 3 1 2 2 1 3 1 2 0 1 1 2 1 3 4 2 3 2 2 1 0 1 1 3 4 1 2 3 3 1 0 2 0 1 2 0 1 1 2 4 0 0 0 1 2 4 6 3 3 2 3 0 5 0 6 1 4 2 1 0 2 4 1 0 2 0 4 3 1 1 1 4 1 2 5 1 0 1 1 3 4 2 2 2 2 1 4 1 1 2 4 3 3 3 1 0 2 2 2 2 1 2 1 2 2 4 5 3 5 2 1 2 3 1 0 2 2 2 3 2 1 1 0 3 2 2 1 4 2 2 0 4 2 2 2 2 1 1 3 1 4 4 1 3 2 4 1 2 0 0 1 1 6 3 2 0 4 1 3 4 1 4 1 3 1 1 1 1 4 4 1 2 0 2 3 2 0 3 1 2 1 3 2 0 3 1 0 1 2 1 3 0 2 2 2 5 0 6 2 1 0 3 1 3 0 0 3 5 3 0 1 6 0 1 1 2 2 1 1 2 3 3 2 0 4 1 2 2 0 2 0 1 1 6 2 1 0 0 0 1 0 3 1 5 2 1 5 1 3 2 5 1 3 4 2 3 0 1 1 2 1 3 1 3 1 4 4 3 2 1 3 0 2 1 3 3 5 4 1 1 1 5 1 2 2 1 1 1 1 1 1 4 1 2 4 2 1 3 0 1 2 2 2 2 1 2 1 0 1 2 1 2 4 4 0 3 0 1 3 3 4 3 1 1 1 4 0 4 1 2 2 2 2 1 5 3 0 1 3 2 2 1 6 1 2 1 4 4 1 0 2 4 4 1 2 0 0 0 1 2 3 2 1 0 1 2 0 5 2 0 0 5 0 6 1 1 5 1 2 4 2 2 1 3 1 2 4 3 0 1 4 2 3 3 2 1 0 2 1 5 1 1 4 3 1 5 4 2 3 1 3 0 3 1 1 4 2 0 2 1 2 6 2 3 2 2 4 1 6 4 3 3 1 3 1 1 2 1 3 0 0 2 1 3 0 3 3 3 0 1 0 3 0 2 1 2 4 1 0 3 2 0 3 4 0 2 3 0 4 2 1 1 1 1 1 3 1 2 2 0 1 5 1 1 1 0 4 1 2 4 0 1 3 1 2 2 1 3 2 2 3 1 3 1 2 0 4 1 3 1 1 1 1 2 0 3 2 4 3 5 4 1 3 2 2 0 1 2 1 2 1 4 2 1 0 3 2 1 3 1 1 0 1 2 1 2 1 2 2 4 2 4 0 2 1 3 4 4 0 2 1 4 4 3 1 2 5 1 1 3 2 0 0 0 2 4 1 4 2 2 1 1 5 1 0 5 1 1 2 5 4 1 2 1 1 1 1 1 5 3 1 2 3 2 2 2 1 3 4 1 0 3 5 2 3 1 0 2 3 1 4 1 2 2 0 1 1 1 6 1 2 1 4 1 2 4 3 0 2 2 3 2 1 2 1 3 1 1 5 2 1 3 1 6 3 1 2 2 3 1 2 2 1 1 3 1 2 3 2 2 2 3 2 1 2 1 3 1 0 4 3 1 3 1 1 2 0 5 2 4 0 5 2 3 2 0 2 2 2 4 3 1 1 0 0 0 1 2 2 3 1 3 1 2 1 3 3 2 3 2 1 2 3 0 3 1 2 2 1 1 3 2 1 3 4 1 2 2 0 0 2 4 1 0 2 1 4 1 1 1 2 2 4 4 2 0 2 1 2 0 2 1 3 1 1 4 2 1 2 2 0 1 5 6 1 0 1 1 0 1 4 2 1 3 0 2 4 1 4 3 4 1 2 1 4 0 2 1 1 6 2 1 4 0 0 3 3 1 5 4 2 1 0 3 2 1 3 3 5 1 3 2 0 1 0 3 1 0 2 2 0 1 1 1 4 3 2 2 1 4 1 1 3 3 3 2 5 2 0 2 1 1 3 1 2 2 1 3 0 5 1 2 2 1 4 1 2 1 2 3 6 2 1 0 1 3 3 2 1 3 3 2 0 5 1 0 0 3 4 1 1 0 1 0 0 3 3 2 2 2 0 2 4 2 1 2 0 2 1 4 0 1 0 5 1 2 2 1 3 4 3 3 1 2 1 2 0 0 0 1 0 1 3 3 4 2 2 1 1 1 3 1 2 0 5 5 4 0 1 3 4 2 2 3 3 1 3 2 2 2 4 0 1 2 1 1 5 2 3 1 3 1 0 3 2 5 1 2 2 2 3 1 1 0 0 0 4 0 0 2 2 4 2 3 2 0 1 0 3 3 1 3 1 1 4 1 2 3 0 3 1 1 4 0 0 4 4 2 1 0 2 1 0 1 1 2 4 3 1 2 1 5 1 3 2 3 2 2 2 0 2 1 1 0 1 3 1 1 0 1 0 2 2 1 3 0 1 2 4 3 2 1 2 1 2 2 2 4 1 0 2 4 3 3 1 1 0 1 0 0 1 1 0 1 3 4 4 1 2 3 4 5 1 2 3 0 2 2 0 2 2 2 1 4 1 3 0 2 1 2 2 0 3 3 3 3 3 3 1 2 2 2 3 1 4 0 0 1 0 5 1 3 2 3 2 1 1 0 1 1 1 2 2 2 3 0 1 0 5 0 2 5 3 2 1 0 1 2 3 2 2 1 3 1 3 3 2 0 1 1 2 1 3 4 1 3 1 2 2 2 3 2 2 3 3 2 2 2 2 3 1 1 0 6 4 2 0 1 5 1 2 1 2 3 0 2 1 3 1 3 2 0 0 0 2 0 2 5 1 2 0 2 1 1 2 4 4 5 0 4 1 1 0 5 0 0 1 1 3 2 5 0 1 0 3 5 1 2 1 2 1 1 1 1 2 1 4 1 2 1 3 4 5 3 0 3 4 1 2 1 2 3 3 4 1 4 0 2 2 1 5 2 0 1 2 0 2 0 1 1 4 3 2 2 3 2 1 1 2 2 5 3 1 0 0 1 2 1 1 2 1 4 0 1 1 2 2 5 2 0 1 1 1 1 1 0 4 0 1 6 2 3 0 0 3 3 2 2 1 2 2 3 1 2 2 0 3 2 1 0 3 2 1 4 3 0 2 0 1 2 2 5 2 2 0 1 0 2 2 1 3 4 3 1 1 1 1 2 3 0 1 2 4 2 1 2 3 4 4 0 3 2 1 2 2 1 1 1 1 1 2 5 0 0 1 2 3 0 1 3 4 1 2 4 1 2 2 1 1 2 1 3 0 2 2 1 1 3 4 2 4 3 2 2 1 2 4 2 0 0 4 4 2 2 1 4 0 2 0 1 1 4 2 0 3 2 1 2 2 2 0 2 2 1 2 0 5 1 3 4 3 3 1 3 1 2 0 1 3 2 3 0 3 2 0 2 3 2 3 2 2 1 1 2 0 1 6 1 2 5 0 0 1 1 1 4 1 0 0 3 3 2 1 6 2 5 1 1 5 2 3 1 2 1 1 0 0 1 2 4 2 3 2 3 2 3 1 0 1 1 3 2 2 3 5 0 4 2 1 3 2 0 5 2 1 2 1 2 2 3 1 3 2 4 0 2 7 1 1 2 2 4 2 1 3 4 0 3 0 2 1 5 1 5 0 2 1 1 1 2 2 3 2 1 6 1 3 4 5 0 3 0 1 2 1 2 2 2 1 2 2 1 5 1 1 3 2 0 3 1 3 2 1 0 5 3 2 3 0 1 1 0 3 6 0 5 3 3 0 0 2 2 0 1 1 0 4 1 3 2 2 2 2 1 0 4 0 1 1 5 2 2 1 4 0 3 1 1 4 3 0 2 0 2 3 0 3 1 5 1 1 2 2 2 2 3 4 2 3 4 4 2 0 1 0 0 3 1 1 3 2 2 2 1 2 3 0 3 2 1 2 2 0 1 1 2 1 2 1 2 4 5 2 1 1 0 0 2 2 0 4 2 2 3 3 2 2 1 3 1 3 4 1 1 2 0 1 4 0 4 0 1 1 0 2 3 1 1 0 1 0 5 1 1 2 2 1 1 0 3 2 3 1 2 1 1 1 2 3 0 2 3 0 3 5 5 2 1 1 3 1 1 5 3 3 0 2 2 0 3 2 0 2 0 6 2 0 2 1 1 2 5 2 2 3 4 0 2 2 2 1 0 2 4 4 1 0 0 3 2 4 1 1 4 3 1 3 2 5 4 3 1 1 3 2 1 3 0 1 2 7 3 2 0 1 1 1 3 4 3 1 4 1 2 2 2 1 3 1 2 2 3 3 3 2 2 2 1 2 1 3 1 1 1 1 1 1 3 2 0 3 2 2 1 3 0 2 2 2 2 3 3 3 2 2 1 1 1 0 1 3 2 3 0 2 3 3 4 3 3 2 2 2 1 2 3 0 2 2 2 1 2 1 2 3 4 0 1 0 3 2 0 3 5 4 2 2 2 3 2 1 2 1 4 1 4 2 4 1 1 0 0 1 2 0 5 1 3 0 1 2 0 1 3 2 2 1 2 1 3 3 1 3 0 2 1 3 0 3 1 3 2 2 1 4 1 3 1 2 1 0 0 1 3 4 4 3 0 2 2 1 3 5 1 1 2 1 2 3 5 0 2 1 3 3 3 3 2 1 0 2 0 3 2 5 0 0 0 5 4 4 4 1 0 1 1 3 3 3 2 4 1 4 3 2 2 0 4 0 4 1 1 3 1 4 4 3 4 2 2 1 3 0 1 4 1 1 3 0 0 1 1 1 0 1 2 1 4 2 1 2 5 2 2 1 5 3 1 1 3 3 1 1 0 1 2 0 0 1 4 1 0 1 0 1 2 2 4 0 3 1 3 2 3 0 2 3 1 1 3 1 2 1 4 1 3 1 3 1 3 0 4 2 3 2 3 1 1 2 1 0 4 0 2 2 3 2 1 3 3 3 3 3 0 5 3 1 4 3 1 1 1 1 2 2 0 2 2 1 2 2 1 5 4 4 4 0 1 0 2 3 0 2 0 2 1 2 2 3 2 6 1 4 0 3 1 0 1 2 1 3 1 5 1 3 2 2 3 1 3 7 2 2 2 0 2 3 2 3 0 1 0 2 0 5 1 3 1 4 1 4 3 3 2 4 2 2 1 0 0 1 3 3 6 2 1 4 3 2 4 2 2 1 2 3 3 2 3 1 1 2 2 1 7 0 4 3 2 1 2 1 2 1 0 0 1 1 1 0 4 3 3 7 2 2 3 4 2 2 2 2 1 3 1 3 2 3 0 2 2 3 2 5 2 1 0 4 3 2 2 1 2 2 0 4 2 0 1 2 1 4 6 0 0 0 2 1 1 1 1 2 2 3 1 2 0 1 1 1 4 6 3 4 2 3 1 1 6 0 2 2 4 1 2 1 3 2 2 4 2 1 5 2 2 3 2 0 3 4 3 1 4 1 3 2 5 1 4 1 2 4 0 3 2 0 4 1 4 1 0 0 2 1 2 1 1 1 1 3 4 1 5 2 1 0 3 2 2 5 1 0 3 1 4 2 1 1 4 1 3 1 1 5 2 4 5 1 0 0 1 3 1 4 0 4 0 1 3 2 3 3 0 2 3 0 2 2 1 2 2 2 2 2 1 0 2 3 1 5 1 0 3 2 2 4 0 2 2 1 1 1 1 3 1 1 3 2 4 3 1 4 1 2 0 3 0 2 0 3 0 2 1 2 2 3 1 4 1 3 4 3 1 2 0 1 4 1 3 5 0 2 6 3 3 1 1 1 3 1 3 1 1 5 3 1 6 1 2 1 2 2 4 3 0 4 2 1 0 1 2 3 2 0 7 3 3 5 2 2 2 2 2 2 3 0 4 5 1 1 1 2 1 3 2 3 1 2 1 4 0 0 2 5 2 4 1 2 0 2 2 0 3 1 1 2 0 1 1 4 2 1 1 1 5 3 2 3 1 3 1 4 2 3 3 3 0 0 2 0 1 0 3 4 1 1 0 1 3 2 4 1 3 0 2 3 6 1 2 6 0 3 1 2 2 2 3 1 2 3 4 4 0 1 0 3 1 2 2 4 4 1 2 3 1 3 0 2 2 1 1 4 4 1 2 0 2 0 3 4 2 1 0 3 6 0 5 2 3 3 4 1 2 1 0 4 3 3 3 3 2 3 3 3 1 5 0 2 1 4 1 2 0 2 4 3 2 2 0 1 1 3 4 2 4 3 2 0 1 2 2 2 2 3 2 3 3 3 1 6 2 1 1 3 2 0 2 3 1 1 2 4 1 2 5 2 3 1 1 2 0 2 2 3 1 4 2 0 0 4 2 4 5 2 1 2 2 1 4 1 2 3 3 6 1 2 2 1 1 2 3 0 1 4 1 1 2 1 1 3 1 3 1 5 1 2 5 3 2 2 2 1 1 3 1 1 0 0 1 3 5 3 4 0 2 1 0 4 3 3 3 2 1 1 3 1 4 3 3 1 1 1 2 0 2 2 1 3 5 1 1 1 1 3 0 2 0 1 3 4 1 4 1 0 2 1 0 3 3 4 2 1 4 3 3 1 0 1 4 0 3 2 2 1 1 3 0 3 1 2 1 3 5 1 2 3 2 1 0 2 1 2 1 2 2 1 0 3 0 2 3 6 3 2 1 2 1 3 3 1 5 5 0 1 5 1 1 2 2 1 2 2 4 2 0 1 0 1 0 3 2 2 2 3 3 4 3 1 3 5 2 1 1 1 0 2 0 3 2 3 2 0 0 1 2 0 2 3 2 1 3 3 2 5 2 2 0 0 2 2 3 3 1 1 1 3 1 2 1 3 2 1 2 3 1 2 1 1 2 1 5 1 4 0 2 2 1 2 2 2 3 2 1 5 3 0 1 2 2 0 3 0 5 1 2 2 1 3 0 2 3 3 1 2 1 5 4 3 2 2 2 2 2 1 2 2 1 0 0 1 3 2 2 1 1 2 3 0 2 1 1 0 2 5 2 3 3 1 1 3 2 1 2 0 4 0 3 2 3 2 3 1 2 1 3 5 2 4 1 1 1 0 3 3 2 1 0 1 3 2 1 3 0 1 7 1 3 1 0 2 3 4 2 3 1 1 4 1 2 1 1 2 1 0 0 3 6 0 5 1 1 1 2 1 0 3 3 1 0 2 1 3 2 3 4 2 1 1 1 1 2 1 1 1 5 1 1 0 3 3 4 1 3 2 2 0 1 2 3 3 4 5 3 0 0 4 0 1 1 3 1 1 1 0 0 4 2 4 2 4 1 1 1 2 0 3 3 2 1 2 8 0 1 1 1 1 1 2 2 2 3 1 0 2 3 1 2 3 3 0 3 3 4 0 3 2 3 2 3 1 2 3 0 2 1 2 3 1 3 1 1 1 3 1 1 3 1 2 0 2 4 2 2 7 0 0 1 1 3 0 2 3 3 2 2 0 1 0 4 5 4 2 3 1 2 1 2 2 0 4 3 0 4 3 3 3 1 1 1 1 2 1 2 2 0 1 2 3 1 0 3 4 1 2 4 1 1 2 2 4 0 3 1 4 0 2 3 2 2 3 1 2 3 1 1 3 2 2 3 1 0 3 1 2 2 0 1 3 4 1 4 2 2 1 0 4 2 1 1 2 1 0 1 3 3 1 1 1 2 2 0 3 4 2 1 6 3 3 3 2 2 0 1 3 2 3 0 3 1 2 1 0 2 2 2 2 3 5 3 0 1 1 4 2 2 1 1 0 1 1 1 4 2 2 4 2 4 3 1 3 3 1 1 2 2 2 3 5 2 4 2 2 4 1 2 0 1 1 1 4 4 1 0 6 1 1 1 6 3 2 3 1 1 2 0 0 4 3 3 4 1 2 2 2 6 5 1 1 3 0 5 1 1 2 2 0 1 2 1 2 1 4 2 0 3 3 0 2 0 2 0 3 1 2 1 2 2 1 1 5 2 2 3 0 2 4 2 4 5 1 3 2 1 2 2 1 3 2 0 2 2 2 2 0 1 1 1 4 1 1 2 0 8 4 1 0 1 0 2 5 1 0 0 0 2 2 1 2 2 2 2 0 1 2 3 1 1 4 2 2 2 2 2 2 3 2 2 0 2 2 5 4 2 1 3 0 3 0 4 1 3 2 1 1 1 0 1 3 2 3 3 3 3 1 3 3 5 1 0 4 1 4 3 1 5 4 2 2 2 1 3 1 1 2 1 4 4 1 1 2 4 2 3 2 2 2 4 1 1 0 3 4 5 2 2 3 1 1 1 0 5 3 2 1 2 3 0 2 3 0 1 1 3 2 3 1 1 1 3 5 4 1 2 1 3 3 2 1 2 0 1 1 3 3 4 1 3 0 1 2 1 3 4 5 4 1 0 2 2 1 2 3 2 3 1 4 4 0 3 2 2 1 3 2 2 2 0 1 2 2 1 2 2 1 3 1 1 0 3 1 0 2 5 3 1 4 0 1 1 2 1 1 3 1 2 1 0 2 3 2 2 1 1 0 2 4 2 3 1 2 4 1 3 0 0 1 2 4 2 0 5 0 1 3 1 1 2 8 3 2 1 1 1 1 0 1 1 3 4 0 0 2 3 4 1 1 1 2 1 3 2 1 6 1 1 2 3 1 3 3 2 2 1 3 2 1 2 1 4 1 1 2 1 4 2 1 2 2 3 0 0 2 3 3 1 6 1 4 2 2 1 0 2 0 3 4 0 2 3 3 3 2 4 4 3 0 2 1 3 0 1 3 1 1 1 2 3 2 3 2 4 2 3 2 1 0 1 2 2 4 3 0 0 1 2 3 2 1 4 1 0 0 4 0 0 3 2 1 4 1 0 1 4 2 2 1 4 1 2 3 3 2 4 1 1 1 2 0 1 0 2 5 1 5 1 2 2 2 1 1 3 0 1 2 2 3 2 3 3 2 0 5 0 0 1 1 2 1 3 3 2 4 3 0 3 0 3 0 1 2 3 3 5 0 1 2 5 1 0 2 5 3 4 0 0 1 1 3 2 1 1 2 1 5 3 2 0 1 2 0 3 2 1 3 0 2 0 5 0 1 1 1 2 1 2 2 4 2 3 1 3 1 1 0 2 2 2 1 3 4 2 3 1 1 0 1 2 2 1 1 1 3 3 0 3 3 3 2 1 1 0 4 1 2 1 2 3 1 0 2 3 3 2 0 0 0 1 1 4 3 6 1 1 1 2 3 3 0 1 2 3 0 3 4 1 1 3 1 2 3 1 0 2 2 0 0 5 4 3 2 2 8 3 3 2 2 5 0 2 2 2 1 3 3 3 0 1 0 2 1 3 1 1 3 2 1 0 3 4 1 0 2 2 2 3 2 2 2 2 1 2 4 1 3 2 2 1 2 1 3 0 4 0 4 3 1 4 3 1 2 5 0 4 0 0 1 1 3 1 3 0 3 0 2 2 1 1 4 3 0 4 1 3 0 2 3 4 1 2 3 1 4 2 3 3 2 4 1 1 1 2 2 0 3 1 2 1 1 2 3 3 8 0 4 5 1 1 1 1 1 5 1 1 1 1 3 1 1 3 2 3 5 2 5 4 1 2 1 3 2 0 2 2 4 3 0 3 1 4 3 1 2 0 0 1 3 1 3 3 2 1 2 2 3 5 0 1 2 1 0 4 3 1 3 2 0 3 2 1 1 1 3 1 2 1 1 2 2 1 4 1 2 3 2 0 1 1 0 2 1 3 3 3 6 2 2 2 1 1 2 0 2 1 2 3 4 2 1 3 1 3 1 2 3 2 2 2 2 2 1 0 3 3 0 2 3 5 4 2 1 1 1 1 5 3 1 3 2 2 4 2 1 0 3 0 4 5 2 2 1 1 4 2 2 2 2 2 0 1 1 2 1 2 2 0 2 6 0 4 3 5 0 1 1 3 1 1 2 2 2 2 1 3 2 2 5 1 1 2 1 0 0 2 2 5 1 4 1 3 1 1 2 1 2 0 2 3 0 2 2 3 1 2 1 3 0 1 5 3 0 1 2 2 2 3 2 2 2 1 4 3 0 1 1 4 4 1 2 1 1 4 2 2 3 2 2 1 2 4 5 1 1 0 1 3 3 0 3 4 2 2 2 1 1 2 3 3 1 2 2 3 2 1 1 2 2 3 2 2 1 4 2 4 1 2 0 2 5 3 1 3 1 1 3 2 2 1 1 1 3 4 1 3 0 2 1 1 3 1 3 0 1 2 7 0 1 2 0 1 0 1 2 0 5 3 3 1 1 3 1 2 1 1 6 4 3 2 3 0 2 2 1 3 3 2 0 1 2 3 1 3 2 3 1 1 1 4 4 1 2 0 4 2 1 2 4 1 3 5 2 0 3 3 1 1 2 0 1 4 0 0 1 1 2 1 0 2 2 6 1 2 1 3 0 1 2 2 4 1 4 0 0 3 3 0 3 0 3 0 1 2 1 4 1 4 0 1 2 1 2 3 2 0 1 5 1 1 1 4 3 3 2 5 0 3 1 2 0 2 3 0 0 1 3 1 2 2 1 4 1 3 3 1 4 1 0 1 1 0 0 1 2 1 2 4 1 1 2 2 2 2 3 2 0 2 1 1 1 3 2 2 0 2 1 3 1 3 2 1 4 3 1 5 0 3 2 2 4 2 3 0 0 1 2 5 0 5 4 3 1 1 1 0 3 2 0 0 1 0 4 0 1 2 1 5 3 2 3 2 2 1 2 0 1 3 1 1 2 1 1 2 3 1 0 0 1 1 2 1 3 3 0 1 2 0 2 5 1 3 3 4 1 1 4 0 2 3 2 5 2 3 3 1 1 2 0 1 1 2 7 0 2 2 5 1 4 2 2 1 1 0 0 0 1 2 4 0 4 3 1 1 3 2 0 3 3 2 2 4 1 2 1 2 1 0 3 4 2 2 3 3 0 3 4 4 2 2 1 2 1 0 2 3 3 5 1 1 3 0 4 1 0 4 0 2 3 0 0 2 2 2 0 3 2 3 3 2 4 2 0 3 1 1 1 1 2 4 1 5 2 1 3 2 3 3 0 2 3 0 1 2 7 1 1 1 5 5 2 2 1 1 1 1 2 1 3 0 2 4 2 2 4 0 2 1 1 2 2 0 1 0 4 1 2 2 3 2 0 0 3 4 2 2 0 2 4 3 4 1 0 1 1 1 1 2 4 0 5 2 4 2 2 2 1 1 2 1 3 2 4 2 1 1 2 3 1 2 1 2 2 1 4 1 1 3 2 4 2 0 2 0 0 3 2 2 1 9 1 1 2 3 1 2 2 1 4 2 1 4 1 0 4 1 3 2 2 1 1 3 1 2 0 0 1 2 5 4 3 2 0 1 2 1 2 0 3 4 1 0 2 0 1 1 3 1 1 2 1 2 0 1 1 4 1 1 0 3 2 2 3 1 2 2 2 3 3 2 2 4 4 1 2 5 3 4 0 4 1 2 1 1 3 5 5 2 1 2 1 5 1 0 2 1 1 0 1 0 4 5 0 1 4 1 4 0 2 2 4 2 0 2 0 1 2 3 1 0 3 2 4 1 1 1 1 2 2 1 1 3 1 2 1 1 2 3 3 0 3 2 2 0 2 3 2 1 5 3 2 3 4 0 3 2 0 2 0 0 3 0 2 3 1 4 3 2 0 2 0 0 1 3 1 4 1 4 3 1 3 2 2 2 2 2 3 2 2 1 4 0 0 2 1 0 2 1 3 0 3 3 3 1 3 1 0 0 6 1 4 3 3 1 0 0 1 2 2 0 3 0 2 2 2 3 4 1 4 0 3 2 2 2 1 5 4 1 3 1 0 3 1 2 2 5 4 3 3 4 1 1 0 4 3 2 1 1 1 2 2 0 4 0 3 1 2 2 1 1 6 1 2 1 4 1 2 3 2 2 4 0 2 3 3 2 1 1 1 3 0 3 2 1 2 4 3 1 1 2 5 3 3 1 3 2 4 1 1 2 2 4 4 1 1 3 1 2 4 2 1 1 2 3 2 1 2 2 0 4 0 3 1 0 0 2 5 1 3 3 2 1 2 1 2 2 1 2 3 3 3 2 3 0 2 3 4 1 2 0 3 3 1 7 2 2 1 3 3 4 0 2 3 2 2 1 1 1 1 1 0 2 4 1 5 5 2 0 1 4 5 0 1 1 4 2 0 2 2 0 1 1 1 2 4 5 1 2 1 0 1 1 2 3 5 3 1 3 1 0 1 1 2 2 2 2 1 2 1 2 1 2 5 2 3 0 2 4 1 3 3 1 3 1 0 1 1 4 3 0 1 3 1 1 2 0 0 1 2 2 5 0 4 2 1 3 1 3 0 0 3 1 3 3 3 4 4 3 2 3 1 2 2 3 4 0 2 4 1 3 5 1 2 1 3 4 1 1 3 1 0 2 2 1 4 3 1 1 0 2 3 2 2 4 1 3 2 3 1 3 5 1 2 2 1 1 0 1 1 0 4 1 1 4 1 1 1 0 3 3 6 0 2 1 2 1 2 2 1 2 1 3 4 3 0 3 1 2 1 1 1 3 1 6 3 1 2 1 4 2 0 5 5 2 1 0 2 1 1 0 1 1 1 5 2 3 2 5 3 1 3 1 1 2 1 2 1 1 0 0 5 1 2 3 2 3 3 1 1 2 2 1 2 0 3 0 7 1 2 3 1 1 3 0 2 0 2 0 1 4 5 0 7 3 4 2 2 0 3 2 2 3 1 4 3 0 0 1 1 1 3 2 0 0 3 0 1 3 0 2 1 0 2 1 3 2 2 2 1 1 1 0 3 2 1 1 2 3 2 2 1 1 2 3 0 3 6 1 1 5 2 3 0 3 0 1 2 2 3 3 4 5 1 2 1 4 2 3 2 4 2 1 0 1 1 1 2 2 0 3 2 3 1 3 2 1 1 2 4 2 0 1 1 3 1 2 3 2 2 3 1 3 1 1 4 0 2 3 0 1 4 3 3 1 2 2 3 2 2 5 1 3 0 2 1 4 2 2 0 0 2 3 0 0 3 1 1 4 3 0 1 4 1 1 3 2 2 1 3 3 2 1 4 0 3 0 5 1 0 1 2 6 0 5 2 0 3 2 1 1 2 4 3 3 2 4 1 3 3 1 0 0 1 1 1 0 3 2 4 3 1 4 1 0 2 2 6 1 1 7 1 2 0 1 2 2 4 5 3 2 0 2 1 2 0 0 3 1 5 2 5 3 2 2 1 0 5 0 1 1 4 4 3 0 2 1 3 5 4 2 1 3 2 1 2 1 2 2 3 0 1 1 0 4 5 1 1 4 0 4 1 1 1 3 1 2 1 2 1 4 2 1 2 2 2 2 2 1 1 2 2 3 0 3 2 2 4 4 2 2 2 1 0 0 3 2 2 1 0 2 1 2 4 1 4 2 0 1 1 1 2 2 6 2 1 3 2 1 1 1 2 1 0 2 3 0 3 2 2 3 1 2 1 2 2 2 2 5 4 6 1 0 3 0 4 2 2 0 1 3 4 4 3 0 1 2 1 4 1 1 2 3 2 1 0 1 2 0 1 3 5 6 0 2 2 0 2 2 1 5 1 1 1 1 0 1 4 2 2 1 2 3 3 2 0 2 3 4 3 5 1 0 1 3 1 3 1 3 0 3 1 1 0 0 1 2 3 3 1 3 4 5 4 0 0 2 3 1 2 3 5 0 4 2 1 1 2 3 1 4 3 2 1 4 1 1 1 0 1 3 1 1 2 2 3 4 3 1 2 0 3 1 1 1 2 2 2 2 3 0 0 3 1 1 4 1 5 3 5 1 0 2 3 1 2 2 3 2 0 2 1 2 0 5 1 1 3 3 1 6 2 2 3 1 1 2 3 6 1 0 3 0 2 4 1 4 0 1 0 3 2 0 2 6 1 1 2 0 2 4 3 0 2 1 4 3 2 1 1 4 2 3 2 0 2 1 1 0 4 2 1 5 1 2 2 1 0 2 4 2 1 2 3 4 1 0 0 2 5 0 4 1 2 3 2 3 1 1 2 2 2 3 1 2 0 2 3 2 1 2 3 5 1 2 2 1 3 1 0 1 2 2 0 1 2 3 4 2 2 1 1 0 4 2 2 2 3 3 2 1 4 0 4 0 4 2 2 1 3 3 3 3 3 2 4 0 0 1 1 3 1 1 1 1 1 1 2 3 5 1 1 3 1 2 5 2 3 2 1 1 0 2 1 3 1 3 0 2 2 2 1 2 3 2 4 1 0 2 2 2 1 3 4 1 3 1 1 1 1 1 0 1 0 2 3 1 0 2 3 2 2 4 1 3 3 0 4 1 2 6 3 1 3 1 2 5 3 3 0 2 0 1 4 2 3 1 1 1 3 3 1 2 0 1 3 4 1 3 1 1 2 1 5 0 3 0 2 4 4 1 2 0 0 2 2 3 2 3 3 2 2 2 1 2 1 1 0 3 2 0 1 1 0 4 1 1 3 0 2 4 1 3 3 1 2 1 6 2 3 1 3 4 3 1 0 2 3 4 2 2 3 5 3 2 2 1 2 0 1 3 1 2 1 4 2 0 0 0 4 3 2 2 3 4 1 1 3 0 3 3 2 1 2 1 3 2 2 1 1 3 1 3 4 2 0 5 3 3 4 2 3 5 5 1 1 1 3 3 4 0 1 2 2 3 3 2 2 1 1 2 1 4 4 1 0 5 3 1 2 2 0 3 1 3 2 0 1 1 3 1 5 2 1 0 0 2 0 2 2 0 4 1 4 2 2 2 2 0 4 3 1 1 1 2 0 2 2 4 1 2 2 2 1 0 1 4 2 0 4 4 1 3 4 2 2 3 1 1 3 3 1 1 4 1 0 0 4 3 3 4 2 1 3 2 3 3 3 4 0 1 2 4 0 1 3 2 2 1 4 5 3 3 1 2 1 2 0 1 1 2 1 3 1 4 5 3 0 3 1 0 4 2 3 1 2 2 3 2 3 0 3 0 0 2 4 4 2 0 1 1 5 4 1 0 2 2 2 1 0 0 2 2 1 1 3 5 0 1 3 2 2 1 1 0 1 3 4 2 2 3 1 1 3 0 3 1 3 1 1 2 2 0 0 2 3 1 3 2 2 4 2 1 3 1 2 1 1 2 4 1 0 1 1 3 3 3 2 1 0 1 3 1 2 2 2 2 1 1 3 3 3 0 1 2 2 0 1 3 0 3 3 3 4 3 2 3 1 0 1 2 3 2 2 1 0 2 2 2 0 3 2 2 2 5 3 0 2 2 2 0 3 2 2 3 1 2 1 4 1 2 4 4 2 3 3 1 4 3 3 3 1 0 0 2 2 1 2 1 0 2 2 1 1 3 1 3 0 5 2 4 2 1 2 1 0 2 1 2 2 2 2 2 3 0 2 3 3 1 3 2 4 1 2 0 1 3 2 1 1 4 2 2 1 1 2 1 0 4 5 4 2 2 2 1 1 0 4 1 3 3 1 1 6 3 1 1 3 1 2 2 1 5 2 1 0 1 0 3 3 4 2 0 1 3 2 2 2 1 2 2 3 2 2 2 2 2 2 2 1 3 2 2 4 2 1 0 2 1 2 0 2 3 2 0 6 3 3 4 2 0 3 2 3 2 0 1 3 2 1 1 2 2 1 0 0 1 4 4 1 3 2 2 2 3 2 0 3 1 1 3 3 3 7 1 1 0 1 2 3 1 3 3 1 2 2 1 0 3 1 2 2 3 2 0 2 0 4 4 7 1 1 1 3 2 3 3 2 1 0 2 2 1 1 2 2 6 0 5 2 0 2 3 1 2 2 1 3 0 3 2 2 2 1 3 2 1 1 1 1 3 2 4 0 2 3 3 4 1 1 2 1 3 0 3 5 1 2 1 2 2 2 2 2 1 3 4 0 3 1 3 3 2 2 3 3 1 1 3 1 1 3 5 3 1 0 7 0 1 4 2 0 3 1 1 3 1 0 0 0 7 2 3 4 0 2 3 1 2 2 0 0 0 1 2 2 1 1 1 6 2 2 3 1 1 3 2 4 2 2 1 4 4 3 2 4 3 3 2 4 2 2 2 2 2 2 1 4 0 0 1 1 0 2 0 3 3 2 2 2 4 3 0 3 0 1 2 3 2 4 2 1 4 1 0 3 2 0 2 0 3 1 1 3 4 3 1 3 1 2 2 2 4 2 2 0 4 1 2 0 3 0 2 4 4 3 3 1 3 2 0 1 2 2 4 3 1 0 6 1 2 2 2 5 1 1 2 2 1 1 1 1 2 1 0 3 2 4 2 2 2 2 3 1 0 1 3 0 3 3 1 3 1 1 3 0 4 1 2 2 2 4 2 2 5 3 2 3 2 1 5 3 3 2 4 3 2 0 0 4 0 1 1 2 2 2 2 5 1 2 5 0 1 1 2 3 1 1 3 0 3 3 4 2 3 1 0 3 0 4 1 4 2 3 1 1 1 2 1 1 4 1 2 1 4 1 2 1 5 1 2 2 1 3 1 1 1 0 2 2 1 1 3 2 0 5 1 2 1 2 0 5 5 4 2 2 3 1 1 2 3 2 0 1 4 4 3 2 1 1 2 1 2 2 2 2 5 0 2 2 4 1 1 0 2 1 5 0 3 7 5 1 1 0 1 1 2 2 1 4 4 3 2 2 0 0 2 1 2 3 4 2 2 3 1 3 2 2 3 0 2 1 2 4 2 2 3 1 0 3 2 2 1 4 1 1 0 2 3 1 2 1 1 4 2 1 0 1 0 0 1 5 0 1 2 3 1 2 1 3 2 2 1 2 5 2 1 2 1 2 0 1 3 4 1 1 1 3 1 5 1 1 3 4 1 2 3 4 0 1 0 1 1 6 2 1 3 2 2 6 4 4 1 2 1 3 0 2 3 3 2 1 0 1 2 0 1 3 1 1 3 4 0 2 2 2 2 1 1 2 0 1 2 2 2 4 5 1 1 0 1 1 3 5 2 2 0 3 1 1 2 3 4 1 0 4 1 1 1 1 5 2 0 5 0 1 4 0 3 2 4 0 0 2 3 5 1 1 2 1 0 0 4 3 2 0 0 3 3 4 1 3 1 0 2 0 3 1 3 2 2 5 3 0 2 0 2 2 3 3 0 0 3 2 2 5 0 0 2 3 3 0 1 2 0 0 2 4 2 6 1 1 2 1 0 1 5 1 1 2 1 4 1 2 6 2 1 1 2 3 1 3 1 2 2 2 2 3 3 1 4 1 2 2 2 1 2 2 0 0 1 3 5 3 2 2 1 2 1 5 3 1 3 2 4 2 2 0 1 0 2 2 3 3 2 1 1 0 1 3 3 1 6 0 2 2 3 4 2 1 2 1 3 2 0 2 4 3 2 1 0 1 3 1 4 0 2 0 3 2 0 3 4 6 1 2 1 3 1 1 3 2 3 0 1 0 1 2 1 2 1 2 3 2 1 2 1 3 1 3 1 3 2 1 3 1 0 3 2 3 1 2 1 1 3 3 3 2 4 5 1 2 2 1 1 4 1 0 3 5 0 0 1 3 2 2 2 1 1 2 0 5 1 2 3 1 0 1 1 2 3 2 1 1 2 3 3 2 1 0 0 2 2 0 3 2 1 3 1 2 2 2 1 3 1 1 1 1 3 2 2 2 0 2 3 3 4 1 0 1 3 2 0 2 0 3 4 2 2 3 1 1 1 1 4 0 4 3 4 1 1 1 3 2 0 2 4 1 2 5 2 1 3 1 0 0 1 2 0 3 2 4 2 1 3 0 4 1 2 1 2 4 1 2 1 2 2 3 0 1 2 7 0 3 2 1 1 3 1 3 2 3 0 1 1 3 1 2 4 1 1 3 3 2 3 2 1 3 1 3 2 0 2 3 1 1 1 0 3 1 1 1 3 5 1 0 0 2 4 1 1 2 3 3 2 2 1 1 5 0 2 1 3 1 2 1 3 5 2 1 1 2 2 2 2 3 1 4 3 1 0 4 1 0 1 2 0 2 2 6 1 5 0 2 2 3 1 3 3 0 2 3 3 0 0 1 2 3 2 1 1 2 3 3 1 1 2 1 1 3 0 2 0 4 2 1 0 3 4 4 2 1 1 1 1 0 2 4 3 2 1 0 1 4 0 1 0 0 1 1 3 0 0 4 1 4 1 4 0 2 0 3 1 0 2 0 0 2 3 4 3 3 1 1 2 5 3 1 2 2 2 0 4 4 1 5 4 1 0 3 1 1 3 1 1 2 2 3 0 1 3 0 4 5 3 0 2 0 3 5 3 5 1 1 2 0 1 2 1 2 1 5 1 5 1 2 4 1 1 1 4 3 3 1 2 1 2 3 4 1 1 1 3 1 3 4 0 1 1 0 3 1 2 2 3 4 1 1 2 1 2 2 1 2 1 6 1 0 2 4 1 0 4 0 1 4 5 3 1 2 1 1 2 1 2 0 0 3 3 2 3 2 3 0 1 1 1 3 5 2 4 1 0 1 3 2 4 3 0 2 4 2 0 4 3 2 2 3 4 3 3 2 0 1 0 4 0 2 2 0 1 1 3 0 5 2 2 1 1 4 3 1 1 0 2 1 1 2 3 0 0 0 2 1 3 2 3 1 3 2 1 1 3 0 1 3 2 1 2 3 3 3 2 2 1 4 2 0 2 2 0 5 3 5 0 2 3 2 1 1 1 2 2 3 3 0 1 0 1 1 2 1 1 4 1 4 3 2 1 2 0 5 1 3 2 4 2 3 2 0 0 2 1 1 2 2 2 2 2 3 0 2 1 5 3 1 1 0 2 3 3 1 2 3 4 1 1 2 2 2 3 0 6 1 3 4 1 3 1 6 1 2 1 2 1 3 1 3 6 3 4 0 1 0 1 0 1 0 2 3 6 1 0 2 5 3 1 1 2 2 1 2 1 1 4 2 7 2 0 2 1 1 1 2 4 1 3 2 2 2 1 1 0 2 1 1 0 1 2 1 1 5 4 2 1 1 3 3 1 1 2 4 1 0 2 1 3 1 3 1 3 2 1 2 3 1 3 2 1 2 1 3 0 1 1 2 4 1 4 0 2 1 1 3 1 0 1 0 1 2 2 0 2 2 1 2 3 2 4 2 3 4 1 5 4 1 2 2 2 1 2 4 4 3 2 1 1 0 3 3 2 3 0 5 4 0 1 1 0 0 0 2 0 3 2 2 3 2 1 1 2 2 3 3 0 5 0 3 3 3 1 1 3 3 0 1 0 2 1 2 1 1 1 4 1 1 1 2 0 3 2 2 0 0 1 1 4 0 6 2 2 1 0 1 2 2 1 1 3 3 1 1 2 1 1 0 2 3 0 2 7 1 1 2 4 2 1 0 2 1 3 1 2 4 3 2 4 1 1 1 4 2 3 1 1 0 2 2 1 1 3 2 3 0 2 4 1 2 1 2 3 2 2 1 3 4 0 3 1 1 1 2 1 1 4 2 3 1 2 0 0 0 1 3 3 2 1 1 3 0 2 4 3 0 2 3 4 2 1 3 2 0 1 4 0 1 0 1 2 4 5 1 1 1 2 2 3 2 5 2 2 3 0 4 3 1 4 2 2 0 2 1 4 2 1 3 0 0 0 1 0 2 4 2 1 2 2 0 1 4 1 2 0 2 3 1 5 1 1 2 3 3 1 0 2 3 3 2 2 3 2 1 2 4 0 4 1 6 1 2 0 1 3 0 1 1 3 3 2 3 2 3 1 2 5 2 1 1 2 1 3 4 3 1 5 4 1 5 0 5 5 0 6 4 2 0 1 2 1 2 0 1 0 1 1 3 1 1 3 3 2 2 4 1 4 1 2 0 3 1 2 1 2 2 2 0 1 3 2 5 2 3 2 5 2 1 1 2 1 4 1 3 4 1 3 1 1 0 2 1 0 0 2 1 2 1 3 1 1 6 2 1 1 1 1 4 4 3 3 1 0 1 3 2 0 3 1 4 2 0 4 2 3 3 0 1 2 3 4 3 1 4 4 1 1 2 3 4 1 0 1 5 3 0 1 2 3 0 1 3 0 0 2 1 4 3 1 4 0 2 3 2 4 1 1 1 2 1 2 3 2 1 2 3 4 4 0 6 2 0 1 1 3 2 1 3 2 0 3 2 4 1 1 1 1 0 2 1 3 4 1 1 3 1 1 4 1 2 2 1 2 1 2 4 3 0 4 3 3 4 1 1 1 0 2 2 2 3 3 3 1 2 2 1 0 1 2 5 0 3 2 2 3 2 1 2 3 2 2 1 2 2 5 4 0 1 3 4 2 2 1 2 0 1 3 2 1 5 2 3 1 1 2 0 4 2 1 3 3 0 3 1 2 1 0 4 0 2 2 0 3 5 6 1 1 3 2 2 1 1 3 0 2 3 1 2 2 1 3 0 2 2 0 2 1 4 2 0 5 3 3 4 3 3 1 0 1 1 2 2 3 1 2 3 4 5 1 1 2 0 2 0 1 1 5 5 0 2 1 1 1 2 3 1 4 0 1 0 2 3 1 2 3 4 0 2 1 2 3 3 2 1 1 1 2 3 1 1 0 0 2 4 2 5 0 1 2 3 1 4 4 1 3 1 3 1 1 5 0 0 0 0 1 3 1 1 0 1 3 2 6 3 0 1 1 0 4 3 0 3 2 2 1 2 0 1 3 3 1 0 1 3 4 0 2 0 1 0 3 1 3 2 1 2 3 2 3 2 2 0 1 1 2 3 0 5 3 3 2 1 1 1 3 2 1 1 3 1 4 1 1 3 3 5 2 2 3 1 2 2 0 3 1 1 2 3 4 0 1 3 2 0 2 3 1 2 1 4 0 1 5 2 3 1 1 1 3 0 4 3 3 1 0 1 2 2 5 1 2 2 2 2 1 1 3 4 3 3 1 3 3 3 0 0 1 2 5 3 2 0 2 4 1 0 2 2 4 3 1 2 0 1 2 3 1 2 3 2 2 5 1 3 2 0 5 2 0 4 2 1 0 2 2 1 1 2 0 0 2 1 1 0 1 7 5 1 1 1 2 1 1 3 1 2 1 4 1 1 1 3 2 5 5 1 1 2 5 2 4 2 3 3 2 1 2 0 3 1 0 1 2 3 2 1 2 6 2 3 1 4 1 2 1 3 1 1 0 2 4 1 2 2 0 3 3 1 3 1 2 3 2 1 1 1 0 3 1 2 0 2 2 3 1 1 1 2 4 1 1 2 1 1 0 4 4 2 2 3 2 2 1 2 1 4 4 1 3 0 1 3 3 2 2 0 2 3 4 1 4 0 0 3 3 5 1 2 0 2 2 2 1 1 1 0 3 3 3 3 4 1 3 3 0 0 1 2 2 1 6 2 3 2 0 0 3 0 4 2 2 6 3 3 2 0 1 1 2 3 0 3 3 1 1 2 1 1 3 4 2 3 0 1 2 0 1 1 4 3 1 0 1 2 0 0 2 1 3 3 3 4 3 0 3 0 2 2 2 2 3 1 4 4 0 5 0 0 2 4 0 2 2 0 1 3 4 3 2 3 5 0 5 0 1 5 1 2 3 3 1 2 2 3 4 2 1 1 0 3 3 2 2 3 1 1 2 1 1 2 1 2 6 3 0 2 3 2 3 0 1 2 1 0 5 4 3 1 3 2 3 1 0 5 1 2 3 4 2 2 3 2 0 2 0 5 4 2 1 2 1 0 3 1 1 2 0 1 1 1 1 2 1 0 4 2 1 2 3 1 0 3 1 0 2 3 5 3 2 2 2 2 1 1 2 0 3 1 1 2 4 2 4 2 2 3 3 3 1 0 3 2 1 1 3 2 1 2 1 1 2 3 5 4 0 0 0 1 2 1 4 3 2 0 0 3 3 2 3 0 1 3 2 4 0 1 1 2 2 0 3 1 3 1 2 1 1 0 2 2 3 3 1 3 2 2 1 2 5 2 0 1 1 0 2 3 2 1 1 2 1 2 2 1 2 1 0 6 0 5 2 1 2 3 1 3 1 3 4 2 1 4 1 1 3 1 0 3 1 1 0 2 0 1 0 4 4 2 4 1 2 3 2 2 1 2 4 4 0 1 0 1 2 4 3 1 0 2 2 1 1 3 5 1 2 3 5 2 4 0 1 0 2 3 3 2 2 2 3 3 0 3 3 1 0 1 1 2 3 2 0 1 2 3 1 3 2 2 0 2 2 2 1 4 1 2 1 2 5 2 3 0 1 1 1 3 1 1 0 2 1 2 4 2 2 3 3 3 2 1 2 2 0 0 4 0 3 0 1 0 6 3 3 1 2 3 3 1 1 2 2 3 2 1 0 2 1 5 1 2 4 3 1 1 2 2 1 2 3 0 3 2 2 1 5 3 0 1 1 4 1 3 1 2 3 2 3 2 0 3 2 0 0 3 1 1 1 3 0 1 2 2 5 2 1 2 0 1 0 4 0 2 1 2 0 3 0 2 2 2 2 0 3 2 1 2 5 2 1 3 2 0 2 1 3 2 1 1 3 2 2 3 2 2 1 2 2 4 1 3 1 2 4 2 2 1 1 1 4 0 3 1 1 1 0 3 3 0 2 2 0 1 2 5 2 1 1 1 0 2 3 3 0 1 2 2 2 2 4 1 1 2 3 1 2 0 3 3 3 2 3 4 0 1 1 4 5 1 2 2 0 0 5 3 3 2 3 1 1 1 1 8 2 3 4 2 0 0 1 1 0 4 1 2 3 2 4 2 3 3 1 0 3 1 3 2 0 2 2 3 2 4 4 4 2 1 2 3 1 0 0 2 0 2 2 5 2 0 1 2 3 3 0 4 1 2 5 3 5 2 2 6 1 3 4 2 0 4 2 0 1 0 0 1 2 4 1 5 3 1 4 0 4 2 0 3 1 2 2 3 1 1 3 2 2 4 2 1 0 3 0 4 6 1 0 2 4 3 1 3 2 4 1 2 2 1 0 2 3 3 2 1 2 1 2 1 2 3 3 3 3 5 1 3 4 1 1 2 3 1 1 2 2 1 4 2 2 4 1 3 5 0 1 2 0 2 2 1 0 3 2 2 1 3 5 2 2 2 2 2 2 2 1 4 2 2 1 3 0 3 2 1 2 2 0 2 2 0 1 1 4 0 3 1 1 1 0 0 2 1 2 3 1 2 2 2 3 4 0 4 2 4 0 4 0 2 0 2 1 3 1 0 2 1 2 0 3 2 2 1 2 4 2 2 1 3 2 1 3 1 1 0 0 1 1 2 2 0 2 2 2 4 2 1 1 2 1 2 2 2 3 1 1 2 0 1 3 1 1 1 5 4 2 2 5 2 1 1 7 1 2 5 1 1 2 2 2 4 1 1 1 2 2 1 1 1 1 2 0 3 3 3 0 4 4 1 2 2 0 1 2 1 0 3 2 2 2 3 1 1 3 1 1 1 4 1 0 1 2 3 4 2 2 4 0 5 1 1 2 2 1 2 1 3 1 3 1 4 4 0 2 3 1 0 3 2 3 1 2 2 4 1 4 1 2 1 2 1 2 2 2 4 1 5 0 2 4 2 3 3 3 3 1 2 2 4 2 1 1 2 4 3 1 1 3 1 2 2 3 1 1 1 1 2 4 4 1 2 3 0 2 1 2 3 1 2 2 2 2 4 3 3 0 2 0 4 1 1 2 3 2 5 4 0 1 2 0 2 1 2 2 1 4 5 2 4 2 4 2 1 1 2 5 1 0 4 3 3 4 0 3 2 0 3 1 1 3 1 2 1 1 1 0 0 2 1 1 1 1 0 2 3 0 2 5 1 0 2 2 3 4 3 5 1 2 6 1 1 3 2 3 3 2 4 1 2 0 5 2 2 3 0 3 4 6 0 3 1 1 1 3 3 4 5 0 3 1 2 2 0 1 1 0 0 0 5 1 1 6 2 5 2 1 1 7 3 1 0 1 2 3 3 1 0 3 1 1 1 0 4 2 2 6 2 0 2 0 2 1 1 4 2 2 0 3 3 3 3 1 0 3 1 2 2 2 2 0 4 4 0 1 2 2 1 1 4 0 5 1 3 0 0 0 3 3 2 2 1 2 3 0 1 2 2 3 1 2 2 2 3 1 3 5 0 3 6 6 4 0 0 3 2 3 3 3 3 2 3 1 3 1 1 4 1 3 0 2 1 2 0 2 4 2 4 2 3 0 4 2 2 2 0 1 3 2 1 2 3 2 3 3 2 1 0 3 2 4 1 2 3 2 1 2 2 2 2 1 1 2 3 2 1 2 3 3 1 1 2 3 3 2 1 4 3 3 1 1 2 3 0 0 4 5 1 0 2 2 1 1 3 2 2 2 3 3 2 0 3 3 3 4 3 0 2 0 3 0 2 1 1 7 1 3 0 1 1 2 0 1 2 2 1 2 3 3 1 1 2 1 2 0 3 2 3 2 3 1 3 0 5 1 2 3 1 2 2 4 2 5 0 0 1 2 1 0 0 3 4 2 2 3 0 2 1 0 2 1 2 2 2 2 0 1 2 3 3 3 0 4 2 1 5 1 2 2 1 1 1 2 4 0 2 1 3 3 2 2 5 4 1 1 0 1 3 3 2 0 2 1 3 3 0 3 3 2 2 2 2 0 2 0 0 3 6 2 2 2 3 1 4 0 2 3 1 0 1 4 2 3 3 0 5 2 1 1 3 1 3 2 2 3 3 2 1 4 0 2 0 0 2 2 3 3 3 2 0 1 0 5 1 4 3 1 2 2 3 1 1 1 1 1 4 2 1 2 1 1 3 0 2 3 0 3 2 4 2 1 0 4 2 0 4 3 1 0 1 3 3 3 2 4 2 1 2 3 1 3 5 1 1 5 0 2 5 3 3 0 0 3 2 0 1 2 1 3 4 0 1 3 3 2 1 2 2 1 1 4 0 3 3 1 1 1 3 2 2 3 1 1 2 3 3 0 4 3 0 3 1 4 1 1 0 5 0 1 1 1 3 2 0 4 2 2 2 2 2 1 3 1 2 1 5 3 0 2 0 4 6 0 1 1 1 3 2 3 0 0 3 2 1 1 4 1 1 3 2 2 1 3 5 1 2 1 0 0 1 2 3 2 1 0 1 1 2 2 3 2 3 2 3 2 2 4 2 1 1 5 2 0 3 4 1 1 2 1 0 4 1 4 5 2 3 3 3 1 2 0 4 6 2 0 1 3 0 1 3 1 1 4 2 1 0 1 1 2 2 1 3 1 6 3 1 3 3 1 1 1 0 1 3 1 0 1 1 0 5 0 0 4 5 2 0 1 2 4 3 5 5 0 2 4 2 0 0 2 2 3 2 3 1 4 2 4 4 3 3 5 0 0 1 3 3 2 6 1 1 1 2 3 2 2 0 1 3 3 2 1 1 3 2 1 3 5 1 2 1 1 4 2 2 3 2 1 1 0 3 5 1 0 2 5 1 2 4 2 0 2 1 2 4 1 2 4 2 6 2 3 2 1 1 2 0 0 2 3 0 3 0 1 3 2 1 3 2 2 2 2 0 4 4 4 4 2 1 1 1 0 3 1 5 3 1 4 3 1 1 0 2 1 3 4 3 1 4 0 2 1 1 4 4 3 0 2 1 1 1 2 1 1 3 3 1 1 3 3 1 7 3 1 0 2 4 1 0 1 3 1 3 2 2 1 2 1 2 1 5 2 0 3 0 3 2 1 1 1 3 2 2 2 1 0 4 0 0 3 2 2 3 1 4 4 1 4 2 1 2 2 0 1 4 2 2 1 1 1 2 1 4 3 0 2 4 5 0 2 4 1 2 3 1 1 5 1 0 1 1 3 1 3 3 1 4 2 2 3 3 0 5 3 1 2 2 2 3 4 3 2 1 2 1 2 2 2 2 2 4 5 3 1 1 1 3 2 2 2 4 4 0 3 2 0 1 1 2 0 3 2 1 2 2 1 3 1 1 2 1 1 3 1 0 0 4 1 2 3 3 2 4 2 0 1 2 1 3 3 3 1 2 2 2 2 1 2 3 5 0 1 1 4 4 1 3 1 3 1 2 0 3 2 4 2 1 1 1 4 1 4 1 2 1 0 3 1 3 3 2 2 4 3 2 2 0 2 4 0 3 2 1 2 1 0 2 4 1 3 4 3 3 1 3 1 1 3 2 3 2 1 1 3 1 1 2 0 2 4 1 2 1 3 1 4 3 2 2 2 0 3 2 1 0 1 5 1 0 0 2 2 2 3 6 1 1 2 3 3 1 2 1 1 2 2 2 2 1 1 0 2 1 3 1 5 2 0 2 3 4 2 3 2 1 3 4 2 1 2 2 3 1 1 2 1 1 0 1 2 5 0 0 1 2 1 1 1 6 1 2 2 0 1 1 3 3 4 3 2 1 0 2 2 0 1 2 2 3 4 3 2 1 2 2 6 4 1 1 4 3 0 1 0 1 0 1 4 2 1 1 4 3 2 1 1 2 1 1 4 2 2 1 5 2 1 0 3 0 2 1 2 2 2 1 2 2 3 5 1 2 1 1 1 0 2 0 1 2 4 2 2 3 4 1 1 2 4 1 1 6 1 0 2 2 2 3 4 1 1 2 2 1 2 0 4 0 4 2 0 4 1 2 2 2 1 4 3 2 4 3 2 4 1 2 3 1 0 3 0 1 3 2 2 1 2 3 0 0 2 3 0 2 2 1 1 2 3 1 4 3 2 2 1 1 1 2 3 2 4 2 2 0 2 4 1 0 3 3 2 2 4 2 1 0 1 3 3 1 0 2 1 1 1 1 2 2 3 1 0 4 3 1 2 1 3 0 0 2 2 2 3 3 0 0 1 2 1 4 1 4 1 1 0 3 2 3 4 1 3 0 2 2 7 1 0 3 3 4 0 3 3 3 2 4 3 1 1 1 0 2 2 1 4 2 4 0 1 4 1 2 0 1 0 0 3 0 0 0 0 2 3 1 2 2 3 0 2 1 6 2 1 1 3 1 1 1 1 0 2 0 4 5 4 2 2 5 0 2 2 2 1 4 2 1 3 0 4 4 0 3 1 1 1 2 2 3 3 2 1 1 2 6 4 0 1 1 2 3 3 3 2 3 1 3 3 0 1 3 2 0 0 1 2 3 4 2 0 2 1 4 1 2 3 1 0 1 3 2 3 3 1 0 2 4 1 2 0 1 1 2 2 3 3 4 2 0 2 2 4 1 0 4 2 0 3 3 2 1 3 1 1 0 1 1 2 3 3 2 1 4 3 1 2 4 0 1 1 4 2 5 1 2 0 6 1 1 2 1 1 1 2 3 0 3 2 3 0 2 1 3 0 0 5 3 2 2 0 2 3 1 1 3 3 1 3 2 0 2 3 0 4 5 4 3 1 1 0 5 0 3 4 4 4 1 5 4 2 1 4 2 0 2 3 2 4 1 3 2 0 3 3 5 1 2 1 1 1 1 2 1 3 1 3 1 1 2 3 1 2 3 1 2 1 3 1 6 2 1 2 1 0 1 1 4 0 2 2 1 1 5 2 4 4 0 0 4 4 0 2 5 3 2 1 2 1 3 2 1 2 1 1 1 1 2 1 3 3 2 1 5 2 2 2 3 2 4 3 1 2 1 0 1 1 0 4 3 4 1 0 3 0 4 1 1 0 3 2 1 3 3 4 2 1 5 2 2 1 1 2 2 1 4 0 6 2 1 2 3 0 2 2 2 1 2 3 3 3 0 3 5 0 3 3 0 0 4 3 2 5 1 1 3 1 3 1 1 1 1 1 0 3 2 0 0 2 0 0 0 5 2 3 0 1 3 1 1 0 1 3 6 1 2 4 1 1 1 3 2 2 2 3 6 1 3 0 2 0 1 6 2 2 1 0 2 1 2 2 3 2 4 1 1 0 0 3 4 2 2 2 0 3 1 0 1 2 3 7 2 1 0 1 0 4 0 3 1 2 2 1 1 2 0 1 3 2 0 4 3 3 3 1 3 0 1 2 1 1 0 5 2 3 3 0 1 1 4 2 4 3 1 1 2 1 2 1 2 1 3 0 3 2 3 2 1 6 1 3 3 1 2 3 4 0 1 3 1 2 2 0 5 3 0 1 1 1 5 1 2 0 4 1 4 1 3 2 0 2 0 3 0 0 3 3 3 5 3 0 2 1 2 1 1 0 3 1 1 0 4 3 4 3 1 2 3 1 3 5 1 1 2 3 3 1 4 2 1 5 2 1 3 3 1 1 1 1 1 2 5 3 4 2 2 1 2 5 1 2 4 2 0 1 2 2 0 3 2 3 2 3 3 3 1 1 1 5 2 1 1 4 2 1 3 2 2 3 2 2 2 3 0 2 1 0 0 3 2 3 1 2 0 2 6 2 3 3 1 1 1 0 0 1 0 2 2 2 2 3 1 2 1 4 3 2 1 3 2 3 0 2 0 4 2 0 2 2 2 2 2 2 1 2 2 1 2 3 2 0 2 1 2 0 2 2 2 2 5 4 2 4 1 1 1 1 1 1 0 5 2 0 0 0 3 2 1 3 2 1 3 2 2 1 3 0 2 2 3 2 2 2 3 1 2 2 4 2 3 2 0 1 1 0 0 5 1 2 3 3 3 4 0 3 1 1 2 0 4 5 2 0 1 0 2 1 1 1 5 2 2 2 1 2 1 0 4 0 3 4 4 1 5 1 2 2 0 1 0 0 1 3 1 1 3 4 1 2 3 0 2 2 0 7 5 4 2 1 2 2 3 1 5 3 3 0 6 3 4 0 2 1 2 0 4 1 1 1 2 3 1 1 4 2 1 3 4 1 2 2 2 0 3 5 2 2 1 3 1 0 0 2 6 2 3 1 3 1 3 2 1 1 2 3 1 1 1 2 3 2 2 1 2 1 4 1 0 0 3 1 2 5 2 1 1 2 2 3 5 0 1 2 2 1 1 1 3 2 4 2 1 1 2 6 0 0 4 3 2 1 0 4 3 1 2 2 2 1 0 3 3 4 4 2 1 1 2 2 3 2 0 1 4 2 1 1 2 4 2 2 5 0 3 1 3 0 1 2 0 1 4 0 1 2 1 1 1 2 1 2 4 5 2 1 0 2 2 5 0 2 4 2 3 3 1 0 0 0 1 2 3 5 1 2 2 2 2 3 0 1 1 0 4 2 3 0 1 3 2 1 1 2 3 2 1 4 5 4 2 0 2 0 2 0 0 1 1 1 5 0 2 3 1 3 0 2 4 0 0 3 3 3 2 0 0 3 2 2 2 4 3 2 2 0 0 1 3 2 2 2 2 2 1 3 0 2 0 4 0 0 3 5 3 3 3 1 2 1 1 3 1 0 3 3 3 4 0 2 3 2 1 2 1 2 2 2 1 2 2 1 3 3 0 3 1 2 2 3 3 2 2 1 0 3 4 1 5 2 2 3 1 0 1 3 1 3 0 1 3 3 4 4 2 3 1 0 3 1 1 1 2 3 1 4 2 3 2 2 2 4 0 2 1 0 4 2 0 1 3 3 5 1 1 1 1 1 2 3 2 2 4 0 1 3 1 1 0 5 2 4 2 3 0 5 1 1 1 1 4 1 2 1 1 3 0 2 3 0 1 2 0 2 0 1 0 2 3 3 0 4 1 2 1 4 0 1 2 2 0 1 2 3 3 1 1 0 2 2 3 3 0 4 4 3 1 2 1 0 3 4 2 2 2 1 2 0 2 7 2 1 1 0 3 1 2 3 1 1 7 1 1 3 2 2 4 0 1 4 0 2 1 1 2 2 1 1 1 3 2 2 0 0 2 1 2 2 1 2 4 1 1 1 1 2 1 1 5 2 2 0 0 0 1 4 2 4 5 1 3 5 1 1 3 2 2 1 0 2 3 1 1 1 1 1 3 3 1 1 1 0 2 3 4 0 2 3 3 2 2 3 3 0 4 4 0 1 1 2 3 0 1 1 0 1 2 1 2 1 3 3 3 5 0 1 0 2 2 1 2 4 4 1 0 2 2 1 4 3 2 2 0 1 4 0 4 0 1 3 3 1 3 3 1 0 1 5 0 0 0 2 1 0 2 3 0 4 3 5 5 1 0 1 0 2 1 4 4 1 1 5 3 2 4 3 4 2 1 4 3 1 0 1 2 2 2 2 1 4 3 2 2 0 2 1 1 3 2 1 1 3 0 6 1 3 0 1 0 1 1 5 3 1 3 2 2 1 4 3 0 2 1 3 0 0 3 3 0 2 2 1 0 3 3 0 2 1 1 4 2 2 1 2 2 0 2 0 6 3 1 3 4 1 1 3 2 0 1 2 2 0 4 3 1 1 5 3 2 1 0 0 4 1 3 4 0 2 1 1 3 3 3 2 4 1 2 0 2 1 4 2 3 3 2 2 2 0 2 3 1 2 1 1 5 1 2 4 2 1 3 1 0 0 1 3 2 1 1 3 2 2 3 3 1 1 1 2 2 1 2 2 1 0 2 1 4 0 3 3 2 2 1 2 2 0 1 3 1 5 3 2 3 1 1 2 1 3 0 4 2 4 1 3 4 1 1 2 2 1 3 2 5 2 4 1 2 0 1 2 4 2 3 2 1 1 1 2 3 2 1 0 3 4 1 2 1 3 2 0 3 2 2 3 3 0 2 1 1 2 0 4 1 1 1 0 2 1 3 4 3 4 1 2 3 0 2 1 3 2 1 1 0 1 1 4 0 2 2 4 0 2 2 2 1 0 5 1 1 4 3 0 4 1 0 3 1 4 2 0 3 1 3 1 1 4 2 3 1 1 3 1 2 2 0 4 2 2 2 0 1 1 1 2 2 3 1 2 2 3 1 3 1 2 3 1 2 2 0 1 1 0 2 0 2 1 6 1 2 0 2 1 0 1 3 1 0 1 3 1 3 3 2 3 1 2 2 2 1 2 4 2 1 0 5 0 4 2 0 4 6 2 3 3 2 2 1 2 4 3 2 2 0 5 2 1 3 1 1 0 2 4 1 2 1 2 1 0 2 1 4 2 3 3 1 3 3 2 3 2 1 2 1 2 3 2 2 2 1 1 3 0 2 1 3 3 2 1 2 2 4 1 1 5 1 1 1 1 2 4 0 0 0 4 2 1 2 2 3 2 1 4 1 4 1 1 3 1 3 3 4 1 3 2 3 2 0 1 0 2 4 2 1 1 4 4 3 0 3 2 3 1 5 1 4 3 0 3 0 0 1 0 1 1 1 4 1 0 3 7 6 1 3 0 2 3 1 2 1 3 1 0 1 2 4 1 3 1 4 3 2 1 2 3 1 2 2 2 1 2 2 3 1 2 0 2 1 1 1 1 2 3 2 2 2 4 1 3 2 3 5 3 1 2 0 1 2 3 0 1 2 2 2 3 2 2 0 1 4 2 1 3 1 0 3 1 1 0 1 2 2 0 3 4 1 3 2 2 1 2 1 2 2 2 1 1 7 3 2 1 0 3 0 4 2 4 1 2 1 2 1 2 1 1 2 1 2 2 4 2 0 2 3 4 0 0 1 0 2 5 3 1 2 2 3 2 3 2 4 1 2 4 1 1 2 4 4 2 2 1 1 3 3 2 6 1 2 0 3 1 1 1 0 5 2 1 5 2 2 5 0 3 3 3 4 3 1 2 2 0 1 0 2 2 3 2 2 3 2 1 2 0 2 1 2 1 1 0 0 1 2 2 2 1 2 3 3 3 2 0 2 3 2 0 2 1 3 2 2 3 1 4 2 6 2 2 2 0 2 1 2 1 3 4 3 1 2 2 4 2 1 4 3 0 3 0 1 2 2 4 4 6 1 1 0 4 0 5 0 5 1 1 1 2 1 1 2 2 0 3 2 4 2 2 0 1 1 3 2 0 3 3 4 2 2 3 2 1 2 0 1 1 2 0 1 2 2 2 1 3 3 2 0 1 2 3 0 6 2 0 3 3 2 2 0 0 0 2 2 3 0 5 0 3 1 2 0 3 3 2 1 2 1 2 2 3 1 1 1 2 0 0 6 0 1 1 2 0 2 2 6 2 1 1 3 2 0 4 1 2 1 2 2 1 1 2 1 2 6 1 3 1 4 2 1 2 5 2 2 4 1 1 0 2 3 1 5 2 1 4 1 2 3 1 2 2 2 0 1 0 2 2 1 3 2 1 1 2 1 1 1 1 3 1 3 2 2 2 0 3 0 3 2 2 3 3 3 3 2 1 1 2 1 2 2 2 4 2 1 3 0 2 3 3 1 3 0 2 2 3 6 1 0 1 3 3 2 3 1 2 0 3 1 1 3 0 2 1 0 2 6 1 0 0 1 1 3 3 3 6 3 3 0 2 4 1 2 1 2 2 2 0 1 0 3 2 2 2 1 2 0 3 1 3 2 2 2 4 1 5 1 0 5 2 3 1 1 2 0 3 1 3 2 2 2 2 2 0 6 2 1 5 1 1 3 3 1 1 1 0 4 0 3 3 0 2 3 3 5 2 0 0 4 5 2 0 4 0 3 4 0 0 1 1 1 1 3 1 2 3 1 3 1 4 3 2 2 3 2 1 4 1 2 3 3 3 3 2 1 1 2 0 4 1 2 1 4 2 0 2 1 1 2 2 3 1 2 1 2 3 4 1 3 1 3 1 1 3 3 0 4 3 5 2 1 1 2 2 4 3 2 3 3 1 0 1 0 4 2 3 1 2 1 3 3 1 2 2 0 1 3 6 0 4 1 0 2 0 1 2 1 1 4 4 0 1 2 0 3 2 5 2 3 2 2 1 4 4 0 1 2 1 2 1 2 2 1 3 0 1 2 1 1 3 1 4 0 4 1 3 4 3 1 1 3 2 2 0 1 3 2 2 3 5 1 4 2 2 0 0 3 2 3 2 2 0 1 0 1 2 5 4 2 3 2 1 0 4 2 1 5 2 4 1 3 2 4 0 2 1 2 0 3 1 3 2 1 0 2 4 0 1 3 5 2 2 1 2 1 0 2 3 4 4 4 1 2 2 6 5 2 2 0 3 1 0 3 3 3 2 2 2 3 1 0 1 3 2 1 2 3 0 3 1 1 6 4 0 1 0 2 1 0 1 4 2 2 0 1 0 1 2 2 2 2 4 0 5 0 3 1 2 6 1 1 1 1 0 1 1 1 2 2 1 1 3 2 1 1 1 0 3 3 0 2 1 2 4 2 3 0 3 3 3 0 1 3 1 1 2 1 2 0 3 4 2 0 1 1 1 2 4 2 1 2 2 3 1 2 1 2 4 0 0 1 0 3 3 3 3 2 4 1 1 1 3 5 4 1 3 2 2 4 1 3 5 2 3 1 2 0 2 0 2 1 3 4 4 1 4 3 1 4 2 4 2 0 1 1 4 1 1 3 1 0 3 1 3 1 1 3 3 3 2 1 3 2 2 2 0 3 1 1 3 3 3 1 1 1 3 4 3 2 1 2 3 0 6 1 1 0 2 2 4 2 2 3 2 4 0 1 4 5 1 0 3 2 1 0 3 2 2 2 0 1 2 2 0 2 4 2 1 3 1 2 5 1 2 2 2 3 0 3 1 0 0 1 1 5 0 3 0 1 2 2 2 1 0 3 2 1 3 4 0 0 1 1 1 1 4 3 1 0 4 5 0 1 2 0 2 2 3 2 1 0 3 1 1 2 3 2 2 1 4 0 2 1 2 4 3 4 3 1 2 2 2 2 2 1 1 1 2 1 5 2 0 0 2 5 0 2 4 4 0 2 2 2 2 2 1 3 1 1 1 3 1 2 2 1 0 5 1 1 0 3 1 1 0 1 1 4 3 3 2 2 0 1 4 4 1 3 5 1 0 3 2 0 1 0 5 1 3 1 1 0 2 3 5 3 3 1 4 1 4 1 2 3 4 3 1 1 0 0 3 1 1 2 2 2 3 1 1 4 1 0 4 2 1 3 1 1 3 1 1 1 4 1 0 2 2 4 2 5 0 2 1 1 2 3 1 2 4 3 2 1 0 0 3 1 3 2 1 4 2 2 2 0 1 6 4 1 1 0 4 2 3 0 1 0 0 4 2 1 1 1 3 2 4 2 0 2 3 4 4 4 1 2 3 3 3 2 1 0 0 2 1 3 3 5 5 1 2 1 2 1 1 1 2 1 1 3 2 2 0 4 1 3 0 1 5 2 1 3 3 4 2 0 1 2 1 3 3 1 1 5 3 0 4 2 1 3 1 2 0 0 3 4 3 1 3 4 0 3 1 0 1 0 1 5 3 3 5 0 5 0 0 3 1 0 2 3 2 1 2 0 1 3 1 0 2 4 3 5 2 1 3 4 0 2 0 2 3 1 3 6 3 2 1 2 0 1 0 2 2 2 0 4 0 2 1 3 0 1 2 7 2 1 3 3 5 0 2 0 2 3 2 3 0 5 1 1 0 3 2 2 1 1 4 2 2 5 1 2 2 1 1 2 5 3 2 1 3 1 1 2 2 2 1 1 2 2 1 1 3 4 3 1 0 0 1 4 2 3 3 0 1 3 3 5 4 1 1 0 0 1 1 3 2 3 3 4 4 1 1 1 1 3 4 1 3 2 2 0 2 3 2 2 4 2 1 5 1 2 0 2 2 4 4 3 2 2 2 3 1 0 1 1 2 1 0 1 2 1 5 2 1 0 2 0 3 1 3 2 1 0 0 4 2 1 2 2 4 1 0 1 3 2 4 5 1 1 1 1 2 2 1 3 1 3 1 3 4 2 1 2 2 1 2 1 4 1 4 3 4 1 0 0 2 2 2 1 1 2 0 0 6 2 2 0 6 3 3 3 1 1 1 1 2 0 5 2 1 0 1 2 3 5 3 1 3 4 1 3 1 4 5 1 5 3 2 1 3 3 0 1 2 0 4 1 2 1 3 1 0 3 4 2 3 5 0 0 3 2 2 0 1 1 4 1 2 2 1 4 2 5 5 1 2 2 1 3 1 1 0 0 5 2 4 1 1 1 0 1 0 1 0 5 2 4 2 4 4 1 0 5 2 0 0 1 4 2 3 1 0 4 1 2 2 1 2 1 6 1 2 0 0 1 6 3 3 2 5 1 3 1 2 1 0 1 0 1 3 1 2 2 0 1 1 3 4 2 1 3 1 2 1 0 2 3 3 2 3 3 2 3 2 3 1 1 4 2 2 3 1 2 3 1 1 3 4 2 3 2 2 2 2 5 3 1 2 1 2 4 7 2 0 0 3 2 2 0 5 2 4 1 3 2 1 1 2 1 4 5 0 2 1 0 1 1 2 0 1 3 4 2 3 2 4 2 1 0 4 2 1 1 3 3 1 2 3 3 2 0 1 2 3 3 2 2 1 1 2 2 3 1 1 1 2 2 0 4 2 3 0 3 2 1 3 0 1 4 3 2 2 3 1 5 0 1 1 1 2 0 2 3 4 0 2 2 2 4 2 2 1 0 5 1 1 2 2 1 2 2 0 3 3 2 2 1 3 2 0 1 3 0 4 1 2 1 3 1 0 4 1 1 5 1 2 1 0 2 1 3 1 2 5 2 2 1 3 3 2 3 1 2 0 1 2 4 1 1 2 0 3 4 3 3 4 3 1 0 2 2 3 2 3 1 5 2 5 0 1 1 1 1 0 1 1 2 2 0 2 4 0 0 4 1 2 2 3 2 2 3 0 0 1 2 2 2 3 1 0 3 2 1 5 2 0 1 4 3 3 2 2 2 3 0 2 2 3 2 1 3 1 2 3 4 2 3 4 1 2 3 2 2 1 2 4 0 1 2 1 5 0 3 5 2 3 2 2 2 2 0 4 2 3 4 6 1 1 1 1 3 2 2 4 1 1 1 2 3 1 3 2 0 6 4 1 1 1 4 2 2 1 1 0 3 1 2 2 3 0 4 1 1 3 2 2 1 2 3 1 4 1 2 1 0 1 0 3 1 1 1 3 1 1 1 1 3 1 5 3 1 1 2 2 1 4 2 0 2 0 4 1 0 1 1 3 2 5 1 3 0 2 1 0 3 3 3 2 3 2 2 2 3 3 2 1 2 1 2 3 2 4 1 3 1 3 0 4 0 2 5 2 2 4 3 0 1 3 2 2 2 2 3 2 1 2 2 3 3 1 0 0 0 3 4 3 1 2 0 2 1 2 1 3 2 3 4 3 0 1 4 1 2 2 1 1 1 4 2 2 4 2 3 2 3 3 2 4 3 4 1 2 4 1 0 3 1 3 2 1 1 1 2 1 1 2 3 2 1 2 3 3 2 3 2 1 2 3 2 2 0 3 2 0 5 2 1 4 3 1 1 0 2 4 6 2 2 6 4 3 2 5 0 1 1 3 3 1 1 0 1 0 2 2 2 1 2 1 1 2 2 5 1 1 1 1 4 2 4 1 3 1 3 0 1 5 0 2 2 1 1 1 3 4 0 2 2 2 4 4 0 1 3 1 2 1 2 3 2 2 1 3 3 4 1 2 1 2 4 4 0 1 1 1 4 3 1 0 1 3 1 2 2 2 3 2 3 0 3 0 2 1 3 3 2 2 3 3 5 2 4 1 2 3 3 3 4 0 2 3 3 4 1 1 3 2 0 2 5 2 5 3 1 0 0 1 2 1 1 1 3 2 0 3 3 5 0 2 2 1 0 4 3 2 4 4 3 1 1 3 2 5 1 2 1 2 2 3 2 0 0 1 2 1 2 2 4 4 1 2 2 4 2 1 1 3 3 1 5 1 2 3 1 1 2 1 2 3 2 2 2 2 2 2 2 1 1 2 2 1 3 2 0 2 2 0 0 3 7 1 1 2 2 1 2 0 0 2 2 2 2 3 3 3 2 1 2 3 1 3 2 6 1 2 5 2 2 0 6 1 0 1 3 4 0 1 2 4 1 0 2 2 2 0 1 1 1 4 1 4 2 0 3 1 1 3 6 2 2 2 4 0 0 1 3 1 1 1 3 3 2 1 3 3 2 1 2 4 3 3 1 0 0 5 1 3 2 1 1 2 3 4 1 6 3 1 0 0 1 0 3 2 2 1 1 3 4 2 1 3 2 1 1 4 0 4 2 1 2 2 2 4 3 1 1 1 2 2 3 1 4 2 1 0 3 0 1 1 0 2 2 2 3 2 3 0 4 5 1 2 0 4 2 1 2 2 0 2 2 2 3 1 5 2 0 0 1 5 2 3 2 2 7 1 2 1 1 2 2 0 0 4 1 2 2 2 1 1 2 1 3 0 5 1 1 1 2 1 6 3 0 1 3 4 5 1 0 2 0 3 1 3 1 3 0 1 0 0 0 2 3 2 2 1 2 1 3 2 2 2 1 2 1 3 4 1 4 1 2 1 3 0 1 0 1 2 4 4 4 1 0 3 1 3 1 3 1 1 1 2 5 0 3 2 2 3 2 1 3 0 1 1 2 0 1 1 1 2 0 1 0 4 2 4 6 3 0 1 2 2 4 2 1 1 1 2 3 0 2 2 2 2 1 0 1 1 2 5 2 1 2 2 0 1 2 4 1 2 3 2 3 1 2 1 3 3 2 2 2 2 2 1 1 3 3 3 3 1 1 2 1 2 1 2 4 1 1 2 2 0 2 1 2 1 2 2 1 4 3 4 2 3 0 3 4 3 3 3 2 3 2 1 3 0 2 0 2 0 1 3 4 5 3 0 2 3 4 2 1 1 0 1 3 5 0 2 2 4 3 2 3 2 1 3 2 0 2 0 3 1 0 3 3 3 2 1 4 5 3 2 0 2 3 1 2 1 3 0 2 1 4 1 4 1 5 2 2 1 4 0 1 3 1 0 1 2 4 3 5 2 0 0 2 2 1 2 2 4 4 1 1 0 1 4 1 6 1 3 4 2 2 5 0 2 1 0 0 1 4 3 5 0 2 0 4 1 1 2 1 1 2 2 3 1 1 4 4 0 5 3 1 3 2 0 1 0 1 1 0 2 1 2 0 4 1 2 2 2 3 3 2 3 2 1 1 0 2 0 1 2 6 2 4 5 4 2 0 3 2 4 5 2 1 4 2 3 3 2 2 2 1 2 1 1 1 0 3 3 2 2 4 1 1 1 0 3 1 3 0 3 3 2 0 1 1 2 1 1 3 2 3 2 1 2 1 3 2 4 0 2 4 3 1 3 2 4 3 1 3 2 0 2 2 4 2 4 2 4 1 2 1 2 2 1 3 2 0 2 0 2 0 1 0 3 2 4 5 3 3 1 1 0 1 3 1 0 1 3 2 3 2 1 7 2 0 0 3 0 1 4 4 3 4 1 3 1 5 1 1 2 3 4 1 3 7 2 1 0 2 2 2 1 1 1 0 3 1 0 3 4 4 6 0 2 2 1 2 2 2 3 2 0 2 2 0 1 4 4 0 2 1 1 3 1 2 1 2 1 1 3 3 2 1 1 3 3 5 4 1 4 3 2 1 3 6 1 1 4 1 3 4 1 1 2 0 2 4 4 1 2 2 1 1 4 3 4 1 2 2 0 3 2 2 2 1 2 1 2 3 2 3 3 5 2 1 3 1 0 2 4 3 1 1 3 6 2 2 2 0 1 2 1 1 2 0 2 2 3 2 3 1 2 1 0 3 1 3 2 3 1 1 2 2 2 1 4 2 3 1 3 1 1 1 0 0 2 2 2 1 1 5 1 1 7 1 2 3 1 1 2 1 3 1 2 1 3 2 1 1 1 4 3 1 3 2 0 0 2 6 1 1 3 2 1 3 3 1 2 1 0 2 3 2 5 2 0 1 2 1 3 3 4 2 9 1 0 3 0 2 2 5 2 3 2 4 2 1 1 3 0 4 1 1 2 1 2 2 3 4 5 1 4 3 1 0 4 0 3 1 1 0 1 4 1 4 0 4 2 0 1 3 2 2 1 2 3 2 2 3 4 3 3 4 2 1 0 3 3 2 1 1 1 2 2 2 4 4 1 2 2 1 3 2 4 2 2 2 3 1 3 1 0 3 3 2 0 1 2 3 2 1 2 4 1 0 2 0 0 3 0 4 2 3 1 3 0 1 3 2 5 2 1 0 2 1 1 1 3 1 2 1 1 3 2 1 3 0 2 1 1 2 3 4 3 2 2 1 2 0 1 3 1 0 3 4 2 1 4 1 5 2 4 2 2 2 3 1 0 1 0 0 2 3 2 4 4 0 3 1 2 3 0 3 0 3 3 1 0 2 2 2 1 1 0 3 0 1 2 4 4 1 4 5 2 2 0 0 3 2 2 1 2 1 4 2 4 3 5 0 1 1 4 2 2 1 4 5 2 5 3 2 0 4 0 1 3 2 4 5 1 1 0 0 4 2 3 1 3 2 6 2 1 1 3 0 2 4 2 2 2 1 1 0 5 3 1 2 1 1 1 5 1 1 1 2 4 3 4 1 2 1 1 3 0 0 3 1 3 1 1 1 1 0 0 4 2 1 1 2 0 1 0 2 1 4 2 2 2 1 1 1 0 2 1 3 2 4 0 2 0 2 2 1 0 3 1 1 2 1 2 3 2 2 2 1 0 2 0 2 1 2 0 6 1 3 3 2 1 1 2 3 2 0 1 1 4 1 0 2 2 2 3 2 2 4 1 1 3 4 2 1 2 4 0 2 3 0 3 1 3 1 0 2 1 2 5 2 0 2 1 2 2 3 3 0 2 1 6 1 3 2 2 2 0 3 2 3 2 1 2 1 0 1 4 4 1 1 3 2 3 4 4 2 1 1 3 2 3 1 1 2 3 3 0 0 4 2 0 5 1 0 4 4 3 2 0 0 2 1 2 3 2 2 1 3 1 0 2 1 2 2 1 5 2 0 3 1 3 1 2 5 2 1 0 2 1 2 2 2 1 1 2 2 2 2 2 1 1 0 5 3 0 3 0 1 1 3 5 2 1 2 2 2 3 1 0 4 3 2 4 1 0 0 1 4 2 0 0 0 2 2 1 2 6 5 1 4 2 1 0 2 3 3 3 3 1 1 2 1 1 5 3 2 1 1 1 2 2 3 0 3 2 4 4 1 0 1 3 1 1 3 0 1 2 6 2 2 2 1 2 3 0 4 1 1 2 2 0 3 4 1 2 3 0 1 1 3 1 1 1 3 3 3 2 2 2 2 0 2 3 1 0 0 2 1 2 2 0 2 5 2 1 0 2 1 2 4 3 2 1 3 1 2 1 1 3 1 4 3 0 1 2 1 2 1 3 3 1 4 1 4 3 3 2 1 0 1 0 1 1 3 3 2 2 1 5 0 1 4 1 2 4 3 2 1 4 1 0 1 1 0 0 5 1 4 3 1 2 0 4 1 3 0 1 1 2 0 2 3 2 1 5 2 1 4 2 3 3 3 1 2 0 5 2 1 4 4 3 4 0 3 4 0 1 4 4 1 1 2 3 3 0 0 2 2 1 4 3 1 2 3 3 3 3 1 2 3 4 1 1 1 3 3 2 1 3 1 2 1 2 4 0 2 3 4 2 0 2 1 3 1 2 3 1 4 1 3 1 2 3 0 2 3 2 4 5 3 2 2 2 3 1 0 2 1 4 2 3 1 1 0 2 5 2 1 2 4 3 1 3 0 2 5 4 4 2 0 2 1 1 2 2 1 2 2 5 2 3 0 2 2 4 3 2 1 4 4 2 0 2 1 1 0 0 4 2 5 1 1 0 1 2 2 1 3 3 2 1 2 0 4 0 0 2 2 5 8 0 1 3 0 2 0 2 1 1 1 0 2 0 3 4 3 2 2 1 1 0 4 2 2 0 5 2 5 1 1 3 2 0 0 3 4 0 1 1 2 4 3 3 6 1 1 4 2 1 1 4 1 3 1 2 1 4 0 2 3 2 1 3 2 4 1 2 1 1 1 1 3 2 2 2 6 4 2 2 1 2 2 2 2 2 1 2 7 4 3 3 0 0 2 3 2 1 3 1 3 4 2 1 0 1 1 2 2 1 4 1 4 2 2 1 1 3 4 2 6 3 3 0 5 0 2 1 2 0 6 5 0 1 2 0 0 1 1 4 3 4 2 2 0 2 1 4 2 2 3 3 2 1 1 2 0 4 2 1 2 2 1 0 1 5 6 1 2 1 1 3 1 1 1 2 0 1 4 2 1 0 2 2 0 2 1 2 3 4 3 5 2 1 1 1 4 2 3 3 3 1 4 1 1 1 3 2 2 6 0 1 2 1 3 1 1 0 3 1 1 3 4 1 1 1 2 4 3 0 2 3 1 0 1 2 2 4 1 0 2 2 3 5 4 3 1 2 1 0 4 0 1 2 2 2 0 3 4 3 3 1 1 1 2 2 2 3 1 1 0 3 1 3 2 0 4 0 2 2 3 6 1 4 3 0 1 0 1 3 2 1 3 2 2 4 3 2 3 1 3 2 2 2 2 2 1 1 0 4 4 2 1 2 1 2 3 1 1 2 1 0 2 3 2 3 1 4 2 1 3 1 2 3 1 2 1 2 1 2 2 1 2 2 3 3 1 3 2 3 0 1 4 1 0 1 1 5 2 3 5 2 1 2 0 0 5 3 2 5 0 2 0 2 1 1 3 3 1 1 3 0 2 1 2 2 4 3 2 0 1 5 4 0 1 3 1 1 1 2 2 3 0 4 0 1 2 3 5 2 2 1 1 3 0 0 1 3 6 1 2 1 3 2 2 3 4 1 1 4 4 1 3 0 3 4 1 4 3 3 3 1 1 8 0 0 1 2 3 1 2 2 1 2 2 3 2 1 2 2 2 0 2 2 1 2 1 3 1 7 0 1 2 0 4 5 1 3 1 2 4 5 1 2 2 2 0 1 2 0 1 4 1 0 1 2 3 1 2 3 4 1 2 3 0 1 1 3 1 0 0 1 1 0 2 0 1 5 2 3 3 0 3 2 1 0 4 4 3 2 3 1 0 3 2 0 4 2 3 1 2 2 3 2 0 2 3 1 3 0 3 5 2 1 1 1 1 0 3 2 2 3 1 2 2 1 3 0 4 2 1 3 2 2 2 1 2 2 2 2 2 2 2 3 4 1 1 5 1 3 2 1 3 1 2 1 1 4 1 0 2 1 1 2 1 2 1 1 3 1 3 1 3 3 2 0 1 4 2 1 2 2 3 2 0 0 2 3 0 4 1 1 1 1 2 3 1 4 3 1 1 1 0 0 2 1 0 2 3 1 3 4 4 1 2 3 0 4 2 1 1 2 3 4 1 1 2 2 4 1 0 0 0 1 2 1 2 3 2 1 4 2 3 1 3 3 3 1 3 3 1 3 1 2 0 2 3 2 2 2 1 2 1 2 1 1 0 4 1 1 0 3 0 4 0 1 4 1 0 1 1 3 2 1 2 2 2 2 2 2 2 0 0 1 1 5 4 2 2 2 1 1 0 3 3 2 0 3 2 0 4 3 0 4 5 3 2 3 1 2 3 2 0 3 2 2 3 0 3 2 2 2 2 3 2 0 0 3 2 1 3 1 1 3 1 4 1 2 4 2 1 2 0 1 0 4 2 2 3 2 1 2 1 5 1 1 2 1 2 4 2 1 3 3 2 2 3 0 2 2 2 3 1 1 3 1 3 1 1 2 0 4 1 1 4 5 2 1 1 1 1 1 2 0 1 2 0 3 3 3 1 3 1 2 1 1 2 3 4 2 2 4 3 2 2 5 0 0 3 2 2 5 2 2 1 1 2 2 1 2 2 2 1 1 1 4 2 3 2 2 3 2 4 2 4 4 5 2 1 1 2 3 3 2 1 1 1 2 1 2 2 1 1 3 3 3 2 1 2 2 1 4 1 4 4 1 4 1 4 3 1 0 2 2 3 2 2 1 2 1 1 1 2 1 0 2 6 1 3 3 1 5 5 0 2 0 1 3 3 1 2 0 0 0 3 0 1 0 2 1 3 4 3 3 2 3 0 4 0 1 0 1 0 0 1 4 2 3 1 2 3 2 4 1 1 0 2 1 1 1 0 2 5 1 2 2 1 0 4 1 4 1 2 2 2 0 2 1 1 0 3 4 1 1 2 3 3 3 3 2 3 0 1 0 3 1 4 1 1 1 1 2 1 3 1 4 0 5 4 0 4 1 3 2 1 1 1 3 2 0 2 1 4 1 0 2 4 2 4 0 2 0 3 2 3 2 2 0 0 4 4 1 1 2 2 2 2 3 2 3 2 2 2 1 1 1 2 1 2 1 1 3 3 3 1 2 4 3 1 3 3 2 0 1 2 3 6 4 3 4 1 1 1 1 3 1 1 2 1 2 2 0 2 2 1 2 5 0 0 3 2 3 5 1 4 6 0 0 5 0 0 0 2 5 3 6 1 2 3 1 1 1 2 2 0 2 1 1 2 4 4 0 3 3 1 2 1 3 1 0 4 4 0 1 2 0 1 1 2 2 1 7 2 2 1 1 1 1 2 3 3 0 3 3 4 2 3 1 5 3 1 1 2 2 2 2 5 1 4 1 0 1 0 3 1 1 2 3 3 3 1 3 2 4 1 2 1 2 1 0 2 1 2 5 0 1 3 4 2 3 2 2 3 2 0 2 0 1 2 2 2 2 1 3 3 2 3 2 2 5 2 3 5 3 2 5 3 1 5 0 2 1 3 1 3 6 1 0 2 1 2 1 2 1 4 3 0 0 0 2 3 0 3 3 4 1 1 0 4 4 2 0 2 2 1 2 3 3 3 2 2 2 2 2 4 0 2 2 3 2 1 1 1 4 1 1 0 5 1 2 1 0 0 0 3 2 5 3 3 0 3 1 0 2 1 1 5 5 3 1 1 0 1 6 4 3 1 1 1 2 2 3 1 5 0 2 4 4 3 3 1 0 1 3 1 1 2 0 3 4 2 0 2 1 3 5 2 2 1 1 1 3 2 0 2 1 0 1 1 1 1 1 1 1 2 1 2 3 2 3 3 3 2 1 1 2 2 2 4 3 4 2 2 1 0 3 2 1 0 4 3 3 1 1 5 1 1 1 0 1 2 2 2 2 3 1 0 2 1 2 3 1 2 1 4 1 0 2 3 0 1 1 0 4 3 2 4 2 0 0 3 2 1 1 6 1 2 1 1 1 4 3 4 3 2 1 3 2 0 2 2 4 2 3 4 3 1 3 1 1 1 0 2 1 1 2 2 2 5 0 2 1 1 4 1 3 0 0 2 2 1 2 2 1 0 3 3 1 1 5 1 5 5 2 1 2 1 0 0 0 1 2 2 2 2 2 3 3 3 2 1 4 1 1 2 2 4 1 4 2 3 1 1 1 2 2 0 3 1 5 0 3 1 1 2 5 3 2 0 1 1 2 2 2 2 0 1 0 2 3 4 3 0 2 3 3 4 5 1 4 3 1 2 2 3 1 3 3 1 1 3 0 0 4 1 1 3 1 2 2 1 3 3 4 3 0 0 1 0 4 2 5 2 1 0 2 0 2 4 3 4 0 1 0 1 2 1 0 1 2 1 1 2 3 1 3 2 1 3 3 0 2 0 2 2 0 4 0 2 2 1 2 0 0 3 3 1 4 4 3 2 0 1 1 4 4 2 2 5 4 0 2 3 1 2 0 4 1 2 2 5 1 0 0 4 0 0 4 0 3 1 2 0 0 4 3 1 3 3 0 4 2 3 0 1 3 4 2 1 4 2 2 2 0 0 3 2 5 1 2 4 3 0 2 1 2 0 2 2 1 3 4 3 4 0 3 1 4 0 3 3 3 1 2 1 1 2 0 1 1 0 3 3 3 1 1 4 2 1 3 0 1 1 0 3 2 2 3 2 1 3 4 0 1 2 2 2 1 4 2 3 1 2 3 1 1 1 4 1 0 1 6 1 0 2 3 1 1 1 0 3 3 2 2 3 6 2 4 2 1 1 3 2 3 2 1 1 6 2 1 1 3 2 2 3 1 1 1 4 2 1 2 1 3 1 2 7 4 2 2 4 3 3 1 3 3 2 1 1 2 1 2 2 2 2 0 1 1 2 6 1 3 0 1 3 3 2 1 5 0 0 3 0 1 1 5 2 1 1 3 1 2 3 2 2 0 2 0 3 0 4 3 0 0 0 1 3 2 3 1 0 2 3 3 2 3 3 1 2 1 0 2 1 2 0 6 2 0 1 0 2 2 3 4 0 1 0 1 1 1 4 2 1 3 4 2 2 1 0 2 2 4 2 0 1 2 2 2 0 2 3 3 2 0 1 1 2 1 1 1 0 2 2 1 0 5 3 3 0 2 2 2 2 3 3 4 2 1 2 1 2 1 3 3 3 1 5 5 0 3 4 4 1 3 0 0 3 0 0 1 1 4 2 3 4 1 2 2 4 1 3 3 1 1 0 6 2 3 1 0 4 4 2 4 0 1 3 2 1 3 1 0 2 5 3 2 3 2 1 1 2 1 2 2 2 3 2 2 1 2 2 2 3 2 0 1 4 1 4 4 3 0 0 2 2 2 0 3 2 2 2 3 2 0 3 2 3 1 2 3 2 1 2 2 3 2 2 1 1 3 3 1 0 3 2 2 1 2 3 4 1 3 0 1 3 1 3 3 1 1 1 3 4 0 1 2 2 1 4 2 1 0 3 4 4 1 2 1 2 2 1 1 1 3 3 2 0 0 1 2 0 4 2 0 4 1 3 2 3 3 1 1 4 1 3 0 2 1 5 0 1 3 2 6 2 3 2 0 0 2 1 4 2 0 0 1 1 2 1 2 1 2 2 1 2 1 2 2 3 3 0 3 2 2 0 3 3 7 1 3 2 0 1 2 2 1 3 2 2 0 1 4 0 1 2 2 2 3 2 2 2 1 1 1 2 1 2 5 2 1 0 1 2 0 3 2 2 2 1 2 1 1 2 1 2 1 1 2 1 1 2 3 2 0 0 4 2 3 1 0 1 2 2 1 2 4 3 3 1 1 1 1 1 3 1 3 1 3 1 1 6 2 2 0 2 0 1 3 2 0 2 1 3 2 1 0 4 0 2 2 3 1 1 3 1 0 0 2 1 3 0 1 1 4 1 4 2 3 2 1 3 0 1 2 1 2 1 1 2 1 3 0 3 3 2 1 2 1 2 2 2 2 5 1 2 3 1 4 2 1 3 1 2 3 3 2 3 0 1 3 3 3 2 0 2 2 2 4 1 2 2 3 2 1 0 1 3 4 1 2 3 2 1 4 5 1 2 2 1 3 3 2 1 2 2 0 2 1 3 1 4 2 1 1 2 0 3 0 0 3 3 1 2 3 1 0 3 3 2 2 3 2 2 2 1 2 1 1 3 1 1 0 3 1 0 0 2 5 3 1 3 1 2 1 3 2 1 2 2 1 1 2 4 1 2 3 2 1 2 2 3 2 1 3 1 0 1 0 0 3 2 3 0 2 5 1 1 2 2 0 5 4 2 1 4 0 0 3 2 3 4 2 3 3 3 2 0 2 1 0 3 1 4 0 2 5 0 2 0 2 3 1 1 1 2 2 3 0 0 3 3 2 4 2 1 1 2 1 0 3 1 0 3 2 3 1 2 3 1 4 2 3 0 3 1 1 1 1 2 1 2 2 3 0 2 0 1 2 2 2 1 1 4 2 6 0 3 2 2 3 1 3 3 3 0 2 2 3 1 0 4 8 0 0 2 2 1 2 2 1 4 2 1 1 0 2 2 5 2 2 1 2 4 1 0 2 0 3 6 0 2 3 2 0 2 2 2 2 1 3 5 0 2 4 3 3 1 4 2 1 2 1 2 0 4 2 2 0 0 3 4 1 3 2 2 4 1 0 1 1 0 3 2 2 2 0 1 1 2 4 0 4 1 2 3 0 3 2 2 2 1 5 2 4 0 2 3 4 2 2 5 0 1 3 1 0 2 1 0 2 0 6 1 0 2 1 1 4 2 1 1 3 1 6 0 2 1 0 3 2 0 2 4 5 1 2 0 0 1 3 1 4 4 1 2 2 1 1 5 2 1 1 0 1 1 2 2 2 4 2 3 1 2 2 2 1 3 1 1 1 0 3 4 1 5 3 4 2 0 1 0 5 2 3 1 1 1 0 3 3 0 3 5 1 3 3 0 1 1 0 1 1 3 2 1 5 2 2 2 1 0 1 0 2 4 2 5 1 0 0 2 2 3 2 0 0 1 2 2 2 3 0 4 3 1 0 3 2 1 1 1 3 3 1 1 1 1 3 1 2 1 2 2 0 2 2 1 2 0 4 2 1 4 3 2 1 2 0 2 2 3 2 3 1 2 1 4 1 1 1 0 1 4 4 2 2 2 4 1 4 1 5 1 1 0 1 2 4 2 2 1 1 2 0 2 0 3 4 3 1 1 3 2 2 5 4 3 4 1 4 0 2 3 2 1 0 1 1 5 1 2 2 3 3 4 1 2 3 3 0 4 2 1 3 1 1 4 3 0 3 5 2 1 1 3 2 3 2 4 1 1 4 0 2 3 1 2 1 2 2 2 1 2 2 0 1 1 2 0 2 7 4 2 4 0 1 3 2 2 4 2 4 0 2 0 1 1 1 3 0 2 2 1 2 5 1 4 2 3 3 2 2 3 1 0 0 0 3 2 4 3 2 3 1 0 2 1 3 0 0 1 1 2 5 2 2 3 3 3 2 1 2 3 3 0 2 3 1 1 2 1 5 2 3 1 2 1 2 1 1 0 1 1 0 0 1 2 2 4 1 0 1 4 2 1 2 3 1 3 1 3 2 4 1 1 1 2 1 2 2 3 2 1 3 2 4 1 2 1 1 3 1 0 2 3 4 4 1 0 1 0 1 2 2 0 0 0 0 2 4 2 1 1 6 2 0 1 1 1 5 3 3 0 1 0 3 3 2 2 1 0 1 4 2 2 4 2 3 3 1 0 2 1 1 2 1 0 3 0 3 2 5 2 4 1 3 2 3 3 0 2 3 3 1 2 1 3 0 1 6 4 2 2 1 3 0 4 0 3 1 3 0 0 1 4 1 4 2 5 2 0 1 1 3 0 4 4 1 2 1 0 2 4 5 2 0 3 0 5 1 1 2 4 1 5 1 3 2 1 3 2 2 1 3 3 3 1 1 0 1 4 2 1 0 0 3 0 3 1 4 1 2 0 2 3 0 3 3 1 0 2 0 3 1 0 2 1 1 2 2 3 1 0 3 2 1 1 1 2 4 2 5 2 4 2 1 0 0 1 2 3 3 1 4 1 3 1 3 1 1 2 1 2 1 4 3 2 2 0 2 1 1 1 0 3 2 5 0 4 3 4 1 1 0 0 3 0 1 1 1 1 2 2 3 2 4 2 1 1 2 1 1 3 5 3 1 1 1 2 3 5 1 2 0 0 2 2 0 2 0 6 0 0 2 3 3 2 5 0 2 4 3 2 4 0 5 2 2 2 3 4 2 2 2 3 4 0 4 3 2 0 1 3 1 2 1 2 3 1 2 1 3 0 3 0 0 0 3 2 2 3 3 3 1 4 1 3 2 2 1 2 2 3 5 2 1 1 0 2 3 3 2 2 1 3 0 4 1 2 3 1 2 2 0 0 1 0 2 4 0 0 0 1 2 1 2 3 2 2 3 3 0 3 2 2 2 0 0 4 2 1 1 0 2 0 4 4 0 4 3 4 2 3 0 2 1 1 3 1 0 3 2 0 2 1 2 0 2 5 3 2 0 4 2 0 0 2 0 4 1 0 2 1 3 3 2 1 2 2 1 2 1 3 1 1 3 1 2 4 1 2 0 3 1 1 2 3 2 3 3 3 1 0 1 2 3 2 1 2 2 2 2 1 3 1 2 0 3 5 1 2 1 3 2 1 2 3 1 1 2 4 2 1 2 2 1 3 3 2 1 2 3 5 2 1 2 1 3 0 2 3 0 1 3 5 5 1 1 1 3 0 2 3 3 1 2 1 2 1 0 1 1 2 1 5 2 3 2 1 0 0 2 5 1 1 0 2 1 2 0 3 1 2 0 2 2 0 6 1 1 2 3 1 1 1 5 1 0 2 1 2 2 4 0 2 1 0 3 4 0 1 2 4 3 3 0 3 1 0 1 0 0 5 4 1 0 1 1 1 0 2 1 1 1 0 2 1 1 3 6 4 1 3 2 2 1 2 2 3 2 3 3 1 0 4 1 2 3 1 2 4 1 1 1 2 0 3 1 3 3 2 2 1 5 2 1 3 3 1 2 7 1 4 1 1 0 1 3 3 3 3 0 2 6 3 1 1 1 1 3 2 1 1 4 3 3 2 2 1 2 3 2 4 1 2 2 3 2 2 2 1 0 0 4 2 0 1 6 3 1 1 2 4 4 3 0 3 2 0 0 2 3 2 1 4 2 1 3 1 1 0 2 0 1 2 1 5 4 1 2 1 0 2 4 2 3 2 1 4 0 3 2 3 3 2 0 3 2 2 3 0 3 2 3 4 1 1 2 0 1 1 4 3 2 3 2 2 4 1 1 1 2 1 2 3 3 2 0 2 1 1 3 1 1 2 3 0 6 0 5 2 0 1 2 2 1 3 4 1 4 1 4 1 1 2 7 1 1 4 3 0 1 0 1 2 3 1 3 2 1 1 2 6 0 1 3 3 3 0 2 1 1 0 3 1 4 1 2 0 2 2 0 2 6 2 0 1 2 2 2 0 3 3 1 4 1 1 5 2 2 0 4 3 0 2 3 1 2 3 1 1 1 3 1 4 5 1 2 2 2 2 3 3 0 0 4 0 2 2 7 3 1 2 1 1 1 0 1 2 3 3 1 2 2 1 4 4 3 0 3 1 3 1 0 2 4 3 0 1 3 4 0 0 2 3 1 3 1 0 3 3 1 3 4 5 2 3 0 3 1 1 2 4 2 1 1 2 3 2 2 2 4 2 1 1 1 2 0 2 1 2 2 3 3 1 2 4 3 1 2 3 1 1 0 3 1 3 4 2 1 3 0 3 0 1 2 2 1 1 3 1 2 3 2 2 3 1 3 4 3 1 0 3 1 2 2 4 0 1 3 1 2 3 2 2 2 0 3 2 1 4 3 1 2 0 1 2 0 3 1 2 3 1 2 2 3 2 1 2 1 1 2 1 3 3 1 3 3 2 3 5 1 1 1 0 2 1 0 2 4 1 2 3 1 0 5 1 1 4 1 3 3 2 1 0 4 3 3 3 1 2 3 3 3 4 3 4 0 2 1 3 3 1 1 3 2 1 1 3 1 1 5 4 1 2 1 4 3 1 3 3 2 1 1 2 3 3 3 0 2 2 1 2 0 2 3 0 2 2 1 4 2 2 2 2 1 1 1 1 3 6 2 0 1 1 0 3 2 2 1 1 3 2 6 0 0 0 2 1 4 3 2 0 3 5 3 1 4 4 1 2 2 0 3 2 2 5 1 1 1 2 2 1 3 5 1 2 1 3 1 1 2 0 0 0 0 3 6 2 2 4 1 0 2 0 3 3 2 2 4 1 1 1 3 1 2 2 2 5 1 2 3 0 2 2 1 6 3 0 2 4 1 1 1 1 0 4 3 3 2 1 2 1 2 3 1 1 2 1 3 0 2 3 6 2 0 2 3 2 0 0 1 3 3 4 7 1 1 2 1 1 2 0 3 0 0 1 1 1 5 3 1 1 2 1 5 2 4 3 0 2 1 1 3 1 1 2 2 3 0 3 4 2 0 3 2 2 2 3 2 2 2 3 4 3 1 2 3 1 2 5 1 1 3 0 1 1 0 0 1 1 4 2 3 1 3 2 3 2 1 1 1 4 2 3 2 2 2 0 2 0 2 2 3 2 1 1 2 3 3 0 2 1 2 3 5 1 3 1 2 4 3 0 2 1 0 4 1 2 1 1 1 3 2 0 1 3 4 3 2 2 2 3 3 0 5 4 3 1 3 0 2 2 3 1 1 3 1 6 3 2 2 0 1 3 1 3 2 1 3 5 2 3 2 1 2 4 1 4 2 3 1 1 1 2 2 3 5 1 3 0 1 3 1 3 2 3 1 2 2 2 4 3 0 0 0 1 1 2 2 1 4 0 3 5 1 0 2 0 1 1 1 1 2 3 2 3 3 0 0 3 2 1 3 1 2 1 3 1 1 3 2 4 3 1 2 4 1 0 0 4 0 2 7 3 2 1 4 2 5 3 4 1 1 2 0 1 1 3 3 5 2 3 1 2 0 1 2 4 0 5 1 2 3 2 1 3 1 0 4 2 3 3 4 2 2 1 1 3 1 3 1 2 2 4 4 1 2 2 2 1 2 1 5 1 2 1 2 1 1 3 1 2 3 1 3 3 6 0 1 0 3 4 3 1 2 2 1 1 3 3 2 1 2 2 2 5 0 1 0 0 1 3 3 0 3 2 3 2 2 0 1 0 4 3 0 1 1 3 2 3 2 2 1 1 1 2 0 3 1 2 4 4 1 2 3 1 0 3 1 3 3 1 3 4 0 2 4 2 1 3 1 0 3 4 2 2 2 3 1 3 2 0 2 2 0 3 3 3 1 1 5 3 1 2 2 1 1 2 0 1 1 2 1 2 3 0 1 3 1 3 3 3 0 1 1 3 1 2 4 1 0 0 2 1 3 1 1 4 1 1 0 3 6 3 2 0 0 1 3 3 2 0 4 2 0 6 1 2 3 3 0 1 3 3 2 2 1 1 1 3 1 2 5 3 3 2 2 3 4 1 4 1 2 2 2 3 2 1 1 0 1 2 1 4 2 2 3 1 2 2 6 1 1 1 4 3 1 1 1 2 1 2 5 1 3 1 2 0 2 3 0 1 6 2 3 3 0 2 2 1 2 2 3 1 3 1 2 3 0 3 2 4 1 2 1 2 2 0 2 2 3 1 3 4 3 0 2 1 1 2 4 0 1 2 2 1 0 5 2 1 1 3 3 4 3 3 3 0 4 8 1 0 3 2 3 4 0 2 0 0 1 2 3 1 1 2 2 1 6 2 1 2 3 3 3 0 2 1 0 1 4 1 4 0 3 2 2 3 1 3 3 4 1 2 2 3 1 2 3 1 3 0 2 0 1 3 1 1 3 1 2 3 3 0 2 4 1 3 1 1 1 1 1 2 2 2 1 2 1 1 2 3 1 3 2 1 4 0 2 0 1 3 3 1 1 3 4 3 1 1 1 6 0 4 3 1 3 4 1 1 3 0 2 4 1 0 2 1 1 2 1 2 3 4 1 1 3 0 3 3 1 5 0 2 2 1 2 3 1 1 3 3 3 1 4 1 0 1 1 1 2 3 2 2 5 1 1 2 0 0 1 4 2 2 1 3 3 4 3 0 1 1 3 4 1 3 4 0 1 1 0 0 4 1 2 2 3 4 2 3 0 1 1 1 2 2 2 3 0 0 2 0 2 3 4 2 2 4 0 2 3 4 2 1 1 3 1 0 3 2 5 4 1 2 1 3 2 0 1 4 1 1 3 1 1 3 0 1 7 5 2 3 0 0 4 0 2 1 1 3 1 1 2 0 2 3 0 0 4 2 2 2 4 1 1 1 1 1 2 0 2 1 2 2 1 2 0 2 2 2 2 3 1 1 2 1 2 4 2 3 1 1 2 2 2 2 3 0 2 2 0 6 3 2 0 2 1 3 2 4 3 2 1 1 1 0 2 3 1 1 2 3 3 1 2 1 2 5 1 1 1 1 2 2 0 4 1 2 4 2 1 3 4 4 1 2 3 3 1 1 3 2 1 1 0 1 2 2 3 3 1 1 1 2 2 5 0 2 0 1 2 1 6 2 3 2 2 2 2 0 0 0 1 6 2 2 2 1 2 2 5 3 3 1 0 2 1 0 0 3 2 1 1 3 8 4 3 1 1 0 2 2 1 4 2 1 4 4 0 3 2 0 2 1 3 2 2 0 3 3 0 2 2 1 3 4 1 1 2 1 4 3 2 2 1 4 1 0 1 2 2 0 2 1 3 2 2 1 1 0 0 1 1 2 3 5 1 4 2 2 1 2 0 1 1 1 5 2 4 0 2 1 2 1 3 3 2 0 4 1 1 1 2 1 5 2 1 2 1 1 0 1 0 4 2 1 2 2 0 1 2 1 4 3 2 0 2 6 2 1 1 0 0 2 1 1 5 2 2 2 1 2 3 1 1 3 2 0 3 6 5 3 1 0 1 2 0 4 1 2 2 0 2 2 2 1 7 0 1 3 0 1 1 3 1 5 2 2 1 4 2 2 2 2 3 1 1 3 0 0 1 3 2 3 5 1 0 2 2 3 1 1 1 1 2 4 2 1 0 3 3 1 2 3 1 4 1 3 2 1 1 0 2 1 3 1 0 2 4 1 1 2 0 2 3 1 2 1 1 1 4 3 7 4 3 0 0 6 1 4 1 2 3 2 1 5 1 1 2 1 2 2 0 2 3 1 0 1 1 1 2 8 2 2 1 2 2 3 2 3 1 2 2 2 0 2 2 3 4 1 3 0 0 2 2 2 1 3 0 3 4 2 7 3 3 3 1 3 2 0 1 1 3 0 2 6 1 2 3 2 3 3 2 1 1 1 4 0 2 3 2 2 3 1 2 1 1 2 1 3 4 1 2 2 1 0 4 5 2 1 4 2 1 1 1 1 1 0 2 2 1 1 2 0 2 3 3 1 1 3 0 4 1 0 1 1 3 2 2 3 2 1 3 2 2 3 0 1 0 4 2 4 2 3 2 1 2 0 2 5 2 1 2 3 2 0 6 1 1 0 5 3 1 1 1 0 1 3 1 3 4 1 4 2 1 1 3 2 0 0 5 3 4 1 2 2 5 3 4 2 0 0 2 5 0 0 0 3 1 3 1 3 1 3 2 3 1 1 4 0 2 0 2 6 1 2 1 1 1 3 4 3 3 1 4 0 1 2 2 3 2 1 2 1 0 4 1 0 3 2 4 4 3 2 0 2 1 3 3 1 1 4 0 2 1 1 4 2 4 4 1 0 2 1 5 0 2 3 2 1 2 4 0 2 0 2 0 2 2 3 1 2 1 2 3 4 3 1 1 1 2 2 0 1 2 1 1 1 1 3 3 3 2 1 2 0 1 2 2 2 3 1 1 3 1 2 3 2 1 4 3 3 3 1 3 2 2 3 2 3 2 1 1 3 2 1 3 0 1 3 2 1 1 2 3 1 3 2 2 2 1 2 1 2 6 1 3 1 2 2 4 2 0 2 2 2 1 2 3 3 2 2 3 2 1 3 2 2 0 5 0 2 3 3 2 2 1 1 1 3 1 2 2 1 2 2 4 3 7 0 3 1 1 0 3 0 0 2 2 3 0 1 0 6 3 2 3 1 2 3 2 2 4 1 0 1 2 1 1 1 2 3 0 1 3 3 1 2 2 3 0 1 1 0 1 2 3 2 2 3 1 2 0 2 0 0 1 3 2 2 1 2 2 1 5 1 5 0 1 1 0 1 3 2 3 2 2 1 4 2 4 4 2 2 2 3 4 2 0 2 4 1 1 1 0 2 2 1 5 1 2 2 2 1 1 5 3 4 0 4 6 1 2 0 1 4 2 4 2 1 3 6 5 4 1 0 0 2 1 2 2 2 3 3 1 4 2 4 0 0 1 2 1 2 0 4 1 2 0 1 4 4 1 2 2 2 3 0 2 2 2 0 1 5 2 2 1 1 1 2 4 1 2 3 0 2 1 2 0 7 2 2 1 3 2 0 0 3 1 3 1 5 1 3 2 3 3 2 1 3 2 1 2 2 2 2 1 2 3 3 0 2 1 4 0 0 0 3 1 2 3 1 1 1 2 3 2 3 1 1 1 1 5 1 3 2 2 2 2 2 2 1 2 2 2 2 1 4 3 3 0 0 2 4 3 2 2 2 3 1 0 2 3 0 2 3 4 4 5 1 1 1 3 1 1 1 1 4 2 1 2 4 1 2 2 2 6 2 0 1 1 3 2 4 3 3 1 2 0 4 2 2 2 2 4 3 2 1 1 1 2 3 3 3 0 1 2 2 6 3 1 1 2 4 5 0 1 2 0 1 3 0 4 2 0 0 3 2 1 0 1 4 4 4 0 2 3 2 2 2 0 1 1 6 1 2 1 2 0 0 3 2 0 3 0 5 5 2 1 1 3 1 3 2 1 0 1 3 3 2 2 1 1 1 3 2 1 0 4 5 3 2 2 1 3 0 1 2 4 2 2 1 2 1 3 1 5 2 2 3 0 0 3 1 4 3 5 1 0 4 1 0 4 2 3 3 3 2 0 2 2 1 1 1 1 2 2 4 2 0 2 1 3 0 3 1 1 1 3 3 3 2 3 1 5 1 2 3 1 3 2 4 2 2 0 2 4 2 1 4 2 1 3 2 1 3 3 2 0 1 3 2 4 1 2 1 0 2 2 1 1 3 2 3 1 2 3 1 3 2 3 0 1 2 5 0 3 2 3 1 2 3 2 3 1 1 1 3 0 5 3 3 0 2 1 1 2 2 2 3 2 2 0 1 1 0 0 2 5 3 3 2 4 4 1 2 0 2 2 1 0 0 4 2 1 2 0 1 1 4 3 1 4 3 0 3 3 2 1 3 2 2 3 0 2 0 0 2 4 1 4 1 2 2 1 3 3 2 0 1 2 1 1 2 1 1 1 2 2 3 2 1 3 2 2 2 3 3 3 3 0 4 2 2 2 1 2 3 0 0 2 1 2 1 4 1 2 2 2 3 2 1 3 3 1 4 0 2 2 1 3 1 0 1 2 2 2 0 3 2 4 0 1 0 2 2 5 3 1 1 4 1 3 0 1 4 3 0 3 4 6 1 0 0 3 4 3 1 2 1 1 1 4 3 0 1 1 3 0 3 4 2 2 1 2 0 4 1 3 2 5 3 4 1 1 4 1 0 0 2 3 1 2 4 4 2 0 1 3 3 2 2 3 1 1 2 0 2 1 0 4 2 1 1 2 3 2 3 2 1 3 2 2 2 3 4 2 2 1 2 1 2 2 3 1 3 3 1 4 3 3 1 1 1 0 1 1 1 1 2 2 1 1 2 0 3 0 5 2 1 1 0 2 6 1 2 0 2 0 0 2 0 0 2 5 2 2 2 2 2 0 0 3 4 3 3 1 0 0 0 1 0 1 3 2 1 1 3 3 1 2 1 1 2 1 3 4 3 1 2 4 4 3 3 1 1 1 0 2 2 2 2 0 5 1 0 1 2 2 4 1 2 3 1 2 2 1 1 3 1 1 2 1 2 2 1 2 3 2 1 2 1 4 1 2 4 1 3 2 5 0 2 2 1 5 1 5 0 2 4 4 0 2 1 1 2 2 3 3 2 2 2 0 2 3 5 2 2 4 1 2 2 1 2 3 1 2 4 3 0 2 0 5 3 1 3 2 2 1 0 3 2 1 1 6 5 0 0 1 2 2 1 4 0 2 2 2 2 1 5 1 3 1 0 2 2 0 3 3 5 0 1 1 3 1 3 2 3 3 4 1 2 2 1 3 1 2 3 0 1 3 0 5 1 1 3 4 1 0 1 1 2 2 3 2 1 4 0 2 2 1 1 3 2 3 1 1 2 2 1 3 1 3 3 1 1 2 1 3 5 1 2 0 0 0 0 2 1 3 1 4 0 0 2 2 1 1 1 0 2 4 2 2 3 4 3 0 3 2 1 0 1 2 1 4 3 1 0 0 3 0 0 3 4 1 2 7 1 5 0 3 1 1 1 2 4 0 3 2 2 1 3 0 3 1 2 4 2 1 2 0 2 3 4 3 1 2 2 2 4 1 2 1 0 2 1 0 1 1 2 2 2 2 2 1 2 2 3 1 2 1 3 2 4 2 2 2 1 2 2 1 0 1 1 3 1 3 1 2 0 0 1 2 2 2 5 2 2 1 1 3 2 2 3 1 1 3 1 2 3 1 0 4 0 2 1 2 1 0 2 3 0 2 1 2 2 0 2 0 4 2 2 2 1 2 1 1 1 6 3 4 2 2 1 2 0 4 2 1 1 1 2 2 3 3 0 3 2 2 5 2 4 0 0 2 2 4 2 1 2 0 4 2 0 2 2 0 1 2 1 3 2 3 0 4 4 0 3 2 3 1 3 2 2 2 2 2 4 2 1 3 1 2 2 1 3 0 2 3 0 2 1 2 4 3 2 2 0 3 2 1 3 1 3 0 4 0 3 2 3 0 4 1 1 4 0 0 2 1 2 1 3 1 4 1 0 0 1 1 1 3 2 2 2 3 2 3 3 2 3 2 2 1 1 4 1 2 4 3 0 3 4 5 3 2 3 2 1 1 2 3 2 4 1 3 0 3 3 5 0 0 0 2 1 1 5 1 1 0 3 2 1 2 4 5 1 6 1 3 3 4 0 3 0 0 1 1 1 3 2 2 6 2 0 0 1 2 1 0 2 3 1 5 3 1 2 2 3 3 2 2 2 4 3 3 2 1 0 1 2 1 1 1 2 2 1 3 4 3 2 4 2 4 1 0 1 0 4 4 0 4 2 3 4 3 0 0 1 2 0 3 3 4 3 3 1 2 1 1 1 3 0 2 2 3 2 2 0 2 2 3 1 3 3 2 1 2 2 2 1 1 2 3 2 1 4 2 2 3 4 1 2 3 1 2 3 5 3 3 0 2 3 4 2 3 1 2 2 3 0 1 2 2 1 4 1 5 0 3 5 0 3 1 2 2 1 1 4 1 2 1 5 2 2 2 1 4 2 2 1 1 2 1 1 1 2 1 2 3 0 0 3 4 4 1 2 0 0 1 3 3 2 2 1 3 0 1 2 5 2 2 3 2 2 1 1 2 3 3 0 3 1 1 2 1 2 1 1 4 1 1 1 1 1 1 1 1 0 3 5 0 2 5 4 1 1 1 5 5 3 2 2 2 4 0 3 0 1 3 5 2 1 0 2 3 1 3 0 3 1 4 0 1 1 3 3 2 2 0 1 2 2 3 1 1 7 2 2 4 5 3 0 1 2 4 2 0 2 2 0 4 0 0 0 1 3 0 2 3 4 2 3 2 4 2 2 0 2 1 4 0 2 2 2 2 0 4 2 1 2 2 2 1 4 3 0 0 2 1 1 3 2 4 5 0 4 2 1 2 1 1 2 1 0 2 0 2 2 0 8 1 2 0 1 0 3 2 2 1 3 1 1 2 2 1 3 3 1 0 2 1 3 3 5 1 0 2 1 3 0 3 1 2 2 2 1 2 2 0 3 3 0 2 1 2 4 2 1 0 3 2 3 1 3 1 3 3 1 1 2 3 3 1 3 0 2 2 2 2 4 1 3 3 1 1 2 6 0 1 4 3 4 0 1 3 3 5 2 2 1 4 0 4 3 3 1 1 1 3 3 5 0 1 2 3 4 0 5 3 0 2 2 2 3 4 2 3 1 2 4 3 0 2 3 1 4 5 4 3 2 0 2 0 2 1 2 3 2 4 2 1 1 1 2 1 1 4 3 1 2 1 1 1 3 2 0 3 4 0 2 2 0 0 1 0 2 2 1 2 4 2 4 0 1 2 0 3 4 2 3 0 2 2 1 2 1 1 1 2 1 0 0 4 1 3 1 4 5 0 1 1 2 2 4 3 2 0 2 2 4 0 2 3 3 2 1 3 3 3 1 2 2 0 1 1 0 0 5 5 5 2 3 1 3 1 1 5 1 3 1 4 1 0 1 2 1 1 0 2 1 1 0 2 3 1 3 1 2 2 0 3 4 1 1 0 3 5 2 1 4 2 2 2 1 3 4 2 1 0 1 1 2 1 1 4 1 1 1 1 4 1 0 2 2 1 3 2 3 0 1 2 1 3 4 1 1 3 2 1 1 5 1 0 1 3 0 2 1 3 2 2 4 1 1 2 0 2 6 3 0 2 1 2 4 2 3 0 2 3 3 2 2 3 0 0 0 1 3 0 2 0 4 4 4 2 4 0 3 1 0 2 1 5 2 2 1 2 2 3 2 2 0 4 2 0 3 4 1 1 3 1 2 0 3 3 2 1 3 1 2 0 1 3 2 4 3 2 0 3 2 2 4 1 1 2 0 4 5 2 2 0 1 1 0 2 1 3 2 4 1 4 1 2 0 1 3 2 3 1 1 0 0 2 3 5 1 1 5 3 0 3 1 1 3 1 1 4 2 4 0 2 4 4 1 1 2 3 2 1 1 7 3 1 1 4 2 2 0 2 2 3 0 2 3 0 1 2 1 0 1 4 0 1 3 0 0 1 3 3 1 3 1 2 2 5 2 3 1 0 3 3 1 2 1 2 1 2 2 3 1 1 1 1 1 0 2 2 2 1 3 2 0 1 2 1 1 1 0 2 2 3 0 3 4 1 3 1 4 3 4 0 2 4 1 2 2 3 1 0 3 2 0 1 2 2 2 3 3 1 3 3 1 1 4 1 3 2 2 0 1 3 3 4 1 2 1 2 2 4 2 2 1 4 3 2 3 1 3 1 4 3 1 2 1 1 1 4 1 3 0 1 3 2 1 3 1 3 2 4 2 1 1 1 3 2 0 0 1 2 1 1 5 5 3 0 2 2 1 2 3 0 3 0 1 0 1 1 2 0 1 5 1 3 1 3 2 0 4 3 2 0 1 2 1 3 1 3 1 1 3 2 4 3 2 3 2 1 5 0 2 3 3 4 3 0 3 0 2 2 4 3 1 3 1 2 4 1 1 1 1 2 5 0 1 2 4 2 2 1 1 2 1 2 1 1 5 0 3 0 2 1 4 2 1 2 4 0 1 0 2 0 1 1 2 3 3 2 1 4 3 1 1 0 3 2 0 2 2 4 0 4 3 1 3 1 4 2 1 0 4 1 4 2 2 2 1 2 2 5 1 2 2 0 1 2 4 2 1 2 1 3 1 2 3 1 1 2 5 2 2 2 2 3 1 1 1 2 1 1 2 2 3 3 2 2 3 0 0 3 1 2 2 0 1 2 2 1 1 2 2 2 0 1 2 0 3 2 1 2 3 3 1 2 1 3 4 4 4 5 1 2 3 0 1 3 2 3 1 2 1 3 4 2 0 1 3 0 4 1 1 3 2 2 1 5 3 1 3 2 2 3 1 1 0 5 1 0 3 4 2 2 1 2 1 1 2 2 2 1 2 2 1 1 3 1 0 2 2 1 2 2 4 1 0 1 1 3 0 3 3 1 4 3 2 3 3 1 3 1 3 0 0 3 0 3 1 1 0 2 3 3 1 2 3 3 0 3 2 1 3 2 1 1 3 0 3 1 4 2 4 2 0 2 2 3 3 2 1 3 1 3 2 4 1 1 2 1 3 6 2 2 4 2 4 1 3 1 3 3 1 3 5 1 2 2 2 2 1 1 4 1 1 1 3 2 3 2 1 1 7 2 1 5 3 2 1 1 2 2 4 3 0 2 5 1 1 2 1 1 1 1 2 4 0 3 5 1 1 6 4 1 1 2 4 1 2 4 3 0 3 2 2 4 4 4 0 0 3 3 2 1 2 2 1 4 3 0 1 0 1 0 2 3 1 1 2 2 4 2 0 3 4 3 2 2 3 3 2 0 2 1 0 5 1 1 2 1 3 1 7 0 0 1 1 0 3 3 2 3 2 1 0 1 1 3 2 2 0 5 1 1 4 2 2 1 2 1 4 1 1 3 1 1 4 4 0 3 1 4 3 1 4 3 1 2 3 0 5 5 2 2 2 4 0 0 0 3 2 2 2 1 3 1 1 2 2 2 1 1 6 2 0 1 3 2 1 0 1 2 2 1 3 1 2 3 2 2 2 0 1 1 3 0 2 3 3 1 5 2 1 1 3 1 2 0 4 0 4 1 2 2 3 2 2 1 5 3 1 2 2 5 2 0 2 3 1 1 3 2 4 3 2 3 3 0 2 2 0 3 1 1 4 0 2 0 3 3 4 3 1 2 1 5 1 2 1 1 3 3 2 2 1 2 0 1 2 1 2 1 5 1 2 2 3 0 2 1 3 1 4 2 1 1 0 4 1 2 1 2 3 4 2 2 1 1 2 2 3 3 3 2 0 1 4 1 3 3 3 1 1 2 4 3 2 1 2 1 3 2 3 2 1 2 3 4 0 1 4 2 2 1 2 1 3 2 0 1 1 5 1 4 1 2 3 4 0 3 1 3 2 2 1 1 1 2 4 3 2 3 0 2 5 2 1 1 1 3 3 2 2 0 4 2 2 2 2 2 0 2 1 3 2 3 2 1 1 3 0 4 0 2 2 1 3 3 1 3 2 2 1 2 2 2 1 1 2 3 3 1 0 3 1 1 5 2 2 2 1 0 5 3 3 2 2 2 1 2 2 1 0 3 1 1 3 1 3 3 2 3 3 1 0 2 2 4 2 3 3 1 0 1 2 1 1 1 2 1 1 3 1 3 0 4 4 1 2 1 4 4 3 2 3 5 1 3 2 1 5 2 0 2 1 2 1 2 0 3 0 0 1 2 3 2 4 5 2 0 0 1 1 3 1 1 3 2 1 4 0 3 0 3 0 3 2 2 1 0 3 2 3 3 1 0 3 1 0 2 2 2 1 3 4 1 1 1 3 3 3 1 2 7 1 2 3 1 2 2 2 2 1 1 3 2 2 3 2 1 1 3 0 2 0 0 6 0 3 2 2 1 2 2 2 2 1 3 4 1 1 2 1 2 0 2 3 2 4 0 2 3 1 3 1 5 1 1 1 0 4 4 3 1 4 1 3 2 2 3 2 2 1 3 2 1 1 2 2 1 2 3 1 5 1 3 4 0 3 3 4 1 2 2 2 1 2 2 2 3 3 0 0 0 2 1 5 2 2 5 2 1 2 2 1 0 1 3 2 3 1 4 1 1 1 2 1 3 4 1 0 1 2 1 4 1 2 2 1 7 3 2 1 3 1 0 2 2 2 2 2 1 1 4 3 1 3 1 1 2 2 3 4 4 1 0 2 4 1 4 3 3 1 0 2 2 2 1 2 2 3 6 2 3 0 0 3 0 1 2 1 1 2 2 2 2 1 3 0 2 3 2 4 2 2 2 1 1 3 6 1 1 5 1 2 3 2 1 1 2 1 2 3 3 2 2 3 1 3 2 1 2 0 3 1 1 3 1 4 1 3 3 5 3 1 1 2 2 2 2 2 2 3 3 0 0 2 4 4 2 2 0 2 4 1 4 0 3 1 2 1 2 3 3 2 3 1 3 0 0 3 0 1 6 0 1 1 1 3 0 5 3 4 2 1 2 0 0 1 4 3 0 2 2 3 2 0 4 5 2 0 0 5 1 1 3 10 1 2 3 1 2 3 0 1 2 2 1 2 3 0 3 0 0 3 5 2 1 1 4 1 3 2 1 3 0 4 1 1 1 3 2 1 2 2 0 3 2 4 0 1 1 4 3 3 2 2 1 2 2 2 1 1 3 1 0 1 3 1 0 2 0 2 2 3 1 2 2 3 1 3 5 3 1 0 0 2 2 1 2 2 3 3 3 3 2 1 1 1 0 4 2 0 1 2 3 5 4 2 1 3 1 2 0 3 2 0 2 1 6 1 4 0 2 2 1 1 0 0 1 0 4 5 3 0 2 3 1 2 3 3 2 3 1 2 1 1 2 2 0 1 1 3 2 2 1 2 0 1 3 5 0 1 3 1 1 1 2 3 3 1 5 3 2 2 0 0 1 2 2 2 3 2 2 3 2 1 1 3 2 5 1 3 3 2 2 3 2 1 2 2 1 3 2 1 2 0 0 1 1 1 1 4 0 2 3 3 2 2 2 6 4 1 1 2 1 0 1 2 0 3 2 5 0 5 3 2 2 2 1 6 1 0 3 1 1 0 3 2 2 3 1 3 2 2 1 1 0 2 2 3 1 2 3 2 1 1 1 3 5 1 2 1 3 2 3 0 3 5 1 3 0 3 3 2 5 0 1 2 1 1 2 1 3 5 2 1 3 0 1 1 2 1 1 3 2 2 2 2 2 2 3 2 1 4 2 1 2 1 5 2 3 4 3 2 1 1 3 1 0 3 1 7 2 2 3 1 1 3 1 4 2 2 1 3 2 2 2 2 5 3 1 1 1 2 2 4 2 2 0 1 2 1 2 3 3 1 3 4 0 4 1 2 3 3 1 0 1 2 0 1 3 1 3 6 2 3 1 3 1 0 1 1 2 2 2 3 1 1 1 2 0 3 0 1 2 5 3 6 0 3 2 3 0 2 2 2 3 2 2 3 4 4 2 2 2 1 2 1 1 2 0 1 2 2 0 3 1 3 3 2 2 0 2 1 2 4 0 2 2 0 2 2 2 4 2 2 3 4 1 3 0 2 1 4 5 2 2 2 3 2 1 0 3 1 1 2 0 5 0 2 4 2 2 5 4 2 1 1 2 1 2 3 0 0 4 2 0 3 0 2 2 2 3 4 1 3 2 0 3 1 0 1 1 2 2 2 2 2 6 0 3 2 2 3 3 3 0 1 1 5 0 1 0 1 0 5 4 4 5 0 1 1 2 1 2 1 3 2 1 3 1 0 1 3 3 4 1 1 4 0 4 1 3 2 3 2 1 3 4 4 1 0 3 2 3 3 0 1 0 3 1 2 3 1 1 1 1 2 3 2 0 5 2 2 2 0 3 2 6 3 1 1 0 2 1 1 3 1 4 1 1 5 2 0 3 3 2 1 2 3 3 2 1 1 0 1 1 3 4 3 1 3 4 2 3 1 1 3 1 2 1 2 1 1 5 0 3 1 3 3 3 1 3 1 2 1 1 1 2 2 0 5 2 0 2 3 0 4 0 3 1 1 2 1 3 1 1 3 0 3 0 1 5 1 3 1 0 3 3 1 0 0 0 1 1 4 0 3 2 4 3 2 2 4 0 5 2 3 1 1 3 2 1 3 0 0 1 3 2 4 1 3 4 2 0 1 1 3 1 0 1 2 4 1 2 1 0 1 1 3 5 0 3 3 2 2 0 1 2 1 2 1 0 2 1 7 1 2 2 1 2 3 5 4 1 1 0 1 0 3 2 2 1 2 0 1 3 2 3 1 3 4 0 6 3 1 2 2 3 1 4 4 1 5 2 3 1 0 2 1 3 0 4 0 1 5 3 2 5 2 1 2 2 2 2 1 0 2 4 1 6 0 2 1 2 2 2 2 3 3 2 2 1 4 1 2 2 3 3 0 2 1 0 2 3 1 2 1 2 3 1 2 3 0 0 3 2 3 2 1 3 0 2 0 3 2 1 3 4 2 3 0 4 2 2 2 0 1 3 0 2 0 2 1 2 1 1 0 4 3 3 1 0 5 2 2 1 0 3 4 0 3 1 2 1 1 1 1 3 2 3 2 3 3 2 0 1 1 0 2 2 3 4 1 1 0 2 2 4 1 1 1 2 2 4 4 1 1 2 3 1 1 2 4 2 3 4 0 1 2 1 4 5 3 1 3 3 1 0 0 0 5 1 3 2 0 1 4 2 1 1 2 2 2 2 3 1 3 0 1 3 3 2 4 6 2 2 0 1 3 4 3 1 2 2 1 1 2 3 1 2 5 0 4 3 1 3 2 0 1 3 0 1 2 2 4 4 0 2 2 2 4 1 1 1 0 2 2 1 2 3 3 0 4 3 0 1 1 0 2 3 3 3 1 2 2 3 1 2 5 1 3 1 1 2 2 2 1 1 2 0 7 1 5 3 2 1 5 3 3 1 4 1 0 3 2 3 1 2 5 4 1 2 1 3 1 1 1 0 4 2 0 4 3 4 1 0 3 2 1 3 2 3 1 4 3 2 0 3 2 3 1 1 1 2 1 4 3 1 3 2 1 2 3 3 0 3 0 2 1 2 3 1 3 5 2 6 1 6 1 0 2 1 0 2 1 3 2 0 1 5 1 3 3 2 2 2 0 4 1 1 1 1 3 4 0 1 1 4 0 2 5 2 4 5 1 0 3 2 3 0 3 5 3 3 4 1 1 1 3 2 2 0 4 1 2 0 3 2 2 0 1 1 0 0 4 2 3 1 0 3 1 2 4 0 2 1 2 2 1 2 1 3 3 5 2 0 0 0 4 2 3 5 1 2 2 0 4 1 2 3 5 4 3 2 2 4 2 2 2 1 3 1 4 4 1 0 4 3 2 0 1 1 3 2 3 1 2 2 2 3 1 0 3 2 0 1 1 2 2 3 0 3 5 1 0 0 3 0 0 4 5 2 3 4 1 5 1 1 3 2 1 2 4 2 1 2 1 1 0 3 2 4 3 1 2 2 2 2 4 0 2 0 1 3 4 4 3 2 1 2 3 5 1 2 3 1 3 1 1 0 0 1 6 2 0 2 3 2 1 1 3 1 2 4 3 4 1 2 1 2 1 3 5 1 1 3 2 1 4 1 2 1 0 2 3 0 3 2 1 2 1 1 3 0 3 2 2 1 0 3 1 2 2 4 2 4 1 0 3 4 2 1 3 1 2 4 4 2 4 1 2 0 4 2 1 0 2 2 1 0 1 3 1 2 3 4 0 2 0 3 0 0 2 1 1 1 1 4 1 2 1 3 3 5 1 2 1 3 1 4 4 1 2 2 1 1 0 3 2 0 1 1 3 2 1 0 2 1 2 3 2 3 2 0 1 3 1 3 0 2 2 4 6 3 0 5 0 1 1 1 3 2 1 1 2 4 0 1 3 3 4 0 1 1 4 3 2 1 1 2 4 3 2 1 3 2 2 5 3 0 2 0 6 1 4 3 5 0 0 6 2 4 1 1 2 2 2 1 1 2 0 0 3 0 2 0 5 3 1 3 4 2 2 0 1 2 2 2 1 0 1 0 2 2 3 1 2 4 2 0 0 4 1 1 1 3 2 3 1 2 5 2 2 3 1 1 1 2 1 2 3 3 4 2 2 1 2 1 0 2 1 1 0 1 3 1 2 3 1 4 0 3 3 4 1 2 4 1 3 5 2 3 2 0 3 0 2 2 1 1 3 3 3 1 3 1 3 2 0 1 2 0 1 3 1 0 4 0 2 0 2 4 1 3 0 3 2 1 1 2 1 1 3 6 1 3 1 2 1 0 2 0 2 3 4 1 3 0 4 1 1 2 1 2 1 3 3 1 2 0 4 0 2 2 0 0 1 3 2 1 3 1 1 1 1 0 4 2 1 1 3 3 0 0 3 5 2 2 1 4 3 3 2 4 0 1 2 1 3 1 2 3 3 3 1 0 4 0 3 3 4 0 1 4 3 1 3 3 2 1 3 1 2 5 3 1 1 3 3 3 3 0 1 1 3 2 2 0 4 2 5 1 1 0 1 0 2 3 1 0 1 3 1 6 2 1 1 3 2 1 0 2 2 1 2 2 0 4 4 1 1 1 0 4 3 1 2 2 1 3 3 1 6 2 0 0 3 1 3 2 1 2 0 0 3 1 2 2 0 3 1 3 2 1 2 3 2 4 2 2 0 5 2 2 3 3 2 1 0 0 2 3 0 3 1 1 2 5 3 3 3 2 4 6 3 2 0 2 1 0 2 1 2 0 2 0 1 3 1 1 3 1 1 4 2 3 1 1 2 1 3 0 2 2 3 2 1 5 2 2 1 1 0 4 2 3 4 1 4 0 2 1 4 3 2 4 0 3 3 2 3 0 4 0 3 1 3 3 2 1 1 3 3 1 0 2 6 1 2 0 3 3 3 1 3 4 7 3 1 2 2 2 1 2 2 1 2 1 1 2 3 5 2 0 1 3 1 2 1 3 3 1 2 2 2 1 1 5 3 1 1 2 1 2 3 2 3 2 1 2 1 2 2 2 3 4 2 0 3 3 2 2 1 3 0 2 5 1 0 2 2 3 0 3 4 2 1 2 2 4 2 2 0 2 3 2 0 2 2 5 4 0 1 0 1 1 2 1 2 2 2 1 2 2 6 2 4 2 4 4 2 3 1 2 3 1 2 1 0 3 4 0 1 2 0 3 1 0 5 2 3 2 0 2 2 3 2 1 2 0 2 3 2 2 0 0 3 1 1 3 5 4 2 0 1 5 2 3 4 3 3 2 3 2 0 2 3 1 4 3 3 2 3 2 2 1 1 1 1 3 1 4 1 4 1 3 3 2 7 1 0 2 0 0 2 2 1 2 3 2 2 2 2 3 0 5 0 0 1 2 3 5 2 0 3 1 2 1 2 1 3 2 0 2 2 1 1 0 4 2 3 1 1 0 2 0 2 3 1 2 1 0 0 0 5 3 1 3 3 4 2 1 1 1 2 1 2 2 2 1 1 1 1 3 1 0 1 0 0 2 3 3 4 4 3 2 1 3 2 3 1 2 2 2 6 2 2 3 3 1 2 1 1 0 2 3 2 4 1 4 1 1 1 2 1 2 4 2 2 1 1 3 2 1 0 0 3 5 5 2 3 4 0 2 4 0 2 6 2 1 2 1 4 0 2 0 4 3 4 1 0 4 2 1 1 2 0 3 2 4 0 3 2 2 0 0 0 0 2 0 0 1 4 1 1 2 4 3 4 1 2 3 0 1 0 2 1 2 2 1 2 1 1 0 2 3 0 3 5 2 4 2 1 2 0 2 2 2 2 0 3 0 2 1 3 0 1 3 2 2 2 4 1 3 0 4 3 1 0 2 1 0 3 1 0 3 2 3 6 4 4 2 0 1 3 1 0 0 2 1 2 3 0 2 4 3 3 0 1 4 2 1 4 1 3 2 4 0 3 1 2 1 0 3 0 0 1 1 1 1 6 1 2 1 3 1 3 0 1 1 1 1 1 3 5 3 3 1 3 2 1 0 2 2 0 1 0 3 2 4 1 3 1 3 2 4 2 3 3 1 4 0 1 2 1 1 1 2 2 0 1 2 1 2 2 2 1 1 2 1 4 1 3 2 0 3 0 3 1 5 1 5 2 3 0 4 2 4 0 2 2 2 5 0 1 1 2 1 4 5 1 3 2 1 1 5 5 1 3 1 1 3 1 0 2 1 4 4 1 3 2 2 5 2 1 1 2 2 1 2 3 2 2 4 4 2 1 1 1 4 0 0 3 2 4 1 2 4 4 2 4 4 0 2 1 1 4 0 3 1 2 1 2 4 3 2 1 0 1 2 1 6 1 2 3 1 1 3 1 0 3 1 2 0 2 1 4 3 1 1 1 0 2 1 2 2 0 3 0 2 6 4 5 3 2 0 1 0 1 0 4 3 2 3 2 1 0 3 1 3 1 3 2 6 0 1 1 4 5 1 1 0 1 1 1 2 2 3 3 4 1 2 0 2 0 2 4 0 0 2 3 4 1 1 2 1 2 1 1 1 0 1 3 3 2 1 1 4 3 1 1 1 2 0 3 5 4 2 1 3 2 0 2 3 1 3 1 3 2 2 2 3 5 2 3 5 1 1 0 2 1 2 0 5 3 1 2 1 4 2 1 1 1 0 3 3 1 1 0 1 2 3 1 1 2 4 2 4 2 2 1 2 2 3 3 1 1 2 5 2 3 3 3 2 1 1 0 1 2 2 0 2 2 1 2 2 1 1 4 2 3 3 3 0 2 4 4 2 1 0 2 1 1 1 1 2 1 5 1 2 1 6 0 1 0 2 6 2 1 2 3 2 4 0 1 3 3 1 0 2 2 1 4 1 3 3 4 2 3 1 1 0 1 3 2 2 2 1 2 2 2 1 0 4 1 4 3 1 4 1 0 2 3 3 2 4 0 2 2 4 2 0 0 1 1 1 2 2 0 2 2 1 2 1 3 0 6 2 4 3 2 1 2 1 1 1 1 2 6 3 0 2 2 5 1 4 2 0 6 2 4 1 0 2 0 2 3 2 2 7 5 1 3 1 2 2 2 3 1 3 4 4 0 2 0 2 1 3 2 2 4 5 3 3 2 1 1 2 5 1 4 2 3 3 2 4 2 0 6 1 1 4 3 2 0 1 4 2 5 1 3 1 3 2 3 2 1 1 2 3 1 1 2 2 3 2 0 5 0 0 1 2 1 2 3 0 2 1 2 2 3 4 0 2 2 0 1 2 1 0 1 0 2 3 2 3 3 2 3 4 2 3 1 1 1 0 4 1 1 3 2 3 2 0 2 0 3 1 2 3 3 6 0 4 1 1 1 4 2 2 1 3 1 4 1 5 2 3 1 5 0 4 1 0 2 0 2 2 3 3 1 1 1 4 1 1 2 2 1 1 6 1 1 2 2 3 4 3 2 1 0 1 1 1 1 3 1 3 4 2 2 1 2 3 2 3 1 3 2 1 1 1 1 2 4 2 1 1 3 2 2 4 2 3 0 1 5 1 2 1 3 2 1 0 1 3 3 1 2 2 1 2 2 4 3 0 2 1 4 3 0 1 2 2 3 3 0 1 2 3 1 1 2 6 5 0 1 3 1 0 3 4 7 1 5 1 2 0 1 1 1 1 3 3 5 4 2 3 2 3 1 1 1 0 3 2 4 2 3 3 0 0 2 0 3 2 1 3 1 1 3 0 1 1 3 3 1 4 1 2 0 3 4 4 1 3 3 1 1 2 1 2 4 2 3 1 4 0 3 1 2 1 3 5 1 3 1 3 1 3 2 2 0 2 2 2 0 2 2 6 2 0 2 4 0 1 2 0 2 6 2 3 1 1 1 1 1 1 2 2 2 4 2 1 4 5 2 1 1 5 2 2 2 1 1 1 2 0 4 4 0 2 6 2 3 1 4 1 1 3 1 3 3 4 1 4 2 1 1 4 3 5 0 3 1 1 2 5 4 0 3 1 1 1 2 0 2 4 3 0 4 3 1 2 4 0 0 4 2 4 2 2 4 2 1 2 1 2 0 0 3 2 2 1 3 2 3 6 0 2 1 3 1 0 2 1 1 0 1 5 0 3 2 3 3 1 3 2 2 1 4 0 1 1 4 1 2 2 3 1 0 2 2 4 3 2 3 1 0 1 1 3 5 3 1 1 2 1 2 1 3 1 2 0 2 2 3 0 2 2 4 2 3 3 2 4 4 2 5 5 1 0 2 2 2 1 1 0 3 0 4 1 7 0 2 3 2 2 2 2 2 2 0 2 1 1 3 2 0 2 6 2 4 0 2 0 2 5 3 0 0 1 1 2 2 3 3 2 3 2 0 3 5 1 1 2 2 3 2 1 2 0 0 4 2 3 2 2 5 3 2 4 0 1 1 1 2 2 1 0 2 1 2 1 3 4 3 1 2 4 2 4 0 3 0 1 3 1 2 3 2 2 1 4 4 3 3 2 2 0 3 3 1 3 2 3 1 2 0 2 5 1 3 2 5 1 1 0 2 0 3 4 3 3 2 6 1 0 2 2 3 4 2 2 0 1 1 2 0 0 3 4 3 4 0 0 2 4 1 0 4 3 0 2 0 2 0 3 5 5 1 3 1 0 1 1 0 2 0 1 3 1 1 1 4 0 1 4 2 3 4 2 2 0 1 4 1 5 1 1 4 3 2 0 3 2 2 1 1 0 2 5 2 2 0 0 2 2 1 3 2 4 0 2 2 3 5 1 0 3 0 1 2 4 0 4 4 3 1 1 3 1 2 2 3 1 1 4 2 1 1 2 1 0 2 5 2 1 0 1 2 2 4 2 3 1 1 1 5 1 2 1 1 2 3 0 1 4 3 4 3 1 3 4 1 0 2 1 0 5 1 3 2 3 3 0 1 2 4 3 2 1 1 3 0 5 4 3 4 1 2 2 0 2 3 0 0 1 0 2 1 1 2 1 2 2 3 2 6 1 4 1 3 1 1 1 0 3 5 2 2 1 3 2 2 1 2 5 1 1 1 3 4 3 4 2 0 2 2 1 3 1 1 3 4 0 4 2 2 2 3 1 5 3 2 1 0 4 0 2 1 3 2 2 4 2 2 2 2 1 1 1 3 1 2 3 1 1 2 1 4 1 0 2 4 0 0 4 2 2 4 2 5 3 1 3 1 4 1 1 0 2 5 3 3 0 1 1 1 3 1 4 1 2 1 4 4 1 2 3 1 2 2 2 2 4 4 4 1 1 2 1 3 3 2 0 2 1 3 1 0 2 2 1 4 2 4 2 0 6 3 5 1 1 3 1 2 2 1 2 1 1 4 7 3 3 2 1 2 1 2 1 1 2 1 1 2 2 3 2 4 3 2 1 1 0 2 2 2 1 0 5 3 2 2 0 0 3 1 2 3 4 2 1 4 3 2 2 1 0 0 2 2 2 3 4 3 3 4 3 1 1 0 4 1 2 3 2 2 1 1 6 1 4 2 3 3 1 1 3 3 1 1 0 1 0 4 6 3 0 1 3 1 1 3 5 0 5 3 1 4 2 2 0 4 1 2 1 2 2 3 0 4 5 3 2 1 2 2 1 1 3 4 1 2 2 2 2 1 2 1 6 1 0 1 3 3 1 2 3 2 0 1 0 4 0 1 2 1 1 5 3 0 3 2 1 1 3 1 2 0 3 2 2 2 3 1 1 2 1 6 2 2 0 3 3 1 1 3 1 3 5 2 4 2 2 4 0 3 3 2 3 0 1 0 1 1 4 1 3 0 2 4 2 2 0 0 2 2 1 0 2 1 2 2 4 2 1 5 0 2 2 1 1 0 6 0 0 0 1 2 2 2 2 3 1 1 1 5 1 0 1 0 1 4 0 1 3 1 4 2 1 5 2 1 2 1 4 0 4 3 0 2 2 3 3 0 0 0 1 1 1 2 1 0 2 2 0 2 2 2 3 3 5 1 2 4 4 1 0 1 1 4 2 2 2 1 1 3 4 1 1 3 2 3 3 3 2 0 1 3 3 4 2 4 1 5 1 2 5 1 1 1 1 0 1 5 1 0 3 0 3 2 2 1 2 3 5 2 1 1 1 3 0 3 2 3 1 2 1 4 1 2 2 3 3 1 3 1 1 0 2 2 3 0 2 4 0 2 1 2 1 3 3 4 1 1 2 2 1 5 0 2 1 2 1 1 2 1 2 2 5 4 0 0 4 2 1 1 3 0 1 2 1 3 1 1 6 1 2 1 3 0 1 1 1 6 0 4 0 1 3 0 4 0 1 2 2 3 2 2 1 1 2 1 5 0 2 1 3 1 0 6 4 3 5 2 4 2 2 0 1 1 1 2 3 1 2 1 4 2 3 2 4 1 2 0 3 2 1 3 2 2 4 1 4 1 1 0 4 3 1 2 1 3 2 0 3 2 1 2 3 2 2 0 2 0 2 2 3 3 1 3 2 2 5 1 0 1 4 2 0 2 1 1 3 1 1 3 3 1 5 1 4 2 2 1 5 3 4 2 0 1 0 4 4 1 1 2 3 2 2 0 0 0 0 3 4 1 2 4 2 1 0 1 4 1 1 1 2 1 1 3 0 0 2 1 0 3 2 2 1 2 2 2 3 1 1 1 0 3 2 4 1 1 2 2 0 0 6 2 0 4 2 1 4 2 2 1 0 1 1 0 3 2 1 4 4 3 2 0 1 1 0 3 2 0 2 3 4 1 1 4 1 0 3 0 3 3 0 3 1 1 0 2 0 2 5 4 0 0 6 4 4 1 1 1 3 2 0 1 2 2 2 1 3 1 1 1 1 2 4 2 3 1 1 1 6 3 1 2 3 1 0 2 3 0 3 3 0 3 2 3 2 0 6 2 1 0 2 2 3 2 1 4 3 3 3 2 0 2 1 3 0 1 1 0 4 2 3 1 1 1 3 1 2 5 1 0 5 1 2 1 1 3 6 1 0 3 2 0 1 1 2 2 1 1 1 1 4 2 2 3 5 3 1 0 2 0 2 0 3 4 1 3 2 2 1 2 1 3 4 4 0 0 1 0 2 4 4 3 1 0 1 1 4 1 3 2 1 2 3 1 6 1 2 0 2 2 2 0 0 2 1 0 2 6 1 2 2 4 0 4 1 2 2 1 0 2 1 0 2 0 2 3 3 0 2 2 0 2 3 2 0 3 1 0 4 0 1 2 1 2 1 0 1 3 1 2 3 1 2 0 1 2 0 5 1 4 0 0 3 1 4 2 4 1 0 1 2 1 4 1 2 3 1 1 3 2 1 2 2 1 1 0 4 5 1 0 2 2 3 1 2 3 0 2 2 2 0 3 2 1 5 1 2 0 2 3 0 1 3 1 2 1 2 3 2 0 1 6 1 1 1 2 1 1 1 4 2 1 2 3 2 0 2 1 0 3 4 2 3 3 2 3 2 0 1 1 3 0 0 3 6 1 4 2 1 1 1 2 1 3 4 2 1 2 1 3 2 1 8 0 2 3 1 1 1 2 1 0 4 1 2 2 1 2 3 1 1 2 1 1 0 3 1 3 1 3 1 1 1 3 1 0 3 3 2 6 0 2 1 1 3 3 5 4 1 3 2 3 2 1 3 1 2 3 2 1 1 5 1 0 1 1 2 2 4 0 3 2 1 2 0 1 5 1 0 1 5 1 2 0 1 1 2 0 5 3 2 2 1 1 1 2 1 1 1 1 2 4 4 5 0 2 1 1 2 3 4 1 6 1 1 0 2 2 1 1 3 1 4 2 1 2 2 0 2 3 1 1 2 3 4 1 2 1 0 4 0 2 3 1 1 2 2 1 3 1 2 2 4 1 2 4 3 0 2 1 3 2 2 3 2 2 2 5 1 3 0 2 1 1 0 0 0 1 4 5 1 1 3 1 1 1 6 1 3 2 2 0 2 4 2 1 2 2 1 5 1 5 3 2 4 0 2 3 1 2 2 1 3 0 0 0 3 3 2 2 1 0 1 1 2 1 1 4 0 3 3 0 2 2 0 0 1 2 4 0 4 4 0 4 1 0 2 2 2 3 2 2 1 1 2 0 2 1 1 3 2 3 3 3 2 1 2 1 1 2 0 3 0 2 0 2 0 2 1 0 2 2 1 1 2 1 4 3 2 1 6 0 1 2 0 3 0 1 2 2 2 2 6 0 1 1 0 3 5 1 1 3 1 3 3 1 0 4 1 2 1 1 1 5 1 1 1 1 2 4 3 2 4 3 0 0 0 2 3 0 3 0 2 3 4 2 3 0 4 0 1 4 3 1 1 1 3 3 2 2 3 5 1 3 3 4 0 2 1 2 0 2 1 5 2 0 3 2 1 1 1 0 3 3 0 4 3 4 1 1 2 4 4 0 0 0 3 1 3 2 0 2 4 5 1 3 0 3 1 1 2 2 2 3 3 1 2 1 2 3 1 1 4 2 3 2 5 3 0 1 2 2 3 4 0 1 0 0 2 1 1 1 0 2 4 0 2 4 2 0 2 3 1 1 2 2 0 0 1 1 5 3 2 4 1 3 1 1 0 3 1 6 0 2 1 1 2 1 2 2 6 5 2 0 1 4 3 0 2 2 1 2 1 0 1 1 5 2 3 2 0 4 1 4 4 2 2 3 3 1 0 1 2 3 3 1 0 0 4 1 2 4 2 1 2 0 1 4 0 2 1 6 2 2 2 1 2 3 4 3 2 5 4 1 0 1 3 5 2 2 0 3 4 2 2 2 2 0 0 2 4 1 3 4 2 2 2 2 1 1 3 3 2 0 3 1 1 0 0 2 0 3 2 7 2 0 2 2 0 2 3 4 1 2 2 1 4 3 2 0 1 5 0 0 3 2 2 0 2 9 1 3 0 0 0 3 2 2 2 3 2 3 3 0 3 4 0 2 2 5 2 0 1 1 1 1 2 1 3 4 2 4 0 1 0 3 0 4 3 2 1 3 1 2 4 1 2 2 3 2 1 1 3 2 4 1 3 2 2 0 1 3 1 0 2 1 5 3 1 3 1 0 3 2 2 2 2 3 1 2 5 0 2 2 1 3 1 4 2 1 1 2 4 1 2 1 4 1 0 4 2 3 3 1 1 2 3 4 4 0 0 3 2 2 1 2 2 2 2 2 0 1 2 2 3 3 2 2 3 1 3 1 2 7 1 3 2 1 3 3 1 1 1 3 2 0 2 2 4 1 1 4 1 3 1 0 4 1 5 3 2 0 1 4 3 1 3 0 3 1 0 4 3 2 0 4 3 4 2 1 2 1 1 1 0 3 2 3 0 2 1 1 2 0 4 2 0 1 1 3 4 1 1 0 4 3 0 2 3 2 4 1 0 2 4 2 0 3 3 3 2 1 2 0 1 0 2 0 4 0 3 0 1 4 2 1 2 2 0 2 2 2 0 1 2 3 1 1 2 2 5 4 5 1 3 2 1 1 1 1 1 3 2 1 0 2 3 2 4 1 1 0 1 3 1 2 4 0 3 5 1 2 1 0 2 1 2 2 3 4 3 1 0 0 2 5 1 2 0 1 2 2 1 4 2 2 2 1 0 2 1 2 2 3 7 1 1 2 4 0 0 1 1 4 3 3 2 1 2 3 0 2 2 4 0 4 0 4 1 3 4 0 2 3 3 1 0 3 2 3 0 4 3 1 2 2 1 3 2 1 3 3 2 0 1 3 2 5 3 4 2 1 1 2 1 3 3 4 4 2 2 3 1 0 2 2 1 4 2 1 0 2 3 2 0 1 1 4 1 2 2 1 1 0 5 4 6 1 1 3 3 0 1 2 1 0 2 6 3 2 0 2 2 4 1 1 2 1 2 5 1 3 3 1 2 2 1 3 2 3 1 3 4 2 2 2 2 1 0 3 0 1 1 2 1 4 0 1 1 1 2 1 2 3 2 1 0 4 1 1 1 2 1 2 1 4 4 1 1 1 1 1 1 1 2 5 3 0 2 0 1 2 2 3 1 4 3 4 1 3 3 1 2 1 1 4 3 2 3 1 1 5 1 2 1 2 4 3 0 0 1 3 1 1 1 1 0 0 0 1 1 2 4 2 3 5 3 3 2 1 3 2 2 0 0 2 3 2 2 1 0 3 0 2 3 2 4 2 2 2 0 0 2 0 2 3 0 5 1 3 0 0 2 2 0 6 5 2 3 3 0 2 1 0 0 0 1 3 4 2 1 1 2 1 1 0 3 3 2 3 0 3 1 0 0 2 2 4 1 1 4 4 1 1 2 3 4 0 2 1 2 2 2 4 0 0 2 3 5 2 1 2 2 1 3 2 0 1 1 4 4 2 1 0 3 0 4 4 3 3 0 2 0 3 0 2 4 1 2 3 5 2 1 4 2 2 1 1 2 3 1 0 1 2 3 2 2 2 2 2 3 1 2 2 5 2 3 1 6 1 1 2 3 5 1 4 2 1 2 4 2 2 3 2 1 4 0 2 3 2 1 2 1 1 1 3 3 3 3 0 1 3 1 2 3 0 2 6 1 1 2 5 3 1 2 3 2 2 3 1 2 1 0 2 2 2 1 1 2 5 4 3 2 6 1 1 1 1 1 1 2 4 2 2 1 3 4 5 2 1 1 1 3 0 0 1 5 1 4 2 2 2 0 0 2 3 2 1 2 2 2 3 1 2 0 2 4 0 1 1 7 1 2 0 0 2 3 2 1 3 2 7 1 2 1 0 2 3 3 4 2 3 0 1 3 1 5 0 2 2 1 3 3 3 2 3 3 2 0 4 1 2 1 2 3 0 3 2 3 5 3 0 1 2 5 3 2 1 4 2 2 0 1 3 3 0 2 5 1 2 2 0 1 1 3 2 4 3 2 2 3 5 4 1 2 3 0 1 0 3 2 1 2 2 4 4 2 1 1 3 0 2 2 0 1 4 4 2 0 1 2 2 3 2 4 0 2 5 0 0 2 7 2 0 1 3 3 1 1 1 0 0 0 3 4 4 2 0 0 0 3 4 3 1 3 1 1 1 1 0 2 5 2 2 2 1 3 4 3 3 1 0 2 3 4 2 2 2 5 3 2 4 2 2 0 2 2 1 1 2 1 3 6 2 4 3 0 2 2 1 2 3 3 2 2 3 1 2 1 4 2 2 2 5 2 0 3 2 1 1 3 3 2 1 3 1 0 1 2 4 1 5 1 2 3 2 1 1 1 1 0 4 3 2 2 3 1 3 2 1 1 2 2 4 2 3 1 2 3 2 5 1 1 1 0 4 2 4 2 2 2 5 1 1 1 3 2 2 0 0 2 1 2 1 2 3 3 1 3 1 2 1 0 3 0 2 1 2 3 2 2 0 2 6 1 0 1 2 1 0 3 5 2 2 2 5 5 1 1 2 2 0 1 3 2 1 3 1 2 0 0 2 3 4 1 0 4 2 3 2 1 2 3 2 1 2 1 1 0 2 1 2 1 2 2 3 0 1 1 2 2 0 3 1 2 1 3 0 1 0 2 0 1 4 4 1 1 0 3 2 1 2 1 5 1 0 1 2 0 1 2 0 5 1 1 4 1 3 4 2 3 1 2 4 2 2 1 3 1 3 1 1 0 4 3 0 2 0 2 7 0 5 3 1 3 2 4 0 1 1 4 1 5 2 2 1 5 5 1 2 1 3 5 2 2 2 3 0 2 2 2 2 3 2 3 1 1 1 2 4 6 1 0 1 1 2 3 2 4 0 2 0 0 1 3 3 1 3 3 0 1 1 2 0 2 2 4 2 6 1 2 4 3 3 1 3 0 3 0 3 2 2 3 2 0 1 0 0 2 3 1 2 1 1 1 1 3 3 1 2 1 2 2 1 2 1 5 2 1 1 2 3 2 1 1 4 1 1 1 1 3 0 2 0 2 3 1 5 2 1 4 3 2 1 2 3 3 3 0 1 2 2 4 2 2 5 3 0 1 1 0 0 5 1 3 2 2 3 0 3 6 0 0 2 5 4 0 1 2 0 2 1 0 1 3 3 1 1 1 2 2 2 3 0 1 2 3 3 3 0 1 2 3 3 2 3 3 1 1 2 2 3 5 1 1 5 4 2 2 2 0 2 3 1 3 3 1 1 4 2 4 0 0 0 3 1 3 3 2 2 2 1 0 1 2 1 4 1 1 3 3 0 0 2 0 4 3 2 0 1 3 4 1 3 0 2 2 3 2 2 3 1 3 1 3 3 3 3 1 1 1 1 4 0 1 1 2 1 1 1 1 2 1 3 0 2 1 6 3 3 2 2 2 2 0 0 1 0 3 3 2 2 0 2 3 0 1 1 2 6 2 3 4 2 1 2 1 2 0 2 1 4 2 1 1 0 5 0 4 0 5 2 1 1 1 5 3 3 1 0 0 3 5 2 3 2 0 0 0 4 0 0 2 4 3 2 1 4 2 0 0 1 1 2 0 0 1 1 1 1 4 2 3 5 0 0 1 0 0 0 2 1 1 4 1 3 2 0 4 4 2 3 2 0 2 2 1 2 1 2 4 0 2 1 0 1 1 3 1 1 2 1 2 3 3 2 4 3 2 1 2 2 1 2 0 2 1 0 5 1 1 3 2 2 2 3 1 4 3 1 1 3 1 3 1 2 3 2 4 0 1 3 2 1 1 4 2 2 2 3 3 0 1 1 4 3 2 0 1 2 0 1 3 0 3 1 2 1 2 1 0 4 2 3 4 2 5 2 0 2 1 1 2 1 5 2 1 2 1 3 4 3 1 2 2 2 2 2 1 2 2 3 2 3 2 0 2 1 1 3 1 4 4 3 2 4 0 1 3 1 0 1 2 0 2 3 1 4 2 2 2 0 2 4 1 0 2 1 5 2 0 3 2 0 3 2 0 0 5 1 4 3 3 4 1 0 1 1 2 4 0 2 1 3 1 2 1 1 1 1 3 5 2 1 0 2 2 4 1 6 2 0 1 3 1 4 3 0 2 6 3 0 1 3 2 4 2 2 5 4 3 2 2 1 3 1 1 2 2 1 2 0 1 2 1 0 1 3 3 2 2 3 1 4 0 5 0 3 0 2 5 2 1 3 2 2 1 1 1 1 1 0 1 6 4 3 1 3 0 5 1 2 0 1 1 2 5 4 4 1 3 0 2 5 1 0 4 0 2 1 5 1 1 1 2 1 2 4 4 1 4 4 3 4 2 3 2 2 1 2 3 2 3 2 2 0 0 1 4 2 1 5 0 0 4 2 2 1 2 6 1 1 1 1 2 2 0 2 1 1 0 1 2 6 3 3 1 2 3 1 4 1 3 3 1 0 1 3 2 3 0 3 2 2 3 3 1 1 2 2 1 5 4 2 2 1 2 2 1 1 1 4 0 5 1 0 1 2 3 3 5 0 0 3 2 3 0 1 0 2 2 2 0 2 3 2 2 1 0 2 1 0 2 2 2 3 5 3 2 1 0 1 1 3 2 4 2 5 1 5 0 3 1 1 1 1 2 6 2 2 0 2 0 5 3 2 1 5 2 4 0 3 0 3 0 2 2 1 2 2 1 1 2 3 2 4 1 5 0 0 4 1 3 0 3 0 4 2 1 1 1 1 0 1 4 3 3 3 3 1 2 1 2 1 4 2 1 2 3 0 3 1 5 0 5 1 1 4 2 7 0 2 1 0 2 2 3 3 4 1 0 1 1 1 1 0 1 4 2 2 2 2 0 2 2 1 2 0 0 0 1 3 1 2 3 3 5 2 4 0 1 1 0 1 2 1 4 2 3 0 3 7 0 2 0 3 2 2 1 4 2 2 2 3 2 3 3 1 1 4 3 4 0 4 3 0 0 5 0 1 1 1 1 1 2 0 2 4 2 1 3 1 1 0 2 3 1 1 3 2 2 2 4 2 3 3 2 1 1 0 2 0 3 2 7 1 2 0 2 0 3 5 2 3 1 1 2 1 4 2 2 3 3 1 1 2 3 3 1 1 3 0 3 2 0 1 2 0 2 2 2 3 0 1 1 1 2 5 4 1 1 6 3 6 2 1 4 1 1 2 1 3 3 2 3 4 3 3 2 2 1 4 2 2 1 2 3 2 2 0 3 0 2 0 2 0 3 0 0 5 3 5 1 1 1 3 2 2 1 0 0 3 6 0 1 2 2 0 3 6 1 2 2 1 4 3 2 3 2 2 0 2 1 1 1 4 2 2 5 4 0 0 0 2 6 0 0 1 0 0 2 1 1 5 1 2 4 2 0 1 2 1 4 6 3 2 2 3 2 2 4 2 1 1 3 1 5 1 1 2 1 2 1 1 1 2 1 3 1 3 1 1 3 2 3 1 2 0 4 4 0 3 2 2 4 0 1 0 1 1 1 3 3 0 2 2 1 3 3 1 1 0 2 1 3 1 1 1 1 2 1 0 1 0 3 1 5 1 1 2 2 5 2 4 5 4 3 0 2 1 2 0 1 2 0 3 5 1 1 3 1 3 3 2 4 1 1 1 2 0 1 1 1 4 1 1 3 5 1 0 2 3 2 1 2 4 1 2 2 3 4 4 1 1 0 6 5 1 0 2 1 2 0 3 1 0 2 2 0 0 3 3 2 2 3 2 3 1 1 2 5 1 3 5 3 3 0 3 0 1 3 4 0 4 2 0 1 1 2 2 1 3 1 2 2 3 5 3 0 3 1 3 2 1 3 2 4 5 2 0 0 2 1 2 0 1 4 1 3 0 2 2 1 0 5 1 4 2 0 4 2 5 1 1 1 2 3 1 2 1 1 1 2 0 1 1 4 5 2 3 1 0 2 3 2 1 3 0 6 2 1 6 1 0 4 3 4 2 1 1 2 0 4 2 1 3 1 1 0 3 1 3 0 0 2 1 1 4 1 1 2 2 5 3 1 0 0 3 1 0 0 1 1 2 0 4 2 0 1 0 1 4 2 1 2 0 3 3 3 0 0 3 4 3 2 4 0 1 3 3 3 3 1 1 1 0 3 6 2 2 1 1 3 4 2 2 2 3 4 3 3 1 1 1 2 1 4 2 0 3 2 4 2 1 2 1 4 2 3 2 2 1 3 3 0 0 1 1 6 1 1 1 1 2 2 3 7 3 2 1 1 1 2 0 1 2 1 2 0 3 4 3 3 3 3 4 1 1 3 0 0 3 2 1 6 4 1 2 4 1 1 1 0 3 2 3 0 2 3 3 1 2 5 2 2 3 2 1 2 1 1 1 5 2 1 2 2 1 1 3 1 5 1 4 1 1 3 2 1 1 0 5 1 0 3 3 2 3 3 2 1 2 0 1 3 3 3 3 1 4 0 2 0 2 2 1 1 1 1 1 3 1 2 2 2 4 2 2 2 1 3 1 3 1 3 1 4 1 1 2 1 3 2 2 1 1 0 0 2 1 2 1 3 1 3 1 4 2 1 0 0 1 1 3 2 0 3 1 3 2 1 1 0 4 1 3 6 1 2 1 1 1 1 4 3 2 2 0 0 2 3 0 0 1 2 2 4 3 2 8 0 5 2 1 4 0 2 3 1 3 0 3 2 3 4 6 0 1 0 3 3 3 2 3 3 2 3 2 1 0 2 5 3 1 1 3 2 5 1 2 2 3 4 1 3 0 3 3 2 1 0 3 0 3 0 2 4 1 1 3 3 2 1 3 5 1 2 1 1 3 1 2 1 2 2 1 0 2 1 2 2 1 2 2 2 3 2 3 1 0 2 1 2 3 2 2 1 2 2 1 1 2 1 3 3 1 2 4 0 0 2 3 4 2 1 1 0 0 1 2 0 4 2 5 4 0 2 4 3 5 0 3 3 1 2 3 1 0 1 0 2 1 3 3 3 3 2 1 4 2 0 0 2 3 1 3 0 2 0 1 2 1 4 0 4 0 3 0 3 1 3 2 3 3 4 1 0 2 5 2 2 2 4 0 3 1 1 2 3 2 2 1 0 5 3 1 4 1 3 1 3 4 0 3 2 2 2 1 1 1 1 0 3 2 3 4 3 1 1 5 2 1 0 2 2 2 1 3 2 1 3 2 1 1 4 2 2 2 1 2 2 2 2 2 0 2 2 3 3 3 1 2 1 1 2 2 3 2 3 2 5 1 0 2 1 1 2 2 2 2 2 1 2 2 6 0 4 2 0 5 0 3 2 0 1 1 3 2 2 1 0 4 2 3 1 1 0 1 2 4 1 4 2 6 2 0 2 1 1 1 2 2 3 2 2 1 0 2 6 4 3 4 1 3 0 2 2 0 1 2 3 5 3 2 0 0 2 0 3 0 2 2 4 2 3 0 1 0 2 3 2 1 1 4 4 1 2 1 5 3 1 2 1 1 3 5 2 2 1 0 1 0 1 2 2 2 0 0 3 3 1 2 2 2 0 1 2 3 4 1 4 4 0 1 1 3 1 1 5 1 0 2 1 2 0 6 3 3 1 4 0 1 3 1 1 4 2 1 4 2 1 2 0 4 1 3 3 0 4 1 1 4 0 3 1 2 1 4 1 2 0 2 2 1 1 1 3 1 0 2 4 1 2 3 1 3 4 1 0 0 3 0 3 3 1 1 2 1 1 1 3 3 3 2 3 1 0 2 0 1 0 1 1 4 2 5 3 3 1 4 1 2 2 2 3 0 0 4 0 4 0 1 1 3 3 2 5 0 2 2 2 4 1 1 3 0 1 2 5 0 1 2 3 1 0 1 1 1 3 3 1 0 2 1 0 3 2 1 2 3 1 1 1 1 1 3 2 3 2 0 1 4 0 0 1 2 3 3 0 0 3 2 2 1 1 4 1 2 3 5 4 1 1 3 6 3 3 1 3 3 0 3 2 4 1 3 1 4 2 2 3 0 2 1 1 3 1 0 1 4 2 2 0 3 4 0 2 4 2 1 0 2 2 2 2 3 2 4 1 2 2 1 3 2 1 3 1 1 3 3 1 1 2 2 4 6 0 2 2 1 2 0 2 3 2 2 0 4 3 3 3 4 3 2 1 1 4 3 1 5 6 4 2 0 1 1 2 1 2 2 2 2 2 3 0 5 1 3 2 2 1 0 2 2 1 3 2 2 3 1 2 2 2 0 3 3 1 0 5 2 1 1 0 3 0 1 1 2 1 2 2 0 2 2 3 2 3 1 1 1 6 3 2 2 2 1 1 1 0 1 2 2 2 3 4 3 2 1 3 2 0 3 3 4 0 2 0 1 1 2 6 0 4 4 1 4 2 2 1 2 2 1 2 2 2 1 0 2 2 2 0 1 2 4 4 1 2 1 1 5 1 1 1 1 1 0 6 1 2 1 2 1 3 0 0 3 1 0 5 3 2 1 3 1 1 2 1 1 4 2 2 1 1 0 1 1 4 2 2 3 1 5 3 0 3 1 3 4 1 2 0 1 3 2 1 2 4 1 2 3 4 2 1 0 2 0 1 0 4 2 3 1 2 3 3 1 3 1 4 3 0 2 4 3 2 2 1 1 2 2 3 2 1 2 2 1 3 2 0 1 2 2 3 4 2 1 2 3 4 0 6 1 2 2 3 1 1 1 2 3 0 2 0 1 4 1 2 3 4 1 0 1 1 2 1 2 3 0 1 2 1 4 2 3 1 2 5 3 0 0 4 4 4 3 0 1 0 2 2 3 0 2 4 3 2 1 1 4 0 4 1 0 1 2 4 2 3 2 3 4 4 1 1 0 1 4 2 1 3 2 1 2 2 0 1 1 2 1 1 1 3 1 1 3 1 1 1 4 1 3 4 0 3 2 1 5 2 1 3 2 3 1 0 4 1 3 2 2 1 1 2 2 0 4 5 3 0 3 0 0 5 1 2 2 2 5 1 0 2 0 2 3 2 4 1 0 2 2 5 2 0 1 1 4 2 1 2 1 3 1 2 1 3 2 2 1 0 7 2 2 0 1 5 3 5 2 0 0 1 1 2 1 3 2 2 0 3 2 2 2 1 1 1 1 1 3 3 2 0 4 1 4 4 2 1 2 2 4 0 2 3 1 1 2 1 0 1 3 1 5 3 2 1 1 1 2 3 6 2 5 2 1 1 3 4 1 2 4 1 0 2 3 1 5 0 3 2 4 3 3 5 2 2 3 0 0 4 2 1 1 3 1 0 4 6 2 3 3 0 1 1 2 1 2 1 1 4 5 2 5 0 2 3 2 1 2 1 3 1 0 3 0 0 1 3 1 2 2 4 0 3 3 4 4 2 1 1 1 2 4 5 1 0 1 2 1 3 4 1 3 3 3 0 1 2 1 0 2 1 3 3 2 7 4 2 4 0 1 1 5 3 2 2 0 0 0 3 5 3 1 2 2 1 1 3 1 3 0 2 3 2 1 1 3 2 4 4 0 0 2 0 1 5 2 2 2 0 1 1 1 4 3 2 4 3 5 4 3 2 1 1 3 1 2 3 1 0 3 2 1 0 3 0 3 2 3 1 2 1 2 3 1 2 0 3 1 2 1 3 1 1 3 3 4 1 0 2 2 2 4 3 2 2 1 1 5 0 2 0 3 2 3 5 3 2 3 1 1 3 2 1 3 2 1 3 2 3 2 3 2 1 1 1 2 6 0 3 2 3 2 1 2 3 3 1 2 2 5 1 2 1 1 3 2 3 3 1 2 1 3 1 1 1 2 0 4 0 2 4 1 1 5 2 2 0 1 1 4 3 1 4 3 0 3 2 1 4 1 1 4 1 1 4 2 1 0 2 1 1 1 3 1 3 0 3 3 0 0 0 1 2 1 0 5 2 2 2 2 0 1 1 1 1 3 4 2 3 2 2 3 2 2 2 1 2 0 1 2 2 3 1 3 3 2 3 2 4 2 1 4 2 3 3 1 1 2 1 4 2 0 2 3 3 4 2 1 4 0 1 2 2 2 3 3 2 0 1 5 2 0 1 2 0 1 1 0 3 4 1 1 1 2 4 2 1 4 4 1 3 1 4 0 2 3 2 1 3 4 2 4 1 2 3 2 3 1 1 2 2 0 6 2 0 4 1 2 1 2 2 5 1 1 2 5 2 4 1 1 1 1 3 1 3 4 2 3 3 0 4 1 0 3 2 3 3 2 4 0 3 1 2 3 2 1 2 0 1 2 1 1 0 2 4 0 3 1 2 2 2 0 2 3 2 1 3 2 0 3 3 2 1 4 1 0 1 1 4 3 5 2 3 2 1 1 1 1 0 1 1 7 1 3 3 2 0 2 2 3 2 1 2 4 2 0 0 1 2 4 1 0 1 1 2 1 5 0 1 2 2 0 1 3 2 0 0 2 3 5 2 2 2 2 1 1 5 4 3 6 1 2 1 1 1 2 2 3 4 1 0 6 1 2 0 1 2 1 1 4 4 1 4 1 2 3 0 1 0 1 1 1 2 5 3 2 1 2 4 3 1 3 0 3 3 3 0 3 3 0 3 0 2 0 1 0 2 4 2 0 0 2 1 3 3 5 1 3 3 0 2 1 4 2 3 3 4 3 3 4 1 5 0 0 1 4 1 2 1 2 2 3 4 3 1 2 1 1 1 3 2 1 2 1 2 2 6 2 2 0 3 2 1 3 1 2 4 2 1 3 2 0 0 3 1 2 2 3 3 3 2 2 1 1 3 0 3 3 2 0 0 2 3 2 3 3 2 2 3 0 1 1 0 2 4 5 1 1 1 0 3 4 2 2 4 4 2 0 1 0 1 2 2 3 1 1 2 1 0 2 2 1 2 3 2 1 6 5 2 2 1 2 2 2 2 3 2 3 3 0 0 4 0 3 3 1 2 4 1 2 2 2 4 0 4 1 3 0 3 1 3 2 5 1 3 0 2 4 1 3 3 2 1 1 2 2 2 3 2 2 2 4 4 0 3 5 1 1 1 1 1 1 0 1 4 3 4 3 2 2 3 2 0 2 0 0 3 1 3 0 4 1 0 2 2 4 0 0 2 4 4 1 3 2 5 2 3 2 1 3 0 0 1 1 1 2 2 1 2 0 1 1 2 5 2 2 6 3 0 1 3 0 2 1 6 1 1 3 1 4 1 1 4 0 3 2 1 3 3 2 1 1 2 1 0 1 3 1 3 1 1 1 1 1 4 2 2 3 5 2 0 1 1 1 0 2 0 1 4 4 1 2 3 1 2 0 1 1 1 1 3 2 1 1 2 1 2 0 5 1 2 2 0 2 1 1 1 5 2 1 2 2 3 1 0 2 4 1 2 3 4 0 0 4 0 2 0 2 0 4 3 3 1 2 2 0 3 2 2 3 1 1 3 2 2 2 2 1 2 2 1 3 2 0 4 2 2 1 4 5 1 0 3 2 0 3 2 3 2 5 0 2 1 1 1 3 2 3 0 2 1 3 0 2 3 2 3 1 1 3 3 2 1 2 3 2 1 2 4 2 1 0 2 3 2 1 6 3 2 2 1 5 2 2 2 2 2 4 2 1 2 1 1 3 1 0 1 1 3 2 1 4 4 2 3 3 2 3 2 2 0 1 1 3 1 0 3 3 0 2 3 1 1 3 1 1 1 0 5 2 4 1 3 3 0 1 4 2 0 2 0 2 2 1 2 2 2 1 2 1 2 1 0 0 3 2 3 2 2 1 2 1 3 3 1 1 3 1 0 1 0 3 0 0 3 6 3 1 2 2 4 0 3 2 2 5 3 3 2 1 2 3 1 5 0 3 2 0 4 0 2 3 2 0 2 1 1 2 0 0 1 2 4 5 3 2 3 2 2 0 2 3 2 4 0 0 3 0 1 2 3 3 2 2 1 3 0 0 1 3 1 0 2 0 3 1 1 2 0 2 4 2 1 1 2 4 1 1 1 2 3 2 3 3 2 4 4 0 3 2 2 1 1 3 4 3 0 2 1 1 1 2 3 1 2 5 1 2 0 2 3 4 4 3 2 1 2 3 4 3 0 2 2 1 0 3 4 2 1 5 3 0 4 4 2 1 3 1 1 1 2 3 2 2 3 0 3 2 0 0 1 4 2 1 1 2 0 2 0 1 2 5 5 4 3 0 3 2 1 1 3 2 1 3 3 3 3 0 0 0 3 3 2 1 2 1 1 4 5 3 2 3 1 2 1 1 2 2 4 0 1 2 3 0 3 2 3 1 2 1 2 2 2 2 2 2 0 3 0 1 2 1 0 1 5 3 1 0 4 1 1 3 2 3 2 0 2 2 4 1 3 2 2 1 1 0 1 1 3 3 1 2 1 2 4 3 4 1 0 3 2 2 1 1 4 4 1 6 2 1 2 2 1 5 5 4 1 0 2 1 2 2 3 0 1 1 1 1 1 2 3 2 1 3 3 2 1 1 4 2 0 5 0 3 5 2 3 1 2 4 0 3 2 2 2 2 3 3 2 1 0 3 1 1 1 4 1 2 2 6 1 0 2 1 5 0 2 1 2 1 1 0 1 3 3 3 0 0 4 3 0 2 0 5 1 3 1 2 3 0 2 2 2 5 2 0 2 3 1 2 1 1 3 4 3 4 3 3 0 1 3 1 1 4 4 1 1 1 0 1 0 4 3 2 2 1 2 2 0 1 2 2 2 3 2 2 1 3 3 1 1 2 3 2 3 2 2 0 0 2 2 3 1 2 3 2 1 2 2 1 4 0 2 0 2 3 3 1 1 2 5 6 0 3 0 2 4 2 1 2 1 3 2 2 2 6 2 1 2 0 0 0 3 1 0 4 1 1 1 1 2 2 2 2 2 2 1 1 3 3 1 2 3 2 3 2 1 2 2 5 2 0 2 2 1 2 3 3 3 1 3 3 0 1 2 3 1 3 5 2 1 2 4 1 1 3 1 1 1 0 2 5 2 5 3 1 1 3 0 2 4 5 0 2 1 2 3 2 2 2 3 5 3 1 0 1 3 1 1 1 1 3 1 0 1 3 2 4 0 1 3 2 0 1 2 2 1 5 2 2 2 3 4 2 0 2 3 1 1 3 1 0 2 1 4 1 4 1 3 1 2 1 3 2 3 0 1 1 3 3 1 2 2 0 4 1 3 2 0 4 1 2 1 2 1 1 1 1 1 3 2 4 1 0 2 0 0 1 2 1 5 2 3 1 5 2 2 0 2 4 3 1 3 1 1 3 1 2 3 1 3 5 3 2 0 2 1 2 0 5 2 1 4 1 1 0 3 0 4 3 0 2 3 2 2 2 2 1 2 3 4 4 3 3 1 1 2 6 1 2 5 3 0 2 1 3 1 3 1 0 4 2 4 2 0 0 0 0 6 2 0 3 2 1 2 3 3 1 2 4 1 2 5 2 1 1 1 1 3 0 1 2 3 3 3 0 1 2 3 0 0 3 4 3 0 2 4 4 3 2 2 2 0 1 1 3 4 2 1 3 2 4 1 3 1 3 5 2 1 1 1 1 2 4 3 3 0 2 4 3 4 2 3 1 0 3 0 2 2 0 4 5 3 2 0 1 3 0 2 2 3 6 1 1 2 3 0 1 1 1 1 4 1 1 2 3 2 0 2 2 3 1 2 0 1 3 1 0 2 2 3 1 1 0 3 2 2 3 2 1 0 1 2 1 1 3 1 2 2 1 1 3 2 1 0 1 2 2 2 4 3 2 0 4 4 2 2 2 1 4 0 1 1 0 3 0 0 3 1 2 1 1 1 2 0 4 1 1 1 1 3 3 3 3 3 2 3 3 1 1 1 2 0 3 4 1 3 0 3 1 2 2 0 0 2 5 4 1 2 1 3 1 2 1 5 1 1 3 2 4 1 3 3 3 1 3 1 1 0 1 1 5 2 5 2 2 1 1 3 4 1 1 5 1 2 2 3 1 1 3 1 1 1 5 4 4 1 1 1 2 0 2 3 0 1 0 5 3 2 2 4 1 2 1 1 1 1 2 3 3 4 2 2 1 1 4 3 2 4 1 4 2 1 5 2 5 3 2 2 0 1 3 3 2 3 3 1 0 0 1 0 0 1 2 0 0 4 3 4 3 1 4 3 0 1 2 0 2 3 1 1 0 3 5 2 1 2 1 5 4 1 0 2 3 2 3 0 1 1 2 2 1 3 2 0 2 2 2 3 2 2 0 4 3 4 6 1 0 1 1 1 1 0 2 5 3 3 1 3 3 0 1 1 1 1 1 1 1 4 0 3 3 2 1 1 3 6 0 3 1 0 5 4 2 3 1 1 1 1 2 3 1 3 3 4 0 0 1 2 0 3 1 2 1 0 2 4 3 3 1 2 1 0 1 1 4 4 1 1 1 3 2 3 6 2 2 5 1 2 0 2 5 2 1 3 0 1 2 2 3 0 0 1 4 3 1 1 3 3 0 0 2 3 2 2 0 1 3 1 4 0 1 1 2 1 3 3 4 1 2 3 2 2 1 2 1 0 0 2 3 4 2 2 3 3 1 2 2 1 3 2 2 3 2 2 2 1 0 2 1 3 0 4 2 0 2 3 4 2 2 2 3 2 4 4 1 4 2 0 1 1 2 0 3 3 0 1 1 0 3 4 1 0 0 3 1 1 3 1 1 4 1 2 0 0 3 7 3 3 2 3 2 1 2 2 2 2 3 1 3 2 2 3 4 0 2 2 2 1 0 2 2 3 2 1 2 0 2 1 1 1 5 0 3 1 2 1 1 5 0 3 3 0 1 2 5 1 1 1 4 1 1 4 3 3 0 3 1 1 3 2 3 5 1 5 1 0 0 5 0 2 4 3 1 1 1 2 0 0 4 3 5 3 2 1 6 2 3 3 2 1 1 1 3 1 1 2 5 2 0 5 4 0 1 1 2 4 2 1 1 3 2 3 1 1 3 5 2 1 3 3 3 0 1 5 5 4 3 1 1 2 4 3 1 5 1 1 1 6 2 0 3 2 1 2 3 1 2 1 0 2 3 3 2 3 2 3 5 0 4 0 3 1 3 2 0 4 1 1 1 1 5 1 1 1 2 2 3 2 1 1 3 4 1 1 1 3 4 3 2 2 1 5 3 1 2 3 3 3 1 1 2 1 2 2 3 3 3 1 0 1 2 1 5 2 0 2 5 2 3 3 1 0 2 2 3 2 3 3 0 2 3 2 3 2 2 2 4 0 1 5 0 4 2 2 2 2 2 3 2 3 1 0 0 5 3 2 1 1 0 2 4 1 1 0 1 2 2 2 0 4 2 1 3 2 1 1 5 0 1 0 1 1 3 2 2 2 1 2 3 1 4 2 2 2 1 3 2 2 1 1 1 3 2 3 2 2 1 1 2 2 2 5 3 3 2 1 1 3 2 4 1 3 3 2 4 2 0 1 1 1 1 2 3 1 0 1 1 2 2 1 2 1 2 3 3 2 1 3 3 4 0 2 2 2 5 3 0 1 3 2 1 2 3 2 5 1 0 3 1 1 1 2 3 0 4 5 1 3 3 2 0 0 3 4 2 1 2 2 1 0 3 4 2 3 2 2 1 5 2 1 1 4 0 3 2 2 1 1 2 3 4 0 1 1 0 2 1 2 0 0 2 3 1 2 5 4 0 0 1 2 2 1 1 0 3 2 3 1 1 1 0 2 1 2 1 1 2 2 0 1 1 0 1 2 2 3 4 2 1 2 2 3 0 4 3 1 2 2 2 5 3 3 2 0 1 1 1 5 2 1 2 2 4 2 3 1 2 2 2 0 2 2 0 3 2 2 0 4 3 1 1 3 1 3 1 1 1 2 3 1 1 1 1 4 3 5 2 1 3 4 3 2 1 1 2 2 3 1 4 2 2 1 3 2 5 2 2 3 1 3 2 0 3 2 4 1 0 2 4 3 5 3 0 0 3 1 2 1 2 4 1 1 1 2 2 2 3 1 4 3 1 3 3 2 1 3 2 2 1 2 1 3 1 2 2 0 0 1 1 0 4 1 3 0 3 1 0 2 0 2 3 2 4 1 1 7 1 3 3 2 2 1 2 0 3 1 3 0 2 1 1 3 1 2 3 2 1 1 0 2 1 2 0 4 2 1 1 2 1 2 1 1 1 1 1 3 2 0 1 1 1 0 2 2 1 1 2 3 2 0 2 1 3 3 1 1 3 2 2 2 0 3 3 4 1 3 1 2 2 0 4 2 2 1 3 3 2 1 1 2 5 2 2 1 1 2 0 0 4 3 2 1 5 4 1 5 2 2 2 2 0 2 3 0 3 2 4 4 3 2 1 0 1 1 0 0 4 2 1 2 7 1 1 3 4 4 3 1 0 2 1 1 4 2 4 1 2 2 0 2 2 3 1 1 0 2 4 2 1 0 4 4 0 1 2 1 2 1 2 2 4 2 2 0 1 2 3 1 4 2 2 3 2 1 1 3 3 2 4 2 0 0 2 2 2 2 0 1 1 1 3 1 3 3 1 1 3 1 0 0 3 2 4 7 0 2 1 4 2 3 1 1 0 2 1 2 1 2 1 2 2 1 3 1 4 3 0 1 0 1 5 2 0 1 3 1 0 6 0 3 3 2 2 4 1 4 3 0 3 1 3 1 2 0 1 2 4 4 4 1 1 3 1 3 3 2 1 2 0 0 1 5 2 2 1 1 1 3 3 0 0 1 1 1 3 4 2 1 4 0 1 1 2 2 4 5 4 1 2 2 1 2 0 0 2 4 3 1 1 2 2 1 3 4 2 0 3 0 2 0 2 0 4 2 2 0 2 1 2 0 3 5 3 4 2 3 0 3 4 3 0 1 1 5 2 1 0 2 3 0 2 1 2 2 3 3 3 1 2 1 2 3 1 4 4 3 2 2 1 0 2 2 1 4 0 2 5 1 2 2 2 4 1 3 0 3 1 2 1 4 4 0 2 1 0 4 2 2 3 3 3 2 4 3 0 3 4 0 0 4 2 1 2 1 3 2 3 2 1 2 1 2 2 3 2 1 1 1 1 0 3 0 3 2 4 0 2 1 3 0 1 3 3 3 3 2 0 1 1 3 2 1 1 2 0 0 0 1 1 3 0 4 3 3 3 2 0 2 0 2 4 1 1 2 3 1 3 2 5 2 4 1 0 2 1 0 2 3 2 2 3 1 5 5 0 1 2 4 2 1 2 0 3 1 6 4 1 2 3 1 2 3 5 5 3 3 2 1 1 3 0 4 2 3 1 2 4 3 2 4 2 4 2 5 2 3 1 2 3 2 5 1 1 0 1 4 2 1 0 2 4 2 4 2 2 1 2 0 1 4 3 4 1 1 3 1 0 0 2 1 1 4 2 0 1 4 3 3 3 4 0 1 3 3 1 2 2 3 2 1 2 1 3 2 0 1 1 0 4 2 2 5 3 1 1 1 2 1 3 2 0 2 3 3 3 1 0 1 1 4 4 3 3 2 2 1 5 3 1 2 5 1 2 4 1 1 3 3 3 5 5 1 2 1 4 3 0 2 2 2 3 3 2 0 1 4 2 3 2 1 3 1 1 3 3 3 4 1 1 2 0 5 3 4 0 4 0 3 3 3 1 1 3 3 1 5 1 0 4 1 5 3 1 1 3 0 4 1 0 3 3 2 2 0 1 2 3 0 4 2 0 5 2 1 2 1 0 1 3 1 3 3 1 0 0 1 3 1 3 1 1 3 4 3 2 1 4 0 2 2 2 0 4 1 2 1 2 2 1 3 6 3 2 0 1 5 1 1 4 0 1 1 4 1 4 4 1 0 2 0 2 1 4 1 3 0 1 4 0 4 1 4 2 2 0 3 3 2 1 2 2 3 1 5 0 2 2 4 2 5 3 0 2 0 2 2 3 0 3 2 0 0 3 4 3 1 1 1 5 2 1 3 3 3 0 1 0 2 1 0 2 4 4 1 4 1 4 1 1 6 3 1 1 3 1 0 4 2 3 3 1 1 3 2 4 1 0 1 1 1 3 3 1 1 2 1 0 5 3 2 1 0 5 0 3 1 0 1 4 1 2 0 1 1 0 1 4 1 4 1 1 1 1 2 1 1 1 6 2 0 1 4 1 0 0 3 0 3 2 3 2 1 3 0 3 2 1 3 1 2 1 2 2 2 3 3 5 2 2 1 3 0 2 0 1 2 1 3 1 3 2 2 0 3 2 4 0 4 1 1 4 4 1 2 3 2 2 3 4 1 0 2 0 1 3 2 1 3 1 1 3 1 4 4 0 4 1 0 0 3 6 2 3 1 3 1 0 1 1 1 3 1 2 6 5 2 2 3 2 1 2 2 3 1 3 4 0 3 3 2 1 2 2 2 1 3 1 2 1 1 1 2 0 3 1 2 0 4 4 0 1 1 3 4 3 0 2 2 2 2 1 1 3 1 0 3 1 2 1 3 1 3 0 1 3 1 2 2 2 1 4 0 4 2 4 2 1 1 1 1 1 1 3 1 4 0 1 1 2 3 1 5 3 2 0 1 3 1 2 0 1 2 0 2 1 0 1 5 0 3 2 2 0 3 4 1 2 4 1 6 0 3 1 3 1 3 2 2 2 3 1 2 0 1 2 3 1 1 3 1 4 4 1 0 1 1 2 2 1 3 1 0 1 0 1 3 3 0 3 1 1 3 2 3 3 3 2 1 2 0 1 0 1 2 1 4 3 1 2 1 2 2 1 1 0 4 4 3 1 1 4 1 3 0 0 1 0 4 3 1 2 2 4 2 2 2 2 1 2 3 6 0 3 2 3 2 2 0 2 1 0 2 2 2 3 2 2 2 3 2 3 3 2 1 2 1 0 3 3 1 3 3 3 3 4 1 2 1 1 1 4 2 3 1 3 0 2 2 0 2 2 2 3 2 0 2 3 4 3 1 1 0 4 1 4 1 1 0 1 1 4 0 5 1 0 2 4 1 1 3 4 2 2 1 1 1 6 3 3 4 2 4 0 3 2 6 3 2 2 1 1 2 0 2 1 1 0 5 1 0 3 2 3 1 2 2 1 0 2 1 3 1 3 2 3 1 4 4 1 1 3 3 1 1 2 3 3 2 1 1 1 5 2 2 2 1 0 4 3 1 1 5 1 3 0 3 0 1 3 3 3 2 0 1 2 3 4 2 3 1 1 2 1 2 1 2 1 3 4 3 2 1 2 2 2 1 2 0 1 2 0 3 1 2 3 3 2 5 1 0 1 1 1 2 1 2 1 2 3 3 3 1 7 2 2 3 1 0 1 3 4 2 1 0 2 2 5 2 0 6 5 0 1 2 2 5 2 5 1 2 1 0 6 2 0 0 2 1 0 2 0 2 3 0 1 1 1 5 4 1 2 1 0 2 1 3 0 3 4 2 2 1 3 1 3 4 0 1 0 1 1 2 4 3 0 2 1 1 0 4 0 3 1 2 3 0 2 2 2 3 2 1 7 4 1 5 2 2 1 3 1 1 0 1 3 2 1 2 2 2 1 3 5 2 2 2 2 1 1 0 4 0 1 3 4 2 2 1 2 4 0 1 1 2 4 0 7 2 2 0 1 1 3 3 2 1 0 0 0 3 1 2 2 1 1 2 2 1 4 0 0 1 0 1 3 4 4 0 4 3 1 1 1 2 2 1 0 0 2 2 1 1 1 1 0 2 3 1 0 1 1 2 3 3 2 3 1 5 1 0 1 3 1 5 3 2 2 3 4 0 3 1 1 3 0 0 2 3 4 4 4 1 2 4 2 0 1 2 1 3 3 1 2 1 5 1 1 0 0 1 2 2 2 5 2 0 3 0 4 1 2 2 3 1 1 2 1 3 3 1 1 2 2 3 1 2 0 3 1 0 4 4 1 3 0 5 3 1 2 0 0 3 1 3 1 3 3 3 2 1 2 1 3 2 3 1 3 2 1 1 2 4 2 0 0 3 2 5 4 1 2 0 3 4 0 1 2 6 1 0 6 0 2 1 1 2 2 3 1 2 2 4 3 1 0 1 0 1 3 2 2 1 1 2 3 1 1 0 1 5 1 3 2 1 2 3 3 4 4 0 2 3 2 3 3 0 3 5 0 2 1 0 2 0 3 1 1 0 6 5 2 2 2 1 1 2 7 1 1 2 4 1 0 2 1 2 2 1 7 3 0 3 1 4 0 1 1 2 2 0 1 4 0 2 2 0 1 3 5 1 0 4 0 2 2 1 2 3 1 1 1 1 6 2 2 2 2 1 4 1 2 1 3 3 4 3 2 3 1 4 4 2 2 3 2 1 0 2 2 3 2 3 1 3 1 2 1 2 1 1 3 1 3 3 1 2 2 1 4 3 6 2 2 1 2 1 2 0 2 3 2 2 0 1 3 3 2 1 4 5 1 4 0 0 2 1 1 2 2 0 3 3 1 1 1 1 1 4 2 1 1 4 0 0 5 2 1 2 1 2 4 5 1 1 3 0 4 0 2 3 0 2 1 4 2 2 2 3 4 0 2 1 0 3 2 3 4 2 3 1 6 2 2 4 2 1 2 1 1 1 2 3 3 3 1 0 2 3 2 0 2 2 2 0 0 3 3 3 4 1 1 0 3 0 1 1 1 2 2 1 1 1 1 0 5 1 0 1 1 1 1 0 3 1 2 3 4 1 1 6 1 2 0 1 3 2 3 4 2 2 4 2 2 2 0 1 2 0 1 1 1 3 2 4 1 2 2 1 0 4 2 0 3 2 1 0 3 2 4 4 1 3 0 1 2 1 2 2 2 1 1 4 2 1 3 1 1 1 1 3 4 2 2 4 1 1 1 2 1 5 0 3 2 2 1 3 1 5 0 2 1 2 2 2 0 3 1 1 3 1 2 7 2 0 1 2 4 2 1 0 1 3 2 5 4 0 0 7 2 3 5 2 0 4 1 1 3 2 3 3 1 1 1 2 2 2 2 0 6 1 2 1 3 1 4 3 0 0 3 3 3 3 2 2 2 1 3 2 0 0 1 1 2 1 1 2 2 2 2 3 2 3 1 1 1 1 0 2 1 0 1 1 4 1 3 2 3 4 3 3 1 4 3 4 0 3 3 1 3 1 1 1 5 3 3 1 3 1 3 1 2 0 2 3 2 1 3 0 5 0 2 4 0 0 5 0 0 1 0 3 2 2 5 0 1 5 2 0 3 3 1 3 3 2 0 1 3 1 1 1 1 4 3 2 3 2 1 3 2 2 2 0 2 1 0 2 4 0 3 2 0 5 2 1 0 0 3 1 1 3 4 2 3 1 2 2 0 1 1 2 2 3 1 0 4 4 3 2 2 0 3 3 2 1 2 1 4 0 2 6 1 1 3 2 1 3 3 1 3 3 6 0 4 3 1 2 0 2 3 2 2 2 1 1 3 1 3 2 2 5 2 3 0 0 2 2 1 2 1 2 1 3 2 3 4 1 1 1 0 1 1 2 2 1 1 2 2 3 0 0 3 2 2 2 2 1 1 3 3 3 1 0 2 0 4 1 6 1 0 3 3 1 2 3 2 2 3 2 0 1 3 0 3 2 4 2 3 1 1 3 2 0 2 5 0 1 3 2 3 4 1 4 1 2 1 2 1 2 2 3 1 3 1 2 0 2 0 1 2 1 3 3 1 3 1 2 1 1 1 3 2 3 2 1 3 0 1 1 2 1 1 5 0 5 2 1 1 6 3 1 2 0 2 2 2 1 2 3 1 1 2 1 3 3 1 1 2 1 1 3 2 3 0 3 3 3 1 0 2 1 2 1 3 2 4 2 2 4 2 2 3 3 0 2 0 3 4 1 1 4 2 1 2 1 1 1 3 2 1 1 3 1 2 0 2 2 4 5 1 1 1 1 2 2 1 2 3 2 3 2 1 1 1 0 1 2 2 6 2 1 2 3 2 3 0 1 0 1 2 2 4 6 2 2 0 0 2 2 4 1 2 4 1 4 3 0 1 3 3 4 1 5 2 0 3 1 0 5 2 3 4 0 0 0 0 0 5 0 3 2 3 2 3 2 2 2 4 0 4 0 2 2 3 2 1 1 2 2 5 2 1 0 1 3 0 1 1 2 2 4 4 1 4 1 1 3 1 5 1 1 3 2 2 2 3 1 1 1 1 3 4 1 1 1 1 4 1 0 3 3 2 1 0 1 0 1 1 4 3 3 3 4 2 1 1 1 3 2 2 0 0 2 1 4 0 2 4 4 1 0 0 2 2 1 4 2 2 4 3 2 2 5 2 0 2 2 5 1 1 0 1 5 1 0 2 4 3 1 1 1 1 0 4 1 1 2 1 0 3 0 0 3 3 1 5 6 4 3 0 0 2 1 1 1 6 1 3 1 3 3 2 3 1 0 2 2 1 1 3 1 3 3 2 1 2 0 2 2 1 0 2 1 2 3 3 3 0 0 2 3 2 2 1 3 2 1 2 4 2 1 5 2 2 3 1 1 2 2 1 0 0 0 4 1 2 2 4 0 3 1 2 4 3 1 1 0 3 1 2 4 3 4 3 2 4 1 2 0 2 1 0 2 3 1 1 3 1 1 1 1 1 2 4 2 1 2 2 0 1 3 0 0 3 3 1 1 0 2 4 1 4 0 4 1 0 2 1 3 2 0 2 4 2 1 2 0 0 3 3 0 1 3 3 0 2 4 0 1 2 2 2 2 3 3 5 2 3 3 4 1 0 1 3 1 1 1 4 4 5 1 1 0 3 1 0 4 4 4 2 7 4 4 0 3 1 2 3 1 2 2 2 4 0 0 4 2 2 4 2 5 0 1 0 6 1 1 1 6 2 2 3 1 1 1 1 3 2 4 3 1 2 0 4 0 2 0 1 3 5 0 0 3 1 1 0 2 2 3 3 2 2 1 0 1 1 2 3 2 3 1 3 3 1 1 2 1 1 2 0 4 0 3 3 1 0 2 1 2 2 3 1 1 4 2 4 1 3 1 4 1 3 1 3 3 1 2 5 2 2 0 5 2 1 1 1 1 1 2 2 2 1 3 2 2 5 2 2 2 1 3 1 3 2 2 4 0 5 2 2 5 2 2 2 2 1 0 3 2 3 2 1 2 1 3 3 2 3 2 0 4 2 1 4 3 2 0 2 1 1 1 2 2 0 1 3 1 0 3 2 2 2 5 0 1 1 3 1 3 1 2 1 3 1 5 0 1 3 2 3 0 2 2 1 3 1 2 2 4 5 2 2 3 3 3 3 1 3 1 4 1 1 4 3 0 3 4 3 0 0 2 3 1 5 1 3 3 3 4 2 1 3 0 2 2 2 1 3 1 2 3 2 4 1 0 2 3 5 2 2 1 4 1 2 1 2 1 3 4 2 1 2 2 0 2 0 2 3 3 3 1 3 4 1 3 2 2 1 0 3 3 0 2 2 1 1 7 3 0 0 2 1 0 1 3 3 3 1 2 2 1 0 4 2 2 2 2 3 3 5 1 2 0 5 1 1 0 1 3 3 1 3 1 2 3 1 1 1 2 0 0 1 4 4 2 2 4 2 3 2 1 2 0 2 2 4 5 2 0 2 0 0 0 2 1 7 5 5 2 0 2 4 5 2 1 2 2 1 1 0 1 2 2 3 0 4 1 2 1 2 1 4 2 1 0 1 0 1 3 0 2 1 3 2 3 2 4 2 2 2 2 0 1 2 3 4 2 1 1 3 1 2 2 0 2 1 1 2 2 2 4 1 3 4 2 3 2 3 1 1 1 2 2 4 0 2 0 2 1 1 4 3 1 2 0 3 0 0 2 3 4 2 1 1 3 3 3 3 4 3 1 1 3 1 3 0 1 2 1 2 3 4 1 3 2 0 0 0 2 4 3 1 1 1 2 0 2 1 4 2 2 2 0 3 0 3 2 3 1 2 4 2 1 2 3 0 2 2 6 3 0 0 0 2 0 2 2 1 2 4 0 2 0 3 1 2 2 1 0 2 2 1 6 1 0 4 0 1 2 4 2 3 6 3 2 1 2 0 4 2 1 2 2 2 3 3 1 2 3 4 3 0 2 2 0 2 1 2 0 0 4 3 1 4 3 1 3 1 4 0 2 0 3 3 2 2 2 1 4 3 3 1 3 3 3 2 3 4 1 3 0 4 2 3 2 1 1 3 3 1 1 3 3 3 0 0 4 2 0 2 1 1 1 4 1 2 2 2 1 1 2 1 1 5 3 2 3 2 4 0 7 0 1 2 0 0 0 0 4 2 0 1 1 4 1 1 1 2 2 3 3 2 1 3 5 0 1 2 2 3 2 1 1 5 4 0 2 1 1 1 1 1 3 4 1 1 3 2 3 1 2 1 5 4 2 0 0 3 1 0 3 3 3 2 4 1 1 1 3 1 2 1 2 2 1 0 4 1 2 2 4 2 1 0 6 2 1 0 3 2 1 3 4 4 3 1 5 1 3 1 1 1 0 1 2 1 1 2 3 4 1 2 3 0 1 2 0 2 1 2 3 4 2 1 1 2 3 0 0 1 1 3 2 3 1 4 3 2 1 2 2 1 1 2 3 5 2 0 2 5 0 2 0 0 3 0 5 3 4 0 2 2 0 2 0 1 0 1 3 2 5 1 1 0 2 2 2 0 4 2 1 1 0 3 1 3 4 0 1 2 3 3 0 4 1 2 2 2 2 1 4 2 3 2 3 1 1 1 2 0 1 2 1 3 1 5 2 1 0 3 0 4 2 2 3 5 3 0 2 0 1 1 1 0 4 2 4 2 5 0 1 1 1 1 0 4 3 3 4 1 2 3 4 1 2 2 2 1 2 3 3 1 4 2 1 3 4 1 0 0 0 1 3 2 0 2 3 4 0 2 1 2 0 3 3 1 2 2 0 1 3 3 1 5 0 2 0 4 1 2 0 4 1 1 0 1 3 2 4 3 4 1 2 3 0 2 1 1 3 1 2 0 2 2 1 1 4 3 1 4 3 2 1 3 2 1 3 3 2 1 2 1 2 1 4 0 1 3 2 2 6 6 2 5 1 5 1 3 1 1 1 1 3 1 3 5 1 0 3 2 2 0 1 3 5 4 1 2 1 2 1 2 2 2 5 1 0 2 1 2 2 3 2 1 2 3 2 1 1 0 4 1 5 3 0 5 2 3 0 0 1 2 4 1 2 2 1 4 2 4 3 4 1 1 1 2 3 2 3 2 3 0 2 4 1 2 1 1 0 3 1 3 3 1 3 0 1 1 0 3 5 1 1 0 3 0 1 4 0 1 3 2 2 2 3 1 1 0 3 1 1 2 2 2 1 1 3 1 2 1 5 1 1 2 1 2 1 0 6 2 2 0 4 3 1 1 4 2 1 3 0 1 3 2 1 0 2 1 2 4 1 1 3 2 0 3 3 1 4 2 1 1 3 4 2 0 1 0 3 1 3 5 2 2 1 1 3 2 2 1 4 1 2 2 2 1 3 1 1 1 4 0 0 1 4 4 2 4 4 0 5 1 1 2 2 0 2 2 1 3 3 2 3 3 2 3 2 1 4 3 0 3 1 2 1 2 3 4 2 3 2 2 1 1 2 1 2 2 2 2 4 3 3 0 3 4 1 2 5 1 1 0 3 1 2 3 3 1 3 2 4 1 0 1 2 2 4 1 2 2 1 3 2 3 3 1 2 5 2 2 1 1 4 3 1 4 1 0 1 2 4 1 2 1 0 4 4 1 2 3 1 1 2 2 0 1 3 3 2 2 1 2 1 3 1 1 1 2 3 4 2 1 3 0 1 0 1 1 2 0 1 3 3 3 2 2 4 2 0 1 3 1 3 2 1 2 4 3 0 2 1 1 2 0 3 1 2 5 4 3 3 3 2 4 3 4 0 2 4 2 3 2 1 1 1 3 2 2 4 1 1 4 3 1 2 3 3 3 2 3 3 1 1 3 0 1 0 1 1 4 5 2 4 1 7 1 3 1 0 1 0 6 2 1 1 0 0 1 2 1 4 0 5 1 3 0 1 1 0 2 1 0 0 5 2 2 1 3 1 4 4 1 2 4 1 3 0 2 1 0 3 3 4 4 3 1 1 3 1 5 3 1 4 4 0 1 0 0 4 0 2 3 0 2 2 3 0 0 1 5 6 2 2 0 2 3 2 3 2 2 2 1 2 1 1 5 2 3 1 2 2 3 0 1 2 0 3 0 1 1 1 3 0 3 0 1 3 5 5 2 3 0 1 2 4 4 4 0 4 1 1 1 0 1 1 1 1 4 2 2 2 1 2 7 3 0 3 0 0 2 1 4 3 2 2 3 2 2 2 0 0 3 2 3 1 5 3 2 3 2 0 0 0 2 2 1 2 2 3 2 3 1 1 1 1 1 4 1 5 3 2 1 3 1 2 0 3 3 2 1 3 0 2 1 3 2 3 2 3 1 1 2 2 2 1 0 0 4 2 1 2 2 1 3 1 5 3 1 2 3 0 0 1 3 3 2 1 8 0 2 1 1 0 4 1 2 2 3 3 2 4 1 3 3 1 3 1 2 1 3 1 3 3 1 1 3 0 0 4 1 2 2 2 2 0 0 0 4 1 1 4 0 2 1 0 3 8 2 1 2 0 1 2 2 6 2 1 1 1 2 1 0 0 1 2 3 4 1 3 0 2 4 0 1 2 3 1 4 2 2 3 4 0 2 2 2 5 1 2 1 2 2 2 6 2 2 3 3 2 2 0 0 1 1 5 1 4 1 3 2 0 0 2 2 3 4 1 3 2 2 5 0 1 3 2 3 0 2 3 2 2 2 1 1 0 4 2 2 4 3 1 1 2 2 2 2 3 0 1 0 2 3 2 1 2 0 5 1 3 1 4 3 1 0 1 1 3 0 6 2 3 0 2 3 7 1 4 2 2 2 3 1 4 2 4 0 2 1 2 3 0 0 5 0 2 1 2 2 1 2 3 1 2 4 2 6 2 1 1 1 2 6 3 1 3 3 0 0 1 1 4 3 3 1 3 1 2 2 3 0 3 1 0 1 2 2 1 3 2 0 2 0 2 4 1 3 1 2 2 3 5 1 2 3 2 1 0 0 4 1 7 0 3 3 4 1 1 0 1 1 2 3 1 1 4 2 0 1 2 5 1 2 3 0 3 2 1 4 1 2 2 2 1 1 4 2 3 4 0 1 2 3 0 1 1 1 6 1 1 1 1 2 1 3 1 3 2 1 3 1 3 3 0 0 2 4 1 0 0 5 2 3 4 0 1 0 4 1 3 0 3 2 4 1 2 1 3 5 3 0 2 1 3 4 2 2 2 0 2 2 4 1 0 3 3 2 2 1 2 2 1 1 4 4 2 2 3 2 1 3 2 2 1 5 1 0 2 3 3 4 4 5 2 2 2 1 1 1 0 0 2 3 4 2 4 0 2 1 2 0 1 5 0 2 2 5 3 6 4 0 0 2 0 0 3 1 1 1 2 2 1 3 0 2 1 2 4 6 2 1 0 3 2 1 2 2 2 0 2 3 4 1 1 4 2 1 2 5 2 2 0 2 1 2 3 0 4 1 4 0 4 2 0 0 4 1 2 2 4 4 1 1 2 2 4 1 4 3 4 1 3 1 2 2 2 1 0 2 2 3 3 0 2 2 4 1 4 1 2 1 1 5 1 3 3 2 2 3 4 1 2 1 1 2 2 3 1 3 1 2 1 1 2 0 1 3 1 0 3 2 7 5 1 2 1 3 4 0 4 5 3 2 2 2 3 2 2 1 1 2 1 1 2 4 3 1 0 2 0 0 2 2 3 2 1 2 0 3 0 1 1 3 2 2 2 3 3 1 0 2 1 2 4 2 2 2 1 2 3 3 2 2 1 1 2 1 3 3 0 2 3 3 1 2 4 5 4 1 1 3 1 0 2 2 1 3 0 1 4 0 3 3 5 3 0 2 1 3 1 5 3 3 2 1 1 0 0 5 2 3 1 0 0 2 4 3 3 0 1 5 0 5 0 4 2 1 1 1 2 4 1 5 4 2 0 3 3 3 0 1 0 1 2 1 3 5 1 2 1 2 5 3 1 2 1 2 3 1 1 1 2 2 1 0 1 1 3 1 3 2 0 1 3 2 3 2 1 0 3 0 1 0 2 4 0 3 0 1 1 4 1 1 2 1 1 3 3 2 2 2 2 4 0 2 2 3 2 3 1 2 4 1 2 1 0 1 3 3 0 0 1 3 1 0 2 2 2 4 1 1 0 0 1 3 3 3 2 2 4 2 1 0 0 0 0 2 4 2 2 3 3 2 1 2 4 2 1 3 5 1 0 0 2 5 3 2 3 0 0 2 0 1 1 1 0 1 0 3 5 2 3 3 2 2 2 0 1 1 1 2 4 1 2 2 1 1 1 4 5 2 0 1 2 3 5 2 1 1 2 1 2 4 3 2 1 2 0 1 1 3 2 2 4 3 1 2 3 5 2 2 3 0 2 3 2 2 1 3 1 3 2 2 2 3 0 3 0 1 3 0 1 0 5 0 2 5 1 3 0 3 2 2 2 1 2 4 3 3 2 2 1 1 1 1 1 2 0 2 3 1 0 1 1 3 4 2 2 2 1 3 2 2 2 1 1 1 2 0 1 1 1 4 1 2 2 3 0 7 3 2 1 1 2 2 2 7 0 1 1 1 3 2 0 3 0 4 0 2 0 3 1 4 2 2 4 2 2 1 1 3 2 4 4 1 5 1 2 1 2 1 2 1 4 1 3 4 3 2 4 1 2 2 2 4 5 2 4 3 3 2 0 1 2 2 3 0 0 1 2 1 2 0 0 3 4 2 0 2 1 0 2 1 2 3 1 2 0 0 5 2 3 1 1 1 1 2 3 2 4 3 2 1 0 4 0 1 2 1 1 2 0 3 0 2 1 1 0 2 1 2 6 0 2 2 1 1 1 3 1 1 1 2 7 0 2 3 3 3 1 3 2 0 1 9 0 3 0 2 2 1 3 3 2 1 2 2 1 2 3 1 1 3 1 2 3 1 3 2 1 3 0 2 0 2 4 2 2 6 3 5 1 1 1 3 2 3 2 4 3 3 3 2 1 1 3 4 2 0 1 2 4 3 3 1 0 2 3 2 4 2 0 2 0 1 4 2 2 2 2 2 1 2 2 1 0 4 3 4 2 1 1 4 3 3 1 4 0 1 2 4 2 2 1 1 1 3 3 2 4 3 2 1 1 1 1 3 3 0 1 3 3 3 2 3 1 5 1 1 2 2 1 0 2 2 0 1 0 3 2 1 3 1 2 5 1 2 2 5 1 2 0 0 2 1 2 4 3 2 3 3 0 1 1 1 2 2 6 0 1 2 1 1 2 1 1 2 2 1 3 0 1 4 2 1 0 2 0 7 2 0 1 1 3 2 3 2 1 3 4 2 4 0 0 1 2 4 4 4 0 3 2 1 3 5 1 1 0 2 1 3 1 3 4 1 3 2 2 0 0 2 3 1 1 1 3 2 1 2 2 2 4 1 1 1 3 1 1 4 0 4 1 1 0 1 1 2 2 4 3 2 3 5 7 1 1 1 0 1 2 4 3 1 1 2 2 3 1 1 2 2 3 4 4 3 1 2 2 3 4 3 0 1 4 2 0 1 2 1 1 3 5 2 0 2 1 0 1 1 1 4 4 7 0 2 3 0 2 5 0 2 2 1 1 2 2 1 2 2 4 0 1 2 0 2 1 1 1 1 1 1 4 2 3 2 3 3 4 1 2 2 0 1 2 3 1 1 3 0 2 1 3 2 2 1 5 1 1 4 2 2 5 1 3 3 0 3 1 0 1 1 4 3 2 0 5 1 3 0 2 2 2 2 2 0 2 1 2 2 2 0 1 6 3 0 2 2 0 3 3 2 2 4 5 1 1 2 1 3 0 1 2 1 4 3 2 3 1 3 0 2 1 1 4 2 3 2 1 1 1 1 2 2 1 1 3 1 3 0 0 2 3 0 1 0 3 2 5 3 3 3 0 3 2 1 2 1 4 4 3 1 1 3 3 3 3 1 1 0 3 0 3 2 0 5 0 0 2 5 2 1 2 2 2 2 2 3 1 2 0 4 4 3 1 0 4 1 2 2 2 2 4 2 2 1 1 4 3 1 1 3 3 0 0 1 0 0 0 5 2 2 1 3 1 1 3 3 2 5 3 5 1 2 3 1 2 1 4 3 3 1 3 2 2 0 1 3 2 2 1 2 4 5 1 2 1 1 2 0 0 3 5 0 5 2 2 3 0 3 0 2 4 3 3 0 4 1 3 2 0 3 1 2 1 4 5 3 3 1 1 2 2 0 1 1 2 2 2 4 0 1 1 2 4 2 3 3 1 2 1 5 1 3 2 1 3 1 0 3 3 3 0 2 0 5 2 1 3 2 2 3 1 5 2 1 2 3 0 4 2 0 2 2 0 4 1 3 2 1 1 3 1 1 1 2 1 4 1 5 2 3 1 0 2 2 2 1 2 4 5 1 0 1 2 4 2 0 2 2 4 2 2 1 0 2 4 2 0 1 2 0 2 2 1 4 3 2 0 2 2 2 4 2 0 3 1 2 1 2 3 0 0 1 3 2 4 2 2 2 1 1 4 1 1 0 4 1 3 1 3 3 1 0 0 1 1 2 5 2 2 1 2 2 3 4 3 3 2 2 1 2 4 0 2 0 5 3 3 2 2 1 4 1 2 0 2 1 1 2 4 1 3 2 1 3 0 1 2 6 0 1 2 0 2 3 2 3 1 1 1 3 4 2 2 4 0 4 0 1 3 1 0 1 2 4 2 1 3 1 4 2 0 4 2 3 3 1 1 1 1 2 2 6 1 2 2 0 1 3 1 1 3 4 3 0 2 3 2 2 3 3 1 2 2 2 5 4 2 0 4 0 2 1 3 3 2 2 2 1 3 1 1 2 1 3 1 1 2 2 3 5 2 2 3 6 2 0 0 4 2 3 2 2 1 2 2 1 1 3 2 0 1 4 2 4 2 2 1 0 2 0 2 1 2 2 3 4 3 2 1 3 2 3 1 0 0 2 2 3 4 1 2 0 0 1 2 1 7 3 2 0 1 4 2 1 2 3 1 3 0 2 1 2 2 1 0 1 1 2 3 4 3 2 1 5 1 0 0 1 2 1 1 0 1 3 3 1 3 4 1 3 2 2 4 2 5 1 3 3 1 2 3 1 4 3 1 3 2 2 2 4 1 1 4 1 2 1 4 1 3 5 0 2 2 3 2 1 0 4 1 1 4 2 1 0 3 3 1 4 1 2 0 3 3 5 1 3 2 2 1 3 0 1 2 4 2 1 2 1 2 2 0 1 1 2 0 1 3 2 1 5 1 3 4 2 1 2 1 0 2 2 5 2 1 1 3 1 1 3 3 3 3 0 1 2 1 1 0 1 3 2 2 1 1 4 2 2 3 2 1 3 4 2 1 0 3 4 2 1 4 2 1 3 3 3 3 4 1 3 2 2 2 1 3 3 3 2 2 0 3 1 2 1 1 4 0 1 3 1 4 2 1 0 4 2 3 3 0 0 1 2 1 0 2 1 2 1 0 1 2 1 1 2 1 1 3 1 1 3 4 2 2 1 2 0 2 2 3 5 2 3 3 3 1 1 3 0 2 2 2 1 2 0 4 0 1 3 3 2 1 2 4 0 2 3 0 2 1 6 1 1 3 6 3 0 4 0 3 2 3 3 1 2 1 1 1 3 4 3 0 0 2 2 2 4 4 2 2 2 1 1 3 0 0 3 1 3 1 1 2 1 2 3 2 2 3 0 2 0 2 1 3 3 1 1 3 3 2 0 4 0 3 2 0 2 1 2 3 2 3 0 4 1 4 1 3 2 0 0 5 1 2 1 2 2 3 2 0 2 3 1 3 0 0 2 2 5 1 3 2 1 0 5 2 0 4 1 0 2 1 2 1 2 4 2 1 2 3 6 1 1 1 3 1 3 1 0 1 3 1 1 3 2 0 1 3 1 2 0 4 2 2 2 1 2 1 0 7 1 2 1 1 1 2 2 3 1 3 0 1 2 4 1 2 1 2 4 2 2 2 2 1 2 2 3 3 1 1 4 1 2 1 4 3 1 2 3 3 2 1 2 2 2 0 4 3 1 1 3 2 3 4 2 3 3 1 1 1 0 1 1 4 3 3 3 0 1 2 1 2 4 0 1 0 0 2 2 2 1 1 0 3 4 4 1 3 0 2 3 1 3 2 2 4 3 0 1 4 0 1 2 0 1 2 3 4 1 0 3 2 1 2 0 5 2 1 5 0 1 3 2 4 4 1 1 1 5 1 4 0 4 4 3 1 1 2 5 1 3 1 3 0 3 0 0 0 3 0 3 3 2 3 4 2 1 2 0 4 1 2 3 2 4 2 1 1 1 1 0 1 1 2 2 1 4 4 2 1 1 3 4 2 1 5 1 0 1 1 2 2 4 2 3 0 2 2 2 1 3 3 1 0 2 0 1 4 1 6 1 1 4 2 1 3 5 3 0 1 0 1 0 3 2 3 0 1 4 1 5 0 1 1 6 3 1 3 2 3 0 0 2 2 4 0 3 1 2 4 1 2 1 1 0 2 1 1 1 2 1 4 2 1 1 4 2 0 0 7 1 0 1 2 1 4 1 2 2 3 1 1 1 3 0 1 1 3 3 2 1 1 4 2 1 6 4 1 0 3 2 0 0 0 2 2 3 0 3 3 0 0 3 2 0 3 3 3 1 1 0 2 2 1 2 2 4 1 3 2 3 0 2 2 3 2 3 2 3 1 4 2 0 0 5 1 1 2 0 4 0 3 2 3 0 0 2 3 3 1 0 3 1 0 3 0 4 3 3 1 2 2 0 3 0 3 0 2 1 2 2 2 4 2 3 0 2 3 1 2 3 0 3 1 1 3 1 3 3 1 3 1 1 2 2 3 2 1 2 0 1 2 0 0 0 3 6 2 0 0 1 1 2 3 4 1 0 0 1 3 1 2 3 3 0 1 2 0 2 3 3 1 3 2 2 2 3 4 2 1 2 2 1 0 4 3 0 2 1 5 1 1 3 2 1 1 3 1 0 2 0 4 2 4 6 2 0 1 2 4 4 4 2 1 4 1 2 0 1 1 3 3 3 1 1 1 4 2 2 2 0 4 1 2 1 0 3 0 4 1 1 2 2 4 1 1 3 2 4 1 2 1 6 2 4 2 4 2 1 2 1 2 1 1 2 3 0 2 2 1 2 3 1 3 2 2 0 2 2 3 3 1 1 0 2 0 2 3 2 3 3 2 5 0 2 1 4 2 1 1 3 2 2 2 3 3 1 0 1 1 3 5 0 3 4 2 0 2 2 1 3 1 3 1 2 0 1 5 1 1 1 1 2 5 0 4 2 1 0 1 2 3 2 3 3 2 3 0 1 3 3 2 0 2 1 4 0 2 1 1 2 3 1 2 2 4 3 2 1 1 3 2 2 2 1 2 3 0 3 3 0 1 2 1 4 2 1 2 0 0 2 5 0 2 2 5 1 1 5 4 2 4 4 3 2 0 1 2 4 3 4 3 3 1 4 1 1 0 2 0 1 0 1 3 0 2 0 1 1 2 2 3 1 3 3 1 1 3 4 3 4 2 0 2 1 1 2 1 1 2 4 3 2 2 1 0 2 3 0 2 2 2 1 3 1 4 0 1 3 3 0 4 1 2 3 2 1 1 2 1 6 2 1 1 3 3 3 5 0 0 4 3 1 1 0 3 7 3 0 1 1 3 1 4 3 1 1 2 4 4 2 0 2 1 4 1 3 0 2 0 2 0 0 2 1 2 1 3 3 0 1 2 2 2 0 2 1 2 3 4 0 4 1 4 5 2 4 1 1 1 1 2 4 0 1 1 1 0 0 1 2 4 3 2 2 3 2 1 1 1 1 7 2 0 3 2 1 1 1 5 1 2 2 1 3 1 1 1 4 1 4 0 2 2 2 1 3 1 2 5 1 0 3 0 1 2 1 3 2 1 1 2 1 4 2 2 1 6 2 3 3 3 2 0 2 2 2 0 0 3 0 1 1 3 2 1 1 1 1 3 0 6 1 2 2 0 4 2 2 1 1 1 3 1 8 0 0 4 1 5 1 4 0 1 1 3 1 3 1 3 4 2 1 2 2 3 0 3 2 4 2 3 2 0 1 3 2 3 0 1 1 6 4 1 0 2 3 1 2 1 4 1 3 0 0 0 5 1 4 1 4 0 1 1 3 3 1 1 2 2 4 3 6 0 4 1 5 1 1 4 0 2 0 1 0 2 4 1 3 3 2 2 1 2 0 4 2 2 3 0 1 3 1 4 2 1 1 6 2 1 1 2 3 1 2 1 4 1 0 3 1 4 3 3 3 2 0 3 3 2 0 2 1 5 0 3 3 3 5 0 1 3 1 0 2 0 0 5 1 1 2 6 1 2 3 0 0 1 2 2 3 4 1 3 1 3 2 1 4 3 2 0 2 0 0 2 3 1 0 1 3 1 3 0 2 3 0 2 0 2 1 3 3 2 1 3 0 0 2 1 3 3 4 3 3 1 4 2 1 2 2 0 1 3 3 0 3 0 1 3 2 4 2 1 2 4 2 2 0 2 1 1 2 1 4 3 0 0 2 0 3 0 2 1 1 1 0 1 4 1 1 1 1 1 1 2 4 0 0 1 2 4 3 2 2 0 0 4 1 1 5 1 1 3 4 0 2 0 2 5 2 2 1 3 1 0 2 5 0 1 2 0 0 3 2 1 5 2 3 4 4 3 2 2 0 1 3 3 3 1 0 4 1 4 5 2 3 2 0 4 0 3 1 4 2 0 3 0 3 0 3 3 4 1 1 4 2 0 1 3 2 1 3 2 1 0 1 1 2 2 2 3 3 2 1 0 4 3 1 2 1 1 0 0 2 2 6 0 0 1 2 2 2 0 2 2 1 5 1 1 0 1 2 3 3 1 4 4 2 0 0 3 3 0 4 3 0 6 2 1 3 1 1 2 1 1 3 4 1 3 2 5 5 1 2 5 3 3 2 0 2 2 2 0 3 1 1 5 4 1 2 2 2 0 0 3 0 2 3 1 2 1 2 2 0 2 6 2 1 5 2 2 3 2 3 2 0 1 2 2 3 3 0 2 2 2 2 4 1 3 1 2 3 4 0 5 4 3 2 0 1 1 2 1 3 3 1 2 3 0 2 2 1 3 4 2 0 4 0 1 3 5 1 4 0 4 3 1 2 0 1 2 2 2 5 1 5 1 4 3 1 4 1 1 4 2 3 1 0 1 2 2 4 5 0 1 1 1 1 0 0 3 3 2 3 0 1 1 1 0 6 0 0 3 1 1 3 1 1 1 2 6 1 1 3 1 4 2 4 1 2 3 1 1 1 6 2 3 2 1 1 4 1 3 2 0 3 1 3 3 1 4 1 1 0 2 4 2 3 3 4 2 1 0 2 3 7 3 4 2 0 0 1 4 1 0 2 1 2 3 1 2 2 0 2 0 2 7 1 6 0 2 2 1 4 1 1 1 4 2 4 1 1 1 3 2 1 1 3 2 3 3 1 1 2 1 0 1 2 3 3 0 4 0 6 3 1 0 2 1 2 2 1 3 2 1 4 0 2 3 4 3 3 2 3 0 2 1 2 1 2 2 1 4 2 2 4 1 1 2 0 2 1 0 3 3 3 5 1 1 3 0 3 2 2 7 6 4 0 1 0 3 1 3 1 1 3 0 1 1 2 3 2 2 1 3 0 1 0 4 1 5 4 0 1 1 2 2 5 1 4 1 2 1 2 5 2 1 3 3 2 1 1 4 2 1 4 2 1 2 1 1 4 1 2 2 3 4 1 2 2 3 0 2 0 3 0 1 1 4 3 1 2 4 1 2 1 1 3 1 2 3 0 2 3 1 1 1 7 3 4 1 3 1 2 2 1 3 3 3 3 2 1 3 5 2 3 2 2 2 0 5 4 2 2 6 0 1 2 0 2 1 1 4 1 1 4 0 0 1 1 2 5 2 2 1 3 0 1 3 3 1 2 1 3 2 3 1 5 1 2 2 0 2 4 3 3 1 2 2 1 2 4 1 0 3 2 2 2 2 0 4 2 2 3 2 2 2 3 4 2 3 1 1 2 3 4 1 2 1 4 4 1 2 1 3 2 0 3 2 6 0 1 3 6 0 1 0 2 4 0 1 2 3 2 1 0 2 0 1 4 1 3 0 5 3 1 0 2 2 5 1 1 1 3 2 1 4 1 5 1 1 1 4 0 3 4 2 3 4 1 1 0 3 4 1 1 4 2 2 4 2 2 1 0 1 1 2 4 2 4 2 0 4 3 3 2 1 1 2 4 1 2 5 3 1 2 1 2 3 2 4 5 1 3 1 2 2 1 1 1 1 4 4 1 1 1 2 3 4 1 2 3 2 2 0 1 2 4 2 0 2 2 0 0 2 2 0 3 3 2 5 1 2 3 4 2 1 1 0 2 3 2 2 2 2 5 4 1 0 2 0 3 1 3 0 5 1 5 2 2 2 4 1 3 1 1 2 2 3 0 0 3 2 1 1 2 6 0 2 2 2 2 4 1 2 0 0 2 4 1 0 4 2 6 1 0 3 4 1 1 4 1 3 2 1 0 3 2 1 4 0 2 0 2 2 3 3 5 0 5 4 2 1 1 0 0 2 1 1 5 2 1 2 4 3 0 0 4 1 2 1 4 0 4 2 1 3 0 2 3 2 1 4 0 2 4 0 1 2 1 1 4 1 5 2 1 1 3 2 0 4 1 1 1 0 0 0 0 0 6 1 4 3 2 1 4 2 4 2 2 5 0 2 1 1 2 4 2 3 1 3 4 3 0 4 0 4 0 1 3 4 3 0 2 1 3 1 0 1 0 1 2 4 1 1 1 2 0 1 0 1 1 2 4 0 5 4 2 1 5 1 2 2 3 3 0 1 1 3 2 5 0 4 5 2 1 0 1 0 1 2 2 2 1 2 0 2 1 4 1 5 2 2 2 1 2 3 4 2 1 1 2 2 0 2 1 2 4 1 1 3 1 3 5 1 5 4 0 5 3 0 0 3 1 1 1 3 6 3 0 4 1 2 2 1 5 1 1 2 3 1 1 3 1 2 5 2 0 2 4 0 2 2 2 3 2 1 1 2 3 2 1 3 1 2 1 2 1 2 2 3 1 0 1 1 0 2 2 1 1 2 0 3 2 2 0 1 2 5 2 3 3 2 1 2 3 1 0 3 0 3 2 0 2 3 3 2 2 2 1 3 4 1 1 1 1 2 3 5 2 1 3 3 0 1 2 1 2 1 1 1 5 1 4 1 1 1 5 1 3 4 2 1 2 1 0 3 1 1 3 3 3 2 1 1 3 3 0 1 3 3 2 2 2 3 1 1 2 1 1 3 2 1 2 0 2 4 2 2 0 3 1 1 2 2 2 2 1 5 2 1 1 3 2 2 1 2 3 0 2 3 5 3 2 1 2 0 0 3 0 2 3 1 0 2 2 2 4 2 4 2 4 3 3 1 2 1 1 3 1 3 2 2 0 7 2 0 3 3 1 3 3 3 1 1 2 3 0 3 3 0 0 2 2 3 2 2 3 2 1 4 2 0 2 4 2 2 1 2 1 4 3 1 2 2 1 3 0 2 4 1 2 2 2 0 2 2 4 0 1 2 1 4 2 2 3 1 3 2 0 1 4 0 2 3 2 1 3 1 2 2 4 0 5 2 1 2 2 2 3 2 4 2 2 1 3 1 1 0 0 2 3 1 1 4 1 1 1 1 1 1 1 3 1 5 2 7 2 3 2 1 4 1 1 2 0 5 1 0 3 1 3 5 1 1 0 2 1 1 1 2 0 0 0 3 4 2 2 2 1 2 1 3 2 1 1 1 3 5 6 4 1 2 3 3 0 0 2 1 2 1 1 3 1 3 2 0 0 3 1 1 2 4 1 3 4 1 0 5 0 1 2 0 3 0 0 1 6 2 1 2 1 1 2 2 3 2 2 1 4 1 3 1 4 0 1 2 3 3 4 2 3 3 0 1 4 1 1 2 2 3 1 3 0 2 4 3 3 1 4 3 5 4 1 1 1 3 1 1 2 1 4 2 1 2 5 3 2 4 0 1 1 1 1 3 2 0 1 2 2 3 1 1 0 2 3 3 1 2 4 2 3 4 1 1 0 2 1 1 2 6 0 5 0 1 2 1 2 0 2 2 1 1 2 5 0 1 1 3 2 2 2 5 4 0 2 6 2 1 1 0 1 2 6 1 3 1 3 3 4 4 0 2 1 1 2 2 2 0 2 1 2 1 0 3 2 1 3 2 3 0 5 1 1 5 4 1 2 2 2 2 1 2 0 3 4 6 1 1 2 2 2 1 4 0 1 2 1 2 0 1 2 1 2 5 2 5 3 2 1 1 0 3 4 2 2 2 3 2 2 0 1 3 2 2 2 3 1 2 1 6 1 4 4 4 2 1 0 2 1 3 3 3 1 0 2 1 0 5 1 1 2 0 3 2 3 0 5 3 0 0 0 1 1 1 2 4 2 4 3 1 0 2 2 3 2 0 1 4 3 3 1 2 1 2 1 4 4 1 0 1 2 1 0 3 2 2 5 3 5 2 0 2 2 1 3 3 1 5 3 2 1 1 2 2 1 1 3 0 3 2 3 4 0 1 2 1 0 0 5 0 2 2 1 2 0 3 1 2 2 3 2 2 2 3 2 4 2 3 1 3 4 3 5 3 2 4 2 0 3 4 1 3 3 6 4 1 3 3 1 0 0 1 1 1 2 5 1 2 0 4 2 1 2 3 6 2 1 2 2 2 6 0 1 0 2 7 0 3 1 4 0 0 3 2 2 0 1 0 3 0 1 6 1 4 1 2 1 3 1 4 2 3 1 1 2 3 1 4 2 2 1 1 2 1 2 2 2 1 4 1 0 4 1 4 3 1 1 1 0 1 3 1 2 1 3 4 1 0 3 0 1 2 7 4 2 1 1 2 2 3 1 3 1 1 2 1 3 3 1 0 3 2 4 1 2 2 2 1 1 0 2 2 2 0 1 1 2 2 2 1 1 4 0 1 2 5 0 1 0 4 3 4 1 0 0 0 1 2 2 0 3 0 1 5 1 4 1 1 2 3 1 5 1 1 2 0 0 4 4 4 1 4 1 1 3 0 1 0 2 2 0 2 1 3 4 0 0 1 2 1 4 3 4 1 2 2 2 1 2 1 0 7 2 5 1 1 2 0 1 1 2 1 3 4 1 3 3 4 2 1 2 1 2 0 2 2 3 4 0 1 1 0 4 1 2 2 3 3 3 4 1 1 0 2 2 3 5 0 0 4 1 2 3 0 2 2 2 0 0 2 0 1 1 4 1 1 3 3 3 3 0 2 0 2 4 4 2 1 4 1 0 3 2 2 6 3 3 2 1 1 0 0 2 2 2 2 1 3 2 4 0 0 1 1 2 1 1 2 2 1 3 3 5 1 2 3 3 4 2 2 1 4 2 0 1 1 2 3 1 1 2 4 2 1 1 1 4 3 4 2 3 3 5 2 1 1 1 1 1 2 3 0 0 2 3 3 1 1 2 2 0 2 2 2 3 2 0 2 1 2 2 4 2 4 1 2 5 2 2 0 2 1 4 3 1 1 0 3 1 5 3 2 2 1 1 2 5 2 2 1 1 1 1 3 3 4 4 2 0 2 2 2 2 3 2 2 3 3 1 1 3 1 4 1 0 6 3 2 2 1 1 0 4 3 1 2 4 1 2 3 1 5 2 2 2 1 2 2 1 1 3 3 0 0 3 1 1 0 2 0 4 2 2 1 0 0 2 3 1 4 1 2 3 8 3 0 1 0 1 1 0 2 2 1 2 0 3 2 1 2 6 2 4 3 0 0 3 1 1 2 2 1 0 2 2 5 1 2 2 2 0 2 3 2 1 0 3 4 2 2 2 1 3 1 1 4 0 3 4 2 2 4 0 2 1 2 1 1 2 2 1 2 2 3 0 6 2 2 3 4 1 5 4 2 1 1 2 3 1 1 0 3 1 2 1 2 4 1 2 2 4 1 7 3 1 3 0 2 4 1 1 1 3 3 1 3 0 5 3 3 3 6 0 0 2 1 1 1 4 2 1 2 6 2 1 2 0 1 4 0 5 5 0 1 2 0 1 1 6 2 2 1 1 1 1 2 6 1 3 4 0 3 2 3 3 1 3 1 5 2 2 4 0 0 0 4 1 0 2 3 3 1 2 1 4 0 2 5 2 2 0 2 2 1 2 2 1 5 3 2 2 1 2 3 1 1 2 1 3 1 0 2 2 3 1 1 1 3 1 1 3 3 4 1 4 1 2 0 0 1 5 6 0 1 1 2 5 0 2 2 0 3 0 1 2 3 3 2 1 2 4 3 1 3 2 1 0 1 2 3 4 0 0 0 1 3 1 1 0 3 5 0 3 2 4 1 1 4 2 2 1 2 2 1 1 3 1 3 2 1 1 1 2 2 4 2 2 3 1 1 1 5 4 3 3 1 1 2 2 1 1 1 2 1 3 2 1 4 3 0 3 1 2 2 1 0 3 1 4 0 2 2 0 1 1 1 1 4 2 1 2 3 1 2 4 4 4 3 3 2 2 4 2 2 1 3 1 1 2 4 4 1 0 1 0 0 0 2 3 1 3 1 2 5 3 3 3 1 2 5 3 1 4 2 3 0 1 0 4 1 0 2 2 1 1 2 2 3 3 2 1 2 2 3 3 1 2 3 0 1 1 0 3 2 1 4 2 1 2 1 0 0 3 3 2 0 1 2 1 4 1 1 2 3 1 1 2 7 1 1 2 1 0 4 1 2 1 2 2 3 1 5 2 0 2 1 2 1 2 2 3 4 1 1 0 1 1 0 2 1 3 2 0 0 2 0 0 4 3 2 1 4 2 1 1 3 1 3 2 2 3 3 0 2 5 0 0 2 1 3 2 3 1 3 2 1 3 2 2 2 2 2 5 1 0 2 2 0 1 5 0 1 3 3 3 4 0 3 1 0 3 4 2 0 1 1 9 1 1 2 1 2 2 3 1 5 3 2 0 0 2 4 4 4 2 1 2 1 2 2 2 3 1 3 4 4 1 1 1 2 2 2 1 4 1 2 3 2 6 1 1 5 2 1 1 3 1 3 2 3 1 0 5 2 2 0 3 3 3 1 2 2 3 3 2 0 1 3 0 1 1 1 2 1 1 2 2 1 2 1 2 1 1 2 1 3 2 0 3 5 2 1 2 0 1 0 0 0 1 1 3 4 2 4 3 4 1 2 2 2 1 1 0 1 5 2 2 1 1 3 3 0 3 3 2 0 3 2 2 1 3 2 1 2 3 4 1 0 4 3 0 0 3 4 1 2 3 1 2 5 2 2 3 3 3 0 1 2 4 0 0 0 2 1 1 0 1 5 2 3 2 2 1 2 1 0 1 2 4 3 3 2 4 2 3 4 0 1 1 5 4 4 2 3 0 2 2 2 3 0 1 1 2 1 2 2 3 1 2 2 1 3 1 2 1 2 4 5 4 4 0 2 2 2 0 0 2 1 3 3 1 1 3 2 1 0 2 0 1 2 2 2 2 4 1 1 0 2 2 2 3 3 0 0 5 0 1 0 3 1 2 0 1 2 4 0 1 2 3 2 1 2 1 0 5 2 3 4 0 4 1 3 2 2 2 4 0 2 1 2 3 1 1 4 3 1 3 5 3 0 3 4 3 3 4 2 1 3 2 2 1 2 3 1 2 2 4 1 2 0 1 2 3 1 2 2 1 1 1 3 2 2 2 3 3 3 2 1 2 1 3 2 3 2 1 0 2 0 2 4 1 4 0 1 2 2 3 1 1 3 2 2 4 2 3 3 0 3 0 3 1 0 1 3 2 3 2 2 1 2 2 3 1 0 1 3 0 3 4 2 0 1 0 0 3 5 1 6 2 0 4 1 1 0 4 2 2 0 0 2 3 4 2 2 2 0 1 0 1 2 1 4 2 0 2 3 2 1 1 3 2 3 5 5 2 1 1 0 5 1 3 1 1 0 2 4 1 1 0 4 2 1 1 4 1 3 4 2 2 0 1 6 4 2 1 2 4 0 2 1 3 0 1 3 2 0 1 3 1 3 1 4 1 2 1 1 2 3 0 2 4 1 2 2 3 0 3 1 3 4 2 1 0 3 3 2 2 0 2 0 4 2 4 1 1 0 2 1 0 2 0 3 2 2 3 3 2 1 3 2 1 1 3 5 5 2 3 2 0 2 1 2 1 3 2 4 1 2 1 3 2 2 3 2 0 2 3 2 3 2 1 2 1 1 1 1 0 1 1 1 1 0 2 5 2 1 4 0 4 1 4 2 1 0 0 3 2 2 2 4 3 2 4 2 3 1 0 0 2 2 4 2 0 2 3 2 6 2 0 2 5 4 3 1 4 1 0 1 0 2 3 3 0 5 1 4 0 4 3 2 2 1 1 1 1 1 0 3 1 1 1 3 2 2 4 2 0 0 2 1 3 2 1 2 2 1 2 2 5 0 4 5 1 1 1 3 1 4 1 0 8 3 1 1 1 1 2 0 2 2 1 1 3 2 2 5 1 1 2 0 4 2 3 1 2 1 1 5 3 3 0 2 2 1 2 0 1 0 5 2 2 2 0 2 1 1 2 4 1 0 1 3 3 2 2 3 3 1 1 2 4 4 0 0 2 0 3 2 0 1 2 1 4 0 0 2 3 1 6 3 2 1 2 1 1 1 1 3 2 1 0 0 2 4 1 4 1 2 2 2 2 3 3 5 1 1 2 2 0 1 2 4 3 1 0 0 0 2 2 2 1 3 2 2 6 2 1 0 3 0 5 0 4 4 2 0 1 0 1 0 0 0 1 2 4 4 5 1 2 2 1 2 1 1 2 3 2 2 2 2 1 3 3 1 3 1 1 2 1 1 1 1 3 2 1 2 4 5 2 2 1 0 0 2 0 1 1 4 0 0 3 3 1 1 2 3 1 1 1 2 5 1 0 1 1 1 1 3 1 3 3 4 2 0 2 3 0 2 1 6 2 0 0 2 2 1 2 2 6 5 1 0 1 1 5 2 0 2 1 1 3 4 4 5 4 1 0 2 1 0 3 3 2 1 1 1 2 1 1 1 1 2 3 2 2 1 2 3 3 0 3 1 0 3 1 0 1 2 2 2 0 2 2 0 3 1 2 1 3 3 2 0 1 2 2 2 1 2 3 3 2 0 3 2 2 1 0 3 5 1 2 2 2 4 1 1 0 1 1 2 3 4 2 2 0 3 3 2 0 1 2 2 2 1 2 3 3 0 5 3 1 2 2 3 3 0 1 0 2 3 2 2 0 2 1 3 1 2 2 3 4 0 1 1 0 0 1 2 2 5 2 2 0 4 2 3 1 3 2 2 3 1 2 1 1 2 1 4 4 4 0 2 2 1 5 2 2 2 2 2 1 1 1 3 1 2 1 0 4 4 0 2 2 1 0 2 3 2 2 2 3 0 5 2 0 1 2 2 1 4 2 2 2 4 1 1 3 0 5 0 1 3 2 5 0 3 4 2 1 1 3 3 2 2 2 0 3 3 2 4 2 4 3 3 2 2 2 4 0 1 3 1 1 3 3 1 1 2 0 4 1 3 2 1 1 1 4 0 5 3 1 2 1 1 0 1 4 2 5 2 2 1 5 2 3 1 4 2 0 0 4 1 1 3 2 2 0 4 3 3 3 2 3 5 2 2 0 0 2 0 1 3 1 4 3 0 2 2 0 6 1 3 3 0 2 0 4 0 7 1 0 1 2 3 2 1 2 1 3 2 3 2 2 4 0 3 2 2 1 2 1 0 2 3 2 1 3 4 2 2 1 0 0 2 1 2 1 0 5 0 2 1 3 0 2 3 3 3 2 1 1 1 3 1 2 1 1 2 1 3 0 1 2 0 3 4 1 1 1 3 1 3 2 2 2 3 1 1 1 2 0 3 2 2 4 0 4 1 3 0 2 3 1 1 1 0 4 1 1 3 1 5 2 3 1 3 0 1 1 1 1 2 4 0 1 0 3 2 2 1 3 2 1 1 2 3 3 1 2 5 0 3 1 1 4 1 0 3 0 4 1 1 2 6 2 1 2 0 6 1 1 3 2 0 0 2 2 2 2 2 0 2 2 3 1 0 0 1 6 1 1 1 2 4 3 0 1 1 4 2 1 1 2 1 3 5 2 1 2 2 0 1 1 3 1 3 4 2 1 3 0 2 0 4 1 1 2 1 2 1 1 2 1 3 3 3 1 1 2 0 0 3 0 3 3 2 2 4 2 3 2 3 0 2 0 3 5 2 0 2 1 3 5 1 3 0 2 5 2 1 3 0 2 3 1 2 0 3 1 2 3 2 1 2 4 0 1 0 2 1 4 3 2 3 1 1 0 0 4 4 2 2 3 1 2 1 2 2 1 3 1 4 2 0 3 1 2 1 3 2 4 3 5 1 1 3 2 4 1 0 3 3 3 2 1 1 1 1 2 0 2 0 1 5 2 3 4 1 2 3 1 1 1 2 1 1 1 2 4 2 0 1 2 1 2 5 1 1 1 1 2 5 4 3 1 0 6 2 0 2 1 4 2 1 3 4 1 3 0 0 1 2 3 3 1 1 1 3 1 2 2 4 1 1 1 1 2 1 4 5 3 2 1 1 0 3 2 3 3 1 3 0 2 2 1 1 4 0 1 2 3 1 2 1 2 1 2 3 1 2 3 2 2 1 5 2 2 2 1 2 1 1 1 1 3 0 1 4 2 1 1 2 1 4 3 4 2 2 1 2 4 1 1 2 2 3 1 2 3 3 0 1 3 2 3 3 3 1 1 3 1 4 0 1 2 2 1 3 4 4 1 0 1 1 3 2 4 0 2 3 1 2 2 2 0 0 4 1 3 1 0 2 3 1 3 0 2 6 2 2 3 3 3 3 0 4 1 1 3 4 0 2 2 2 0 1 1 2 1 1 4 2 1 2 1 2 3 0 3 2 3 2 4 4 1 1 2 0 2 2 0 0 2 1 2 3 1 1 4 1 2 1 2 2 1 1 2 3 3 1 4 4 2 2 3 1 3 1 1 2 2 0 2 2 4 1 1 3 3 0 2 4 1 3 1 4 2 1 1 5 4 2 2 2 4 0 2 1 3 3 1 2 0 0 1 2 1 3 2 0 0 3 3 3 3 1 1 3 0 1 2 3 3 2 2 2 4 0 1 0 2 4 3 1 3 3 3 2 2 2 4 1 2 1 1 6 0 2 2 4 2 3 6 1 0 5 4 1 1 3 1 2 4 1 3 2 1 2 0 1 2 3 2 1 2 0 4 2 1 1 3 1 2 0 2 2 2 1 1 1 0 1 2 5 1 3 0 5 0 5 3 1 2 1 2 2 2 4 1 1 0 7 2 4 3 2 2 3 1 0 0 1 0 4 1 3 3 2 1 2 2 0 1 2 4 3 1 2 1 0 2 1 2 3 4 4 2 1 5 0 2 1 1 1 1 4 3 4 5 4 2 0 0 2 2 1 0 2 0 2 2 2 0 3 4 1 2 2 1 1 4 0 2 3 2 1 4 0 2 2 1 0 2 3 6 2 1 2 1 2 1 0 1 5 3 1 0 2 3 2 0 5 2 3 4 3 0 4 0 1 3 2 0 0 2 5 1 2 1 4 1 2 3 1 0 2 3 0 1 3 1 1 2 4 1 0 2 0 2 1 1 1 2 5 1 1 2 2 2 1 0 3 2 6 0 0 0 2 0 2 7 2 3 0 2 1 0 2 3 1 0 3 0 4 3 2 1 2 2 0 2 2 1 2 3 0 4 3 2 2 0 4 1 4 1 0 1 3 1 2 2 0 3 3 3 3 1 2 3 2 1 3 1 2 2 2 2 1 1 2 0 0 0 1 4 2 4 3 3 1 3 2 1 2 5 1 2 2 1 2 2 0 2 1 2 2 3 0 2 4 6 3 2 0 5 0 2 3 0 2 2 6 4 3 1 3 2 2 5 2 2 3 1 2 0 5 3 3 1 2 3 2 2 4 1 4 3 1 2 3 2 1 0 2 3 1 1 2 2 1 1 0 2 1 2 4 1 3 1 1 2 4 0 0 1 2 0 2 5 0 3 0 0 3 1 0 1 0 1 1 2 5 0 1 1 5 3 2 4 2 3 1 3 2 3 3 3 2 4 1 2 2 1 3 2 2 1 2 1 1 2 1 2 2 5 3 1 3 1 1 2 2 2 1 2 1 1 4 2 2 1 2 0 2 1 4 2 1 4 2 2 2 2 0 1 2 1 2 3 1 2 1 4 1 4 2 3 0 2 2 3 3 2 2 2 3 0 2 3 1 1 2 0 5 1 1 5 2 3 0 0 2 0 2 2 3 1 2 2 2 3 1 1 2 2 5 2 1 3 3 2 3 1 1 1 0 2 2 4 3 3 3 1 1 2 2 1 4 1 1 3 0 2 1 1 2 5 1 2 1 2 1 1 2 2 1 4 2 1 2 2 1 3 2 2 3 2 3 1 2 1 2 0 0 2 1 3 0 2 3 2 1 2 1 1 1 2 2 1 3 2 3 0 1 2 3 0 4 4 0 3 4 1 1 1 2 2 3 3 3 4 3 0 4 2 3 0 2 4 1 3 1 4 2 3 4 1 2 1 3 1 2 3 4 1 1 3 1 0 1 1 2 0 1 2 4 0 4 2 2 0 0 1 3 1 2 2 1 2 2 0 1 3 2 4 3 5 2 3 2 4 0 2 1 2 1 3 1 2 1 1 1 1 1 2 4 1 4 1 0 2 1 1 2 0 3 2 0 1 2 4 0 2 3 1 1 5 1 0 4 3 2 2 3 1 1 0 1 3 3 2 4 0 1 3 4 4 2 0 2 2 0 1 2 1 2 3 0 1 0 1 1 3 5 2 0 0 3 4 4 3 0 4 4 2 2 1 1 1 5 4 2 0 1 2 0 1 1 1 2 4 1 4 3 3 2 0 0 1 1 2 2 1 1 4 1 0 3 1 2 2 3 1 3 4 0 5 1 0 3 0 5 3 1 2 1 3 2 1 1 4 2 3 0 6 2 3 2 2 2 2 3 1 2 1 3 2 4 5 1 1 1 3 1 2 2 0 1 4 1 1 1 0 3 2 2 2 2 2 3 1 3 2 2 1 4 0 1 3 2 1 1 1 3 3 2 3 3 3 1 2 0 3 0 1 2 2 4 2 1 2 0 6 2 2 1 3 2 3 3 0 1 0 1 1 2 0 6 1 1 2 1 2 2 1 1 3 2 1 2 4 3 5 0 2 3 2 0 0 0 1 1 4 4 1 4 0 1 2 1 1 2 3 2 2 3 3 1 3 4 2 0 3 0 1 1 0 4 4 3 2 2 3 2 2 0 1 2 0 2 1 2 3 2 1 1 1 2 1 4 1 2 2 0 2 3 2 1 1 0 2 2 0 3 2 2 3 2 1 5 1 2 3 0 3 2 1 3 3 1 0 1 1 1 3 0 2 3 2 5 4 0 2 2 4 2 2 4 1 1 1 4 1 2 4 1 2 4 1 3 2 0 1 2 3 1 0 3 4 2 1 2 2 2 0 1 1 2 1 3 3 2 3 2 1 0 0 0 4 3 3 3 1 0 2 3 1 2 2 3 4 3 2 2 2 0 2 1 3 2 4 5 1 1 3 3 1 3 2 4 1 1 1 1 1 2 1 3 1 2 3 2 1 1 2 0 1 2 1 3 4 2 2 3 2 3 1 1 0 1 3 3 3 3 3 4 1 0 3 2 1 2 3 4 1 1 3 0 6 2 2 2 2 1 1 2 3 1 3 4 4 0 2 4 5 0 3 3 1 1 2 1 1 4 1 1 1 3 3 2 3 4 0 2 3 2 2 0 2 1 3 1 1 1 3 1 3 3 3 2 3 1 0 1 2 1 1 2 1 2 4 5 2 3 1 2 3 2 6 2 2 1 2 3 2 1 3 2 2 4 0 3 2 1 2 0 4 3 1 1 1 4 4 1 3 0 3 4 6 2 1 0 1 3 2 0 3 1 3 0 1 8 0 2 4 2 0 0 2 2 2 5 0 0 2 1 2 2 1 1 1 2 3 1 0 4 2 3 1 2 3 3 0 2 1 4 2 3 5 2 2 1 2 1 2 3 2 3 2 2 4 0 3 1 2 2 2 2 3 1 3 1 2 4 1 3 2 2 0 1 4 0 0 2 3 0 3 2 4 1 1 2 3 0 1 2 3 1 0 1 7 1 1 4 0 2 2 4 0 1 0 2 3 2 1 4 1 0 3 7 2 1 2 2 1 3 2 5 3 2 0 1 0 0 1 4 0 1 2 1 0 1 3 3 4 2 1 1 1 2 3 0 2 5 2 1 1 1 2 3 2 1 0 1 1 0 3 1 2 3 4 2 1 2 1 0 1 4 0 3 1 4 3 3 4 1 2 1 1 4 2 2 1 1 2 4 1 1 2 3 4 1 4 1 2 0 4 2 0 2 0 1 1 2 0 1 3 2 1 3 2 4 1 0 1 3 4 2 0 0 1 2 3 2 1 0 1 4 3 2 1 3 5 3 2 2 2 3 2 1 1 0 1 2 3 2 3 0 1 3 1 3 1 4 3 1 2 3 3 3 3 3 3 1 0 2 0 3 3 3 1 2 2 2 2 1 0 2 4 3 1 3 1 4 2 3 2 1 0 1 0 1 1 3 0 2 2 3 5 6 1 1 5 2 1 5 1 1 2 1 4 3 2 2 2 1 1 3 0 1 3 3 2 4 5 2 1 2 1 5 2 3 2 3 3 1 3 2 4 1 2 1 2 4 0 4 3 2 5 2 2 5 0 2 2 0 5 3 2 2 1 3 1 1 1 3 3 1 4 0 1 2 0 4 1 6 3 2 0 6 0 1 3 1 0 1 1 1 3 0 2 4 3 3 0 1 1 1 0 4 3 0 2 1 1 3 1 5 0 2 2 5 1 2 1 1 0 1 4 2 3 2 1 3 1 2 2 2 2 0 1 1 2 3 2 2 2 1 0 0 1 1 4 3 1 2 3 2 1 2 1 0 3 1 6 2 0 1 3 0 0 2 4 2 3 1 2 1 1 2 1 3 3 0 3 2 1 2 2 3 4 2 1 1 2 1 1 6 1 2 1 1 1 2 0 3 1 1 2 1 3 0 2 0 1 1 0 0 2 5 5 1 3 3 1 2 0 5 4 3 0 2 0 3 0 1 1 1 0 2 2 1 1 2 2 0 2 3 3 1 1 1 2 1 2 4 3 2 0 2 2 3 3 1 1 1 1 2 1 2 3 3 2 4 0 1 4 4 1 0 1 2 2 3 3 3 1 3 2 2 0 1 5 5 1 1 3 2 2 6 0 1 1 4 0 1 2 4 1 3 2 2 6 1 1 4 3 1 0 2 2 4 3 3 1 2 5 1 2 2 2 2 2 3 2 0 3 0 1 0 1 3 1 2 1 3 2 0 2 3 5 2 5 3 0 0 4 2 1 1 2 0 2 2 1 0 2 4 4 0 2 2 2 2 1 3 1 1 1 2 2 1 3 1 0 2 2 1 4 2 3 1 4 2 2 2 3 2 0 1 3 3 3 3 1 2 3 2 6 1 1 1 2 1 2 0 1 2 2 4 6 1 3 5 0 2 1 1 2 2 2 2 2 1 2 3 1 3 0 1 2 4 2 4 0 0 4 3 1 1 1 4 2 2 6 3 2 2 2 3 5 5 1 1 2 3 2 1 4 1 4 2 2 2 3 0 3 3 1 4 1 2 3 3 0 2 1 4 0 3 3 1 2 4 2 1 0 1 2 3 2 3 3 0 1 2 3 1 1 4 1 5 1 1 1 1 2 2 2 1 4 1 0 3 0 1 2 2 4 1 3 2 1 2 4 3 0 0 3 1 3 1 2 0 3 2 1 2 3 4 2 2 2 2 1 3 0 1 2 0 5 2 2 2 0 2 5 5 4 1 0 2 1 1 2 2 3 2 1 1 2 3 1 2 2 3 3 1 2 0 0 2 2 1 3 3 0 2 1 1 1 1 6 0 3 3 1 1 2 2 1 3 1 3 4 1 2 0 2 1 2 5 4 2 3 2 1 2 2 0 3 3 2 4 3 6 2 2 0 2 1 0 3 3 3 1 2 6 2 2 0 0 7 2 3 1 0 3 1 5 2 1 1 3 1 3 2 5 3 3 3 0 1 1 1 0 0 1 1 2 1 1 0 0 1 2 3 1 3 1 2 0 1 6 3 1 1 3 1 1 0 4 3 3 1 0 3 2 5 2 4 2 0 1 0 0 2 2 2 3 0 1 3 2 3 0 2 1 3 3 2 1 1 0 3 3 2 2 1 4 3 0 3 1 1 1 2 3 1 2 2 3 2 3 2 6 2 1 1 0 3 0 3 4 1 1 2 2 1 2 4 2 3 2 5 0 0 1 2 2 2 3 2 2 1 2 2 2 2 2 2 1 2 5 2 2 1 2 0 2 3 2 2 2 1 2 3 2 1 0 5 2 2 2 1 1 1 5 0 2 3 3 0 4 0 1 0 3 4 1 3 4 1 3 1 4 3 0 1 3 2 1 3 1 3 4 2 0 2 0 0 4 3 1 1 2 0 2 1 3 3 0 5 4 2 1 1 5 1 2 2 1 3 0 1 1 3 1 4 0 2 3 0 1 1 0 1 2 1 3 2 1 1 1 5 3 6 2 3 2 4 1 0 2 1 2 0 2 2 2 0 3 3 2 1 0 1 2 2 0 1 3 6 0 4 4 4 5 1 1 1 4 3 1 4 3 2 4 1 2 2 0 2 3 4 0 2 3 5 1 2 3 1 4 4 2 1 2 1 2 1 1 3 3 2 1 2 3 1 2 3 1 2 1 0 0 2 2 0 0 3 0 2 2 3 0 2 5 4 2 5 2 1 2 1 2 3 3 2 3 3 1 2 0 1 3 1 3 4 5 3 1 4 3 1 0 1 1 2 2 1 3 0 3 2 3 3 1 1 3 2 1 2 2 1 0 1 1 3 3 2 2 6 4 0 0 0 2 0 2 1 3 3 1 0 2 1 2 4 4 2 0 2 2 3 2 1 1 1 4 6 3 3 1 3 3 2 2 3 2 4 1 1 1 4 0 3 3 4 1 3 0 1 0 0 2 5 1 1 2 2 3 2 2 1 3 1 1 2 1 2 1 1 2 3 2 1 2 2 2 2 0 5 1 2 1 1 3 2 1 3 3 4 1 2 2 2 0 2 1 5 2 2 0 0 0 1 1 3 3 1 1 3 6 2 3 2 5 0 3 1 1 0 1 2 1 1 1 5 4 3 1 1 1 2 2 5 0 2 1 3 5 1 2 4 1 0 6 2 2 0 2 2 4 2 0 3 3 1 0 0 3 2 2 1 2 0 2 3 2 4 3 3 1 3 2 3 2 2 1 0 4 3 2 1 3 1 0 1 3 5 0 2 3 0 2 2 1 2 0 3 4 2 0 2 4 3 3 1 0 0 2 3 3 2 3 2 1 1 0 2 1 1 0 1 1 2 4 1 4 0 3 1 4 3 2 2 2 1 1 2 1 2 1 1 3 3 6 2 1 2 2 1 4 1 2 2 2 3 1 2 1 4 0 4 2 1 3 0 1 2 4 1 2 2 0 1 3 1 1 3 2 3 2 0 3 1 0 5 3 2 2 4 3 2 2 0 0 1 2 1 2 0 1 2 1 1 2 1 3 2 5 1 1 5 5 3 1 1 1 3 3 0 1 1 0 4 1 2 2 5 3 1 3 2 0 1 0 1 3 2 3 2 3 2 4 4 3 2 0 2 5 3 2 1 3 0 2 3 1 1 2 3 4 2 3 0 0 1 0 3 3 3 4 0 1 2 0 1 4 2 3 0 3 4 0 0 2 3 0 1 2 7 3 0 3 3 2 2 2 1 0 2 5 1 2 2 1 4 1 1 0 1 3 2 2 1 1 1 0 0 3 1 2 1 1 1 3 1 4 3 0 1 5 4 3 1 1 1 4 2 3 1 0 3 2 3 2 6 1 1 4 1 3 1 1 2 1 4 2 5 2 1 2 2 2 1 2 0 2 4 2 1 1 0 5 2 3 1 3 2 1 2 2 2 2 4 2 1 3 2 2 1 0 4 1 3 4 2 2 0 1 2 2 0 3 3 2 0 1 1 1 2 4 0 3 3 1 2 0 4 3 4 1 1 0 3 1 4 3 0 3 3 2 0 2 1 2 0 2 2 1 2 3 3 7 1 0 1 0 0 3 4 5 1 0 2 1 2 2 1 2 4 1 3 2 3 3 1 0 1 0 2 4 1 3 3 0 2 2 5 3 3 2 2 1 2 1 0 1 3 2 0 1 0 1 2 0 1 4 3 4 4 0 3 1 2 5 3 2 3 3 1 1 3 1 1 1 2 2 1 1 2 1 2 3 0 1 2 2 0 5 1 2 1 3 1 3 5 0 2 0 3 1 0 4 0 2 3 2 2 1 4 6 1 0 2 2 3 1 1 2 2 1 4 1 0 1 1 1 3 3 1 2 3 3 3 1 2 2 3 2 0 2 2 4 1 2 2 6 0 1 2 4 2 2 2 0 1 0 5 2 2 3 0 0 0 0 0 0 2 3 2 4 1 0 2 3 1 1 2 2 0 1 5 3 2 2 0 1 7 3 1 0 2 1 2 0 1 2 1 0 2 3 2 1 3 0 2 1 1 1 2 1 3 4 0 1 3 0 1 1 1 1 2 4 2 4 2 1 1 2 1 1 3 1 2 0 4 3 3 1 2 1 2 2 1 1 0 0 1 1 1 1 5 4 1 2 4 2 1 0 1 4 4 7 0 3 1 2 4 1 0 2 3 1 2 0 2 0 3 1 1 0 4 3 3 4 1 1 1 2 0 6 1 1 3 0 0 2 1 4 1 5 2 1 5 0 2 2 2 3 1 3 4 0 1 2 1 4 2 1 3 3 2 2 2 1 2 2 4 3 1 2 1 1 6 2 2 3 0 5 1 1 4 3 0 2 2 1 1 1 2 3 4 0 2 2 1 0 1 3 4 3 3 2 4 1 2 2 1 1 0 1 3 1 1 2 3 7 3 2 3 0 1 1 4 4 1 1 1 2 5 3 5 1 1 1 2 1 3 0 2 2 2 1 0 1 2 1 4 1 2 3 2 4 1 3 2 2 1 2 2 0 3 0 1 0 2 4 7 3 1 3 2 2 5 1 1 0 2 2 2 2 4 2 3 0 3 1 1 3 3 0 0 1 2 2 4 1 1 1 0 3 2 4 0 5 3 3 1 1 4 4 2 1 1 1 4 1 1 0 4 6 3 3 3 3 1 4 1 1 4 1 3 3 1 1 1 3 2 0 1 2 4 4 5 0 3 3 2 2 2 5 0 2 4 1 1 2 1 0 2 3 3 6 3 2 1 3 2 3 2 2 1 4 3 1 1 2 4 1 2 3 2 2 2 1 1 3 3 2 2 4 0 3 2 1 1 2 1 1 3 3 4 3 2 3 1 2 3 2 2 6 3 0 1 0 1 4 1 3 4 3 0 4 2 2 1 3 2 1 1 3 0 6 3 2 3 1 3 1 3 1 1 2 3 2 3 1 4 1 1 0 1 0 4 2 0 0 4 2 2 3 1 0 2 1 2 0 0 2 1 2 3 3 3 1 1 2 3 6 1 3 4 5 0 0 1 5 1 1 2 4 3 2 3 4 3 2 1 3 1 1 3 0 3 1 1 2 2 3 4 5 0 1 3 2 1 4 3 4 1 0 0 4 2 1 4 2 2 0 1 3 3 0 1 2 1 0 3 2 0 3 2 3 1 3 2 1 0 2 0 1 3 3 1 1 2 1 0 5 2 1 2 2 1 2 0 2 3 3 0 2 1 4 1 1 2 1 2 4 2 1 0 3 3 0 8 2 4 2 0 2 1 1 2 1 0 5 3 3 0 1 2 1 1 1 3 2 1 1 1 7 1 0 3 0 3 1 2 3 1 0 1 2 3 0 3 1 1 1 3 2 1 2 2 5 0 4 1 2 1 2 2 0 1 1 1 3 1 2 1 4 1 2 4 2 2 3 1 1 1 4 4 0 1 2 2 1 3 2 5 3 0 5 2 0 1 1 0 6 1 0 2 2 2 3 1 4 0 4 1 1 2 2 2 3 1 3 2 1 3 2 1 1 2 1 2 1 2 3 2 3 2 1 1 4 1 0 5 1 1 4 5 1 0 2 5 2 1 4 0 1 2 4 4 1 3 1 3 2 3 4 4 5 1 2 5 2 4 4 4 2 1 1 3 1 1 3 1 3 1 0 1 3 1 3 4 1 2 2 1 3 2 3 2 2 1 0 0 0 5 6 0 2 0 3 1 1 0 1 4 1 1 2 2 1 1 1 4 4 2 2 2 1 2 3 1 3 0 2 2 1 1 2 2 1 1 0 2 1 3 0 2 1 1 1 4 0 3 1 2 0 1 3 2 1 2 0 3 4 3 1 2 2 2 1 2 1 0 2 1 1 1 1 1 3 4 3 1 2 0 1 2 1 1 3 1 2 0 4 2 1 1 5 1 1 2 2 6 2 1 1 1 1 1 1 1 2 0 1 1 7 4 2 3 3 1 3 1 1 1 2 1 4 5 2 0 1 2 1 0 0 2 1 2 1 4 2 2 2 4 4 1 2 1 0 2 1 2 2 1 3 3 2 1 3 1 2 5 5 2 1 2 2 2 2 3 0 1 1 4 4 0 2 3 5 1 2 1 2 2 2 3 1 2 1 0 3 2 2 6 2 1 0 2 3 3 1 2 1 2 1 3 1 2 2 4 3 1 1 3 0 2 4 0 1 3 1 2 0 2 2 3 5 1 1 1 1 1 1 2 2 2 5 0 3 0 2 2 2 2 4 3 3 2 1 3 0 2 1 2 3 6 1 2 2 1 3 3 1 0 2 6 3 1 1 3 2 2 2 1 3 2 1 4 1 3 2 4 1 3 3 1 1 0 6 5 0 1 3 4 4 3 2 2 0 1 3 2 4 6 1 3 2 3 1 1 1 1 2 2 3 2 1 1 2 2 3 1 4 2 3 2 2 0 7 3 0 0 3 4 4 3 4 3 2 0 1 0 2 2 1 2 3 4 2 1 1 2 2 4 1 3 2 2 3 1 0 2 1 4 1 2 3 0 2 3 4 1 3 2 1 0 2 3 3 2 3 0 4 0 3 2 1 2 2 4 1 0 1 1 0 1 2 5 2 3 7 0 3 2 4 0 1 2 1 1 0 2 1 2 1 3 1 3 2 7 4 1 1 1 2 0 0 3 3 2 0 0 3 1 1 3 1 3 4 4 1 1 2 0 0 2 2 5 6 1 6 0 3 3 3 4 1 1 2 2 1 1 2 1 2 3 2 3 4 3 1 3 4 2 0 4 1 2 1 2 3 1 1 4 1 2 1 3 0 4 3 2 4 1 2 1 2 0 2 1 0 7 1 3 3 3 1 3 0 1 2 4 0 3 2 1 0 2 1 0 1 1 1 1 1 1 2 3 2 2 1 0 1 4 1 3 3 3 3 2 1 3 1 3 2 4 1 0 2 2 4 4 3 0 1 0 2 3 1 3 4 1 2 0 2 0 0 2 4 2 3 1 2 1 3 1 2 4 0 5 2 1 1 3 3 4 1 0 4 2 2 1 3 1 1 2 4 1 1 3 2 2 0 3 1 4 5 1 2 2 2 0 4 4 1 1 1 2 1 1 0 4 0 1 0 3 5 2 6 1 1 2 3 2 4 0 1 1 1 1 0 0 3 3 5 1 2 2 0 1 4 0 1 3 2 2 1 1 2 1 0 2 2 1 2 5 4 1 1 4 1 2 1 0 3 3 2 2 3 3 3 1 0 3 3 2 1 4 0 0 3 1 1 1 1 6 1 3 2 3 2 0 1 4 0 1 4 0 2 1 6 1 3 3 1 5 5 1 0 4 0 2 3 0 2 3 2 3 2 1 2 3 0 4 2 2 2 2 1 1 3 3 3 4 2 2 1 2 0 4 2 1 1 7 2 2 2 0 2 0 1 2 1 5 0 5 2 2 0 2 2 1 3 2 4 1 1 3 1 3 2 2 1 0 3 2 1 0 0 5 4 4 3 0 4 1 0 2 2 4 0 0 2 3 4 0 2 0 0 3 2 2 5 1 1 4 2 1 3 2 1 2 2 2 5 0 1 2 3 1 1 0 1 2 3 6 1 5 3 1 1 2 1 3 2 5 1 4 2 4 3 0 1 1 2 3 1 4 0 0 2 1 2 2 3 1 2 1 5 3 2 2 1 3 0 3 6 2 0 1 3 1 4 2 1 1 3 2 2 2 5 1 2 5 1 3 1 2 1 3 1 3 0 0 2 2 0 3 2 1 1 1 1 2 2 2 0 1 4 1 2 0 3 3 0 2 0 1 1 3 1 0 6 1 4 1 2 2 2 4 1 1 2 3 0 4 1 4 0 2 3 0 2 1 0 3 3 2 0 0 1 2 5 1 3 2 3 2 2 2 3 1 3 1 1 2 2 2 2 0 2 2 2 3 0 3 5 1 3 1 2 3 3 2 1 1 3 4 3 2 3 1 1 2 0 6 1 1 1 1 1 1 3 2 4 4 3 3 1 4 0 1 2 3 2 2 1 2 2 2 5 3 3 3 1 0 0 4 1 5 2 2 5 1 4 3 1 1 1 0 3 2 5 5 0 4 0 1 0 2 1 2 1 2 2 3 1 3 2 2 3 2 0 3 3 1 3 3 3 3 4 4 3 1 3 3 1 1 1 2 0 1 1 2 1 3 4 1 3 0 2 2 0 3 2 1 1 1 0 4 2 2 3 2 1 2 3 2 2 1 2 0 2 0 5 4 1 2 0 1 1 2 6 2 0 2 3 2 2 2 1 0 0 2 2 2 1 8 3 4 1 1 3 3 1 5 2 2 1 0 1 0 0 2 4 3 6 2 1 3 1 1 5 3 3 1 0 1 2 3 2 1 4 1 0 2 3 3 1 2 3 3 3 2 3 1 2 1 3 0 1 4 2 2 4 0 4 2 1 1 3 4 3 5 1 1 1 5 0 3 3 3 1 1 2 2 2 0 1 2 2 4 2 1 1 2 1 4 1 0 2 0 2 2 0 4 4 0 1 1 2 1 2 4 3 1 3 2 2 1 5 5 1 4 1 3 1 2 1 2 4 1 3 2 0 2 2 3 1 2 2 1 2 2 3 3 4 1 2 2 1 1 2 0 0 2 3 2 3 0 1 3 0 2 1 4 3 1 3 1 2 1 1 2 2 3 1 1 1 2 3 0 0 3 1 2 5 3 2 1 2 1 1 2 1 0 3 4 3 2 2 0 2 1 1 1 4 0 5 2 2 3 0 2 1 1 1 2 1 5 2 0 3 0 3 1 2 2 2 2 4 0 2 1 1 1 3 4 0 2 3 1 2 1 1 2 0 4 2 2 5 1 2 1 2 1 2 3 2 4 2 1 2 2 2 0 2 1 1 0 1 3 3 2 5 1 0 2 3 3 3 0 2 2 1 3 1 1 1 0 1 3 4 4 5 0 0 1 4 5 1 3 1 0 1 4 4 3 3 2 2 1 1 1 1 1 3 0 3 3 2 2 1 2 1 3 2 2 3 0 0 3 2 1 3 2 2 2 3 3 0 2 5 2 1 1 0 2 1 3 2 3 0 2 0 0 6 3 2 4 0 1 1 2 3 2 1 3 2 1 2 1 0 3 2 1 3 3 0 3 4 2 1 3 1 3 2 1 4 0 3 2 3 1 0 4 3 2 2 0 3 0 0 3 2 2 3 1 0 0 1 4 5 0 0 0 2 0 5 1 1 2 5 3 1 3 0 1 0 1 2 3 4 4 2 2 6 3 2 1 3 1 1 1 3 0 2 4 1 2 0 1 2 2 2 1 4 1 1 0 2 1 0 2 2 3 2 2 1 1 1 1 3 0 2 0 1 3 4 2 1 0 1 4 1 1 1 2 3 5 1 1 1 1 3 1 2 0 2 0 2 2 0 1 2 3 3 3 3 3 1 2 1 1 2 1 1 0 4 3 3 1 1 1 2 4 0 0 1 5 1 2 4 4 2 1 2 0 1 3 3 1 0 0 1 2 2 2 1 1 1 1 1 3 2 0 2 1 5 0 0 1 0 4 3 5 3 2 4 3 1 5 1 3 2 3 1 5 1 0 2 2 5 4 3 1 1 5 2 2 3 0 1 2 0 2 1 2 1 1 4 3 2 2 3 0 4 1 1 1 2 0 1 1 0 1 0 2 0 3 3 2 3 2 1 1 2 3 2 2 5 2 3 2 3 3 2 4 1 1 1 4 3 3 2 1 1 1 4 1 4 3 0 0 3 3 3 4 2 5 2 1 2 6 0 3 1 2 1 1 2 3 0 1 4 3 2 0 1 2 1 0 2 3 3 2 0 1 3 1 2 1 4 2 1 1 3 3 1 2 3 1 3 2 0 1 3 1 1 2 2 0 2 3 6 2 3 2 0 1 2 1 1 1 0 2 1 5 3 2 1 1 2 0 1 2 4 0 1 2 2 1 3 1 2 2 1 3 3 1 0 5 2 2 1 0 1 0 2 0 0 0 1 4 1 1 0 1 1 0 2 3 0 6 2 0 1 5 0 3 4 1 0 3 3 1 3 1 2 2 1 0 2 2 3 5 0 2 5 0 0 1 5 4 2 2 0 4 2 3 2 0 1 3 0 3 1 1 4 1 2 1 2 2 6 1 3 6 3 0 1 1 2 0 1 1 2 0 1 2 2 1 0 3 4 1 4 2 4 2 2 1 0 3 0 1 1 2 5 2 2 1 2 2 1 1 1 1 5 4 3 2 0 2 2 2 0 2 2 4 4 3 2 2 2 0 4 3 3 1 4 1 3 0 1 3 6 2 1 3 3 0 3 2 1 2 3 3 3 2 3 1 1 2 3 3 3 3 2 3 1 0 1 0 2 2 2 3 2 5 1 2 1 4 4 1 1 2 1 1 1 3 1 1 5 5 0 2 1 0 1 1 1 3 3 2 1 3 2 1 1 2 1 2 2 3 3 1 2 3 3 2 5 3 3 2 6 7 4 2 1 1 0 2 1 1 3 2 3 2 1 3 3 2 1 2 4 1 3 6 4 4 2 3 0 1 3 1 2 0 1 3 4 3 4 0 1 1 1 4 3 1 1 1 1 1 2 3 1 0 2 4 2 1 2 0 1 3 1 1 3 1 2 2 2 1 1 3 4 2 3 3 2 1 3 2 1 1 0 1 3 2 2 0 1 4 4 4 0 1 0 2 0 2 3 3 2 5 1 2 4 2 1 0 1 2 0 0 2 2 3 2 1 4 3 2 0 0 1 3 0 2 0 1 5 2 1 2 1 1 2 1 3 2 2 3 4 1 1 2 4 3 1 3 2 1 1 3 0 2 4 2 3 3 0 4 4 3 1 2 0 0 3 1 4 1 2 0 0 0 1 2 3 2 4 2 0 0 1 1 5 1 1 4 1 1 2 3 2 4 1 1 2 2 1 1 2 4 2 2 2 0 1 4 2 2 2 5 1 2 2 1 1 2 3 3 2 1 1 1 0 0 1 3 1 4 2 3 3 3 0 1 1 3 0 0 3 1 2 4 1 0 4 4 2 2 3 0 0 1 2 3 2 2 1 2 3 0 0 3 3 2 0 1 4 1 4 2 1 2 2 4 1 2 1 0 1 3 1 2 1 1 4 2 1 2 2 2 1 3 0 1 1 2 2 2 2 4 5 2 6 0 2 1 1 2 4 4 1 2 4 2 5 4 6 1 1 1 2 3 3 0 0 3 1 2 3 2 1 2 2 3 1 1 4 1 0 0 2 1 0 1 3 3 3 3 0 1 1 2 2 2 2 2 4 0 1 2 3 1 0 0 1 0 2 3 3 2 1 2 1 2 4 2 0 0 2 1 0 1 1 4 1 3 3 2 1 2 2 0 1 2 1 3 3 1 1 3 2 1 1 2 3 3 3 2 1 2 2 2 1 1 1 2 3 7 1 2 2 2 2 2 0 0 1 0 0 1 5 2 2 1 1 1 4 2 1 1 3 5 2 2 0 2 0 1 0 1 5 1 1 2 5 1 2 3 1 3 4 2 2 2 3 2 2 1 0 1 3 3 2 1 2 2 2 1 5 1 1 0 0 2 0 1 5 5 0 0 2 1 5 1 1 2 1 0 3 0 0 3 4 2 1 2 2 2 2 2 2 1 2 1 1 0 3 1 5 3 3 3 0 2 1 4 1 4 1 2 3 1 1 2 1 5 1 2 3 1 0 2 1 2 5 2 4 2 1 1 1 1 1 2 2 2 1 2 1 2 3 5 1 3 2 1 5 2 1 2 2 1 0 1 1 3 2 2 1 1 1 3 1 3 3 1 4 0 3 6 1 2 2 3 2 3 2 2 2 1 1 2 1 2 2 5 1 4 4 0 2 0 2 1 3 0 3 1 3 2 2 3 0 4 3 1 3 3 3 1 4 3 4 1 1 3 1 2 1 1 2 1 2 3 1 2 1 2 3 2 0 2 1 3 3 1 2 1 2 1 3 3 1 2 1 2 4 1 3 0 6 3 2 4 1 5 1 2 1 4 1 0 1 0 0 1 0 2 1 3 1 4 3 1 1 1 2 1 2 1 2 0 1 1 1 1 1 5 3 2 1 2 4 1 3 3 1 0 0 4 3 2 1 4 3 3 1 0 1 1 2 3 4 2 3 4 3 0 0 3 4 0 1 0 2 1 3 4 5 2 2 4 0 2 1 2 0 1 0 1 1 1 1 2 2 1 0 3 3 2 5 1 3 2 5 1 2 5 2 1 1 3 0 3 2 0 1 0 4 3 2 2 2 2 2 2 3 1 1 1 3 0 1 2 1 4 5 4 3 1 1 2 1 3 0 2 2 0 2 2 2 3 1 0 2 5 2 1 2 2 4 5 1 2 1 2 2 2 2 2 1 2 2 4 1 0 0 2 2 3 5 2 1 0 2 2 2 4 2 1 4 1 1 6 3 1 0 3 2 3 1 1 1 1 2 1 2 6 1 5 0 3 1 3 4 1 7 0 1 0 2 3 1 0 3 3 3 4 1 0 3 2 0 2 4 0 2 3 3 3 1 0 2 0 4 1 2 3 5 3 1 2 1 1 3 1 2 2 1 1 3 2 4 0 4 2 1 2 0 3 2 5 2 1 0 4 0 0 3 4 1 1 2 4 1 3 2 3 3 3 1 5 2 4 1 1 1 0 1 2 1 2 3 1 3 2 2 3 1 2 1 1 0 1 3 3 2 1 2 1 2 1 1 0 1 3 2 1 2 0 1 2 3 5 4 2 1 2 1 4 6 2 2 1 1 1 1 1 2 4 2 2 1 3 0 5 3 3 0 2 0 2 3 3 1 3 1 1 0 3 2 2 3 3 0 1 3 1 3 1 4 3 3 0 4 0 0 5 2 1 2 2 2 0 2 1 1 2 7 1 4 1 4 2 0 1 3 2 3 2 0 3 1 2 1 2 3 3 4 0 1 1 3 2 2 0 1 4 3 3 2 2 1 0 4 3 3 2 1 2 0 5 0 1 3 1 3 5 2 0 2 2 1 1 4 2 5 2 3 3 1 0 3 3 3 3 1 2 2 1 1 3 2 3 1 4 3 1 2 0 2 2 1 3 2 1 2 7 3 0 2 3 1 2 1 0 3 2 1 3 0 1 2 2 2 4 4 3 2 1 2 1 1 4 2 4 3 2 1 1 1 0 3 2 2 2 3 1 1 1 2 1 3 3 0 2 2 3 3 3 2 3 0 1 2 2 3 1 1 2 4 3 4 3 2 1 1 3 2 2 0 1 1 0 2 3 2 3 0 0 2 0 2 3 6 1 1 1 2 3 0 0 3 0 4 2 2 6 1 2 2 0 2 4 2 0 1 2 3 1 2 1 3 2 2 1 2 0 0 2 1 0 2 0 1 0 1 2 3 5 3 1 0 3 1 2 3 2 3 3 1 0 1 2 2 2 2 5 1 1 0 3 3 5 3 2 2 5 2 0 1 2 2 4 4 0 1 2 6 0 0 2 1 2 3 0 5 1 1 4 2 2 4 3 1 3 0 5 1 0 2 1 3 2 5 4 2 6 2 3 1 1 3 1 1 3 4 1 2 0 2 4 1 2 3 4 3 1 3 2 3 1 3 2 2 1 1 1 1 3 1 0 3 4 4 2 3 3 4 1 0 3 3 2 4 0 1 4 1 1 1 0 4 1 0 6 2 1 3 2 1 0 2 2 5 0 2 4 0 1 2 5 1 0 0 2 3 0 2 2 0 4 1 4 2 1 2 2 2 1 0 1 3 0 2 1 1 0 2 2 3 2 4 2 2 5 4 1 1 0 2 1 0 1 3 2 3 1 4 2 1 2 2 4 3 0 1 0 0 2 2 4 1 5 0 1 0 1 3 4 1 3 2 1 1 1 3 2 2 2 3 0 2 0 1 1 2 1 2 4 2 1 1 1 2 4 2 1 0 2 2 1 2 1 4 2 2 1 1 2 4 2 4 2 2 4 2 3 1 4 1 0 2 2 1 3 3 4 0 1 2 1 2 3 4 3 1 2 2 2 2 3 2 0 1 2 3 2 0 1 0 3 2 2 4 0 0 1 5 0 5 0 3 2 2 7 4 3 2 0 2 0 3 0 2 2 1 2 2 3 2 1 1 2 4 1 2 2 2 2 3 2 1 2 1 2 3 0 0 2 2 4 1 0 5 1 0 4 1 2 5 1 3 2 1 1 1 2 1 1 3 2 3 3 1 3 2 3 0 0 2 0 4 3 0 4 1 2 1 0 0 1 2 1 4 1 1 3 5 2 1 1 2 2 4 2 4 4 4 3 0 2 1 0 2 1 1 2 1 1 0 1 1 4 5 2 2 4 0 2 0 2 1 2 4 4 0 1 4 4 0 2 3 0 2 1 1 0 5 1 1 2 2 2 1 2 1 3 3 4 2 2 4 2 3 1 3 1 1 5 3 3 4 2 1 2 2 3 1 1 1 4 3 3 4 1 2 4 0 1 0 2 5 1 0 4 2 2 1 2 4 1 0 1 1 2 2 1 3 1 3 2 7 2 2 0 1 1 3 0 2 1 1 5 1 1 2 1 2 2 3 2 3 1 1 3 0 2 3 1 1 0 3 1 1 2 7 1 3 1 2 4 0 3 2 3 4 2 4 1 3 3 2 3 5 3 0 2 1 1 1 2 1 1 2 4 2 2 2 2 2 1 2 3 0 1 3 2 1 5 0 3 2 0 0 6 3 1 1 1 0 0 1 2 0 2 6 0 3 3 0 3 1 1 0 2 3 2 2 4 1 2 2 1 4 0 1 0 2 2 3 1 2 3 2 1 1 2 2 4 0 4 2 4 2 1 0 3 2 1 2 1 3 2 0 2 2 0 3 5 3 0 1 2 0 2 1 1 5 4 2 1 3 2 5 3 1 2 2 1 1 4 1 0 1 2 3 2 1 2 4 3 1 4 1 1 1 2 1 0 1 1 1 2 1 4 4 3 3 4 0 0 2 1 1 0 2 0 3 3 4 1 3 3 1 2 0 2 2 1 1 1 4 2 2 3 2 1 0 1 1 0 0 1 1 1 0 5 3 1 2 2 3 5 3 4 2 3 2 1 2 4 0 3 2 5 1 4 4 1 2 2 1 3 5 2 2 0 2 0 2 1 2 1 3 3 1 1 1 3 3 3 2 0 3 0 3 1 2 2 6 1 3 1 0 0 4 2 4 1 1 1 1 4 7 2 1 2 4 3 4 1 3 2 1 1 2 2 0 2 5 0 1 2 2 2 3 1 1 2 2 2 0 1 1 6 1 8 3 1 0 4 1 1 2 1 0 2 2 1 2 1 2 1 3 0 5 1 1 4 2 2 1 4 3 1 1 1 1 3 2 1 3 2 1 0 2 2 3 2 3 0 1 2 2 2 2 5 3 2 1 4 1 1 0 1 3 3 0 2 2 3 1 0 2 2 3 0 5 2 3 2 0 0 4 3 1 3 2 3 0 3 1 3 1 5 2 0 0 0 2 2 4 2 2 4 4 1 3 5 1 1 2 3 1 0 2 1 0 4 4 1 3 1 5 2 2 1 0 2 2 3 1 0 0 1 1 2 5 2 0 1 5 2 3 4 2 1 1 0 3 3 1 2 1 1 2 0 4 2 4 3 3 2 0 2 0 5 1 2 2 2 1 4 5 1 2 3 3 3 5 1 2 1 4 3 2 2 4 3 1 2 3 5 1 0 2 3 1 3 0 7 2 0 1 2 0 2 3 3 3 0 2 3 0 2 3 2 2 2 1 1 1 2 2 1 4 2 2 3 1 0 0 2 1 4 2 2 4 3 2 2 1 2 1 2 2 1 5 1 2 4 3 6 1 0 2 3 1 2 2 1 2 1 3 3 2 3 1 3 2 0 2 2 1 2 2 4 0 2 1 2 4 0 1 2 3 2 4 1 6 3 0 1 4 1 3 1 2 4 2 0 3 3 1 1 1 3 1 1 2 1 1 2 3 2 0 0 2 1 2 2 4 2 3 1 2 0 0 3 1 1 4 1 4 4 0 2 3 1 4 2 2 1 2 2 2 3 2 3 4 1 1 1 4 0 0 1 4 0 2 2 0 1 4 5 3 2 1 6 0 0 2 2 1 1 1 2 3 1 4 0 1 2 3 4 1 1 2 2 3 1 2 1 2 1 1 2 3 1 2 3 2 1 3 3 2 4 0 2 5 3 2 2 5 1 1 1 5 1 3 5 1 1 1 4 1 0 3 3 2 1 1 3 4 1 3 1 2 0 1 2 3 2 2 1 3 1 2 1 4 2 1 0 1 0 0 3 3 1 3 3 3 3 4 1 2 4 2 0 2 1 1 1 0 0 3 4 0 6 0 2 2 4 1 2 1 3 1 3 3 1 1 1 5 0 2 0 1 1 1 4 3 1 1 2 2 2 2 0 1 2 3 3 1 5 3 1 2 0 2 1 1 2 2 0 4 1 1 3 2 1 1 0 3 3 4 1 0 2 1 2 2 4 1 4 5 2 1 1 3 5 2 2 0 2 1 3 4 1 4 2 2 2 3 3 2 3 1 1 2 2 3 2 3 4 2 1 4 1 0 1 2 1 4 2 1 1 0 3 1 0 0 1 2 1 4 3 3 5 3 1 1 0 2 3 4 1 1 2 2 2 1 0 0 3 3 0 1 4 1 0 0 1 0 1 1 5 2 3 4 1 2 3 2 3 3 1 0 2 1 2 2 2 2 2 1 5 1 1 0 4 3 1 3 3 0 4 2 2 2 1 1 3 2 2 1 2 2 0 1 1 3 1 2 3 1 1 1 2 1 1 1 1 1 1 0 4 1 2 2 1 2 2 0 1 1 2 3 3 3 2 0 2 1 3 2 1 4 0 2 1 1 0 3 3 4 2 1 0 3 4 2 2 1 1 1 2 3 2 2 0 1 1 3 2 2 1 1 2 2 3 1 2 3 2 2 2 1 2 0 1 2 2 3 3 1 1 3 3 2 3 4 4 1 0 1 2 5 1 0 1 1 0 2 2 3 1 1 2 2 0 3 0 1 2 3 3 1 1 1 1 1 5 3 2 4 2 3 4 1 2 2 4 2 2 0 1 6 2 0 2 1 2 2 0 1 1 1 2 3 2 1 3 2 0 4 1 2 2 3 2 0 4 4 2 1 1 1 2 2 2 2 2 3 2 0 1 3 5 3 0 3 4 2 1 5 1 1 2 0 2 3 1 2 3 4 1 1 2 2 2 1 1 5 2 5 4 1 2 2 2 1 1 1 0 8 2 3 1 2 1 2 2 5 4 1 4 2 0 1 1 7 0 1 4 1 1 2 1 2 5 1 0 0 2 7 3 2 3 0 2 1 3 2 2 3 4 3 2 1 1 2 2 1 5 0 6 2 1 4 1 1 2 2 0 0 2 1 3 2 4 3 2 1 2 2 4 3 3 1 0 1 2 2 0 1 5 2 2 2 2 3 3 2 1 2 0 3 1 2 4 4 1 3 0 0 2 1 1 2 1 5 4 2 0 1 2 1 1 0 3 3 0 1 1 0 1 2 5 3 2 0 4 2 1 1 3 1 5 4 1 1 0 1 2 1 1 4 1 0 3 3 2 3 2 0 1 4 0 1 0 3 0 2 3 1 3 2 3 1 3 1 0 2 1 6 1 4 0 4 1 5 1 2 1 2 2 0 2 4 1 2 3 1 3 4 0 2 2 0 3 1 2 1 2 4 1 5 0 0 4 3 2 1 2 1 0 2 0 1 0 2 2 4 1 3 0 1 3 1 5 2 2 0 1 1 0 3 2 3 1 2 2 1 1 2 0 2 1 1 1 3 0 1 2 2 0 3 3 3 2 3 4 2 1 2 1 3 2 2 0 1 0 1 0 4 1 1 1 2 0 1 3 2 1 1 3 4 2 0 4 4 2 1 1 2 4 2 2 1 3 2 2 3 2 2 3 1 2 2 1 1 2 4 1 1 3 3 2 2 5 5 0 3 4 3 4 1 0 3 4 2 2 1 0 2 2 3 4 4 1 1 0 2 4 0 4 0 0 3 4 3 1 0 4 7 1 1 0 3 3 2 3 2 2 1 4 3 2 2 0 1 3 3 4 2 1 0 3 3 1 3 2 0 2 3 3 3 2 3 1 2 2 1 0 1 3 4 0 1 1 1 3 3 3 3 4 1 0 1 7 3 2 2 4 3 0 1 1 1 2 2 1 4 4 1 5 3 1 2 2 1 1 5 0 3 1 1 2 3 3 6 3 3 2 1 1 3 0 1 2 5 1 1 2 5 3 5 3 2 0 2 5 3 0 3 2 3 3 1 0 2 2 3 0 2 0 4 1 3 3 2 0 0 1 3 1 0 1 2 3 5 4 2 1 1 2 2 4 1 0 0 2 3 2 1 3 3 3 2 1 2 1 4 2 2 4 2 3 3 3 2 2 2 4 1 2 0 3 2 1 3 2 1 1 2 3 9 3 1 3 0 1 2 2 0 2 2 3 3 2 0 5 4 1 1 1 3 0 1 3 3 2 2 1 3 2 1 2 1 3 2 3 4 2 2 1 3 3 1 1 3 3 1 2 2 0 2 3 1 1 1 1 4 0 3 1 1 3 1 3 0 2 1 3 2 1 2 0 3 3 1 0 1 2 4 1 1 1 0 0 1 6 3 4 2 2 2 3 1 2 0 1 3 1 0 3 1 1 2 3 3 0 1 1 2 3 3 3 2 1 3 0 3 2 3 2 3 3 1 2 2 1 2 2 2 1 2 2 3 1 2 4 1 2 2 1 2 0 3 0 0 5 1 1 3 4 2 0 0 3 2 1 4 2 1 0 2 0 1 3 2 4 0 1 4 1 1 2 2 3 2 1 4 2 4 1 2 2 2 2 1 0 2 3 3 1 4 2 1 2 0 1 4 4 2 3 2 1 2 5 2 0 1 2 0 1 2 3 4 2 3 4 6 4 2 0 0 2 4 2 0 1 1 2 1 0 0 3 1 2 1 4 2 1 0 3 1 3 3 3 0 1 2 1 2 2 2 3 0 2 3 1 1 0 1 4 0 3 0 2 2 1 4 2 1 1 1 2 3 2 3 0 3 4 2 2 3 0 2 3 2 4 0 4 2 1 3 2 3 1 2 4 2 2 2 1 0 2 2 4 2 3 1 4 2 0 1 1 2 3 5 2 0 2 1 2 4 2 6 1 2 1 0 2 3 2 2 2 1 3 1 1 3 4 2 3 3 1 1 2 1 0 3 2 3 0 4 1 2 1 3 4 1 4 4 2 4 3 3 2 2 1 2 1 5 1 3 0 1 1 1 4 2 4 0 2 1 1 1 3 2 1 1 4 1 2 3 1 3 1 2 0 2 3 2 2 2 3 5 1 0 1 1 0 2 3 2 2 4 1 5 6 0 1 3 0 1 3 1 5 4 2 1 2 3 6 1 0 2 1 0 1 2 3 2 4 1 1 2 3 1 3 1 5 2 1 4 5 3 2 0 4 2 1 0 1 4 2 3 4 0 1 0 2 3 0 4 3 2 3 3 5 0 0 1 1 2 0 3 2 7 2 5 2 3 0 2 4 2 1 1 2 3 4 0 2 2 1 1 0 0 0 3 4 4 1 0 2 1 3 3 1 1 3 1 0 6 2 0 3 0 1 5 0 0 1 2 2 1 2 1 1 4 6 1 2 6 1 1 1 2 1 3 4 2 3 2 3 0 1 4 1 1 1 2 0 1 1 5 3 1 1 1 2 1 2 3 2 6 3 1 2 3 0 5 3 1 1 1 6 2 4 3 2 0 1 4 1 0 2 1 1 4 2 3 0 4 1 1 1 0 1 4 2 2 2 1 0 3 1 2 1 2 3 2 1 2 1 1 1 1 4 2 2 1 2 2 1 4 0 2 2 2 2 1 1 1 1 4 1 2 2 4 2 0 0 3 1 2 2 3 0 3 1 1 3 0 6 3 1 1 1 2 2 4 1 2 1 4 1 2 0 0 4 2 0 2 1 3 2 5 2 4 0 0 0 1 1 2 1 3 5 1 1 0 8 2 4 5 0 2 0 4 2 2 1 2 3 1 0 1 5 6 1 1 3 1 1 0 0 2 1 3 3 3 1 3 3 2 2 1 3 2 4 1 3 1 2 2 2 1 3 1 7 0 2 4 1 0 1 0 0 2 0 2 1 2 1 2 2 4 3 6 0 3 3 3 1 5 0 3 3 1 0 1 5 0 0 2 2 1 0 3 1 0 1 2 3 0 2 1 1 1 1 1 3 0 1 4 2 1 0 3 1 2 1 3 0 4 2 0 3 1 6 1 0 2 2 2 2 2 5 0 1 0 2 1 2 2 1 1 4 4 2 1 5 1 5 1 0 1 4 1 2 2 2 2 2 0 2 2 1 4 1 2 4 4 0 1 7 5 0 1 2 1 1 1 1 6 3 4 2 2 2 2 1 3 1 3 0 2 0 4 0 2 4 0 5 4 2 3 4 0 4 0 3 3 3 1 1 0 3 0 0 1 3 1 4 0 1 1 2 2 0 5 3 4 4 3 2 4 0 2 5 2 3 0 0 5 1 2 1 2 1 2 1 0 2 2 0 3 5 3 4 1 1 1 3 2 0 0 2 1 4 4 2 0 5 1 2 0 7 3 2 3 3 3 3 1 1 0 0 1 2 0 2 2 3 4 0 1 3 1 1 3 3 2 6 5 2 1 3 3 1 2 3 1 2 3 4 2 4 1 1 1 1 2 1 2 4 3 2 2 3 0 2 3 0 3 1 1 0 2 0 5 1 2 1 0 4 2 1 4 0 1 4 1 1 3 1 1 1 4 4 4 0 2 1 4 1 1 1 3 1 1 1 0 2 4 2 0 1 2 2 1 4 0 3 4 6 2 0 2 2 0 1 1 2 2 3 3 2 4 2 2 0 3 3 0 4 0 1 1 2 2 2 1 0 4 0 4 2 2 2 3 3 0 1 1 4 1 2 1 3 1 2 0 4 1 2 1 2 2 0 2 4 2 0 0 3 2 5 1 3 1 3 4 2 0 3 2 0 2 3 0 1 1 2 2 1 0 5 2 3 2 2 0 3 4 2 2 3 3 3 1 1 4 3 0 3 0 3 4 3 1 3 0 4 6 2 3 3 0 2 1 2 2 4 1 2 2 2 2 0 2 1 1 4 4 1 2 1 2 0 1 4 0 4 3 0 2 1 3 1 0 1 3 2 1 2 3 1 0 3 1 3 1 3 2 1 0 3 5 1 1 1 1 1 2 2 2 3 1 3 1 3 2 2 5 1 4 1 2 2 0 3 2 5 5 2 3 1 1 0 1 0 3 1 1 3 1 0 3 1 3 0 1 1 0 4 3 1 2 4 5 4 2 3 2 5 3 2 1 1 1 1 2 3 1 2 1 4 2 1 1 2 1 1 5 1 4 2 1 1 3 1 1 2 1 1 1 0 2 1 4 6 1 3 2 1 1 3 1 2 3 2 1 2 1 2 5 3 3 2 1 6 0 4 3 3 1 4 1 3 3 2 3 2 1 0 2 0 2 3 2 3 1 1 3 4 0 4 2 0 2 2 4 1 5 0 0 1 1 3 1 2 0 2 4 1 4 2 3 0 3 1 1 5 3 1 0 3 2 1 1 2 5 3 2 3 2 2 4 0 3 0 5 1 1 3 0 2 4 4 0 3 1 1 3 2 1 1 1 3 1 3 0 2 4 1 3 0 3 3 0 1 2 1 0 1 2 3 0 4 0 4 0 2 2 0 3 2 4 2 1 2 2 0 1 3 1 2 1 4 0 2 1 1 2 1 4 1 1 2 3 2 2 3 2 2 3 2 1 2 7 2 1 0 1 2 2 3 1 2 0 3 6 0 3 4 2 2 2 2 2 2 0 1 2 2 6 3 1 2 1 1 1 1 3 0 3 1 1 3 3 1 1 2 1 1 3 2 1 1 3 1 2 1 0 2 1 1 1 1 2 3 2 3 2 1 1 4 2 2 2 2 1 0 3 2 0 2 2 4 1 5 0 1 2 1 1 0 1 2 4 2 0 4 2 1 3 1 2 3 1 4 4 0 1 2 1 1 2 1 0 4 3 1 0 4 2 1 2 3 1 4 1 0 2 0 2 1 1 5 4 1 2 2 1 2 0 1 1 0 1 3 1 4 3 2 2 1 2 1 0 4 2 1 1 3 2 0 1 2 6 1 2 0 3 1 0 2 3 2 1 4 0 3 2 0 4 1 3 6 2 1 1 2 4 1 2 0 4 0 4 1 0 2 1 4 2 4 2 3 2 2 3 0 0 2 0 3 1 2 1 1 2 0 1 1 3 3 2 2 4 2 0 1 4 2 2 3 1 1 2 1 2 3 2 2 2 2 3 0 2 0 2 0 2 1 2 2 4 2 0 1 2 1 2 5 3 2 1 1 0 2 1 1 2 2 3 4 0 0 1 0 1 4 2 0 0 4 1 4 3 4 3 1 0 3 1 2 1 4 2 1 4 0 2 2 4 2 0 0 4 0 1 4 1 1 2 2 1 5 1 2 2 4 0 1 2 2 1 0 6 1 2 2 2 1 2 1 1 2 4 4 1 0 4 3 3 1 1 1 3 1 3 3 0 1 2 2 3 2 2 2 1 2 3 1 3 0 1 3 2 2 3 2 3 2 1 3 6 1 1 1 1 0 1 1 2 3 0 2 3 3 5 5 2 0 1 0 2 1 1 5 3 4 0 0 4 4 4 2 3 2 0 0 3 2 1 3 0 4 3 1 1 1 3 2 2 1 4 4 3 3 2 1 1 1 1 2 4 1 1 2 2 2 0 1 2 1 1 2 3 1 4 4 3 3 2 1 1 0 2 1 1 2 3 4 2 3 1 5 0 1 5 4 1 2 1 3 0 1 1 3 0 3 2 3 0 1 2 0 0 2 3 1 4 0 3 1 0 1 1 4 4 1 3 2 3 1 2 1 2 1 3 2 4 4 1 1 1 2 1 2 3 2 1 4 3 2 1 1 2 2 1 2 3 3 1 4 2 2 3 1 2 0 1 2 2 0 1 0 2 3 1 2 2 1 0 2 2 4 2 0 3 2 1 2 1 4 4 1 2 2 1 4 7 2 1 0 0 2 2 1 0 3 2 6 4 3 2 5 3 4 1 2 3 3 2 3 6 2 2 1 2 3 1 1 2 2 2 0 4 4 2 1 3 1 0 3 2 1 4 4 3 1 4 1 0 3 2 1 0 2 0 3 2 0 0 3 1 3 3 1 5 5 0 3 3 0 1 2 1 2 1 0 1 1 3 3 2 0 3 1 2 2 0 7 2 0 7 2 0 0 1 2 1 1 2 1 1 5 2 2 2 1 3 4 3 1 1 2 0 2 1 1 1 2 2 6 0 3 2 2 0 1 4 3 0 3 0 5 3 1 1 2 1 0 2 0 0 2 3 3 2 2 1 0 1 2 4 2 0 1 3 2 0 2 3 5 2 3 6 0 2 1 3 2 2 1 3 1 3 2 1 3 1 1 1 1 2 2 3 3 4 5 0 1 2 1 2 4 0 2 1 4 2 2 1 5 2 4 1 0 2 1 5 3 3 5 2 1 3 2 2 1 0 0 4 4 3 3 3 2 2 0 0 2 2 4 0 1 3 4 2 0 4 4 1 1 3 3 4 1 6 3 1 1 0 2 0 3 1 0 2 4 1 2 1 4 0 4 2 2 1 3 1 2 2 1 3 1 3 3 2 2 1 2 0 1 2 0 3 3 0 2 1 6 4 1 2 2 2 2 1 1 1 2 1 2 4 2 1 4 0 2 2 0 2 1 4 1 0 3 3 2 3 2 0 4 2 1 1 3 0 2 3 2 2 0 2 2 4 2 1 1 1 6 6 2 5 1 4 4 4 0 1 2 6 4 4 1 4 2 1 2 1 1 1 1 5 1 2 1 3 2 2 1 2 2 2 1 1 2 1 2 2 1 2 2 1 3 1 1 2 2 1 0 3 4 1 1 0 1 3 3 2 2 2 1 3 2 2 3 2 0 3 1 4 2 3 5 4 1 1 0 2 1 2 2 3 2 0 5 0 2 2 1 2 2 3 2 2 3 2 3 2 3 0 2 4 1 1 0 2 1 3 4 3 2 3 0 0 2 0 2 3 3 2 2 3 3 2 2 0 0 0 3 3 4 1 0 0 4 1 1 2 0 5 1 1 2 2 3 3 0 1 2 6 1 4 1 0 2 2 1 2 2 2 1 4 3 0 1 1 1 2 0 2 2 1 1 3 3 3 1 1 1 1 0 4 2 3 2 4 2 3 2 0 1 1 2 3 3 1 1 2 0 4 2 4 2 2 2 4 3 0 1 3 2 1 2 1 3 3 1 2 4 1 2 2 2 2 4 2 2 0 1 2 1 3 2 3 2 1 4 3 1 5 1 1 2 1 0 1 4 2 4 3 2 2 2 4 0 0 1 4 1 3 0 2 1 3 5 1 3 1 1 4 3 2 2 2 3 1 0 1 2 4 2 1 2 1 4 2 2 0 3 2 3 3 1 3 3 1 1 1 2 3 2 1 3 1 1 3 2 0 0 2 0 2 4 1 4 2 0 0 2 3 2 4 1 0 1 3 0 0 0 1 3 1 0 2 2 0 3 2 3 2 3 6 1 0 4 1 2 1 2 1 3 3 1 2 2 0 1 5 3 2 0 1 1 2 2 3 0 0 1 1 3 3 1 1 1 2 1 1 0 2 4 1 1 2 1 1 1 2 0 5 1 3 1 1 4 1 3 1 4 2 2 0 1 2 1 3 2 4 2 2 1 3 4 1 3 3 0 1 0 0 3 0 2 2 4 5 0 3 1 2 0 1 1 2 2 7 1 1 2 1 3 3 1 1 2 3 2 2 3 1 2 2 4 1 2 1 2 2 2 1 4 4 0 0 3 0 2 3 4 1 1 1 6 0 3 3 2 3 1 4 0 3 0 3 0 3 1 2 0 2 2 2 2 3 4 0 3 1 5 1 2 2 3 1 1 1 3 2 1 3 2 2 5 3 4 2 1 3 0 2 3 3 1 2 1 1 1 1 6 1 2 3 2 3 4 2 2 2 1 1 1 2 1 0 2 2 0 1 1 3 4 0 1 4 2 3 1 2 1 1 2 3 3 1 2 1 6 3 1 1 2 3 2 3 3 4 1 1 1 1 3 1 2 0 0 4 3 1 1 5 2 3 2 2 2 3 3 2 1 1 2 2 1 1 1 4 2 1 1 1 1 2 1 1 2 3 1 0 4 4 2 1 4 2 0 1 1 2 1 1 2 4 0 3 2 2 4 2 3 2 3 2 0 2 1 1 1 0 0 1 0 2 2 3 1 3 1 3 3 1 2 2 0 3 4 0 4 1 2 1 2 3 1 2 2 4 3 3 1 0 5 0 2 2 2 3 2 1 1 2 1 3 3 4 1 2 1 2 1 1 2 2 2 4 4 4 2 2 3 2 1 4 0 2 0 3 1 1 2 4 0 1 0 4 1 2 1 5 2 1 3 4 2 1 0 0 2 2 1 5 2 1 1 2 2 2 4 2 2 0 2 1 1 0 2 2 2 1 3 2 1 2 2 0 3 1 1 5 2 2 2 2 3 0 3 3 2 1 2 0 1 2 0 2 2 2 2 2 3 1 5 3 0 2 0 2 2 1 3 3 1 2 2 4 2 0 1 5 2 1 3 4 1 3 1 0 0 2 3 2 1 2 0 1 3 1 4 1 1 2 1 1 1 3 1 1 3 4 3 0 4 3 1 3 4 4 1 3 1 2 3 1 1 2 0 1 1 4 2 2 3 2 1 2 2 1 1 3 0 0 1 4 3 3 4 0 3 0 1 1 0 0 1 4 3 2 3 1 1 1 3 0 0 1 2 6 3 1 3 3 1 1 0 1 1 1 2 2 1 0 2 4 0 2 1 2 1 1 4 5 0 1 2 2 1 0 1 5 0 3 3 4 2 2 2 1 3 3 5 2 1 2 0 0 1 6 3 0 1 2 0 0 3 1 1 3 3 2 2 0 2 3 1 4 3 0 3 2 1 0 3 0 2 3 2 3 3 4 0 6 2 1 1 2 0 3 1 1 7 0 0 1 1 4 3 0 0 2 0 2 3 2 3 3 0 4 4 0 1 2 0 1 1 3 4 1 0 3 3 2 1 0 3 3 1 1 2 2 4 4 1 3 3 2 3 5 1 3 0 1 1 3 1 4 0 3 2 3 3 1 2 0 2 2 1 0 2 1 1 3 4 0 0 0 4 1 3 2 1 0 0 3 0 2 1 1 2 0 0 1 0 1 2 5 1 0 4 3 3 1 0 2 2 1 2 4 1 1 2 1 2 2 2 1 1 1 2 2 7 0 4 3 0 1 1 3 3 1 0 4 2 1 4 2 4 1 3 1 2 1 2 2 3 2 3 0 2 0 1 3 4 1 1 3 2 3 1 1 1 2 1 3 3 4 4 2 1 1 3 1 0 0 0 2 3 2 2 3 3 3 2 2 2 1 2 2 1 2 1 1 3 2 7 1 0 4 1 1 1 0 0 0 2 2 2 1 4 1 3 1 0 3 1 2 3 2 1 3 1 1 0 2 2 4 2 0 3 1 3 1 1 2 2 2 4 1 2 3 1 5 3 3 2 4 2 0 1 2 1 2 2 2 3 1 1 5 0 2 5 3 4 0 3 3 0 1 4 0 0 2 4 1 0 4 6 2 1 5 2 1 0 0 6 3 2 0 4 0 2 3 4 0 1 3 3 3 1 1 2 0 2 1 1 1 2 5 5 2 5 1 2 0 1 1 1 4 2 4 3 0 2 2 1 2 1 1 2 3 0 0 1 1 6 0 1 2 3 0 2 2 1 1 1 2 1 5 1 3 1 2 3 3 1 0 3 1 2 3 2 5 1 0 2 2 1 3 3 4 1 5 3 5 1 1 0 0 1 1 0 2 1 4 3 1 3 3 1 2 0 1 1 1 2 2 3 0 2 1 3 2 2 1 0 1 5 3 3 1 3 2 1 2 2 2 1 3 2 1 0 3 6 1 2 3 2 3 1 1 1 2 1 3 3 2 2 1 1 3 3 0 0 3 3 4 2 1 2 3 0 3 1 2 1 2 0 0 2 5 2 1 0 2 0 3 1 2 3 0 4 3 1 1 3 2 1 0 2 3 2 8 2 3 0 2 1 1 3 2 2 1 2 4 0 1 0 4 0 4 0 1 3 1 0 1 4 3 3 3 3 2 2 4 3 2 2 3 0 0 2 3 2 1 1 1 0 3 0 3 0 5 0 4 0 3 1 2 2 4 2 1 4 3 1 1 1 0 1 2 2 6 1 1 2 2 0 4 0 4 4 4 2 5 1 2 2 1 4 2 1 1 3 2 1 3 1 4 0 2 2 2 0 3 4 3 2 1 2 1 1 0 3 2 2 4 2 2 4 1 2 0 1 2 5 3 1 0 2 2 2 2 0 1 2 2 2 2 4 1 1 3 3 3 3 1 0 1 3 0 1 2 7 3 0 1 2 2 0 0 2 2 3 1 1 2 3 1 2 4 0 1 3 0 0 0 7 4 2 4 3 1 5 0 2 1 2 6 1 1 2 2 3 2 1 1 2 2 2 0 5 2 0 2 1 2 3 0 1 2 3 1 0 2 3 3 3 5 3 3 2 1 1 4 3 3 0 1 5 1 1 2 1 0 4 4 0 1 4 0 0 1 3 4 3 1 0 3 2 1 3 1 2 1 2 2 5 2 1 0 2 2 1 3 1 4 3 3 3 2 2 5 1 3 0 0 1 2 1 4 3 3 3 1 1 1 2 2 2 2 0 1 0 2 1 5 4 0 5 2 2 3 4 3 3 0 1 2 3 4 3 2 1 2 1 1 0 2 2 3 0 3 2 2 1 2 3 2 2 2 1 1 1 3 1 3 2 0 1 0 2 2 4 3 2 4 1 1 1 3 1 1 3 1 1 1 1 3 4 1 4 4 2 1 1 4 2 2 4 1 0 2 1 0 3 2 0 0 2 0 2 2 1 2 3 2 1 1 2 1 3 3 1 3 3 2 0 3 3 3 2 1 0 1 4 1 0 2 5 2 1 5 3 7 1 1 3 0 2 0 2 0 0 3 0 0 2 2 1 3 3 3 1 1 0 3 3 1 2 3 4 2 1 0 2 4 2 1 3 2 3 5 2 3 5 0 2 3 1 2 3 1 1 5 2 3 0 2 1 1 2 2 0 3 1 1 3 4 3 1 2 3 0 4 3 0 2 2 1 2 3 4 1 2 3 3 1 0 1 4 1 2 3 2 2 2 5 3 1 0 0 1 3 3 2 1 1 2 0 1 4 1 1 3 2 1 2 1 0 2 0 1 3 1 5 1 1 0 2 1 1 1 2 3 2 2 6 3 2 2 3 0 0 0 1 4 1 2 0 2 5 4 2 1 2 3 1 0 3 4 0 0 1 1 4 4 0 4 2 1 4 1 1 3 2 5 2 2 3 4 2 4 2 1 1 1 3 2 3 1 2 2 2 2 1 3 4 0 4 1 2 4 1 3 1 1 4 4 2 1 3 5 1 3 0 1 3 3 1 3 1 0 1 3 1 4 0 1 1 5 2 2 0 2 1 2 4 2 3 2 3 2 3 0 1 1 2 1 1 3 4 1 1 1 2 2 1 2 2 1 3 2 4 1 1 2 0 0 0 4 4 1 1 2 3 3 2 0 0 4 3 3 4 2 0 2 2 3 3 2 5 1 3 0 1 0 2 4 5 2 0 1 2 1 6 5 1 5 2 1 1 0 0 3 1 2 3 2 1 1 1 2 1 5 2 2 1 3 4 0 3 3 1 1 2 2 0 1 4 1 2 3 1 2 1 4 1 3 1 4 1 3 3 2 3 4 2 3 1 2 1 4 4 2 1 1 3 1 3 1 3 0 6 1 2 4 3 3 1 4 1 3 3 0 4 1 3 2 3 3 0 3 2 2 2 1 1 2 1 1 3 3 2 2 2 0 2 3 3 1 1 2 1 2 3 3 1 2 2 1 4 4 1 0 3 2 0 0 1 2 2 3 2 1 1 3 2 2 2 1 1 3 1 1 3 3 1 2 2 2 3 2 0 2 2 2 1 1 2 3 0 3 0 4 2 2 4 1 1 0 2 2 2 2 1 3 3 0 0 3 2 4 1 1 2 2 0 0 5 3 1 2 3 1 2 3 2 2 3 2 1 2 0 1 2 4 0 0 0 1 2 2 6 1 2 0 0 0 0 6 0 1 1 3 2 2 1 0 2 4 1 5 1 1 1 3 1 1 1 0 2 1 0 2 6 4 1 3 4 1 1 3 1 2 0 2 4 1 3 5 0 2 0 5 2 2 1 2 2 2 4 1 2 1 4 2 2 2 3 4 1 0 1 3 1 4 2 3 1 2 2 1 1 2 3 1 4 0 4 2 3 0 1 3 1 3 1 1 6 2 2 2 2 3 1 3 2 2 2 1 3 3 0 4 3 2 2 1 2 2 0 1 3 1 6 1 5 0 3 0 2 1 0 3 3 3 1 2 4 0 0 0 5 0 3 4 3 1 3 2 1 1 2 2 1 3 2 4 1 0 1 4 1 2 5 1 1 0 1 1 2 0 3 0 3 4 4 2 4 2 1 1 3 2 2 2 2 2 3 3 0 1 2 1 2 3 3 2 3 0 2 1 3 1 1 2 1 2 5 0 2 1 2 1 0 3 1 0 3 3 1 1 1 1 2 3 4 3 1 1 2 1 2 4 1 2 2 1 2 4 1 1 3 0 3 3 2 1 2 2 2 3 1 2 3 4 5 1 0 1 3 5 1 2 1 3 1 0 2 3 0 6 1 2 1 1 5 1 3 3 3 1 3 0 2 1 2 3 1 1 0 0 0 0 6 2 0 1 2 1 3 0 2 3 4 2 2 3 3 2 1 1 1 0 0 5 5 2 2 2 3 1 4 1 1 1 4 3 4 2 5 2 4 2 0 3 1 2 2 1 4 2 1 1 4 0 0 3 3 1 3 3 1 2 0 4 1 1 0 2 3 4 2 0 4 2 0 1 3 4 0 3 1 6 2 1 0 1 2 1 2 5 4 0 3 3 0 1 3 2 2 1 0 2 4 4 2 1 2 1 3 2 3 2 4 3 2 1 3 2 4 0 3 3 4 2 5 0 2 0 0 0 3 2 3 3 4 0 5 1 2 2 4 0 0 1 1 2 3 3 2 3 1 4 2 2 4 1 5 2 0 4 0 0 5 1 0 3 1 0 2 2 2 1 1 3 1 2 2 2 1 2 3 2 0 3 0 1 3 2 1 4 0 0 1 1 3 0 1 3 4 3 4 0 1 2 1 3 2 4 1 1 4 2 0 5 1 2 2 1 2 1 1 2 1 1 2 3 3 0 2 0 2 1 3 1 2 3 1 3 2 2 0 3 1 1 2 3 2 2 1 2 3 2 0 0 3 3 2 3 2 0 0 2 2 3 1 0 0 1 4 0 5 6 3 0 4 0 2 1 1 5 3 2 0 3 2 2 1 3 2 4 3 1 2 1 2 1 0 3 2 2 1 2 2 1 4 2 2 1 0 3 4 1 0 0 0 2 1 8 3 3 1 1 3 0 3 1 0 3 2 2 3 2 2 4 8 1 2 5 1 2 1 2 0 1 1 2 2 1 1 4 3 2 3 4 1 3 1 2 1 0 1 2 3 1 4 0 1 2 1 1 5 2 4 1 1 1 0 1 4 1 1 2 1 4 0 4 1 4 3 2 2 4 3 1 0 3 1 1 0 2 2 1 1 4 1 1 3 1 1 3 1 7 1 1 3 1 2 3 1 2 0 0 2 5 1 3 4 5 1 1 0 3 2 2 1 1 1 4 3 1 4 2 4 3 0 0 2 5 2 1 4 2 2 2 3 1 1 1 1 1 2 2 3 2 0 0 2 2 4 2 1 2 2 1 4 2 1 5 1 1 2 3 1 0 2 4 2 2 2 2 1 3 3 1 4 0 5 0 1 0 3 2 0 4 2 2 2 3 2 0 3 2 1 2 6 3 3 1 1 2 4 3 2 3 2 1 3 1 2 3 0 4 1 2 2 2 2 2 2 4 4 2 0 2 3 3 0 1 2 3 4 0 3 1 3 1 1 1 1 1 3 1 3 2 0 0 4 3 0 3 1 2 1 2 2 0 1 1 4 1 1 3 1 3 2 0 3 2 4 3 2 4 2 4 5 4 2 0 0 1 0 3 1 3 4 4 1 1 1 2 2 4 1 1 4 4 2 1 2 3 0 4 2 2 2 1 4 1 1 1 1 0 2 1 1 4 1 2 2 4 1 3 2 3 0 2 1 0 1 1 2 2 0 1 2 2 2 3 3 3 2 4 0 2 1 2 2 3 2 0 0 1 0 1 1 2 2 2 0 3 3 3 0 5 2 2 3 2 1 2 2 1 2 2 1 5 4 2 1 3 0 3 1 3 1 0 1 2 3 0 1 3 3 3 0 1 0 3 3 3 1 3 3 2 1 1 0 0 3 1 1 5 0 4 1 3 2 2 3 0 2 1 5 0 2 1 3 0 1 1 1 2 4 2 1 1 3 3 3 1 1 1 1 0 0 1 3 6 1 1 1 1 1 4 1 0 1 4 2 3 2 3 3 1 2 2 0 1 2 4 3 2 0 0 3 2 1 3 3 1 1 1 3 2 2 2 2 1 4 1 1 2 1 5 1 3 1 1 2 2 3 3 1 1 4 5 0 0 1 1 5 2 3 2 4 2 2 2 0 3 3 2 1 0 8 1 3 2 2 1 2 2 2 2 1 2 2 1 1 1 1 1 1 1 3 2 4 2 2 2 2 1 4 1 3 2 3 3 1 1 2 2 4 0 2 1 5 2 5 2 3 0 1 0 2 2 0 1 5 2 0 1 2 1 2 0 0 3 0 5 1 2 4 2 0 3 1 3 2 0 2 3 4 1 1 3 3 3 1 3 5 0 1 4 3 1 2 1 1 4 8 3 3 0 2 1 3 2 5 2 1 0 2 3 2 0 3 0 0 2 1 5 3 1 0 1 2 1 1 3 1 1 0 2 5 0 1 1 2 0 0 1 5 4 2 0 1 3 1 2 2 2 2 2 1 3 3 0 2 3 1 3 1 1 2 1 4 2 2 1 2 1 1 3 4 2 0 1 4 2 4 1 0 1 2 3 4 2 1 3 1 2 2 2 1 1 4 2 1 1 3 1 3 0 0 3 2 3 3 1 1 1 1 1 1 0 1 0 0 5 4 0 3 2 3 3 1 1 3 2 3 2 0 2 0 1 2 2 3 2 1 3 1 2 0 2 1 2 2 1 1 1 2 0 4 3 2 1 3 0 1 4 2 1 2 0 2 4 2 2 3 2 1 0 1 1 3 1 1 1 1 3 3 2 1 4 0 0 2 1 1 3 2 2 1 1 2 4 2 4 1 2 3 3 2 0 5 1 1 1 1 2 4 1 4 4 3 1 2 0 0 4 2 2 2 2 2 2 0 1 2 1 2 3 3 1 0 2 6 1 1 2 3 2 3 1 2 0 2 4 3 1 3 3 1 2 1 3 1 2 2 2 3 1 1 5 1 1 3 2 2 0 0 2 3 3 5 1 3 4 0 0 0 1 2 1 1 2 2 1 4 3 5 3 3 1 2 2 3 0 1 4 1 1 1 2 2 7 2 1 1 1 1 4 1 0 0 3 1 2 1 0 3 3 3 2 0 3 2 1 1 2 3 4 3 0 0 4 4 1 6 3 1 1 1 3 1 2 1 2 1 1 6 3 2 3 3 5 2 1 2 2 1 4 3 1 3 4 0 1 1 2 3 1 3 3 5 3 3 2 3 1 1 3 2 3 3 1 0 2 5 2 3 3 1 3 0 0 5 2 4 6 2 2 0 2 1 0 3 1 5 4 4 1 2 0 1 2 3 2 4 3 2 1 1 1 2 3 4 0 0 1 2 2 4 2 3 0 1 5 0 3 3 2 4 1 3 1 3 2 5 1 0 1 4 4 2 2 0 3 2 2 2 4 2 0 0 2 0 3 4 1 4 3 3 2 3 4 0 0 0 5 1 3 2 4 0 3 1 1 0 3 1 2 3 3 4 2 3 1 3 6 3 1 1 0 1 1 2 1 2 1 3 1 1 2 3 4 0 1 1 0 1 4 1 1 1 0 4 2 3 5 1 2 3 3 1 6 2 2 3 1 2 3 3 2 1 1 3 4 1 3 4 3 1 2 3 0 0 2 0 4 1 2 1 1 1 0 0 2 3 5 1 5 1 2 2 1 0 1 3 3 1 4 3 2 2 0 2 2 2 0 2 1 1 4 2 2 4 4 2 0 1 2 1 2 4 3 4 0 4 2 1 0 4 2 2 2 4 2 1 1 1 0 4 3 3 2 3 1 2 2 1 3 2 1 4 2 3 3 2 2 1 1 4 3 1 1 0 3 2 3 2 4 2 5 3 1 2 3 0 1 0 4 1 4 2 2 2 1 1 2 3 0 0 5 0 2 1 1 3 3 3 1 3 2 3 1 0 2 2 2 2 1 1 3 0 0 1 3 1 1 3 2 4 1 2 2 2 3 3 3 1 2 2 3 1 1 1 3 2 3 0 2 3 2 1 1 2 2 1 3 1 3 2 1 1 1 2 1 0 2 2 3 5 1 1 0 0 2 2 4 2 1 2 2 1 7 3 1 4 3 1 2 1 1 2 5 1 0 2 1 1 4 1 1 2 1 0 0 3 0 3 2 3 1 2 1 1 1 3 1 3 2 2 1 2 3 0 4 0 5 3 0 3 1 2 2 0 1 1 3 0 4 2 0 2 2 1 1 1 5 1 0 1 3 2 3 2 3 2 2 1 2 4 0 1 3 4 2 1 4 1 3 0 3 0 1 2 4 4 1 3 3 1 0 2 3 4 5 2 1 1 4 0 2 3 0 4 2 4 0 2 0 2 1 1 1 3 3 3 4 1 1 1 1 1 1 1 1 2 1 1 2 3 3 3 1 0 1 3 2 1 2 2 1 2 1 5 3 4 1 1 0 6 3 1 1 0 1 1 0 2 3 2 2 2 1 2 2 2 2 5 2 5 4 3 0 1 4 2 2 1 3 1 2 3 3 3 1 2 2 1 4 0 2 0 4 2 2 3 3 2 1 1 2 2 2 3 5 1 1 4 3 2 0 0 1 3 0 1 3 2 4 1 1 3 1 2 2 1 1 5 2 1 2 1 2 1 0 0 2 2 4 1 2 2 2 4 1 0 1 1 2 0 5 2 0 3 4 1 1 2 2 1 2 2 3 1 0 0 1 1 1 2 3 1 0 1 4 1 2 2 1 2 2 2 2 3 1 1 1 2 2 3 1 1 3 3 2 1 0 3 1 4 3 0 2 1 3 2 2 2 3 4 1 4 3 0 3 3 2 3 1 2 4 1 4 3 2 0 2 1 4 3 1 3 1 1 1 2 3 1 3 0 1 2 5 1 2 1 3 2 2 0 3 0 2 2 0 1 3 1 3 2 3 4 2 5 0 2 2 0 1 2 1 0 2 5 3 3 1 0 0 1 2 1 1 1 3 2 1 6 1 1 1 1 0 0 1 1 3 2 2 2 3 2 2 3 2 1 0 2 3 2 1 4 0 1 1 1 1 1 3 5 2 2 3 0 0 0 1 0 2 0 4 3 1 2 4 4 0 0 1 1 1 1 3 2 2 1 4 2 3 0 1 1 2 2 2 2 7 2 0 4 1 2 1 1 0 4 1 4 1 2 1 1 1 2 0 0 1 3 4 2 5 0 0 3 2 0 1 1 2 3 3 4 1 1 1 1 0 4 0 2 0 2 1 0 3 1 0 2 5 2 4 1 3 2 2 1 4 2 0 2 1 2 2 1 3 2 1 2 5 2 1 0 3 1 1 1 2 0 2 4 4 2 0 2 2 0 1 1 1 1 0 2 1 5 1 2 2 4 0 4 2 3 2 1 0 2 1 3 2 3 0 2 2 1 7 2 1 0 3 2 1 2 2 2 2 3 0 2 3 4 1 2 1 1 2 2 1 1 2 4 1 1 0 3 4 0 2 1 0 2 2 2 1 1 1 0 2 2 3 0 3 3 2 0 2 1 4 1 2 1 2 2 2 3 0 2 2 1 1 2 2 1 1 4 2 0 2 2 2 5 2 1 0 2 0 1 5 1 2 0 3 1 2 2 2 4 0 1 1 2 2 2 1 0 2 1 2 4 3 2 4 4 1 2 2 1 0 3 2 2 0 0 3 0 2 1 0 3 1 1 1 2 3 1 2 4 1 1 2 1 1 1 2 3 2 0 1 0 1 0 2 5 5 3 2 1 1 1 2 5 0 0 0 2 0 5 1 3 1 3 4 2 1 1 2 2 3 1 3 2 2 1 6 1 0 3 3 0 2 4 1 2 2 2 1 1 0 1 2 4 5 3 1 1 1 0 3 0 4 4 2 1 3 3 0 4 3 2 1 1 0 1 2 1 2 3 3 1 3 1 2 1 1 2 0 1 2 1 2 2 0 3 0 4 3 1 3 0 5 1 3 2 1 2 3 3 1 2 3 3 2 2 1 3 1 1 3 2 1 1 1 4 3 2 0 0 0 2 5 1 0 3 0 2 3 1 1 4 2 2 0 1 0 3 4 2 5 1 2 6 2 4 2 0 1 1 2 1 3 4 1 2 3 0 4 4 3 0 0 3 3 2 1 4 1 3 1 1 2 1 4 1 3 2 1 3 3 2 0 3 0 3 4 0 2 2 0 1 2 0 3 4 2 3 4 1 0 3 1 1 1 1 5 1 1 1 3 2 2 1 2 2 5 3 2 2 2 2 0 0 1 1 4 1 0 4 1 2 2 1 1 3 3 2 4 1 0 3 0 0 1 2 3 2 4 2 1 1 2 2 1 3 2 1 6 5 1 1 4 1 3 2 1 1 6 1 2 5 3 3 2 0 1 1 2 4 0 2 0 1 4 2 3 2 1 2 3 0 3 3 0 1 1 2 0 2 0 5 1 1 6 2 0 3 0 2 2 0 2 2 2 2 5 0 2 2 4 4 1 2 1 0 2 1 1 1 1 3 2 2 1 1 2 3 1 1 2 3 4 2 1 3 3 0 2 3 0 1 5 1 2 1 1 1 5 1 3 0 0 2 1 3 2 0 1 0 1 1 3 3 4 1 3 0 0 0 3 3 3 3 2 1 0 3 3 3 3 1 2 2 0 1 2 3 1 2 3 3 2 3 2 1 4 1 3 2 0 2 4 3 2 6 1 1 3 3 0 0 1 1 1 2 2 2 1 4 2 2 1 3 1 2 1 2 1 3 2 1 4 3 0 1 5 2 2 5 0 5 4 3 4 2 0 1 1 2 2 2 5 0 1 1 2 2 5 1 2 5 3 1 1 3 1 4 1 2 2 4 2 1 3 0 2 4 0 1 2 2 1 2 3 2 1 1 4 0 2 4 3 0 0 3 0 2 5 1 2 4 2 3 2 5 4 1 0 1 1 2 4 6 0 0 3 1 2 1 5 3 1 2 1 2 2 1 4 3 2 0 3 6 2 1 1 3 3 0 4 1 2 3 3 4 3 1 1 2 2 1 2 1 1 5 1 2 4 2 1 3 1 1 2 3 2 1 0 1 1 2 3 4 3 2 1 1 0 4 5 2 3 3 2 1 3 1 1 1 3 1 3 3 2 4 2 2 1 3 6 2 1 1 2 4 2 1 2 1 0 3 0 2 5 2 3 2 2 0 0 3 3 0 3 1 2 2 3 2 3 2 0 2 1 3 2 0 4 2 0 0 2 3 1 4 4 3 0 3 1 0 2 3 4 2 0 1 3 2 1 0 1 2 1 3 5 4 1 1 1 2 4 3 2 2 3 0 1 5 1 3 1 5 2 4 2 1 2 0 3 3 1 3 1 0 2 1 2 5 2 4 1 4 2 1 1 5 1 4 4 3 2 0 4 0 0 4 4 1 3 1 3 2 3 1 2 1 3 2 2 1 2 4 3 3 2 3 1 1 1 2 1 1 3 3 2 0 1 0 3 2 1 3 2 6 1 2 1 5 3 0 1 1 2 0 3 5 0 1 1 2 6 4 2 2 1 1 4 3 4 2 2 1 2 3 1 4 2 2 1 4 4 1 0 1 2 0 2 0 2 6 1 2 1 2 0 1 2 5 2 0 1 5 1 0 2 0 1 0 1 4 3 1 0 3 3 3 1 3 2 2 1 2 0 3 1 2 4 1 2 1 0 2 1 1 0 2 5 3 0 1 3 0 2 1 2 3 2 3 3 2 2 1 2 3 1 1 1 0 4 2 2 1 1 3 1 2 3 1 3 3 2 1 5 3 0 4 6 0 3 3 2 4 1 6 0 4 1 3 2 4 2 1 1 3 1 2 1 0 3 2 4 1 1 2 1 1 2 1 2 2 0 5 4 2 1 0 1 3 3 3 3 2 2 4 0 6 1 0 4 1 4 1 0 2 2 1 1 5 3 3 3 2 1 3 0 1 3 3 1 0 4 1 2 4 4 2 4 2 1 4 1 1 2 0 4 3 0 6 0 3 1 1 1 2 4 1 1 3 1 1 1 1 3 1 4 2 1 3 2 1 2 1 3 5 2 2 3 5 2 1 2 1 2 2 2 3 2 3 2 1 3 3 1 1 1 4 1 1 2 0 5 1 5 5 0 2 2 0 1 0 1 3 7 0 4 1 1 0 4 2 1 3 1 3 1 3 0 2 1 3 1 0 2 0 2 1 3 3 5 5 2 2 1 2 3 5 2 2 1 1 4 2 3 1 2 1 4 2 1 2 4 3 2 2 1 2 2 0 1 5 2 2 3 3 2 1 5 4 2 4 0 3 2 0 0 3 2 4 0 2 0 2 1 1 4 3 3 3 3 1 1 4 1 1 4 1 4 2 3 3 1 1 3 2 2 3 1 1 2 1 1 3 6 1 1 4 3 2 1 0 3 4 3 1 4 0 1 0 2 5 2 6 2 1 1 3 3 0 0 2 3 0 1 1 3 2 4 0 2 2 1 2 2 2 4 2 1 1 0 3 5 1 3 2 1 3 0 3 1 3 5 1 1 2 1 3 4 2 1 0 2 0 2 0 3 4 3 4 4 2 1 2 1 2 2 2 1 3 1 2 1 3 3 2 1 2 1 3 1 2 6 1 4 2 1 0 0 2 1 0 2 2 4 4 1 3 4 3 4 3 2 0 0 1 1 3 0 2 6 3 0 0 1 1 2 3 2 1 1 4 0 1 0 4 2 1 2 1 4 1 2 1 1 2 3 1 0 3 2 1 1 1 3 0 2 2 1 1 3 2 1 1 1 3 2 0 2 3 6 2 1 2 3 2 1 0 1 0 2 2 2 1 1 1 4 2 2 0 3 1 4 1 1 3 0 2 2 3 1 0 3 0 2 1 0 4 0 1 2 1 1 1 3 4 3 1 3 0 2 2 1 2 1 2 3 1 4 2 0 2 5 0 4 1 4 1 1 4 2 2 1 0 1 1 3 1 1 3 5 2 3 1 0 4 1 2 2 0 2 3 1 1 1 4 0 1 2 2 1 1 1 3 5 1 1 2 3 2 0 5 0 1 2 4 1 1 3 2 4 4 1 2 4 2 1 2 2 0 0 4 1 0 4 0 2 2 4 5 1 4 2 5 1 2 0 2 0 2 3 4 1 3 3 0 2 1 3 0 0 2 3 1 4 1 4 4 1 0 0 2 0 1 3 1 2 1 0 1 5 2 1 0 3 1 2 1 2 5 3 2 1 2 2 3 2 2 0 2 1 2 2 3 3 2 3 3 1 1 1 0 0 2 3 3 2 0 3 1 2 0 2 3 3 2 0 1 3 4 1 2 1 4 1 2 1 1 1 2 2 4 2 0 2 2 1 2 1 0 0 1 2 0 2 2 1 1 4 2 2 1 1 2 1 0 0 8 1 6 1 1 1 1 3 1 3 2 2 0 4 3 3 2 0 2 2 2 2 4 2 1 3 1 2 1 1 1 1 2 3 1 3 6 1 2 1 1 4 1 2 1 0 1 1 3 1 2 4 1 6 3 1 1 1 0 0 1 1 5 1 2 1 1 3 0 2 2 4 1 2 0 4 4 2 2 0 0 3 2 4 1 0 4 1 0 1 5 2 4 0 1 3 3 2 3 4 1 1 1 3 1 1 1 0 2 1 1 2 1 1 4 2 3 3 1 3 3 1 2 5 2 2 1 2 1 0 0 0 3 2 2 2 3 1 1 0 2 2 1 4 0 2 3 1 1 3 3 3 5 0 2 2 4 2 3 3 2 2 1 2 1 1 1 2 1 1 3 1 2 3 4 1 0 1 1 3 0 0 2 3 3 2 1 2 3 1 2 1 2 1 2 1 4 1 1 2 7 5 6 1 3 2 1 2 2 3 2 4 3 0 3 1 4 1 5 1 1 1 0 3 2 1 4 2 0 3 2 2 1 1 2 1 2 4 2 2 2 2 5 1 2 3 2 0 1 2 2 5 2 2 1 1 0 3 1 0 1 4 1 1 1 1 2 2 3 2 2 2 0 3 2 4 1 1 2 1 3 2 1 1 3 2 3 0 2 2 2 2 2 3 0 4 3 4 0 5 1 1 0 0 2 1 2 3 4 2 1 0 1 2 4 4 1 2 1 2 1 0 0 3 1 3 3 1 2 1 2 1 1 3 0 2 0 1 2 1 1 0 5 0 2 3 1 2 2 3 3 0 1 0 1 2 3 2 3 2 3 0 1 1 3 2 3 4 0 2 0 1 2 2 3 5 3 3 4 0 2 0 2 0 1 1 0 1 3 1 7 0 2 0 7 2 2 6 0 1 2 3 3 2 0 0 4 5 0 0 4 1 1 1 0 0 1 2 1 5 1 2 5 2 5 1 2 0 0 0 4 1 4 0 0 3 0 1 1 3 3 1 2 3 3 3 1 2 3 2 4 2 1 0 2 1 4 1 2 1 2 4 1 3 0 4 1 2 0 1 2 3 1 1 3 0 2 5 3 1 2 1 7 3 2 0 2 1 2 1 2 3 4 4 0 0 2 4 1 3 1 2 3 0 2 2 1 4 2 0 2 2 2 1 3 3 3 2 3 2 1 2 2 1 3 4 3 2 0 1 3 1 7 0 2 1 0 4 1 2 2 2 1 1 3 4 4 2 0 4 4 2 2 4 0 2 3 1 3 1 3 3 3 4 0 2 3 2 2 0 3 4 2 1 2 2 0 3 2 1 5 3 2 5 1 0 0 1 3 3 4 4 2 1 3 0 5 0 1 1 0 3 5 1 3 1 3 2 3 1 2 1 1 1 2 2 2 1 2 1 2 2 0 0 2 2 1 1 1 4 1 2 3 3 1 1 1 4 1 1 1 1 2 3 3 0 2 1 4 3 3 5 2 2 4 1 1 0 2 2 1 4 1 1 2 0 4 0 1 1 4 2 1 4 0 1 1 1 4 1 6 3 4 3 2 4 2 2 1 1 0 0 1 2 1 6 1 3 6 5 2 2 0 1 1 2 2 0 0 2 2 2 1 3 1 1 4 1 1 4 2 2 4 3 2 3 4 2 2 0 1 3 2 4 3 1 4 1 2 1 1 0 0 3 2 4 2 1 1 2 1 1 2 2 1 3 2 3 0 5 1 1 3 0 2 3 0 2 1 1 2 4 2 0 3 2 3 5 3 1 1 2 1 5 2 3 3 1 1 0 0 5 3 2 1 1 1 4 2 3 3 1 3 4 1 1 1 2 4 0 0 0 2 1 3 3 0 1 4 1 1 0 2 3 3 4 0 2 0 4 1 0 4 1 2 1 2 3 4 2 3 2 2 1 3 0 0 1 3 2 1 5 2 2 4 2 0 3 3 3 2 1 1 1 2 6 3 0 2 0 2 2 1 2 3 4 4 0 3 2 1 2 1 0 6 0 2 1 1 2 2 3 4 1 0 1 3 1 4 2 4 3 1 1 3 0 3 3 1 1 4 4 5 2 1 2 0 1 4 2 2 1 4 1 1 2 1 2 5 2 2 0 2 4 1 2 3 1 4 0 1 5 4 1 4 3 1 1 2 3 2 2 1 0 1 2 2 1 0 2 2 1 4 6 3 1 1 2 6 0 3 2 2 2 4 1 2 5 2 5 2 1 1 0 1 0 2 2 1 5 0 3 3 2 3 3 3 1 3 2 1 1 1 0 2 7 3 1 1 1 3 2 3 3 1 1 5 2 1 0 1 0 1 3 1 4 2 4 0 3 3 2 1 1 3 2 1 0 1 1 3 1 0 4 3 2 2 1 1 2 3 4 1 3 0 0 3 1 3 1 2 5 3 3 5 2 2 1 0 0 0 1 3 2 1 3 4 2 3 2 2 4 1 3 1 0 1 2 2 5 2 1 0 1 2 4 1 2 1 3 2 4 1 4 0 2 1 1 4 2 2 1 0 0 1 3 3 1 5 3 3 3 1 1 3 2 3 2 1 2 1 3 0 1 4 5 1 3 0 1 1 5 3 4 4 3 1 0 3 1 1 2 1 1 4 1 2 0 5 1 0 2 3 1 1 2 1 1 3 2 2 0 0 3 1 1 4 2 1 4 3 2 0 2 1 2 6 2 2 1 2 0 3 0 0 1 1 2 1 3 3 7 4 0 2 4 2 3 1 2 3 4 2 2 1 0 3 1 3 1 2 2 0 2 0 4 3 0 5 1 1 2 2 1 0 3 1 1 1 2 1 4 0 1 3 2 1 3 1 0 1 1 5 1 1 2 4 2 1 6 1 2 1 1 1 1 2 5 1 2 4 3 1 2 4 1 2 2 2 0 3 2 0 3 6 1 1 2 3 1 3 1 0 2 2 2 0 3 2 1 6 4 2 3 1 3 2 2 0 1 4 1 3 3 0 4 4 1 1 2 1 7 4 0 2 2 2 2 4 3 2 3 1 3 1 2 3 3 0 0 1 3 0 3 1 3 6 3 0 2 7 1 2 0 1 0 1 1 3 2 2 1 2 0 2 4 2 1 1 2 1 1 0 1 1 3 2 2 4 2 2 3 2 3 1 3 1 2 1 1 3 2 3 1 3 2 1 2 3 2 1 1 4 1 1 2 2 2 3 5 2 1 0 2 3 2 3 2 1 2 0 4 3 2 2 2 3 3 2 3 6 0 2 1 4 4 3 2 0 0 2 1 4 4 1 2 1 5 1 1 2 1 2 1 3 2 2 3 1 1 1 2 2 4 3 1 3 0 3 2 1 4 3 3 2 1 2 3 3 1 1 4 3 0 1 1 1 2 3 2 1 3 2 2 0 4 0 1 4 2 3 0 2 2 1 0 4 3 5 3 2 0 3 4 1 1 4 1 1 1 0 4 0 1 1 2 4 3 1 2 2 2 4 1 5 1 1 0 2 0 2 3 2 2 3 3 0 1 1 0 4 3 3 2 0 1 2 1 3 2 3 0 2 2 3 1 2 2 3 2 2 5 1 3 0 4 1 4 4 2 5 3 2 4 1 4 1 2 4 4 3 2 1 3 0 3 1 2 5 0 3 1 2 1 0 0 1 2 2 0 2 1 2 2 3 1 1 4 0 1 1 0 2 3 3 3 2 4 1 1 2 1 4 3 1 0 2 2 4 5 1 1 3 1 2 1 1 3 1 4 0 0 2 2 1 3 2 2 0 2 1 4 2 1 2 4 2 2 1 2 1 0 1 1 1 3 0 1 5 7 0 1 3 1 4 2 1 1 1 2 1 0 1 1 3 4 4 1 1 3 0 1 1 3 6 2 2 1 2 3 0 2 1 1 2 2 5 2 2 0 3 0 1 1 2 2 0 2 2 4 2 2 2 0 1 0 2 2 3 4 2 3 3 1 0 3 3 1 3 1 1 1 0 2 1 3 1 4 2 5 2 2 2 4 1 1 1 0 1 0 3 2 5 4 2 2 1 3 2 1 0 3 2 3 2 2 1 1 2 1 3 2 3 2 0 3 0 1 3 2 3 1 1 2 3 4 1 1 6 3 1 0 1 5 2 0 4 2 1 2 1 0 3 2 3 2 4 3 1 5 3 0 2 1 1 4 2 1 1 2 1 4 2 1 0 3 2 1 5 2 3 2 6 2 1 4 4 2 2 4 1 4 2 2 2 3 2 1 3 1 1 2 3 2 1 5 5 2 3 2 1 3 0 2 1 1 1 1 2 2 2 0 2 3 1 3 4 3 1 1 1 1 2 2 3 4 2 4 2 2 3 1 3 2 0 3 3 2 1 1 3 2 3 2 3 2 2 2 0 1 2 2 1 1 4 0 0 4 4 1 2 2 2 0 1 1 1 0 4 0 3 1 3 3 2 1 1 4 1 2 6 4 4 1 1 3 3 1 1 1 1 5 3 2 3 2 5 2 3 3 3 1 0 1 3 2 4 1 1 2 0 2 4 1 1 3 5 3 0 2 2 4 1 2 1 1 4 1 2 0 3 1 1 2 1 1 3 1 2 4 2 1 0 2 0 3 2 3 2 5 2 2 3 2 2 0 2 2 2 4 2 1 0 4 2 2 2 0 0 4 1 2 2 3 5 1 3 0 2 3 2 2 0 2 0 1 4 1 2 1 1 1 4 1 2 4 1 1 2 4 2 0 2 2 2 2 1 1 2 2 1 0 1 2 0 4 3 5 0 1 2 2 2 4 3 0 2 3 3 2 1 0 3 2 5 2 1 1 0 2 0 1 2 2 1 3 3 5 1 4 0 1 2 0 1 1 3 1 3 1 1 1 4 4 0 1 2 2 2 1 1 3 2 1 4 2 1 1 1 1 1 2 1 6 2 1 3 2 0 2 0 1 2 2 3 3 4 2 1 3 0 1 5 5 2 1 1 4 2 4 3 3 2 1 1 2 2 1 1 3 3 1 5 1 1 2 1 2 3 3 0 0 1 4 2 6 1 3 2 1 1 2 0 3 2 2 1 2 2 1 3 1 1 0 2 2 1 3 3 3 3 1 2 5 3 1 0 2 0 2 1 3 1 1 2 2 1 0 2 2 3 4 1 1 1 1 2 2 0 2 2 2 3 3 0 1 2 4 4 3 3 2 1 0 6 1 4 5 5 1 2 2 0 3 2 3 2 1 1 5 3 0 0 1 1 1 3 2 1 4 1 0 3 2 3 3 3 4 3 3 2 1 1 2 2 3 1 1 2 2 1 1 3 1 1 3 2 1 2 2 1 1 1 3 1 3 3 0 1 0 1 0 4 4 1 4 2 1 1 3 2 0 2 0 0 4 1 2 2 4 1 2 4 3 3 3 0 0 4 5 1 1 2 1 2 1 2 0 3 1 5 0 4 2 2 1 0 5 2 2 2 1 1 3 1 2 4 1 1 2 1 3 3 4 3 1 1 5 1 1 2 1 1 1 2 1 4 0 2 3 2 2 1 3 1 1 4 2 3 4 2 1 0 1 3 3 4 2 1 2 2 2 3 0 3 1 4 2 2 4 0 3 1 2 1 4 1 2 1 2 0 2 4 7 2 1 1 3 0 5 0 0 1 3 3 3 0 1 1 0 2 5 3 0 0 4 1 1 0 2 3 1 2 3 0 3 3 2 2 2 3 3 0 1 1 0 1 3 0 1 1 2 2 1 4 2 1 6 5 3 1 1 2 2 2 1 2 1 0 3 1 3 5 3 4 0 3 2 1 4 0 1 1 4 3 1 2 2 2 4 2 2 4 0 1 2 3 2 3 2 0 2 2 0 2 4 2 5 2 3 5 3 1 1 0 2 0 1 3 2 2 1 5 2 3 2 1 3 3 2 0 0 0 3 1 3 1 1 2 1 5 1 3 0 2 1 3 4 5 1 4 2 3 2 0 1 1 3 1 1 0 6 2 1 1 2 2 1 3 2 1 4 1 0 3 2 3 3 2 3 0 1 3 1 1 2 3 2 0 1 2 2 1 2 3 2 0 2 1 2 2 0 4 3 3 0 3 1 1 5 4 2 0 1 4 1 3 1 1 3 0 2 3 1 3 1 5 0 2 2 1 0 4 1 4 2 1 1 1 3 1 3 2 3 1 1 1 0 1 2 1 1 1 2 3 1 0 2 1 2 0 2 3 3 2 1 2 0 2 2 4 1 0 2 3 3 1 3 3 3 0 3 0 3 1 1 1 1 4 1 4 3 3 2 2 0 1 2 3 2 2 2 5 2 4 3 1 2 3 0 2 3 5 2 4 2 0 1 3 0 0 3 2 6 1 1 3 1 3 2 0 1 2 0 4 1 0 2 0 4 1 0 1 3 2 2 1 2 2 3 0 3 1 2 1 3 2 3 4 2 2 1 0 1 3 1 2 0 2 2 2 1 1 5 4 2 6 2 3 1 1 0 1 2 1 0 2 2 2 0 3 1 5 1 5 2 2 3 1 1 1 2 1 4 3 0 0 2 2 0 3 1 2 4 0 0 5 0 2 1 0 0 4 1 1 0 2 1 1 3 3 2 0 3 2 3 0 2 2 0 2 2 2 2 3 0 3 1 1 0 2 2 4 0 2 3 0 1 3 2 1 3 2 3 1 2 0 3 2 5 2 0 4 6 2 2 1 0 2 3 1 1 4 3 5 1 2 2 1 0 5 2 1 0 5 2 2 1 2 1 2 3 1 1 3 4 2 1 2 2 5 0 1 3 0 1 1 1 2 0 3 2 1 3 4 1 1 2 0 4 3 3 1 0 3 2 2 1 1 3 0 4 2 1 1 2 2 2 2 1 4 1 2 2 3 2 1 4 2 4 1 1 1 0 3 2 1 2 5 2 0 6 3 2 1 2 1 3 2 3 4 1 1 2 0 3 2 2 6 1 4 1 2 4 0 2 4 4 2 2 3 2 6 2 2 1 2 0 3 3 2 3 3 0 3 0 2 4 6 0 1 3 1 2 1 1 2 2 0 2 3 6 4 0 2 1 3 2 1 2 2 2 1 4 2 3 2 5 2 3 0 2 4 1 2 3 1 2 4 0 3 1 1 1 0 2 4 1 2 2 5 3 2 1 2 3 1 2 1 0 2 1 3 1 2 2 1 0 3 3 1 1 3 2 5 1 5 2 1 2 4 2 2 1 3 2 3 1 2 1 1 2 0 4 1 0 2 3 1 5 3 0 2 4 2 1 6 0 3 0 1 3 5 4 2 3 1 1 2 2 1 3 3 3 1 0 0 3 5 4 1 2 1 0 2 3 0 0 2 2 0 1 2 1 2 2 0 2 0 3 2 1 0 2 2 3 0 5 3 4 3 2 0 2 2 1 2 1 2 3 1 0 5 0 1 2 1 4 0 2 1 2 1 1 1 1 1 4 2 2 2 2 1 1 2 3 1 2 0 2 3 3 1 3 4 1 3 1 3 2 3 1 5 1 4 4 0 0 0 0 0 1 2 2 2 2 3 2 1 3 2 1 1 2 3 1 1 3 1 6 3 1 1 1 3 2 1 3 7 3 2 1 2 1 1 3 1 3 0 3 4 1 0 1 3 4 3 2 1 0 2 1 0 2 3 2 1 1 0 2 2 2 2 2 1 3 2 2 3 4 1 4 1 0 1 2 1 2 1 1 0 1 0 1 3 3 4 1 1 3 2 2 5 5 4 1 0 1 1 2 3 2 3 4 0 2 3 1 0 3 3 2 2 3 0 4 3 2 0 0 2 5 2 2 2 3 2 0 1 2 2 1 1 3 0 3 2 3 1 8 1 0 4 0 1 2 4 3 6 1 3 2 2 3 1 1 2 1 3 1 2 2 4 1 1 1 5 4 1 0 1 3 2 2 3 4 0 2 2 2 2 4 0 3 2 2 2 4 5 1 1 2 0 5 2 1 1 1 3 2 2 1 1 2 6 3 1 5 0 3 3 0 2 4 3 4 3 3 2 2 1 0 3 3 1 4 2 1 1 0 3 2 1 1 4 2 3 0 0 4 1 2 3 6 2 2 1 1 2 1 1 3 4 1 0 1 1 4 1 3 1 3 2 2 5 0 0 1 2 2 2 1 2 1 4 2 3 2 2 1 2 3 1 3 2 3 2 1 0 1 3 1 0 1 1 3 1 1 5 3 1 0 2 1 1 2 4 1 3 3 0 1 4 3 1 2 1 3 1 1 2 2 1 3 3 0 2 5 1 1 4 2 3 2 2 2 1 3 2 3 3 2 1 1 1 3 4 1 1 2 0 1 6 4 2 1 2 1 0 0 3 5 2 3 3 4 1 2 1 0 2 1 4 3 1 1 2 1 1 2 1 4 1 0 4 0 2 2 0 4 1 3 1 1 2 0 2 1 3 2 2 1 3 2 0 3 1 4 4 2 2 2 2 2 2 1 2 0 1 5 2 3 3 3 6 1 3 3 2 1 1 2 2 1 3 2 0 2 3 1 7 3 0 3 2 3 0 0 0 3 2 3 3 4 2 1 1 0 0 1 3 3 3 0 3 6 1 0 1 0 3 0 3 4 4 2 2 1 3 1 3 0 1 5 2 3 1 4 1 1 4 2 2 2 2 0 1 2 2 1 1 2 4 3 4 3 2 2 2 1 5 3 0 2 2 1 3 2 3 2 0 0 1 3 2 2 2 2 1 1 1 2 5 2 3 4 3 5 3 2 3 3 0 2 2 3 0 2 1 0 2 2 2 0 2 5 3 3 1 0 3 2 1 0 1 1 0 2 3 2 2 4 2 3 1 2 4 0 0 1 2 4 4 1 1 2 2 1 2 2 2 1 0 0 2 3 3 3 0 2 2 1 2 1 3 3 2 1 5 0 2 2 1 0 3 1 3 1 4 1 1 1 4 1 0 1 3 2 2 0 2 4 1 2 0 3 4 0 2 0 1 3 1 1 2 2 2 1 3 2 1 2 1 0 2 2 2 2 4 2 1 1 0 1 2 4 1 4 1 4 2 3 2 1 0 0 1 3 6 1 0 2 0 1 1 3 1 0 1 2 0 5 2 4 3 0 2 4 4 3 0 2 5 3 0 0 2 3 0 2 3 2 2 1 1 2 3 2 3 2 2 4 2 3 4 3 1 2 1 0 2 2 1 0 4 4 0 3 3 4 1 0 4 2 1 3 2 0 1 3 3 1 0 3 0 1 3 4 3 2 0 0 2 1 0 2 0 1 5 5 2 1 2 2 2 1 2 3 2 4 3 2 4 3 1 2 2 4 2 3 2 4 1 0 2 3 3 1 4 0 1 1 3 2 3 2 2 0 3 1 2 2 5 7 2 2 0 4 0 3 2 3 3 3 0 4 3 4 1 0 2 1 1 0 8 2 0 1 3 1 3 2 2 3 4 3 0 2 2 3 0 1 2 2 2 1 1 0 3 1 2 0 2 2 1 3 2 2 2 1 1 2 3 1 5 0 3 2 0 3 5 1 3 3 1 1 0 1 2 1 0 1 2 0 7 2 2 1 4 2 1 6 0 0 1 3 3 2 3 2 1 2 2 4 3 2 3 1 2 2 2 2 1 1 1 3 1 5 4 2 3 0 2 1 1 3 0 2 2 3 2 1 0 3 1 0 1 1 4 2 4 3 0 1 1 1 3 2 4 2 2 3 1 5 0 1 1 2 0 3 1 2 0 3 2 2 3 1 0 2 3 1 2 3 5 2 0 5 2 2 2 3 2 2 3 0 2 0 2 2 4 2 6 1 0 1 2 2 1 2 0 0 2 2 3 1 3 2 4 1 2 2 2 0 1 4 1 1 1 1 2 2 0 2 0 3 4 3 3 2 3 2 1 3 1 0 1 0 4 4 1 3 1 4 2 0 1 2 1 3 3 1 3 2 1 0 0 2 1 0 0 0 1 1 3 2 5 3 4 2 0 5 0 4 2 2 2 2 2 4 1 2 3 1 3 0 1 2 1 1 1 0 4 2 3 1 1 2 3 2 1 3 2 2 1 1 1 6 4 2 2 3 1 1 1 3 0 1 2 3 1 0 3 1 4 3 0 1 0 1 1 7 2 0 4 3 1 3 2 1 2 2 3 2 7 1 0 1 1 1 1 3 3 2 2 0 3 0 2 4 2 2 0 0 0 3 1 0 3 5 3 1 5 1 2 3 1 2 2 0 0 2 1 2 3 5 1 0 1 1 4 1 3 3 2 3 0 1 2 1 3 2 2 3 5 1 1 0 2 0 0 0 1 2 1 2 5 4 2 3 1 2 2 3 0 0 0 4 5 3 1 1 3 3 1 1 1 3 1 2 2 3 4 2 3 1 1 1 1 3 0 6 2 3 3 1 4 2 5 1 1 1 2 1 2 0 2 2 2 4 2 4 2 2 5 2 2 2 0 1 1 3 2 2 0 2 0 4 6 2 4 2 2 2 2 2 4 3 1 0 1 1 1 2 3 1 1 3 6 2 1 3 2 2 0 3 2 4 1 2 3 2 0 2 3 2 3 1 5 2 0 4 0 3 1 0 3 1 2 1 1 3 1 2 0 2 4 2 1 4 2 2 2 2 2 3 1 0 2 0 0 2 0 2 3 3 3 1 2 0 1 3 0 3 4 2 1 1 3 1 3 4 2 2 1 1 2 1 0 4 1 1 0 3 2 5 1 3 2 2 3 1 0 0 1 2 2 3 3 0 2 3 3 0 1 0 3 2 4 3 1 2 3 0 4 4 3 1 1 2 5 1 1 2 3 1 0 3 0 3 1 2 2 0 1 5 3 2 0 2 0 2 1 2 2 3 1 0 0 4 2 3 1 1 2 0 1 3 3 0 1 2 2 3 1 2 1 0 1 6 2 4 0 2 3 2 3 2 3 0 2 0 4 1 2 1 3 3 1 3 5 0 2 2 4 2 1 5 0 1 0 2 3 0 5 5 3 1 1 1 2 2 2 0 1 3 4 3 5 1 2 0 5 0 5 4 2 1 1 3 2 0 2 3 3 2 0 3 1 3 2 2 0 3 3 1 1 1 2 1 1 0 5 4 1 1 1 2 1 2 1 2 5 4 4 0 3 3 1 1 3 0 2 3 1 2 1 3 2 2 3 1 5 3 0 1 2 1 3 1 0 3 2 0 2 0 3 1 2 3 2 2 0 2 2 2 0 2 3 1 2 4 3 4 2 1 1 2 3 1 3 1 3 1 2 4 2 1 2 2 3 2 2 0 1 1 2 3 1 6 2 2 2 3 4 1 1 3 1 6 0 1 2 3 5 4 2 0 2 3 1 2 2 1 2 5 3 1 3 3 0 4 2 1 4 0 2 7 2 3 1 1 1 1 3 3 1 3 1 0 2 2 3 1 3 6 2 1 2 2 1 0 1 0 1 3 4 3 0 3 1 2 3 3 2 1 3 3 0 1 5 3 3 3 2 0 3 4 1 3 1 2 1 4 4 2 2 1 2 1 2 4 1 3 2 2 0 1 2 0 4 3 0 0 2 1 2 4 1 1 4 1 3 1 2 1 2 1 3 2 2 1 2 1 2 3 0 0 4 2 2 2 3 2 2 5 3 2 3 3 3 1 2 2 1 0 2 0 1 4 2 0 1 2 4 2 3 1 3 1 2 4 1 2 0 2 0 0 1 3 2 1 2 0 2 3 4 2 1 5 2 3 2 2 2 0 1 2 5 2 4 2 1 0 3 4 1 0 3 4 2 0 2 2 3 2 0 2 0 2 2 0 2 3 2 1 7 1 3 2 1 1 1 2 0 3 3 1 1 1 2 3 6 1 2 0 2 0 2 1 1 4 0 3 3 1 4 4 3 0 2 3 3 3 1 0 1 4 1 0 4 6 1 0 3 1 2 4 1 0 4 4 3 1 0 0 0 0 1 3 2 1 4 0 3 3 4 1 6 0 3 3 1 0 4 2 3 1 1 0 1 2 0 2 3 2 3 5 0 3 4 1 0 1 0 4 1 5 2 3 1 4 3 2 2 1 1 1 0 2 3 2 0 1 3 4 1 1 1 1 2 2 2 3 5 1 2 3 1 0 0 4 3 0 1 3 5 1 2 2 1 2 0 5 5 0 0 1 3 2 1 3 1 1 4 2 2 3 1 1 1 1 1 3 3 3 2 3 1 8 2 0 1 3 1 3 2 2 6 0 4 1 0 1 2 3 1 1 2 3 2 3 2 0 3 2 1 2 1 3 3 3 1 3 1 2 3 1 2 2 1 2 2 2 3 1 3 1 2 1 3 1 2 3 0 3 1 2 1 2 2 4 1 5 3 0 3 2 4 0 2 5 2 3 1 2 1 2 1 1 1 0 3 4 1 4 3 2 2 2 1 4 7 1 1 1 3 2 1 3 2 3 2 2 1 2 4 3 3 1 1 2 0 4 3 1 0 0 3 0 3 1 1 4 1 2 3 2 1 1 0 3 1 3 1 2 1 2 4 2 1 1 3 3 2 1 1 5 1 0 0 1 1 0 4 6 3 2 2 2 2 2 2 3 1 1 4 4 2 1 0 3 1 0 1 1 1 2 4 2 2 2 1 1 2 1 0 2 2 2 2 4 1 1 1 2 4 1 2 3 2 0 2 1 3 1 3 0 1 1 3 0 1 1 1 0 1 3 2 1 1 3 2 1 2 2 2 1 2 0 1 2 2 2 4 2 2 0 4 3 3 1 1 1 2 3 2 2 2 1 3 0 5 0 2 4 2 1 3 0 3 2 1 1 0 0 6 0 1 0 2 2 4 1 2 1 3 1 4 6 2 2 1 1 0 2 1 3 1 2 3 2 1 2 3 3 2 0 3 0 1 4 5 1 4 2 1 1 0 0 2 3 2 1 5 1 2 3 0 3 4 1 0 2 2 0 2 3 3 0 1 3 3 0 0 0 4 3 3 0 2 0 6 3 0 0 2 1 2 1 5 4 1 2 4 0 2 1 0 1 1 0 1 4 3 3 2 1 0 1 2 1 4 4 2 3 3 0 2 1 2 0 3 2 2 2 3 3 1 1 4 3 1 1 2 4 3 1 1 4 3 4 2 0 3 1 2 2 1 2 2 4 1 1 2 2 5 2 2 3 2 3 1 1 0 4 4 3 1 4 2 0 2 1 0 1 4 2 1 2 2 4 1 3 1 2 3 3 2 5 3 0 1 2 2 0 8 4 0 2 2 0 2 6 2 2 1 1 1 3 1 1 2 4 3 1 1 3 1 2 1 7 4 0 0 0 3 3 2 2 1 1 0 0 2 2 0 2 1 2 3 1 1 3 2 2 3 6 1 0 0 0 1 2 4 0 1 5 2 2 2 1 3 3 1 2 3 0 2 3 2 4 2 1 0 1 0 4 1 2 3 2 3 1 3 2 2 0 5 2 1 2 4 2 1 1 1 1 3 0 2 1 1 2 1 6 2 0 2 2 3 2 2 4 1 1 0 1 1 2 2 2 1 4 1 0 1 1 1 1 2 0 3 2 0 0 4 0 4 4 4 2 2 1 1 2 0 3 2 2 1 3 2 2 0 1 2 2 3 4 1 4 1 2 1 3 2 0 2 1 3 4 1 0 2 0 3 1 3 2 2 1 2 1 1 0 5 2 4 1 0 2 3 0 3 1 2 1 4 2 0 3 3 0 1 2 4 1 3 1 1 2 2 1 2 0 0 2 1 3 1 1 4 2 1 7 1 2 0 2 2 2 3 1 4 4 4 2 1 2 2 3 1 1 3 1 1 4 5 2 0 1 4 4 0 6 2 3 0 2 2 0 1 2 0 2 0 1 3 1 1 2 4 2 1 0 2 1 3 0 1 3 1 3 2 4 1 1 2 1 1 3 1 0 0 0 1 2 4 4 0 1 2 6 3 2 2 2 3 4 1 5 1 1 5 3 0 0 0 1 0 1 3 1 2 2 3 4 2 1 6 1 2 1 0 1 5 1 2 1 2 3 1 2 2 4 4 1 0 2 0 2 1 1 2 0 1 1 3 4 2 0 0 3 2 2 4 1 2 2 2 4 2 1 2 3 1 1 4 2 1 4 1 3 3 2 2 1 1 2 3 4 3 1 3 3 1 0 1 4 2 1 0 0 1 2 4 0 1 7 3 3 0 5 0 1 2 6 1 1 0 2 2 2 2 1 1 2 2 0 4 1 3 2 0 2 2 3 2 0 3 2 2 3 4 2 1 2 4 1 1 3 0 3 2 2 0 3 2 3 0 2 4 2 2 2 5 3 0 2 2 0 1 0 2 3 1 3 4 2 3 3 2 1 4 0 1 2 2 2 3 2 0 3 2 3 3 1 0 0 3 1 2 2 1 2 0 0 4 0 3 2 4 4 1 0 4 1 5 3 3 3 2 2 2 0 3 0 3 3 1 2 1 1 3 2 2 3 1 4 0 0 2 3 4 2 2 1 1 2 4 1 4 2 1 1 1 3 2 1 3 4 2 4 2 0 1 2 0 3 2 2 2 5 2 3 1 3 3 1 3 3 0 4 0 3 2 3 3 0 3 0 0 1 1 2 2 1 3 2 4 4 5 2 3 1 1 1 0 2 4 4 3 0 4 3 3 0 1 1 1 0 2 1 3 4 2 1 2 2 2 1 0 1 3 2 3 1 2 1 1 4 3 2 1 4 1 1 2 3 1 1 3 1 1 1 1 2 0 0 4 1 3 1 3 1 5 3 5 2 1 3 1 2 4 2 3 1 1 2 2 0 0 4 2 2 1 0 3 5 5 1 1 2 5 2 1 1 3 2 0 3 3 2 4 2 2 6 3 4 2 1 2 0 1 2 4 1 1 1 2 3 3 3 3 2 2 0 1 3 1 2 2 2 4 2 3 2 2 3 2 2 2 5 0 1 3 0 1 3 3 1 0 1 2 4 4 3 0 1 1 5 0 4 4 3 2 2 0 2 1 3 2 0 1 3 5 1 3 3 2 1 2 4 0 3 1 1 2 1 0 1 5 4 0 1 3 3 1 2 4 3 4 2 0 2 1 2 2 2 1 1 2 1 5 0 1 1 1 0 4 3 0 2 2 3 3 0 4 2 0 2 2 1 3 1 1 0 1 2 2 1 2 5 2 3 1 2 1 3 2 4 2 3 1 3 1 2 4 6 2 3 2 1 3 2 1 0 1 1 1 4 3 2 2 1 0 2 0 2 2 4 1 0 3 3 5 3 2 2 1 4 1 1 1 0 1 1 1 3 3 3 1 3 3 0 3 1 5 1 1 1 4 0 2 2 2 1 4 2 2 1 3 0 5 0 1 4 1 2 1 3 2 2 7 0 2 4 0 3 2 1 5 0 3 0 2 1 2 2 1 2 3 6 1 4 1 1 1 0 4 5 3 4 3 1 2 1 1 0 0 2 0 1 1 4 1 2 5 0 2 1 1 4 2 4 0 1 2 2 1 2 5 3 2 5 1 0 3 2 2 3 1 2 3 0 0 1 0 4 2 2 1 0 3 3 3 3 1 1 2 2 1 3 6 0 3 2 1 2 1 1 3 3 2 4 2 1 3 2 4 1 2 1 1 1 3 1 1 3 1 3 2 3 1 1 1 4 0 1 3 2 4 2 3 3 7 2 1 1 0 0 3 1 5 3 1 2 1 0 0 2 4 1 0 1 2 3 3 3 3 0 2 2 1 3 2 2 2 3 1 0 4 1 1 1 3 3 3 3 1 2 4 0 3 2 1 0 1 2 2 2 4 1 0 7 1 2 1 2 1 0 1 2 2 3 4 4 2 1 1 2 2 1 2 2 1 2 4 3 2 0 1 2 1 2 1 2 1 4 1 1 1 2 3 1 1 2 1 1 3 2 2 1 0 1 0 2 1 0 3 9 3 2 5 1 4 3 2 1 1 3 0 3 1 3 2 0 1 4 1 4 2 1 2 2 0 1 2 2 2 1 1 1 1 3 1 3 1 1 1 2 2 5 2 3 2 1 1 1 5 3 1 2 2 2 3 0 2 1 0 0 1 3 6 0 2 3 2 2 3 1 2 2 0 2 0 1 2 2 6 2 1 2 1 1 4 0 4 3 0 2 3 1 0 1 3 3 1 3 3 0 2 1 2 3 1 3 3 1 4 2 3 2 2 1 1 3 2 1 2 1 2 2 3 1 0 3 1 2 2 3 2 2 2 5 2 1 1 2 3 2 3 0 0 0 1 5 1 4 1 2 0 3 0 2 2 1 2 4 1 0 0 2 1 1 5 1 1 2 2 1 2 1 1 0 1 1 1 0 1 3 3 2 5 3 1 3 0 2 4 3 2 2 1 0 3 1 5 3 1 2 2 1 3 0 1 3 1 3 0 1 1 2 1 3 1 0 4 2 1 3 2 6 1 2 1 2 1 3 3 2 1 0 0 1 3 2 3 5 0 1 3 0 3 2 1 0 2 1 0 2 2 2 2 1 0 3 0 4 2 0 1 2 3 2 1 2 1 0 2 3 2 1 0 3 3 0 2 2 3 0 5 0 4 1 1 1 2 1 2 3 2 0 1 1 1 2 3 0 2 1 0 3 3 3 3 6 2 1 3 3 3 1 2 0 1 1 4 4 4 2 3 3 2 4 2 2 1 2 3 2 2 1 2 0 2 1 4 2 6 2 0 0 1 0 1 0 2 2 1 2 5 2 2 3 0 0 0 2 2 2 5 2 1 2 1 2 1 5 3 1 2 2 2 4 2 2 0 0 2 3 3 4 2 2 2 1 0 3 1 5 2 1 6 4 2 4 3 5 2 1 2 0 0 3 1 2 2 1 4 2 0 1 4 3 3 2 2 2 1 3 0 1 5 1 1 0 2 5 0 3 3 3 2 1 2 2 2 3 3 0 3 0 0 2 2 0 6 4 3 2 2 2 2 2 2 1 2 1 2 1 3 1 1 0 4 2 2 1 2 0 3 2 2 2 5 2 3 1 0 2 3 1 0 1 4 2 1 2 3 2 1 4 2 3 3 0 3 2 4 3 4 3 2 6 1 1 0 2 2 1 0 6 2 2 4 0 0 1 3 1 3 1 4 2 0 2 4 3 1 1 4 3 2 2 3 2 1 3 3 1 1 1 4 2 0 4 2 0 4 2 6 3 3 1 2 0 5 0 3 0 2 7 1 1 1 4 3 1 1 3 1 3 1 3 0 1 2 0 2 3 4 3 2 2 2 2 0 1 1 2 1 4 4 2 4 0 1 3 2 4 0 2 1 3 3 2 2 3 3 0 2 1 1 2 6 2 1 2 2 2 2 4 1 1 0 1 4 2 1 3 0 3 2 2 0 2 4 2 2 3 1 4 2 1 1 1 0 1 3 2 1 5 5 2 3 1 1 1 1 3 2 1 3 1 2 4 0 1 1 1 3 3 1 2 2 4 3 2 2 0 0 3 2 2 0 0 4 2 2 1 3 2 1 4 2 2 0 1 1 3 3 3 1 3 5 1 2 2 0 1 4 4 1 4 2 2 0 1 0 2 0 1 0 1 2 2 2 4 2 4 3 3 0 0 1 2 0 1 0 1 3 4 2 1 1 2 1 3 1 0 2 2 3 1 1 0 2 1 2 1 5 2 2 3 3 2 0 4 3 1 1 2 5 0 1 2 1 4 1 0 0 1 0 2 3 1 3 2 1 1 2 1 0 0 4 2 1 2 0 2 1 2 3 2 4 1 1 3 3 1 2 0 2 2 2 5 2 1 4 1 3 1 0 3 0 1 1 2 1 0 2 1 1 3 4 1 4 0 0 3 1 6 1 2 3 3 1 4 1 2 2 6 4 3 2 1 3 3 1 2 2 3 3 2 0 4 2 1 2 1 4 3 3 1 0 1 5 2 2 5 3 1 3 3 1 2 3 0 1 2 1 2 1 2 3 3 0 1 2 0 0 3 2 2 1 3 3 2 2 1 3 1 4 3 1 2 3 6 0 1 1 3 2 0 5 2 0 4 3 1 4 2 0 2 0 2 1 3 0 3 1 3 3 1 3 1 2 1 3 3 1 3 1 3 4 4 2 0 0 3 3 0 2 0 3 1 2 1 3 2 3 1 2 0 3 0 1 1 3 5 3 4 1 2 0 3 3 2 0 2 2 3 2 3 1 1 0 0 2 1 0 3 1 1 4 4 3 2 3 2 0 1 4 3 3 2 0 1 0 2 1 2 2 2 2 1 2 0 6 3 1 0 1 3 6 0 3 1 2 0 1 0 6 0 1 3 4 2 0 1 1 1 3 1 0 1 2 2 2 3 4 1 2 2 2 3 2 1 1 1 1 2 3 3 2 0 0 2 2 2 2 4 2 1 2 1 2 3 1 2 6 1 1 3 3 0 3 1 1 1 2 3 2 1 3 5 3 2 2 2 0 3 3 2 0 0 3 1 1 0 0 4 1 0 2 6 3 4 0 2 0 1 0 2 4 1 2 5 0 0 1 1 0 2 3 4 1 4 3 1 2 3 0 0 5 1 4 1 1 1 3 2 5 0 3 1 2 2 3 2 1 3 3 2 0 4 4 1 0 0 5 1 0 2 3 3 2 2 1 3 0 5 0 0 4 0 3 2 2 4 0 1 2 4 2 3 0 3 3 2 3 1 3 2 4 3 0 0 4 3 4 2 2 1 1 0 2 2 3 1 0 0 0 1 3 4 2 2 1 2 1 3 1 1 4 3 5 6 3 1 3 1 1 1 1 2 2 5 0 1 1 1 3 2 2 2 1 3 1 2 1 4 1 2 1 3 2 2 2 1 5 4 1 1 2 1 0 1 1 1 0 4 3 0 2 1 2 2 2 4 5 0 2 3 1 5 1 1 1 1 0 2 4 1 0 4 3 2 4 0 2 1 1 4 0 0 3 3 5 1 1 2 1 3 3 0 0 1 2 1 0 3 2 1 3 3 0 3 4 1 1 2 2 3 3 2 1 4 1 1 2 0 2 4 0 2 2 1 2 1 5 2 1 0 4 2 3 2 2 4 1 2 3 3 2 2 1 3 2 2 4 3 3 1 2 1 0 1 1 1 5 1 1 0 1 3 3 5 2 2 0 0 2 3 4 4 4 2 3 2 1 0 1 0 1 0 4 5 2 2 2 3 0 1 3 0 3 3 0 4 0 2 0 4 1 1 2 2 0 1 4 4 2 1 5 0 5 0 3 4 3 1 2 3 1 0 1 4 1 0 1 0 2 3 4 1 3 3 2 2 3 0 4 3 3 1 2 2 0 2 2 4 1 0 4 3 2 1 3 1 3 0 0 2 5 1 2 2 2 1 1 1 3 2 3 0 5 2 0 3 1 2 2 2 9 1 2 1 1 0 2 2 2 4 1 0 3 4 1 2 2 5 2 4 3 3 1 1 3 0 2 1 3 3 3 2 6 2 2 1 0 2 1 0 4 3 0 1 3 1 1 1 5 0 1 1 2 1 3 3 3 1 2 1 3 1 2 2 3 3 3 3 0 1 3 5 2 3 3 1 0 1 2 3 1 4 3 1 2 4 1 0 1 2 3 4 0 1 4 2 1 2 1 0 2 3 2 2 2 2 0 3 2 4 1 0 2 1 1 2 4 2 3 0 0 1 2 1 1 1 1 2 3 1 2 1 0 1 3 3 4 3 1 1 1 6 3 1 0 0 3 2 0 1 5 1 3 1 0 0 1 3 1 2 0 2 3 3 1 2 1 2 1 1 4 4 0 0 1 4 1 1 0 0 0 4 7 3 1 2 0 2 2 2 4 4 1 2 1 3 4 0 1 2 3 1 3 1 2 1 1 2 2 3 1 4 2 3 2 1 2 0 6 3 2 0 1 1 2 5 3 2 2 2 3 1 1 1 1 3 3 1 1 3 3 2 4 3 3 4 0 2 2 1 1 2 2 4 2 1 1 2 4 1 3 1 2 2 7 0 1 2 2 3 1 1 2 4 1 2 0 6 2 1 4 1 4 3 3 1 6 3 3 1 2 1 0 1 2 5 3 0 3 2 5 0 2 1 4 0 3 0 4 2 2 0 2 3 0 0 2 2 2 4 1 2 2 2 2 1 1 1 0 4 1 5 3 3 2 0 1 3 4 1 2 1 0 4 3 3 2 3 0 1 3 2 2 1 1 2 3 3 5 0 2 3 2 3 0 3 0 0 3 4 2 5 1 1 1 3 2 1 3 1 2 1 3 3 2 1 1 1 2 1 1 2 3 0 3 1 3 1 4 0 1 2 1 2 2 0 1 6 2 0 2 3 2 1 3 1 4 3 1 2 4 2 2 2 3 4 3 4 1 2 1 1 1 0 2 1 1 1 1 4 4 5 4 1 2 1 1 5 5 2 2 1 1 0 2 3 1 1 0 2 4 0 2 3 5 0 0 1 1 4 1 1 2 5 1 1 1 2 2 1 4 2 0 2 4 4 0 0 0 0 2 2 2 5 3 0 3 3 1 0 1 2 3 2 1 1 2 2 3 3 5 3 0 1 4 2 2 0 1 2 3 2 5 2 0 4 4 2 2 0 2 4 1 3 2 5 2 1 4 1 2 1 2 3 4 3 1 1 2 0 1 2 1 7 2 0 2 1 1 1 3 3 1 3 1 3 1 2 1 1 3 2 0 1 1 1 2 0 1 3 3 0 0 1 2 2 5 1 0 4 3 3 0 1 1 3 1 4 5 0 1 0 0 3 2 4 1 3 2 4 4 2 3 0 3 0 0 5 2 0 4 0 1 0 1 2 5 2 4 3 3 0 0 2 3 0 1 3 1 0 1 4 3 1 0 2 1 2 1 2 2 1 2 3 2 2 2 1 2 2 2 1 2 4 0 4 1 4 5 3 2 2 2 1 2 0 3 1 0 3 5 1 3 2 4 4 1 1 0 1 1 2 2 2 1 1 3 1 2 2 0 3 3 1 2 1 4 2 5 2 1 2 2 0 1 2 0 2 1 2 2 2 3 4 0 2 1 1 1 2 4 3 1 2 2 3 1 0 2 1 1 2 4 3 3 0 0 2 2 2 3 1 6 2 1 0 1 0 1 1 1 3 2 0 2 0 0 3 2 1 6 2 2 3 1 2 0 0 3 3 3 2 2 1 1 1 2 2 3 6 5 1 1 2 1 2 0 2 2 3 0 3 1 3 1 2 3 2 3 2 2 2 4 1 1 2 1 3 3 0 1 3 1 1 0 4 2 5 3 3 2 2 4 2 3 4 1 2 3 2 1 3 1 2 1 0 3 1 1 2 1 0 3 3 1 0 5 1 2 3 2 1 0 1 1 2 0 3 4 2 0 3 1 2 3 2 1 0 3 4 1 0 0 2 0 0 2 1 2 2 3 3 4 1 2 1 1 2 2 1 4 1 2 4 1 2 2 2 3 0 1 1 1 1 2 2 3 4 3 2 1 1 1 1 3 4 3 3 3 3 6 3 3 1 0 0 0 1 1 3 1 2 3 1 3 2 1 2 1 0 2 2 3 4 1 2 2 0 0 3 4 5 3 0 1 2 5 3 2 2 4 2 1 1 2 1 4 2 1 4 0 2 3 0 3 0 0 2 3 2 4 4 3 2 1 1 2 0 1 3 1 2 0 1 3 1 1 1 3 3 0 1 2 3 0 0 3 5 1 4 3 1 3 2 2 2 0 1 0 3 3 2 4 2 4 3 0 1 1 0 4 2 3 1 3 2 1 2 1 0 2 1 0 2 3 2 3 1 4 2 2 5 1 2 0 2 3 1 1 1 5 1 2 1 1 1 3 0 2 3 1 2 1 3 0 1 2 2 3 6 3 0 3 2 3 0 2 2 0 0 3 3 6 2 2 1 3 1 2 2 3 1 2 3 2 3 0 0 3 3 6 2 3 0 1 5 1 4 2 1 2 1 2 4 2 3 5 3 0 4 0 5 2 5 4 1 1 2 1 0 2 2 3 2 3 1 2 1 2 2 0 1 0 0 1 2 8 3 3 1 7 0 3 2 1 2 3 1 1 3 3 2 2 1 2 1 0 0 2 3 5 2 1 3 2 1 1 3 2 1 3 2 3 2 0 3 1 6 3 2 1 0 1 1 2 3 3 1 1 4 2 2 2 3 2 1 3 0 3 3 2 2 2 3 1 2 4 2 0 1 1 1 3 2 2 4 3 3 2 3 2 2 1 2 1 3 1 1 3 2 3 0 5 1 1 0 3 2 1 4 0 2 2 1 3 1 3 4 2 1 3 0 2 3 1 4 0 2 1 2 1 3 0 2 1 2 2 4 2 1 1 0 7 3 2 0 1 0 0 3 2 2 3 1 0 3 2 2 0 1 0 1 2 1 6 3 1 0 0 4 2 3 0 1 4 2 4 3 4 0 2 1 0 2 1 1 3 3 3 2 4 0 2 1 2 1 1 1 2 2 2 2 3 2 3 3 1 1 1 4 1 1 2 1 3 1 2 2 4 4 1 3 1 1 0 0 1 3 2 2 3 3 2 0 2 1 2 5 2 1 2 2 1 1 2 0 2 3 2 3 1 1 0 1 0 1 4 5 2 1 4 3 1 1 0 3 2 1 2 2 0 1 1 2 2 4 1 4 0 1 1 2 0 2 4 4 2 1 1 2 0 2 2 1 1 2 1 3 2 2 1 3 5 3 1 2 1 1 1 2 4 2 2 3 1 1 0 5 3 1 2 1 4 2 2 0 1 1 1 2 3 4 1 0 3 2 2 1 2 2 2 0 2 1 0 4 2 2 1 0 5 1 1 4 2 1 2 4 0 0 1 1 0 0 4 2 0 0 3 1 4 2 3 1 2 1 3 1 0 3 2 2 0 2 3 3 5 0 1 2 3 3 1 2 5 4 4 4 1 1 1 2 1 3 1 4 1 3 3 2 3 3 1 0 0 3 3 2 3 2 1 2 2 2 4 1 2 1 4 2 2 4 0 3 3 1 0 0 3 3 0 1 1 0 2 1 2 1 1 3 3 0 2 1 3 3 2 4 0 1 2 1 3 2 6 2 1 4 1 3 2 1 3 0 2 2 2 1 2 2 1 0 2 1 0 2 2 3 1 5 5 0 1 2 2 0 1 3 0 2 3 2 2 2 3 2 2 4 1 2 4 2 1 2 2 2 5 3 5 3 2 2 2 0 0 1 3 3 0 2 0 2 2 4 2 2 3 3 0 1 4 2 3 2 1 0 1 4 3 0 1 3 3 2 0 2 1 3 3 1 4 2 2 6 2 1 1 1 2 3 0 3 0 2 4 1 4 1 1 1 1 0 2 3 1 2 3 3 1 1 1 2 4 1 3 2 1 7 3 0 2 2 2 2 1 3 6 2 1 2 4 3 4 0 3 1 3 0 2 3 1 2 4 1 0 2 1 2 4 1 1 2 1 4 1 2 4 2 3 0 0 4 1 3 2 5 2 5 2 1 0 2 5 4 1 3 3 0 3 3 5 1 2 3 1 1 3 2 0 4 2 2 2 1 1 4 1 0 3 2 3 3 4 1 4 6 1 3 3 1 2 1 1 1 0 2 1 3 4 1 3 2 3 2 1 2 2 3 2 3 1 2 2 2 3 1 1 2 2 4 1 0 4 4 3 1 4 4 0 3 2 3 4 1 2 1 1 1 3 2 2 2 3 2 4 1 3 1 2 1 1 5 2 1 0 2 0 3 0 1 2 1 1 2 0 2 0 1 2 3 0 5 3 1 0 2 0 2 4 2 2 2 2 1 1 1 0 3 3 1 2 4 1 1 2 3 2 4 1 0 4 1 1 0 3 1 2 4 2 2 2 3 2 1 1 1 2 6 3 3 1 3 5 1 2 1 1 1 2 1 1 2 2 2 0 1 2 5 5 2 3 2 3 4 3 1 2 1 1 1 1 4 6 1 2 2 1 4 3 0 3 1 3 3 1 1 3 6 2 4 4 1 1 2 0 2 3 2 4 2 0 0 2 2 4 0 2 2 2 4 5 0 1 4 3 1 2 3 0 0 1 1 2 5 4 1 1 1 1 3 0 1 4 0 4 0 0 3 0 1 3 3 2 0 2 4 2 2 3 0 1 2 2 1 1 2 2 1 3 4 2 1 2 3 2 3 1 2 4 0 1 4 0 2 5 4 0 1 1 1 2 0 3 3 4 2 0 1 0 2 2 4 4 3 1 0 3 2 1 2 1 3 1 3 2 1 5 2 2 1 2 3 0 0 2 1 2 2 0 2 4 0 4 3 0 2 2 1 1 1 2 2 1 3 2 6 1 5 1 2 1 0 1 3 1 1 4 1 5 1 1 3 3 4 4 0 2 2 2 0 2 2 1 3 4 2 1 1 0 1 2 2 1 1 3 3 3 2 3 0 2 0 2 3 3 1 4 1 0 1 3 2 1 1 1 4 1 3 2 4 3 0 6 1 4 3 2 1 1 1 2 0 2 1 4 2 2 1 1 2 1 2 1 2 3 3 2 1 3 3 2 2 2 1 1 1 2 5 5 4 1 1 4 1 3 2 2 4 0 5 2 2 3 0 1 2 2 1 3 2 3 1 4 1 1 0 2 3 0 3 4 1 5 1 3 3 1 3 2 1 3 1 1 1 3 0 3 3 2 5 2 1 0 1 1 2 5 1 4 3 2 1 1 2 2 2 1 2 1 2 2 4 3 3 1 1 1 1 3 3 1 1 2 2 2 2 1 0 3 5 2 1 3 1 0 5 3 1 1 3 3 1 1 1 1 2 5 0 4 3 4 3 1 2 1 2 3 5 2 1 2 0 2 1 0 2 1 0 1 2 3 4 1 4 1 1 2 2 2 1 0 2 3 1 4 5 5 1 2 3 3 0 1 0 1 2 2 2 0 3 2 1 5 3 0 1 0 3 2 2 2 3 2 1 1 1 2 3 1 1 2 4 1 2 1 1 1 2 3 3 3 0 2 0 4 0 1 3 1 0 2 2 2 0 2 3 1 5 2 1 2 2 2 0 3 3 0 1 0 1 0 7 4 1 0 1 1 2 1 3 1 1 0 2 2 2 2 3 4 0 1 4 2 1 2 2 4 3 2 3 3 4 2 0 0 2 1 3 2 4 2 2 4 0 2 3 1 2 3 0 4 3 3 2 0 3 2 2 3 2 2 0 5 1 0 2 1 3 0 2 1 0 5 4 1 5 2 1 2 0 1 2 0 3 0 4 2 0 1 0 1 4 2 2 1 2 0 3 1 2 3 2 1 2 4 2 0 1 2 0 2 0 4 0 1 2 1 4 1 1 2 2 3 2 2 5 3 0 1 1 1 1 3 3 2 2 1 1 4 1 2 0 2 0 0 0 3 3 4 2 3 4 1 2 0 2 4 1 1 2 1 1 3 1 0 2 1 2 1 1 2 2 2 2 1 1 1 1 2 5 0 2 2 5 0 0 1 2 2 1 2 1 3 0 2 1 4 1 2 4 1 0 1 4 2 1 4 1 0 1 4 0 3 3 3 0 1 3 1 2 1 4 1 0 1 1 3 0 2 4 1 0 4 3 2 2 1 3 3 2 3 3 2 0 2 0 1 2 1 4 2 4 2 2 3 0 0 3 4 2 1 2 3 4 2 0 1 2 3 1 2 2 0 2 0 4 3 3 2 4 1 2 4 2 0 2 1 3 2 2 3 1 2 0 1 1 1 8 0 2 3 2 2 0 3 3 3 4 1 5 1 1 0 1 4 2 1 2 1 1 1 2 4 2 2 0 1 4 2 1 1 4 1 1 1 2 2 2 3 2 3 2 0 0 2 3 1 0 3 2 3 1 0 1 1 4 5 1 2 1 4 2 1 1 1 1 1 4 2 1 2 4 1 3 1 2 4 3 2 1 1 2 2 4 1 3 2 2 0 1 0 3 1 1 3 1 1 1 0 2 1 5 0 2 3 4 2 3 3 2 2 4 1 1 1 1 1 1 2 3 3 4 2 2 1 7 4 1 2 0 2 2 3 1 2 3 1 2 1 4 1 3 3 5 0 2 2 2 1 1 2 2 1 2 2 2 0 2 2 0 4 3 2 1 3 3 1 3 1 1 1 1 2 1 4 1 3 1 2 2 1 0 0 4 0 1 2 2 3 3 1 2 0 1 0 3 0 5 1 1 2 1 2 1 2 2 2 4 4 2 3 4 6 2 4 0 2 1 2 0 2 0 2 4 1 2 4 1 5 3 2 0 1 2 0 3 0 3 3 7 1 0 0 0 4 1 4 2 1 1 4 1 3 2 2 2 1 1 3 3 2 2 1 1 2 2 2 1 1 3 1 1 5 4 2 2 2 0 4 1 2 1 1 2 2 0 3 6 0 0 4 2 2 2 3 2 4 1 1 3 2 2 2 1 2 3 2 3 2 3 0 1 0 2 2 3 4 1 6 1 2 1 2 2 1 2 2 4 2 1 2 0 1 3 2 3 1 3 0 0 2 0 5 4 2 3 4 1 5 1 5 1 2 0 1 2 1 1 4 1 3 1 3 0 1 3 4 5 2 2 3 0 1 2 0 1 1 1 1 0 0 3 4 2 2 3 1 3 1 2 5 2 4 2 1 0 3 1 1 0 3 1 3 3 5 3 3 2 2 0 0 5 3 2 3 2 4 1 1 0 4 1 1 3 1 3 1 2 1 3 4 2 3 2 3 1 0 1 2 0 1 1 4 4 2 0 4 2 0 0 2 5 2 0 0 2 2 2 0 0 6 1 2 2 3 3 3 0 3 3 1 2 2 0 1 2 3 1 3 3 2 3 0 0 1 2 2 1 1 2 1 6 3 2 2 1 2 1 0 2 1 2 1 4 1 1 6 2 3 2 0 0 3 1 1 1 0 1 6 4 0 3 3 0 3 3 1 2 0 2 2 4 0 2 0 3 1 2 2 3 2 2 4 2 3 1 0 1 1 1 0 2 1 0 1 3 3 0 2 1 2 4 2 1 1 1 2 2 1 1 1 1 2 1 5 3 3 1 0 0 5 2 2 5 2 2 2 3 2 0 2 1 4 3 0 0 1 2 3 2 2 2 0 3 2 2 1 5 3 1 4 2 0 3 1 0 5 2 2 1 1 2 2 3 2 2 4 3 1 1 3 4 2 2 2 1 1 2 2 1 3 1 1 1 0 4 3 3 1 4 1 1 1 3 1 1 1 2 4 3 1 3 1 2 0 1 3 3 1 1 1 1 0 3 3 1 3 5 2 2 5 0 6 1 1 4 1 2 0 2 1 0 0 4 0 1 1 2 2 3 3 2 5 1 3 2 2 1 8 2 3 0 0 1 0 3 3 3 2 2 0 0 2 1 2 1 2 3 1 2 2 2 1 0 1 4 0 4 2 1 3 1 1 1 0 1 2 1 2 2 0 5 1 3 1 1 2 5 1 2 1 3 0 0 2 3 1 1 2 2 3 1 3 1 1 2 1 0 5 3 2 1 2 2 5 0 2 2 2 0 0 0 1 2 4 1 2 7 2 2 1 2 0 1 2 1 2 3 1 4 0 4 2 0 2 3 1 3 2 1 0 1 1 0 0 5 3 3 2 2 0 0 1 6 1 1 1 4 3 2 2 1 1 2 5 2 3 1 1 2 1 3 1 2 1 4 5 1 2 1 2 1 0 3 2 1 2 1 2 0 2 4 1 1 4 1 1 3 1 1 1 1 2 1 0 3 1 1 3 0 4 3 3 1 2 0 4 1 1 1 4 1 1 3 3 3 2 1 1 0 1 1 2 1 1 1 3 3 4 3 0 1 0 4 2 2 2 3 1 5 1 3 4 3 1 3 1 2 4 1 4 2 2 3 1 0 4 2 1 2 3 0 2 0 3 2 1 0 5 2 2 1 4 0 3 3 2 4 2 3 0 5 1 4 0 3 2 2 2 1 2 1 0 1 2 2 3 2 0 2 1 2 2 2 5 2 1 3 1 2 1 4 0 4 0 2 1 3 2 6 1 6 3 1 0 3 3 0 2 1 3 4 0 6 0 2 4 3 3 3 1 1 3 3 2 1 5 1 2 4 3 1 1 1 0 2 3 3 2 3 1 2 1 4 3 2 1 2 2 1 0 2 2 1 3 2 1 2 5 0 1 1 2 3 3 0 3 1 5 3 3 2 3 2 3 4 0 0 3 1 2 0 1 3 3 1 3 2 3 2 1 1 2 4 2 1 2 2 2 0 2 1 1 3 1 2 5 3 5 2 2 2 0 2 5 2 5 0 4 0 6 1 2 2 5 3 2 2 1 2 1 5 6 0 0 1 1 2 1 2 1 4 3 2 2 3 2 0 1 1 1 1 1 3 3 3 2 1 3 1 0 0 2 1 2 2 6 2 3 1 5 3 1 4 1 1 3 1 0 3 1 1 1 0 4 0 3 0 4 6 0 4 2 2 4 1 1 2 1 2 0 3 2 3 2 4 2 1 1 1 1 3 1 3 2 3 1 5 2 4 4 1 1 1 0 2 2 2 1 3 3 1 5 3 2 1 4 3 2 2 3 1 3 2 2 1 1 2 1 2 1 4 2 3 1 1 3 1 2 3 4 1 0 2 1 2 1 2 2 1 4 1 1 5 3 1 1 2 5 1 3 2 4 2 2 1 2 1 0 2 2 2 4 1 0 2 0 2 1 4 2 2 3 1 1 2 1 2 4 5 1 1 0 2 1 4 2 5 3 1 3 1 0 1 2 1 4 0 3 2 2 4 1 0 4 2 0 0 3 2 5 1 1 3 3 4 4 2 0 3 2 2 3 1 3 3 4 2 1 2 2 0 4 3 1 2 0 1 0 4 2 2 2 1 1 1 1 5 2 1 2 1 1 6 2 2 0 5 1 3 6 2 2 4 2 0 0 1 4 2 2 6 1 0 2 3 2 3 0 2 1 0 6 1 1 2 4 1 2 2 2 0 2 1 1 3 1 2 1 2 2 2 1 2 2 1 2 1 2 0 1 2 1 3 1 3 1 1 1 3 2 4 1 2 2 2 3 1 3 0 3 2 2 3 2 4 3 5 1 0 4 2 1 1 4 2 0 2 1 6 2 1 5 0 2 4 0 1 4 2 0 0 0 3 1 2 4 2 2 2 4 3 3 2 3 0 2 1 2 2 2 3 2 3 2 3 2 0 2 0 2 2 2 3 1 1 2 1 0 1 3 2 1 1 2 5 2 0 1 2 3 1 3 0 1 2 6 1 0 3 3 2 2 1 1 4 4 2 0 1 3 5 3 4 1 4 2 3 1 1 1 3 1 1 2 5 2 2 1 0 2 1 2 3 3 1 2 2 0 5 1 1 4 7 2 2 0 0 2 3 2 4 2 1 0 2 1 3 2 2 1 1 1 5 3 1 2 4 1 5 3 1 4 1 0 2 1 2 2 1 1 4 4 3 4 3 2 4 2 2 2 1 4 2 3 3 2 1 2 1 1 0 1 0 5 1 4 3 1 3 1 3 1 1 0 4 2 2 1 0 1 1 3 1 2 2 3 2 5 2 5 0 2 1 2 3 2 1 2 3 3 1 6 1 2 1 3 2 3 2 4 1 2 0 1 2 2 4 2 5 0 0 0 1 1 2 1 3 5 3 0 0 2 3 2 1 5 2 3 4 3 5 0 2 3 1 2 3 3 1 3 2 3 2 2 1 2 5 2 4 2 2 3 3 2 4 1 1 2 0 2 1 3 1 3 1 2 2 3 3 2 1 3 5 1 1 1 3 0 3 3 5 0 2 1 2 2 0 1 2 1 2 4 0 1 3 1 2 0 2 3 3 2 3 1 1 0 3 0 0 3 2 2 4 1 2 2 3 3 1 1 2 2 6 1 4 0 3 1 4 1 3 3 2 2 1 4 4 2 1 0 3 0 1 2 2 3 1 0 2 2 1 2 5 1 1 2 0 3 1 4 4 0 0 0 1 2 2 1 1 3 2 6 1 1 3 2 0 4 2 3 1 1 2 1 2 3 1 0 0 2 4 2 1 3 1 1 4 1 0 6 2 3 2 3 2 2 1 2 3 3 2 0 4 0 4 3 1 3 0 5 0 1 2 1 0 1 6 1 0 0 2 0 3 3 2 1 3 3 5 1 1 2 0 0 2 4 1 4 2 1 3 0 3 1 3 0 2 0 1 0 6 1 6 2 1 0 1 1 1 2 1 3 2 3 1 4 2 3 2 3 2 0 1 2 3 1 1 1 3 3 1 1 1 3 0 0 1 3 1 0 3 1 0 3 1 6 2 2 3 4 0 4 4 0 0 1 3 0 3 0 3 6 0 4 1 1 1 3 4 3 1 4 2 2 2 1 1 3 1 0 2 3 2 3 3 0 4 0 1 0 3 3 3 2 4 2 2 2 3 2 3 2 2 1 7 3 4 1 1 2 0 0 2 2 1 1 1 4 1 1 3 2 1 0 6 2 2 1 2 1 2 5 2 2 3 1 4 1 2 6 4 2 0 1 4 1 0 2 4 1 3 3 2 3 1 2 3 2 1 4 1 2 0 1 0 1 2 1 4 2 2 1 1 3 3 1 2 2 5 1 2 3 2 2 2 4 1 1 1 1 1 2 1 3 4 4 0 2 6 1 2 3 2 1 1 3 1 4 3 3 1 2 1 0 2 1 4 2 0 2 2 2 1 3 3 1 2 4 0 1 4 1 2 1 2 0 2 3 1 1 1 2 1 1 1 1 2 3 2 2 2 1 1 1 2 1 1 1 0 3 0 1 1 2 2 2 0 3 2 1 0 2 5 3 2 0 2 2 1 3 1 2 1 1 2 1 1 5 1 2 4 3 2 4 2 0 3 1 2 1 3 1 0 2 1 2 5 2 7 1 2 1 0 3 1 3 1 0 1 1 4 3 0 4 1 3 0 3 3 2 2 1 1 3 2 2 5 0 3 1 1 2 3 1 3 0 5 0 2 2 3 2 0 0 2 0 3 2 2 4 3 1 2 2 0 3 2 1 2 1 1 0 2 3 3 1 1 1 2 3 2 2 1 1 0 3 2 0 2 2 3 3 5 6 1 0 0 4 4 5 2 2 2 1 1 0 2 0 5 0 2 3 5 0 1 3 2 1 2 1 2 3 3 0 0 2 2 3 0 4 1 1 0 4 1 2 3 3 4 2 2 5 1 1 1 1 0 0 4 0 3 2 2 2 5 3 4 4 1 1 2 1 0 2 2 0 6 0 0 1 1 0 3 2 0 2 2 1 2 0 1 3 3 4 3 3 2 3 1 2 1 2 4 1 0 1 0 1 4 1 3 2 3 1 4 0 1 0 1 1 2 3 2 1 1 3 4 1 0 4 2 0 0 4 0 1 5 3 1 1 3 3 2 5 2 2 2 0 3 2 5 2 2 1 2 0 2 1 1 2 0 2 1 2 1 2 3 2 2 1 2 2 4 5 0 1 3 0 0 0 2 2 3 4 1 2 1 2 3 1 2 3 3 1 1 4 0 2 3 0 3 2 4 0 2 0 4 3 1 1 2 4 4 1 0 3 1 1 1 0 3 3 1 2 1 0 1 1 1 1 4 2 1 6 0 3 2 1 2 1 3 2 1 3 0 2 3 3 0 2 0 4 4 2 2 4 0 2 0 4 0 0 2 2 3 3 2 1 2 0 1 1 2 2 1 2 6 1 7 2 1 0 1 2 2 1 2 2 0 1 2 5 2 3 2 1 2 2 0 1 2 4 1 1 2 2 1 1 1 1 1 4 2 1 0 1 3 1 2 1 0 2 5 3 0 1 2 1 2 1 3 0 6 2 2 1 1 1 1 0 2 2 2 2 3 1 4 2 3 0 3 4 2 0 0 1 1 1 3 2 3 1 4 1 2 1 4 2 0 2 4 0 1 0 0 2 2 4 7 3 1 1 1 1 1 2 5 1 1 3 0 0 5 0 0 4 0 3 2 0 3 3 3 2 2 2 5 1 1 1 0 4 2 4 1 1 2 0 1 2 3 0 2 1 5 1 3 1 2 0 4 1 2 0 4 1 3 3 3 2 1 1 1 0 1 6 1 3 5 2 3 0 2 4 1 3 1 2 3 2 2 1 3 2 2 4 3 2 3 1 1 3 3 0 0 0 1 3 1 2 2 1 1 4 2 5 2 4 1 2 1 1 1 0 4 1 3 6 2 0 3 0 2 0 2 3 3 4 0 3 1 2 1 5 1 0 2 2 3 3 1 2 2 3 3 0 4 2 2 1 0 2 2 3 1 1 4 0 2 2 4 3 2 2 1 0 1 1 1 0 1 5 7 2 3 0 1 5 2 3 4 0 1 3 0 1 4 2 3 2 2 4 0 1 1 1 2 1 3 0 0 3 2 2 1 1 2 2 1 1 4 3 2 3 5 1 0 1 3 3 3 3 1 1 1 1 0 2 1 3 0 1 1 3 1 2 0 3 4 2 0 2 3 3 3 2 0 2 1 1 2 1 1 1 3 3 2 0 3 1 2 2 2 3 0 1 1 2 6 2 2 0 0 3 5 0 1 1 0 2 4 1 1 0 3 2 3 1 5 1 4 1 1 1 3 4 4 3 1 2 0 1 3 2 0 2 5 0 0 2 1 2 1 3 2 0 1 3 0 4 0 3 2 3 2 1 2 3 2 2 4 1 4 3 1 5 1 0 3 2 1 1 4 1 3 1 4 1 0 3 2 0 2 3 4 4 3 0 0 0 5 2 0 1 4 3 3 1 1 1 2 2 3 3 1 3 1 1 2 4 2 2 1 5 1 1 3 1 3 1 1 2 1 1 2 2 2 1 2 1 3 2 2 1 4 3 2 1 3 3 2 3 2 2 1 0 2 1 2 1 2 1 1 3 2 4 4 0 3 4 1 2 2 2 1 3 2 5 2 2 3 0 5 1 3 0 0 4 0 1 0 2 3 4 2 2 1 2 2 1 0 3 3 2 0 3 3 0 1 3 2 4 1 3 1 3 1 7 3 0 1 3 0 2 0 3 2 1 1 1 1 4 1 2 2 3 3 3 2 3 3 2 2 1 1 5 3 2 4 0 2 2 0 3 1 0 1 1 1 3 1 1 0 1 1 1 2 4 2 0 3 3 3 1 0 3 1 2 1 1 2 3 1 2 3 2 2 1 4 1 4 0 4 3 0 3 3 2 3 3 1 0 1 0 4 4 2 2 2 2 1 2 2 1 2 0 1 3 5 2 4 1 2 3 0 2 4 5 2 3 2 3 0 0 0 2 2 3 3 2 0 3 4 0 4 1 3 0 3 1 4 1 3 1 1 6 2 0 1 2 3 3 2 1 2 3 3 3 1 2 1 2 4 4 4 1 0 2 3 5 0 2 2 4 3 1 0 1 6 0 1 2 3 1 3 1 1 5 1 0 2 1 1 2 2 2 3 5 0 3 4 1 0 3 2 1 3 1 1 1 1 4 0 2 1 1 3 4 1 3 1 3 1 1 0 2 1 2 1 2 5 3 1 1 6 3 3 3 2 2 0 2 2 1 2 2 0 0 1 3 2 1 2 4 1 4 2 2 2 2 3 5 2 5 1 3 2 1 2 4 1 3 1 0 1 1 1 3 2 1 1 3 2 2 3 2 0 3 0 6 3 1 3 1 3 1 0 1 3 1 1 1 1 1 1 0 7 2 0 1 5 4 2 1 1 1 2 3 3 2 3 3 0 2 2 1 1 0 4 2 2 0 3 3 3 1 2 0 3 1 0 2 2 0 2 4 1 1 5 4 1 2 1 0 1 4 2 1 0 1 3 1 2 4 3 3 3 3 0 2 2 2 1 2 1 1 3 3 2 4 0 2 2 2 5 2 1 0 4 2 2 2 3 1 1 2 1 0 0 4 1 0 3 0 0 3 3 2 2 1 2 3 0 1 2 3 4 1 4 2 3 1 1 2 3 5 1 1 2 1 5 1 4 3 2 1 0 0 3 1 1 1 0 0 2 5 5 3 3 3 0 3 0 2 2 2 1 2 0 7 1 2 1 6 2 1 3 0 1 2 2 3 1 1 0 2 3 1 2 2 2 0 3 2 2 1 3 0 2 1 4 2 2 1 5 2 3 4 1 0 0 1 1 3 1 4 4 2 1 4 1 4 2 2 1 1 2 2 2 0 1 0 1 1 7 3 2 2 0 2 3 3 1 2 2 0 2 2 2 4 2 5 0 1 4 5 3 1 3 0 0 0 1 2 4 2 0 2 2 5 3 2 2 0 1 3 3 2 1 1 4 0 1 0 5 4 2 4 0 1 5 0 1 0 0 3 5 2 3 5 1 2 1 1 5 1 3 3 2 2 2 0 2 2 3 2 3 0 4 4 1 0 4 0 1 3 1 3 0 2 2 2 3 0 5 1 4 1 2 0 2 2 1 1 2 1 3 1 5 1 2 0 3 3 1 2 0 2 3 2 3 4 2 1 2 3 2 2 5 3 0 2 3 0 6 1 1 2 1 1 1 0 3 0 1 3 0 2 3 1 3 0 3 4 3 0 3 4 2 1 0 4 1 5 2 5 3 1 1 1 1 1 2 0 2 6 5 2 2 3 1 3 2 0 0 4 1 1 3 3 3 0 4 1 1 2 2 3 1 2 1 3 2 2 1 1 1 0 3 2 4 3 3 1 1 1 0 2 5 0 3 2 2 2 0 2 6 1 4 3 2 0 2 0 1 1 5 1 0 4 3 1 2 2 3 1 1 1 2 0 5 6 2 2 3 2 2 2 1 3 0 1 2 3 3 0 4 3 1 1 2 2 4 2 0 0 2 0 1 2 3 3 4 2 1 1 1 1 2 4 0 3 2 5 4 1 1 1 1 4 2 0 0 4 1 1 4 5 1 4 2 0 0 1 0 2 2 4 1 3 2 1 1 2 4 4 1 0 2 2 0 1 3 2 4 3 1 1 2 3 2 2 4 3 2 2 2 0 2 2 2 0 3 2 1 1 1 5 3 2 2 5 2 2 2 2 4 1 2 1 1 1 1 0 3 0 2 3 1 0 1 2 2 0 4 3 2 2 1 1 1 2 3 0 1 3 1 3 3 1 5 0 1 2 1 5 2 0 0 2 2 3 4 3 1 2 3 2 1 2 2 1 1 5 3 0 1 2 3 1 1 2 1 0 0 4 0 1 2 5 0 1 6 4 0 5 1 1 0 3 2 2 1 1 2 4 1 1 0 1 0 2 0 2 3 1 3 2 3 3 3 2 2 0 1 2 1 1 0 0 2 1 3 0 2 1 4 0 0 0 1 1 2 2 6 4 1 0 2 5 1 0 2 2 1 1 3 2 1 3 1 3 2 1 3 2 3 0 1 1 2 2 3 0 2 1 2 2 2 3 3 3 0 2 1 2 2 1 1 1 0 2 1 2 2 1 6 4 2 0 1 3 1 2 1 6 2 0 1 4 1 1 1 4 3 3 2 1 3 2 1 3 1 3 2 5 2 2 2 2 4 3 0 0 0 1 0 2 3 2 4 5 1 2 2 3 2 0 0 1 4 3 3 2 2 3 3 0 3 2 4 3 2 1 6 2 0 1 1 2 1 1 2 0 3 4 1 6 2 3 2 3 2 0 2 1 1 3 0 3 1 3 5 2 4 1 3 3 1 2 2 5 0 4 4 1 2 2 2 1 2 4 1 1 4 0 2 2 0 3 4 2 1 1 3 1 3 3 5 0 1 1 2 2 2 1 1 2 2 0 2 5 2 1 1 1 1 2 3 4 3 1 1 1 4 0 3 3 3 1 1 3 1 4 3 1 1 4 1 3 2 0 2 5 2 1 2 1 3 2 4 0 3 3 3 2 2 0 1 0 0 3 1 3 1 3 4 1 2 1 1 2 0 2 1 4 1 3 5 1 0 2 0 1 1 3 2 2 1 5 3 2 1 2 3 1 1 1 1 1 2 0 2 0 3 3 2 3 2 2 2 0 3 3 1 2 1 4 1 1 1 2 2 3 1 1 1 3 1 5 1 1 1 1 1 2 0 2 0 1 2 1 4 2 1 2 2 2 0 3 4 0 3 0 0 2 3 2 0 2 2 3 3 1 0 2 4 0 2 2 1 2 4 1 2 1 1 2 1 4 7 1 3 1 3 4 1 2 4 3 0 0 3 3 1 3 1 1 2 2 4 2 2 3 2 3 2 3 0 3 4 2 2 2 4 4 0 2 1 4 2 4 2 0 1 3 1 0 3 2 2 5 0 3 1 4 1 3 3 1 1 1 3 2 5 0 5 3 3 3 0 2 2 3 4 2 1 2 2 1 2 1 2 2 3 1 2 2 4 2 1 3 2 1 3 1 6 0 4 0 1 1 3 1 1 3 1 0 0 2 1 1 1 2 3 4 2 2 2 5 2 3 2 4 1 2 1 2 2 4 1 1 2 0 2 4 2 0 1 1 1 3 0 9 1 1 4 1 3 2 1 3 2 3 2 3 2 2 5 3 2 2 0 2 1 3 3 2 1 1 1 2 1 0 1 2 3 6 1 4 1 3 2 2 2 3 2 0 0 1 3 2 2 1 1 0 1 4 0 5 2 1 1 2 4 3 5 0 3 0 1 1 4 1 0 2 2 0 2 5 1 0 1 2 3 4 2 1 0 3 0 3 2 3 1 1 0 3 3 2 2 0 3 1 1 3 1 2 4 2 4 2 4 3 0 3 4 1 2 0 0 1 4 2 2 2 4 3 3 2 1 2 1 2 3 2 1 4 3 3 2 1 2 3 3 0 4 2 1 1 3 4 2 1 3 0 2 3 2 0 5 1 0 1 1 2 2 3 2 4 0 0 1 4 0 2 2 0 2 1 1 1 0 4 2 4 2 0 1 4 6 3 1 1 2 1 3 3 1 3 2 3 1 2 1 2 0 2 2 3 3 3 0 3 1 2 1 2 1 2 1 1 0 3 3 3 1 5 1 4 2 1 1 2 1 2 4 0 0 4 1 3 1 4 3 4 1 1 1 3 2 3 3 1 4 1 3 4 6 1 4 3 1 5 2 0 1 0 3 4 1 3 4 2 2 4 0 1 2 1 1 1 1 2 1 0 3 2 2 0 3 0 3 5 2 2 1 1 5 2 3 1 1 1 3 0 2 2 4 0 2 4 4 3 2 0 1 2 3 4 3 2 3 2 2 3 2 3 2 2 2 2 0 2 2 4 2 0 2 3 1 2 6 1 1 2 3 2 2 0 2 3 2 4 4 1 1 3 2 6 0 1 1 1 2 4 2 0 5 2 4 0 1 2 0 1 1 4 1 2 2 2 2 2 0 1 3 1 3 2 4 0 1 2 0 2 1 1 3 1 2 4 0 2 3 2 2 3 1 0 3 1 4 2 2 2 3 0 3 2 2 3 1 0 2 0 0 3 1 2 2 3 3 3 0 2 4 2 2 3 3 2 2 1 0 0 1 0 2 4 2 1 5 2 2 1 0 2 1 1 2 2 4 3 3 3 0 4 2 1 1 2 0 2 2 2 1 4 1 1 6 4 2 0 1 2 2 0 2 4 1 3 0 4 0 4 3 1 1 3 2 2 7 0 1 1 0 1 4 4 1 1 1 2 3 1 2 3 0 1 4 0 3 2 5 1 2 3 1 1 2 4 0 1 7 0 1 2 3 2 3 1 3 2 3 2 1 1 2 1 3 2 1 1 4 1 1 4 2 0 1 1 1 1 2 2 2 5 2 0 1 2 1 3 2 2 1 0 1 1 3 1 3 1 1 3 1 1 4 2 2 1 3 2 1 3 1 2 1 1 2 4 3 6 2 4 1 3 2 2 1 1 1 3 2 4 1 0 2 0 0 3 3 4 1 3 5 2 2 2 1 1 1 2 2 1 3 3 3 0 1 2 3 3 2 3 1 2 2 5 0 2 4 0 3 1 1 2 1 2 2 1 1 2 1 2 1 2 4 3 2 3 2 2 5 1 3 2 1 3 2 2 1 1 3 3 3 1 2 2 4 3 4 1 2 2 1 1 0 2 2 1 4 3 1 2 0 3 5 2 2 2 2 3 2 2 4 2 3 3 5 1 2 1 2 4 1 0 1 2 2 3 1 3 2 1 5 2 5 1 4 0 3 1 0 3 1 3 3 3 2 1 3 1 2 1 1 4 3 1 1 4 2 1 3 3 3 0 0 1 1 4 5 1 1 2 1 2 0 2 2 1 2 4 1 1 3 2 1 2 0 0 2 4 4 0 1 0 2 0 2 1 4 3 3 1 3 1 4 0 2 0 3 2 1 1 1 2 2 0 2 3 0 2 2 1 0 1 2 3 1 0 1 1 3 2 1 0 1 2 2 1 2 3 1 5 0 0 1 2 2 2 0 2 2 2 1 0 0 1 1 3 3 3 3 1 5 1 0 1 1 2 4 1 0 3 3 2 5 2 3 4 2 1 1 1 3 4 3 4 2 3 0 2 2 2 1 0 1 4 0 4 3 2 2 0 0 3 1 0 1 2 2 3 0 2 1 2 5 2 0 3 0 5 2 1 1 3 3 4 1 1 4 2 3 2 1 2 0 0 3 3 2 1 2 3 3 1 2 0 0 2 5 2 3 1 2 3 3 0 3 2 2 3 2 4 1 1 2 1 1 2 1 0 1 3 2 4 2 5 2 1 1 2 2 0 1 2 6 2 2 1 1 4 0 3 3 1 1 0 2 4 1 3 3 4 0 2 1 0 3 3 3 0 3 3 2 3 3 0 1 2 3 4 0 1 1 4 3 1 5 4 2 3 0 2 2 2 2 2 3 2 3 3 2 0 2 2 3 1 3 5 1 2 3 3 3 2 2 2 1 2 1 1 4 0 2 1 3 2 2 3 2 5 4 4 1 0 5 1 2 2 3 1 0 0 4 3 4 2 2 1 1 3 1 2 2 2 1 3 5 1 1 4 0 2 3 2 2 3 1 3 2 1 3 1 0 2 0 0 3 1 2 1 0 2 2 4 2 0 5 2 2 1 1 2 0 2 4 3 2 2 3 4 3 1 3 2 0 1 0 2 0 2 4 3 0 1 1 4 2 6 1 3 3 3 2 1 0 4 0 2 3 2 2 1 2 2 1 2 4 0 5 0 0 3 3 2 2 3 2 2 1 0 5 0 0 2 2 0 1 2 2 1 0 3 6 2 5 0 5 1 2 2 1 2 2 1 5 1 1 1 1 0 2 0 2 2 5 1 1 2 4 4 3 2 2 2 3 2 1 2 2 1 2 2 2 2 2 1 2 3 1 3 3 4 1 0 2 0 4 3 5 1 1 5 1 1 2 2 2 3 4 2 0 5 0 0 1 1 2 2 3 2 2 2 2 2 3 1 1 0 0 1 2 5 2 3 1 0 3 2 2 0 1 2 2 3 1 3 3 3 2 2 5 2 3 0 3 2 3 1 0 2 4 2 3 2 3 1 0 5 2 1 1 1 2 0 2 4 4 1 5 0 2 7 2 0 2 0 3 2 1 0 3 2 5 3 3 1 4 2 2 2 3 3 2 4 1 3 2 2 3 1 0 5 2 3 0 2 1 1 2 3 1 2 3 3 5 2 3 1 0 0 2 2 3 3 2 1 2 0 1 1 2 0 2 3 3 0 0 0 1 1 4 0 2 1 4 3 1 1 2 1 1 2 3 0 2 0 2 1 3 4 0 1 1 4 1 3 2 0 0 3 1 4 0 3 3 4 0 2 0 2 1 4 0 5 2 0 4 4 2 2 4 1 1 3 0 4 0 1 1 1 1 3 0 4 0 2 2 1 5 1 4 1 0 1 2 3 0 1 1 3 1 2 3 1 4 2 2 3 2 2 1 0 1 1 2 6 3 0 4 3 0 1 0 3 1 3 2 5 0 2 1 1 0 5 3 1 5 2 1 2 2 2 3 3 4 1 0 4 2 4 2 1 1 3 3 0 3 2 2 1 4 0 0 1 3 2 2 1 2 2 3 4 1 1 3 3 2 2 2 2 2 2 0 5 4 0 4 4 1 3 2 0 4 0 1 1 3 1 1 1 4 1 1 2 3 2 2 2 1 1 0 5 3 1 2 2 3 0 2 4 3 2 3 3 4 2 2 0 1 2 1 2 0 1 1 2 3 0 2 2 0 0 2 1 1 4 1 2 1 1 2 3 3 3 1 4 2 3 0 4 2 1 2 1 2 1 4 2 2 1 1 1 3 3 1 2 3 0 0 2 4 1 1 0 1 3 2 1 2 1 1 2 3 2 3 5 2 1 4 6 1 1 2 6 4 0 0 5 1 0 2 1 0 0 2 5 0 1 3 1 5 2 2 4 6 2 2 1 0 0 3 3 3 3 1 2 0 1 1 4 2 0 3 2 4 1 3 2 0 0 1 2 1 0 1 4 4 1 3 3 2 1 1 2 2 3 2 1 1 0 5 2 0 1 4 3 4 1 1 1 2 0 2 2 1 0 4 1 1 4 1 2 0 2 2 2 2 2 2 4 4 2 0 4 1 2 1 4 4 2 3 5 3 1 2 3 2 5 0 0 1 1 2 2 4 1 1 1 2 4 1 3 2 2 3 3 0 0 2 2 1 0 2 1 2 0 1 2 3 2 4 1 2 4 1 2 0 5 0 1 2 1 1 2 0 2 2 1 3 2 4 3 2 2 3 4 0 2 1 1 1 1 3 0 4 1 0 3 2 3 2 2 3 1 3 1 0 1 4 2 2 4 1 4 1 3 1 1 4 7 1 1 2 2 2 3 4 2 3 2 1 2 2 5 3 2 3 2 1 3 1 2 3 2 0 1 3 3 1 3 4 1 5 1 2 3 2 0 0 2 1 5 1 0 0 2 1 1 2 2 1 1 1 2 1 2 1 1 4 1 4 1 2 2 1 0 2 3 1 1 1 1 4 3 1 3 4 3 1 2 3 2 2 0 4 4 2 2 0 0 2 1 1 1 0 0 4 3 4 2 0 2 4 0 4 0 2 1 2 1 1 2 2 2 5 3 2 4 3 2 1 2 4 3 0 2 2 3 2 4 2 2 2 4 1 2 4 2 0 2 2 5 4 1 5 2 0 6 3 0 2 1 2 1 4 2 6 0 2 3 1 2 3 2 3 2 6 0 3 1 1 3 2 0 2 1 5 1 2 4 1 3 2 2 4 0 2 1 1 2 2 1 5 4 1 2 1 4 0 3 1 1 5 3 0 2 3 1 1 1 4 3 3 2 1 2 3 2 2 3 3 2 4 1 4 0 1 3 2 3 0 0 2 1 2 1 4 1 3 3 0 4 4 2 3 0 1 2 0 3 3 1 0 3 3 3 1 1 2 3 2 1 3 3 1 0 0 3 3 2 1 0 3 3 2 1 1 2 0 2 2 2 0 0 3 2 3 2 0 0 4 2 2 1 1 1 2 0 1 2 3 1 3 3 0 4 1 1 6 0 2 0 1 3 0 1 0 2 2 3 0 6 4 4 1 1 2 5 4 0 2 2 1 4 2 3 3 3 4 3 2 2 3 3 4 1 0 4 0 1 1 0 1 3 0 1 0 2 2 2 3 0 2 2 0 2 3 0 4 4 3 2 1 2 3 3 4 3 2 0 2 3 5 5 5 0 1 2 0 1 3 2 4 5 4 2 3 3 3 1 1 3 2 1 1 3 3 2 1 3 2 4 1 1 4 5 1 2 4 0 1 2 1 0 2 1 0 0 0 2 4 1 1 1 2 6 2 4 2 2 2 2 0 0 2 2 2 0 2 0 2 2 3 2 4 1 3 1 1 2 0 1 3 4 2 5 0 4 0 1 0 0 2 5 2 0 7 1 2 3 0 0 0 0 3 5 2 2 1 3 4 1 4 1 2 2 2 1 3 0 4 2 1 2 4 0 0 0 1 2 4 1 1 2 1 3 8 3 1 2 2 3 1 3 4 1 2 2 0 1 1 2 2 0 4 2 2 1 2 2 2 3 2 2 0 4 2 3 1 1 6 4 0 0 0 1 1 1 4 5 4 2 0 1 2 2 4 1 1 2 2 2 1 0 0 4 2 5 6 3 3 0 0 2 1 3 1 3 1 3 2 1 4 4 3 1 3 1 2 1 2 0 2 5 3 1 2 3 2 1 1 1 2 3 2 0 2 3 1 1 3 2 3 2 1 2 4 3 3 3 1 4 0 0 3 2 1 1 4 1 3 2 2 1 2 3 5 0 1 0 0 2 2 3 2 3 1 1 2 0 6 1 0 3 5 1 2 0 2 2 3 4 2 4 4 0 1 2 1 1 1 0 1 0 5 4 3 0 0 2 2 2 3 1 0 3 0 3 2 3 1 3 0 3 1 2 2 1 2 2 1 2 2 0 2 0 3 1 1 2 5 1 5 2 0 2 2 2 2 0 2 2 3 2 2 1 4 0 2 2 3 3 1 0 4 5 1 1 2 1 2 0 2 2 4 6 3 1 1 2 1 2 1 3 1 2 2 1 5 4 2 3 4 1 0 2 0 2 1 5 1 2 3 2 4 0 0 3 1 0 3 1 1 3 1 3 0 1 0 1 3 3 1 5 3 3 0 2 3 3 1 2 4 2 2 2 2 3 3 3 2 0 0 0 0 3 3 1 3 3 1 3 1 2 3 2 2 1 1 1 1 0 5 4 4 0 0 2 4 0 1 3 5 2 2 2 1 3 0 3 6 3 3 1 1 0 4 2 3 0 2 3 0 3 3 1 1 2 4 0 1 2 2 2 2 3 3 1 6 0 1 3 4 0 3 3 1 1 1 1 1 1 2 1 2 1 1 1 0 3 4 0 1 2 0 1 2 3 2 2 4 2 2 1 1 3 0 2 3 2 2 1 2 3 1 2 3 1 3 0 2 1 1 1 3 1 3 2 4 1 3 1 2 3 2 4 1 1 4 7 2 0 0 2 3 2 3 2 4 0 3 3 1 3 4 3 1 0 1 1 1 1 2 1 1 1 2 2 4 0 0 3 4 0 4 2 1 2 2 4 2 2 1 2 4 2 2 2 2 2 2 0 3 4 2 1 4 3 4 3 6 0 4 3 0 3 3 1 1 1 1 2 1 1 2 1 2 2 3 5 2 5 0 2 3 3 4 3 4 2 4 3 3 3 3 1 1 1 2 1 4 3 4 1 1 1 2 1 0 2 2 3 0 2 1 3 3 2 0 1 1 1 4 2 2 3 1 3 2 1 1 2 1 4 0 4 1 4 8 2 2 2 1 1 3 4 5 1 2 2 0 0 3 2 2 1 3 0 0 5 1 2 4 2 2 2 2 0 2 2 3 3 1 1 2 1 3 0 0 1 2 2 1 2 2 2 0 2 3 1 2 1 1 1 1 2 1 4 0 1 0 2 4 1 3 3 1 2 1 1 2 1 1 2 2 1 2 2 3 3 5 2 5 0 2 0 2 0 2 1 4 1 5 1 2 2 2 2 1 0 2 2 0 4 1 3 2 4 2 0 3 3 0 1 4 7 2 2 2 1 1 2 2 1 1 2 2 5 0 0 2 1 0 2 3 2 3 3 1 2 2 0 0 3 2 2 3 4 3 1 0 3 1 0 0 1 3 4 3 1 6 4 2 1 0 0 0 1 4 2 2 5 0 3 2 0 2 3 2 0 1 0 2 3 1 2 3 6 3 0 3 4 0 3 3 1 1 1 3 2 1 3 4 2 1 5 2 3 1 3 2 1 2 4 1 2 1 2 2 1 5 2 0 1 2 4 2 3 2 2 1 0 3 1 5 0 2 3 2 0 2 1 2 0 1 3 2 2 3 1 0 0 3 2 2 2 0 4 1 2 4 3 6 1 3 2 1 1 2 2 0 1 1 4 3 2 3 3 0 3 1 1 0 1 3 0 2 4 2 1 0 5 2 2 2 2 2 1 4 1 1 2 0 2 1 1 2 3 2 2 3 3 3 1 0 1 3 3 2 3 2 3 1 0 2 0 3 7 1 1 2 1 3 2 4 1 2 1 3 4 0 1 2 0 2 1 2 1 3 1 1 2 5 1 1 0 0 2 0 6 3 3 1 2 2 0 1 4 2 1 3 3 1 1 3 2 2 1 0 1 3 1 2 1 4 4 2 2 1 1 3 2 0 3 0 1 1 2 1 6 1 1 1 1 3 2 2 1 0 3 2 1 1 0 2 3 5 2 5 3 2 2 2 1 3 2 3 0 1 2 1 1 1 2 3 2 2 5 3 1 4 0 2 1 1 1 3 4 2 2 4 2 2 2 2 1 3 3 2 1 1 3 1 2 0 2 4 0 3 4 0 1 1 2 1 6 3 2 2 1 2 0 1 2 3 3 4 4 4 0 5 0 1 3 1 1 2 1 3 2 0 1 2 2 1 2 1 0 5 3 1 0 5 2 3 2 0 0 4 0 1 2 4 1 4 3 4 0 4 3 2 1 2 5 3 0 1 1 0 2 1 0 3 4 2 3 1 3 3 3 2 2 0 1 4 2 0 1 0 3 2 1 3 2 3 4 2 2 2 2 3 3 1 2 2 1 1 4 1 1 0 2 4 1 2 2 1 1 1 1 2 1 1 2 1 2 2 3 1 2 3 3 2 1 2 2 0 1 2 3 2 1 5 1 1 1 2 0 3 3 3 1 2 1 3 3 2 0 5 0 1 3 2 1 3 1 1 3 4 1 4 0 1 4 3 3 1 2 3 4 2 0 2 1 2 0 3 4 3 1 1 0 1 1 4 4 1 1 2 3 5 0 1 2 3 2 3 1 5 1 0 2 1 1 1 1 4 2 1 1 1 6 2 3 2 1 0 1 5 2 6 5 2 1 2 1 3 1 2 2 2 1 1 3 4 2 0 2 0 2 2 3 1 2 1 1 1 0 4 2 3 3 2 1 2 1 5 2 4 1 1 3 3 4 1 2 3 1 1 2 4 3 1 2 0 0 1 1 3 1 3 4 2 2 0 3 4 1 3 3 2 1 0 1 1 4 4 0 6 0 3 0 3 4 1 6 2 1 4 0 1 2 2 1 0 1 1 3 5 3 3 0 1 0 2 1 4 1 3 1 3 1 3 3 2 3 4 0 2 2 2 1 1 2 2 4 2 2 2 2 4 0 2 3 0 2 2 3 3 2 0 1 1 0 5 3 3 1 3 2 3 1 0 2 0 0 1 4 3 2 5 2 4 2 3 0 3 1 0 4 2 0 3 3 0 4 3 0 4 1 2 1 1 2 3 4 1 2 2 1 1 0 4 3 2 0 3 1 1 0 1 1 4 0 2 2 5 3 1 1 4 2 3 1 0 5 6 2 0 3 4 2 0 2 0 1 1 4 0 3 0 2 0 2 5 2 2 2 3 6 1 1 0 0 1 1 4 1 2 2 4 4 1 1 0 4 1 2 1 2 2 3 4 1 0 0 1 3 0 2 3 3 1 3 3 0 1 2 2 2 0 0 0 2 2 2 2 4 1 3 4 1 2 1 2 0 2 2 1 3 3 3 2 1 3 3 0 2 2 0 0 3 3 2 3 0 1 1 3 3 2 2 2 3 0 3 1 1 0 3 2 1 4 2 2 1 3 3 4 0 1 0 2 4 3 1 1 4 2 3 3 4 1 2 3 2 3 2 4 1 2 1 4 4 4 0 1 1 3 4 1 2 1 0 3 1 3 4 4 3 1 1 1 2 2 2 1 1 2 3 3 1 0 2 4 2 2 4 3 2 2 0 2 1 1 6 2 1 2 1 3 2 2 1 0 3 1 2 0 2 3 2 3 3 2 1 1 2 2 5 2 2 3 1 1 3 1 2 0 1 3 3 2 2 1 5 1 2 2 1 2 3 0 1 3 1 1 0 3 0 1 2 3 3 4 1 1 1 5 0 5 0 3 2 3 0 3 0 2 2 2 2 3 0 2 0 2 3 3 0 2 1 2 1 4 1 2 3 0 4 1 2 0 2 2 1 1 1 6 0 2 3 1 2 0 1 1 4 2 2 3 1 2 2 3 3 2 1 1 1 1 2 3 1 2 2 2 4 0 3 0 2 1 0 1 2 0 1 3 3 2 4 1 0 0 0 1 1 0 5 0 7 1 1 3 1 0 1 1 3 2 0 1 2 4 1 1 3 2 6 4 2 5 4 3 3 0 2 2 3 1 3 2 3 2 2 1 0 1 0 4 1 3 0 0 2 1 0 2 0 1 4 4 1 1 1 0 4 4 2 0 0 4 3 1 1 2 3 3 3 1 3 1 1 2 2 2 2 4 2 1 3 2 1 4 2 1 4 4 0 2 0 2 0 3 5 4 0 2 0 1 1 2 2 3 4 1 3 3 0 2 0 2 4 4 1 2 1 1 1 5 2 3 1 2 6 1 3 2 0 0 2 3 0 1 1 3 2 3 6 3 0 0 1 2 3 3 3 0 3 4 2 1 2 4 3 1 5 4 4 3 5 1 2 3 0 1 1 3 0 4 1 1 2 2 3 1 2 1 5 2 3 1 3 1 3 1 2 2 1 0 3 6 0 3 3 2 2 1 1 1 2 2 2 3 2 4 1 1 3 2 3 3 1 3 2 1 1 1 2 3 1 0 0 2 4 3 2 0 3 2 4 0 3 3 0 1 3 3 2 3 2 4 0 0 0 2 1 1 6 1 2 0 4 1 2 5 2 0 3 1 8 1 1 2 1 2 2 2 2 4 4 2 2 1 1 2 3 2 4 0 3 1 0 1 2 4 0 1 3 1 0 1 3 2 1 3 1 2 3 3 2 4 2 3 3 1 3 1 1 2 2 1 3 3 0 1 3 3 1 2 3 3 0 1 2 2 0 0 3 5 0 1 0 0 2 3 1 4 1 2 2 3 5 2 1 1 2 2 3 3 1 3 1 1 5 2 2 2 0 1 2 2 2 1 0 2 3 3 1 1 3 4 2 2 0 3 1 3 4 2 1 3 1 0 2 1 3 4 0 3 2 2 3 1 1 0 5 3 1 6 1 0 3 0 4 1 2 5 0 1 1 1 4 2 0 2 5 1 0 3 1 0 0 4 7 0 2 1 1 3 2 4 1 2 2 0 1 1 1 1 3 1 1 0 2 0 1 1 2 0 2 2 5 3 1 1 1 2 1 2 3 2 1 2 1 2 0 7 2 3 2 0 1 7 0 2 3 1 2 2 1 1 5 0 0 4 1 2 4 3 2 2 3 2 4 1 3 1 4 2 2 1 2 1 3 1 2 1 1 3 2 1 1 2 0 3 4 2 1 0 3 1 3 1 0 6 0 3 5 0 2 2 0 3 1 0 1 1 3 4 2 2 2 3 1 0 3 1 3 2 3 1 7 2 2 3 2 3 1 2 3 3 2 0 4 0 2 5 2 2 0 4 2 3 2 2 3 2 0 1 1 0 3 2 1 3 4 2 3 0 0 4 3 1 4 2 2 1 2 1 3 2 2 1 0 5 0 2 1 0 3 1 2 2 1 5 2 2 2 0 5 0 0 3 4 1 4 1 2 3 3 1 1 1 3 3 3 2 2 0 2 2 2 0 1 5 3 2 2 5 2 5 1 3 3 0 5 2 2 1 0 1 1 2 2 2 3 3 1 2 3 1 3 1 2 3 1 5 1 2 1 5 3 2 2 1 3 3 1 1 0 0 1 1 1 5 3 2 3 2 3 4 1 0 3 4 2 1 3 7 4 4 2 1 0 0 3 1 1 3 3 2 2 2 1 0 2 4 2 2 2 4 2 4 4 1 6 2 4 1 1 4 2 1 2 1 0 4 5 1 1 1 2 1 0 2 3 3 2 3 2 2 4 3 3 3 4 2 0 0 1 4 3 1 4 5 1 2 1 2 3 3 3 0 1 3 1 3 0 1 2 1 1 1 1 3 2 1 0 5 2 2 1 2 0 3 1 0 1 3 2 2 4 1 2 0 1 5 0 1 1 2 3 1 1 5 3 1 1 3 5 2 2 1 0 0 2 4 1 0 2 2 2 3 1 6 1 2 1 3 0 0 1 2 3 3 2 4 0 3 0 0 1 0 0 0 3 0 1 5 1 2 3 2 1 3 1 3 5 2 4 1 2 1 0 1 1 3 0 1 1 0 4 2 4 1 2 2 2 1 3 0 2 4 3 0 2 2 3 2 0 3 1 0 3 1 1 2 5 2 1 2 1 4 2 1 1 1 1 2 4 0 1 1 1 1 0 3 3 1 0 2 1 3 0 2 3 0 6 1 3 0 2 5 2 1 3 2 2 0 0 3 1 1 2 2 1 3 1 0 2 3 1 1 2 3 3 2 2 0 0 3 2 4 3 2 2 0 1 2 3 0 1 1 3 4 0 3 3 0 1 2 1 2 1 1 3 1 1 4 1 2 1 0 3 1 3 2 2 1 1 1 4 2 2 2 2 1 1 1 1 4 1 0 3 1 1 5 2 2 4 1 2 1 1 3 2 2 2 1 2 4 0 0 1 2 0 4 2 3 2 1 0 2 2 1 1 3 1 2 5 3 0 1 4 0 2 1 1 0 2 1 1 5 2 2 2 2 3 1 1 5 0 1 0 4 1 6 2 0 2 1 2 2 3 5 1 1 2 1 1 2 0 5 2 4 3 2 0 1 2 1 1 3 0 2 3 3 3 1 2 2 2 1 3 1 1 2 3 3 2 3 1 2 2 2 2 4 6 2 1 0 0 0 1 1 1 0 6 2 2 1 2 5 1 2 4 1 2 3 5 2 4 2 1 2 3 0 4 2 1 1 2 1 4 6 4 1 0 4 2 3 1 2 0 4 2 1 0 0 1 4 4 1 1 1 2 0 0 0 0 3 3 2 1 3 2 4 1 3 3 1 3 2 2 5 2 0 1 1 1 1 2 1 1 2 1 2 2 0 0 1 1 1 2 4 1 1 1 2 4 1 3 3 0 2 3 0 2 3 1 2 4 3 0 0 1 1 0 3 4 1 3 4 2 0 5 3 2 2 2 6 1 1 2 1 2 1 0 2 1 2 1 0 1 0 3 3 0 3 5 2 1 2 1 2 1 2 2 2 3 1 5 3 2 3 0 2 0 4 0 4 1 1 3 1 2 5 2 2 0 1 2 3 1 3 3 1 3 0 2 0 2 0 4 5 2 6 1 1 1 1 2 3 4 3 0 6 2 0 2 1 1 1 2 1 1 6 3 1 2 3 4 1 1 2 5 2 1 1 4 3 2 5 1 2 0 1 3 2 3 1 1 0 3 1 1 1 4 4 2 1 1 0 3 5 1 1 2 0 0 0 4 2 3 4 3 1 0 0 1 2 2 1 3 1 0 2 2 1 1 1 2 3 5 2 2 2 0 3 1 2 2 2 0 1 1 0 2 4 2 2 2 1 1 4 1 2 1 3 3 1 3 2 2 1 0 3 1 2 2 0 0 1 2 3 0 2 5 1 4 2 1 0 2 1 2 2 0 1 1 3 1 1 4 2 1 5 0 3 0 3 4 6 0 2 2 2 3 0 2 1 1 1 3 2 1 1 2 3 4 4 1 1 1 1 2 2 0 3 0 3 2 6 4 4 4 2 1 0 2 3 1 2 1 0 2 1 2 2 1 3 1 2 3 3 2 2 1 3 2 1 2 2 0 4 2 2 3 1 1 1 2 3 0 2 0 2 2 3 2 0 2 0 3 0 2 2 3 3 2 0 3 1 2 1 4 3 3 0 6 0 1 1 4 3 2 4 1 1 3 0 4 0 3 1 2 1 0 1 4 2 0 5 3 4 2 2 3 2 0 1 5 1 2 3 2 0 1 1 4 3 3 3 3 3 0 6 4 2 2 0 0 1 2 3 4 2 2 0 1 0 3 4 0 3 1 0 0 5 2 1 1 1 2 0 1 1 2 6 1 0 2 2 1 2 2 1 2 2 0 0 2 1 3 0 3 3 2 3 1 2 1 3 0 2 3 1 1 1 2 3 1 2 3 3 3 1 1 5 3 0 4 1 2 3 3 0 1 1 3 1 1 1 3 7 1 3 2 2 3 1 3 1 1 4 3 1 3 2 2 0 1 3 2 4 4 2 3 0 0 2 0 2 5 1 3 3 4 2 3 1 2 0 2 2 2 5 2 4 2 2 3 1 3 0 4 1 0 3 2 0 2 0 2 1 3 1 5 4 2 0 2 2 3 3 2 2 1 2 1 3 1 1 0 1 4 1 2 3 0 2 5 0 3 2 2 1 2 2 2 3 1 4 1 1 1 3 1 1 0 4 4 6 1 3 1 4 5 3 2 2 2 1 3 2 1 3 1 1 0 1 2 1 3 4 3 2 0 1 3 1 0 0 1 3 3 2 3 2 2 3 1 1 2 1 4 1 1 1 0 4 1 3 3 4 4 3 5 1 1 1 3 1 0 0 1 2 5 2 3 5 0 1 1 1 4 0 1 1 3 3 4 5 2 1 2 1 2 2 1 3 1 2 3 3 1 2 1 3 2 4 0 3 5 2 2 2 2 4 3 1 2 0 3 0 3 2 2 3 2 2 3 2 2 1 1 1 4 1 4 2 0 0 1 2 0 3 2 0 3 2 1 8 2 3 0 2 1 2 2 5 2 1 3 2 1 2 5 1 0 2 4 0 1 2 6 2 1 2 3 1 1 0 2 0 1 5 1 3 3 3 2 0 1 2 2 6 1 2 0 3 4 3 3 2 1 3 1 2 1 3 1 6 2 0 0 0 2 1 3 0 4 2 1 2 1 3 1 1 3 0 0 4 2 2 5 1 3 2 1 3 0 1 3 2 2 4 3 5 2 4 1 0 2 1 1 1 2 2 3 1 2 3 1 3 2 0 3 2 2 1 3 2 0 2 2 4 2 2 1 1 1 1 1 3 4 2 2 2 3 1 4 2 0 1 4 0 0 1 2 2 3 1 1 2 3 2 2 2 2 3 3 1 2 2 3 0 0 1 0 7 1 2 4 0 3 3 0 2 2 2 0 2 3 2 2 3 1 2 6 0 2 1 2 2 2 5 2 2 2 5 0 2 1 2 3 3 0 1 4 3 0 4 1 2 2 3 5 1 2 2 2 2 4 1 1 3 2 1 0 3 1 4 3 1 3 2 3 1 5 0 4 1 2 3 2 3 1 0 1 3 3 0 2 2 1 3 1 5 0 0 0 3 3 3 2 2 5 1 2 1 2 2 2 0 4 2 3 1 6 0 1 2 0 4 2 0 0 2 4 0 1 1 4 6 1 1 2 4 1 2 2 2 1 1 0 3 4 2 2 5 2 0 1 4 1 1 3 4 1 0 3 3 2 2 2 0 2 1 3 2 5 3 2 5 0 1 1 1 1 1 1 2 1 3 3 2 1 1 1 4 1 1 3 4 3 3 5 2 1 1 3 0 2 2 4 2 2 3 2 1 1 1 2 1 3 5 2 3 2 2 3 4 2 2 1 1 2 3 2 2 3 3 2 1 3 1 1 1 1 5 3 2 0 1 3 3 3 2 3 2 3 3 2 1 2 3 2 1 3 1 0 2 1 0 0 0 3 4 2 1 4 2 0 1 3 2 0 1 3 4 3 5 3 0 4 2 1 1 2 1 2 1 1 1 2 3 3 3 2 1 2 1 2 4 1 1 1 1 2 0 2 1 2 2 2 3 0 3 1 2 0 4 2 2 2 4 0 3 2 2 2 0 2 3 3 6 2 2 2 4 1 1 2 4 3 1 4 3 1 3 1 2 1 1 4 1 1 1 3 1 5 1 2 3 2 2 2 1 1 1 2 1 3 3 1 2 0 1 0 3 2 2 4 0 2 2 2 1 0 1 3 0 4 0 0 1 3 2 1 2 3 2 2 3 2 0 1 1 3 0 3 3 0 3 1 1 3 1 1 1 0 3 5 1 2 0 2 2 1 4 3 0 0 2 1 4 2 0 1 2 0 2 1 3 2 3 3 3 1 1 1 0 3 2 1 3 1 3 2 1 0 1 2 0 1 3 2 1 2 3 3 2 1 4 0 2 1 2 4 2 1 1 3 2 3 3 1 0 1 1 1 4 2 0 2 1 4 1 3 1 3 2 4 1 1 3 1 1 1 2 2 3 3 3 1 1 1 1 3 3 0 1 1 2 4 2 1 1 2 4 2 3 0 3 2 3 3 4 2 2 4 2 4 6 1 2 1 2 0 1 1 5 5 1 2 2 2 0 2 1 2 2 5 0 1 1 3 4 0 2 2 0 3 3 3 3 1 2 2 1 1 0 2 1 2 2 1 3 1 2 2 4 0 4 0 2 2 3 2 2 4 1 1 2 3 1 3 3 0 2 2 1 0 2 1 0 2 2 3 0 9 0 2 1 0 2 5 3 0 0 2 1 2 0 2 3 0 5 3 1 4 3 0 1 0 1 0 3 1 3 1 2 6 3 2 3 0 1 3 1 0 2 1 1 2 2 3 1 4 3 2 1 2 5 3 3 0 4 1 2 3 4 1 0 1 1 2 2 1 2 1 1 5 1 4 3 4 3 1 2 2 2 2 2 0 1 2 4 2 2 1 2 4 0 2 2 0 3 2 2 1 3 2 4 0 1 5 1 1 1 3 1 3 0 3 5 1 1 1 5 1 3 1 2 1 2 1 2 0 1 0 5 3 0 2 2 1 0 1 2 0 2 1 3 0 5 4 3 0 2 2 2 5 3 2 3 4 1 2 0 1 1 0 2 2 1 2 3 5 1 1 1 2 2 3 1 3 5 0 4 3 2 0 6 1 0 2 2 4 6 2 0 3 1 2 1 2 2 3 1 0 2 3 1 5 1 2 3 2 2 1 3 2 1 2 0 1 2 1 3 4 0 1 4 3 2 1 0 3 1 4 1 3 1 3 2 1 3 0 3 2 3 4 3 3 1 2 1 3 2 0 3 3 3 2 2 2 1 2 1 1 0 0 4 2 2 2 2 3 3 0 5 1 4 1 2 2 2 1 2 0 0 4 1 1 0 4 2 0 0 1 1 5 4 4 0 3 0 2 3 1 0 2 3 1 1 1 2 1 4 2 1 1 3 0 1 1 1 2 2 2 5 4 6 3 1 1 1 4 0 4 3 1 1 2 3 2 3 0 3 1 0 3 2 1 3 2 1 4 1 1 3 1 2 0 1 2 2 1 2 2 3 2 3 3 5 2 5 3 2 2 1 3 0 1 6 1 3 3 5 2 0 1 2 1 0 1 3 3 3 3 1 2 2 4 2 3 3 1 1 4 1 4 4 2 0 2 3 2 0 2 3 1 2 4 4 2 2 0 0 3 0 2 4 3 0 0 2 1 3 2 1 4 1 3 2 1 0 1 2 1 4 2 2 2 5 2 2 5 0 3 1 1 2 2 1 2 4 2 2 2 3 0 1 5 3 1 2 4 2 0 3 1 4 2 4 3 0 2 1 2 1 0 2 1 3 2 3 0 5 1 5 1 1 3 3 1 0 1 2 3 0 1 4 7 0 1 0 1 1 2 2 3 1 5 1 0 4 4 3 2 0 0 2 1 1 4 1 3 3 0 1 4 3 2 1 5 1 2 0 2 0 1 2 2 3 3 0 3 1 2 4 1 3 3 3 2 3 3 0 2 3 2 1 2 4 2 1 1 1 2 1 2 3 4 2 1 1 1 0 4 0 2 4 3 2 5 1 2 2 3 2 2 1 2 3 2 2 1 2 4 2 2 3 3 2 2 4 3 3 1 4 0 3 1 1 2 0 2 3 1 3 2 0 2 3 3 2 1 1 2 1 1 2 0 1 3 1 2 6 3 2 2 0 1 2 1 2 4 2 1 2 3 2 2 4 3 2 0 1 3 2 3 2 2 0 2 1 5 1 4 2 1 1 2 5 2 0 5 6 3 2 0 1 2 0 4 2 6 0 5 5 1 5 1 1 1 2 1 1 2 4 4 3 2 1 1 0 2 1 2 2 4 3 3 0 0 2 3 1 1 2 1 2 0 3 4 5 5 2 1 0 0 2 1 5 5 3 3 2 0 3 1 3 1 4 1 1 4 3 2 1 2 0 0 3 3 0 4 3 2 1 5 2 2 3 4 1 1 3 2 3 4 5 3 2 0 1 5 3 3 1 2 0 2 4 3 2 2 2 1 0 0 0 0 3 1 1 5 3 3 0 1 2 1 1 1 0 6 4 2 0 5 4 1 3 0 3 1 1 1 3 1 3 3 3 2 3 0 2 5 2 3 2 3 2 0 2 3 1 4 2 3 0 0 2 4 3 2 2 2 2 2 1 0 1 2 1 0 2 2 1 2 0 2 2 4 1 0 2 3 5 1 6 2 3 0 4 0 2 3 2 4 2 3 0 4 0 2 3 2 3 0 5 0 2 2 5 2 1 1 3 1 1 3 1 2 3 2 2 0 4 4 2 2 2 1 3 2 3 4 4 2 5 3 1 3 0 2 5 3 2 0 0 4 2 1 1 1 3 1 2 3 1 0 2 1 4 0 1 1 1 3 1 2 1 1 2 1 2 1 1 0 1 2 3 0 3 1 1 2 1 7 0 3 1 6 3 3 5 3 0 2 3 2 1 1 2 1 1 2 3 2 1 2 0 4 1 0 2 1 3 1 1 1 3 1 0 1 2 1 0 2 7 1 3 2 0 1 0 5 1 1 0 1 3 4 2 1 2 0 2 3 1 1 3 1 1 2 1 1 2 3 4 2 3 1 1 1 1 3 3 5 3 2 1 2 3 0 3 1 2 3 1 3 4 2 1 1 2 0 1 2 2 3 3 3 1 1 4 0 3 2 1 0 5 3 2 2 2 1 0 1 2 3 3 3 0 1 3 1 2 1 1 2 2 1 2 2 2 2 1 2 3 3 3 3 1 1 3 1 2 1 3 3 1 1 2 1 3 1 2 2 0 0 3 1 2 2 2 3 1 3 0 2 2 1 4 1 1 1 5 2 3 1 1 2 3 4 1 2 2 2 2 1 1 4 4 3 3 3 1 4 2 3 1 3 2 2 0 2 3 4 1 2 3 2 0 1 3 4 3 0 3 1 4 1 1 3 0 1 0 2 3 2 1 1 2 2 1 2 1 1 0 0 4 4 0 2 2 2 2 2 4 3 2 4 3 1 0 3 2 1 2 1 4 1 0 3 3 1 2 1 4 0 3 3 0 0 2 2 1 2 4 3 1 4 3 1 3 3 4 4 1 2 3 2 2 4 1 1 2 2 3 2 0 1 1 3 3 1 1 3 0 1 1 3 1 1 3 1 2 2 1 1 5 1 6 1 2 3 2 2 2 0 1 0 0 2 0 3 2 1 0 0 2 4 2 2 4 2 2 4 2 3 0 3 2 3 2 2 4 2 3 1 2 2 3 4 0 2 5 1 1 3 1 3 2 2 0 1 2 5 2 6 2 2 1 2 1 2 1 2 0 3 5 2 3 1 3 2 0 2 1 3 2 4 4 2 1 1 2 3 1 2 1 1 1 6 0 2 2 1 1 3 2 0 1 0 1 2 2 0 1 5 2 0 2 4 2 6 1 2 0 3 3 3 1 2 3 1 0 6 1 4 3 4 1 3 2 2 1 1 4 1 1 3 2 3 1 1 1 1 3 1 4 4 0 1 1 3 4 2 0 3 4 2 4 3 1 1 2 1 3 0 1 5 1 2 0 3 3 0 1 0 2 3 1 4 0 3 0 1 1 3 1 5 6 3 6 0 3 2 1 2 0 2 4 2 1 2 5 0 1 1 2 2 2 2 0 0 3 3 1 5 2 2 0 1 1 3 3 4 1 1 4 5 1 3 2 1 2 0 4 0 1 1 2 1 4 3 3 1 1 3 2 4 2 1 1 5 1 0 0 2 4 3 2 5 1 1 0 2 2 1 1 0 2 4 1 1 4 4 2 2 3 2 2 5 1 4 1 2 4 1 1 1 1 0 4 3 2 0 2 3 4 2 1 3 2 1 1 2 2 0 1 1 2 2 2 1 4 2 1 1 3 0 3 1 4 1 0 4 3 2 2 2 2 3 1 3 2 1 1 2 1 1 3 2 2 5 0 1 5 2 3 0 2 1 1 4 1 3 2 4 6 2 1 2 2 1 1 4 2 0 1 2 2 2 1 0 1 2 1 3 3 3 2 2 1 2 2 2 2 5 0 5 2 2 3 1 0 2 0 3 6 0 0 2 1 5 0 0 2 1 5 0 3 2 1 4 5 2 3 2 1 1 0 1 0 5 3 0 0 4 3 2 1 2 0 0 3 3 1 3 2 2 2 2 3 0 2 1 4 4 1 3 1 2 3 4 1 1 1 2 1 2 4 3 3 1 1 1 1 4 2 3 5 0 1 1 0 3 1 1 2 1 2 2 2 1 3 3 2 1 2 2 2 2 2 1 0 3 1 2 1 2 4 0 3 2 2 1 4 2 3 3 0 0 3 3 1 2 1 3 1 0 3 3 0 1 4 2 2 3 2 2 2 2 2 1 2 1 2 1 6 2 1 2 1 3 2 3 1 2 1 3 1 3 3 1 0 2 4 3 4 4 0 1 1 2 3 0 1 1 1 1 0 2 2 2 1 2 3 7 2 0 2 2 3 4 1 1 3 3 4 1 4 3 1 1 1 1 2 2 5 3 1 2 2 3 1 3 0 2 2 1 0 4 5 1 2 4 0 0 3 1 1 5 2 2 1 0 5 4 4 2 1 2 0 1 3 2 1 2 0 1 1 3 1 1 1 2 3 0 2 4 3 3 2 1 2 1 1 1 1 3 5 2 3 4 4 0 1 0 1 3 3 1 3 4 3 0 2 2 2 1 2 2 1 2 1 1 1 3 2 2 1 4 0 4 4 1 3 1 1 2 1 3 2 1 6 4 6 0 1 0 1 1 1 1 3 0 0 5 3 1 3 1 0 2 3 5 2 3 1 2 1 0 2 2 3 6 1 2 2 2 2 1 1 3 5 1 1 2 2 2 1 2 4 2 1 1 1 1 0 5 1 3 3 1 4 3 3 0 2 0 3 2 1 3 0 0 3 0 4 3 4 1 1 2 1 3 4 1 2 2 2 1 1 2 3 3 4 2 2 0 2 3 3 0 0 1 2 7 4 2 4 4 3 2 1 3 1 2 3 2 1 2 0 4 1 2 3 6 1 5 3 0 2 2 3 3 0 4 1 0 4 2 1 0 2 0 1 2 0 1 2 1 3 1 2 2 3 2 1 4 3 4 5 3 0 2 2 1 2 1 2 1 1 3 3 3 2 3 2 2 2 3 1 1 3 2 1 2 2 2 2 0 3 2 3 0 4 3 2 3 4 2 2 0 3 5 0 1 0 1 1 1 4 3 4 1 3 3 2 3 1 2 0 3 1 4 2 1 2 1 1 1 2 0 4 2 1 0 1 2 1 0 0 2 4 3 2 2 3 1 4 1 1 1 4 2 1 3 2 4 1 0 2 0 1 1 0 3 2 1 2 1 0 7 0 2 1 2 2 0 5 5 0 0 2 1 3 0 1 4 4 2 3 1 1 1 1 1 1 1 4 4 0 6 3 0 2 3 6 2 1 3 2 2 2 2 3 2 0 0 2 1 4 3 0 1 3 4 2 0 4 0 1 2 5 1 0 1 1 0 2 3 2 3 3 2 5 1 2 0 0 3 0 1 1 1 6 2 2 2 1 2 1 3 2 4 3 3 1 0 2 4 1 2 2 2 2 1 2 6 3 1 1 1 2 0 2 1 2 0 0 3 1 1 4 1 0 2 2 3 3 3 1 1 3 3 4 1 3 0 0 0 1 3 1 0 0 4 4 2 2 1 5 2 3 4 1 5 2 1 0 3 1 0 4 1 2 2 2 1 2 2 2 1 1 1 2 3 2 0 3 2 0 2 4 0 1 6 1 1 4 1 0 1 1 2 1 1 5 1 4 4 1 2 0 0 3 0 4 1 2 3 2 1 5 1 2 1 2 1 0 2 3 6 1 2 1 3 1 2 4 3 4 1 1 2 1 2 0 6 0 1 4 1 3 0 1 2 5 2 0 0 1 3 4 2 2 3 0 1 2 2 3 2 2 1 2 2 5 2 4 4 2 2 2 4 1 1 2 0 3 4 5 5 2 3 0 1 2 1 1 0 4 2 4 4 1 2 2 4 1 3 2 2 3 1 4 2 0 2 2 0 1 3 0 2 0 2 3 0 4 1 4 6 2 1 2 2 1 0 1 2 4 4 4 4 2 1 5 1 0 3 1 1 3 3 2 0 3 0 1 1 1 5 2 3 4 1 2 3 2 2 0 0 4 5 2 2 3 2 3 2 1 0 5 2 0 1 2 1 2 2 1 3 2 3 4 2 0 3 2 1 1 1 2 2 1 1 1 2 1 3 3 0 1 2 1 2 2 1 1 1 1 3 0 1 1 3 4 1 3 4 2 1 1 2 2 0 0 5 2 4 3 1 0 2 0 1 0 2 1 5 3 0 3 2 1 0 2 0 0 3 3 1 4 2 4 1 2 2 2 2 2 0 2 3 1 2 5 2 3 0 2 4 3 1 3 1 3 2 4 1 2 3 0 2 1 1 3 2 2 2 0 1 1 1 1 2 1 3 3 4 2 1 0 1 3 2 2 2 2 4 1 2 3 1 2 2 2 1 2 1 5 2 0 3 1 2 0 2 0 3 2 0 2 2 1 3 3 2 5 1 1 4 3 3 1 0 4 2 1 3 0 1 0 4 3 1 2 1 1 1 3 1 2 4 2 2 3 0 0 2 2 2 1 2 0 0 1 1 1 1 0 3 4 3 1 0 1 1 0 2 2 2 3 1 1 2 0 2 3 0 3 3 2 3 0 1 3 0 1 5 5 2 4 1 1 3 0 0 1 2 4 0 3 3 0 3 3 3 4 3 1 0 1 1 0 1 5 2 2 0 2 5 4 1 2 2 4 1 2 0 1 2 0 0 0 1 4 0 4 1 1 2 2 3 2 1 5 0 2 3 2 1 1 5 3 1 2 2 0 5 2 1 2 1 1 2 2 2 1 2 4 1 3 1 3 1 1 1 1 0 3 3 3 2 0 0 3 2 3 2 1 1 2 1 2 1 3 3 2 1 0 3 1 6 1 1 2 5 2 2 2 1 1 2 1 3 5 1 3 1 3 1 2 1 2 0 2 0 1 1 4 4 2 0 3 1 3 2 2 2 1 2 3 2 1 1 2 0 3 2 3 2 4 2 2 2 2 2 0 4 6 2 2 0 2 3 3 3 1 2 2 3 2 0 0 2 2 0 2 3 3 2 2 5 1 4 1 2 4 3 4 0 3 3 3 0 2 0 3 1 0 0 3 1 2 3 2 2 1 0 1 0 1 3 0 4 3 0 1 3 2 1 4 5 2 2 1 2 0 0 2 0 2 2 0 3 0 3 5 1 5 1 1 3 2 2 1 2 3 1 0 4 0 3 2 3 2 1 2 3 2 2 7 3 2 3 3 2 1 5 1 4 2 3 4 2 1 1 5 2 3 1 1 5 0 2 1 2 2 1 1 5 2 4 1 1 2 2 3 1 3 1 4 1 2 2 0 0 4 4 2 2 2 1 2 3 0 1 2 5 1 2 0 1 4 2 0 1 0 1 4 2 1 1 5 1 1 0 2 0 1 1 4 1 3 1 1 2 2 1 1 2 3 1 3 1 1 2 3 1 3 3 3 1 0 1 0 2 2 2 2 4 2 2 1 1 5 0 1 0 0 2 1 3 1 2 1 1 1 5 2 1 2 3 2 1 0 1 2 3 2 1 3 2 4 1 3 1 2 7 2 2 0 1 0 5 2 1 1 2 2 1 2 1 5 0 0 1 4 1 2 1 2 2 5 3 3 1 1 2 6 3 2 0 2 4 1 1 3 3 0 2 1 4 2 3 2 3 1 2 2 0 2 3 4 1 2 0 1 3 3 2 2 3 0 4 5 1 0 4 1 0 1 1 0 2 4 3 1 3 3 3 0 1 1 0 4 3 0 2 3 1 0 4 3 3 3 2 2 2 4 2 2 3 5 1 2 2 3 0 2 2 4 1 2 0 2 1 2 2 2 0 3 0 2 4 2 6 3 2 0 1 2 3 1 1 1 1 3 2 2 4 0 2 2 2 1 0 1 5 0 1 5 0 3 1 1 1 4 0 2 1 2 1 3 3 2 2 3 1 1 3 3 3 3 0 1 2 0 4 2 0 4 2 4 2 1 0 1 1 0 1 4 4 1 1 1 3 1 0 2 0 2 1 2 1 3 3 3 3 2 2 5 3 1 4 1 1 2 1 4 0 1 2 2 3 2 2 3 2 2 1 3 3 3 3 3 3 1 2 2 3 1 2 4 0 5 1 0 2 1 1 4 1 1 3 1 2 0 0 4 0 3 5 2 3 4 2 1 2 2 0 4 1 0 2 2 0 1 2 1 1 2 2 1 0 3 6 3 3 2 1 1 1 3 2 2 1 2 1 2 3 1 1 2 4 0 2 2 1 3 2 1 2 4 0 2 7 1 2 1 0 2 3 1 4 1 2 3 2 1 2 1 0 4 2 1 4 1 2 1 4 4 1 3 5 4 2 1 0 4 5 2 3 2 1 2 1 5 2 2 0 3 3 1 0 2 2 5 1 1 2 1 1 5 1 3 2 3 1 1 1 2 2 1 5 1 2 3 1 3 2 0 2 3 1 1 5 2 2 4 2 0 0 2 2 2 1 1 0 3 1 3 4 3 5 1 3 3 3 1 3 5 1 1 2 2 1 1 2 0 3 3 2 2 2 2 3 2 1 2 1 1 1 1 4 1 1 5 3 1 2 3 1 0 2 0 2 0 2 1 2 5 3 4 1 0 1 1 1 2 1 1 0 4 2 4 1 3 2 1 3 1 1 0 6 3 1 2 4 1 1 3 2 1 1 4 2 4 2 1 2 0 4 2 2 0 3 1 4 0 5 0 3 3 2 3 1 3 5 0 3 2 2 4 0 1 1 3 1 3 4 1 1 1 2 4 4 2 2 0 0 1 3 3 2 0 3 2 3 2 3 0 1 2 4 4 1 1 1 1 3 3 0 4 1 3 2 0 1 3 1 1 1 7 3 2 2 0 3 2 1 2 3 5 4 1 1 2 5 3 2 4 3 2 5 1 4 1 2 1 3 1 3 4 4 0 2 3 4 2 0 3 0 1 2 2 1 4 0 0 2 2 3 2 4 2 1 1 3 1 2 4 4 3 3 2 1 3 4 4 0 2 0 4 0 1 4 3 0 3 2 4 1 1 1 1 1 1 1 1 1 3 2 1 3 2 2 1 3 8 0 4 1 2 3 4 1 2 1 0 4 3 1 1 1 3 3 1 2 0 1 0 3 3 1 4 1 2 0 4 1 0 2 1 0 3 5 1 1 1 2 2 2 2 3 1 3 2 1 0 1 3 3 4 0 1 3 1 4 3 6 0 1 3 2 0 2 3 3 0 2 2 1 3 2 2 2 0 2 1 2 1 4 1 3 4 1 2 5 0 0 5 1 1 0 2 0 1 1 1 1 1 1 1 0 2 1 3 1 1 2 4 3 3 1 2 0 0 1 0 1 2 3 2 3 1 1 2 1 4 0 3 1 3 1 3 1 1 4 2 1 0 2 4 4 3 1 1 3 3 3 1 1 2 3 3 2 2 1 5 1 4 1 3 0 0 1 0 1 2 3 3 3 1 1 4 2 4 3 1 3 1 3 2 5 1 2 4 2 1 4 0 4 2 5 1 2 2 1 3 2 0 3 4 2 1 1 3 1 2 2 5 1 2 1 1 2 4 2 2 4 2 4 0 5 1 0 0 1 2 4 3 4 4 2 1 2 5 2 2 0 3 2 4 2 1 0 2 5 2 2 1 1 4 1 0 3 4 0 2 0 2 1 0 2 1 3 1 1 2 2 1 4 3 2 3 1 2 0 0 2 3 2 1 3 5 2 2 2 0 1 6 4 1 3 0 1 1 0 0 4 1 4 2 3 1 2 2 3 0 4 1 4 1 1 2 2 2 3 1 0 1 2 1 1 1 1 2 5 3 1 2 0 2 1 1 1 3 5 2 3 2 4 0 3 2 1 2 0 3 5 0 3 3 1 0 1 0 1 1 3 1 5 3 3 3 1 3 2 1 2 4 3 0 1 3 1 2 0 4 1 3 5 1 2 2 2 0 3 4 1 4 3 2 0 3 0 2 3 1 1 1 0 2 2 3 2 1 2 1 2 3 0 1 2 1 2 2 2 2 3 5 1 3 1 1 3 3 1 0 3 4 2 1 0 1 2 1 4 1 4 4 4 1 2 2 1 0 1 4 0 2 2 1 1 1 0 3 3 0 5 4 4 3 2 1 3 0 1 1 3 1 4 1 1 1 3 1 4 4 0 4 2 2 3 1 0 3 3 2 0 1 0 3 1 4 3 3 4 1 1 2 1 1 5 0 2 2 2 0 2 2 0 5 2 3 4 1 3 1 3 1 1 3 1 4 1 2 2 3 1 2 0 1 1 2 1 3 2 2 0 1 4 1 3 5 1 3 0 0 1 5 3 3 8 1 3 2 1 3 0 0 4 1 2 3 2 2 4 1 1 1 2 2 1 2 3 0 1 5 1 2 3 3 2 0 0 1 1 1 1 3 1 2 4 3 2 1 1 2 0 1 0 1 3 2 3 4 1 2 2 2 3 3 5 1 0 1 3 3 2 2 1 1 2 0 4 3 1 6 2 1 0 2 1 2 0 2 0 2 3 1 0 2 2 2 0 1 1 3 3 4 4 2 2 1 1 1 1 1 2 3 4 2 2 1 2 2 1 5 2 1 2 1 3 0 4 2 0 4 0 2 3 4 1 2 3 2 0 4 3 1 2 1 2 4 1 4 4 1 2 5 1 2 4 3 1 1 2 1 2 6 2 3 5 2 0 3 0 3 0 3 0 4 2 2 3 2 1 3 1 2 0 0 1 1 3 1 1 1 0 2 1 0 1 3 1 0 1 4 3 4 2 0 3 2 2 1 1 1 4 1 2 1 4 0 1 2 4 1 3 3 0 0 6 0 5 1 5 1 0 1 3 0 1 1 2 6 0 2 1 4 2 4 1 4 1 2 0 0 3 1 2 0 1 1 2 0 3 1 4 2 1 4 0 0 3 2 1 2 2 0 1 1 5 3 2 3 1 3 0 2 4 1 1 1 6 2 2 1 2 1 1 1 4 1 2 3 1 2 2 3 3 2 2 3 0 4 1 2 1 1 1 0 1 3 2 5 0 4 3 4 1 2 0 1 0 0 2 6 1 2 3 0 4 1 2 0 3 3 1 7 0 6 0 3 1 1 1 3 6 2 4 1 1 3 0 1 5 3 2 1 1 4 3 4 0 4 2 2 1 4 3 0 2 1 2 0 2 2 1 3 0 0 6 1 3 2 1 0 1 5 3 1 1 0 5 1 2 0 1 0 6 2 0 0 4 0 1 4 1 0 4 1 1 4 3 3 3 2 2 1 1 1 3 2 3 2 1 1 3 5 2 1 1 4 1 1 2 2 0 4 0 1 6 1 2 3 2 0 1 4 3 1 2 3 1 2 5 1 1 1 0 2 2 4 2 4 3 0 2 0 3 3 0 0 1 0 2 1 4 1 1 2 2 3 2 3 4 3 2 4 2 3 2 3 1 3 3 2 1 0 2 1 0 3 2 4 3 3 1 2 3 2 1 0 2 1 1 2 6 1 4 1 2 1 2 5 3 2 2 4 2 2 3 3 1 2 3 0 1 0 0 1 4 6 0 2 1 1 7 2 2 0 3 2 3 2 3 0 2 2 3 2 1 0 4 2 0 2 2 0 3 2 2 2 3 1 1 0 3 3 2 1 3 2 1 3 4 2 2 3 3 1 1 1 4 2 1 3 1 1 0 2 3 0 1 0 0 4 4 4 0 0 2 2 3 4 2 4 1 2 2 1 2 1 1 0 2 0 3 0 0 2 3 6 3 5 3 1 2 1 2 3 2 2 2 2 2 0 2 2 1 1 0 4 1 1 6 1 0 1 1 3 1 0 3 3 2 1 2 1 1 4 2 0 3 3 2 0 4 0 1 2 1 1 2 2 2 3 4 3 3 2 1 0 1 2 5 1 0 4 5 2 0 2 0 3 1 2 1 0 2 2 3 3 2 1 1 4 1 3 1 1 2 0 3 6 0 2 1 1 1 4 2 4 4 2 0 1 1 2 1 1 3 1 2 5 2 0 0 1 1 4 6 1 1 1 2 1 1 3 2 2 3 2 3 0 0 1 2 4 2 1 0 1 1 3 2 3 6 0 0 3 0 2 2 2 2 0 4 2 6 3 0 0 2 2 1 3 2 1 1 0 2 3 2 2 0 0 3 2 1 3 1 2 2 0 3 2 0 7 2 4 3 0 3 2 2 6 1 1 4 2 1 1 1 2 3 0 1 6 1 4 0 4 2 2 1 6 3 2 2 2 1 3 4 0 3 0 2 3 3 2 4 0 2 1 0 3 5 2 0 5 4 1 2 0 2 0 4 0 2 2 4 3 1 2 2 2 1 0 2 2 4 3 2 3 0 3 0 2 0 0 2 3 2 1 2 1 0 3 0 5 0 3 3 0 5 1 2 1 1 5 1 3 2 1 1 1 2 2 2 0 4 2 2 0 1 3 2 4 0 2 4 4 3 1 1 1 0 3 1 3 3 5 2 2 3 5 1 2 2 2 1 0 1 1 2 3 1 2 2 4 1 1 1 1 5 1 1 4 0 4 1 3 3 1 1 3 0 2 0 2 4 2 1 4 3 2 3 0 0 2 0 1 1 4 2 2 3 1 2 2 4 0 4 3 3 3 2 0 3 2 1 1 2 3 4 3 0 1 6 1 3 1 1 1 5 1 3 2 0 3 2 1 3 1 3 1 2 1 4 1 1 0 4 3 2 3 2 2 4 3 1 3 4 4 0 0 1 4 0 1 3 2 1 1 2 3 2 1 1 3 2 4 1 1 5 1 4 2 1 4 0 2 0 1 1 4 1 1 3 0 2 5 4 4 0 3 4 2 1 1 2 1 4 1 1 4 1 2 1 1 2 2 4 3 1 2 1 3 1 2 3 2 4 5 2 1 2 2 4 1 7 0 1 1 3 3 1 1 1 3 2 1 1 1 4 4 3 3 1 1 2 0 4 1 0 3 1 2 5 3 1 1 3 2 1 2 1 6 1 2 0 1 2 1 1 1 1 1 3 3 2 3 2 1 2 2 2 1 3 1 2 2 3 1 2 1 3 4 3 1 1 0 1 0 2 2 3 4 1 5 0 4 4 1 4 5 1 1 0 3 1 0 3 2 1 4 1 3 4 1 1 2 2 2 0 0 5 0 1 4 3 0 1 0 5 2 2 0 4 3 0 2 3 1 7 4 2 3 2 1 2 0 1 2 4 2 1 1 1 0 1 1 1 1 4 1 0 4 2 3 3 2 1 1 3 4 1 0 0 4 1 3 4 1 0 4 0 2 3 3 2 1 1 1 0 2 1 3 1 1 3 1 2 3 1 3 0 3 1 3 2 6 4 5 1 2 1 1 1 0 5 3 2 3 2 0 4 1 2 3 0 4 1 3 0 2 5 2 3 0 3 0 4 3 0 3 0 3 2 2 4 2 3 1 1 2 2 2 0 1 2 0 0 1 2 1 1 4 0 1 0 5 4 1 1 3 3 2 4 3 3 2 1 1 3 4 3 1 0 0 1 1 2 2 2 2 2 0 2 4 1 4 1 5 0 1 4 0 2 1 2 2 2 5 1 0 2 3 1 1 6 0 1 1 2 2 1 5 3 1 0 5 3 0 1 1 3 3 3 0 3 2 2 2 1 1 2 1 2 1 2 1 2 1 0 2 1 4 3 1 3 0 0 3 2 1 1 2 1 1 1 1 2 3 0 3 5 1 1 2 0 3 0 3 4 2 1 3 1 1 4 1 0 3 5 2 3 1 0 0 3 0 3 2 0 3 2 5 0 4 4 2 1 2 2 0 2 3 2 3 3 1 2 1 1 2 1 2 3 2 3 2 0 1 1 1 1 4 2 3 4 5 2 2 1 1 0 1 1 0 1 3 1 3 1 0 1 2 3 1 1 1 2 5 4 0 3 3 1 3 1 3 1 2 2 0 1 0 1 0 3 3 3 2 0 2 0 2 0 2 5 1 1 3 1 1 1 2 2 2 2 4 2 1 1 1 1 2 2 4 4 2 1 1 0 2 3 0 0 2 3 2 1 1 4 4 3 2 1 4 2 2 2 3 3 5 2 2 3 1 0 3 1 3 2 4 1 4 3 5 2 6 0 2 3 0 2 5 2 1 1 1 0 6 6 3 3 2 2 0 1 0 4 2 2 4 1 2 2 1 3 4 3 1 2 2 0 1 0 3 3 2 2 0 4 3 3 2 3 3 2 5 1 3 1 1 2 1 4 6 1 3 2 2 0 2 2 2 3 0 3 0 2 2 2 2 3 1 0 2 0 2 2 1 1 5 4 1 1 2 2 2 2 1 0 1 2 3 4 5 2 2 2 1 2 1 3 4 1 1 5 0 2 0 1 5 2 3 3 2 1 3 0 3 1 0 1 1 2 2 0 2 1 2 0 2 3 1 1 2 3 3 2 0 2 2 3 0 2 2 3 2 2 2 0 2 1 2 1 2 2 2 2 5 2 3 5 1 1 1 0 1 0 4 3 6 6 1 3 3 1 5 2 3 0 0 4 1 1 3 4 1 3 0 3 3 3 2 1 4 5 2 3 0 3 1 3 4 4 1 2 3 1 1 1 2 3 3 2 4 1 2 3 0 3 1 3 2 2 1 1 5 0 2 4 2 0 7 4 1 4 1 3 1 3 1 4 2 1 0 2 3 1 2 1 3 1 5 3 4 4 1 0 1 1 4 3 1 3 3 4 3 1 3 3 3 1 2 2 0 2 2 1 1 1 4 1 3 2 1 1 5 3 5 3 0 3 1 0 2 1 5 0 2 3 3 1 2 1 2 2 3 0 4 2 2 4 1 1 2 0 4 2 2 0 4 1 2 0 1 6 2 1 2 2 0 2 2 1 2 0 3 2 2 2 3 2 1 4 0 2 2 3 3 3 1 3 2 0 0 2 0 2 1 4 2 2 2 2 2 0 0 3 1 2 2 1 3 2 1 0 2 2 1 4 6 1 0 2 1 2 2 4 3 4 2 2 2 3 1 2 1 1 0 1 1 4 1 2 3 0 3 0 3 4 3 2 3 2 3 2 1 3 2 2 1 1 5 3 3 2 1 3 1 1 1 1 3 4 2 1 0 2 2 1 3 2 2 3 1 1 1 0 1 0 3 1 3 1 2 2 3 1 2 4 4 6 0 2 2 3 1 4 2 1 2 5 0 2 2 1 1 0 0 5 3 2 3 1 4 2 3 1 2 2 2 1 2 3 4 1 0 2 1 2 2 1 3 1 1 2 2 0 2 2 2 2 7 2 5 2 2 1 1 3 2 2 0 2 1 2 0 1 2 0 2 3 0 0 2 0 2 2 2 2 3 1 0 1 1 1 4 3 1 2 1 0 3 3 3 1 1 4 0 3 4 4 3 1 1 2 3 1 4 0 3 2 3 4 0 1 3 4 0 1 1 5 1 1 0 1 4 1 1 0 2 3 2 2 2 1 1 4 0 3 2 2 1 2 3 2 4 3 2 1 2 0 0 1 1 1 3 2 1 0 3 0 0 1 2 4 1 0 3 1 1 1 2 0 5 2 2 3 7 2 2 0 1 2 2 1 0 2 4 3 0 2 1 1 2 3 2 1 3 0 2 4 0 1 2 3 1 3 2 2 4 3 0 1 3 2 2 3 2 1 2 2 3 5 0 4 3 1 2 1 5 2 2 2 2 4 2 0 2 3 5 0 0 4 2 2 0 2 2 6 4 0 1 0 3 2 0 0 2 2 3 3 1 2 0 1 3 1 4 1 3 1 2 2 1 4 2 2 2 2 1 2 2 1 1 1 1 1 2 3 3 1 1 0 0 1 2 4 3 1 1 0 1 4 4 2 4 2 3 0 4 2 1 1 2 0 2 3 2 2 0 2 1 2 2 1 2 2 2 2 4 1 2 2 4 3 2 2 2 2 4 2 6 0 1 2 4 1 1 3 1 0 4 2 2 2 3 1 2 2 3 5 1 1 4 0 6 5 1 2 1 2 0 5 1 2 2 2 4 0 2 6 5 1 1 3 2 4 1 2 7 1 3 1 3 3 4 0 1 2 2 3 5 4 2 2 2 3 1 3 1 2 1 3 0 3 2 1 2 1 1 2 1 5 2 2 3 2 0 2 2 6 0 3 2 1 1 2 1 1 3 2 1 0 5 1 2 1 0 2 1 3 0 2 3 9 0 1 4 0 1 2 0 1 1 2 1 1 0 5 4 3 5 1 2 0 1 4 2 3 3 1 1 2 1 3 1 2 1 3 4 0 1 2 2 2 3 1 1 2 0 1 1 0 1 4 1 3 2 1 3 0 2 2 0 2 2 2 1 2 1 2 3 4 2 2 0 2 1 2 0 4 1 2 4 7 0 5 0 2 2 2 0 1 0 0 3 1 4 2 2 2 1 2 1 2 1 4 0 1 1 0 4 2 2 2 5 2 3 2 2 4 3 0 2 0 1 2 2 3 2 2 3 0 2 1 0 4 2 4 2 2 1 2 0 2 2 6 1 1 2 2 1 3 2 1 1 1 3 3 0 2 6 1 2 2 2 2 3 0 2 3 5 1 1 0 1 1 4 4 5 0 2 1 1 2 0 1 5 3 1 0 1 1 3 1 3 4 2 1 0 4 1 1 1 0 3 3 1 2 4 3 0 2 3 1 2 1 5 3 4 2 0 3 1 3 3 1 2 1 1 2 4 2 1 4 2 1 1 2 1 3 4 3 1 2 2 3 1 1 2 1 3 4 3 2 1 3 1 2 3 2 3 2 4 3 1 4 1 3 3 0 2 4 0 4 3 1 1 5 4 5 1 2 2 1 1 0 2 2 2 0 3 1 5 2 0 0 4 2 1 0 1 1 0 1 2 2 2 5 3 1 2 0 3 1 2 3 2 2 1 2 1 3 1 2 3 1 2 1 1 2 2 4 2 1 3 1 5 0 3 2 2 1 3 0 2 5 2 0 0 4 5 0 4 7 2 1 2 1 1 2 1 2 6 1 0 1 1 3 1 2 2 1 1 3 4 1 1 2 2 0 0 3 2 3 1 3 2 4 3 2 2 1 0 2 2 3 2 2 2 2 1 1 1 1 1 3 4 0 6 0 1 3 1 2 1 1 0 2 4 1 2 2 2 2 0 1 1 1 2 1 4 2 5 2 3 2 1 2 3 2 2 2 1 0 2 3 2 2 2 2 2 0 4 3 3 1 1 2 3 1 2 0 3 2 1 2 2 2 3 2 2 2 2 4 5 3 2 0 3 2 0 1 2 1 2 4 1 1 2 2 1 3 1 4 0 1 2 2 4 1 4 0 0 2 1 3 2 2 0 2 5 3 0 3 4 2 0 1 2 3 0 2 2 2 3 1 1 1 3 1 1 2 3 0 3 4 2 2 1 1 1 0 0 3 1 4 2 3 1 1 1 4 2 2 1 0 2 1 2 4 0 2 3 3 1 1 2 1 2 2 3 3 2 0 4 3 2 3 1 3 2 0 0 4 2 1 5 1 2 1 2 0 0 1 6 0 3 3 2 2 2 4 2 1 3 2 1 2 2 2 0 6 1 1 2 0 2 1 3 4 4 2 3 2 1 2 4 3 3 1 2 3 4 2 1 2 4 2 1 4 2 2 0 3 6 1 1 4 3 4 1 2 0 0 3 1 2 3 3 2 1 2 1 2 1 2 3 2 3 3 4 0 3 4 1 3 2 1 2 2 1 1 1 1 2 0 3 3 1 1 5 1 0 2 3 0 2 0 2 1 1 3 4 1 1 2 2 1 2 1 4 2 2 1 1 2 1 3 1 5 2 1 3 1 0 0 1 3 7 4 1 1 2 2 2 4 0 3 0 2 3 3 1 2 3 3 1 1 1 4 3 1 4 0 4 2 0 1 3 1 6 4 1 2 1 1 1 1 2 1 1 0 3 1 4 0 4 3 1 1 1 2 2 2 2 4 0 0 4 3 4 1 0 5 1 3 1 1 3 3 2 4 2 0 3 2 1 3 3 2 2 0 2 1 1 2 1 3 1 4 2 1 0 1 1 2 3 3 1 1 3 2 1 3 5 3 2 2 1 2 1 2 1 2 4 3 1 0 2 3 4 1 2 1 3 1 2 2 2 6 1 4 3 1 1 0 1 2 2 0 4 0 1 2 2 1 2 2 2 0 3 1 2 2 1 3 3 2 3 0 2 0 4 1 3 2 4 1 0 1 0 3 1 4 1 2 4 1 3 3 1 1 5 2 3 3 1 2 2 2 2 0 4 4 1 1 2 1 2 2 2 2 2 1 2 1 4 1 2 2 3 1 3 3 1 0 1 3 2 1 2 2 2 0 0 1 3 1 3 3 3 5 1 3 2 1 3 1 1 4 0 3 0 0 0 2 6 4 3 0 3 4 2 3 0 0 3 1 1 4 3 5 2 0 0 4 0 2 4 2 2 0 1 3 0 1 0 1 2 0 1 3 1 1 2 2 1 0 2 1 3 0 3 1 1 4 1 3 4 3 1 2 3 1 0 3 1 4 0 3 1 0 3 3 4 1 1 0 1 0 1 0 5 1 2 5 4 2 1 1 3 3 0 3 1 4 2 1 2 0 3 5 6 2 2 2 2 2 1 1 3 0 4 2 2 4 3 0 1 1 2 3 1 2 1 3 2 0 2 0 2 3 3 2 3 1 2 1 0 3 1 0 1 2 5 3 4 2 2 1 2 1 4 0 2 2 4 3 3 5 2 4 3 2 1 2 0 1 3 3 2 2 0 2 2 6 1 2 1 3 2 3 0 0 2 2 1 2 3 3 2 2 0 2 0 2 3 3 3 1 1 1 0 3 0 2 2 0 3 4 2 0 2 0 1 8 3 1 1 3 1 1 1 4 2 3 1 0 0 0 5 3 3 2 0 1 0 3 0 0 2 1 1 3 1 2 0 2 1 3 4 4 2 4 2 0 5 2 3 8 1 2 1 2 1 2 2 3 2 3 3 3 1 2 1 1 4 2 5 1 2 3 3 3 2 1 2 1 1 1 0 3 0 4 5 4 1 1 2 0 1 2 1 2 0 0 2 4 2 2 2 2 1 0 2 0 1 1 3 3 2 2 1 0 1 2 4 0 1 2 1 0 0 0 1 5 1 5 0 3 1 2 2 3 2 2 3 3 0 4 0 0 2 3 4 3 3 1 0 3 2 0 2 3 2 3 3 2 2 1 3 3 2 2 2 1 1 1 0 0 3 3 1 1 3 0 0 1 4 1 2 4 3 2 1 4 4 0 4 1 2 1 4 0 2 0 1 3 4 1 2 2 2 6 1 0 0 1 1 0 1 1 2 2 6 3 2 1 2 2 1 1 2 0 2 1 1 0 2 1 4 0 2 2 2 1 2 3 1 1 1 1 3 5 1 3 2 3 3 1 1 1 4 2 2 4 1 2 2 2 1 1 1 1 4 1 1 1 1 5 4 0 1 2 2 1 2 3 3 4 3 0 4 2 2 4 1 2 2 1 2 5 1 1 2 2 2 3 4 2 1 2 2 1 1 2 4 1 3 0 2 1 4 2 1 1 2 4 1 1 3 3 1 0 2 1 2 2 3 3 0 4 0 0 0 4 3 3 1 4 1 3 1 0 4 1 2 3 0 0 2 1 1 4 0 2 2 4 2 1 2 3 2 0 0 1 2 2 1 2 2 0 1 1 4 2 0 0 1 4 6 1 0 0 2 2 3 1 0 1 0 3 4 2 1 2 2 0 2 2 3 5 1 3 1 0 0 1 1 3 1 4 1 4 2 1 2 3 0 0 0 0 1 3 1 2 0 3 3 2 4 1 0 2 1 1 4 4 2 1 4 1 0 5 0 1 3 2 1 2 1 2 4 3 2 2 3 2 0 1 4 1 2 1 2 3 4 3 1 3 4 2 0 1 2 3 0 1 2 1 2 0 0 2 1 2 2 2 3 0 4 4 1 2 4 0 2 5 2 2 2 2 2 3 1 2 0 1 1 4 3 1 1 2 2 2 4 3 1 4 2 0 2 2 4 0 2 2 0 2 2 5 3 0 3 4 2 2 2 4 0 1 1 4 2 4 3 1 6 2 1 0 1 3 2 3 3 0 1 1 2 5 1 2 1 0 1 0 0 3 1 2 0 2 2 0 3 1 4 1 1 2 2 1 2 0 3 4 4 1 0 3 5 1 5 1 1 4 1 3 0 1 2 2 2 3 2 3 1 1 1 5 2 0 3 2 2 3 1 3 0 3 0 3 4 1 3 3 1 1 1 1 4 0 7 2 0 4 2 1 5 4 2 0 2 1 4 4 1 3 1 1 2 4 1 2 1 1 2 2 1 3 3 2 2 1 1 0 2 3 5 2 1 0 2 1 1 1 5 2 3 1 2 4 2 0 2 2 1 1 1 2 0 3 4 1 3 2 3 0 2 4 0 4 1 2 3 2 3 2 2 3 3 2 1 2 1 4 2 4 2 1 3 1 1 2 3 4 1 2 1 2 3 1 3 2 4 2 2 3 1 2 1 2 3 3 0 2 4 3 2 0 0 2 1 3 2 0 1 2 3 2 2 1 2 2 2 1 2 2 1 4 2 1 2 4 2 0 4 2 3 1 2 1 2 1 1 0 3 3 1 1 1 1 0 1 2 1 2 2 1 2 1 1 4 3 1 2 4 0 1 0 0 3 4 0 1 2 3 2 1 2 1 4 3 5 3 2 1 1 2 1 3 1 3 0 1 2 3 1 3 2 4 5 4 1 2 3 2 2 2 3 0 2 1 2 5 0 2 3 3 2 2 2 0 1 2 5 2 1 2 1 4 2 0 1 2 3 2 2 2 3 1 2 3 0 2 0 3 3 6 1 2 1 4 1 3 1 3 3 1 4 3 0 1 3 0 2 2 4 4 3 3 3 2 3 2 3 1 0 0 1 2 0 2 5 1 3 2 1 1 3 0 0 3 2 3 1 6 2 2 3 2 0 2 0 1 0 2 3 2 1 2 3 1 3 2 1 1 1 0 2 3 4 2 1 0 1 2 0 3 2 2 1 4 3 2 4 4 1 1 3 3 0 1 5 3 0 1 2 2 1 1 2 3 1 4 3 0 4 1 1 1 0 0 2 2 2 2 3 1 1 1 4 1 2 2 1 1 2 0 0 3 3 3 0 1 4 2 2 0 2 2 4 2 5 3 1 2 1 0 2 0 0 2 4 1 1 5 1 2 2 3 4 1 4 1 0 1 3 3 1 1 3 1 2 1 2 1 3 0 1 3 0 1 5 3 2 0 0 3 3 2 4 0 0 2 2 3 2 2 2 0 3 3 1 2 1 2 4 1 2 0 4 0 3 1 2 4 4 1 4 0 4 1 3 0 3 2 5 2 1 2 0 1 1 4 1 2 2 2 0 5 1 3 0 3 1 2 2 0 4 1 2 4 0 2 3 1 4 2 0 6 1 1 1 2 0 3 0 2 2 3 3 1 3 2 2 3 1 1 0 2 1 3 4 5 1 1 2 4 2 0 0 2 4 3 2 2 3 2 1 1 0 5 0 6 1 2 5 2 2 0 1 1 3 2 2 1 3 2 1 2 1 1 2 3 2 2 2 2 3 1 0 2 1 1 1 0 2 1 3 1 3 1 5 1 0 0 0 1 4 4 3 0 4 3 1 2 1 2 1 2 2 2 2 2 1 2 3 2 0 2 3 1 2 0 1 0 2 5 2 2 2 3 1 3 1 1 1 3 4 1 3 0 3 3 1 2 3 1 2 1 2 1 2 5 3 3 1 3 2 0 0 4 0 3 1 3 2 2 4 5 1 4 1 2 1 1 3 1 1 0 2 1 2 3 3 2 0 1 3 1 4 1 2 0 2 3 2 1 1 3 1 3 3 2 0 0 1 5 3 1 1 1 2 3 1 4 2 2 4 1 3 1 2 3 3 2 3 2 3 3 1 2 0 3 3 2 4 0 1 3 3 3 2 1 1 1 4 3 3 4 5 1 1 4 1 2 3 1 1 1 2 4 2 2 1 2 0 0 4 1 1 2 1 3 6 3 2 5 1 3 3 3 0 1 5 1 3 1 5 3 0 1 1 0 4 3 2 0 0 3 4 1 0 2 1 2 2 0 0 1 0 0 2 2 0 1 3 3 3 1 2 2 1 2 3 2 1 4 3 1 3 1 2 2 5 2 0 1 2 2 3 1 1 3 3 1 3 5 1 3 0 4 2 2 2 1 3 2 1 0 2 4 2 2 0 2 4 0 3 4 1 0 5 3 2 1 1 1 3 3 2 1 3 1 4 0 1 1 3 0 1 2 1 3 1 4 3 1 2 2 2 3 0 0 3 2 1 2 3 3 1 5 1 0 1 2 4 1 6 1 3 3 2 2 0 1 2 1 0 2 2 1 1 2 4 4 4 3 2 1 2 0 0 3 0 2 2 3 5 4 3 1 2 2 4 2 2 3 2 0 2 1 3 2 2 2 4 1 5 2 2 2 2 2 2 1 1 5 3 1 0 6 1 1 2 4 2 1 2 1 3 3 1 2 0 2 0 0 1 3 1 1 1 1 4 2 0 2 4 3 1 3 0 3 3 3 1 3 0 4 1 5 1 1 4 2 1 6 1 1 0 0 4 1 2 3 3 1 0 1 2 3 0 2 2 4 2 0 3 3 3 0 2 3 6 1 1 2 0 0 3 2 4 0 5 2 2 7 2 0 2 0 0 4 2 2 2 2 2 1 2 2 1 2 1 1 2 4 1 2 1 2 2 1 2 2 3 1 1 3 1 1 3 4 3 2 1 0 4 2 4 3 1 3 0 1 4 0 0 0 2 5 2 1 1 2 4 1 3 2 3 0 2 3 2 2 2 1 1 3 2 2 2 3 3 1 2 1 4 0 0 3 0 2 2 1 3 3 7 3 1 1 1 1 1 0 2 3 0 0 3 5 0 1 2 2 1 1 2 0 3 2 1 1 2 3 3 1 1 4 0 2 4 2 3 4 1 1 2 4 2 0 0 3 3 2 4 4 2 1 1 1 3 4 0 1 0 3 3 4 3 2 3 3 2 1 2 1 1 2 2 6 1 2 1 1 0 3 2 1 3 1 3 3 2 2 3 3 1 4 1 2 1 4 1 2 2 0 1 1 1 1 4 2 1 4 1 0 3 2 3 3 3 3 1 3 4 1 2 1 2 2 3 2 3 0 2 2 0 1 1 4 1 0 1 1 1 3 1 1 1 3 1 4 4 0 1 3 1 1 1 4 2 2 1 2 3 1 3 0 0 2 1 4 0 0 2 2 5 1 1 3 2 2 1 2 2 1 3 1 2 0 3 2 0 1 0 2 1 1 1 4 3 3 0 0 0 2 4 1 2 0 3 1 2 5 3 1 2 4 0 3 2 0 3 1 3 2 0 1 2 5 3 3 0 0 1 1 2 2 2 0 1 0 0 3 3 3 5 2 4 2 2 2 2 1 2 1 1 2 2 3 5 2 4 1 1 2 1 0 0 3 2 2 3 3 2 2 7 1 1 6 3 2 1 1 0 4 0 4 1 1 1 1 0 1 4 1 2 1 2 2 1 2 3 2 1 1 1 0 3 5 4 1 1 3 2 1 1 1 1 1 2 0 3 7 1 0 1 3 1 1 3 4 1 3 2 0 2 0 2 1 3 2 4 2 3 2 3 2 3 2 2 2 1 2 1 3 3 2 2 1 2 5 1 2 1 3 2 2 1 1 0 5 0 2 3 4 1 2 3 1 0 1 2 3 3 0 2 3 1 3 2 1 2 2 4 1 3 4 3 3 1 4 1 4 2 0 1 2 3 1 2 2 1 2 0 2 2 3 2 0 0 3 1 2 2 0 1 1 4 1 1 2 0 1 2 2 2 2 1 4 0 2 4 5 2 2 1 0 1 1 1 2 4 1 1 1 1 2 2 4 4 1 1 1 3 3 1 1 1 2 3 4 3 1 2 3 6 2 0 3 2 2 1 2 4 1 5 3 0 0 0 2 2 3 0 4 2 4 2 2 2 1 1 2 1 2 1 1 1 1 4 6 1 4 2 2 2 0 1 1 3 4 4 3 1 1 4 0 0 1 2 4 5 1 3 1 0 2 1 1 2 1 1 5 3 6 1 0 2 1 1 2 0 1 1 3 2 0 1 2 1 4 4 1 2 5 3 3 0 1 3 2 1 2 2 4 0 2 0 4 1 1 2 1 5 4 3 4 3 2 1 0 2 2 2 2 1 1 1 2 2 4 3 3 1 1 2 1 1 2 1 2 3 2 3 4 2 3 0 0 4 3 2 0 2 2 1 1 2 2 4 0 2 2 5 1 1 5 2 1 1 3 3 0 5 1 1 3 0 0 2 1 2 4 1 1 2 2 0 4 3 0 0 3 1 3 2 1 2 4 2 1 0 5 0 0 1 3 2 2 2 3 6 2 1 4 1 3 2 1 1 0 2 2 2 1 2 3 2 2 0 2 2 2 3 2 3 2 2 1 6 1 2 2 6 1 2 1 1 2 2 1 1 2 5 1 3 2 0 1 5 2 2 1 1 2 4 3 2 1 2 2 3 1 1 0 3 0 2 1 2 0 4 2 1 3 4 1 2 4 1 0 2 3 3 4 1 1 3 2 2 0 0 2 3 3 2 1 1 1 2 4 0 2 3 5 3 3 0 2 3 3 1 1 0 1 1 3 3 3 1 2 0 0 2 5 3 1 3 2 4 1 0 1 0 2 3 4 3 2 2 2 1 2 4 1 0 4 0 1 3 1 0 4 4 1 0 1 0 3 4 3 3 1 1 0 1 2 4 3 1 2 2 2 1 4 2 3 1 2 0 4 2 2 3 2 2 2 1 1 8 2 0 4 1 2 0 0 0 2 4 2 2 3 3 1 1 2 4 3 2 1 2 4 6 2 4 0 2 1 2 1 2 3 1 1 3 3 2 1 3 3 1 0 2 3 1 1 0 1 4 6 3 1 4 6 3 0 3 2 1 1 1 1 1 2 2 1 4 2 2 3 2 2 0 2 2 0 0 2 2 1 3 3 0 5 0 1 3 4 1 0 2 0 2 2 1 5 2 1 1 4 3 4 1 0 1 1 2 1 2 4 1 1 4 1 2 3 3 1 2 0 1 3 4 3 2 1 1 1 1 1 0 1 2 2 3 1 6 0 1 1 2 3 5 1 1 4 0 2 0 1 1 2 2 4 1 2 0 2 1 1 1 1 1 0 1 1 2 2 3 3 1 1 4 2 3 0 0 1 2 1 4 4 3 0 0 3 3 1 1 0 1 1 0 1 5 2 2 0 2 0 1 5 0 3 0 1 1 0 4 4 2 3 0 0 2 2 1 2 0 1 2 4 2 3 3 2 1 1 1 2 0 3 0 4 2 1 1 2 0 3 1 6 2 1 2 1 1 1 0 0 2 0 1 3 2 4 3 1 1 1 1 2 0 3 1 3 1 2 2 0 2 3 2 3 2 1 3 0 2 3 1 4 2 2 3 2 4 1 2 0 1 3 4 0 6 4 1 1 1 5 1 2 0 3 4 3 1 0 3 1 2 1 0 4 3 4 4 2 4 2 2 0 1 0 0 3 3 0 3 3 2 4 2 4 2 1 2 1 0 1 3 3 0 3 2 1 3 2 1 5 3 2 0 1 0 3 1 1 3 2 2 3 2 2 1 1 2 2 2 1 4 2 3 5 2 0 4 2 1 1 2 2 5 1 4 3 0 1 1 2 1 4 3 3 3 4 1 1 2 1 2 3 2 3 1 4 3 3 2 3 1 1 0 3 2 1 5 2 1 2 2 1 1 0 1 3 4 2 2 0 2 0 2 1 1 3 1 1 3 2 4 0 2 0 4 1 2 2 1 1 2 1 1 4 5 1 3 0 2 3 1 1 5 3 2 2 0 1 4 0 1 4 3 2 1 3 2 2 4 1 3 3 0 2 2 1 1 2 1 3 2 1 4 0 3 2 2 3 3 5 1 3 2 1 0 3 2 3 2 3 3 1 0 6 1 3 2 0 0 0 1 1 1 1 4 1 2 3 1 3 1 4 1 2 7 1 1 4 1 7 2 3 2 2 1 2 3 2 1 0 1 1 5 5 0 0 3 2 1 1 3 0 2 3 0 0 6 1 3 2 0 3 1 2 1 2 3 3 2 3 0 2 2 1 1 3 4 1 4 3 4 1 0 1 3 5 3 1 0 1 3 2 4 0 3 2 2 0 2 1 4 1 1 2 5 2 4 1 1 1 0 2 3 4 0 3 0 1 1 2 2 0 3 2 2 1 3 4 1 2 0 1 2 3 0 0 3 2 1 3 1 0 0 1 2 1 1 2 1 1 3 1 2 2 1 4 0 2 3 2 1 4 4 3 4 1 0 2 2 0 1 5 1 1 1 5 2 3 0 1 0 3 2 1 3 3 2 3 2 1 2 0 1 1 3 1 6 2 2 2 0 2 4 6 3 1 1 2 3 2 1 3 3 3 3 4 1 0 3 1 1 3 2 3 3 3 1 2 2 4 2 0 2 2 1 1 3 1 3 1 1 3 4 3 4 0 0 0 3 2 3 1 2 8 1 1 1 5 0 1 6 2 1 3 3 0 4 3 1 2 2 3 1 1 4 3 5 3 1 1 0 3 1 1 7 4 1 5 0 0 2 4 2 1 1 3 2 1 2 2 1 3 3 2 2 0 3 2 3 1 1 3 3 0 2 3 0 4 4 1 1 1 2 6 2 1 3 5 2 1 1 1 2 1 3 3 2 1 3 1 2 2 1 2 1 1 3 0 3 1 2 3 2 1 2 2 2 2 3 0 2 4 2 2 1 1 3 0 3 2 1 4 4 5 4 0 2 4 3 0 2 3 1 3 0 3 3 3 3 0 2 2 2 2 2 5 1 1 3 2 3 1 0 5 3 0 2 1 1 5 3 2 2 0 1 1 5 5 3 1 0 3 3 5 2 1 3 2 1 4 4 1 0 4 2 2 1 3 0 2 4 2 2 1 1 0 2 1 4 2 2 1 0 2 2 3 1 2 3 0 5 1 2 4 1 1 1 3 2 2 1 1 0 9 3 2 0 1 2 0 0 1 1 1 1 0 1 3 0 4 4 0 1 1 3 2 1 3 1 4 4 2 1 2 0 1 3 4 3 0 4 2 4 1 2 2 0 1 0 2 1 2 1 2 2 2 4 1 4 2 1 4 2 1 1 2 1 1 1 1 5 2 0 1 2 4 0 2 1 3 2 2 2 3 2 2 1 1 2 3 1 3 1 1 0 1 0 7 2 3 3 5 2 2 0 1 3 2 0 1 2 4 0 6 0 4 1 4 2 3 2 3 2 2 4 5 1 2 0 2 2 1 2 2 2 1 3 0 3 3 2 3 2 3 3 2 2 2 1 1 3 0 4 3 1 5 0 1 2 1 2 1 2 1 3 2 7 1 4 0 3 2 1 1 1 1 0 0 2 1 3 3 1 2 1 3 1 3 0 4 4 1 1 5 2 1 4 0 5 3 2 0 1 4 0 2 3 2 2 2 4 2 3 4 1 1 2 2 2 4 1 3 4 2 1 1 2 3 1 1 5 2 4 2 0 2 2 3 0 1 2 3 3 3 2 2 2 1 2 5 2 0 1 2 0 3 2 1 1 0 1 0 1 2 4 1 2 2 5 2 0 1 0 1 2 0 2 2 0 2 3 4 3 1 0 1 2 3 0 7 1 1 0 3 2 1 2 2 1 2 3 1 4 0 1 1 1 1 4 1 1 4 2 0 3 2 2 2 2 0 3 4 0 3 2 3 3 6 1 1 2 1 3 0 4 6 0 3 3 2 0 3 1 1 1 4 1 3 2 1 1 5 4 1 1 5 1 2 0 1 3 1 5 1 0 1 1 1 2 3 0 2 2 1 3 3 0 1 2 2 6 2 2 0 2 1 1 2 0 4 2 0 2 4 2 1 3 4 1 0 1 3 4 3 1 2 2 2 3 2 3 2 1 2 2 5 2 1 0 1 2 4 6 3 4 0 1 1 1 2 5 0 1 2 1 1 0 2 2 2 3 0 4 1 3 1 2 2 2 1 1 2 3 1 1 3 1 2 3 3 2 1 2 0 4 1 1 4 0 3 1 0 3 3 1 4 8 4 1 2 0 2 0 2 0 3 4 0 2 3 4 2 4 1 1 2 3 3 0 0 1 2 2 1 5 2 1 3 3 3 1 1 1 5 3 1 0 0 3 2 4 4 0 4 3 2 1 2 2 4 1 4 1 0 2 2 2 0 2 4 3 1 3 0 1 1 2 2 4 2 4 2 2 1 4 3 5 0 1 1 1 3 0 1 1 1 3 1 2 4 2 2 1 1 1 2 2 1 1 0 0 3 1 1 2 1 3 1 2 1 1 2 1 3 1 5 1 2 1 2 2 3 0 0 4 0 2 2 4 2 2 1 1 4 1 0 0 0 1 3 0 3 5 1 1 3 2 3 1 1 0 2 2 4 4 2 1 1 2 4 4 2 3 1 3 3 2 2 1 3 2 1 0 4 1 3 1 1 6 1 1 2 4 0 4 2 1 3 0 0 4 4 0 2 3 3 3 2 2 2 4 1 1 2 1 0 2 5 2 2 4 0 3 3 1 2 2 4 1 7 2 1 3 3 3 2 2 2 2 2 3 3 1 1 1 2 2 2 4 1 0 1 1 2 1 2 2 2 0 4 1 1 1 1 0 2 1 1 2 3 2 5 2 2 3 1 3 4 2 3 1 1 2 3 5 2 1 2 4 4 1 0 1 2 0 2 1 5 3 4 3 2 0 2 2 2 2 1 1 1 3 5 1 1 2 1 4 2 2 2 2 0 3 2 2 2 1 4 2 2 0 5 4 0 3 4 3 2 1 2 1 1 2 3 3 1 0 2 1 1 1 3 3 1 1 5 3 2 3 0 0 2 1 0 2 6 1 5 3 2 1 1 1 3 4 0 2 1 4 1 2 2 3 2 3 1 2 4 0 4 0 0 2 2 2 1 2 0 3 0 1 3 1 3 2 5 4 1 1 0 2 4 3 3 1 2 2 3 3 1 1 5 1 2 2 1 1 1 1 3 1 0 5 3 4 1 0 0 3 2 3 1 2 1 1 4 3 2 2 4 1 2 1 1 3 3 1 3 1 1 0 1 4 4 3 4 1 1 0 2 4 1 0 1 2 2 3 1 3 2 1 2 4 2 2 3 1 2 5 2 2 1 2 5 0 2 0 2 1 2 4 2 2 1 2 1 4 0 6 7 2 3 4 1 2 1 6 2 1 3 2 0 1 2 0 1 1 0 0 1 3 3 2 3 1 3 3 0 2 2 3 1 1 1 0 2 2 2 2 5 4 1 2 1 0 2 3 2 1 2 0 1 5 5 1 2 4 6 2 3 2 0 1 2 4 3 2 3 2 3 2 3 3 0 4 3 1 2 3 2 1 0 3 4 0 1 3 2 4 1 1 1 1 1 4 2 0 2 1 1 3 1 1 1 1 2 2 5 3 3 2 2 1 4 1 1 4 0 4 2 4 2 3 2 1 1 3 0 3 2 1 3 3 5 1 4 1 0 2 3 1 1 1 3 0 3 3 3 1 0 1 0 4 2 2 5 1 1 1 3 3 0 3 2 2 5 0 0 1 2 6 1 2 1 3 1 1 1 0 4 3 5 1 3 0 2 1 1 1 3 1 1 2 1 0 1 1 1 1 3 3 2 4 4 3 1 1 3 5 1 1 4 0 2 3 1 3 5 0 1 1 0 1 3 1 3 1 3 3 1 2 2 2 1 2 2 0 1 5 1 2 3 1 1 1 2 0 2 1 1 2 1 2 0 1 3 0 3 0 2 1 2 4 2 2 2 4 2 1 2 2 2 1 3 4 2 2 0 1 3 1 0 3 3 3 0 2 2 1 4 3 0 2 3 2 2 1 3 5 3 2 1 2 3 0 2 1 3 4 2 1 0 3 2 2 1 2 1 2 3 2 5 2 1 0 2 1 3 2 2 1 5 2 0 1 3 1 6 3 1 2 1 2 1 1 1 1 3 1 0 1 1 3 4 1 1 1 1 0 2 1 1 1 0 3 3 4 3 2 1 1 2 3 0 3 1 2 4 2 4 1 1 1 0 3 1 2 2 1 5 0 1 2 5 1 3 0 0 2 2 5 2 5 0 0 1 0 4 1 1 1 2 0 3 1 3 3 2 1 0 3 3 2 2 2 2 2 3 0 2 1 3 2 5 4 0 2 2 2 2 0 0 5 2 1 2 2 1 4 2 0 1 1 2 3 2 3 4 1 1 4 3 2 0 2 3 3 2 6 1 1 3 1 3 1 1 1 4 3 1 3 2 2 0 2 0 0 1 1 1 3 3 1 1 0 1 3 3 1 3 3 5 2 3 6 1 2 0 3 2 1 5 2 3 4 0 1 2 2 2 2 2 3 2 1 1 4 3 2 0 1 2 1 3 3 1 2 2 1 2 2 5 1 0 2 2 1 1 2 4 2 1 1 3 1 2 2 4 1 1 4 0 2 2 1 3 1 2 2 1 1 0 4 0 6 2 1 2 2 1 1 2 2 2 0 2 4 2 3 3 6 2 4 2 2 1 2 0 1 1 1 6 4 1 3 2 1 2 1 2 0 3 2 0 0 0 2 4 1 2 0 1 1 3 2 2 4 2 2 0 2 2 1 2 1 1 5 3 0 2 1 1 3 1 3 2 5 2 2 1 1 2 2 0 0 0 5 0 2 1 2 4 3 3 1 2 1 4 2 3 2 0 1 3 4 3 3 2 0 2 2 0 1 3 3 2 3 1 1 2 2 1 2 3 1 1 0 3 1 4 1 2 1 3 2 0 2 0 1 4 4 1 2 2 1 3 2 3 2 4 3 2 1 3 4 3 0 4 4 3 1 0 0 1 0 1 3 2 4 2 1 4 4 1 0 2 0 2 3 1 2 4 1 1 4 2 2 4 1 1 1 0 1 4 3 5 3 0 2 0 3 1 2 1 2 4 2 0 2 2 2 3 1 3 1 2 7 1 0 4 2 2 1 1 1 2 5 1 1 2 0 2 0 1 2 1 1 2 1 2 1 2 5 1 4 1 0 2 2 0 2 1 2 2 1 2 4 0 1 6 1 2 2 0 1 0 2 1 2 1 3 4 2 0 1 2 3 3 1 2 4 1 2 3 2 1 1 3 2 0 2 1 3 2 2 5 2 3 2 1 2 2 1 2 2 2 0 4 5 3 3 2 2 3 1 2 5 1 2 1 2 1 0 3 2 1 3 1 2 2 3 0 1 3 2 4 1 2 2 4 3 1 3 1 1 4 2 4 2 4 3 1 1 2 1 4 2 1 0 1 2 2 3 2 4 2 2 1 2 3 3 2 3 2 0 1 1 0 4 2 1 1 2 3 0 4 2 1 3 0 6 4 0 1 0 3 3 1 2 1 1 2 4 2 4 2 3 3 0 4 1 2 2 3 1 3 1 2 2 4 0 2 3 2 1 4 1 2 3 1 1 3 0 3 2 3 6 2 1 0 1 1 0 1 0 2 1 2 1 3 1 5 3 1 6 4 0 1 3 3 1 0 1 3 1 1 1 1 2 1 3 6 0 1 1 1 1 3 2 1 1 3 1 1 3 1 0 1 2 4 2 1 0 3 2 1 2 3 4 3 2 4 2 2 0 2 1 4 5 2 1 1 1 2 2 3 0 2 3 1 0 2 2 3 2 0 0 5 3 1 0 1 0 2 1 0 1 2 2 1 0 0 1 2 4 0 3 1 3 3 2 0 2 2 2 5 2 2 3 1 1 2 3 3 0 3 1 2 2 3 1 0 2 2 4 3 2 1 1 0 2 2 3 0 2 2 1 1 5 4 0 2 1 5 4 2 0 1 1 2 2 1 0 2 3 1 1 1 3 2 2 3 1 4 1 0 2 1 0 1 1 0 0 4 1 3 2 1 1 2 2 0 2 3 2 2 1 3 2 1 4 2 0 2 1 2 2 1 2 3 3 1 1 4 2 3 2 2 2 2 1 2 4 2 0 5 4 1 1 2 1 5 3 3 1 1 2 4 3 1 1 2 4 4 4 1 2 1 2 2 3 0 1 2 1 2 0 4 3 5 1 1 1 2 1 3 1 2 1 1 3 4 1 5 1 2 0 2 0 2 3 2 1 0 2 0 2 3 4 2 3 2 3 3 1 2 2 5 1 1 3 3 1 0 2 1 3 6 1 0 1 1 2 2 1 2 2 3 0 3 2 4 3 1 2 0 5 2 1 3 1 1 2 0 2 2 0 0 0 2 3 2 5 4 2 0 4 1 2 2 1 0 2 2 2 4 4 2 1 3 0 2 3 1 1 1 2 1 6 2 1 1 1 3 3 0 4 4 0 2 0 2 1 2 1 2 0 3 5 1 3 3 1 1 3 2 3 1 2 2 1 3 3 1 1 5 2 2 3 4 1 2 3 1 1 3 1 0 4 2 1 1 5 1 1 0 1 3 0 2 3 1 1 1 2 1 0 3 4 2 3 2 1 2 0 0 1 4 1 2 2 4 1 3 2 4 2 2 4 0 3 2 1 0 4 2 4 0 1 2 4 2 0 4 1 1 2 0 2 1 1 3 2 2 2 0 0 2 1 2 0 4 2 4 2 2 1 3 0 0 2 3 2 2 3 2 0 2 2 3 2 2 4 3 4 1 2 3 1 2 2 0 2 2 1 3 2 1 1 6 4 1 3 2 2 3 4 3 3 1 4 2 1 2 3 3 3 0 3 3 2 2 2 2 4 2 2 2 2 0 0 0 4 2 3 0 2 3 1 2 1 1 5 1 0 3 0 0 2 1 8 2 0 4 2 2 2 4 2 4 0 3 1 1 4 0 4 1 2 0 2 3 3 1 1 1 1 3 0 1 2 2 0 4 1 3 1 4 5 3 2 2 2 3 2 3 0 5 4 1 1 4 0 2 2 2 4 0 6 3 1 1 0 1 1 0 2 0 1 4 1 3 4 2 6 1 3 4 0 3 2 5 1 0 2 3 0 3 0 0 0 2 1 2 4 4 1 4 1 1 1 2 0 2 5 1 2 0 0 2 5 0 1 2 2 0 1 5 6 0 4 2 2 6 0 4 3 0 0 2 2 2 1 0 0 2 0 0 4 2 3 1 2 1 1 4 2 0 0 4 3 4 3 4 4 1 2 3 1 1 1 2 3 4 1 3 1 1 1 0 3 0 1 1 1 4 1 3 1 1 1 2 2 3 3 3 2 4 1 2 1 2 3 1 0 2 4 2 0 1 3 2 1 2 3 1 1 1 0 1 1 2 2 4 3 2 5 2 3 1 2 4 3 3 7 0 0 3 2 0 3 2 2 1 5 3 1 4 1 3 4 3 4 1 2 1 3 1 2 3 0 1 4 1 3 1 2 1 0 2 2 1 4 1 1 1 2 2 3 6 1 1 0 3 1 5 1 2 2 0 1 2 3 1 3 4 2 3 0 0 3 1 2 0 3 5 4 0 1 1 2 0 4 0 4 2 1 2 2 1 3 1 2 1 1 6 2 3 3 0 3 1 3 3 1 2 3 0 0 2 2 6 2 5 2 1 1 4 1 5 2 2 1 3 1 0 0 1 3 4 2 5 2 2 5 0 1 2 2 2 1 4 2 0 1 1 3 3 3 0 1 1 5 2 4 2 1 0 2 3 1 0 0 1 3 2 2 2 4 1 0 7 1 2 0 1 3 3 1 2 4 1 3 4 2 5 2 1 1 4 1 3 1 1 2 2 1 1 0 0 2 2 2 0 0 4 3 3 6 2 1 3 2 1 1 3 1 4 0 3 1 3 1 0 2 2 3 4 1 1 2 3 1 2 1 1 1 1 2 1 5 2 3 3 0 1 4 2 1 1 1 4 1 2 3 4 1 1 3 1 1 2 1 4 1 1 0 6 1 1 1 2 2 4 2 3 1 1 3 2 3 5 3 1 0 1 2 3 1 3 3 3 3 1 1 4 0 3 1 0 1 0 2 1 1 2 2 3 4 0 0 0 4 0 0 4 0 3 3 5 2 2 2 4 1 3 4 4 4 2 1 0 0 4 2 0 6 1 3 2 1 4 1 3 4 0 3 2 3 1 3 3 2 0 3 1 2 2 0 5 1 1 4 2 1 1 3 3 2 3 2 2 2 0 2 4 3 1 2 1 1 3 1 0 2 2 0 1 2 4 0 2 0 1 1 2 3 2 3 2 4 3 2 0 2 2 1 2 1 1 1 2 2 1 0 1 3 2 3 5 1 2 0 1 4 3 0 2 1 1 1 3 2 2 3 2 4 0 2 0 4 3 4 3 1 3 3 3 1 2 2 4 1 3 4 1 1 0 1 3 5 3 1 0 6 0 2 0 3 3 3 0 2 2 3 1 1 2 2 0 2 2 2 6 2 1 1 2 1 0 2 1 1 1 4 0 2 1 3 1 2 3 2 3 1 4 3 1 1 0 3 2 2 0 1 3 2 0 3 2 2 2 1 3 2 2 3 3 3 3 4 1 4 1 0 1 5 3 0 3 2 1 2 2 2 3 4 2 1 2 2 3 1 5 2 0 2 0 4 3 0 3 4 0 2 0 2 0 1 2 5 1 3 5 2 1 3 3 2 3 0 2 0 1 3 1 2 0 1 3 2 0 3 2 1 1 0 2 1 2 2 0 1 3 2 1 1 3 2 1 3 1 1 0 3 2 4 1 2 0 4 1 1 1 2 1 2 2 2 3 2 3 1 2 2 2 1 3 3 3 3 1 4 1 1 1 3 1 1 2 2 0 1 3 5 0 1 1 5 4 3 0 1 5 1 1 3 2 0 4 3 1 2 3 1 1 1 1 0 2 1 3 1 1 4 3 3 0 4 3 2 2 1 0 3 1 3 2 2 2 0 1 2 1 1 0 2 4 2 2 4 2 0 1 1 0 1 1 2 0 1 1 3 4 2 3 0 3 3 2 1 1 1 1 2 2 0 1 0 1 2 2 4 0 2 3 1 1 0 2 4 5 1 3 2 6 0 4 1 3 2 2 2 2 3 2 2 2 0 3 0 2 3 4 3 1 3 1 4 3 1 1 3 3 1 0 3 3 3 1 1 1 2 4 2 3 0 5 2 1 1 4 1 3 2 1 0 3 0 0 2 1 3 1 1 2 1 1 3 2 2 2 0 2 1 5 1 2 2 2 3 3 2 4 1 3 1 2 2 1 4 4 0 1 0 3 5 5 2 2 1 2 0 4 2 1 1 2 3 2 2 2 3 1 1 2 4 5 0 3 2 0 3 3 2 4 2 2 2 3 1 0 2 1 4 1 1 1 3 1 5 3 2 1 1 0 2 2 3 3 1 4 2 2 2 1 0 3 2 1 3 1 1 5 0 2 1 1 4 3 1 0 1 5 4 2 3 3 2 1 6 3 3 2 1 1 3 1 0 1 1 1 1 3 0 4 2 2 4 2 1 2 2 3 2 0 2 3 4 2 3 2 1 2 4 0 3 3 1 2 1 1 2 3 4 1 3 2 1 5 3 1 2 1 4 2 1 1 2 1 0 2 1 5 4 0 1 2 3 0 9 1 0 3 3 1 2 2 0 0 3 1 2 1 1 2 1 4 2 3 0 2 5 2 1 1 0 1 1 0 1 2 1 4 1 0 5 2 2 1 3 3 2 2 0 3 2 3 0 0 2 2 3 2 2 1 1 1 2 1 7 1 1 0 1 3 2 4 2 3 0 0 3 0 3 2 4 2 3 0 2 0 2 1 2 1 4 3 0 2 1 0 2 1 2 2 2 1 3 1 3 1 3 2 0 2 3 3 1 3 0 1 2 2 1 0 1 1 2 3 6 3 1 1 1 1 0 5 4 0 2 3 2 5 1 2 2 1 3 2 1 1 1 4 1 3 2 0 3 3 0 4 1 2 0 2 5 0 0 1 2 3 1 3 1 1 3 0 3 1 0 2 3 2 5 3 3 3 1 2 3 5 2 3 3 5 2 2 3 3 0 1 1 3 2 3 4 0 3 2 1 1 1 2 1 1 0 1 2 1 0 4 5 3 1 6 2 3 2 3 3 1 1 2 1 3 3 1 3 0 2 1 3 0 1 6 3 1 2 2 7 2 2 1 1 2 1 2 4 3 4 2 0 2 2 4 2 1 0 3 1 1 2 1 4 3 2 0 3 1 0 2 3 0 3 4 0 3 0 1 0 4 2 3 4 1 3 2 4 1 4 1 0 1 0 2 3 1 1 4 2 0 2 3 2 1 2 3 4 0 2 2 0 3 3 2 2 2 1 4 4 2 2 3 2 1 2 3 4 1 2 4 2 3 1 0 3 4 3 2 3 1 1 3 6 1 0 3 0 2 2 3 1 2 2 6 4 0 2 2 2 2 5 0 2 5 3 4 1 2 1 1 2 0 5 2 1 2 4 2 0 0 3 1 4 4 3 2 5 0 0 2 3 2 2 2 4 1 2 1 0 2 5 6 2 1 1 1 2 2 3 1 2 2 0 2 4 3 2 1 3 3 3 1 1 3 4 3 3 3 1 1 3 4 2 0 2 1 1 1 0 2 1 2 2 4 0 3 2 1 0 1 2 5 1 3 2 3 5 3 0 1 3 1 1 2 1 1 3 0 4 4 0 1 2 0 3 1 1 0 2 1 2 4 0 1 0 4 3 3 0 2 3 3 1 2 2 2 1 3 2 1 1 0 1 0 3 1 2 0 2 2 2 2 3 5 1 1 1 3 2 2 0 2 2 3 1 1 3 4 1 2 3 3 1 4 1 2 0 3 4 1 2 0 1 2 2 3 2 2 2 1 3 1 1 0 2 3 1 3 2 1 1 2 3 2 0 4 1 4 1 2 2 1 0 1 1 3 4 3 0 6 0 2 2 2 5 1 0 2 0 3 0 1 2 0 2 5 3 4 3 3 1 5 3 0 2 1 3 0 1 3 1 0 5 1 1 2 1 2 3 2 1 4 2 2 2 1 3 3 1 2 2 2 0 2 4 1 0 3 1 2 4 3 1 0 2 2 1 1 2 3 7 3 1 1 2 2 3 3 1 4 3 3 0 4 2 4 1 3 0 4 4 3 2 3 3 0 3 1 1 1 3 2 2 0 2 1 0 1 1 4 2 1 3 4 2 0 1 0 0 4 2 1 1 0 2 1 4 1 1 1 3 1 2 2 1 4 2 1 0 2 2 3 3 0 1 2 4 1 2 1 0 6 0 2 2 1 1 0 6 0 1 0 1 1 2 1 1 0 3 2 2 4 0 3 0 1 2 2 3 2 1 2 2 2 1 2 3 2 1 2 1 1 3 3 1 3 3 0 1 0 1 2 2 2 4 0 5 6 1 1 1 2 2 1 2 0 3 1 1 4 5 2 5 2 0 5 0 2 2 3 3 1 5 4 2 0 3 0 1 4 4 1 2 3 4 1 1 3 3 5 0 2 0 1 3 2 0 4 3 3 0 3 0 2 1 5 2 2 2 4 1 2 4 3 1 3 2 4 0 4 0 2 0 4 3 0 4 3 0 3 2 0 4 0 2 2 1 0 0 5 5 4 2 2 2 4 1 2 2 1 1 3 4 1 5 0 3 3 0 2 3 2 2 1 1 3 1 0 1 4 0 3 2 1 2 1 3 2 1 1 1 1 2 3 2 0 1 0 0 2 4 2 3 2 2 2 1 0 0 4 2 1 2 7 2 3 3 7 0 0 4 5 2 0 2 1 0 1 2 2 2 3 3 2 3 0 3 1 3 2 3 1 0 2 2 2 0 2 3 2 4 2 3 0 0 2 1 1 2 2 8 2 4 3 0 0 4 0 3 1 7 0 1 1 1 1 1 1 2 3 1 3 3 0 2 1 4 4 0 1 4 2 2 0 2 1 2 3 1 1 1 2 1 0 2 2 2 2 2 2 1 0 2 4 2 1 0 2 2 2 3 2 1 0 3 0 0 3 1 2 2 6 2 1 0 2 2 4 1 0 2 0 1 2 2 1 0 1 2 2 6 1 1 0 1 0 2 4 2 1 1 1 2 3 2 4 1 1 0 5 1 3 4 0 1 2 2 4 1 4 2 2 1 3 4 1 1 1 2 1 3 2 1 4 0 0 1 2 2 1 2 2 2 0 1 0 1 3 3 1 2 2 5 3 2 2 4 3 2 1 2 1 3 2 3 2 3 1 2 1 3 2 0 3 1 0 2 2 4 1 3 2 0 3 0 1 2 6 3 0 2 2 1 4 4 2 4 2 2 1 1 1 3 1 3 0 1 5 2 1 1 2 2 4 3 1 1 4 2 5 1 2 1 0 1 3 2 5 1 1 0 3 1 4 2 0 2 1 1 1 1 7 1 1 0 1 1 5 3 2 3 0 1 1 0 2 3 1 4 3 1 3 1 1 2 0 1 2 0 2 4 1 3 3 1 0 2 1 1 2 2 3 1 2 2 3 3 5 1 1 2 1 2 3 2 1 1 1 5 1 0 0 2 3 0 0 1 1 6 5 1 3 1 1 2 1 1 3 1 0 4 1 2 4 3 4 1 3 5 2 3 4 2 2 3 1 1 3 1 0 1 2 2 5 2 2 4 1 1 1 1 1 3 3 4 1 1 0 1 3 3 1 2 2 2 2 2 0 4 1 3 4 1 2 0 3 2 3 0 0 3 4 3 1 1 2 1 2 1 1 5 0 6 2 3 0 1 1 1 3 3 2 0 0 3 1 2 1 0 0 4 5 1 2 0 3 2 5 2 3 0 0 3 1 2 1 2 3 2 3 0 3 0 0 2 0 2 2 2 1 4 4 1 1 0 1 2 1 0 2 4 1 3 0 0 2 4 3 3 1 2 2 2 1 4 1 0 2 1 3 1 1 3 2 2 4 1 4 1 1 3 0 3 2 1 1 3 0 4 2 4 3 0 5 2 1 5 1 0 2 3 4 3 6 3 1 4 1 1 1 2 4 0 4 1 2 2 0 2 0 3 0 3 1 2 3 1 2 3 0 1 2 5 0 3 1 4 2 0 3 2 3 3 6 1 1 0 2 1 1 3 1 1 3 2 2 4 2 1 1 2 2 2 0 5 0 4 4 4 1 2 3 1 2 1 3 1 2 1 2 1 3 2 1 2 4 3 1 3 0 2 3 3 1 2 3 1 5 1 4 3 0 2 0 0 1 2 4 1 3 5 2 4 4 3 1 0 2 2 0 2 3 1 1 3 2 1 4 1 3 2 1 0 1 1 3 5 3 3 3 3 1 6 2 1 1 4 1 2 3 2 3 3 0 0 3 0 1 2 1 6 5 2 2 3 0 0 1 2 0 2 2 1 3 4 0 3 2 1 3 1 2 0 2 2 0 3 1 1 0 3 3 2 3 4 2 2 1 1 2 2 1 4 1 1 6 1 2 3 3 2 3 2 3 0 1 2 0 1 1 0 0 2 2 1 3 1 3 2 0 2 1 3 3 1 4 0 2 3 0 0 4 5 3 3 2 1 1 1 1 3 5 2 3 3 3 4 1 0 2 2 1 2 2 2 3 5 2 2 4 1 5 2 4 4 2 0 0 1 2 4 2 3 3 1 2 3 1 1 2 1 4 1 1 1 4 4 1 1 5 0 2 4 0 2 2 2 1 3 2 3 3 4 0 3 1 1 2 3 5 2 2 3 1 0 2 1 0 1 2 7 1 3 4 0 3 1 2 1 1 1 3 0 5 0 2 2 1 0 4 2 3 0 1 1 2 1 1 1 4 4 2 1 2 4 1 5 2 4 0 0 2 4 5 2 2 2 0 2 3 1 1 3 3 3 2 2 4 4 1 2 3 6 1 2 0 3 2 2 1 1 3 2 1 1 1 2 2 1 2 2 3 1 2 2 1 3 2 2 2 1 3 3 0 2 1 5 2 0 2 1 1 2 4 0 0 1 4 2 0 4 2 2 3 1 1 1 1 2 1 7 3 1 3 1 3 0 1 0 1 0 2 3 3 2 3 4 1 2 2 1 0 1 3 3 2 0 2 2 1 1 2 2 2 1 1 2 3 3 2 2 0 1 3 3 1 2 1 1 3 4 2 0 1 2 0 2 3 0 5 0 1 4 0 0 1 4 4 1 2 0 1 1 0 1 2 5 1 5 1 6 3 3 0 3 0 0 2 2 4 1 2 3 3 0 1 2 3 3 2 3 3 2 1 4 3 3 2 3 2 2 2 1 0 4 2 1 2 4 1 2 2 3 1 3 2 3 2 0 1 1 3 1 3 1 3 1 0 1 0 2 2 6 0 2 4 3 2 1 1 5 1 2 0 3 1 6 0 3 0 0 3 1 1 2 1 2 2 1 2 1 4 2 2 5 2 1 0 1 0 1 3 1 1 2 3 1 5 2 3 1 1 3 4 2 3 1 0 2 1 3 0 0 1 3 2 3 2 2 2 3 2 4 0 1 1 3 1 0 2 0 0 3 3 1 3 3 5 4 1 2 1 1 1 4 1 0 2 2 3 2 2 2 3 2 1 1 6 4 2 5 1 1 2 0 5 2 0 2 1 4 3 4 5 2 4 0 0 1 3 0 7 1 3 2 5 0 4 0 3 0 4 1 1 2 3 2 3 4 1 4 2 0 4 0 2 0 3 2 1 6 1 4 1 2 3 1 3 0 6 1 2 4 2 2 2 3 1 4 3 4 1 2 0 4 2 2 2 0 2 3 2 1 2 2 0 0 2 1 5 0 1 3 2 2 0 2 2 2 0 1 3 1 1 2 2 2 0 4 2 1 1 5 3 2 3 0 2 3 1 1 2 3 5 1 4 0 1 2 1 3 0 0 3 3 4 1 0 3 3 2 2 1 4 2 2 0 4 1 2 4 4 3 0 1 1 1 2 2 3 3 0 2 1 0 0 2 3 3 2 1 3 4 2 2 1 1 2 0 2 5 2 4 3 1 5 0 0 1 2 0 6 2 2 2 2 2 1 2 2 2 0 3 0 5 4 0 2 2 3 4 3 4 1 0 1 3 0 1 2 1 1 2 2 4 1 4 3 2 1 2 3 1 2 1 1 0 1 0 2 3 4 3 3 1 1 1 2 2 1 1 1 1 1 3 1 2 1 0 4 1 3 2 5 3 0 1 2 1 2 2 1 1 2 2 2 2 4 2 1 3 2 4 0 2 2 0 2 3 3 3 4 0 1 2 2 1 0 1 4 1 3 2 3 5 2 1 3 2 3 2 1 4 0 4 1 3 2 1 1 4 2 2 1 2 4 1 3 4 2 3 1 4 1 0 1 2 2 1 2 2 4 2 4 4 4 5 3 1 3 0 1 4 2 0 1 3 1 3 3 1 4 4 0 1 4 0 1 1 2 2 1 3 3 1 0 4 2 0 0 2 3 1 5 3 2 0 0 1 1 2 6 2 2 2 0 1 0 3 2 3 1 2 2 3 4 1 0 5 3 1 1 3 4 0 1 2 2 4 2 0 1 3 1 6 3 0 2 3 1 2 0 4 0 0 4 1 3 3 2 5 2 6 0 3 3 2 3 0 1 5 3 1 1 0 2 1 2 1 2 0 4 2 2 3 1 0 3 3 2 1 3 2 1 6 3 0 4 0 2 2 1 1 1 1 3 6 4 1 2 4 1 1 1 2 1 2 2 1 1 2 2 5 2 2 1 3 3 1 1 0 2 0 2 0 1 2 4 0 2 4 5 1 1 4 1 2 3 1 2 5 1 0 3 1 1 2 3 3 2 1 2 2 4 4 2 2 2 0 4 2 2 0 1 0 1 4 2 2 3 2 1 2 2 4 3 0 1 1 2 6 1 2 3 3 6 2 2 2 3 1 3 1 1 2 3 1 3 2 2 0 2 1 1 5 2 2 1 2 1 0 0 1 0 2 0 1 3 4 2 2 1 3 1 1 0 1 2 3 1 2 1 0 3 3 0 0 2 1 0 3 2 4 2 2 2 4 1 2 2 1 2 1 1 1 3 2 0 4 2 4 3 1 3 1 2 1 4 2 1 0 4 3 2 0 1 4 1 1 2 3 1 4 0 2 1 4 3 3 3 2 2 2 0 1 2 1 2 3 3 2 3 1 1 1 1 3 2 3 2 3 4 4 1 0 3 0 2 3 1 2 1 2 2 0 2 1 1 3 1 0 1 3 4 3 2 3 0 1 1 4 0 3 3 4 5 2 3 0 1 1 1 2 2 4 1 2 3 1 1 2 1 2 3 3 3 3 2 0 2 1 3 1 0 4 1 4 4 0 0 2 1 2 4 1 2 0 2 3 4 2 3 2 1 2 3 2 1 1 1 1 2 3 0 4 2 1 2 1 0 1 3 1 1 2 2 0 3 4 1 2 1 3 0 1 4 0 2 1 1 4 2 4 5 2 1 0 2 4 1 2 0 2 2 3 1 1 0 2 2 1 5 4 1 2 1 2 4 1 3 3 4 0 3 3 3 1 4 3 4 3 3 4 1 1 2 1 0 1 3 2 3 2 2 2 0 1 0 1 1 3 3 4 5 2 2 1 2 3 1 2 1 2 1 6 1 0 0 1 5 2 1 3 1 0 3 0 2 1 1 1 1 0 4 4 2 2 3 1 2 2 5 1 0 1 0 0 3 0 0 4 4 0 2 2 4 1 2 3 4 1 3 2 0 4 2 2 3 1 3 3 2 1 4 2 2 5 0 1 3 2 1 1 1 1 5 2 1 1 1 1 3 1 1 4 2 3 2 1 0 4 1 3 4 1 3 3 2 0 1 2 1 0 2 2 3 0 3 2 2 1 2 2 2 3 2 1 1 2 1 3 2 1 3 0 2 2 2 2 0 1 2 2 3 5 1 2 2 2 1 2 0 0 4 2 1 3 2 2 0 1 2 1 5 1 0 1 7 1 1 3 4 2 5 1 3 2 4 1 3 2 2 3 2 4 0 2 2 1 2 2 0 1 4 0 2 1 3 1 0 3 2 3 2 2 3 4 2 0 0 3 2 2 2 1 3 3 1 1 1 4 0 3 1 1 1 0 3 1 5 2 2 1 2 1 1 1 2 2 3 2 2 2 2 2 0 1 3 3 3 0 2 3 2 3 3 1 3 1 3 3 1 3 4 2 1 1 4 2 1 1 3 0 1 3 0 1 2 0 0 0 1 3 2 3 1 5 0 1 0 1 3 3 4 1 3 4 6 2 1 0 0 2 0 2 2 1 1 0 3 3 1 1 3 2 1 2 4 2 4 2 3 2 2 1 2 3 0 2 3 3 2 1 1 0 3 1 2 1 2 3 1 5 2 2 0 4 0 5 1 2 0 2 3 2 2 1 0 3 1 2 3 3 7 2 1 0 0 2 1 3 3 3 2 2 0 0 2 0 2 4 0 3 2 2 1 0 1 1 1 1 3 0 2 2 2 3 3 0 0 3 0 4 1 4 1 4 0 1 2 3 0 1 2 3 1 1 3 2 2 3 1 3 1 2 0 1 2 2 1 0 1 3 2 0 2 1 0 2 2 0 3 0 4 3 5 2 3 3 1 3 3 0 2 3 3 1 0 1 1 4 1 2 4 4 0 4 2 2 1 0 2 2 5 0 4 2 2 2 0 3 3 0 2 1 2 1 2 0 0 3 1 3 2 4 2 2 2 3 1 1 5 2 1 1 3 1 0 0 3 2 2 2 0 0 4 1 3 0 4 2 1 2 0 0 2 5 2 2 1 0 3 4 3 4 4 0 4 5 2 1 1 3 0 2 1 3 1 3 3 2 2 1 3 1 3 2 5 3 2 2 2 1 0 5 0 0 2 3 3 2 2 1 2 1 1 4 2 2 4 0 1 3 4 2 1 3 0 4 3 4 1 2 1 1 0 4 3 1 2 1 2 2 1 1 3 1 4 2 2 2 1 3 0 2 4 1 0 2 2 7 2 0 3 0 4 4 2 2 2 2 4 4 2 3 1 1 1 2 3 3 3 0 1 1 1 1 1 2 0 2 4 4 6 4 0 1 1 4 2 1 2 2 2 2 2 2 1 4 2 1 0 1 1 0 2 2 0 1 4 1 1 4 3 1 1 3 4 1 2 1 2 2 1 4 4 2 2 2 0 3 3 3 2 1 2 0 2 2 0 5 4 1 1 3 2 2 0 2 4 0 3 1 3 3 0 0 3 3 2 2 4 1 1 0 3 4 1 0 4 2 2 0 1 2 3 2 4 3 0 2 3 0 3 2 2 3 2 4 2 1 1 0 1 2 2 3 1 2 2 1 0 0 1 4 1 5 2 3 3 0 1 3 5 1 6 2 0 1 1 1 2 4 0 1 0 2 1 0 1 5 2 2 4 4 0 3 1 0 4 1 4 3 2 2 2 1 3 2 4 1 1 1 0 2 3 2 2 1 4 1 3 0 1 2 3 1 3 2 1 0 2 3 1 0 2 2 0 1 0 2 3 3 1 1 1 2 3 2 2 3 3 1 4 4 1 3 2 2 1 5 1 1 3 1 3 1 2 1 1 3 1 3 2 3 2 3 1 5 1 3 2 3 1 1 2 2 0 1 1 0 3 2 3 0 2 2 0 2 2 8 2 0 1 5 2 0 1 2 2 2 0 1 2 2 3 1 1 3 2 0 4 3 2 2 1 2 3 2 3 3 0 3 3 3 1 4 1 5 1 4 2 3 3 1 1 1 2 1 1 0 4 3 4 5 1 2 2 1 0 0 2 2 2 5 0 3 2 2 4 1 3 2 1 1 3 2 2 2 0 4 3 4 1 2 0 1 1 1 2 1 4 3 1 1 2 1 1 2 1 2 1 3 1 3 2 3 2 2 0 4 2 4 2 4 3 2 1 2 0 3 2 1 1 1 2 3 2 1 2 4 0 1 2 3 2 2 3 2 1 3 0 1 4 0 5 2 0 1 2 2 3 5 2 2 3 1 2 3 3 1 1 1 2 2 1 0 0 3 2 4 2 1 2 2 3 6 1 2 4 0 1 5 4 1 4 3 2 0 2 4 2 1 3 4 1 1 3 4 1 0 3 1 1 1 2 2 1 2 1 0 0 5 2 3 0 4 1 3 2 2 5 1 0 2 5 2 0 2 1 3 1 1 1 1 2 1 0 0 1 1 2 2 2 2 2 3 1 1 1 1 2 2 5 1 1 2 0 2 7 3 0 1 4 1 3 0 2 2 3 4 4 2 2 3 0 2 4 2 0 3 1 0 4 4 1 4 3 1 2 1 2 1 1 3 1 3 3 0 0 4 3 0 2 8 2 1 1 3 4 3 4 7 1 0 1 3 1 1 3 1 3 0 1 3 2 3 0 2 1 3 4 4 1 4 0 1 1 1 2 0 6 4 1 2 0 0 0 1 2 3 0 0 1 6 7 6 1 1 2 2 3 2 1 3 1 1 2 1 5 3 1 2 0 1 2 2 3 1 1 0 2 2 2 1 0 1 2 4 2 3 1 0 2 5 2 1 1 0 1 6 2 3 1 1 2 1 2 1 1 1 4 2 2 4 1 5 3 3 0 2 2 2 0 1 0 2 1 3 6 1 7 2 3 0 2 1 2 5 2 1 4 0 1 2 2 1 0 2 4 2 2 0 0 3 3 4 2 1 1 1 2 5 1 1 1 2 1 4 2 0 3 3 1 5 1 1 3 2 2 2 0 3 2 2 4 3 1 1 1 2 1 1 2 0 1 3 3 1 2 0 3 1 1 1 3 2 0 4 1 1 1 1 3 1 4 2 6 2 2 2 1 2 1 3 4 1 2 3 3 5 1 1 2 2 1 3 1 2 4 1 1 1 2 1 2 0 3 0 1 3 2 4 2 2 2 2 1 3 3 3 3 2 0 1 1 3 0 3 2 0 2 1 1 2 2 2 3 1 1 1 4 7 2 2 0 1 0 3 1 0 0 3 1 0 1 3 4 0 4 4 1 3 4 0 3 3 6 1 0 3 2 1 4 2 2 4 2 1 1 2 2 0 0 2 2 2 2 0 0 1 2 4 5 4 2 1 0 2 2 0 4 1 0 3 2 4 1 3 3 2 3 0 4 3 3 2 3 1 4 4 0 0 1 3 3 2 3 0 0 1 3 7 4 1 3 1 1 4 2 3 3 3 3 2 5 2 3 2 3 2 0 1 2 0 3 0 0 2 2 2 2 1 0 2 4 2 3 2 3 0 0 0 2 0 2 3 3 3 2 1 1 1 1 1 2 3 4 1 2 4 1 5 3 3 3 5 3 1 2 2 3 3 2 2 2 2 1 2 4 1 2 1 2 2 1 1 3 0 1 4 1 2 5 3 0 1 2 1 0 2 0 1 2 3 3 3 1 1 1 2 0 1 3 1 3 3 2 4 3 0 1 1 0 0 1 2 1 1 3 0 3 1 1 3 1 2 4 2 0 1 2 4 4 2 1 2 3 1 1 3 2 1 3 4 2 0 1 0 2 2 1 2 1 2 3 1 0 2 3 3 3 2 1 3 1 1 2 3 2 5 1 0 2 3 1 2 4 2 1 1 1 3 3 2 3 1 0 3 5 1 3 2 1 3 1 2 1 4 3 4 1 1 2 1 1 4 1 3 1 2 1 3 0 1 1 2 5 1 0 2 2 2 2 3 1 4 4 0 1 4 2 3 3 1 2 0 3 0 2 5 3 1 0 2 2 1 4 1 1 1 2 1 0 0 3 2 1 2 3 3 1 1 1 3 0 2 1 2 3 4 4 2 2 2 6 0 0 1 1 0 5 0 4 2 3 1 5 2 0 2 4 2 0 1 3 1 1 3 2 3 2 2 1 3 4 3 3 1 2 2 3 1 2 0 2 3 2 1 2 1 2 2 2 1 2 3 4 2 0 4 3 3 4 3 3 1 3 1 2 1 2 1 2 4 2 4 3 0 2 2 2 1 0 0 2 5 3 2 4 2 3 2 2 0 2 0 4 1 0 4 2 1 4 5 1 0 2 2 0 1 2 2 0 3 1 0 2 2 4 3 5 0 1 1 3 3 2 2 4 2 4 2 1 2 2 2 1 1 4 2 1 5 3 0 1 2 1 3 1 2 4 2 3 3 2 1 2 3 2 0 4 2 0 3 0 3 3 2 6 1 3 0 0 2 1 4 1 3 1 1 1 2 1 5 0 0 6 2 3 3 1 4 1 2 2 3 0 0 3 2 0 2 2 1 2 5 0 1 3 3 0 2 5 3 1 1 3 1 2 1 0 0 5 0 2 1 0 1 2 2 6 2 1 4 4 0 3 1 0 3 0 3 2 4 3 3 0 1 2 1 4 2 4 2 2 0 0 2 2 4 1 6 1 1 1 4 1 2 1 2 0 2 5 1 2 2 5 1 1 2 2 3 2 2 2 1 3 0 0 1 1 2 4 2 5 3 3 2 0 2 0 1 2 4 0 2 3 4 0 3 2 1 4 3 3 2 0 4 2 3 4 2 0 3 1 2 2 3 3 1 1 0 3 3 0 3 1 1 5 3 4 1 2 1 2 1 2 2 1 3 0 3 6 1 1 3 2 3 1 1 2 3 6 2 0 1 3 3 2 2 0 2 3 3 3 1 4 0 6 0 2 1 3 2 1 3 2 1 2 1 4 1 1 1 1 3 1 1 1 1 2 3 3 2 4 1 2 3 2 1 2 1 0 1 5 4 0 3 0 2 2 2 2 4 2 1 4 4 0 4 1 4 2 1 1 1 4 3 0 2 1 1 3 1 4 1 1 0 1 1 0 2 1 2 5 3 0 2 0 3 3 1 1 1 5 2 5 2 2 0 3 2 2 6 2 0 0 1 2 1 3 4 2 3 0 1 5 3 1 1 2 2 2 2 2 1 6 0 3 2 1 3 3 2 2 2 2 3 0 1 1 2 2 3 2 1 3 2 1 2 2 2 2 0 3 1 1 1 0 3 2 2 1 1 3 4 0 5 1 1 2 0 4 1 1 1 4 3 0 4 2 1 1 2 2 3 6 2 1 0 2 2 1 2 0 1 4 6 2 4 2 3 3 4 3 0 1 1 3 3 2 3 1 3 1 2 0 4 2 0 4 1 1 2 3 2 1 1 1 5 3 1 0 4 1 1 4 2 1 1 1 1 2 7 2 2 4 2 1 1 3 3 4 1 0 1 2 1 2 2 1 3 1 5 4 1 3 1 1 2 4 0 2 3 1 2 2 1 2 0 2 1 2 1 2 1 1 1 4 2 3 1 4 3 0 2 1 0 1 0 4 0 2 0 3 3 4 3 1 1 4 2 0 2 1 3 1 1 2 0 2 1 2 2 2 1 1 5 2 1 3 2 1 2 3 1 1 3 6 4 3 2 0 0 4 0 0 2 1 2 3 1 4 0 1 1 0 2 3 0 2 4 2 2 1 1 2 4 2 2 2 1 3 2 1 2 5 2 3 2 1 2 3 0 4 1 1 2 2 3 2 0 2 0 0 3 1 1 7 2 0 3 1 3 2 2 2 3 3 1 1 2 5 1 1 1 0 1 0 4 3 0 3 3 4 1 1 2 2 3 0 2 2 0 3 3 3 1 6 6 1 3 0 1 1 3 1 0 3 3 2 0 2 2 1 2 0 5 2 2 2 1 0 1 2 0 3 2 2 5 3 4 1 2 1 3 2 1 0 0 2 3 5 2 2 4 2 4 2 1 3 2 2 1 2 4 1 1 0 5 0 1 4 0 0 1 1 3 1 1 0 1 1 2 2 2 4 2 3 1 1 1 2 3 1 3 0 3 3 1 1 1 1 1 2 1 7 0 3 1 1 3 6 2 2 3 0 3 3 0 1 6 3 0 2 0 2 4 3 2 0 2 1 1 0 3 2 4 3 0 2 2 2 0 1 3 1 4 0 3 3 3 1 4 1 2 0 3 3 2 0 1 2 3 3 2 0 0 3 1 2 2 0 2 4 3 2 0 1 0 2 2 3 2 2 2 0 1 2 3 2 1 4 3 1 0 4 0 5 3 0 2 1 6 1 1 3 0 1 2 2 1 1 2 1 3 2 2 2 1 0 0 0 1 1 2 5 1 3 1 3 2 3 4 0 1 0 3 2 5 1 4 1 1 1 2 2 2 2 3 3 1 0 4 1 6 3 2 3 1 1 1 4 2 1 1 2 2 2 3 2 2 4 2 0 3 2 0 1 1 3 5 2 1 2 2 2 1 2 0 4 2 1 4 1 3 2 1 4 1 1 0 2 2 0 2 2 4 1 1 1 0 2 1 4 2 4 3 4 0 2 2 2 0 2 1 1 2 2 0 2 4 2 0 2 1 3 2 2 1 3 2 4 1 2 2 2 2 2 1 5 0 2 0 2 2 2 4 3 2 4 3 0 2 1 4 1 3 2 5 0 1 5 0 4 0 5 3 0 0 3 1 3 2 0 2 1 1 3 2 4 5 2 1 2 4 1 0 2 2 3 0 3 3 1 2 3 6 2 1 1 2 3 1 3 1 2 3 1 1 1 6 3 0 1 2 4 2 1 3 2 3 2 2 4 0 3 6 4 2 3 2 0 0 2 2 1 4 0 1 5 3 4 1 1 1 0 4 1 2 2 4 2 4 2 2 3 1 1 1 4 3 3 6 1 2 2 2 0 2 2 2 0 2 1 5 2 3 0 2 1 1 1 3 4 1 1 3 4 4 5 0 1 1 2 4 5 3 4 3 1 1 1 0 2 3 3 1 4 0 5 1 2 5 4 1 2 1 3 1 1 1 3 2 2 2 1 0 2 3 2 1 5 2 4 1 2 2 2 2 2 3 4 2 2 0 3 1 3 2 1 3 0 2 3 5 3 1 0 2 3 3 3 3 2 2 1 3 1 2 5 2 7 0 2 2 0 2 4 0 2 2 1 1 2 2 2 1 3 1 3 3 1 2 1 5 1 1 3 2 2 1 3 4 1 2 1 0 3 2 1 2 2 4 2 1 2 2 1 2 0 0 4 3 2 1 4 1 1 3 2 1 1 4 0 3 0 3 3 2 1 3 4 1 3 0 2 0 3 0 4 1 3 1 5 3 1 1 3 1 2 1 4 1 4 2 4 1 1 0 1 4 4 2 2 4 1 3 6 0 0 3 1 3 1 2 2 2 1 2 3 1 1 1 2 3 3 1 4 4 0 6 1 1 5 2 0 1 1 1 3 3 1 3 2 0 1 0 3 1 1 0 2 2 1 2 2 1 1 1 1 0 2 4 1 1 2 2 1 1 4 1 2 1 2 1 2 1 2 0 5 3 2 6 0 1 1 3 2 3 0 2 0 2 2 2 3 1 3 1 3 1 1 2 0 3 2 2 3 4 0 3 2 1 0 1 6 3 0 1 1 2 2 1 0 4 2 2 2 0 0 5 2 2 1 1 2 1 2 2 0 1 6 2 1 0 4 2 1 3 4 3 3 0 1 2 2 1 1 2 1 2 2 1 3 0 1 1 3 1 2 0 2 1 1 1 0 1 4 4 2 1 0 3 0 1 1 5 3 2 4 2 1 4 3 2 4 1 4 6 1 6 2 2 1 3 1 0 2 1 5 0 2 2 1 3 4 2 3 1 5 2 2 2 2 1 2 3 3 3 3 4 1 1 3 1 6 0 3 2 1 1 1 5 0 0 0 6 1 3 1 2 2 2 2 3 1 2 2 4 1 0 0 3 3 1 1 3 1 3 1 1 2 1 1 4 5 1 1 3 2 1 2 1 1 1 0 2 2 1 1 2 3 3 2 3 1 1 3 1 1 4 3 4 1 2 0 1 2 3 2 5 1 2 6 1 2 0 2 4 3 1 3 4 1 2 0 1 1 2 1 1 3 1 2 0 0 2 0 1 2 1 4 4 3 2 1 1 1 1 1 4 1 2 2 0 2 4 1 2 3 1 1 3 1 3 2 2 1 3 2 4 2 2 1 1 0 4 1 1 2 2 2 0 1 0 1 2 1 4 1 2 0 1 1 1 0 2 2 1 1 1 2 0 1 2 2 0 3 4 1 2 2 1 0 2 2 2 2 3 1 3 2 3 3 1 3 1 0 2 4 3 1 4 2 4 1 5 0 1 1 2 3 2 4 4 1 2 5 4 1 0 5 3 2 3 4 0 2 1 1 3 1 3 1 2 2 0 2 2 2 0 6 2 1 0 1 1 2 3 3 2 1 1 3 3 1 4 1 3 0 2 1 1 3 0 1 3 2 1 0 1 4 1 2 3 2 1 2 1 3 1 2 2 3 3 2 1 2 1 2 4 0 3 2 3 1 3 4 6 2 2 0 1 3 2 1 1 4 1 1 1 2 4 1 2 1 5 3 2 1 1 2 3 0 2 3 2 1 2 0 4 0 5 1 3 2 3 3 1 2 3 1 2 0 3 1 3 1 2 1 1 2 3 1 4 2 2 0 1 1 0 4 4 1 1 2 2 1 2 3 2 3 0 1 3 2 4 1 0 0 0 1 0 3 3 2 1 1 2 1 2 3 4 0 1 3 3 4 4 3 2 2 3 2 0 3 3 1 2 6 0 2 2 3 4 4 1 1 1 2 1 2 1 3 0 1 0 3 2 1 0 1 1 1 3 3 3 3 1 2 0 0 5 2 2 2 1 2 2 3 2 5 1 1 1 1 2 0 2 4 1 3 4 3 1 2 1 0 3 1 2 1 2 3 1 1 2 2 1 2 1 1 3 1 3 2 0 2 2 2 1 1 2 1 0 1 3 1 1 3 2 4 3 0 2 0 4 2 1 1 3 1 3 2 2 1 3 4 1 2 1 0 2 4 5 0 1 1 3 2 0 2 2 1 0 2 1 2 2 0 3 0 2 0 1 3 2 2 0 2 1 2 1 1 3 2 4 1 2 0 1 0 1 1 2 3 4 3 0 1 1 6 1 2 3 1 3 2 1 2 4 1 1 2 2 2 2 1 0 2 1 3 6 1 0 3 1 3 0 1 4 0 1 1 4 2 2 4 1 3 1 3 2 0 1 2 0 1 2 2 1 3 4 6 4 4 1 0 1 3 2 5 1 1 1 1 3 3 1 1 0 1 3 3 2 3 1 2 4 2 2 4 2 2 2 0 2 1 4 1 2 1 0 1 5 1 2 2 2 1 2 3 4 1 2 3 1 1 3 3 2 0 3 0 2 1 3 3 5 1 1 2 1 1 3 6 0 1 1 2 3 2 3 1 1 2 1 3 1 2 3 0 3 0 5 4 3 2 1 0 2 3 0 1 1 1 4 2 3 2 2 1 3 4 3 2 2 0 3 1 0 2 1 3 3 2 2 2 1 0 0 0 3 4 1 1 2 5 0 4 3 2 3 0 1 2 1 0 1 1 1 2 0 0 0 3 4 2 2 1 3 1 0 1 4 2 0 1 1 0 1 3 4 0 1 1 3 7 1 1 2 1 1 1 2 1 1 4 0 4 1 0 1 1 4 2 1 2 2 2 2 3 2 1 1 3 0 2 2 1 2 2 2 0 1 1 3 0 4 2 1 1 4 3 1 0 0 2 1 2 1 2 5 1 2 2 1 2 1 0 2 1 0 3 3 3 3 1 2 3 3 4 1 1 3 2 4 2 3 1 2 0 1 0 1 3 2 2 1 1 1 1 2 2 2 6 4 1 2 1 2 0 0 2 6 0 4 4 2 5 1 2 3 2 0 0 1 2 1 1 2 1 3 0 4 2 2 3 0 0 2 3 1 2 2 3 1 1 2 0 2 2 2 5 0 4 1 3 2 3 2 2 1 4 1 1 1 4 1 2 3 1 2 1 1 1 3 2 1 5 1 2 3 2 2 2 4 2 1 0 1 1 2 1 2 1 2 1 4 3 2 1 0 3 4 3 2 2 2 2 3 2 0 1 3 0 6 1 1 0 3 3 5 2 2 3 3 1 2 2 1 1 1 1 1 2 1 3 2 5 1 2 2 1 1 3 1 1 2 3 0 2 3 2 1 1 0 2 3 2 2 2 2 1 5 2 2 1 5 1 2 1 0 3 3 3 5 2 1 4 1 2 3 2 3 2 2 2 1 1 0 2 2 3 3 1 0 1 3 2 6 5 1 4 3 1 2 0 2 1 3 3 1 0 1 2 3 0 1 2 3 2 3 2 0 0 0 3 1 3 3 3 3 1 1 4 4 3 0 0 1 1 1 0 2 1 1 3 2 9 1 2 0 1 2 0 0 3 1 0 1 4 4 2 3 3 1 2 0 0 2 2 5 0 3 2 1 2 2 3 1 4 2 1 0 2 0 3 4 2 1 2 2 7 4 1 4 2 2 2 2 4 3 1 1 2 3 4 2 0 0 1 0 1 2 6 1 5 2 1 0 1 3 2 2 4 4 2 6 3 6 1 0 0 0 6 1 2 2 2 3 5 1 1 4 4 1 0 3 1 1 0 1 6 4 4 5 2 1 1 3 4 1 0 1 2 4 1 3 3 1 1 5 1 2 4 0 2 2 1 3 0 4 0 3 4 1 0 1 1 3 1 1 4 3 2 3 1 2 1 0 1 1 2 0 1 3 0 2 0 3 3 2 2 2 1 2 4 4 5 0 1 3 1 1 3 4 1 2 2 3 1 2 1 1 2 3 3 2 1 3 3 1 1 2 1 0 0 3 0 5 1 0 1 3 3 4 1 1 3 2 2 2 2 1 2 2 2 1 2 6 2 1 3 2 2 2 1 2 0 1 3 1 0 0 2 0 4 4 1 4 2 1 2 2 1 3 3 2 0 4 4 1 3 1 2 3 1 0 1 1 0 3 2 1 4 4 0 2 1 2 2 2 4 2 2 4 2 3 1 3 1 1 2 2 3 3 1 4 1 2 0 0 1 2 2 4 2 0 2 1 2 4 2 2 1 3 3 1 0 1 2 2 1 3 4 0 3 2 1 3 2 3 1 4 1 5 2 0 0 2 4 2 3 1 4 3 1 1 1 2 4 1 1 0 1 2 2 1 2 1 4 2 0 1 2 1 3 0 2 3 0 2 1 3 0 2 3 1 2 4 2 1 2 0 2 3 2 2 2 3 1 0 2 3 2 0 1 4 1 6 1 3 1 0 5 2 1 6 1 1 2 1 1 3 0 0 5 0 1 3 2 3 0 1 0 0 3 2 0 2 2 3 2 3 5 1 2 1 3 4 3 1 2 2 5 2 2 1 2 0 4 4 2 2 1 1 1 2 3 1 1 2 6 5 3 3 2 2 1 2 1 2 0 2 1 2 2 3 3 3 1 2 3 1 1 2 2 1 3 2 4 2 1 1 2 2 1 1 4 2 2 1 3 4 0 3 2 1 0 3 1 3 1 0 5 2 1 2 7 2 1 2 2 3 2 2 2 1 3 1 2 2 4 0 3 3 3 3 3 3 2 0 1 1 3 3 0 1 1 0 1 3 0 1 3 3 0 3 4 2 2 1 2 5 1 0 2 4 1 3 1 1 0 0 2 4 4 2 2 0 3 1 1 0 2 2 3 6 4 1 1 1 0 0 1 3 3 2 6 1 1 3 1 2 2 2 5 2 2 2 1 5 4 1 1 1 0 2 2 2 2 3 2 2 3 2 1 0 1 1 3 5 2 2 1 4 2 2 3 1 2 0 2 1 3 1 0 1 1 1 1 1 2 5 2 4 3 1 1 1 1 1 3 1 2 1 1 1 0 3 2 2 1 2 3 1 2 2 4 3 4 2 0 1 1 2 0 1 2 1 1 2 4 2 3 2 3 0 5 0 5 0 2 0 1 5 1 4 1 3 3 0 2 2 0 3 1 3 1 2 2 1 1 3 2 0 2 3 1 3 2 2 2 2 0 2 0 1 4 2 1 1 3 1 3 1 2 1 2 3 0 0 2 5 1 3 3 3 2 2 4 3 6 2 2 1 1 2 1 0 1 2 3 1 2 3 2 2 3 1 0 1 2 0 2 2 2 2 3 2 1 5 2 0 3 4 1 2 0 1 3 4 4 5 3 1 1 0 2 2 0 1 1 0 1 2 1 2 0 3 1 0 3 1 4 5 2 1 1 5 2 1 0 3 1 2 2 3 2 2 3 3 2 2 1 2 2 0 0 3 5 4 2 1 2 1 3 1 3 1 2 2 1 3 1 1 2 2 5 2 0 1 4 2 2 0 3 2 3 1 1 2 3 1 3 2 1 1 2 3 1 4 3 3 2 5 2 2 0 1 2 3 0 2 1 6 2 0 4 1 1 2 2 1 2 2 2 2 1 6 2 1 2 4 0 1 3 1 1 3 7 3 4 3 2 0 2 1 0 2 0 1 0 1 7 0 3 2 2 2 1 0 0 5 0 1 3 1 4 1 8 4 3 1 1 0 1 0 4 0 0 3 1 3 7 1 4 0 0 1 3 1 1 1 1 2 2 1 3 3 2 4 2 0 0 1 0 3 4 2 2 1 2 1 1 2 3 2 3 2 4 1 6 1 1 1 2 0 2 2 0 1 2 4 1 3 3 0 2 2 1 1 3 5 1 0 2 1 4 7 1 0 1 2 3 2 1 1 2 4 6 1 2 3 1 3 2 2 0 3 5 0 4 4 2 1 0 1 1 1 2 5 1 1 4 2 2 1 3 2 0 4 2 1 1 2 3 3 0 1 6 1 0 1 1 3 4 1 1 1 3 3 1 3 2 1 2 0 2 3 3 4 3 4 2 0 2 1 2 4 3 2 0 3 2 4 1 5 2 1 1 1 1 0 1 3 4 0 0 0 2 4 0 4 3 5 0 1 2 1 1 3 3 0 2 2 4 2 3 2 0 3 1 2 1 1 3 3 0 1 0 4 2 3 1 0 3 3 3 1 3 2 2 1 1 4 3 1 2 1 3 0 1 5 0 2 2 1 2 2 2 2 2 3 2 0 4 0 2 2 1 1 4 4 1 2 0 3 1 3 0 4 2 1 2 2 2 0 2 2 0 2 2 2 0 0 2 1 1 2 4 1 5 5 0 2 2 0 5 1 2 3 4 2 2 2 2 1 6 3 1 3 0 2 4 2 3 3 4 1 2 4 2 2 3 6 1 1 2 2 2 3 1 2 1 1 1 0 2 2 4 4 2 4 0 0 5 3 3 1 0 2 3 1 1 0 4 4 1 1 2 2 1 3 4 4 1 0 4 5 4 3 2 2 0 1 0 1 0 0 3 3 4 2 1 2 2 2 3 0 0 2 3 3 0 5 4 1 0 1 0 3 3 3 1 1 5 1 3 2 1 2 4 0 2 2 3 2 2 5 1 0 3 2 2 2 1 2 2 1 2 0 3 4 2 1 3 2 1 3 2 1 3 1 2 1 3 2 4 5 1 1 1 2 1 4 1 1 0 3 1 2 0 2 3 5 2 1 2 3 2 4 1 1 2 2 5 1 2 2 5 0 2 0 1 4 3 2 2 1 7 0 2 1 2 0 6 2 2 2 2 2 4 1 0 1 2 1 1 1 4 1 2 2 1 0 3 0 3 2 2 1 3 1 2 1 0 2 0 3 2 0 3 4 5 2 1 3 2 1 0 1 0 2 3 3 3 2 1 2 2 2 2 1 1 1 0 4 3 0 1 2 2 1 1 0 2 2 2 2 3 2 0 4 1 1 0 1 0 1 3 3 2 3 5 2 1 3 2 2 4 6 2 5 0 1 3 1 3 4 2 1 1 2 2 2 2 3 1 1 1 6 3 0 1 2 4 1 0 0 1 3 0 2 1 1 4 1 1 2 5 1 1 3 1 4 2 3 1 1 0 2 1 1 0 1 2 2 3 0 4 1 2 1 2 3 6 1 2 3 2 2 4 2 1 2 4 3 3 3 2 1 1 0 1 0 2 0 2 1 2 3 1 3 2 1 2 4 1 2 1 2 4 3 1 1 1 3 0 1 2 0 2 3 2 1 4 1 3 1 0 0 2 3 1 5 4 3 1 0 2 0 2 3 2 4 2 2 1 2 3 1 4 1 0 2 1 2 5 1 5 0 2 1 1 3 2 2 2 4 3 0 3 3 3 3 3 4 3 2 1 0 1 4 2 0 2 3 0 2 4 1 3 2 2 1 0 4 0 2 3 3 2 2 1 1 2 1 1 3 1 4 1 2 2 2 2 2 3 3 4 5 2 1 1 2 1 2 1 3 3 3 2 4 4 2 2 2 1 3 2 3 3 1 2 3 2 4 2 3 0 2 4 2 0 2 0 2 4 3 4 1 1 1 1 1 2 1 0 3 1 3 3 4 4 1 2 4 3 2 0 2 0 1 1 4 0 3 2 2 0 5 2 0 1 2 4 5 2 3 2 1 7 0 1 0 1 1 3 2 3 3 2 1 1 4 1 2 4 3 2 2 3 1 1 2 3 3 4 0 1 0 1 3 2 4 3 0 0 0 3 0 4 1 3 0 2 2 3 2 2 0 0 1 2 4 0 1 4 3 0 2 3 1 3 2 2 0 3 2 2 0 6 0 0 3 2 4 1 3 4 1 0 3 3 0 3 1 1 1 4 1 2 3 4 1 4 4 2 3 0 2 1 3 1 2 0 1 1 2 0 3 5 2 3 5 1 1 0 0 2 1 2 2 1 0 2 0 4 2 5 1 2 2 4 2 2 1 1 3 1 0 1 6 4 0 5 4 4 3 0 2 0 2 4 0 6 2 1 2 3 3 1 0 2 4 0 2 3 4 1 1 3 1 1 3 2 3 3 1 2 2 2 2 2 5 4 0 2 2 0 2 2 4 2 3 2 2 4 2 1 3 0 2 2 2 1 0 5 1 1 5 2 2 1 0 2 0 2 1 4 1 0 1 2 2 2 2 0 1 2 0 1 2 4 3 2 1 2 1 3 2 2 0 8 3 2 3 2 1 1 1 1 1 2 2 3 2 4 3 2 0 5 5 2 4 1 3 0 2 3 3 3 0 1 3 0 1 4 1 6 2 0 2 1 3 2 2 4 1 1 1 2 0 2 0 4 2 0 1 4 1 2 1 5 2 3 1 1 2 2 2 3 3 0 0 2 1 4 1 4 3 2 5 0 1 2 1 1 5 1 0 1 3 3 1 0 3 0 4 2 0 1 2 2 2 0 3 1 1 1 0 3 1 2 3 2 2 1 3 2 1 3 1 4 2 1 2 2 2 2 0 2 3 1 0 3 1 3 0 0 3 1 2 3 3 1 0 1 3 2 2 2 2 1 1 2 3 3 1 1 1 0 2 2 1 1 3 3 4 1 3 3 2 1 4 1 2 2 1 3 2 4 1 2 2 1 2 1 2 1 2 2 2 0 2 2 1 2 1 2 3 1 2 0 5 4 4 0 3 1 3 1 2 1 0 1 2 2 3 2 1 2 1 1 3 2 2 0 1 0 1 2 0 0 2 3 0 1 2 3 4 0 1 3 3 3 1 3 2 2 1 2 1 0 3 4 3 1 4 4 0 2 2 1 3 2 2 1 6 2 0 1 0 2 1 0 5 4 2 5 0 1 3 0 1 1 1 1 1 3 0 4 0 2 4 1 4 2 2 2 0 2 4 1 0 1 1 3 3 1 1 1 1 5 2 3 5 0 1 4 2 0 2 1 5 2 4 3 2 1 2 3 4 1 3 1 2 3 1 1 0 2 4 5 4 3 2 3 2 2 2 3 3 2 3 1 1 0 2 3 1 2 6 4 1 1 2 1 3 0 1 4 2 3 1 1 0 2 6 3 0 0 0 3 5 4 3 0 2 1 1 2 3 2 3 0 3 0 0 3 3 1 2 2 1 3 2 2 0 3 2 2 1 4 0 2 2 1 3 4 2 1 2 1 2 0 1 3 2 2 3 3 6 2 1 1 2 1 0 1 0 2 1 2 0 5 1 3 2 2 4 0 1 1 1 5 1 1 4 3 1 2 1 4 1 2 1 3 0 1 1 1 2 1 2 2 2 2 1 5 3 2 2 5 0 4 1 3 1 1 2 2 0 0 2 3 1 2 3 1 2 2 2 0 2 1 1 0 0 4 1 3 2 4 3 1 2 0 2 2 4 0 0 2 1 3 0 4 1 0 2 1 1 6 0 1 3 0 4 1 0 2 4 3 2 5 0 2 0 2 0 2 0 1 2 3 0 3 0 0 2 1 3 1 3 5 2 2 3 1 2 1 2 1 3 1 5 2 1 4 3 0 1 0 2 3 1 4 4 2 2 0 2 2 2 2 2 2 2 0 5 1 0 4 1 5 3 2 4 1 2 1 5 1 0 5 2 0 0 0 2 4 2 2 0 2 3 3 3 5 1 3 2 0 3 7 0 3 3 4 2 2 3 5 4 2 2 2 3 0 2 1 2 2 1 3 3 3 0 2 3 1 1 2 0 4 1 1 5 0 2 5 2 2 1 3 2 4 2 1 0 1 0 3 4 1 1 3 2 0 4 1 1 3 1 3 0 1 1 1 2 2 0 2 2 1 1 1 4 4 4 1 3 2 1 1 2 2 0 2 2 0 3 0 5 1 3 1 2 2 2 1 1 2 2 2 1 3 1 1 4 1 2 1 2 3 3 4 2 3 4 5 1 2 2 1 2 1 0 3 2 2 3 0 5 2 2 2 0 1 0 3 2 3 4 5 1 1 2 3 0 1 1 5 1 2 2 4 2 2 1 3 1 2 0 4 3 1 2 3 3 1 3 0 4 1 0 6 0 2 4 0 1 2 3 1 2 4 2 0 0 3 2 3 2 3 2 3 1 2 2 4 1 2 0 2 1 3 2 2 4 3 3 2 4 2 1 1 1 3 1 2 1 0 3 1 3 3 2 1 3 2 5 2 1 4 1 0 2 3 6 1 3 2 0 2 2 3 2 3 2 1 5 2 3 0 1 1 1 2 3 1 2 0 2 2 3 3 1 0 0 0 1 3 2 0 3 1 1 1 5 1 2 2 0 0 3 2 2 2 5 5 1 1 0 1 0 1 0 1 4 5 2 0 1 1 2 1 4 1 2 1 0 3 3 0 2 1 2 4 2 3 2 4 0 1 1 1 3 3 2 2 3 5 2 2 4 2 1 2 3 5 0 0 2 1 1 2 0 2 1 2 3 2 5 5 1 5 1 1 2 4 1 4 3 2 1 0 2 2 3 2 1 2 1 2 4 2 2 2 2 1 1 4 1 0 3 2 4 0 4 2 0 1 2 1 3 2 1 2 2 1 3 3 3 3 1 2 2 3 1 1 1 4 1 2 1 2 2 1 0 1 1 3 2 4 1 2 1 2 2 2 1 2 3 1 2 1 1 0 0 2 1 3 1 3 0 3 6 1 1 2 1 3 5 4 3 0 0 2 2 0 2 2 3 4 4 1 2 1 2 3 2 2 2 2 6 3 4 0 1 1 2 1 1 3 0 2 3 4 4 3 1 1 2 2 1 2 3 2 1 2 2 1 0 3 1 2 3 1 1 1 0 2 1 4 4 1 0 1 4 0 2 3 1 4 0 1 1 2 0 3 2 5 1 1 1 1 1 2 1 2 1 3 1 0 4 0 1 5 2 1 2 0 1 2 2 1 1 2 2 2 3 1 0 3 2 0 3 3 3 3 4 0 1 1 5 1 1 1 3 3 3 3 3 3 1 2 2 0 4 4 1 2 2 0 2 3 1 1 0 2 1 2 3 1 1 1 3 1 3 0 5 1 1 3 3 1 4 3 4 1 1 2 4 2 1 3 2 3 2 0 5 4 0 0 0 2 1 2 2 1 3 2 1 5 5 2 2 2 1 5 3 1 2 0 2 2 1 3 0 1 1 0 5 0 2 3 0 5 4 0 2 1 1 2 1 4 3 2 1 1 3 2 2 0 2 0 6 2 1 2 2 1 2 0 0 1 4 0 1 1 4 4 2 2 1 5 1 3 1 1 5 0 5 0 3 5 2 2 1 4 4 2 0 1 2 2 1 0 3 4 4 1 1 3 0 2 2 1 3 4 0 1 1 4 2 2 3 1 0 5 1 3 2 2 1 1 3 5 2 3 0 3 2 2 0 2 6 2 2 4 1 3 2 2 2 1 1 2 2 1 2 2 3 3 4 2 3 6 2 0 3 4 2 0 1 1 2 0 1 0 2 2 0 2 0 5 5 2 5 1 2 3 3 1 0 1 3 1 2 2 2 1 3 1 3 3 2 0 2 2 3 4 2 0 2 4 5 2 2 2 3 1 3 3 0 3 0 1 3 2 6 2 4 1 2 2 2 1 1 1 1 0 1 0 0 1 0 1 5 1 1 2 3 1 3 0 1 2 3 3 1 2 0 3 4 2 0 3 1 3 2 1 0 2 3 3 1 1 1 3 2 2 1 2 2 1 4 2 1 4 4 1 4 3 2 2 2 7 0 3 2 2 2 1 3 0 0 3 1 1 2 2 2 0 2 1 1 3 6 3 1 0 0 0 1 3 1 0 4 1 2 0 1 3 4 1 4 4 1 2 0 1 1 3 1 1 2 1 1 1 2 2 1 2 1 2 3 1 3 3 2 2 2 3 1 0 0 2 1 3 6 2 2 0 0 1 2 1 3 1 2 2 3 1 2 2 1 2 1 2 2 1 2 1 2 1 0 1 1 5 2 1 4 0 3 4 5 0 0 1 3 0 4 0 2 4 2 0 1 4 2 4 3 1 2 2 1 2 1 1 3 2 0 3 2 1 3 3 2 2 2 1 4 2 2 1 0 1 0 2 0 0 3 1 1 1 2 3 4 2 1 3 3 4 2 1 3 1 2 2 2 3 0 2 1 1 2 1 1 3 1 2 5 4 0 0 2 0 2 1 0 3 1 2 0 2 2 2 2 1 3 1 3 4 0 2 2 3 3 5 0 3 0 3 2 1 4 1 2 5 3 2 4 2 1 2 1 0 5 1 2 3 2 3 0 1 3 2 1 2 2 1 2 1 3 1 3 1 2 1 2 1 5 2 0 5 1 1 0 1 2 6 0 3 2 0 4 6 2 4 2 3 1 1 1 1 1 2 2 6 4 0 2 3 2 1 2 4 2 4 4 2 2 1 1 4 1 3 3 2 1 3 1 1 1 2 1 4 2 1 0 2 3 1 2 0 2 2 5 2 3 6 3 1 2 2 1 0 1 5 0 2 0 2 2 1 4 0 2 0 1 1 2 3 4 5 1 1 0 1 1 0 1 2 3 1 5 4 1 3 3 4 1 0 4 3 1 1 2 3 5 4 2 1 0 1 2 1 1 2 3 1 1 2 2 1 5 2 0 0 3 2 0 3 2 4 2 2 3 2 1 1 2 0 2 3 3 0 6 1 0 0 2 4 1 3 1 1 1 5 4 1 1 2 2 2 1 2 1 2 3 3 2 1 3 1 4 1 1 1 1 1 3 2 0 2 2 2 3 2 3 3 2 2 1 2 0 2 0 3 3 2 2 1 2 2 0 5 1 1 1 1 3 1 1 1 1 3 3 5 3 3 0 2 0 2 1 1 3 4 1 2 4 4 1 1 3 4 4 1 1 1 2 1 0 2 1 2 1 3 3 2 0 1 4 2 4 1 2 3 0 0 4 3 1 1 3 2 1 0 1 1 4 3 3 4 1 0 2 0 3 5 3 2 2 1 4 3 0 6 3 3 0 0 1 2 2 1 1 0 2 3 2 2 1 1 2 6 1 1 1 2 2 1 1 4 1 1 3 4 1 1 2 1 2 4 0 1 4 3 2 2 1 1 2 2 2 0 3 3 5 0 1 4 0 3 1 3 4 1 2 2 0 1 2 1 1 3 2 5 3 0 0 2 1 2 2 0 1 2 2 3 5 0 1 0 7 3 1 2 0 0 2 1 7 1 2 2 3 1 0 1 1 4 3 3 5 1 1 2 4 4 7 1 2 4 3 0 1 2 2 1 3 2 1 3 3 4 3 4 0 0 0 2 0 2 6 2 1 2 1 1 4 0 1 2 1 3 1 6 2 0 1 1 0 3 1 1 2 2 2 2 5 4 0 4 2 3 1 2 3 1 1 2 1 0 1 3 1 3 1 1 1 2 2 4 1 1 2 4 0 1 2 5 2 2 2 0 0 2 2 0 3 3 1 4 1 0 2 3 1 2 2 2 3 1 1 2 2 2 4 0 3 1 1 1 2 2 2 9 3 2 2 1 2 2 0 4 1 0 4 2 2 0 4 3 2 1 0 4 3 1 1 2 1 2 4 2 1 3 1 4 1 1 2 5 4 2 3 3 3 1 1 3 7 2 2 2 4 1 1 2 2 2 4 0 1 5 4 2 2 1 0 0 3 4 2 2 0 2 2 2 1 3 1 2 0 4 0 0 2 1 1 4 4 1 2 3 4 2 1 2 1 2 1 1 0 1 2 1 3 4 0 3 2 2 2 1 3 1 2 4 3 2 0 2 4 3 0 4 0 1 0 3 0 1 1 2 2 3 1 1 4 0 0 1 2 1 2 2 4 1 6 0 1 0 3 2 4 4 1 1 1 4 2 2 1 1 2 2 2 4 4 2 1 5 0 2 3 1 4 4 1 4 3 2 1 1 1 1 3 0 0 3 2 1 0 1 2 0 6 1 1 3 4 3 4 1 0 3 2 4 1 1 3 2 3 4 2 2 0 3 2 2 1 1 0 2 3 1 1 2 1 0 3 4 2 2 1 3 4 2 3 3 1 3 0 2 3 0 3 1 1 2 3 2 1 5 2 2 1 3 3 2 0 1 2 4 2 3 1 1 1 2 2 2 1 3 2 2 3 3 2 3 1 3 0 3 0 1 2 2 2 3 0 2 5 1 2 1 2 0 1 1 1 1 4 2 3 2 4 2 2 1 2 2 1 1 3 1 2 1 0 3 2 0 1 5 1 0 2 1 3 3 2 2 2 1 0 2 1 2 3 2 1 1 1 2 3 1 4 2 3 0 0 2 0 3 0 4 4 1 1 3 3 4 0 3 2 2 2 3 0 3 1 2 6 0 1 2 0 3 2 2 1 1 1 5 2 3 0 1 1 2 4 1 2 3 2 2 1 1 2 1 3 4 1 0 1 2 3 3 2 1 3 0 3 2 1 1 3 1 4 4 1 3 2 0 3 3 0 0 4 7 2 2 3 0 2 0 3 0 0 0 1 0 3 2 3 1 4 1 5 1 2 2 1 0 3 2 5 3 1 2 3 0 1 2 2 2 3 3 1 2 1 0 0 1 3 2 1 1 3 3 5 3 1 0 5 3 0 2 1 1 1 1 2 5 4 2 2 3 2 1 1 2 3 1 2 1 1 2 1 1 1 2 4 2 3 1 3 1 1 2 0 0 1 4 3 1 5 2 2 0 5 2 2 1 3 2 1 0 1 1 4 1 3 0 0 2 1 4 1 3 3 3 2 0 1 2 3 6 3 3 1 0 0 1 1 2 1 1 2 2 5 1 2 1 1 2 1 2 1 3 2 2 3 0 2 2 1 1 2 3 3 2 1 2 3 0 4 1 1 3 1 1 2 1 3 0 4 3 1 3 1 3 2 3 2 2 3 2 1 2 4 1 3 2 1 1 4 2 2 3 2 2 1 3 0 2 3 1 1 2 3 0 1 2 3 1 2 5 1 4 5 0 0 1 2 2 1 1 0 3 5 1 1 1 4 2 2 1 2 1 0 1 3 2 2 2 0 3 1 1 1 1 3 2 0 2 1 3 3 1 2 3 0 2 2 2 1 3 5 1 1 2 4 1 4 0 2 3 1 1 3 1 2 1 2 2 2 3 2 0 0 3 2 2 2 1 1 3 5 3 1 2 3 2 1 3 3 2 4 1 1 2 4 2 2 2 2 3 0 4 1 1 0 4 2 2 1 1 1 3 2 4 3 2 1 4 1 2 0 2 2 2 2 0 0 2 3 1 2 3 2 2 2 3 2 0 2 2 2 6 1 3 4 7 1 0 2 0 2 0 0 6 2 0 1 2 3 4 2 3 0 1 2 3 5 3 0 0 1 5 5 3 1 2 3 5 5 2 1 3 0 4 0 1 3 2 1 3 2 3 1 3 1 1 1 1 4 3 2 3 5 1 2 0 1 2 2 2 0 1 4 3 4 3 4 2 3 2 7 2 2 0 1 0 3 2 1 2 3 2 2 2 2 1 4 1 1 2 3 0 3 2 0 3 3 2 3 3 1 4 0 2 0 1 3 2 3 3 1 4 2 4 1 2 5 0 1 0 3 3 3 1 2 2 1 0 1 2 5 1 2 4 2 1 2 3 2 0 1 2 0 1 1 0 2 2 2 1 4 4 1 2 2 4 2 2 3 3 1 1 0 0 2 1 2 2 2 1 3 3 2 2 1 1 2 0 2 1 2 3 3 1 0 1 5 1 2 1 0 2 4 3 3 1 1 1 2 0 2 3 2 1 0 3 1 0 0 3 3 1 2 2 0 3 3 1 1 0 2 3 2 2 4 2 3 1 4 2 2 1 2 1 4 2 5 3 3 2 1 1 1 2 2 3 1 3 1 6 2 4 3 0 1 2 2 2 2 1 1 3 2 2 2 1 2 3 1 2 4 3 1 1 0 2 1 4 4 1 2 2 3 2 0 0 0 1 3 5 2 1 1 6 2 2 2 2 2 2 1 4 1 2 3 1 1 2 2 1 1 1 2 1 2 2 1 1 3 3 4 3 3 2 6 0 3 1 2 1 1 1 4 3 2 0 2 1 4 1 3 4 2 3 1 2 1 1 3 2 1 2 2 1 1 4 1 2 2 0 1 3 1 2 1 3 1 2 3 1 2 0 4 1 2 4 1 1 2 3 1 1 3 1 2 1 1 2 1 4 3 2 2 4 0 2 0 0 2 7 3 4 3 0 2 0 0 1 2 5 2 3 0 2 3 4 1 1 0 4 3 1 2 2 0 2 0 1 1 1 2 2 3 2 4 2 2 2 0 2 2 1 2 4 2 2 4 2 2 5 5 0 0 3 1 0 1 2 1 2 1 0 4 1 1 2 1 0 1 2 0 3 0 3 4 1 0 2 1 1 0 1 2 3 3 2 2 2 5 1 1 3 1 4 0 3 1 3 0 2 2 1 2 4 3 6 3 1 2 2 1 1 2 2 2 1 3 3 0 2 2 0 3 0 3 7 3 3 0 4 2 2 3 1 1 1 0 1 1 6 2 1 3 2 2 0 0 2 2 3 3 2 2 2 4 1 2 1 3 4 0 4 1 2 1 2 2 1 1 2 1 0 2 1 2 3 3 3 0 2 1 3 2 3 0 3 1 1 1 2 4 3 2 2 3 2 2 1 2 7 3 2 0 0 1 1 1 3 3 3 3 2 3 2 1 3 0 1 1 2 3 2 2 0 1 2 6 3 1 3 3 0 3 0 0 1 2 3 1 1 2 1 2 2 0 4 3 4 1 2 3 2 3 2 2 2 3 3 1 3 3 2 3 0 2 0 3 2 0 4 1 1 0 2 1 3 2 3 1 2 2 1 1 4 5 1 4 2 3 0 2 2 2 3 2 2 0 1 3 1 2 7 3 2 1 0 5 4 2 2 3 0 0 3 3 1 2 2 4 1 1 2 2 4 2 1 1 1 0 3 6 1 5 1 2 2 3 3 2 2 4 0 3 4 1 3 3 1 2 1 0 1 2 2 2 2 3 4 2 1 1 3 2 2 1 1 0 3 4 4 2 2 0 0 2 3 2 0 2 2 3 3 2 4 1 0 4 1 5 1 1 3 3 3 1 0 1 0 1 1 1 1 2 2 1 3 0 2 2 2 2 6 1 2 2 1 2 2 1 2 2 0 2 4 1 1 3 2 1 1 5 3 3 1 1 1 1 1 3 2 0 2 1 1 4 1 3 3 2 0 1 2 1 3 0 4 4 4 0 2 2 2 2 2 2 2 1 1 1 1 0 3 2 1 3 1 2 0 2 4 3 2 1 1 2 2 2 4 2 4 1 0 0 2 3 3 2 1 5 2 2 4 3 0 1 1 1 2 4 2 4 3 3 0 3 1 2 1 2 4 2 3 2 2 2 2 1 4 1 3 4 0 4 0 3 2 2 0 3 0 0 1 2 3 2 3 2 1 1 2 0 5 5 5 3 1 1 0 1 2 1 5 2 3 2 2 0 3 2 1 1 3 1 4 1 0 3 3 1 0 2 0 1 0 1 4 1 4 3 2 3 1 3 0 2 2 2 4 1 2 0 5 2 2 4 2 1 4 3 2 3 2 2 2 2 1 0 3 0 2 0 6 0 1 4 1 0 1 3 3 3 2 1 3 1 5 3 1 3 1 1 0 1 0 3 4 1 5 2 3 0 2 3 3 1 1 0 2 2 1 2 2 0 3 3 0 0 0 3 0 2 1 3 1 2 1 1 3 0 4 1 2 3 4 5 2 2 4 2 3 1 1 2 2 1 2 0 2 4 2 1 2 5 2 1 1 1 2 3 2 2 2 1 2 0 3 2 0 2 4 1 3 2 3 0 3 1 2 0 2 1 3 3 1 0 0 1 2 0 3 3 3 3 6 3 1 3 4 2 3 1 2 1 1 1 4 4 2 2 1 2 3 1 5 3 5 2 0 1 1 3 5 2 3 1 3 1 6 3 2 2 3 1 2 1 2 1 0 2 1 1 3 0 1 1 1 3 1 2 2 1 2 1 4 2 0 1 1 3 3 2 0 4 5 3 0 3 2 0 1 0 2 2 1 1 1 3 0 0 1 3 2 3 0 4 2 1 0 3 2 1 5 2 0 0 3 2 0 5 4 3 1 5 2 4 2 2 3 1 2 2 4 2 2 0 1 5 1 1 1 3 3 2 5 3 3 1 1 2 2 1 1 2 3 2 2 6 2 0 2 2 3 3 2 1 0 0 4 3 2 1 4 4 3 1 3 1 4 1 1 1 1 5 5 0 3 2 2 1 3 3 2 2 3 2 3 2 1 2 0 0 2 2 1 3 4 1 5 0 2 0 2 2 2 2 2 3 2 2 1 1 2 3 3 3 4 1 2 3 1 3 3 1 4 0 2 3 2 2 4 1 3 2 3 1 6 4 1 1 1 4 0 5 0 0 4 0 2 3 1 1 3 3 3 1 1 4 0 1 1 3 1 0 5 3 1 3 1 3 1 3 2 1 2 0 1 0 1 2 1 4 0 1 4 1 2 2 2 2 3 2 1 1 0 3 2 2 2 3 3 1 1 2 2 2 4 0 1 4 0 0 2 1 0 7 0 4 0 4 2 3 4 6 2 0 0 2 1 4 4 1 3 2 2 3 0 5 2 3 1 2 2 4 2 2 2 1 2 4 2 3 0 1 0 2 1 1 3 3 3 2 4 1 1 3 4 1 2 1 5 4 2 1 0 3 2 2 2 1 1 2 2 2 2 2 2 1 3 1 4 1 3 1 3 1 1 3 2 0 0 2 1 3 3 3 3 2 0 1 1 2 2 3 1 2 3 3 1 2 2 0 1 1 1 1 4 2 2 3 2 1 2 3 0 2 4 1 1 4 1 4 3 2 1 2 1 1 0 2 4 4 1 2 0 3 2 2 3 3 1 3 0 1 3 1 4 3 2 0 1 3 3 1 3 4 2 0 0 4 2 1 2 2 1 2 1 2 0 1 2 1 5 1 2 1 5 2 1 3 4 3 5 1 1 0 3 3 0 0 1 4 3 1 1 2 2 2 2 3 3 2 2 2 1 2 3 1 1 2 3 2 1 3 3 4 0 0 6 1 3 1 1 0 2 4 2 3 3 0 1 3 1 2 2 0 1 1 3 2 0 4 1 0 6 1 2 0 3 2 4 2 0 2 2 2 0 5 1 1 4 0 0 0 1 3 1 5 0 1 3 4 2 0 2 1 2 3 3 3 2 3 1 2 3 2 3 0 3 3 5 2 2 0 2 3 0 2 1 2 1 0 4 3 3 1 3 1 4 1 1 1 2 0 2 4 0 2 2 2 1 2 0 2 4 2 1 0 2 0 2 1 1 0 0 2 
</Matrix>
   <Matrix name="xloc" type="complete" rows="1" columns="900" multiplier="1.0">
   0 1 2 3 4 5 6 7 8 9 10 11 12 13 14 15 16 17 18 19 20 21 22 23 24 25 26 27 28 29 0 1 2 3 4 5 6 7 8 9 10 11 12 13 14 15 16 17 18 19 20 21 22 23 24 25 26 27 28 29 0 1 2 3 4 5 6 7 8 9 10 11 12 13 14 15 16 17 18 19 20 21 22 23 24 25 26 27 28 29 0 1 2 3 4 5 6 7 8 9 10 11 12 13 14 15 16 17 18 19 20 21 22 23 24 25 26 27 28 29 0 1 2 3 4 5 6 7 8 9 10 11 12 13 14 15 16 17 18 19 20 21 22 23 24 25 26 27 28 29 0 1 2 3 4 5 6 7 8 9 10 11 12 13 14 15 16 17 18 19 20 21 22 23 24 25 26 27 28 29 0 1 2 3 4 5 6 7 8 9 10 11 12 13 14 15 16 17 18 19 20 21 22 23 24 25 26 27 28 29 0 1 2 3 4 5 6 7 8 9 10 11 12 13 14 15 16 17 18 19 20 21 22 23 24 25 26 27 28 29 0 1 2 3 4 5 6 7 8 9 10 11 12 13 14 15 16 17 18 19 20 21 22 23 24 25 26 27 28 29 0 1 2 3 4 5 6 7 8 9 10 11 12 13 14 15 16 17 18 19 20 21 22 23 24 25 26 27 28 29 0 1 2 3 4 5 6 7 8 9 10 11 12 13 14 15 16 17 18 19 20 21 22 23 24 25 26 27 28 29 0 1 2 3 4 5 6 7 8 9 10 11 12 13 14 15 16 17 18 19 20 21 22 23 24 25 26 27 28 29 0 1 2 3 4 5 6 7 8 9 10 11 12 13 14 15 16 17 18 19 20 21 22 23 24 25 26 27 28 29 0 1 2 3 4 5 6 7 8 9 10 11 12 13 14 15 16 17 18 19 20 21 22 23 24 25 26 27 28 29 0 1 2 3 4 5 6 7 8 9 10 11 12 13 14 15 16 17 18 19 20 21 22 23 24 25 26 27 28 29 0 1 2 3 4 5 6 7 8 9 10 11 12 13 14 15 16 17 18 19 20 21 22 23 24 25 26 27 28 29 0 1 2 3 4 5 6 7 8 9 10 11 12 13 14 15 16 17 18 19 20 21 22 23 24 25 26 27 28 29 0 1 2 3 4 5 6 7 8 9 10 11 12 13 14 15 16 17 18 19 20 21 22 23 24 25 26 27 28 29 0 1 2 3 4 5 6 7 8 9 10 11 12 13 14 15 16 17 18 19 20 21 22 23 24 25 26 27 28 29 0 1 2 3 4 5 6 7 8 9 10 11 12 13 14 15 16 17 18 19 20 21 22 23 24 25 26 27 28 29 0 1 2 3 4 5 6 7 8 9 10 11 12 13 14 15 16 17 18 19 20 21 22 23 24 25 26 27 28 29 0 1 2 3 4 5 6 7 8 9 10 11 12 13 14 15 16 17 18 19 20 21 22 23 24 25 26 27 28 29 0 1 2 3 4 5 6 7 8 9 10 11 12 13 14 15 16 17 18 19 20 21 22 23 24 25 26 27 28 29 0 1 2 3 4 5 6 7 8 9 10 11 12 13 14 15 16 17 18 19 20 21 22 23 24 25 26 27 28 29 0 1 2 3 4 5 6 7 8 9 10 11 12 13 14 15 16 17 18 19 20 21 22 23 24 25 26 27 28 29 0 1 2 3 4 5 6 7 8 9 10 11 12 13 14 15 16 17 18 19 20 21 22 23 24 25 26 27 28 29 0 1 2 3 4 5 6 7 8 9 10 11 12 13 14 15 16 17 18 19 20 21 22 23 24 25 26 27 28 29 0 1 2 3 4 5 6 7 8 9 10 11 12 13 14 15 16 17 18 19 20 21 22 23 24 25 26 27 28 29 0 1 2 3 4 5 6 7 8 9 10 11 12 13 14 15 16 17 18 19 20 21 22 23 24 25 26 27 28 29 0 1 2 3 4 5 6 7 8 9 10 11 12 13 14 15 16 17 18 19 20 21 22 23 24 25 26 27 28 29 
</Matrix>
   <Matrix name="yloc" type="complete" rows="1" columns="900" multiplier="1.0">
   0 0 0 0 0 0 0 0 0 0 0 0 0 0 0 0 0 0 0 0 0 0 0 0 0 0 0 0 0 0 1 1 1 1 1 1 1 1 1 1 1 1 1 1 1 1 1 1 1 1 1 1 1 1 1 1 1 1 1 1 2 2 2 2 2 2 2 2 2 2 2 2 2 2 2 2 2 2 2 2 2 2 2 2 2 2 2 2 2 2 3 3 3 3 3 3 3 3 3 3 3 3 3 3 3 3 3 3 3 3 3 3 3 3 3 3 3 3 3 3 4 4 4 4 4 4 4 4 4 4 4 4 4 4 4 4 4 4 4 4 4 4 4 4 4 4 4 4 4 4 5 5 5 5 5 5 5 5 5 5 5 5 5 5 5 5 5 5 5 5 5 5 5 5 5 5 5 5 5 5 6 6 6 6 6 6 6 6 6 6 6 6 6 6 6 6 6 6 6 6 6 6 6 6 6 6 6 6 6 6 7 7 7 7 7 7 7 7 7 7 7 7 7 7 7 7 7 7 7 7 7 7 7 7 7 7 7 7 7 7 8 8 8 8 8 8 8 8 8 8 8 8 8 8 8 8 8 8 8 8 8 8 8 8 8 8 8 8 8 8 9 9 9 9 9 9 9 9 9 9 9 9 9 9 9 9 9 9 9 9 9 9 9 9 9 9 9 9 9 9 10 10 10 10 10 10 10 10 10 10 10 10 10 10 10 10 10 10 10 10 10 10 10 10 10 10 10 10 10 10 11 11 11 11 11 11 11 11 11 11 11 11 11 11 11 11 11 11 11 11 11 11 11 11 11 11 11 11 11 11 12 12 12 12 12 12 12 12 12 12 12 12 12 12 12 12 12 12 12 12 12 12 12 12 12 12 12 12 12 12 13 13 13 13 13 13 13 13 13 13 13 13 13 13 13 13 13 13 13 13 13 13 13 13 13 13 13 13 13 13 14 14 14 14 14 14 14 14 14 14 14 14 14 14 14 14 14 14 14 14 14 14 14 14 14 14 14 14 14 14 15 15 15 15 15 15 15 15 15 15 15 15 15 15 15 15 15 15 15 15 15 15 15 15 15 15 15 15 15 15 16 16 16 16 16 16 16 16 16 16 16 16 16 16 16 16 16 16 16 16 16 16 16 16 16 16 16 16 16 16 17 17 17 17 17 17 17 17 17 17 17 17 17 17 17 17 17 17 17 17 17 17 17 17 17 17 17 17 17 17 18 18 18 18 18 18 18 18 18 18 18 18 18 18 18 18 18 18 18 18 18 18 18 18 18 18 18 18 18 18 19 19 19 19 19 19 19 19 19 19 19 19 19 19 19 19 19 19 19 19 19 19 19 19 19 19 19 19 19 19 20 20 20 20 20 20 20 20 20 20 20 20 20 20 20 20 20 20 20 20 20 20 20 20 20 20 20 20 20 20 21 21 21 21 21 21 21 21 21 21 21 21 21 21 21 21 21 21 21 21 21 21 21 21 21 21 21 21 21 21 22 22 22 22 22 22 22 22 22 22 22 22 22 22 22 22 22 22 22 22 22 22 22 22 22 22 22 22 22 22 23 23 23 23 23 23 23 23 23 23 23 23 23 23 23 23 23 23 23 23 23 23 23 23 23 23 23 23 23 23 24 24 24 24 24 24 24 24 24 24 24 24 24 24 24 24 24 24 24 24 24 24 24 24 24 24 24 24 24 24 25 25 25 25 25 25 25 25 25 25 25 25 25 25 25 25 25 25 25 25 25 25 25 25 25 25 25 25 25 25 26 26 26 26 26 26 26 26 26 26 26 26 26 26 26 26 26 26 26 26 26 26 26 26 26 26 26 26 26 26 27 27 27 27 27 27 27 27 27 27 27 27 27 27 27 27 27 27 27 27 27 27 27 27 27 27 27 27 27 27 28 28 28 28 28 28 28 28 28 28 28 28 28 28 28 28 28 28 28 28 28 28 28 28 28 28 28 28 28 28 29 29 29 29 29 29 29 29 29 29 29 29 29 29 29 29 29 29 29 29 29 29 29 29 29 29 29 29 29 29 
</Matrix>
   <Matrix name="neuronTypes" type="complete" rows="1" columns="900" multiplier="1.0">
   2 2 2 2 2 2 2 2 2 2 2 2 2 2 2 2 2 2 2 2 2 2 2 2 2 2 2 2 2 2 2 2 2 2 2 2 2 2 2 2 2 2 2 2 2 2 2 2 2 2 2 2 2 2 2 2 2 2 2 2 2 2 2 2 2 2 2 2 2 2 2 2 2 2 2 2 2 2 2 2 2 2 2 2 2 2 2 2 2 2 2 2 2 1 2 2 2 2 2 2 2 2 2 1 2 2 2 2 2 2 2 2 2 1 2 2 2 2 2 2 2 2 2 2 2 2 2 2 2 2 2 2 2 2 2 2 2 2 2 2 2 2 2 2 2 2 2 2 2 2 2 2 2 2 2 2 2 2 2 2 2 2 2 2 2 2 2 2 2 2 2 2 2 2 2 2 2 2 2 2 2 2 2 2 2 2 1 2 2 2 2 2 2 2 2 2 1 2 2 2 2 2 2 2 2 2 1 2 2 2 2 2 2 2 2 2 2 2 2 2 2 2 2 2 2 2 2 2 2 2 2 2 2 2 2 2 2 2 2 2 2 2 2 2 2 2 2 2 2 2 2 2 2 2 2 2 2 2 2 2 2 2 2 2 2 2 2 2 2 2 2 2 2 2 2 2 2 2 2 2 2 2 2 2 2 2 2 2 2 2 2 2 2 2 2 2 2 2 2 2 2 2 2 2 2 2 2 2 2 2 2 2 2 2 2 2 2 2 2 2 2 2 2 2 2 2 2 2 2 2 2 2 2 2 2 2 2 2 2 2 2 2 2 2 2 2 2 2 2 2 2 2 2 2 2 2 2 2 2 2 2 2 2 2 2 2 2 2 2 2 2 2 2 2 2 2 2 2 2 2 2 2 2 2 2 2 2 2 2 2 2 2 2 1 2 2 2 2 2 2 2 2 2 1 2 2 2 2 2 2 2 2 2 1 2 2 2 2 2 2 2 2 2 2 2 2 2 2 2 2 2 2 2 2 2 2 2 2 2 2 2 2 2 2 2 2 2 2 2 2 2 2 2 2 2 2 2 2 2 2 2 2 2 2 2 2 2 2 2 2 2 2 2 2 2 2 2 2 2 2 2 2 2 2 2 2 1 2 2 2 2 2 2 2 2 2 1 2 2 2 2 2 2 2 2 2 1 2 2 2 2 2 2 2 2 2 2 2 2 2 2 2 2 2 2 2 2 2 2 2 2 2 2 2 2 2 2 2 2 2 2 2 2 2 2 2 2 2 2 2 2 2 2 2 2 2 2 2 2 2 2 2 2 2 2 2 2 2 2 2 2 2 2 2 2 2 2 2 2 2 2 2 2 2 2 2 2 2 2 2 2 2 2 2 2 2 2 2 2 2 2 2 2 2 2 2 2 2 2 2 2 2 2 2 2 2 2 2 2 2 2 2 2 2 2 2 2 2 2 2 2 2 2 2 2 2 2 2 2 2 2 2 2 2 2 2 2 2 2 2 2 2 2 2 2 2 2 2 2 2 2 2 2 2 2 2 2 2 2 2 2 2 2 2 2 2 2 2 2 2 2 2 2 2 2 2 2 2 2 2 2 2 2 1 2 2 2 2 2 2 2 2 2 1 2 2 2 2 2 2 2 2 2 1 2 2 2 2 2 2 2 2 2 2 2 2 2 2 2 2 2 2 2 2 2 2 2 2 2 2 2 2 2 2 2 2 2 2 2 2 2 2 2 2 2 2 2 2 2 2 2 2 2 2 2 2 2 2 2 2 2 2 2 2 2 2 2 2 2 2 2 2 2 2 2 2 1 2 2 2 2 2 2 2 2 2 1 2 2 2 2 2 2 2 2 2 1 2 2 2 2 2 2 2 2 2 2 2 2 2 2 2 2 2 2 2 2 2 2 2 2 2 2 2 2 2 2 2 2 2 2 2 2 2 2 2 2 2 2 2 2 2 2 2 2 2 2 2 2 2 2 2 2 2 2 2 2 2 2 2 2 2 2 2 2 2 2 2 2 2 2 2 2 2 2 2 2 2 2 2 2 2 2 2 2 2 2 2 2 2 
</Matrix>
   <Matrix name="starterNeurons" type="complete" rows="1" columns="90" multiplier="1.0">
   7 17 27 31 34 41 44 51 54 97 107 117 121 124 131 134 141 144 187 197 207 211 214 221 224 231 234 277 287 297 307 317 327 331 334 341 344 351 354 397 407 417 421 424 431 434 441 444 487 497 507 511 514 521 524 531 534 577 587 597 607 617 627 631 634 641 644 651 654 697 707 717 721 724 731 734 741 744 787 797 807 811 814 821 824 831 834 877 887 897 
</Matrix>
   <Matrix name="neuronThresh" type="complete" rows="1" columns="900" multiplier="1.0">
   0.015 0.015 0.015 0.015 0.015 0.015 0.015 0.0136439 0.015 0.015 0.015 0.015 0.015 0.015 0.015 0.015 0.015 0.0135698 0.015 0.015 0.015 0.015 0.015 0.015 0.015 0.015 0.015 0.0136035 0.015 0.015 0.015 0.0136205 0.015 0.015 0.0136548 0.015 0.015 0.015 0.015 0.015 0.015 0.0136523 0.015 0.015 0.0135773 0.015 0.015 0.015 0.015 0.015 0.015 0.0136396 0.015 0.015 0.0135992 0.015 0.015 0.015 0.015 0.015 0.015 0.015 0.015 0.015 0.015 0.015 0.015 0.015 0.015 0.015 0.015 0.015 0.015 0.015 0.015 0.015 0.015 0.015 0.015 0.015 0.015 0.015 0.015 0.015 0.015 0.015 0.015 0.015 0.015 0.015 0.015 0.015 0.015 0.015 0.015 0.015 0.015 0.0136163 0.015 0.015 0.015 0.015 0.015 0.015 0.015 0.015 0.015 0.0136357 0.015 0.015 0.015 0.015 0.015 0.015 0.015 0.015 0.015 0.0136223 0.015 0.015 0.015 0.0136272 0.015 0.015 0.0135701 0.015 0.015 0.015 0.015 0.015 0.015 0.0135748 0.015 0.015 0.0135779 0.015 0.015 0.015 0.015 0.015 0.015 0.0136135 0.015 0.015 0.0136465 0.015 0.015 0.015 0.015 0.015 0.015 0.015 0.015 0.015 0.015 0.015 0.015 0.015 0.015 0.015 0.015 0.015 0.015 0.015 0.015 0.015 0.015 0.015 0.015 0.015 0.015 0.015 0.015 0.015 0.015 0.015 0.015 0.015 0.015 0.015 0.015 0.015 0.015 0.015 0.015 0.015 0.015 0.0136323 0.015 0.015 0.015 0.015 0.015 0.015 0.015 0.015 0.015 0.013608 0.015 0.015 0.015 0.015 0.015 0.015 0.015 0.015 0.015 0.0136095 0.015 0.015 0.015 0.013569 0.015 0.015 0.0135809 0.015 0.015 0.015 0.015 0.015 0.015 0.0136278 0.015 0.015 0.0135908 0.015 0.015 0.015 0.015 0.015 0.015 0.0136468 0.015 0.015 0.0135825 0.015 0.015 0.015 0.015 0.015 0.015 0.015 0.015 0.015 0.015 0.015 0.015 0.015 0.015 0.015 0.015 0.015 0.015 0.015 0.015 0.015 0.015 0.015 0.015 0.015 0.015 0.015 0.015 0.015 0.015 0.015 0.015 0.015 0.015 0.015 0.015 0.015 0.015 0.015 0.015 0.015 0.015 0.0136072 0.015 0.015 0.015 0.015 0.015 0.015 0.015 0.015 0.015 0.0135994 0.015 0.015 0.015 0.015 0.015 0.015 0.015 0.015 0.015 0.0136304 0.015 0.015 0.015 0.015 0.015 0.015 0.015 0.015 0.015 0.0135665 0.015 0.015 0.015 0.015 0.015 0.015 0.015 0.015 0.015 0.0136164 0.015 0.015 0.015 0.015 0.015 0.015 0.015 0.015 0.015 0.0135824 0.015 0.015 0.015 0.0136507 0.015 0.015 0.0136407 0.015 0.015 0.015 0.015 0.015 0.015 0.0135699 0.015 0.015 0.0136457 0.015 0.015 0.015 0.015 0.015 0.015 0.0136186 0.015 0.015 0.0135945 0.015 0.015 0.015 0.015 0.015 0.015 0.015 0.015 0.015 0.015 0.015 0.015 0.015 0.015 0.015 0.015 0.015 0.015 0.015 0.015 0.015 0.015 0.015 0.015 0.015 0.015 0.015 0.015 0.015 0.015 0.015 0.015 0.015 0.015 0.015 0.015 0.015 0.015 0.015 0.015 0.015 0.015 0.0136527 0.015 0.015 0.015 0.015 0.015 0.015 0.015 0.015 0.015 0.0135869 0.015 0.015 0.015 0.015 0.015 0.015 0.015 0.015 0.015 0.0136385 0.015 0.015 0.015 0.0136005 0.015 0.015 0.0136322 0.015 0.015 0.015 0.015 0.015 0.015 0.0136261 0.015 0.015 0.0135684 0.015 0.015 0.015 0.015 0.015 0.015 0.0135713 0.015 0.015 0.0135878 0.015 0.015 0.015 0.015 0.015 0.015 0.015 0.015 0.015 0.015 0.015 0.015 0.015 0.015 0.015 0.015 0.015 0.015 0.015 0.015 0.015 0.015 0.015 0.015 0.015 0.015 0.015 0.015 0.015 0.015 0.015 0.015 0.015 0.015 0.015 0.015 0.015 0.015 0.015 0.015 0.015 0.015 0.0136541 0.015 0.015 0.015 0.015 0.015 0.015 0.015 0.015 0.015 0.013566 0.015 0.015 0.015 0.015 0.015 0.015 0.015 0.015 0.015 0.0135852 0.015 0.015 0.015 0.0136505 0.015 0.015 0.0135879 0.015 0.015 0.015 0.015 0.015 0.015 0.0136236 0.015 0.015 0.0136144 0.015 0.015 0.015 0.015 0.015 0.015 0.0136034 0.015 0.015 0.0135984 0.015 0.015 0.015 0.015 0.015 0.015 0.015 0.015 0.015 0.015 0.015 0.015 0.015 0.015 0.015 0.015 0.015 0.015 0.015 0.015 0.015 0.015 0.015 0.015 0.015 0.015 0.015 0.015 0.015 0.015 0.015 0.015 0.015 0.015 0.015 0.015 0.015 0.015 0.015 0.015 0.015 0.015 0.0136147 0.015 0.015 0.015 0.015 0.015 0.015 0.015 0.015 0.015 0.0136514 0.015 0.015 0.015 0.015 0.015 0.015 0.015 0.015 0.015 0.0136411 0.015 0.015 0.015 0.015 0.015 0.015 0.015 0.015 0.015 0.0136191 0.015 0.015 0.015 0.015 0.015 0.015 0.015 0.015 0.015 0.0135718 0.015 0.015 0.015 0.015 0.015 0.015 0.015 0.015 0.015 0.013576 0.015 0.015 0.015 0.0136071 0.015 0.015 0.0136263 0.015 0.015 0.015 0.015 0.015 0.015 0.0136053 0.015 0.015 0.0136438 0.015 0.015 0.015 0.015 0.015 0.015 0.0136535 0.015 0.015 0.0136371 0.015 0.015 0.015 0.015 0.015 0.015 0.015 0.015 0.015 0.015 0.015 0.015 0.015 0.015 0.015 0.015 0.015 0.015 0.015 0.015 0.015 0.015 0.015 0.015 0.015 0.015 0.015 0.015 0.015 0.015 0.015 0.015 0.015 0.015 0.015 0.015 0.015 0.015 0.015 0.015 0.015 0.015 0.0136276 0.015 0.015 0.015 0.015 0.015 0.015 0.015 0.015 0.015 0.0135897 0.015 0.015 0.015 0.015 0.015 0.015 0.015 0.015 0.015 0.0135677 0.015 0.015 0.015 0.0135831 0.015 0.015 0.0136462 0.015 0.015 0.015 0.015 0.015 0.015 0.0135891 0.015 0.015 0.0136239 0.015 0.015 0.015 0.015 0.015 0.015 0.0136447 0.015 0.015 0.0135898 0.015 0.015 0.015 0.015 0.015 0.015 0.015 0.015 0.015 0.015 0.015 0.015 0.015 0.015 0.015 0.015 0.015 0.015 0.015 0.015 0.015 0.015 0.015 0.015 0.015 0.015 0.015 0.015 0.015 0.015 0.015 0.015 0.015 0.015 0.015 0.015 0.015 0.015 0.015 0.015 0.015 0.015 0.0135851 0.015 0.015 0.015 0.015 0.015 0.015 0.015 0.015 0.015 0.0136368 0.015 0.015 0.015 0.015 0.015 0.015 0.015 0.015 0.015 0.0136232 0.015 0.015 0.015 0.0135709 0.015 0.015 0.0135869 0.015 0.015 0.015 0.015 0.015 0.015 0.013615 0.015 0.015 0.0136361 0.015 0.015 0.015 0.015 0.015 0.015 0.013633 0.015 0.015 0.0135895 0.015 0.015 0.015 0.015 0.015 0.015 0.015 0.015 0.015 0.015 0.015 0.015 0.015 0.015 0.015 0.015 0.015 0.015 0.015 0.015 0.015 0.015 0.015 0.015 0.015 0.015 0.015 0.015 0.015 0.015 0.015 0.015 0.015 0.015 0.015 0.015 0.015 0.015 0.015 0.015 0.015 0.015 0.0136087 0.015 0.015 0.015 0.015 0.015 0.015 0.015 0.015 0.015 0.0136257 0.015 0.015 0.015 0.015 0.015 0.015 0.015 0.015 0.015 0.0136321 0.015 0.015 
</Matrix>
   <Matrix name="Tsim" type="complete" rows="1" columns="1" multiplier="1.0">
   100
</Matrix>
   <Matrix name="simulationEndTime" type="complete" rows="1" columns="1" multiplier="1.0">
   2000
</Matrix>
</SimState>
